

================================================================
== Vivado HLS Report for 'shuffle_96_p'
================================================================
* Date:           Fri Dec 21 18:31:56 2018

* Version:        2017.2 (Build 1909853 on Thu Jun 15 18:55:24 MDT 2017)
* Project:        acceleartor_hls_padding
* Solution:       try_single_function
* Product family: zynq
* Target device:  xc7z020clg484-1


================================================================
== Performance Estimates
================================================================
+ Timing (ns): 
    * Summary: 
    +--------+-------+----------+------------+
    |  Clock | Target| Estimated| Uncertainty|
    +--------+-------+----------+------------+
    |ap_clk  |  10.00|      8.04|        1.25|
    +--------+-------+----------+------------+

+ Latency (clock cycles): 
    * Summary: 
    +-------+-------+-------+-------+---------+
    |    Latency    |    Interval   | Pipeline|
    |  min  |  max  |  min  |  max  |   Type  |
    +-------+-------+-------+-------+---------+
    |  25345|  25345|  25345|  25345|   none  |
    +-------+-------+-------+-------+---------+

    + Detail: 
        * Instance: 
        N/A

        * Loop: 
        +-----------------+-------+-------+----------+-----------+-----------+------+----------+
        |                 |    Latency    | Iteration|  Initiation Interval  | Trip |          |
        |    Loop Name    |  min  |  max  |  Latency |  achieved |   target  | Count| Pipelined|
        +-----------------+-------+-------+----------+-----------+-----------+------+----------+
        |- Loop 1         |  25344|  25344|       132|          -|          -|   192|    no    |
        | + Loop 1.1      |    120|    120|        20|          -|          -|     6|    no    |
        |  ++ Loop 1.1.1  |     18|     18|         3|          -|          -|     6|    no    |
        +-----------------+-------+-------+----------+-----------+-----------+------+----------+

============================================================
+ Verbose Summary: Synthesis Manager
============================================================
InlineROM: 1
ExposeGlobal: 0
============================================================
+ Verbose Summary: CDFG Model
============================================================
IsTopModel: 0
ResetActiveHigh: 1
IsCombinational: 0
IsDatapathOnly: 0
HasWiredReturn: 1
HasMFsm: 0
HasVarLatency: 1
IsPipeline: 0
IsRtlPipelined: 0
IsInstanceOverlapped: 0
IsDontTouch: 0
HasImplIP: 0
IsGatedGlobalClock: 0


============================================================
+ Verbose Summary: Schedule
============================================================
* Number of FSM states: 17
* Pipeline: 0
* Dataflow Pipeline: 0

* FSM state transitions: 
1 --> 
	2  / true
2 --> 
	3  / (!exitcond5)
3 --> 
	4  / true
4 --> 
	5  / true
5 --> 
	6  / true
6 --> 
	7  / true
7 --> 
	8  / true
8 --> 
	9  / true
9 --> 
	10  / true
10 --> 
	11  / true
11 --> 
	12  / true
12 --> 
	13  / true
13 --> 
	14  / (!exitcond4)
	2  / (exitcond4)
14 --> 
	15  / (!exitcond & !tmp_2038)
	16  / (!exitcond & tmp_2038)
	13  / (exitcond)
15 --> 
	17  / true
16 --> 
	17  / true
17 --> 
	14  / true
* FSM state operations: 

 <State 1>: 1.59ns
ST_1: StgValue_18 (27)  [1/1] 1.59ns  loc: acceleartor_hls_padding/components.cpp:1231
:0  br label %.loopexit


 <State 2>: 3.29ns
ST_2: co (29)  [1/1] 0.00ns
.loopexit:0  %co = phi i8 [ 0, %0 ], [ %co_25, %.loopexit.loopexit ]

ST_2: tmp_2038 (30)  [1/1] 0.00ns  loc: acceleartor_hls_padding/components.cpp:1231
.loopexit:1  %tmp_2038 = trunc i8 %co to i1

ST_2: tmp_s (31)  [1/1] 0.00ns  loc: acceleartor_hls_padding/components.cpp:1231
.loopexit:2  %tmp_s = call i11 @_ssdm_op_BitConcatenate.i11.i8.i3(i8 %co, i3 0)

ST_2: p_shl_cast (32)  [1/1] 0.00ns  loc: acceleartor_hls_padding/components.cpp:1231
.loopexit:3  %p_shl_cast = zext i11 %tmp_s to i12

ST_2: tmp_490 (33)  [1/1] 0.00ns  loc: acceleartor_hls_padding/components.cpp:1231
.loopexit:4  %tmp_490 = call i9 @_ssdm_op_BitConcatenate.i9.i8.i1(i8 %co, i1 false)

ST_2: p_shl1_cast (34)  [1/1] 0.00ns  loc: acceleartor_hls_padding/components.cpp:1234
.loopexit:5  %p_shl1_cast = zext i9 %tmp_490 to i12

ST_2: tmp_491 (35)  [1/1] 2.33ns  loc: acceleartor_hls_padding/components.cpp:1234
.loopexit:6  %tmp_491 = sub i12 %p_shl_cast, %p_shl1_cast

ST_2: tmp_549_cast (36)  [1/1] 0.00ns  loc: acceleartor_hls_padding/components.cpp:1234
.loopexit:7  %tmp_549_cast = sext i12 %tmp_491 to i13

ST_2: exitcond5 (37)  [1/1] 2.91ns  loc: acceleartor_hls_padding/components.cpp:1231
.loopexit:8  %exitcond5 = icmp eq i8 %co, -64

ST_2: empty (38)  [1/1] 0.00ns
.loopexit:9  %empty = call i32 (...)* @_ssdm_op_SpecLoopTripCount(i64 192, i64 192, i64 192)

ST_2: co_25 (39)  [1/1] 2.32ns  loc: acceleartor_hls_padding/components.cpp:1231
.loopexit:10  %co_25 = add i8 1, %co

ST_2: StgValue_30 (40)  [1/1] 0.00ns  loc: acceleartor_hls_padding/components.cpp:1231
.loopexit:11  br i1 %exitcond5, label %5, label %.preheader6.preheader

ST_2: p_lshr_f_cast (42)  [1/1] 0.00ns  loc: acceleartor_hls_padding/components.cpp:1234
.preheader6.preheader:0  %p_lshr_f_cast = call i7 @_ssdm_op_PartSelect.i7.i8.i32.i32(i8 %co, i32 1, i32 7)

ST_2: arrayNo (49)  [11/11] 3.29ns  loc: acceleartor_hls_padding/components.cpp:1234
.preheader6.preheader:7  %arrayNo = urem i7 %p_lshr_f_cast, 24

ST_2: StgValue_33 (171)  [1/1] 0.00ns  loc: acceleartor_hls_padding/components.cpp:1239
:0  ret void


 <State 3>: 3.29ns
ST_3: arrayNo (49)  [10/11] 3.29ns  loc: acceleartor_hls_padding/components.cpp:1234
.preheader6.preheader:7  %arrayNo = urem i7 %p_lshr_f_cast, 24


 <State 4>: 3.29ns
ST_4: arrayNo (49)  [9/11] 3.29ns  loc: acceleartor_hls_padding/components.cpp:1234
.preheader6.preheader:7  %arrayNo = urem i7 %p_lshr_f_cast, 24


 <State 5>: 3.29ns
ST_5: arrayNo (49)  [8/11] 3.29ns  loc: acceleartor_hls_padding/components.cpp:1234
.preheader6.preheader:7  %arrayNo = urem i7 %p_lshr_f_cast, 24


 <State 6>: 3.29ns
ST_6: arrayNo (49)  [7/11] 3.29ns  loc: acceleartor_hls_padding/components.cpp:1234
.preheader6.preheader:7  %arrayNo = urem i7 %p_lshr_f_cast, 24


 <State 7>: 3.29ns
ST_7: arrayNo (49)  [6/11] 3.29ns  loc: acceleartor_hls_padding/components.cpp:1234
.preheader6.preheader:7  %arrayNo = urem i7 %p_lshr_f_cast, 24


 <State 8>: 3.29ns
ST_8: arrayNo (49)  [5/11] 3.29ns  loc: acceleartor_hls_padding/components.cpp:1234
.preheader6.preheader:7  %arrayNo = urem i7 %p_lshr_f_cast, 24


 <State 9>: 3.29ns
ST_9: arrayNo (49)  [4/11] 3.29ns  loc: acceleartor_hls_padding/components.cpp:1234
.preheader6.preheader:7  %arrayNo = urem i7 %p_lshr_f_cast, 24


 <State 10>: 3.29ns
ST_10: arrayNo (49)  [3/11] 3.29ns  loc: acceleartor_hls_padding/components.cpp:1234
.preheader6.preheader:7  %arrayNo = urem i7 %p_lshr_f_cast, 24


 <State 11>: 6.77ns
ST_11: arrayNo (49)  [2/11] 3.29ns  loc: acceleartor_hls_padding/components.cpp:1234
.preheader6.preheader:7  %arrayNo = urem i7 %p_lshr_f_cast, 24

ST_11: zext_cast (51)  [1/1] 0.00ns  loc: acceleartor_hls_padding/components.cpp:1234
.preheader6.preheader:9  %zext_cast = zext i7 %p_lshr_f_cast to i16

ST_11: mul (52)  [1/1] 6.77ns  loc: acceleartor_hls_padding/components.cpp:1234
.preheader6.preheader:10  %mul = mul i16 %zext_cast, 171

ST_11: tmp_2039 (53)  [1/1] 0.00ns  loc: acceleartor_hls_padding/components.cpp:1234
.preheader6.preheader:11  %tmp_2039 = call i4 @_ssdm_op_PartSelect.i4.i16.i32.i32(i16 %mul, i32 12, i32 15)


 <State 12>: 3.29ns
ST_12: tmp_492 (43)  [1/1] 0.00ns  loc: acceleartor_hls_padding/components.cpp:1234
.preheader6.preheader:1  %tmp_492 = call i10 @_ssdm_op_BitConcatenate.i10.i7.i3(i7 %p_lshr_f_cast, i3 0)

ST_12: p_shl4_cast (44)  [1/1] 0.00ns  loc: acceleartor_hls_padding/components.cpp:1234
.preheader6.preheader:2  %p_shl4_cast = zext i10 %tmp_492 to i11

ST_12: tmp_493 (45)  [1/1] 0.00ns  loc: acceleartor_hls_padding/components.cpp:1234
.preheader6.preheader:3  %tmp_493 = call i8 @_ssdm_op_BitConcatenate.i8.i7.i1(i7 %p_lshr_f_cast, i1 false)

ST_12: p_shl5_cast (46)  [1/1] 0.00ns  loc: acceleartor_hls_padding/components.cpp:1234
.preheader6.preheader:4  %p_shl5_cast = zext i8 %tmp_493 to i11

ST_12: tmp_494 (47)  [1/1] 2.32ns  loc: acceleartor_hls_padding/components.cpp:1234
.preheader6.preheader:5  %tmp_494 = sub i11 %p_shl4_cast, %p_shl5_cast

ST_12: tmp_554_cast (48)  [1/1] 0.00ns  loc: acceleartor_hls_padding/components.cpp:1234
.preheader6.preheader:6  %tmp_554_cast = sext i11 %tmp_494 to i12

ST_12: arrayNo (49)  [1/11] 3.29ns  loc: acceleartor_hls_padding/components.cpp:1234
.preheader6.preheader:7  %arrayNo = urem i7 %p_lshr_f_cast, 24

ST_12: arrayNo_cast (50)  [1/1] 0.00ns  loc: acceleartor_hls_padding/components.cpp:1234
.preheader6.preheader:8  %arrayNo_cast = zext i7 %arrayNo to i9

ST_12: tmp_2040 (54)  [1/1] 0.00ns  loc: acceleartor_hls_padding/components.cpp:1234
.preheader6.preheader:12  %tmp_2040 = call i7 @_ssdm_op_BitConcatenate.i7.i4.i3(i4 %tmp_2039, i3 0)

ST_12: tmp_495 (55)  [1/1] 0.00ns  loc: acceleartor_hls_padding/components.cpp:1234
.preheader6.preheader:13  %tmp_495 = sext i7 %tmp_2040 to i10

ST_12: p_shl2_cast (56)  [1/1] 0.00ns  loc: acceleartor_hls_padding/components.cpp:1234
.preheader6.preheader:14  %p_shl2_cast = zext i10 %tmp_495 to i11

ST_12: tmp_2041 (57)  [1/1] 0.00ns  loc: acceleartor_hls_padding/components.cpp:1234
.preheader6.preheader:15  %tmp_2041 = call i5 @_ssdm_op_BitConcatenate.i5.i4.i1(i4 %tmp_2039, i1 false)

ST_12: tmp_496 (58)  [1/1] 0.00ns  loc: acceleartor_hls_padding/components.cpp:1234
.preheader6.preheader:16  %tmp_496 = sext i5 %tmp_2041 to i8

ST_12: p_shl3_cast (59)  [1/1] 0.00ns  loc: acceleartor_hls_padding/components.cpp:1234
.preheader6.preheader:17  %p_shl3_cast = zext i8 %tmp_496 to i11

ST_12: tmp_497 (60)  [1/1] 2.32ns  loc: acceleartor_hls_padding/components.cpp:1234
.preheader6.preheader:18  %tmp_497 = sub i11 %p_shl2_cast, %p_shl3_cast

ST_12: tmp_559_cast (61)  [1/1] 0.00ns  loc: acceleartor_hls_padding/components.cpp:1234
.preheader6.preheader:19  %tmp_559_cast = sext i11 %tmp_497 to i12

ST_12: StgValue_62 (62)  [1/1] 1.59ns  loc: acceleartor_hls_padding/components.cpp:1232
.preheader6.preheader:20  br label %.preheader6


 <State 13>: 4.67ns
ST_13: h (64)  [1/1] 0.00ns
.preheader6:0  %h = phi i3 [ 0, %.preheader6.preheader ], [ %h_25, %.preheader6.loopexit ]

ST_13: h_cast2_cast1 (65)  [1/1] 0.00ns  loc: acceleartor_hls_padding/components.cpp:1234
.preheader6:1  %h_cast2_cast1 = zext i3 %h to i13

ST_13: h_cast2_cast (66)  [1/1] 0.00ns  loc: acceleartor_hls_padding/components.cpp:1234
.preheader6:2  %h_cast2_cast = zext i3 %h to i12

ST_13: tmp_498 (67)  [1/1] 2.33ns  loc: acceleartor_hls_padding/components.cpp:1234
.preheader6:3  %tmp_498 = add i12 %h_cast2_cast, %tmp_554_cast

ST_13: tmp_2042 (68)  [1/1] 0.00ns  loc: acceleartor_hls_padding/components.cpp:1234
.preheader6:4  %tmp_2042 = trunc i12 %tmp_498 to i10

ST_13: p_shl10_cast (69)  [1/1] 0.00ns  loc: acceleartor_hls_padding/components.cpp:1234
.preheader6:5  %p_shl10_cast = call i13 @_ssdm_op_BitConcatenate.i13.i10.i3(i10 %tmp_2042, i3 0)

ST_13: p_shl11_cast (70)  [1/1] 0.00ns  loc: acceleartor_hls_padding/components.cpp:1234
.preheader6:6  %p_shl11_cast = call i13 @_ssdm_op_BitConcatenate.i13.i12.i1(i12 %tmp_498, i1 false)

ST_13: tmp_499 (71)  [1/1] 2.34ns  loc: acceleartor_hls_padding/components.cpp:1234
.preheader6:7  %tmp_499 = sub i13 %p_shl10_cast, %p_shl11_cast

ST_13: tmp_500 (72)  [1/1] 2.33ns  loc: acceleartor_hls_padding/components.cpp:1234
.preheader6:8  %tmp_500 = add i13 %h_cast2_cast1, %tmp_549_cast

ST_13: tmp_2043 (73)  [1/1] 0.00ns  loc: acceleartor_hls_padding/components.cpp:1234
.preheader6:9  %tmp_2043 = trunc i13 %tmp_500 to i11

ST_13: p_shl8_cast (74)  [1/1] 0.00ns  loc: acceleartor_hls_padding/components.cpp:1234
.preheader6:10  %p_shl8_cast = call i14 @_ssdm_op_BitConcatenate.i14.i11.i3(i11 %tmp_2043, i3 0)

ST_13: p_shl9_cast (75)  [1/1] 0.00ns  loc: acceleartor_hls_padding/components.cpp:1234
.preheader6:11  %p_shl9_cast = call i14 @_ssdm_op_BitConcatenate.i14.i13.i1(i13 %tmp_500, i1 false)

ST_13: tmp_501 (76)  [1/1] 2.34ns  loc: acceleartor_hls_padding/components.cpp:1234
.preheader6:12  %tmp_501 = sub i14 %p_shl8_cast, %p_shl9_cast

ST_13: tmp_502 (77)  [1/1] 2.33ns  loc: acceleartor_hls_padding/components.cpp:1234
.preheader6:13  %tmp_502 = add i12 %h_cast2_cast, %tmp_559_cast

ST_13: tmp_2044 (78)  [1/1] 0.00ns  loc: acceleartor_hls_padding/components.cpp:1234
.preheader6:14  %tmp_2044 = trunc i12 %tmp_502 to i6

ST_13: p_shl6_cast (79)  [1/1] 0.00ns  loc: acceleartor_hls_padding/components.cpp:1234
.preheader6:15  %p_shl6_cast = call i9 @_ssdm_op_BitConcatenate.i9.i6.i3(i6 %tmp_2044, i3 0)

ST_13: tmp_2045 (80)  [1/1] 0.00ns  loc: acceleartor_hls_padding/components.cpp:1234
.preheader6:16  %tmp_2045 = trunc i12 %tmp_502 to i8

ST_13: p_shl7_cast (81)  [1/1] 0.00ns  loc: acceleartor_hls_padding/components.cpp:1234
.preheader6:17  %p_shl7_cast = call i9 @_ssdm_op_BitConcatenate.i9.i8.i1(i8 %tmp_2045, i1 false)

ST_13: tmp_503 (82)  [1/1] 2.32ns  loc: acceleartor_hls_padding/components.cpp:1234
.preheader6:18  %tmp_503 = sub i9 %p_shl6_cast, %p_shl7_cast

ST_13: exitcond4 (83)  [1/1] 2.07ns  loc: acceleartor_hls_padding/components.cpp:1232
.preheader6:19  %exitcond4 = icmp eq i3 %h, -2

ST_13: empty_460 (84)  [1/1] 0.00ns
.preheader6:20  %empty_460 = call i32 (...)* @_ssdm_op_SpecLoopTripCount(i64 6, i64 6, i64 6)

ST_13: h_25 (85)  [1/1] 2.26ns  loc: acceleartor_hls_padding/components.cpp:1232
.preheader6:21  %h_25 = add i3 1, %h

ST_13: StgValue_85 (86)  [1/1] 0.00ns  loc: acceleartor_hls_padding/components.cpp:1232
.preheader6:22  br i1 %exitcond4, label %.loopexit.loopexit, label %.preheader.preheader

ST_13: StgValue_86 (88)  [1/1] 1.59ns  loc: acceleartor_hls_padding/components.cpp:1234
.preheader.preheader:0  br label %.preheader

ST_13: StgValue_87 (169)  [1/1] 0.00ns
.loopexit.loopexit:0  br label %.loopexit


 <State 14>: 5.59ns
ST_14: w (90)  [1/1] 0.00ns
.preheader:0  %w = phi i3 [ %w_35, %4 ], [ 0, %.preheader.preheader ]

ST_14: w_cast1_cast1 (91)  [1/1] 0.00ns  loc: acceleartor_hls_padding/components.cpp:1234
.preheader:1  %w_cast1_cast1 = zext i3 %w to i9

ST_14: w_cast1_cast2 (92)  [1/1] 0.00ns  loc: acceleartor_hls_padding/components.cpp:1234
.preheader:2  %w_cast1_cast2 = zext i3 %w to i14

ST_14: w_cast1_cast (93)  [1/1] 0.00ns  loc: acceleartor_hls_padding/components.cpp:1234
.preheader:3  %w_cast1_cast = zext i3 %w to i13

ST_14: tmp_504 (94)  [1/1] 2.34ns  loc: acceleartor_hls_padding/components.cpp:1234
.preheader:4  %tmp_504 = add i13 %tmp_499, %w_cast1_cast

ST_14: tmp_572_cast (95)  [1/1] 0.00ns  loc: acceleartor_hls_padding/components.cpp:1234
.preheader:5  %tmp_572_cast = zext i13 %tmp_504 to i32

ST_14: left_V_addr (96)  [1/1] 0.00ns  loc: acceleartor_hls_padding/components.cpp:1234
.preheader:6  %left_V_addr = getelementptr [3456 x i8]* %left_V, i32 0, i32 %tmp_572_cast

ST_14: tmp_505 (97)  [1/1] 2.34ns  loc: acceleartor_hls_padding/components.cpp:1234
.preheader:7  %tmp_505 = add i14 %tmp_501, %w_cast1_cast2

ST_14: tmp_573_cast (98)  [1/1] 0.00ns  loc: acceleartor_hls_padding/components.cpp:1234
.preheader:8  %tmp_573_cast = zext i14 %tmp_505 to i32

ST_14: output_V_addr (99)  [1/1] 0.00ns  loc: acceleartor_hls_padding/components.cpp:1234
.preheader:9  %output_V_addr = getelementptr [6912 x i8]* %output_V, i32 0, i32 %tmp_573_cast

ST_14: tmp_506 (100)  [1/1] 2.32ns  loc: acceleartor_hls_padding/components.cpp:1234
.preheader:10  %tmp_506 = add i9 %tmp_503, %w_cast1_cast1

ST_14: tmp_574_cast (101)  [1/1] 0.00ns  loc: acceleartor_hls_padding/components.cpp:1234
.preheader:11  %tmp_574_cast = zext i9 %tmp_506 to i32

ST_14: buffer1_1_96_4x4_p_V (102)  [1/1] 0.00ns  loc: acceleartor_hls_padding/components.cpp:1234
.preheader:12  %buffer1_1_96_4x4_p_V = getelementptr [144 x i8]* @buffer1_1_96_4x4_p_V_2, i32 0, i32 %tmp_574_cast

ST_14: buffer1_1_96_4x4_p_V_358 (103)  [1/1] 0.00ns  loc: acceleartor_hls_padding/components.cpp:1234
.preheader:13  %buffer1_1_96_4x4_p_V_358 = getelementptr [144 x i8]* @buffer1_1_96_4x4_p_V_8, i32 0, i32 %tmp_574_cast

ST_14: buffer1_1_96_4x4_p_V_359 (104)  [1/1] 0.00ns  loc: acceleartor_hls_padding/components.cpp:1234
.preheader:14  %buffer1_1_96_4x4_p_V_359 = getelementptr [144 x i8]* @buffer1_1_96_4x4_p_V_3, i32 0, i32 %tmp_574_cast

ST_14: buffer1_1_96_4x4_p_V_360 (105)  [1/1] 0.00ns  loc: acceleartor_hls_padding/components.cpp:1234
.preheader:15  %buffer1_1_96_4x4_p_V_360 = getelementptr [144 x i8]* @buffer1_1_96_4x4_p_V_1, i32 0, i32 %tmp_574_cast

ST_14: buffer1_1_96_4x4_p_V_361 (106)  [1/1] 0.00ns  loc: acceleartor_hls_padding/components.cpp:1234
.preheader:16  %buffer1_1_96_4x4_p_V_361 = getelementptr [144 x i8]* @buffer1_1_96_4x4_p_V_5, i32 0, i32 %tmp_574_cast

ST_14: buffer1_1_96_4x4_p_V_362 (107)  [1/1] 0.00ns  loc: acceleartor_hls_padding/components.cpp:1234
.preheader:17  %buffer1_1_96_4x4_p_V_362 = getelementptr [144 x i8]* @buffer1_1_96_4x4_p_V_20, i32 0, i32 %tmp_574_cast

ST_14: buffer1_1_96_4x4_p_V_363 (108)  [1/1] 0.00ns  loc: acceleartor_hls_padding/components.cpp:1234
.preheader:18  %buffer1_1_96_4x4_p_V_363 = getelementptr [144 x i8]* @buffer1_1_96_4x4_p_V_16, i32 0, i32 %tmp_574_cast

ST_14: buffer1_1_96_4x4_p_V_364 (109)  [1/1] 0.00ns  loc: acceleartor_hls_padding/components.cpp:1234
.preheader:19  %buffer1_1_96_4x4_p_V_364 = getelementptr [144 x i8]* @buffer1_1_96_4x4_p_V_6, i32 0, i32 %tmp_574_cast

ST_14: buffer1_1_96_4x4_p_V_365 (110)  [1/1] 0.00ns  loc: acceleartor_hls_padding/components.cpp:1234
.preheader:20  %buffer1_1_96_4x4_p_V_365 = getelementptr [144 x i8]* @buffer1_1_96_4x4_p_V_13, i32 0, i32 %tmp_574_cast

ST_14: buffer1_1_96_4x4_p_V_366 (111)  [1/1] 0.00ns  loc: acceleartor_hls_padding/components.cpp:1234
.preheader:21  %buffer1_1_96_4x4_p_V_366 = getelementptr [144 x i8]* @buffer1_1_96_4x4_p_V_9, i32 0, i32 %tmp_574_cast

ST_14: buffer1_1_96_4x4_p_V_367 (112)  [1/1] 0.00ns  loc: acceleartor_hls_padding/components.cpp:1234
.preheader:22  %buffer1_1_96_4x4_p_V_367 = getelementptr [144 x i8]* @buffer1_1_96_4x4_p_V_4, i32 0, i32 %tmp_574_cast

ST_14: buffer1_1_96_4x4_p_V_368 (113)  [1/1] 0.00ns  loc: acceleartor_hls_padding/components.cpp:1234
.preheader:23  %buffer1_1_96_4x4_p_V_368 = getelementptr [144 x i8]* @buffer1_1_96_4x4_p_V_10, i32 0, i32 %tmp_574_cast

ST_14: buffer1_1_96_4x4_p_V_369 (114)  [1/1] 0.00ns  loc: acceleartor_hls_padding/components.cpp:1234
.preheader:24  %buffer1_1_96_4x4_p_V_369 = getelementptr [144 x i8]* @buffer1_1_96_4x4_p_V_14, i32 0, i32 %tmp_574_cast

ST_14: buffer1_1_96_4x4_p_V_370 (115)  [1/1] 0.00ns  loc: acceleartor_hls_padding/components.cpp:1234
.preheader:25  %buffer1_1_96_4x4_p_V_370 = getelementptr [144 x i8]* @buffer1_1_96_4x4_p_V_17, i32 0, i32 %tmp_574_cast

ST_14: buffer1_1_96_4x4_p_V_371 (116)  [1/1] 0.00ns  loc: acceleartor_hls_padding/components.cpp:1234
.preheader:26  %buffer1_1_96_4x4_p_V_371 = getelementptr [144 x i8]* @buffer1_1_96_4x4_p_V_11, i32 0, i32 %tmp_574_cast

ST_14: buffer1_1_96_4x4_p_V_372 (117)  [1/1] 0.00ns  loc: acceleartor_hls_padding/components.cpp:1234
.preheader:27  %buffer1_1_96_4x4_p_V_372 = getelementptr [144 x i8]* @buffer1_1_96_4x4_p_V_12, i32 0, i32 %tmp_574_cast

ST_14: buffer1_1_96_4x4_p_V_373 (118)  [1/1] 0.00ns  loc: acceleartor_hls_padding/components.cpp:1234
.preheader:28  %buffer1_1_96_4x4_p_V_373 = getelementptr [144 x i8]* @buffer1_1_96_4x4_p_V_7, i32 0, i32 %tmp_574_cast

ST_14: buffer1_1_96_4x4_p_V_374 (119)  [1/1] 0.00ns  loc: acceleartor_hls_padding/components.cpp:1234
.preheader:29  %buffer1_1_96_4x4_p_V_374 = getelementptr [144 x i8]* @buffer1_1_96_4x4_p_V_23, i32 0, i32 %tmp_574_cast

ST_14: buffer1_1_96_4x4_p_V_375 (120)  [1/1] 0.00ns  loc: acceleartor_hls_padding/components.cpp:1234
.preheader:30  %buffer1_1_96_4x4_p_V_375 = getelementptr [144 x i8]* @buffer1_1_96_4x4_p_V_21, i32 0, i32 %tmp_574_cast

ST_14: buffer1_1_96_4x4_p_V_376 (121)  [1/1] 0.00ns  loc: acceleartor_hls_padding/components.cpp:1234
.preheader:31  %buffer1_1_96_4x4_p_V_376 = getelementptr [144 x i8]* @buffer1_1_96_4x4_p_V_22, i32 0, i32 %tmp_574_cast

ST_14: buffer1_1_96_4x4_p_V_377 (122)  [1/1] 0.00ns  loc: acceleartor_hls_padding/components.cpp:1234
.preheader:32  %buffer1_1_96_4x4_p_V_377 = getelementptr [144 x i8]* @buffer1_1_96_4x4_p_V_15, i32 0, i32 %tmp_574_cast

ST_14: buffer1_1_96_4x4_p_V_378 (123)  [1/1] 0.00ns  loc: acceleartor_hls_padding/components.cpp:1234
.preheader:33  %buffer1_1_96_4x4_p_V_378 = getelementptr [144 x i8]* @buffer1_1_96_4x4_p_V_18, i32 0, i32 %tmp_574_cast

ST_14: buffer1_1_96_4x4_p_V_379 (124)  [1/1] 0.00ns  loc: acceleartor_hls_padding/components.cpp:1234
.preheader:34  %buffer1_1_96_4x4_p_V_379 = getelementptr [144 x i8]* @buffer1_1_96_4x4_p_V_19, i32 0, i32 %tmp_574_cast

ST_14: buffer1_1_96_4x4_p_V_380 (125)  [1/1] 0.00ns  loc: acceleartor_hls_padding/components.cpp:1234
.preheader:35  %buffer1_1_96_4x4_p_V_380 = getelementptr [144 x i8]* @buffer1_1_96_4x4_p_V_24, i32 0, i32 %tmp_574_cast

ST_14: exitcond (126)  [1/1] 2.07ns  loc: acceleartor_hls_padding/components.cpp:1233
.preheader:36  %exitcond = icmp eq i3 %w, -2

ST_14: empty_461 (127)  [1/1] 0.00ns
.preheader:37  %empty_461 = call i32 (...)* @_ssdm_op_SpecLoopTripCount(i64 6, i64 6, i64 6)

ST_14: w_35 (128)  [1/1] 2.26ns  loc: acceleartor_hls_padding/components.cpp:1233
.preheader:38  %w_35 = add i3 %w, 1

ST_14: StgValue_127 (129)  [1/1] 0.00ns  loc: acceleartor_hls_padding/components.cpp:1233
.preheader:39  br i1 %exitcond, label %.preheader6.loopexit, label %1

ST_14: StgValue_128 (131)  [1/1] 0.00ns  loc: acceleartor_hls_padding/components.cpp:1234
:0  br i1 %tmp_2038, label %3, label %2

ST_14: left_V_load (133)  [2/2] 3.25ns  loc: acceleartor_hls_padding/components.cpp:1234
:0  %left_V_load = load i8* %left_V_addr, align 1

ST_14: buffer1_1_96_4x4_p_V_381 (136)  [2/2] 3.25ns  loc: acceleartor_hls_padding/components.cpp:1234
:0  %buffer1_1_96_4x4_p_V_381 = load i8* %buffer1_1_96_4x4_p_V_380, align 1

ST_14: buffer1_1_96_4x4_p_V_382 (137)  [2/2] 3.25ns  loc: acceleartor_hls_padding/components.cpp:1234
:1  %buffer1_1_96_4x4_p_V_382 = load i8* %buffer1_1_96_4x4_p_V_360, align 1

ST_14: buffer1_1_96_4x4_p_V_383 (138)  [2/2] 3.25ns  loc: acceleartor_hls_padding/components.cpp:1234
:2  %buffer1_1_96_4x4_p_V_383 = load i8* %buffer1_1_96_4x4_p_V, align 1

ST_14: buffer1_1_96_4x4_p_V_384 (139)  [2/2] 3.25ns  loc: acceleartor_hls_padding/components.cpp:1234
:3  %buffer1_1_96_4x4_p_V_384 = load i8* %buffer1_1_96_4x4_p_V_359, align 1

ST_14: buffer1_1_96_4x4_p_V_385 (140)  [2/2] 3.25ns  loc: acceleartor_hls_padding/components.cpp:1234
:4  %buffer1_1_96_4x4_p_V_385 = load i8* %buffer1_1_96_4x4_p_V_367, align 1

ST_14: buffer1_1_96_4x4_p_V_386 (141)  [2/2] 3.25ns  loc: acceleartor_hls_padding/components.cpp:1234
:5  %buffer1_1_96_4x4_p_V_386 = load i8* %buffer1_1_96_4x4_p_V_361, align 1

ST_14: buffer1_1_96_4x4_p_V_387 (142)  [2/2] 3.25ns  loc: acceleartor_hls_padding/components.cpp:1234
:6  %buffer1_1_96_4x4_p_V_387 = load i8* %buffer1_1_96_4x4_p_V_364, align 1

ST_14: buffer1_1_96_4x4_p_V_388 (143)  [2/2] 3.25ns  loc: acceleartor_hls_padding/components.cpp:1234
:7  %buffer1_1_96_4x4_p_V_388 = load i8* %buffer1_1_96_4x4_p_V_373, align 1

ST_14: buffer1_1_96_4x4_p_V_389 (144)  [2/2] 3.25ns  loc: acceleartor_hls_padding/components.cpp:1234
:8  %buffer1_1_96_4x4_p_V_389 = load i8* %buffer1_1_96_4x4_p_V_358, align 1

ST_14: buffer1_1_96_4x4_p_V_390 (145)  [2/2] 3.25ns  loc: acceleartor_hls_padding/components.cpp:1234
:9  %buffer1_1_96_4x4_p_V_390 = load i8* %buffer1_1_96_4x4_p_V_366, align 1

ST_14: buffer1_1_96_4x4_p_V_391 (146)  [2/2] 3.25ns  loc: acceleartor_hls_padding/components.cpp:1234
:10  %buffer1_1_96_4x4_p_V_391 = load i8* %buffer1_1_96_4x4_p_V_368, align 1

ST_14: buffer1_1_96_4x4_p_V_392 (147)  [2/2] 3.25ns  loc: acceleartor_hls_padding/components.cpp:1234
:11  %buffer1_1_96_4x4_p_V_392 = load i8* %buffer1_1_96_4x4_p_V_371, align 1

ST_14: buffer1_1_96_4x4_p_V_393 (148)  [2/2] 3.25ns  loc: acceleartor_hls_padding/components.cpp:1234
:12  %buffer1_1_96_4x4_p_V_393 = load i8* %buffer1_1_96_4x4_p_V_372, align 1

ST_14: buffer1_1_96_4x4_p_V_394 (149)  [2/2] 3.25ns  loc: acceleartor_hls_padding/components.cpp:1234
:13  %buffer1_1_96_4x4_p_V_394 = load i8* %buffer1_1_96_4x4_p_V_365, align 1

ST_14: buffer1_1_96_4x4_p_V_395 (150)  [2/2] 3.25ns  loc: acceleartor_hls_padding/components.cpp:1234
:14  %buffer1_1_96_4x4_p_V_395 = load i8* %buffer1_1_96_4x4_p_V_369, align 1

ST_14: buffer1_1_96_4x4_p_V_396 (151)  [2/2] 3.25ns  loc: acceleartor_hls_padding/components.cpp:1234
:15  %buffer1_1_96_4x4_p_V_396 = load i8* %buffer1_1_96_4x4_p_V_377, align 1

ST_14: buffer1_1_96_4x4_p_V_397 (152)  [2/2] 3.25ns  loc: acceleartor_hls_padding/components.cpp:1234
:16  %buffer1_1_96_4x4_p_V_397 = load i8* %buffer1_1_96_4x4_p_V_363, align 1

ST_14: buffer1_1_96_4x4_p_V_398 (153)  [2/2] 3.25ns  loc: acceleartor_hls_padding/components.cpp:1234
:17  %buffer1_1_96_4x4_p_V_398 = load i8* %buffer1_1_96_4x4_p_V_370, align 1

ST_14: buffer1_1_96_4x4_p_V_399 (154)  [2/2] 3.25ns  loc: acceleartor_hls_padding/components.cpp:1234
:18  %buffer1_1_96_4x4_p_V_399 = load i8* %buffer1_1_96_4x4_p_V_378, align 1

ST_14: buffer1_1_96_4x4_p_V_400 (155)  [2/2] 3.25ns  loc: acceleartor_hls_padding/components.cpp:1234
:19  %buffer1_1_96_4x4_p_V_400 = load i8* %buffer1_1_96_4x4_p_V_379, align 1

ST_14: buffer1_1_96_4x4_p_V_401 (156)  [2/2] 3.25ns  loc: acceleartor_hls_padding/components.cpp:1234
:20  %buffer1_1_96_4x4_p_V_401 = load i8* %buffer1_1_96_4x4_p_V_362, align 1

ST_14: buffer1_1_96_4x4_p_V_402 (157)  [2/2] 3.25ns  loc: acceleartor_hls_padding/components.cpp:1234
:21  %buffer1_1_96_4x4_p_V_402 = load i8* %buffer1_1_96_4x4_p_V_375, align 1

ST_14: buffer1_1_96_4x4_p_V_403 (158)  [2/2] 3.25ns  loc: acceleartor_hls_padding/components.cpp:1234
:22  %buffer1_1_96_4x4_p_V_403 = load i8* %buffer1_1_96_4x4_p_V_376, align 1

ST_14: buffer1_1_96_4x4_p_V_404 (159)  [2/2] 3.25ns  loc: acceleartor_hls_padding/components.cpp:1234
:23  %buffer1_1_96_4x4_p_V_404 = load i8* %buffer1_1_96_4x4_p_V_374, align 1

ST_14: StgValue_154 (167)  [1/1] 0.00ns
.preheader6.loopexit:0  br label %.preheader6


 <State 15>: 4.84ns
ST_15: left_V_load (133)  [1/2] 3.25ns  loc: acceleartor_hls_padding/components.cpp:1234
:0  %left_V_load = load i8* %left_V_addr, align 1

ST_15: StgValue_156 (134)  [1/1] 1.59ns  loc: acceleartor_hls_padding/components.cpp:1234
:1  br label %4


 <State 16>: 8.04ns
ST_16: buffer1_1_96_4x4_p_V_381 (136)  [1/2] 3.25ns  loc: acceleartor_hls_padding/components.cpp:1234
:0  %buffer1_1_96_4x4_p_V_381 = load i8* %buffer1_1_96_4x4_p_V_380, align 1

ST_16: buffer1_1_96_4x4_p_V_382 (137)  [1/2] 3.25ns  loc: acceleartor_hls_padding/components.cpp:1234
:1  %buffer1_1_96_4x4_p_V_382 = load i8* %buffer1_1_96_4x4_p_V_360, align 1

ST_16: buffer1_1_96_4x4_p_V_383 (138)  [1/2] 3.25ns  loc: acceleartor_hls_padding/components.cpp:1234
:2  %buffer1_1_96_4x4_p_V_383 = load i8* %buffer1_1_96_4x4_p_V, align 1

ST_16: buffer1_1_96_4x4_p_V_384 (139)  [1/2] 3.25ns  loc: acceleartor_hls_padding/components.cpp:1234
:3  %buffer1_1_96_4x4_p_V_384 = load i8* %buffer1_1_96_4x4_p_V_359, align 1

ST_16: buffer1_1_96_4x4_p_V_385 (140)  [1/2] 3.25ns  loc: acceleartor_hls_padding/components.cpp:1234
:4  %buffer1_1_96_4x4_p_V_385 = load i8* %buffer1_1_96_4x4_p_V_367, align 1

ST_16: buffer1_1_96_4x4_p_V_386 (141)  [1/2] 3.25ns  loc: acceleartor_hls_padding/components.cpp:1234
:5  %buffer1_1_96_4x4_p_V_386 = load i8* %buffer1_1_96_4x4_p_V_361, align 1

ST_16: buffer1_1_96_4x4_p_V_387 (142)  [1/2] 3.25ns  loc: acceleartor_hls_padding/components.cpp:1234
:6  %buffer1_1_96_4x4_p_V_387 = load i8* %buffer1_1_96_4x4_p_V_364, align 1

ST_16: buffer1_1_96_4x4_p_V_388 (143)  [1/2] 3.25ns  loc: acceleartor_hls_padding/components.cpp:1234
:7  %buffer1_1_96_4x4_p_V_388 = load i8* %buffer1_1_96_4x4_p_V_373, align 1

ST_16: buffer1_1_96_4x4_p_V_389 (144)  [1/2] 3.25ns  loc: acceleartor_hls_padding/components.cpp:1234
:8  %buffer1_1_96_4x4_p_V_389 = load i8* %buffer1_1_96_4x4_p_V_358, align 1

ST_16: buffer1_1_96_4x4_p_V_390 (145)  [1/2] 3.25ns  loc: acceleartor_hls_padding/components.cpp:1234
:9  %buffer1_1_96_4x4_p_V_390 = load i8* %buffer1_1_96_4x4_p_V_366, align 1

ST_16: buffer1_1_96_4x4_p_V_391 (146)  [1/2] 3.25ns  loc: acceleartor_hls_padding/components.cpp:1234
:10  %buffer1_1_96_4x4_p_V_391 = load i8* %buffer1_1_96_4x4_p_V_368, align 1

ST_16: buffer1_1_96_4x4_p_V_392 (147)  [1/2] 3.25ns  loc: acceleartor_hls_padding/components.cpp:1234
:11  %buffer1_1_96_4x4_p_V_392 = load i8* %buffer1_1_96_4x4_p_V_371, align 1

ST_16: buffer1_1_96_4x4_p_V_393 (148)  [1/2] 3.25ns  loc: acceleartor_hls_padding/components.cpp:1234
:12  %buffer1_1_96_4x4_p_V_393 = load i8* %buffer1_1_96_4x4_p_V_372, align 1

ST_16: buffer1_1_96_4x4_p_V_394 (149)  [1/2] 3.25ns  loc: acceleartor_hls_padding/components.cpp:1234
:13  %buffer1_1_96_4x4_p_V_394 = load i8* %buffer1_1_96_4x4_p_V_365, align 1

ST_16: buffer1_1_96_4x4_p_V_395 (150)  [1/2] 3.25ns  loc: acceleartor_hls_padding/components.cpp:1234
:14  %buffer1_1_96_4x4_p_V_395 = load i8* %buffer1_1_96_4x4_p_V_369, align 1

ST_16: buffer1_1_96_4x4_p_V_396 (151)  [1/2] 3.25ns  loc: acceleartor_hls_padding/components.cpp:1234
:15  %buffer1_1_96_4x4_p_V_396 = load i8* %buffer1_1_96_4x4_p_V_377, align 1

ST_16: buffer1_1_96_4x4_p_V_397 (152)  [1/2] 3.25ns  loc: acceleartor_hls_padding/components.cpp:1234
:16  %buffer1_1_96_4x4_p_V_397 = load i8* %buffer1_1_96_4x4_p_V_363, align 1

ST_16: buffer1_1_96_4x4_p_V_398 (153)  [1/2] 3.25ns  loc: acceleartor_hls_padding/components.cpp:1234
:17  %buffer1_1_96_4x4_p_V_398 = load i8* %buffer1_1_96_4x4_p_V_370, align 1

ST_16: buffer1_1_96_4x4_p_V_399 (154)  [1/2] 3.25ns  loc: acceleartor_hls_padding/components.cpp:1234
:18  %buffer1_1_96_4x4_p_V_399 = load i8* %buffer1_1_96_4x4_p_V_378, align 1

ST_16: buffer1_1_96_4x4_p_V_400 (155)  [1/2] 3.25ns  loc: acceleartor_hls_padding/components.cpp:1234
:19  %buffer1_1_96_4x4_p_V_400 = load i8* %buffer1_1_96_4x4_p_V_379, align 1

ST_16: buffer1_1_96_4x4_p_V_401 (156)  [1/2] 3.25ns  loc: acceleartor_hls_padding/components.cpp:1234
:20  %buffer1_1_96_4x4_p_V_401 = load i8* %buffer1_1_96_4x4_p_V_362, align 1

ST_16: buffer1_1_96_4x4_p_V_402 (157)  [1/2] 3.25ns  loc: acceleartor_hls_padding/components.cpp:1234
:21  %buffer1_1_96_4x4_p_V_402 = load i8* %buffer1_1_96_4x4_p_V_375, align 1

ST_16: buffer1_1_96_4x4_p_V_403 (158)  [1/2] 3.25ns  loc: acceleartor_hls_padding/components.cpp:1234
:22  %buffer1_1_96_4x4_p_V_403 = load i8* %buffer1_1_96_4x4_p_V_376, align 1

ST_16: buffer1_1_96_4x4_p_V_404 (159)  [1/2] 3.25ns  loc: acceleartor_hls_padding/components.cpp:1234
:23  %buffer1_1_96_4x4_p_V_404 = load i8* %buffer1_1_96_4x4_p_V_374, align 1

ST_16: tmp (160)  [1/1] 3.20ns  loc: acceleartor_hls_padding/components.cpp:1234
:24  %tmp = call i8 @_ssdm_op_Mux.ap_auto.24i8.i9(i8 %buffer1_1_96_4x4_p_V_381, i8 %buffer1_1_96_4x4_p_V_382, i8 %buffer1_1_96_4x4_p_V_383, i8 %buffer1_1_96_4x4_p_V_384, i8 %buffer1_1_96_4x4_p_V_385, i8 %buffer1_1_96_4x4_p_V_386, i8 %buffer1_1_96_4x4_p_V_387, i8 %buffer1_1_96_4x4_p_V_388, i8 %buffer1_1_96_4x4_p_V_389, i8 %buffer1_1_96_4x4_p_V_390, i8 %buffer1_1_96_4x4_p_V_391, i8 %buffer1_1_96_4x4_p_V_392, i8 %buffer1_1_96_4x4_p_V_393, i8 %buffer1_1_96_4x4_p_V_394, i8 %buffer1_1_96_4x4_p_V_395, i8 %buffer1_1_96_4x4_p_V_396, i8 %buffer1_1_96_4x4_p_V_397, i8 %buffer1_1_96_4x4_p_V_398, i8 %buffer1_1_96_4x4_p_V_399, i8 %buffer1_1_96_4x4_p_V_400, i8 %buffer1_1_96_4x4_p_V_401, i8 %buffer1_1_96_4x4_p_V_402, i8 %buffer1_1_96_4x4_p_V_403, i8 %buffer1_1_96_4x4_p_V_404, i9 %arrayNo_cast)

ST_16: StgValue_182 (161)  [1/1] 1.59ns
:25  br label %4


 <State 17>: 3.25ns
ST_17: storemerge (163)  [1/1] 0.00ns  loc: acceleartor_hls_padding/components.cpp:1234
:0  %storemerge = phi i8 [ %left_V_load, %2 ], [ %tmp, %3 ]

ST_17: StgValue_184 (164)  [1/1] 3.25ns  loc: acceleartor_hls_padding/components.cpp:1235
:1  store i8 %storemerge, i8* %output_V_addr, align 1

ST_17: StgValue_185 (165)  [1/1] 0.00ns  loc: acceleartor_hls_padding/components.cpp:1233
:2  br label %.preheader



============================================================
+ Verbose Summary: Timing violations
============================================================
Target clock period: 10ns, clock uncertainty: 1.25ns.

 <State 1>: 1.59ns
The critical path consists of the following:
	multiplexor before 'phi' operation ('co') with incoming values : ('co', acceleartor_hls_padding/components.cpp:1231) [29]  (1.59 ns)

 <State 2>: 3.29ns
The critical path consists of the following:
	'phi' operation ('co') with incoming values : ('co', acceleartor_hls_padding/components.cpp:1231) [29]  (0 ns)
	'urem' operation ('arrayNo', acceleartor_hls_padding/components.cpp:1234) [49]  (3.29 ns)

 <State 3>: 3.29ns
The critical path consists of the following:
	'urem' operation ('arrayNo', acceleartor_hls_padding/components.cpp:1234) [49]  (3.29 ns)

 <State 4>: 3.29ns
The critical path consists of the following:
	'urem' operation ('arrayNo', acceleartor_hls_padding/components.cpp:1234) [49]  (3.29 ns)

 <State 5>: 3.29ns
The critical path consists of the following:
	'urem' operation ('arrayNo', acceleartor_hls_padding/components.cpp:1234) [49]  (3.29 ns)

 <State 6>: 3.29ns
The critical path consists of the following:
	'urem' operation ('arrayNo', acceleartor_hls_padding/components.cpp:1234) [49]  (3.29 ns)

 <State 7>: 3.29ns
The critical path consists of the following:
	'urem' operation ('arrayNo', acceleartor_hls_padding/components.cpp:1234) [49]  (3.29 ns)

 <State 8>: 3.29ns
The critical path consists of the following:
	'urem' operation ('arrayNo', acceleartor_hls_padding/components.cpp:1234) [49]  (3.29 ns)

 <State 9>: 3.29ns
The critical path consists of the following:
	'urem' operation ('arrayNo', acceleartor_hls_padding/components.cpp:1234) [49]  (3.29 ns)

 <State 10>: 3.29ns
The critical path consists of the following:
	'urem' operation ('arrayNo', acceleartor_hls_padding/components.cpp:1234) [49]  (3.29 ns)

 <State 11>: 6.77ns
The critical path consists of the following:
	'mul' operation ('mul', acceleartor_hls_padding/components.cpp:1234) [52]  (6.77 ns)

 <State 12>: 3.29ns
The critical path consists of the following:
	'urem' operation ('arrayNo', acceleartor_hls_padding/components.cpp:1234) [49]  (3.29 ns)

 <State 13>: 4.67ns
The critical path consists of the following:
	'phi' operation ('h') with incoming values : ('h', acceleartor_hls_padding/components.cpp:1232) [64]  (0 ns)
	'add' operation ('tmp_500', acceleartor_hls_padding/components.cpp:1234) [72]  (2.33 ns)
	'sub' operation ('tmp_501', acceleartor_hls_padding/components.cpp:1234) [76]  (2.34 ns)

 <State 14>: 5.59ns
The critical path consists of the following:
	'phi' operation ('w') with incoming values : ('w', acceleartor_hls_padding/components.cpp:1233) [90]  (0 ns)
	'add' operation ('tmp_504', acceleartor_hls_padding/components.cpp:1234) [94]  (2.34 ns)
	'getelementptr' operation ('left_V_addr', acceleartor_hls_padding/components.cpp:1234) [96]  (0 ns)
	'load' operation ('left_V_load', acceleartor_hls_padding/components.cpp:1234) on array 'left_V' [133]  (3.25 ns)

 <State 15>: 4.84ns
The critical path consists of the following:
	'load' operation ('left_V_load', acceleartor_hls_padding/components.cpp:1234) on array 'left_V' [133]  (3.25 ns)
	multiplexor before 'phi' operation ('storemerge', acceleartor_hls_padding/components.cpp:1234) with incoming values : ('left_V_load', acceleartor_hls_padding/components.cpp:1234) ('tmp', acceleartor_hls_padding/components.cpp:1234) [163]  (1.59 ns)

 <State 16>: 8.04ns
The critical path consists of the following:
	'load' operation ('buffer1_1_96_4x4_p_V_381', acceleartor_hls_padding/components.cpp:1234) on array 'buffer1_1_96_4x4_p_V_24' [136]  (3.25 ns)
	'mux' operation ('tmp', acceleartor_hls_padding/components.cpp:1234) [160]  (3.2 ns)
	multiplexor before 'phi' operation ('storemerge', acceleartor_hls_padding/components.cpp:1234) with incoming values : ('left_V_load', acceleartor_hls_padding/components.cpp:1234) ('tmp', acceleartor_hls_padding/components.cpp:1234) [163]  (1.59 ns)

 <State 17>: 3.25ns
The critical path consists of the following:
	'phi' operation ('storemerge', acceleartor_hls_padding/components.cpp:1234) with incoming values : ('left_V_load', acceleartor_hls_padding/components.cpp:1234) ('tmp', acceleartor_hls_padding/components.cpp:1234) [163]  (0 ns)
	'store' operation (acceleartor_hls_padding/components.cpp:1235) of variable 'storemerge', acceleartor_hls_padding/components.cpp:1234 on array 'output_V' [164]  (3.25 ns)


============================================================
+ Verbose Summary: Binding
============================================================
N/A
* FSMD analyzer results:
  - Output states:
 - Input state : 
  - Chain level:
	State 1
	State 2
	State 3
	State 4
	State 5
	State 6
	State 7
	State 8
	State 9
	State 10
	State 11
	State 12
	State 13
	State 14
	State 15
	State 16
	State 17


============================================================
+ Verbose Summary: Datapath Resource usage 
============================================================
N/A
