

================================================================
== Vivado HLS Report for 'subconv_3x3_32_strid_1'
================================================================
* Date:           Fri Dec 21 18:30:17 2018

* Version:        2017.2 (Build 1909853 on Thu Jun 15 18:55:24 MDT 2017)
* Project:        acceleartor_hls_padding
* Solution:       try_single_function
* Product family: zynq
* Target device:  xc7z020clg484-1


================================================================
== Performance Estimates
================================================================
+ Timing (ns): 
    * Summary: 
    +--------+-------+----------+------------+
    |  Clock | Target| Estimated| Uncertainty|
    +--------+-------+----------+------------+
    |ap_clk  |  10.00|      8.28|        1.25|
    +--------+-------+----------+------------+

+ Latency (clock cycles): 
    * Summary: 
    +--------+--------+--------+--------+---------+
    |     Latency     |     Interval    | Pipeline|
    |   min  |   max  |   min  |   max  |   Type  |
    +--------+--------+--------+--------+---------+
    |  394033|  394033|  394033|  394033|   none  |
    +--------+--------+--------+--------+---------+

    + Detail: 
        * Instance: 
        N/A

        * Loop: 
        +-------------------------+--------+--------+----------+-----------+-----------+------+----------+
        |                         |     Latency     | Iteration|  Initiation Interval  | Trip |          |
        |        Loop Name        |   min  |   max  |  Latency |  achieved |   target  | Count| Pipelined|
        +-------------------------+--------+--------+----------+-----------+-----------+------+----------+
        |- Loop 1                 |  394032|  394032|     16418|          -|          -|    24|    no    |
        | + Loop 1.1              |   16416|   16416|      1026|          -|          -|    16|    no    |
        |  ++ Loop 1.1.1          |    1024|    1024|        64|          -|          -|    16|    no    |
        |   +++ Loop 1.1.1.1      |      60|      60|        20|          -|          -|     3|    no    |
        |    ++++ Loop 1.1.1.1.1  |      18|      18|         6|          -|          -|     3|    no    |
        +-------------------------+--------+--------+----------+-----------+-----------+------+----------+

============================================================
+ Verbose Summary: Synthesis Manager
============================================================
InlineROM: 1
ExposeGlobal: 0
============================================================
+ Verbose Summary: CDFG Model
============================================================
IsTopModel: 0
ResetActiveHigh: 1
IsCombinational: 0
IsDatapathOnly: 0
HasWiredReturn: 1
HasMFsm: 0
HasVarLatency: 1
IsPipeline: 0
IsRtlPipelined: 0
IsInstanceOverlapped: 0
IsDontTouch: 0
HasImplIP: 0
IsGatedGlobalClock: 0


============================================================
+ Verbose Summary: Schedule
============================================================
* Number of FSM states: 13
* Pipeline: 0
* Dataflow Pipeline: 0

* FSM state transitions: 
1 --> 
	2  / true
2 --> 
	3  / (!exitcond4)
3 --> 
	4  / (!exitcond5)
	2  / (exitcond5)
4 --> 
	5  / (!exitcond6)
	3  / (exitcond6)
5 --> 
	12  / (exitcond7)
	6  / (!exitcond7)
6 --> 
	7  / (!exitcond)
	5  / (exitcond)
7 --> 
	8  / true
8 --> 
	9  / true
9 --> 
	10  / true
10 --> 
	11  / true
11 --> 
	6  / true
12 --> 
	13  / true
13 --> 
	4  / true
* FSM state operations: 

 <State 1>: 1.59ns
ST_1: StgValue_14 (5)  [1/1] 1.59ns  loc: acceleartor_hls_padding/components.cpp:327
:0  br label %.loopexit11


 <State 2>: 3.31ns
ST_2: co (7)  [1/1] 0.00ns
.loopexit11:0  %co = phi i5 [ 0, %0 ], [ %co_4, %.loopexit11.loopexit ]

ST_2: co_cast (8)  [1/1] 0.00ns  loc: acceleartor_hls_padding/components.cpp:327
.loopexit11:1  %co_cast = zext i5 %co to i32

ST_2: co_cast_cast (9)  [1/1] 0.00ns  loc: acceleartor_hls_padding/components.cpp:327
.loopexit11:2  %co_cast_cast = zext i5 %co to i8

ST_2: tmp_102 (10)  [1/1] 0.00ns  loc: acceleartor_hls_padding/components.cpp:327
.loopexit11:3  %tmp_102 = call i7 @_ssdm_op_BitConcatenate.i7.i5.i2(i5 %co, i2 0)

ST_2: p_shl4_cast (11)  [1/1] 0.00ns  loc: acceleartor_hls_padding/components.cpp:333
.loopexit11:4  %p_shl4_cast = zext i7 %tmp_102 to i8

ST_2: tmp_103 (12)  [1/1] 2.32ns  loc: acceleartor_hls_padding/components.cpp:333
.loopexit11:5  %tmp_103 = sub i8 %p_shl4_cast, %co_cast_cast

ST_2: tmp_109_cast (13)  [1/1] 0.00ns  loc: acceleartor_hls_padding/components.cpp:333
.loopexit11:6  %tmp_109_cast = sext i8 %tmp_103 to i9

ST_2: tmp_104 (14)  [1/1] 0.00ns  loc: acceleartor_hls_padding/components.cpp:327
.loopexit11:7  %tmp_104 = call i9 @_ssdm_op_BitConcatenate.i9.i5.i4(i5 %co, i4 0)

ST_2: p_shl2_cast (15)  [1/1] 0.00ns  loc: acceleartor_hls_padding/components.cpp:327
.loopexit11:8  %p_shl2_cast = zext i9 %tmp_104 to i10

ST_2: tmp_105 (16)  [1/1] 0.00ns  loc: acceleartor_hls_padding/components.cpp:327
.loopexit11:9  %tmp_105 = call i6 @_ssdm_op_BitConcatenate.i6.i5.i1(i5 %co, i1 false)

ST_2: p_shl3_cast1 (17)  [1/1] 0.00ns  loc: acceleartor_hls_padding/components.cpp:337
.loopexit11:10  %p_shl3_cast1 = zext i6 %tmp_105 to i11

ST_2: p_shl3_cast (18)  [1/1] 0.00ns  loc: acceleartor_hls_padding/components.cpp:337
.loopexit11:11  %p_shl3_cast = zext i6 %tmp_105 to i10

ST_2: tmp_106 (19)  [1/1] 2.32ns  loc: acceleartor_hls_padding/components.cpp:337
.loopexit11:12  %tmp_106 = add i10 %p_shl3_cast, %p_shl2_cast

ST_2: tmp_107 (20)  [1/1] 0.00ns  loc: acceleartor_hls_padding/components.cpp:327
.loopexit11:13  %tmp_107 = call i10 @_ssdm_op_BitConcatenate.i10.i5.i5(i5 %co, i5 0)

ST_2: p_shl_cast (21)  [1/1] 0.00ns  loc: acceleartor_hls_padding/components.cpp:333
.loopexit11:14  %p_shl_cast = zext i10 %tmp_107 to i11

ST_2: tmp_108 (22)  [1/1] 2.32ns  loc: acceleartor_hls_padding/components.cpp:333
.loopexit11:15  %tmp_108 = add i11 %p_shl3_cast1, %p_shl_cast

ST_2: exitcond4 (23)  [1/1] 3.31ns  loc: acceleartor_hls_padding/components.cpp:327
.loopexit11:16  %exitcond4 = icmp eq i5 %co, -8

ST_2: empty (24)  [1/1] 0.00ns
.loopexit11:17  %empty = call i32 (...)* @_ssdm_op_SpecLoopTripCount(i64 24, i64 24, i64 24)

ST_2: co_4 (25)  [1/1] 2.33ns  loc: acceleartor_hls_padding/components.cpp:327
.loopexit11:18  %co_4 = add i5 %co, 1

ST_2: StgValue_34 (26)  [1/1] 0.00ns  loc: acceleartor_hls_padding/components.cpp:327
.loopexit11:19  br i1 %exitcond4, label %2, label %.preheader47.preheader

ST_2: bias_V_addr (28)  [1/1] 0.00ns  loc: acceleartor_hls_padding/components.cpp:336
.preheader47.preheader:0  %bias_V_addr = getelementptr [24 x i8]* %bias_V, i32 0, i32 %co_cast

ST_2: StgValue_36 (29)  [1/1] 1.59ns  loc: acceleartor_hls_padding/components.cpp:328
.preheader47.preheader:1  br label %.preheader47

ST_2: StgValue_37 (165)  [1/1] 0.00ns  loc: acceleartor_hls_padding/components.cpp:366
:0  ret void


 <State 3>: 4.67ns
ST_3: h (31)  [1/1] 0.00ns
.preheader47:0  %h = phi i5 [ %h_4, %1 ], [ 1, %.preheader47.preheader ]

ST_3: h_cast9_cast (32)  [1/1] 0.00ns  loc: acceleartor_hls_padding/components.cpp:337
.preheader47:1  %h_cast9_cast = zext i5 %h to i10

ST_3: tmp_109 (33)  [1/1] 2.32ns  loc: acceleartor_hls_padding/components.cpp:337
.preheader47:2  %tmp_109 = add i10 %h_cast9_cast, %tmp_106

ST_3: p_shl5_cast (34)  [1/1] 0.00ns  loc: acceleartor_hls_padding/components.cpp:337
.preheader47:3  %p_shl5_cast = call i14 @_ssdm_op_BitConcatenate.i14.i10.i4(i10 %tmp_109, i4 0)

ST_3: tmp_110 (35)  [1/1] 0.00ns  loc: acceleartor_hls_padding/components.cpp:337
.preheader47:4  %tmp_110 = call i11 @_ssdm_op_BitConcatenate.i11.i10.i1(i10 %tmp_109, i1 false)

ST_3: p_shl6_cast (36)  [1/1] 0.00ns  loc: acceleartor_hls_padding/components.cpp:337
.preheader47:5  %p_shl6_cast = zext i11 %tmp_110 to i14

ST_3: tmp_111 (37)  [1/1] 2.34ns  loc: acceleartor_hls_padding/components.cpp:337
.preheader47:6  %tmp_111 = add i14 %p_shl5_cast, %p_shl6_cast

ST_3: exitcond5 (38)  [1/1] 3.31ns  loc: acceleartor_hls_padding/components.cpp:328
.preheader47:7  %exitcond5 = icmp eq i5 %h, -15

ST_3: empty_51 (39)  [1/1] 0.00ns
.preheader47:8  %empty_51 = call i32 (...)* @_ssdm_op_SpecLoopTripCount(i64 16, i64 16, i64 16)

ST_3: StgValue_47 (40)  [1/1] 0.00ns  loc: acceleartor_hls_padding/components.cpp:328
.preheader47:9  br i1 %exitcond5, label %.loopexit11.loopexit, label %.preheader46.preheader

ST_3: tmp (42)  [1/1] 0.00ns  loc: acceleartor_hls_padding/components.cpp:333
.preheader46.preheader:0  %tmp = call i6 @_ssdm_op_BitConcatenate.i6.i5.i1(i5 %h, i1 false)

ST_3: StgValue_49 (43)  [1/1] 1.59ns  loc: acceleartor_hls_padding/components.cpp:329
.preheader46.preheader:1  br label %.preheader46

ST_3: StgValue_50 (163)  [1/1] 0.00ns
.loopexit11.loopexit:0  br label %.loopexit11


 <State 4>: 3.31ns
ST_4: w (45)  [1/1] 0.00ns
.preheader46:0  %w = phi i5 [ %w_4, %_ifconv1 ], [ 1, %.preheader46.preheader ]

ST_4: w_cast8_cast (46)  [1/1] 0.00ns  loc: acceleartor_hls_padding/components.cpp:337
.preheader46:1  %w_cast8_cast = zext i5 %w to i14

ST_4: tmp_112 (47)  [1/1] 2.34ns  loc: acceleartor_hls_padding/components.cpp:337
.preheader46:2  %tmp_112 = add i14 %tmp_111, %w_cast8_cast

ST_4: tmp_120_cast (48)  [1/1] 0.00ns  loc: acceleartor_hls_padding/components.cpp:337
.preheader46:3  %tmp_120_cast = zext i14 %tmp_112 to i32

ST_4: output_V_addr (49)  [1/1] 0.00ns  loc: acceleartor_hls_padding/components.cpp:337
.preheader46:4  %output_V_addr = getelementptr [7776 x i8]* %output_V, i32 0, i32 %tmp_120_cast

ST_4: exitcond6 (50)  [1/1] 3.31ns  loc: acceleartor_hls_padding/components.cpp:329
.preheader46:5  %exitcond6 = icmp eq i5 %w, -15

ST_4: empty_52 (51)  [1/1] 0.00ns
.preheader46:6  %empty_52 = call i32 (...)* @_ssdm_op_SpecLoopTripCount(i64 16, i64 16, i64 16)

ST_4: StgValue_58 (52)  [1/1] 0.00ns  loc: acceleartor_hls_padding/components.cpp:329
.preheader46:7  br i1 %exitcond6, label %1, label %_ZrsILi32ELb0EE11ap_int_baseIXT_EXT0_EXleT_Li64EEERKS1_i.exit1._crit_edge.i.i

ST_4: tmp_s (54)  [1/1] 0.00ns  loc: acceleartor_hls_padding/components.cpp:333
_ZrsILi32ELb0EE11ap_int_baseIXT_EXT0_EXleT_Li64EEERKS1_i.exit1._crit_edge.i.i:0  %tmp_s = call i6 @_ssdm_op_BitConcatenate.i6.i5.i1(i5 %w, i1 false)

ST_4: StgValue_60 (55)  [1/1] 1.59ns  loc: acceleartor_hls_padding/components.cpp:331
_ZrsILi32ELb0EE11ap_int_baseIXT_EXT0_EXleT_Li64EEERKS1_i.exit1._crit_edge.i.i:1  br label %.loopexit

ST_4: h_4 (160)  [1/1] 2.33ns  loc: acceleartor_hls_padding/components.cpp:328
:0  %h_4 = add i5 %h, 1

ST_4: StgValue_62 (161)  [1/1] 0.00ns  loc: acceleartor_hls_padding/components.cpp:328
:1  br label %.preheader47


 <State 5>: 7.03ns
ST_5: p_Val2_s (57)  [1/1] 0.00ns
.loopexit:0  %p_Val2_s = phi i8 [ 0, %_ZrsILi32ELb0EE11ap_int_baseIXT_EXT0_EXleT_Li64EEERKS1_i.exit1._crit_edge.i.i ], [ %p_Val2_28, %.loopexit.loopexit ]

ST_5: m (58)  [1/1] 0.00ns
.loopexit:1  %m = phi i2 [ 0, %_ZrsILi32ELb0EE11ap_int_baseIXT_EXT0_EXleT_Li64EEERKS1_i.exit1._crit_edge.i.i ], [ %m_4, %.loopexit.loopexit ]

ST_5: m_cast7_cast (59)  [1/1] 0.00ns  loc: acceleartor_hls_padding/components.cpp:333
.loopexit:2  %m_cast7_cast = zext i2 %m to i9

ST_5: tmp_113 (60)  [1/1] 2.32ns  loc: acceleartor_hls_padding/components.cpp:333
.loopexit:3  %tmp_113 = add i9 %m_cast7_cast, %tmp_109_cast

ST_5: tmp_114 (61)  [1/1] 0.00ns  loc: acceleartor_hls_padding/components.cpp:333 (grouped into LUT with out node tmp_115)
.loopexit:4  %tmp_114 = shl i9 %tmp_113, 2

ST_5: tmp_115 (62)  [1/1] 2.32ns  loc: acceleartor_hls_padding/components.cpp:333 (out node of the LUT)
.loopexit:5  %tmp_115 = sub i9 %tmp_114, %tmp_113

ST_5: exitcond7 (63)  [1/1] 2.07ns  loc: acceleartor_hls_padding/components.cpp:331
.loopexit:6  %exitcond7 = icmp eq i2 %m, -1

ST_5: empty_53 (64)  [1/1] 0.00ns
.loopexit:7  %empty_53 = call i32 (...)* @_ssdm_op_SpecLoopTripCount(i64 3, i64 3, i64 3)

ST_5: m_4 (65)  [1/1] 2.17ns  loc: acceleartor_hls_padding/components.cpp:331
.loopexit:8  %m_4 = add i2 1, %m

ST_5: StgValue_72 (66)  [1/1] 0.00ns  loc: acceleartor_hls_padding/components.cpp:331
.loopexit:9  br i1 %exitcond7, label %_ifconv1, label %.preheader.preheader

ST_5: tmp2 (68)  [1/1] 0.00ns  loc: acceleartor_hls_padding/components.cpp:333 (grouped into LUT with out node tmp_41)
.preheader.preheader:0  %tmp2 = xor i2 %m, -2

ST_5: tmp2_cast (69)  [1/1] 0.00ns  loc: acceleartor_hls_padding/components.cpp:333 (grouped into LUT with out node tmp_41)
.preheader.preheader:1  %tmp2_cast = sext i2 %tmp2 to i6

ST_5: tmp_41 (70)  [1/1] 2.31ns  loc: acceleartor_hls_padding/components.cpp:333 (out node of the LUT)
.preheader.preheader:2  %tmp_41 = add i6 %tmp2_cast, %tmp

ST_5: tmp_73_cast_cast (71)  [1/1] 0.00ns  loc: acceleartor_hls_padding/components.cpp:333
.preheader.preheader:3  %tmp_73_cast_cast = zext i6 %tmp_41 to i11

ST_5: tmp_116 (72)  [1/1] 2.33ns  loc: acceleartor_hls_padding/components.cpp:333
.preheader.preheader:4  %tmp_116 = add i11 %tmp_73_cast_cast, %tmp_108

ST_5: p_shl8_cast (73)  [1/1] 0.00ns  loc: acceleartor_hls_padding/components.cpp:333
.preheader.preheader:5  %p_shl8_cast = call i16 @_ssdm_op_BitConcatenate.i16.i11.i5(i11 %tmp_116, i5 0)

ST_5: tmp_118 (74)  [1/1] 0.00ns  loc: acceleartor_hls_padding/components.cpp:333
.preheader.preheader:6  %tmp_118 = call i12 @_ssdm_op_BitConcatenate.i12.i11.i1(i11 %tmp_116, i1 false)

ST_5: p_shl9_cast (75)  [1/1] 0.00ns  loc: acceleartor_hls_padding/components.cpp:333
.preheader.preheader:7  %p_shl9_cast = zext i12 %tmp_118 to i16

ST_5: tmp_117 (76)  [1/1] 2.39ns  loc: acceleartor_hls_padding/components.cpp:333
.preheader.preheader:8  %tmp_117 = add i16 %p_shl8_cast, %p_shl9_cast

ST_5: StgValue_82 (77)  [1/1] 1.59ns  loc: acceleartor_hls_padding/components.cpp:332
.preheader.preheader:9  br label %.preheader

ST_5: p_Val2_25 (142)  [2/2] 2.32ns  loc: acceleartor_hls_padding/components.cpp:336
_ifconv1:1  %p_Val2_25 = load i8* %bias_V_addr, align 1

ST_5: w_4 (157)  [1/1] 2.33ns  loc: acceleartor_hls_padding/components.cpp:329
_ifconv1:16  %w_4 = add i5 %w, 1


 <State 6>: 7.96ns
ST_6: p_Val2_28 (79)  [1/1] 0.00ns
.preheader:0  %p_Val2_28 = phi i8 [ %p_Val2_s, %.preheader.preheader ], [ %sum_V, %_ifconv ]

ST_6: n (80)  [1/1] 0.00ns
.preheader:1  %n = phi i2 [ 0, %.preheader.preheader ], [ %n_4, %_ifconv ]

ST_6: n_cast6_cast (81)  [1/1] 0.00ns  loc: acceleartor_hls_padding/components.cpp:333
.preheader:2  %n_cast6_cast = zext i2 %n to i9

ST_6: tmp_119 (82)  [1/1] 2.32ns  loc: acceleartor_hls_padding/components.cpp:333
.preheader:3  %tmp_119 = add i9 %tmp_115, %n_cast6_cast

ST_6: tmp_128_cast (83)  [1/1] 0.00ns  loc: acceleartor_hls_padding/components.cpp:333
.preheader:4  %tmp_128_cast = zext i9 %tmp_119 to i32

ST_6: weight_V_addr (84)  [1/1] 0.00ns  loc: acceleartor_hls_padding/components.cpp:333
.preheader:5  %weight_V_addr = getelementptr [216 x i8]* %weight_V, i32 0, i32 %tmp_128_cast

ST_6: exitcond (85)  [1/1] 2.07ns  loc: acceleartor_hls_padding/components.cpp:332
.preheader:6  %exitcond = icmp eq i2 %n, -1

ST_6: empty_54 (86)  [1/1] 0.00ns
.preheader:7  %empty_54 = call i32 (...)* @_ssdm_op_SpecLoopTripCount(i64 3, i64 3, i64 3)

ST_6: n_4 (87)  [1/1] 2.17ns  loc: acceleartor_hls_padding/components.cpp:332
.preheader:8  %n_4 = add i2 %n, 1

ST_6: StgValue_94 (88)  [1/1] 0.00ns  loc: acceleartor_hls_padding/components.cpp:332
.preheader:9  br i1 %exitcond, label %.loopexit.loopexit, label %_ifconv

ST_6: tmp3 (90)  [1/1] 0.00ns  loc: acceleartor_hls_padding/components.cpp:333 (grouped into LUT with out node tmp_42)
_ifconv:0  %tmp3 = xor i2 %n, -2

ST_6: tmp3_cast (91)  [1/1] 0.00ns  loc: acceleartor_hls_padding/components.cpp:333 (grouped into LUT with out node tmp_42)
_ifconv:1  %tmp3_cast = sext i2 %tmp3 to i6

ST_6: tmp_42 (92)  [1/1] 2.31ns  loc: acceleartor_hls_padding/components.cpp:333 (out node of the LUT)
_ifconv:2  %tmp_42 = add i6 %tmp3_cast, %tmp_s

ST_6: tmp_77_cast_cast (93)  [1/1] 0.00ns  loc: acceleartor_hls_padding/components.cpp:333
_ifconv:3  %tmp_77_cast_cast = zext i6 %tmp_42 to i16

ST_6: tmp_120 (94)  [1/1] 2.39ns  loc: acceleartor_hls_padding/components.cpp:333
_ifconv:4  %tmp_120 = add i16 %tmp_77_cast_cast, %tmp_117

ST_6: tmp_129_cast (95)  [1/1] 0.00ns  loc: acceleartor_hls_padding/components.cpp:333
_ifconv:5  %tmp_129_cast = zext i16 %tmp_120 to i32

ST_6: conv1_output_p_V_add (96)  [1/1] 0.00ns  loc: acceleartor_hls_padding/components.cpp:333
_ifconv:6  %conv1_output_p_V_add = getelementptr [27744 x i8]* @conv1_output_p_V, i32 0, i32 %tmp_129_cast

ST_6: weight_V_load (97)  [2/2] 3.25ns  loc: acceleartor_hls_padding/components.cpp:333
_ifconv:7  %weight_V_load = load i8* %weight_V_addr, align 1

ST_6: conv1_output_p_V_loa (99)  [2/2] 3.25ns  loc: acceleartor_hls_padding/components.cpp:333
_ifconv:9  %conv1_output_p_V_loa = load i8* %conv1_output_p_V_add, align 1

ST_6: StgValue_104 (139)  [1/1] 0.00ns
.loopexit.loopexit:0  br label %.loopexit


 <State 7>: 3.25ns
ST_7: weight_V_load (97)  [1/2] 3.25ns  loc: acceleartor_hls_padding/components.cpp:333
_ifconv:7  %weight_V_load = load i8* %weight_V_addr, align 1

ST_7: conv1_output_p_V_loa (99)  [1/2] 3.25ns  loc: acceleartor_hls_padding/components.cpp:333
_ifconv:9  %conv1_output_p_V_loa = load i8* %conv1_output_p_V_add, align 1


 <State 8>: 6.43ns
ST_8: OP1_V (98)  [1/1] 0.00ns  loc: acceleartor_hls_padding/components.cpp:333
_ifconv:8  %OP1_V = sext i8 %weight_V_load to i16

ST_8: OP2_V (100)  [1/1] 0.00ns  loc: acceleartor_hls_padding/components.cpp:333
_ifconv:10  %OP2_V = sext i8 %conv1_output_p_V_loa to i16

ST_8: p_Val2_4 (101)  [1/1] 6.43ns  loc: acceleartor_hls_padding/components.cpp:333
_ifconv:11  %p_Val2_4 = mul i16 %OP1_V, %OP2_V

ST_8: tmp_122 (107)  [1/1] 0.00ns  loc: acceleartor_hls_padding/components.cpp:333
_ifconv:17  %tmp_122 = call i1 @_ssdm_op_BitSelect.i1.i16.i32(i16 %p_Val2_4, i32 5)


 <State 9>: 6.78ns
ST_9: tmp_43 (102)  [1/1] 0.00ns  loc: acceleartor_hls_padding/components.cpp:333
_ifconv:12  %tmp_43 = call i14 @_ssdm_op_BitConcatenate.i14.i8.i6(i8 %p_Val2_28, i6 0)

ST_9: tmp_79_cast (103)  [1/1] 0.00ns  loc: acceleartor_hls_padding/components.cpp:333
_ifconv:13  %tmp_79_cast = sext i14 %tmp_43 to i16

ST_9: p_Val2_29 (104)  [1/1] 2.39ns  loc: acceleartor_hls_padding/components.cpp:333
_ifconv:14  %p_Val2_29 = add i16 %tmp_79_cast, %p_Val2_4

ST_9: signbit (105)  [1/1] 0.00ns  loc: acceleartor_hls_padding/components.cpp:333
_ifconv:15  %signbit = call i1 @_ssdm_op_BitSelect.i1.i16.i32(i16 %p_Val2_29, i32 15)

ST_9: p_Val2_30 (106)  [1/1] 0.00ns  loc: acceleartor_hls_padding/components.cpp:333
_ifconv:16  %p_Val2_30 = call i8 @_ssdm_op_PartSelect.i8.i16.i32.i32(i16 %p_Val2_29, i32 6, i32 13)

ST_9: tmp_44 (108)  [1/1] 0.00ns  loc: acceleartor_hls_padding/components.cpp:333
_ifconv:18  %tmp_44 = zext i1 %tmp_122 to i8

ST_9: tmp_123 (109)  [1/1] 0.00ns  loc: acceleartor_hls_padding/components.cpp:333 (grouped into LUT with out node carry)
_ifconv:19  %tmp_123 = call i1 @_ssdm_op_BitSelect.i1.i16.i32(i16 %p_Val2_29, i32 13)

ST_9: p_Val2_31 (110)  [1/1] 2.32ns  loc: acceleartor_hls_padding/components.cpp:333
_ifconv:20  %p_Val2_31 = add i8 %p_Val2_30, %tmp_44

ST_9: newsignbit (111)  [1/1] 0.00ns  loc: acceleartor_hls_padding/components.cpp:333
_ifconv:21  %newsignbit = call i1 @_ssdm_op_BitSelect.i1.i8.i32(i8 %p_Val2_31, i32 7)

ST_9: tmp_45 (112)  [1/1] 0.00ns  loc: acceleartor_hls_padding/components.cpp:333 (grouped into LUT with out node carry)
_ifconv:22  %tmp_45 = xor i1 %newsignbit, true

ST_9: carry (113)  [1/1] 2.07ns  loc: acceleartor_hls_padding/components.cpp:333 (out node of the LUT)
_ifconv:23  %carry = and i1 %tmp_123, %tmp_45

ST_9: tmp_46 (115)  [1/1] 0.00ns  loc: acceleartor_hls_padding/components.cpp:333
_ifconv:25  %tmp_46 = call i2 @_ssdm_op_PartSelect.i2.i16.i32.i32(i16 %p_Val2_29, i32 14, i32 15)


 <State 10>: 8.28ns
ST_10: tmp_125 (114)  [1/1] 0.00ns  loc: acceleartor_hls_padding/components.cpp:333 (grouped into LUT with out node brmerge40_demorgan_i)
_ifconv:24  %tmp_125 = call i1 @_ssdm_op_BitSelect.i1.i16.i32(i16 %p_Val2_29, i32 14)

ST_10: Range1_all_ones (116)  [1/1] 2.07ns  loc: acceleartor_hls_padding/components.cpp:333
_ifconv:26  %Range1_all_ones = icmp eq i2 %tmp_46, -1

ST_10: Range1_all_zeros (117)  [1/1] 2.07ns  loc: acceleartor_hls_padding/components.cpp:333
_ifconv:27  %Range1_all_zeros = icmp eq i2 %tmp_46, 0

ST_10: deleted_zeros (118)  [1/1] 0.00ns  loc: acceleartor_hls_padding/components.cpp:333 (grouped into LUT with out node brmerge_i_i_i)
_ifconv:28  %deleted_zeros = select i1 %carry, i1 %Range1_all_ones, i1 %Range1_all_zeros

ST_10: tmp_47 (119)  [1/1] 0.00ns  loc: acceleartor_hls_padding/components.cpp:333 (grouped into LUT with out node brmerge40_demorgan_i)
_ifconv:29  %tmp_47 = xor i1 %tmp_125, true

ST_10: p_41_i_i (120)  [1/1] 0.00ns  loc: acceleartor_hls_padding/components.cpp:333 (grouped into LUT with out node brmerge40_demorgan_i)
_ifconv:30  %p_41_i_i = and i1 %signbit, %tmp_47

ST_10: deleted_ones (121)  [1/1] 0.00ns  loc: acceleartor_hls_padding/components.cpp:333 (grouped into LUT with out node brmerge40_demorgan_i)
_ifconv:31  %deleted_ones = select i1 %carry, i1 %p_41_i_i, i1 %Range1_all_ones

ST_10: p_38_i_i (122)  [1/1] 2.07ns  loc: acceleartor_hls_padding/components.cpp:333
_ifconv:32  %p_38_i_i = and i1 %carry, %Range1_all_ones

ST_10: p_not_i_i (123)  [1/1] 0.00ns  loc: acceleartor_hls_padding/components.cpp:333 (grouped into LUT with out node brmerge_i_i_i)
_ifconv:33  %p_not_i_i = xor i1 %deleted_zeros, true

ST_10: brmerge_i_i4 (124)  [1/1] 0.00ns  loc: acceleartor_hls_padding/components.cpp:333 (grouped into LUT with out node brmerge_i_i_i)
_ifconv:34  %brmerge_i_i4 = or i1 %newsignbit, %p_not_i_i

ST_10: tmp_48 (125)  [1/1] 2.07ns  loc: acceleartor_hls_padding/components.cpp:333
_ifconv:35  %tmp_48 = xor i1 %signbit, true

ST_10: overflow (126)  [1/1] 0.00ns  loc: acceleartor_hls_padding/components.cpp:333 (grouped into LUT with out node brmerge_i_i_i)
_ifconv:36  %overflow = and i1 %brmerge_i_i4, %tmp_48

ST_10: brmerge40_demorgan_i (127)  [1/1] 2.07ns  loc: acceleartor_hls_padding/components.cpp:333 (out node of the LUT)
_ifconv:37  %brmerge40_demorgan_i = and i1 %newsignbit, %deleted_ones

ST_10: tmp4_demorgan (128)  [1/1] 0.00ns  loc: acceleartor_hls_padding/components.cpp:333 (grouped into LUT with out node underflow)
_ifconv:38  %tmp4_demorgan = or i1 %p_38_i_i, %brmerge40_demorgan_i

ST_10: tmp4 (129)  [1/1] 0.00ns  loc: acceleartor_hls_padding/components.cpp:333 (grouped into LUT with out node underflow)
_ifconv:39  %tmp4 = xor i1 %tmp4_demorgan, true

ST_10: underflow (130)  [1/1] 2.07ns  loc: acceleartor_hls_padding/components.cpp:333 (out node of the LUT)
_ifconv:40  %underflow = and i1 %signbit, %tmp4

ST_10: brmerge_i_i_i (131)  [1/1] 2.07ns  loc: acceleartor_hls_padding/components.cpp:333 (out node of the LUT)
_ifconv:41  %brmerge_i_i_i = or i1 %underflow, %overflow


 <State 11>: 4.14ns
ST_11: tmp5 (132)  [1/1] 0.00ns  loc: acceleartor_hls_padding/components.cpp:333 (grouped into LUT with out node sum_V)
_ifconv:42  %tmp5 = or i1 %brmerge40_demorgan_i, %tmp_48

ST_11: underflow_not (133)  [1/1] 0.00ns  loc: acceleartor_hls_padding/components.cpp:333 (grouped into LUT with out node sum_V)
_ifconv:43  %underflow_not = or i1 %tmp5, %p_38_i_i

ST_11: p_Val2_32_mux (134)  [1/1] 2.07ns  loc: acceleartor_hls_padding/components.cpp:333 (out node of the LUT)
_ifconv:44  %p_Val2_32_mux = select i1 %brmerge_i_i_i, i8 127, i8 %p_Val2_31

ST_11: p_Val2_s_55 (135)  [1/1] 0.00ns  loc: acceleartor_hls_padding/components.cpp:333 (grouped into LUT with out node sum_V)
_ifconv:45  %p_Val2_s_55 = select i1 %underflow, i8 -128, i8 %p_Val2_31

ST_11: sum_V (136)  [1/1] 2.07ns  loc: acceleartor_hls_padding/components.cpp:333 (out node of the LUT)
_ifconv:46  %sum_V = select i1 %underflow_not, i8 %p_Val2_32_mux, i8 %p_Val2_s_55

ST_11: StgValue_145 (137)  [1/1] 0.00ns  loc: acceleartor_hls_padding/components.cpp:332
_ifconv:47  br label %.preheader


 <State 12>: 4.64ns
ST_12: tmp_38 (141)  [1/1] 0.00ns  loc: acceleartor_hls_padding/components.cpp:336
_ifconv1:0  %tmp_38 = sext i8 %p_Val2_s to i9

ST_12: p_Val2_25 (142)  [1/2] 2.32ns  loc: acceleartor_hls_padding/components.cpp:336
_ifconv1:1  %p_Val2_25 = load i8* %bias_V_addr, align 1

ST_12: tmp_39 (143)  [1/1] 0.00ns  loc: acceleartor_hls_padding/components.cpp:336
_ifconv1:2  %tmp_39 = sext i8 %p_Val2_25 to i9

ST_12: p_Val2_26 (144)  [1/1] 2.32ns  loc: acceleartor_hls_padding/components.cpp:336
_ifconv1:3  %p_Val2_26 = add i9 %tmp_39, %tmp_38

ST_12: isneg (145)  [1/1] 0.00ns  loc: acceleartor_hls_padding/components.cpp:336
_ifconv1:4  %isneg = call i1 @_ssdm_op_BitSelect.i1.i9.i32(i9 %p_Val2_26, i32 8)

ST_12: result_V (146)  [1/1] 2.32ns  loc: acceleartor_hls_padding/components.cpp:336
_ifconv1:5  %result_V = add i8 %p_Val2_25, %p_Val2_s

ST_12: newsignbit_5 (147)  [1/1] 0.00ns  loc: acceleartor_hls_padding/components.cpp:336
_ifconv1:6  %newsignbit_5 = call i1 @_ssdm_op_BitSelect.i1.i8.i32(i8 %result_V, i32 7)


 <State 13>: 7.39ns
ST_13: tmp_40 (148)  [1/1] 0.00ns  loc: acceleartor_hls_padding/components.cpp:336 (grouped into LUT with out node p_result_V)
_ifconv1:7  %tmp_40 = xor i1 %newsignbit_5, true

ST_13: underflow_5 (149)  [1/1] 0.00ns  loc: acceleartor_hls_padding/components.cpp:336 (grouped into LUT with out node p_result_V)
_ifconv1:8  %underflow_5 = and i1 %isneg, %tmp_40

ST_13: brmerge_i_i (150)  [1/1] 0.00ns  loc: acceleartor_hls_padding/components.cpp:336 (grouped into LUT with out node result_1)
_ifconv1:9  %brmerge_i_i = xor i1 %isneg, %newsignbit_5

ST_13: isneg_not (151)  [1/1] 0.00ns  loc: acceleartor_hls_padding/components.cpp:336 (grouped into LUT with out node result_1)
_ifconv1:10  %isneg_not = xor i1 %isneg, true

ST_13: brmerge9 (152)  [1/1] 0.00ns  loc: acceleartor_hls_padding/components.cpp:336 (grouped into LUT with out node result_1)
_ifconv1:11  %brmerge9 = or i1 %newsignbit_5, %isneg_not

ST_13: result_V_mux (153)  [1/1] 0.00ns  loc: acceleartor_hls_padding/components.cpp:336 (grouped into LUT with out node result_1)
_ifconv1:12  %result_V_mux = select i1 %brmerge_i_i, i8 127, i8 %result_V

ST_13: p_result_V (154)  [1/1] 2.07ns  loc: acceleartor_hls_padding/components.cpp:336 (out node of the LUT)
_ifconv1:13  %p_result_V = select i1 %underflow_5, i8 -128, i8 %result_V

ST_13: result_1 (155)  [1/1] 2.07ns  loc: acceleartor_hls_padding/components.cpp:336 (out node of the LUT)
_ifconv1:14  %result_1 = select i1 %brmerge9, i8 %result_V_mux, i8 %p_result_V

ST_13: StgValue_161 (156)  [1/1] 3.25ns  loc: acceleartor_hls_padding/components.cpp:337
_ifconv1:15  store i8 %result_1, i8* %output_V_addr, align 1

ST_13: StgValue_162 (158)  [1/1] 0.00ns  loc: acceleartor_hls_padding/components.cpp:329
_ifconv1:17  br label %.preheader46



============================================================
+ Verbose Summary: Timing violations
============================================================
Target clock period: 10ns, clock uncertainty: 1.25ns.

 <State 1>: 1.59ns
The critical path consists of the following:
	multiplexor before 'phi' operation ('co') with incoming values : ('co', acceleartor_hls_padding/components.cpp:327) [7]  (1.59 ns)

 <State 2>: 3.31ns
The critical path consists of the following:
	'phi' operation ('co') with incoming values : ('co', acceleartor_hls_padding/components.cpp:327) [7]  (0 ns)
	'icmp' operation ('exitcond4', acceleartor_hls_padding/components.cpp:327) [23]  (3.31 ns)

 <State 3>: 4.67ns
The critical path consists of the following:
	'phi' operation ('h') with incoming values : ('h', acceleartor_hls_padding/components.cpp:328) [31]  (0 ns)
	'add' operation ('tmp_109', acceleartor_hls_padding/components.cpp:337) [33]  (2.32 ns)
	'add' operation ('tmp_111', acceleartor_hls_padding/components.cpp:337) [37]  (2.34 ns)

 <State 4>: 3.31ns
The critical path consists of the following:
	'phi' operation ('w') with incoming values : ('w', acceleartor_hls_padding/components.cpp:329) [45]  (0 ns)
	'icmp' operation ('exitcond6', acceleartor_hls_padding/components.cpp:329) [50]  (3.31 ns)

 <State 5>: 7.03ns
The critical path consists of the following:
	'phi' operation ('m') with incoming values : ('m', acceleartor_hls_padding/components.cpp:331) [58]  (0 ns)
	'xor' operation ('tmp2', acceleartor_hls_padding/components.cpp:333) [68]  (0 ns)
	'add' operation ('tmp_41', acceleartor_hls_padding/components.cpp:333) [70]  (2.31 ns)
	'add' operation ('tmp_116', acceleartor_hls_padding/components.cpp:333) [72]  (2.33 ns)
	'add' operation ('tmp_117', acceleartor_hls_padding/components.cpp:333) [76]  (2.39 ns)

 <State 6>: 7.96ns
The critical path consists of the following:
	'phi' operation ('n') with incoming values : ('n', acceleartor_hls_padding/components.cpp:332) [80]  (0 ns)
	'xor' operation ('tmp3', acceleartor_hls_padding/components.cpp:333) [90]  (0 ns)
	'add' operation ('tmp_42', acceleartor_hls_padding/components.cpp:333) [92]  (2.31 ns)
	'add' operation ('tmp_120', acceleartor_hls_padding/components.cpp:333) [94]  (2.39 ns)
	'getelementptr' operation ('conv1_output_p_V_add', acceleartor_hls_padding/components.cpp:333) [96]  (0 ns)
	'load' operation ('conv1_output_p_V_loa', acceleartor_hls_padding/components.cpp:333) on array 'conv1_output_p_V' [99]  (3.25 ns)

 <State 7>: 3.25ns
The critical path consists of the following:
	'load' operation ('weight_V_load', acceleartor_hls_padding/components.cpp:333) on array 'weight_V' [97]  (3.25 ns)

 <State 8>: 6.43ns
The critical path consists of the following:
	'mul' operation ('__Val2__', acceleartor_hls_padding/components.cpp:333) [101]  (6.43 ns)

 <State 9>: 6.78ns
The critical path consists of the following:
	'add' operation ('__Val2__', acceleartor_hls_padding/components.cpp:333) [104]  (2.39 ns)
	'add' operation ('__Val2__', acceleartor_hls_padding/components.cpp:333) [110]  (2.32 ns)
	'xor' operation ('tmp_45', acceleartor_hls_padding/components.cpp:333) [112]  (0 ns)
	'and' operation ('carry', acceleartor_hls_padding/components.cpp:333) [113]  (2.07 ns)

 <State 10>: 8.28ns
The critical path consists of the following:
	'icmp' operation ('Range1_all_ones', acceleartor_hls_padding/components.cpp:333) [116]  (2.07 ns)
	'and' operation ('p_38_i_i', acceleartor_hls_padding/components.cpp:333) [122]  (2.07 ns)
	'or' operation ('tmp4_demorgan', acceleartor_hls_padding/components.cpp:333) [128]  (0 ns)
	'xor' operation ('tmp4', acceleartor_hls_padding/components.cpp:333) [129]  (0 ns)
	'and' operation ('underflow', acceleartor_hls_padding/components.cpp:333) [130]  (2.07 ns)
	'or' operation ('brmerge_i_i_i', acceleartor_hls_padding/components.cpp:333) [131]  (2.07 ns)

 <State 11>: 4.14ns
The critical path consists of the following:
	'select' operation ('p_Val2_32_mux', acceleartor_hls_padding/components.cpp:333) [134]  (2.07 ns)
	'select' operation ('sum.V', acceleartor_hls_padding/components.cpp:333) [136]  (2.07 ns)

 <State 12>: 4.64ns
The critical path consists of the following:
	'load' operation ('__Val2__', acceleartor_hls_padding/components.cpp:336) on array 'bias_V' [142]  (2.32 ns)
	'add' operation ('result.V', acceleartor_hls_padding/components.cpp:336) [146]  (2.32 ns)

 <State 13>: 7.39ns
The critical path consists of the following:
	'xor' operation ('tmp_40', acceleartor_hls_padding/components.cpp:336) [148]  (0 ns)
	'and' operation ('underflow', acceleartor_hls_padding/components.cpp:336) [149]  (0 ns)
	'select' operation ('p_result_V', acceleartor_hls_padding/components.cpp:336) [154]  (2.07 ns)
	'select' operation ('result_1', acceleartor_hls_padding/components.cpp:336) [155]  (2.07 ns)
	'store' operation (acceleartor_hls_padding/components.cpp:337) of variable 'result_1', acceleartor_hls_padding/components.cpp:336 on array 'output_V' [156]  (3.25 ns)


============================================================
+ Verbose Summary: Binding
============================================================
N/A
* FSMD analyzer results:
  - Output states:
 - Input state : 
  - Chain level:
	State 1
	State 2
	State 3
	State 4
	State 5
	State 6
	State 7
	State 8
	State 9
	State 10
	State 11
	State 12
	State 13


============================================================
+ Verbose Summary: Datapath Resource usage 
============================================================
N/A
