

================================================================
== Vivado HLS Report for 'subconv_1x1_32_p'
================================================================
* Date:           Sun Dec 16 18:16:15 2018

* Version:        2017.2 (Build 1909853 on Thu Jun 15 18:55:24 MDT 2017)
* Project:        acceleartor_hls_padding
* Solution:       optimization_sub1x1
* Product family: zynq
* Target device:  xc7z020clg484-1


================================================================
== Performance Estimates
================================================================
+ Timing (ns): 
    * Summary: 
    +--------+-------+----------+------------+
    |  Clock | Target| Estimated| Uncertainty|
    +--------+-------+----------+------------+
    |ap_clk  |  10.00|      8.74|        1.25|
    +--------+-------+----------+------------+

+ Latency (clock cycles): 
    * Summary: 
    +--------+--------+--------+--------+---------+
    |     Latency     |     Interval    | Pipeline|
    |   min  |   max  |   min  |   max  |   Type  |
    +--------+--------+--------+--------+---------+
    |  542792|  542792|  542792|  542792|   none  |
    +--------+--------+--------+--------+---------+

    + Detail: 
        * Instance: 
        N/A

        * Loop: 
        +---------------------+--------+--------+----------+-----------+-----------+-------+----------+
        |                     |     Latency     | Iteration|  Initiation Interval  |  Trip |          |
        |      Loop Name      |   min  |   max  |  Latency |  achieved |   target  | Count | Pipelined|
        +---------------------+--------+--------+----------+-----------+-----------+-------+----------+
        |- Loop 1             |   24577|   24577|         3|          1|          1|  24576|    yes   |
        |- Loop 2             |  493632|  493632|     15426|          -|          -|     32|    no    |
        | + Loop 2.1          |   15424|   15424|       482|          -|          -|     32|    no    |
        |  ++ Loop 2.1.1      |     480|     480|        20|          -|          -|     24|    no    |
        |   +++ Loop 2.1.1.1  |      18|      18|         6|          -|          -|      3|    no    |
        |- Loop 3             |   24578|   24578|         4|          1|          1|  24576|    yes   |
        +---------------------+--------+--------+----------+-----------+-----------+-------+----------+



================================================================
== Utilization Estimates
================================================================
* Summary: 
+-----------------+---------+-------+--------+-------+
|       Name      | BRAM_18K| DSP48E|   FF   |  LUT  |
+-----------------+---------+-------+--------+-------+
|DSP              |        -|      -|       -|      -|
|Expression       |        -|      0|    1056|   1802|
|FIFO             |        -|      -|       -|      -|
|Instance         |        -|      -|     300|     90|
|Memory           |        -|      -|       -|      -|
|Multiplexer      |        -|      -|       -|    617|
|Register         |        -|      -|    1092|     32|
+-----------------+---------+-------+--------+-------+
|Total            |        0|      0|    2448|   2541|
+-----------------+---------+-------+--------+-------+
|Available        |      280|    220|  106400|  53200|
+-----------------+---------+-------+--------+-------+
|Utilization (%)  |        0|      0|       2|      4|
+-----------------+---------+-------+--------+-------+

+ Detail: 
    * Instance: 
    +----------------------------+----------------------+---------+-------+-----+----+
    |          Instance          |        Module        | BRAM_18K| DSP48E|  FF | LUT|
    +----------------------------+----------------------+---------+-------+-----+----+
    |ShuffleNetV2_mux_jbC_x_U16  |ShuffleNetV2_mux_jbC  |        0|      0|  150|  45|
    |ShuffleNetV2_mux_jbC_x_U17  |ShuffleNetV2_mux_jbC  |        0|      0|  150|  45|
    +----------------------------+----------------------+---------+-------+-----+----+
    |Total                       |                      |        0|      0|  300|  90|
    +----------------------------+----------------------+---------+-------+-----+----+

    * DSP48: 
    N/A

    * Memory: 
    N/A

    * FIFO: 
    N/A

    * Expression: 
    +------------------------------------+----------+-------+----+----+------------+------------+
    |            Variable Name           | Operation| DSP48E| FF | LUT| Bitwidth P0| Bitwidth P1|
    +------------------------------------+----------+-------+----+----+------------+------------+
    |p_Val2_61_1_fu_1319_p2              |     *    |      0|   0|  62|           8|           8|
    |p_Val2_61_2_fu_1337_p2              |     *    |      0|   0|  62|           8|           8|
    |p_Val2_61_3_fu_1355_p2              |     *    |      0|   0|  62|           8|           8|
    |p_Val2_61_4_fu_1373_p2              |     *    |      0|   0|  62|           8|           8|
    |p_Val2_61_5_fu_1391_p2              |     *    |      0|   0|  62|           8|           8|
    |p_Val2_61_6_fu_1409_p2              |     *    |      0|   0|  62|           8|           8|
    |p_Val2_61_7_fu_1427_p2              |     *    |      0|   0|  62|           8|           8|
    |p_Val2_s_fu_1301_p2                 |     *    |      0|   0|  62|           8|           8|
    |ci_4_fu_1032_p2                     |     +    |      0|  20|  10|           5|           1|
    |co_17_fu_858_p2                     |     +    |      0|  20|  10|           1|           5|
    |co_18_7_fu_1245_p2                  |     +    |      0|  20|  10|           5|           4|
    |co_18_fu_3169_p2                    |     +    |      0|  20|  10|           1|           5|
    |h_15_fu_927_p2                      |     +    |      0|  23|  11|           1|           6|
    |h_5_fu_3233_p2                      |     +    |      0|  23|  11|           1|           6|
    |h_6_fu_1020_p2                      |     +    |      0|  23|  11|           6|           1|
    |indvar_flatten21_op_fu_3155_p2      |     +    |      0|  41|  17|          12|           1|
    |indvar_flatten_next1_2_fu_3111_p2   |     +    |      0|  50|  20|          15|           1|
    |indvar_flatten_next1_fu_800_p2      |     +    |      0|  50|  20|          15|           1|
    |indvar_flatten_op_fu_844_p2         |     +    |      0|  41|  17|          12|           1|
    |p_Val2_1_fu_1452_p2                 |     +    |      0|  53|  21|          16|          16|
    |p_Val2_3_fu_1486_p2                 |     +    |      0|  29|  13|           8|           8|
    |p_Val2_62_1_fu_1533_p2              |     +    |      0|  53|  21|          16|          16|
    |p_Val2_62_2_fu_1614_p2              |     +    |      0|  53|  21|          16|          16|
    |p_Val2_62_3_fu_1695_p2              |     +    |      0|  53|  21|          16|          16|
    |p_Val2_62_4_fu_1776_p2              |     +    |      0|  53|  21|          16|          16|
    |p_Val2_62_5_fu_1857_p2              |     +    |      0|  53|  21|          16|          16|
    |p_Val2_62_6_fu_1938_p2              |     +    |      0|  53|  21|          16|          16|
    |p_Val2_62_7_fu_2019_p2              |     +    |      0|  53|  21|          16|          16|
    |p_Val2_64_1_fu_1567_p2              |     +    |      0|  29|  13|           8|           8|
    |p_Val2_64_2_fu_1648_p2              |     +    |      0|  29|  13|           8|           8|
    |p_Val2_64_3_fu_1729_p2              |     +    |      0|  29|  13|           8|           8|
    |p_Val2_64_4_fu_1810_p2              |     +    |      0|  29|  13|           8|           8|
    |p_Val2_64_5_fu_1891_p2              |     +    |      0|  29|  13|           8|           8|
    |p_Val2_64_6_fu_1972_p2              |     +    |      0|  29|  13|           8|           8|
    |p_Val2_64_7_fu_2053_p2              |     +    |      0|  29|  13|           8|           8|
    |tmp_273_fu_921_p2                   |     +    |      0|   0|  12|           8|           8|
    |tmp_275_fu_944_p2                   |     +    |      0|   0|  12|           8|           8|
    |tmp_276_fu_973_p2                   |     +    |      0|   0|  12|          13|          13|
    |tmp_277_fu_982_p2                   |     +    |      0|   0|  12|          13|          13|
    |tmp_280_fu_3227_p2                  |     +    |      0|   0|  12|           8|           8|
    |tmp_282_fu_3250_p2                  |     +    |      0|   0|  12|           8|           8|
    |tmp_283_fu_3279_p2                  |     +    |      0|   0|  12|          13|          13|
    |tmp_284_fu_3288_p2                  |     +    |      0|   0|  12|          13|          13|
    |tmp_287_fu_1080_p2                  |     +    |      0|   0|  12|           8|           8|
    |tmp_288_fu_1086_p2                  |     +    |      0|   0|  12|           8|           8|
    |tmp_289_fu_1111_p2                  |     +    |      0|   0|  12|          13|          13|
    |tmp_290_fu_1117_p2                  |     +    |      0|   0|  12|          13|          13|
    |tmp_294_fu_1186_p2                  |     +    |      0|   0|  12|           8|           8|
    |tmp_296_fu_1203_p2                  |     +    |      0|   0|  12|           8|           8|
    |tmp_297_fu_1209_p2                  |     +    |      0|   0|  12|           8|           8|
    |tmp_298_fu_1234_p2                  |     +    |      0|   0|  12|          13|          13|
    |tmp_299_fu_1240_p2                  |     +    |      0|   0|  12|          13|          13|
    |w_16_fu_950_p2                      |     +    |      0|  23|  11|           6|           1|
    |w_17_fu_1134_p2                     |     +    |      0|  23|  11|           6|           1|
    |w_18_fu_3256_p2                     |     +    |      0|  23|  11|           6|           1|
    |tmp_293_fu_1180_p2                  |     -    |      0|   0|  12|           8|           8|
    |brmerge40_demorgan_i_11_fu_2352_p2  |    and   |      0|   0|   2|           1|           1|
    |brmerge40_demorgan_i_12_fu_2449_p2  |    and   |      0|   0|   2|           1|           1|
    |brmerge40_demorgan_i_13_fu_2546_p2  |    and   |      0|   0|   2|           1|           1|
    |brmerge40_demorgan_i_14_fu_2643_p2  |    and   |      0|   0|   2|           1|           1|
    |brmerge40_demorgan_i_15_fu_2740_p2  |    and   |      0|   0|   2|           1|           1|
    |brmerge40_demorgan_i_16_fu_2837_p2  |    and   |      0|   0|   2|           1|           1|
    |brmerge40_demorgan_i_17_fu_2255_p2  |    and   |      0|   0|   2|           1|           1|
    |brmerge40_demorgan_i_fu_2158_p2     |    and   |      0|   0|   2|           1|           1|
    |carry_10_1_fu_1587_p2               |    and   |      0|   0|   2|           1|           1|
    |carry_10_2_fu_1668_p2               |    and   |      0|   0|   2|           1|           1|
    |carry_10_3_fu_1749_p2               |    and   |      0|   0|   2|           1|           1|
    |carry_10_4_fu_1830_p2               |    and   |      0|   0|   2|           1|           1|
    |carry_10_5_fu_1911_p2               |    and   |      0|   0|   2|           1|           1|
    |carry_10_6_fu_1992_p2               |    and   |      0|   0|   2|           1|           1|
    |carry_10_7_fu_2073_p2               |    and   |      0|   0|   2|           1|           1|
    |carry_s_fu_1506_p2                  |    and   |      0|   0|   2|           1|           1|
    |exitcond23_mid_fu_824_p2            |    and   |      0|   0|   2|           1|           1|
    |exitcond_mid_fu_3135_p2             |    and   |      0|   0|   2|           1|           1|
    |overflow_1_fu_2249_p2               |    and   |      0|   0|   2|           1|           1|
    |overflow_2_fu_2346_p2               |    and   |      0|   0|   2|           1|           1|
    |overflow_3_fu_2443_p2               |    and   |      0|   0|   2|           1|           1|
    |overflow_4_fu_2540_p2               |    and   |      0|   0|   2|           1|           1|
    |overflow_5_fu_2637_p2               |    and   |      0|   0|   2|           1|           1|
    |overflow_6_fu_2734_p2               |    and   |      0|   0|   2|           1|           1|
    |overflow_7_fu_2831_p2               |    and   |      0|   0|   2|           1|           1|
    |overflow_fu_2152_p2                 |    and   |      0|   0|   2|           1|           1|
    |p_38_i_i_1_fu_2228_p2               |    and   |      0|   0|   2|           1|           1|
    |p_38_i_i_2_fu_2325_p2               |    and   |      0|   0|   2|           1|           1|
    |p_38_i_i_3_fu_2422_p2               |    and   |      0|   0|   2|           1|           1|
    |p_38_i_i_4_fu_2519_p2               |    and   |      0|   0|   2|           1|           1|
    |p_38_i_i_5_fu_2616_p2               |    and   |      0|   0|   2|           1|           1|
    |p_38_i_i_6_fu_2713_p2               |    and   |      0|   0|   2|           1|           1|
    |p_38_i_i_7_fu_2810_p2               |    and   |      0|   0|   2|           1|           1|
    |p_38_i_i_fu_2131_p2                 |    and   |      0|   0|   2|           1|           1|
    |p_41_i_i_1_fu_2216_p2               |    and   |      0|   0|   2|           1|           1|
    |p_41_i_i_2_fu_2313_p2               |    and   |      0|   0|   2|           1|           1|
    |p_41_i_i_3_fu_2410_p2               |    and   |      0|   0|   2|           1|           1|
    |p_41_i_i_4_fu_2507_p2               |    and   |      0|   0|   2|           1|           1|
    |p_41_i_i_5_fu_2604_p2               |    and   |      0|   0|   2|           1|           1|
    |p_41_i_i_6_fu_2701_p2               |    and   |      0|   0|   2|           1|           1|
    |p_41_i_i_7_fu_2798_p2               |    and   |      0|   0|   2|           1|           1|
    |p_41_i_i_fu_2119_p2                 |    and   |      0|   0|   2|           1|           1|
    |underflow_1_fu_2272_p2              |    and   |      0|   0|   2|           1|           1|
    |underflow_2_fu_2369_p2              |    and   |      0|   0|   2|           1|           1|
    |underflow_3_fu_2466_p2              |    and   |      0|   0|   2|           1|           1|
    |underflow_4_fu_2563_p2              |    and   |      0|   0|   2|           1|           1|
    |underflow_5_fu_2660_p2              |    and   |      0|   0|   2|           1|           1|
    |underflow_6_fu_2757_p2              |    and   |      0|   0|   2|           1|           1|
    |underflow_7_fu_2854_p2              |    and   |      0|   0|   2|           1|           1|
    |underflow_fu_2175_p2                |    and   |      0|   0|   2|           1|           1|
    |Range1_all_ones_1_fu_2193_p2        |   icmp   |      0|   0|   1|           2|           2|
    |Range1_all_ones_2_fu_2290_p2        |   icmp   |      0|   0|   1|           2|           2|
    |Range1_all_ones_3_fu_2387_p2        |   icmp   |      0|   0|   1|           2|           2|
    |Range1_all_ones_4_fu_2484_p2        |   icmp   |      0|   0|   1|           2|           2|
    |Range1_all_ones_5_fu_2581_p2        |   icmp   |      0|   0|   1|           2|           2|
    |Range1_all_ones_6_fu_2678_p2        |   icmp   |      0|   0|   1|           2|           2|
    |Range1_all_ones_7_fu_2775_p2        |   icmp   |      0|   0|   1|           2|           2|
    |Range1_all_ones_fu_2096_p2          |   icmp   |      0|   0|   1|           2|           2|
    |Range1_all_zeros_1_fu_2198_p2       |   icmp   |      0|   0|   1|           2|           1|
    |Range1_all_zeros_2_fu_2295_p2       |   icmp   |      0|   0|   1|           2|           1|
    |Range1_all_zeros_3_fu_2392_p2       |   icmp   |      0|   0|   1|           2|           1|
    |Range1_all_zeros_4_fu_2489_p2       |   icmp   |      0|   0|   1|           2|           1|
    |Range1_all_zeros_5_fu_2586_p2       |   icmp   |      0|   0|   1|           2|           1|
    |Range1_all_zeros_6_fu_2683_p2       |   icmp   |      0|   0|   1|           2|           1|
    |Range1_all_zeros_7_fu_2780_p2       |   icmp   |      0|   0|   1|           2|           1|
    |Range1_all_zeros_fu_2101_p2         |   icmp   |      0|   0|   1|           2|           1|
    |exitcond10_fu_1140_p2               |   icmp   |      0|   0|   2|           5|           5|
    |exitcond11_fu_3129_p2               |   icmp   |      0|   0|   3|           6|           6|
    |exitcond7_fu_1000_p2                |   icmp   |      0|   0|   3|           6|           6|
    |exitcond8_fu_1010_p2                |   icmp   |      0|   0|   3|           6|           6|
    |exitcond9_fu_1026_p2                |   icmp   |      0|   0|   2|           5|           5|
    |exitcond_flatten5_fu_806_p2         |   icmp   |      0|   0|   6|          12|          11|
    |exitcond_flatten6_fu_3105_p2        |   icmp   |      0|   0|   8|          15|          15|
    |exitcond_flatten7_fu_3117_p2        |   icmp   |      0|   0|   6|          12|          11|
    |exitcond_flatten_fu_794_p2          |   icmp   |      0|   0|   8|          15|          15|
    |exitcond_fu_818_p2                  |   icmp   |      0|   0|   3|           6|           6|
    |brmerge_i_i_1_fu_2239_p2            |    or    |      0|   0|   2|           1|           1|
    |brmerge_i_i_2_fu_2336_p2            |    or    |      0|   0|   2|           1|           1|
    |brmerge_i_i_3_fu_2433_p2            |    or    |      0|   0|   2|           1|           1|
    |brmerge_i_i_4_fu_2530_p2            |    or    |      0|   0|   2|           1|           1|
    |brmerge_i_i_5_fu_2627_p2            |    or    |      0|   0|   2|           1|           1|
    |brmerge_i_i_6_fu_2724_p2            |    or    |      0|   0|   2|           1|           1|
    |brmerge_i_i_7_fu_2821_p2            |    or    |      0|   0|   2|           1|           1|
    |brmerge_i_i_fu_2142_p2              |    or    |      0|   0|   2|           1|           1|
    |brmerge_i_i_i_1_fu_2277_p2          |    or    |      0|   0|   2|           1|           1|
    |brmerge_i_i_i_2_fu_2374_p2          |    or    |      0|   0|   2|           1|           1|
    |brmerge_i_i_i_3_fu_2471_p2          |    or    |      0|   0|   2|           1|           1|
    |brmerge_i_i_i_4_fu_2568_p2          |    or    |      0|   0|   2|           1|           1|
    |brmerge_i_i_i_5_fu_2665_p2          |    or    |      0|   0|   2|           1|           1|
    |brmerge_i_i_i_6_fu_2762_p2          |    or    |      0|   0|   2|           1|           1|
    |brmerge_i_i_i_7_fu_2859_p2          |    or    |      0|   0|   2|           1|           1|
    |brmerge_i_i_i_fu_2180_p2            |    or    |      0|   0|   2|           1|           1|
    |tmp10_fu_2985_p2                    |    or    |      0|   0|   2|           1|           1|
    |tmp11_demorgan_fu_2648_p2           |    or    |      0|   0|   2|           1|           1|
    |tmp12_fu_3015_p2                    |    or    |      0|   0|   2|           1|           1|
    |tmp13_demorgan_fu_2745_p2           |    or    |      0|   0|   2|           1|           1|
    |tmp14_fu_3045_p2                    |    or    |      0|   0|   2|           1|           1|
    |tmp15_demorgan_fu_2842_p2           |    or    |      0|   0|   2|           1|           1|
    |tmp16_fu_3075_p2                    |    or    |      0|   0|   2|           1|           1|
    |tmp1_demorgan_fu_2163_p2            |    or    |      0|   0|   2|           1|           1|
    |tmp2_fu_2865_p2                     |    or    |      0|   0|   2|           1|           1|
    |tmp3_demorgan_fu_2260_p2            |    or    |      0|   0|   2|           1|           1|
    |tmp4_fu_2895_p2                     |    or    |      0|   0|   2|           1|           1|
    |tmp5_demorgan_fu_2357_p2            |    or    |      0|   0|   2|           1|           1|
    |tmp6_fu_2925_p2                     |    or    |      0|   0|   2|           1|           1|
    |tmp7_demorgan_fu_2454_p2            |    or    |      0|   0|   2|           1|           1|
    |tmp8_fu_2955_p2                     |    or    |      0|   0|   2|           1|           1|
    |tmp9_demorgan_fu_2551_p2            |    or    |      0|   0|   2|           1|           1|
    |tmp_274_fu_830_p2                   |    or    |      0|   0|   2|           1|           1|
    |tmp_281_fu_3141_p2                  |    or    |      0|   0|   2|           1|           1|
    |underflow_not_1_fu_2899_p2          |    or    |      0|   0|   2|           1|           1|
    |underflow_not_2_fu_2929_p2          |    or    |      0|   0|   2|           1|           1|
    |underflow_not_3_fu_2959_p2          |    or    |      0|   0|   2|           1|           1|
    |underflow_not_4_fu_2989_p2          |    or    |      0|   0|   2|           1|           1|
    |underflow_not_5_fu_3019_p2          |    or    |      0|   0|   2|           1|           1|
    |underflow_not_6_fu_3049_p2          |    or    |      0|   0|   2|           1|           1|
    |underflow_not_7_fu_3079_p2          |    or    |      0|   0|   2|           1|           1|
    |underflow_not_fu_2869_p2            |    or    |      0|   0|   2|           1|           1|
    |arrayNo5_mid2_v_fu_3182_p3          |  select  |      0|   0|   5|           1|           5|
    |deleted_ones_1_fu_2221_p3           |  select  |      0|   0|   2|           1|           1|
    |deleted_ones_2_fu_2318_p3           |  select  |      0|   0|   2|           1|           1|
    |deleted_ones_3_fu_2415_p3           |  select  |      0|   0|   2|           1|           1|
    |deleted_ones_4_fu_2512_p3           |  select  |      0|   0|   2|           1|           1|
    |deleted_ones_5_fu_2609_p3           |  select  |      0|   0|   2|           1|           1|
    |deleted_ones_6_fu_2706_p3           |  select  |      0|   0|   2|           1|           1|
    |deleted_ones_7_fu_2803_p3           |  select  |      0|   0|   2|           1|           1|
    |deleted_ones_fu_2124_p3             |  select  |      0|   0|   2|           1|           1|
    |deleted_zeros_1_fu_2203_p3          |  select  |      0|   0|   2|           1|           1|
    |deleted_zeros_2_fu_2300_p3          |  select  |      0|   0|   2|           1|           1|
    |deleted_zeros_3_fu_2397_p3          |  select  |      0|   0|   2|           1|           1|
    |deleted_zeros_4_fu_2494_p3          |  select  |      0|   0|   2|           1|           1|
    |deleted_zeros_5_fu_2591_p3          |  select  |      0|   0|   2|           1|           1|
    |deleted_zeros_6_fu_2688_p3          |  select  |      0|   0|   2|           1|           1|
    |deleted_zeros_7_fu_2785_p3          |  select  |      0|   0|   2|           1|           1|
    |deleted_zeros_fu_2106_p3            |  select  |      0|   0|   2|           1|           1|
    |h5_mid_fu_3175_p3                   |  select  |      0|   0|   6|           1|           1|
    |h_mid_fu_864_p3                     |  select  |      0|   0|   6|           1|           1|
    |indvar_flatten_next1_1_fu_3161_p3   |  select  |      0|   0|  12|           1|           1|
    |indvar_flatten_next_fu_850_p3       |  select  |      0|   0|  12|           1|           1|
    |p_Val2_64_1_113_fu_2910_p3          |  select  |      0|   0|   9|           1|           9|
    |p_Val2_64_2_114_fu_2940_p3          |  select  |      0|   0|   9|           1|           9|
    |p_Val2_64_3_115_fu_2970_p3          |  select  |      0|   0|   9|           1|           9|
    |p_Val2_64_4_116_fu_3000_p3          |  select  |      0|   0|   9|           1|           9|
    |p_Val2_64_5_117_fu_3030_p3          |  select  |      0|   0|   9|           1|           9|
    |p_Val2_64_6_118_fu_3060_p3          |  select  |      0|   0|   9|           1|           9|
    |p_Val2_64_7_119_fu_3090_p3          |  select  |      0|   0|   9|           1|           9|
    |p_Val2_64_mux_1_fu_2904_p3          |  select  |      0|   0|   8|           1|           7|
    |p_Val2_64_mux_2_fu_2934_p3          |  select  |      0|   0|   8|           1|           7|
    |p_Val2_64_mux_3_fu_2964_p3          |  select  |      0|   0|   8|           1|           7|
    |p_Val2_64_mux_4_fu_2994_p3          |  select  |      0|   0|   8|           1|           7|
    |p_Val2_64_mux_5_fu_3024_p3          |  select  |      0|   0|   8|           1|           7|
    |p_Val2_64_mux_6_fu_3054_p3          |  select  |      0|   0|   8|           1|           7|
    |p_Val2_64_mux_7_fu_3084_p3          |  select  |      0|   0|   8|           1|           7|
    |p_Val2_64_mux_fu_2874_p3            |  select  |      0|   0|   8|           1|           7|
    |p_Val2_s_112_fu_2880_p3             |  select  |      0|   0|   9|           1|           9|
    |this_assign_1_1_fu_2916_p3          |  select  |      0|   0|   8|           1|           8|
    |this_assign_1_2_fu_2946_p3          |  select  |      0|   0|   8|           1|           8|
    |this_assign_1_3_fu_2976_p3          |  select  |      0|   0|   8|           1|           8|
    |this_assign_1_4_fu_3006_p3          |  select  |      0|   0|   8|           1|           8|
    |this_assign_1_5_fu_3036_p3          |  select  |      0|   0|   8|           1|           8|
    |this_assign_1_6_fu_3066_p3          |  select  |      0|   0|   8|           1|           8|
    |this_assign_1_7_fu_3096_p3          |  select  |      0|   0|   8|           1|           8|
    |this_assign_1_fu_2886_p3            |  select  |      0|   0|   8|           1|           8|
    |tmp_172_mid2_fu_933_p3              |  select  |      0|   0|   6|           1|           6|
    |tmp_175_mid2_fu_3239_p3             |  select  |      0|   0|   6|           1|           6|
    |tmp_mid2_v_fu_871_p3                |  select  |      0|   0|   5|           1|           5|
    |w6_mid2_fu_3147_p3                  |  select  |      0|   0|   6|           1|           1|
    |w_mid2_fu_836_p3                    |  select  |      0|   0|   6|           1|           1|
    |ap_enable_pp0                       |    xor   |      0|   0|   2|           1|           2|
    |ap_enable_pp1                       |    xor   |      0|   0|   2|           1|           2|
    |ap_enable_reg_pp0_iter1             |    xor   |      0|   0|   2|           1|           2|
    |ap_enable_reg_pp1_iter1             |    xor   |      0|   0|   2|           1|           2|
    |not_exitcond_flatten_8_fu_3123_p2   |    xor   |      0|   0|   2|           1|           2|
    |not_exitcond_flatten_fu_812_p2      |    xor   |      0|   0|   2|           1|           2|
    |p_not_i_i_1_fu_2233_p2              |    xor   |      0|   0|   2|           1|           2|
    |p_not_i_i_2_fu_2330_p2              |    xor   |      0|   0|   2|           1|           2|
    |p_not_i_i_3_fu_2427_p2              |    xor   |      0|   0|   2|           1|           2|
    |p_not_i_i_4_fu_2524_p2              |    xor   |      0|   0|   2|           1|           2|
    |p_not_i_i_5_fu_2621_p2              |    xor   |      0|   0|   2|           1|           2|
    |p_not_i_i_6_fu_2718_p2              |    xor   |      0|   0|   2|           1|           2|
    |p_not_i_i_7_fu_2815_p2              |    xor   |      0|   0|   2|           1|           2|
    |p_not_i_i_fu_2136_p2                |    xor   |      0|   0|   2|           1|           2|
    |tmp11_fu_2654_p2                    |    xor   |      0|   0|   2|           1|           2|
    |tmp13_fu_2751_p2                    |    xor   |      0|   0|   2|           1|           2|
    |tmp15_fu_2848_p2                    |    xor   |      0|   0|   2|           1|           2|
    |tmp1_fu_2169_p2                     |    xor   |      0|   0|   2|           1|           2|
    |tmp3_fu_2266_p2                     |    xor   |      0|   0|   2|           1|           2|
    |tmp5_fu_2363_p2                     |    xor   |      0|   0|   2|           1|           2|
    |tmp7_fu_2460_p2                     |    xor   |      0|   0|   2|           1|           2|
    |tmp9_fu_2557_p2                     |    xor   |      0|   0|   2|           1|           2|
    |tmp_181_fu_1500_p2                  |    xor   |      0|   0|   2|           1|           2|
    |tmp_182_fu_2113_p2                  |    xor   |      0|   0|   2|           1|           2|
    |tmp_183_fu_2147_p2                  |    xor   |      0|   0|   2|           1|           2|
    |tmp_277_1_fu_1581_p2                |    xor   |      0|   0|   2|           1|           2|
    |tmp_277_2_fu_1662_p2                |    xor   |      0|   0|   2|           1|           2|
    |tmp_277_3_fu_1743_p2                |    xor   |      0|   0|   2|           1|           2|
    |tmp_277_4_fu_1824_p2                |    xor   |      0|   0|   2|           1|           2|
    |tmp_277_5_fu_1905_p2                |    xor   |      0|   0|   2|           1|           2|
    |tmp_277_6_fu_1986_p2                |    xor   |      0|   0|   2|           1|           2|
    |tmp_277_7_fu_2067_p2                |    xor   |      0|   0|   2|           1|           2|
    |tmp_280_1_fu_2210_p2                |    xor   |      0|   0|   2|           1|           2|
    |tmp_280_2_fu_2307_p2                |    xor   |      0|   0|   2|           1|           2|
    |tmp_280_3_fu_2404_p2                |    xor   |      0|   0|   2|           1|           2|
    |tmp_280_4_fu_2501_p2                |    xor   |      0|   0|   2|           1|           2|
    |tmp_280_5_fu_2598_p2                |    xor   |      0|   0|   2|           1|           2|
    |tmp_280_6_fu_2695_p2                |    xor   |      0|   0|   2|           1|           2|
    |tmp_280_7_fu_2792_p2                |    xor   |      0|   0|   2|           1|           2|
    |tmp_282_1_fu_2244_p2                |    xor   |      0|   0|   2|           1|           2|
    |tmp_282_2_fu_2341_p2                |    xor   |      0|   0|   2|           1|           2|
    |tmp_282_3_fu_2438_p2                |    xor   |      0|   0|   2|           1|           2|
    |tmp_282_4_fu_2535_p2                |    xor   |      0|   0|   2|           1|           2|
    |tmp_282_5_fu_2632_p2                |    xor   |      0|   0|   2|           1|           2|
    |tmp_282_6_fu_2729_p2                |    xor   |      0|   0|   2|           1|           2|
    |tmp_282_7_fu_2826_p2                |    xor   |      0|   0|   2|           1|           2|
    +------------------------------------+----------+-------+----+----+------------+------------+
    |Total                               |          |      0|1056|1802|         840|        1005|
    +------------------------------------+----------+-------+----+----+------------+------------+

    * Multiplexer: 
    +---------------------------------+----+-----------+-----+-----------+
    |               Name              | LUT| Input Size| Bits| Total Bits|
    +---------------------------------+----+-----------+-----+-----------+
    |ShuffleConvs_0_Downs_1_address0  |  27|          5|   12|         60|
    |ShuffleConvs_0_Downs_1_d0        |  15|          3|    8|         24|
    |ShuffleConvs_0_Downs_2_address0  |  27|          5|   12|         60|
    |ShuffleConvs_0_Downs_2_d0        |  15|          3|    8|         24|
    |ShuffleConvs_0_Downs_3_address0  |  27|          5|   12|         60|
    |ShuffleConvs_0_Downs_3_d0        |  15|          3|    8|         24|
    |ShuffleConvs_0_Downs_4_address0  |  27|          5|   12|         60|
    |ShuffleConvs_0_Downs_4_d0        |  15|          3|    8|         24|
    |ShuffleConvs_0_Downs_5_address0  |  27|          5|   12|         60|
    |ShuffleConvs_0_Downs_5_d0        |  15|          3|    8|         24|
    |ShuffleConvs_0_Downs_6_address0  |  27|          5|   12|         60|
    |ShuffleConvs_0_Downs_6_d0        |  15|          3|    8|         24|
    |ShuffleConvs_0_Downs_7_address0  |  27|          5|   12|         60|
    |ShuffleConvs_0_Downs_7_d0        |  15|          3|    8|         24|
    |ShuffleConvs_0_Downs_address0    |  27|          5|   12|         60|
    |ShuffleConvs_0_Downs_d0          |  15|          3|    8|         24|
    |ap_NS_fsm                        |  65|         15|    1|         15|
    |ap_enable_reg_pp0_iter1          |   9|          2|    1|          2|
    |ap_enable_reg_pp0_iter2          |   9|          2|    1|          2|
    |ap_enable_reg_pp1_iter1          |   9|          2|    1|          2|
    |ap_enable_reg_pp1_iter3          |   9|          2|    1|          2|
    |ci_reg_715                       |   9|          2|    5|         10|
    |co3_reg_726                      |   9|          2|    5|         10|
    |co4_phi_fu_752_p4                |   9|          2|    5|         10|
    |co4_reg_748                      |   9|          2|    5|         10|
    |co_phi_fu_649_p4                 |   9|          2|    5|         10|
    |co_reg_645                       |   9|          2|    5|         10|
    |h1_reg_691                       |   9|          2|    6|         12|
    |h5_phi_fu_775_p4                 |   9|          2|    6|         12|
    |h5_reg_771                       |   9|          2|    6|         12|
    |h_phi_fu_672_p4                  |   9|          2|    6|         12|
    |h_reg_668                        |   9|          2|    6|         12|
    |indvar_flatten1_reg_634          |   9|          2|   15|         30|
    |indvar_flatten2_reg_737          |   9|          2|   15|         30|
    |indvar_flatten3_reg_760          |   9|          2|   12|         24|
    |indvar_flatten_reg_657           |   9|          2|   12|         24|
    |w2_reg_703                       |   9|          2|    6|         12|
    |w6_phi_fu_787_p4                 |   9|          2|    6|         12|
    |w6_reg_783                       |   9|          2|    6|         12|
    |w_phi_fu_684_p4                  |   9|          2|    6|         12|
    |w_reg_680                        |   9|          2|    6|         12|
    +---------------------------------+----+-----------+-----+-----------+
    |Total                            | 617|        127|  309|        983|
    +---------------------------------+----+-----------+-----+-----------+

    * Register: 
    +--------------------------------------------+----+----+-----+-----------+
    |                    Name                    | FF | LUT| Bits| Const Bits|
    +--------------------------------------------+----+----+-----+-----------+
    |ShuffleConvs_0_Downs_16_reg_3541            |  12|   0|   12|          0|
    |ShuffleConvs_0_Downs_17_reg_3546            |  12|   0|   12|          0|
    |ShuffleConvs_0_Downs_18_reg_3551            |  12|   0|   12|          0|
    |ShuffleConvs_0_Downs_19_reg_3556            |  12|   0|   12|          0|
    |ShuffleConvs_0_Downs_20_reg_3561            |  12|   0|   12|          0|
    |ShuffleConvs_0_Downs_21_reg_3566            |  12|   0|   12|          0|
    |ShuffleConvs_0_Downs_22_reg_3571            |  12|   0|   12|          0|
    |ShuffleConvs_0_Downs_23_reg_3576            |  12|   0|   12|          0|
    |ShuffleConvs_0_Downs_24_reg_3591            |   8|   0|    8|          0|
    |ShuffleConvs_0_Downs_25_reg_3606            |   8|   0|    8|          0|
    |ShuffleConvs_0_Downs_26_reg_3621            |   8|   0|    8|          0|
    |ShuffleConvs_0_Downs_27_reg_3636            |   8|   0|    8|          0|
    |ShuffleConvs_0_Downs_28_reg_3651            |   8|   0|    8|          0|
    |ShuffleConvs_0_Downs_29_reg_3666            |   8|   0|    8|          0|
    |ShuffleConvs_0_Downs_30_reg_3681            |   8|   0|    8|          0|
    |ShuffleConvs_0_Downs_31_reg_3696            |   8|   0|    8|          0|
    |ShuffleConvs_0_Downs_32_reg_4259            |  12|   0|   12|          0|
    |ShuffleConvs_0_Downs_33_reg_4265            |  12|   0|   12|          0|
    |ShuffleConvs_0_Downs_34_reg_4271            |  12|   0|   12|          0|
    |ShuffleConvs_0_Downs_35_reg_4277            |  12|   0|   12|          0|
    |ShuffleConvs_0_Downs_36_reg_4283            |  12|   0|   12|          0|
    |ShuffleConvs_0_Downs_37_reg_4289            |  12|   0|   12|          0|
    |ShuffleConvs_0_Downs_38_reg_4295            |  12|   0|   12|          0|
    |ShuffleConvs_0_Downs_39_reg_4301            |  12|   0|   12|          0|
    |ap_CS_fsm                                   |  14|   0|   14|          0|
    |ap_enable_reg_pp0_iter0                     |   1|   0|    1|          0|
    |ap_enable_reg_pp0_iter1                     |   1|   0|    1|          0|
    |ap_enable_reg_pp0_iter2                     |   1|   0|    1|          0|
    |ap_enable_reg_pp1_iter0                     |   1|   0|    1|          0|
    |ap_enable_reg_pp1_iter1                     |   1|   0|    1|          0|
    |ap_enable_reg_pp1_iter2                     |   1|   0|    1|          0|
    |ap_enable_reg_pp1_iter3                     |   1|   0|    1|          0|
    |ap_reg_pp0_iter1_exitcond_flatten_reg_3335  |   1|   0|    1|          0|
    |ap_reg_pp0_iter1_w_mid2_reg_3355            |   6|   0|    6|          0|
    |ap_reg_pp1_iter1_w6_mid2_reg_4222           |   6|   0|    6|          0|
    |ap_reg_pp1_iter2_tmp_367_reg_4238           |   3|   0|    3|          0|
    |arrayNo5_mid2_v_reg_4233                    |   5|   0|    5|          0|
    |brmerge40_demorgan_i_11_reg_4062            |   1|   0|    1|          0|
    |brmerge40_demorgan_i_12_reg_4087            |   1|   0|    1|          0|
    |brmerge40_demorgan_i_13_reg_4112            |   1|   0|    1|          0|
    |brmerge40_demorgan_i_14_reg_4137            |   1|   0|    1|          0|
    |brmerge40_demorgan_i_15_reg_4162            |   1|   0|    1|          0|
    |brmerge40_demorgan_i_16_reg_4187            |   1|   0|    1|          0|
    |brmerge40_demorgan_i_17_reg_4037            |   1|   0|    1|          0|
    |brmerge40_demorgan_i_reg_4012               |   1|   0|    1|          0|
    |brmerge_i_i_i_1_reg_4047                    |   1|   0|    1|          0|
    |brmerge_i_i_i_2_reg_4072                    |   1|   0|    1|          0|
    |brmerge_i_i_i_3_reg_4097                    |   1|   0|    1|          0|
    |brmerge_i_i_i_4_reg_4122                    |   1|   0|    1|          0|
    |brmerge_i_i_i_5_reg_4147                    |   1|   0|    1|          0|
    |brmerge_i_i_i_6_reg_4172                    |   1|   0|    1|          0|
    |brmerge_i_i_i_7_reg_4197                    |   1|   0|    1|          0|
    |brmerge_i_i_i_reg_4022                      |   1|   0|    1|          0|
    |carry_10_1_reg_3767                         |   1|   0|    1|          0|
    |carry_10_2_reg_3804                         |   1|   0|    1|          0|
    |carry_10_3_reg_3841                         |   1|   0|    1|          0|
    |carry_10_4_reg_3878                         |   1|   0|    1|          0|
    |carry_10_5_reg_3915                         |   1|   0|    1|          0|
    |carry_10_6_reg_3952                         |   1|   0|    1|          0|
    |carry_10_7_reg_3989                         |   1|   0|    1|          0|
    |carry_s_reg_3730                            |   1|   0|    1|          0|
    |ci_4_reg_3423                               |   5|   0|    5|          0|
    |ci_reg_715                                  |   5|   0|    5|          0|
    |co3_reg_726                                 |   5|   0|    5|          0|
    |co4_reg_748                                 |   5|   0|    5|          0|
    |co_18_7_reg_3496                            |   5|   0|    5|          0|
    |co_reg_645                                  |   5|   0|    5|          0|
    |conv1_output_p_V_0_a_reg_3438               |  12|   0|   12|          0|
    |conv1_output_p_V_1_a_reg_3473               |  12|   0|   12|          0|
    |conv1_output_p_V_2_a_reg_3463               |  12|   0|   12|          0|
    |conv1_output_p_V_3_a_reg_3458               |  12|   0|   12|          0|
    |conv1_output_p_V_4_a_reg_3443               |  12|   0|   12|          0|
    |conv1_output_p_V_5_a_reg_3468               |  12|   0|   12|          0|
    |conv1_output_p_V_6_a_reg_3453               |  12|   0|   12|          0|
    |conv1_output_p_V_7_a_reg_3448               |  12|   0|   12|          0|
    |exitcond23_mid_reg_3350                     |   1|   0|    1|          0|
    |exitcond_flatten5_reg_3344                  |   1|   0|    1|          0|
    |exitcond_flatten6_reg_4202                  |   1|   0|    1|          0|
    |exitcond_flatten7_reg_4211                  |   1|   0|    1|          0|
    |exitcond_flatten_reg_3335                   |   1|   0|    1|          0|
    |exitcond_mid_reg_4217                       |   1|   0|    1|          0|
    |h1_reg_691                                  |   6|   0|    6|          0|
    |h5_reg_771                                  |   6|   0|    6|          0|
    |h_reg_668                                   |   6|   0|    6|          0|
    |indvar_flatten1_reg_634                     |  15|   0|   15|          0|
    |indvar_flatten2_reg_737                     |  15|   0|   15|          0|
    |indvar_flatten3_reg_760                     |  12|   0|   12|          0|
    |indvar_flatten_reg_657                      |  12|   0|   12|          0|
    |p_38_i_i_1_reg_4027                         |   1|   0|    1|          0|
    |p_38_i_i_2_reg_4052                         |   1|   0|    1|          0|
    |p_38_i_i_3_reg_4077                         |   1|   0|    1|          0|
    |p_38_i_i_4_reg_4102                         |   1|   0|    1|          0|
    |p_38_i_i_5_reg_4127                         |   1|   0|    1|          0|
    |p_38_i_i_6_reg_4152                         |   1|   0|    1|          0|
    |p_38_i_i_7_reg_4177                         |   1|   0|    1|          0|
    |p_38_i_i_reg_4002                           |   1|   0|    1|          0|
    |p_Val2_1_reg_3706                           |  16|   0|   16|          0|
    |p_Val2_3_reg_3718                           |   8|   0|    8|          0|
    |p_Val2_61_1_reg_3601                        |  16|   0|   16|          0|
    |p_Val2_61_2_reg_3616                        |  16|   0|   16|          0|
    |p_Val2_61_3_reg_3631                        |  16|   0|   16|          0|
    |p_Val2_61_4_reg_3646                        |  16|   0|   16|          0|
    |p_Val2_61_5_reg_3661                        |  16|   0|   16|          0|
    |p_Val2_61_6_reg_3676                        |  16|   0|   16|          0|
    |p_Val2_61_7_reg_3691                        |  16|   0|   16|          0|
    |p_Val2_62_1_reg_3743                        |  16|   0|   16|          0|
    |p_Val2_62_2_reg_3780                        |  16|   0|   16|          0|
    |p_Val2_62_3_reg_3817                        |  16|   0|   16|          0|
    |p_Val2_62_4_reg_3854                        |  16|   0|   16|          0|
    |p_Val2_62_5_reg_3891                        |  16|   0|   16|          0|
    |p_Val2_62_6_reg_3928                        |  16|   0|   16|          0|
    |p_Val2_62_7_reg_3965                        |  16|   0|   16|          0|
    |p_Val2_64_1_reg_3755                        |   8|   0|    8|          0|
    |p_Val2_64_2_reg_3792                        |   8|   0|    8|          0|
    |p_Val2_64_3_reg_3829                        |   8|   0|    8|          0|
    |p_Val2_64_4_reg_3866                        |   8|   0|    8|          0|
    |p_Val2_64_5_reg_3903                        |   8|   0|    8|          0|
    |p_Val2_64_6_reg_3940                        |   8|   0|    8|          0|
    |p_Val2_64_7_reg_3977                        |   8|   0|    8|          0|
    |p_Val2_s_reg_3586                           |  16|   0|   16|          0|
    |tmp_172_mid2_reg_3375                       |   6|   0|    6|          0|
    |tmp_173_cast_reg_3409                       |   6|   0|   13|          7|
    |tmp_175_mid2_reg_4243                       |   6|   0|    6|          0|
    |tmp_176_cast_reg_3428                       |   5|   0|    8|          3|
    |tmp_183_reg_4007                            |   1|   0|    1|          0|
    |tmp_185_reg_3581                            |   8|   0|    8|          0|
    |tmp_186_reg_3737                            |   2|   0|    2|          0|
    |tmp_187_reg_3774                            |   2|   0|    2|          0|
    |tmp_188_reg_3811                            |   2|   0|    2|          0|
    |tmp_189_reg_3848                            |   2|   0|    2|          0|
    |tmp_190_reg_3885                            |   2|   0|    2|          0|
    |tmp_191_reg_3922                            |   2|   0|    2|          0|
    |tmp_192_reg_3959                            |   2|   0|    2|          0|
    |tmp_193_reg_3996                            |   2|   0|    2|          0|
    |tmp_275_reg_3380                            |   8|   0|    8|          0|
    |tmp_282_1_reg_4032                          |   1|   0|    1|          0|
    |tmp_282_2_reg_4057                          |   1|   0|    1|          0|
    |tmp_282_3_reg_4082                          |   1|   0|    1|          0|
    |tmp_282_4_reg_4107                          |   1|   0|    1|          0|
    |tmp_282_5_reg_4132                          |   1|   0|    1|          0|
    |tmp_282_6_reg_4157                          |   1|   0|    1|          0|
    |tmp_282_7_reg_4182                          |   1|   0|    1|          0|
    |tmp_282_reg_4248                            |   8|   0|    8|          0|
    |tmp_294_reg_3486                            |   8|   0|    8|          0|
    |tmp_299_reg_3491                            |  13|   0|   13|          0|
    |tmp_365_reg_3371                            |   3|   0|    3|          0|
    |tmp_367_reg_4238                            |   3|   0|    3|          0|
    |tmp_370_reg_3433                            |   3|   0|    3|          0|
    |tmp_373_reg_3711                            |   1|   0|    1|          0|
    |tmp_374_reg_3596                            |   1|   0|    1|          0|
    |tmp_376_reg_3724                            |   1|   0|    1|          0|
    |tmp_378_reg_3748                            |   1|   0|    1|          0|
    |tmp_379_reg_3611                            |   1|   0|    1|          0|
    |tmp_381_reg_3761                            |   1|   0|    1|          0|
    |tmp_383_reg_3785                            |   1|   0|    1|          0|
    |tmp_384_reg_3626                            |   1|   0|    1|          0|
    |tmp_386_reg_3798                            |   1|   0|    1|          0|
    |tmp_388_reg_3822                            |   1|   0|    1|          0|
    |tmp_389_reg_3641                            |   1|   0|    1|          0|
    |tmp_391_reg_3835                            |   1|   0|    1|          0|
    |tmp_393_reg_3859                            |   1|   0|    1|          0|
    |tmp_394_reg_3656                            |   1|   0|    1|          0|
    |tmp_396_reg_3872                            |   1|   0|    1|          0|
    |tmp_398_reg_3896                            |   1|   0|    1|          0|
    |tmp_399_reg_3671                            |   1|   0|    1|          0|
    |tmp_401_reg_3909                            |   1|   0|    1|          0|
    |tmp_403_reg_3933                            |   1|   0|    1|          0|
    |tmp_404_reg_3686                            |   1|   0|    1|          0|
    |tmp_406_reg_3946                            |   1|   0|    1|          0|
    |tmp_408_reg_3970                            |   1|   0|    1|          0|
    |tmp_409_reg_3701                            |   1|   0|    1|          0|
    |tmp_411_reg_3983                            |   1|   0|    1|          0|
    |tmp_cast_reg_3400                           |   6|   0|    8|          2|
    |tmp_mid2_v_reg_3366                         |   5|   0|    5|          0|
    |underflow_1_reg_4042                        |   1|   0|    1|          0|
    |underflow_2_reg_4067                        |   1|   0|    1|          0|
    |underflow_3_reg_4092                        |   1|   0|    1|          0|
    |underflow_4_reg_4117                        |   1|   0|    1|          0|
    |underflow_5_reg_4142                        |   1|   0|    1|          0|
    |underflow_6_reg_4167                        |   1|   0|    1|          0|
    |underflow_7_reg_4192                        |   1|   0|    1|          0|
    |underflow_reg_4017                          |   1|   0|    1|          0|
    |w2_reg_703                                  |   6|   0|    6|          0|
    |w6_mid2_reg_4222                            |   6|   0|    6|          0|
    |w6_reg_783                                  |   6|   0|    6|          0|
    |w_mid2_reg_3355                             |   6|   0|    6|          0|
    |w_reg_680                                   |   6|   0|    6|          0|
    |exitcond_flatten6_reg_4202                  |  64|  32|    1|          0|
    +--------------------------------------------+----+----+-----+-----------+
    |Total                                       |1092|  32| 1041|         12|
    +--------------------------------------------+----+----+-----+-----------+



================================================================
== Interface
================================================================
* Summary: 
+---------------------------------+-----+-----+------------+------------------------+--------------+
|            RTL Ports            | Dir | Bits|  Protocol  |      Source Object     |    C Type    |
+---------------------------------+-----+-----+------------+------------------------+--------------+
|ap_clk                           |  in |    1| ap_ctrl_hs |    subconv_1x1_32_p    | return value |
|ap_rst                           |  in |    1| ap_ctrl_hs |    subconv_1x1_32_p    | return value |
|ap_start                         |  in |    1| ap_ctrl_hs |    subconv_1x1_32_p    | return value |
|ap_done                          | out |    1| ap_ctrl_hs |    subconv_1x1_32_p    | return value |
|ap_idle                          | out |    1| ap_ctrl_hs |    subconv_1x1_32_p    | return value |
|ap_ready                         | out |    1| ap_ctrl_hs |    subconv_1x1_32_p    | return value |
|weight_0_V_address0              | out |    7|  ap_memory |       weight_0_V       |     array    |
|weight_0_V_ce0                   | out |    1|  ap_memory |       weight_0_V       |     array    |
|weight_0_V_q0                    |  in |    8|  ap_memory |       weight_0_V       |     array    |
|weight_1_V_address0              | out |    7|  ap_memory |       weight_1_V       |     array    |
|weight_1_V_ce0                   | out |    1|  ap_memory |       weight_1_V       |     array    |
|weight_1_V_q0                    |  in |    8|  ap_memory |       weight_1_V       |     array    |
|weight_2_V_address0              | out |    7|  ap_memory |       weight_2_V       |     array    |
|weight_2_V_ce0                   | out |    1|  ap_memory |       weight_2_V       |     array    |
|weight_2_V_q0                    |  in |    8|  ap_memory |       weight_2_V       |     array    |
|weight_3_V_address0              | out |    7|  ap_memory |       weight_3_V       |     array    |
|weight_3_V_ce0                   | out |    1|  ap_memory |       weight_3_V       |     array    |
|weight_3_V_q0                    |  in |    8|  ap_memory |       weight_3_V       |     array    |
|weight_4_V_address0              | out |    7|  ap_memory |       weight_4_V       |     array    |
|weight_4_V_ce0                   | out |    1|  ap_memory |       weight_4_V       |     array    |
|weight_4_V_q0                    |  in |    8|  ap_memory |       weight_4_V       |     array    |
|weight_5_V_address0              | out |    7|  ap_memory |       weight_5_V       |     array    |
|weight_5_V_ce0                   | out |    1|  ap_memory |       weight_5_V       |     array    |
|weight_5_V_q0                    |  in |    8|  ap_memory |       weight_5_V       |     array    |
|weight_6_V_address0              | out |    7|  ap_memory |       weight_6_V       |     array    |
|weight_6_V_ce0                   | out |    1|  ap_memory |       weight_6_V       |     array    |
|weight_6_V_q0                    |  in |    8|  ap_memory |       weight_6_V       |     array    |
|weight_7_V_address0              | out |    7|  ap_memory |       weight_7_V       |     array    |
|weight_7_V_ce0                   | out |    1|  ap_memory |       weight_7_V       |     array    |
|weight_7_V_q0                    |  in |    8|  ap_memory |       weight_7_V       |     array    |
|bias_V_address0                  | out |    5|  ap_memory |         bias_V         |     array    |
|bias_V_ce0                       | out |    1|  ap_memory |         bias_V         |     array    |
|bias_V_q0                        |  in |    8|  ap_memory |         bias_V         |     array    |
|conv1_output_p_V_0_address0      | out |   12|  ap_memory |   conv1_output_p_V_0   |     array    |
|conv1_output_p_V_0_ce0           | out |    1|  ap_memory |   conv1_output_p_V_0   |     array    |
|conv1_output_p_V_0_q0            |  in |    8|  ap_memory |   conv1_output_p_V_0   |     array    |
|conv1_output_p_V_1_address0      | out |   12|  ap_memory |   conv1_output_p_V_1   |     array    |
|conv1_output_p_V_1_ce0           | out |    1|  ap_memory |   conv1_output_p_V_1   |     array    |
|conv1_output_p_V_1_q0            |  in |    8|  ap_memory |   conv1_output_p_V_1   |     array    |
|conv1_output_p_V_2_address0      | out |   12|  ap_memory |   conv1_output_p_V_2   |     array    |
|conv1_output_p_V_2_ce0           | out |    1|  ap_memory |   conv1_output_p_V_2   |     array    |
|conv1_output_p_V_2_q0            |  in |    8|  ap_memory |   conv1_output_p_V_2   |     array    |
|conv1_output_p_V_3_address0      | out |   12|  ap_memory |   conv1_output_p_V_3   |     array    |
|conv1_output_p_V_3_ce0           | out |    1|  ap_memory |   conv1_output_p_V_3   |     array    |
|conv1_output_p_V_3_q0            |  in |    8|  ap_memory |   conv1_output_p_V_3   |     array    |
|conv1_output_p_V_4_address0      | out |   12|  ap_memory |   conv1_output_p_V_4   |     array    |
|conv1_output_p_V_4_ce0           | out |    1|  ap_memory |   conv1_output_p_V_4   |     array    |
|conv1_output_p_V_4_q0            |  in |    8|  ap_memory |   conv1_output_p_V_4   |     array    |
|conv1_output_p_V_5_address0      | out |   12|  ap_memory |   conv1_output_p_V_5   |     array    |
|conv1_output_p_V_5_ce0           | out |    1|  ap_memory |   conv1_output_p_V_5   |     array    |
|conv1_output_p_V_5_q0            |  in |    8|  ap_memory |   conv1_output_p_V_5   |     array    |
|conv1_output_p_V_6_address0      | out |   12|  ap_memory |   conv1_output_p_V_6   |     array    |
|conv1_output_p_V_6_ce0           | out |    1|  ap_memory |   conv1_output_p_V_6   |     array    |
|conv1_output_p_V_6_q0            |  in |    8|  ap_memory |   conv1_output_p_V_6   |     array    |
|conv1_output_p_V_7_address0      | out |   12|  ap_memory |   conv1_output_p_V_7   |     array    |
|conv1_output_p_V_7_ce0           | out |    1|  ap_memory |   conv1_output_p_V_7   |     array    |
|conv1_output_p_V_7_q0            |  in |    8|  ap_memory |   conv1_output_p_V_7   |     array    |
|ShuffleConvs_0_Downs_7_address0  | out |   12|  ap_memory | ShuffleConvs_0_Downs_7 |     array    |
|ShuffleConvs_0_Downs_7_ce0       | out |    1|  ap_memory | ShuffleConvs_0_Downs_7 |     array    |
|ShuffleConvs_0_Downs_7_we0       | out |    1|  ap_memory | ShuffleConvs_0_Downs_7 |     array    |
|ShuffleConvs_0_Downs_7_d0        | out |    8|  ap_memory | ShuffleConvs_0_Downs_7 |     array    |
|ShuffleConvs_0_Downs_7_q0        |  in |    8|  ap_memory | ShuffleConvs_0_Downs_7 |     array    |
|ShuffleConvs_0_Downs_7_address1  | out |   12|  ap_memory | ShuffleConvs_0_Downs_7 |     array    |
|ShuffleConvs_0_Downs_7_ce1       | out |    1|  ap_memory | ShuffleConvs_0_Downs_7 |     array    |
|ShuffleConvs_0_Downs_7_we1       | out |    1|  ap_memory | ShuffleConvs_0_Downs_7 |     array    |
|ShuffleConvs_0_Downs_7_d1        | out |    8|  ap_memory | ShuffleConvs_0_Downs_7 |     array    |
|ShuffleConvs_0_Downs_6_address0  | out |   12|  ap_memory | ShuffleConvs_0_Downs_6 |     array    |
|ShuffleConvs_0_Downs_6_ce0       | out |    1|  ap_memory | ShuffleConvs_0_Downs_6 |     array    |
|ShuffleConvs_0_Downs_6_we0       | out |    1|  ap_memory | ShuffleConvs_0_Downs_6 |     array    |
|ShuffleConvs_0_Downs_6_d0        | out |    8|  ap_memory | ShuffleConvs_0_Downs_6 |     array    |
|ShuffleConvs_0_Downs_6_q0        |  in |    8|  ap_memory | ShuffleConvs_0_Downs_6 |     array    |
|ShuffleConvs_0_Downs_6_address1  | out |   12|  ap_memory | ShuffleConvs_0_Downs_6 |     array    |
|ShuffleConvs_0_Downs_6_ce1       | out |    1|  ap_memory | ShuffleConvs_0_Downs_6 |     array    |
|ShuffleConvs_0_Downs_6_we1       | out |    1|  ap_memory | ShuffleConvs_0_Downs_6 |     array    |
|ShuffleConvs_0_Downs_6_d1        | out |    8|  ap_memory | ShuffleConvs_0_Downs_6 |     array    |
|ShuffleConvs_0_Downs_5_address0  | out |   12|  ap_memory | ShuffleConvs_0_Downs_5 |     array    |
|ShuffleConvs_0_Downs_5_ce0       | out |    1|  ap_memory | ShuffleConvs_0_Downs_5 |     array    |
|ShuffleConvs_0_Downs_5_we0       | out |    1|  ap_memory | ShuffleConvs_0_Downs_5 |     array    |
|ShuffleConvs_0_Downs_5_d0        | out |    8|  ap_memory | ShuffleConvs_0_Downs_5 |     array    |
|ShuffleConvs_0_Downs_5_q0        |  in |    8|  ap_memory | ShuffleConvs_0_Downs_5 |     array    |
|ShuffleConvs_0_Downs_5_address1  | out |   12|  ap_memory | ShuffleConvs_0_Downs_5 |     array    |
|ShuffleConvs_0_Downs_5_ce1       | out |    1|  ap_memory | ShuffleConvs_0_Downs_5 |     array    |
|ShuffleConvs_0_Downs_5_we1       | out |    1|  ap_memory | ShuffleConvs_0_Downs_5 |     array    |
|ShuffleConvs_0_Downs_5_d1        | out |    8|  ap_memory | ShuffleConvs_0_Downs_5 |     array    |
|ShuffleConvs_0_Downs_4_address0  | out |   12|  ap_memory | ShuffleConvs_0_Downs_4 |     array    |
|ShuffleConvs_0_Downs_4_ce0       | out |    1|  ap_memory | ShuffleConvs_0_Downs_4 |     array    |
|ShuffleConvs_0_Downs_4_we0       | out |    1|  ap_memory | ShuffleConvs_0_Downs_4 |     array    |
|ShuffleConvs_0_Downs_4_d0        | out |    8|  ap_memory | ShuffleConvs_0_Downs_4 |     array    |
|ShuffleConvs_0_Downs_4_q0        |  in |    8|  ap_memory | ShuffleConvs_0_Downs_4 |     array    |
|ShuffleConvs_0_Downs_4_address1  | out |   12|  ap_memory | ShuffleConvs_0_Downs_4 |     array    |
|ShuffleConvs_0_Downs_4_ce1       | out |    1|  ap_memory | ShuffleConvs_0_Downs_4 |     array    |
|ShuffleConvs_0_Downs_4_we1       | out |    1|  ap_memory | ShuffleConvs_0_Downs_4 |     array    |
|ShuffleConvs_0_Downs_4_d1        | out |    8|  ap_memory | ShuffleConvs_0_Downs_4 |     array    |
|ShuffleConvs_0_Downs_3_address0  | out |   12|  ap_memory | ShuffleConvs_0_Downs_3 |     array    |
|ShuffleConvs_0_Downs_3_ce0       | out |    1|  ap_memory | ShuffleConvs_0_Downs_3 |     array    |
|ShuffleConvs_0_Downs_3_we0       | out |    1|  ap_memory | ShuffleConvs_0_Downs_3 |     array    |
|ShuffleConvs_0_Downs_3_d0        | out |    8|  ap_memory | ShuffleConvs_0_Downs_3 |     array    |
|ShuffleConvs_0_Downs_3_q0        |  in |    8|  ap_memory | ShuffleConvs_0_Downs_3 |     array    |
|ShuffleConvs_0_Downs_3_address1  | out |   12|  ap_memory | ShuffleConvs_0_Downs_3 |     array    |
|ShuffleConvs_0_Downs_3_ce1       | out |    1|  ap_memory | ShuffleConvs_0_Downs_3 |     array    |
|ShuffleConvs_0_Downs_3_we1       | out |    1|  ap_memory | ShuffleConvs_0_Downs_3 |     array    |
|ShuffleConvs_0_Downs_3_d1        | out |    8|  ap_memory | ShuffleConvs_0_Downs_3 |     array    |
|ShuffleConvs_0_Downs_2_address0  | out |   12|  ap_memory | ShuffleConvs_0_Downs_2 |     array    |
|ShuffleConvs_0_Downs_2_ce0       | out |    1|  ap_memory | ShuffleConvs_0_Downs_2 |     array    |
|ShuffleConvs_0_Downs_2_we0       | out |    1|  ap_memory | ShuffleConvs_0_Downs_2 |     array    |
|ShuffleConvs_0_Downs_2_d0        | out |    8|  ap_memory | ShuffleConvs_0_Downs_2 |     array    |
|ShuffleConvs_0_Downs_2_q0        |  in |    8|  ap_memory | ShuffleConvs_0_Downs_2 |     array    |
|ShuffleConvs_0_Downs_2_address1  | out |   12|  ap_memory | ShuffleConvs_0_Downs_2 |     array    |
|ShuffleConvs_0_Downs_2_ce1       | out |    1|  ap_memory | ShuffleConvs_0_Downs_2 |     array    |
|ShuffleConvs_0_Downs_2_we1       | out |    1|  ap_memory | ShuffleConvs_0_Downs_2 |     array    |
|ShuffleConvs_0_Downs_2_d1        | out |    8|  ap_memory | ShuffleConvs_0_Downs_2 |     array    |
|ShuffleConvs_0_Downs_1_address0  | out |   12|  ap_memory | ShuffleConvs_0_Downs_1 |     array    |
|ShuffleConvs_0_Downs_1_ce0       | out |    1|  ap_memory | ShuffleConvs_0_Downs_1 |     array    |
|ShuffleConvs_0_Downs_1_we0       | out |    1|  ap_memory | ShuffleConvs_0_Downs_1 |     array    |
|ShuffleConvs_0_Downs_1_d0        | out |    8|  ap_memory | ShuffleConvs_0_Downs_1 |     array    |
|ShuffleConvs_0_Downs_1_q0        |  in |    8|  ap_memory | ShuffleConvs_0_Downs_1 |     array    |
|ShuffleConvs_0_Downs_1_address1  | out |   12|  ap_memory | ShuffleConvs_0_Downs_1 |     array    |
|ShuffleConvs_0_Downs_1_ce1       | out |    1|  ap_memory | ShuffleConvs_0_Downs_1 |     array    |
|ShuffleConvs_0_Downs_1_we1       | out |    1|  ap_memory | ShuffleConvs_0_Downs_1 |     array    |
|ShuffleConvs_0_Downs_1_d1        | out |    8|  ap_memory | ShuffleConvs_0_Downs_1 |     array    |
|ShuffleConvs_0_Downs_address0    | out |   12|  ap_memory |  ShuffleConvs_0_Downs  |     array    |
|ShuffleConvs_0_Downs_ce0         | out |    1|  ap_memory |  ShuffleConvs_0_Downs  |     array    |
|ShuffleConvs_0_Downs_we0         | out |    1|  ap_memory |  ShuffleConvs_0_Downs  |     array    |
|ShuffleConvs_0_Downs_d0          | out |    8|  ap_memory |  ShuffleConvs_0_Downs  |     array    |
|ShuffleConvs_0_Downs_q0          |  in |    8|  ap_memory |  ShuffleConvs_0_Downs  |     array    |
|ShuffleConvs_0_Downs_address1    | out |   12|  ap_memory |  ShuffleConvs_0_Downs  |     array    |
|ShuffleConvs_0_Downs_ce1         | out |    1|  ap_memory |  ShuffleConvs_0_Downs  |     array    |
|ShuffleConvs_0_Downs_we1         | out |    1|  ap_memory |  ShuffleConvs_0_Downs  |     array    |
|ShuffleConvs_0_Downs_d1          | out |    8|  ap_memory |  ShuffleConvs_0_Downs  |     array    |
+---------------------------------+-----+-----+------------+------------------------+--------------+

