

================================================================
== Vivado HLS Report for 'shuffle_96_r_p'
================================================================
* Date:           Fri Dec 21 00:09:50 2018

* Version:        2017.2 (Build 1909853 on Thu Jun 15 18:55:24 MDT 2017)
* Project:        acceleartor_hls_padding
* Solution:       optimization_sub_1x1+3x3
* Product family: zynq
* Target device:  xc7z020clg484-1


================================================================
== Performance Estimates
================================================================
+ Timing (ns): 
    * Summary: 
    +--------+-------+----------+------------+
    |  Clock | Target| Estimated| Uncertainty|
    +--------+-------+----------+------------+
    |ap_clk  |  10.00|      6.55|        1.25|
    +--------+-------+----------+------------+

+ Latency (clock cycles): 
    * Summary: 
    +-------+-------+-------+-------+---------+
    |    Latency    |    Interval   | Pipeline|
    |  min  |  max  |  min  |  max  |   Type  |
    +-------+-------+-------+-------+---------+
    |  16513|  23425|  16513|  23425|   none  |
    +-------+-------+-------+-------+---------+

    + Detail: 
        * Instance: 
        N/A

        * Loop: 
        +-----------------+-------+-------+----------+-----------+-----------+------+----------+
        |                 |    Latency    | Iteration|  Initiation Interval  | Trip |          |
        |    Loop Name    |  min  |  max  |  Latency |  achieved |   target  | Count| Pipelined|
        +-----------------+-------+-------+----------+-----------+-----------+------+----------+
        |- Loop 1         |  16512|  23424| 86 ~ 122 |          -|          -|   192|    no    |
        | + Loop 1.1      |     84|    120|  14 ~ 20 |          -|          -|     6|    no    |
        |  ++ Loop 1.1.1  |     12|     18|   2 ~ 3  |          -|          -|     6|    no    |
        +-----------------+-------+-------+----------+-----------+-----------+------+----------+

============================================================
+ Verbose Summary: Synthesis Manager
============================================================
InlineROM: 1
ExposeGlobal: 0
============================================================
+ Verbose Summary: CDFG Model
============================================================
IsTopModel: 0
ResetActiveHigh: 1
IsCombinational: 0
IsDatapathOnly: 0
HasWiredReturn: 1
HasMFsm: 0
HasVarLatency: 1
IsPipeline: 0
IsRtlPipelined: 0
IsInstanceOverlapped: 0
IsDontTouch: 0
HasImplIP: 0
IsGatedGlobalClock: 0


============================================================
+ Verbose Summary: Schedule
============================================================
* Number of FSM states: 6
* Pipeline: 0
* Dataflow Pipeline: 0

* FSM state transitions: 
1 --> 
	2  / true
2 --> 
	3  / (!exitcond3)
3 --> 
	4  / (!exitcond2)
	2  / (exitcond2)
4 --> 
	5  / (!exitcond & tmp_492)
	6  / (!exitcond & !tmp_492)
	3  / (exitcond)
5 --> 
	6  / true
6 --> 
	4  / true
* FSM state operations: 

 <State 1>: 1.59ns
ST_1: StgValue_7 (98)  [1/1] 1.59ns  loc: acceleartor_hls_padding/components.cpp:1253
:0  br label %.loopexit


 <State 2>: 2.91ns
ST_2: co (100)  [1/1] 0.00ns
.loopexit:0  %co = phi i8 [ 0, %0 ], [ %co_24, %.loopexit.loopexit ]

ST_2: tmp_492 (101)  [1/1] 0.00ns  loc: acceleartor_hls_padding/components.cpp:1253
.loopexit:1  %tmp_492 = trunc i8 %co to i1

ST_2: tmp_s (102)  [1/1] 0.00ns  loc: acceleartor_hls_padding/components.cpp:1253
.loopexit:2  %tmp_s = call i11 @_ssdm_op_BitConcatenate.i11.i8.i3(i8 %co, i3 0)

ST_2: p_shl_cast (103)  [1/1] 0.00ns  loc: acceleartor_hls_padding/components.cpp:1253
.loopexit:3  %p_shl_cast = zext i11 %tmp_s to i12

ST_2: tmp_322 (104)  [1/1] 0.00ns  loc: acceleartor_hls_padding/components.cpp:1253
.loopexit:4  %tmp_322 = call i9 @_ssdm_op_BitConcatenate.i9.i8.i1(i8 %co, i1 false)

ST_2: p_shl1_cast (105)  [1/1] 0.00ns  loc: acceleartor_hls_padding/components.cpp:1257
.loopexit:5  %p_shl1_cast = zext i9 %tmp_322 to i12

ST_2: tmp_323 (106)  [1/1] 2.33ns  loc: acceleartor_hls_padding/components.cpp:1257
.loopexit:6  %tmp_323 = sub i12 %p_shl_cast, %p_shl1_cast

ST_2: tmp_409_cast (107)  [1/1] 0.00ns  loc: acceleartor_hls_padding/components.cpp:1257
.loopexit:7  %tmp_409_cast = sext i12 %tmp_323 to i13

ST_2: exitcond3 (108)  [1/1] 2.91ns  loc: acceleartor_hls_padding/components.cpp:1253
.loopexit:8  %exitcond3 = icmp eq i8 %co, -64

ST_2: empty (109)  [1/1] 0.00ns
.loopexit:9  %empty = call i32 (...)* @_ssdm_op_SpecLoopTripCount(i64 192, i64 192, i64 192)

ST_2: co_24 (110)  [1/1] 2.32ns  loc: acceleartor_hls_padding/components.cpp:1253
.loopexit:10  %co_24 = add i8 1, %co

ST_2: StgValue_19 (111)  [1/1] 0.00ns  loc: acceleartor_hls_padding/components.cpp:1253
.loopexit:11  br i1 %exitcond3, label %3, label %.preheader4.preheader

ST_2: tmp_29 (113)  [1/1] 0.00ns  loc: acceleartor_hls_padding/components.cpp:1257
.preheader4.preheader:0  %tmp_29 = call i7 @_ssdm_op_PartSelect.i7.i8.i32.i32(i8 %co, i32 1, i32 7)

ST_2: StgValue_21 (114)  [1/1] 1.59ns  loc: acceleartor_hls_padding/components.cpp:1254
.preheader4.preheader:1  br label %.preheader4

ST_2: StgValue_22 (352)  [1/1] 0.00ns  loc: acceleartor_hls_padding/components.cpp:1261
:0  ret void


 <State 3>: 4.67ns
ST_3: h (116)  [1/1] 0.00ns
.preheader4:0  %h = phi i3 [ 0, %.preheader4.preheader ], [ %h_24, %.preheader4.loopexit ]

ST_3: h_cast2_cast (117)  [1/1] 0.00ns  loc: acceleartor_hls_padding/components.cpp:1257
.preheader4:1  %h_cast2_cast = zext i3 %h to i13

ST_3: tmp_324 (118)  [1/1] 2.33ns  loc: acceleartor_hls_padding/components.cpp:1257
.preheader4:2  %tmp_324 = add i13 %h_cast2_cast, %tmp_409_cast

ST_3: tmp_493 (119)  [1/1] 0.00ns  loc: acceleartor_hls_padding/components.cpp:1257
.preheader4:3  %tmp_493 = trunc i13 %tmp_324 to i11

ST_3: p_shl4_cast (120)  [1/1] 0.00ns  loc: acceleartor_hls_padding/components.cpp:1257
.preheader4:4  %p_shl4_cast = call i14 @_ssdm_op_BitConcatenate.i14.i11.i3(i11 %tmp_493, i3 0)

ST_3: p_shl5_cast (121)  [1/1] 0.00ns  loc: acceleartor_hls_padding/components.cpp:1257
.preheader4:5  %p_shl5_cast = call i14 @_ssdm_op_BitConcatenate.i14.i13.i1(i13 %tmp_324, i1 false)

ST_3: tmp_325 (122)  [1/1] 2.34ns  loc: acceleartor_hls_padding/components.cpp:1257
.preheader4:6  %tmp_325 = sub i14 %p_shl4_cast, %p_shl5_cast

ST_3: tmp_326 (123)  [1/1] 0.00ns  loc: acceleartor_hls_padding/components.cpp:1254
.preheader4:7  %tmp_326 = call i6 @_ssdm_op_BitConcatenate.i6.i3.i3(i3 %h, i3 0)

ST_3: p_shl2_cast (124)  [1/1] 0.00ns  loc: acceleartor_hls_padding/components.cpp:1254
.preheader4:8  %p_shl2_cast = zext i6 %tmp_326 to i7

ST_3: tmp_327 (125)  [1/1] 0.00ns  loc: acceleartor_hls_padding/components.cpp:1254
.preheader4:9  %tmp_327 = call i4 @_ssdm_op_BitConcatenate.i4.i3.i1(i3 %h, i1 false)

ST_3: p_shl3_cast (126)  [1/1] 0.00ns  loc: acceleartor_hls_padding/components.cpp:1254
.preheader4:10  %p_shl3_cast = zext i4 %tmp_327 to i7

ST_3: tmp_328 (127)  [1/1] 2.31ns  loc: acceleartor_hls_padding/components.cpp:1254
.preheader4:11  %tmp_328 = sub i7 %p_shl2_cast, %p_shl3_cast

ST_3: exitcond2 (128)  [1/1] 2.07ns  loc: acceleartor_hls_padding/components.cpp:1254
.preheader4:12  %exitcond2 = icmp eq i3 %h, -2

ST_3: empty_110 (129)  [1/1] 0.00ns
.preheader4:13  %empty_110 = call i32 (...)* @_ssdm_op_SpecLoopTripCount(i64 6, i64 6, i64 6)

ST_3: h_24 (130)  [1/1] 2.26ns  loc: acceleartor_hls_padding/components.cpp:1254
.preheader4:14  %h_24 = add i3 1, %h

ST_3: StgValue_38 (131)  [1/1] 0.00ns  loc: acceleartor_hls_padding/components.cpp:1254
.preheader4:15  br i1 %exitcond2, label %.loopexit.loopexit, label %.preheader.preheader

ST_3: StgValue_39 (133)  [1/1] 1.59ns  loc: acceleartor_hls_padding/components.cpp:1257
.preheader.preheader:0  br label %.preheader

ST_3: StgValue_40 (350)  [1/1] 0.00ns
.loopexit.loopexit:0  br label %.loopexit


 <State 4>: 4.64ns
ST_4: w (135)  [1/1] 0.00ns
.preheader:0  %w = phi i3 [ %w_34, %._crit_edge ], [ 0, %.preheader.preheader ]

ST_4: w_cast1_cast6 (136)  [1/1] 0.00ns  loc: acceleartor_hls_padding/components.cpp:1257
.preheader:1  %w_cast1_cast6 = zext i3 %w to i7

ST_4: w_cast1_cast (137)  [1/1] 0.00ns  loc: acceleartor_hls_padding/components.cpp:1257
.preheader:2  %w_cast1_cast = zext i3 %w to i14

ST_4: tmp_329 (138)  [1/1] 2.34ns  loc: acceleartor_hls_padding/components.cpp:1257
.preheader:3  %tmp_329 = add i14 %tmp_325, %w_cast1_cast

ST_4: tmp_417_cast (139)  [1/1] 0.00ns  loc: acceleartor_hls_padding/components.cpp:1257
.preheader:4  %tmp_417_cast = zext i14 %tmp_329 to i32

ST_4: output_V_addr (140)  [1/1] 0.00ns  loc: acceleartor_hls_padding/components.cpp:1257
.preheader:5  %output_V_addr = getelementptr [6912 x i8]* %output_V, i32 0, i32 %tmp_417_cast

ST_4: tmp_330 (141)  [1/1] 2.32ns  loc: acceleartor_hls_padding/components.cpp:1254
.preheader:6  %tmp_330 = add i7 %tmp_328, %w_cast1_cast6

ST_4: tmp_418_cast (142)  [1/1] 0.00ns  loc: acceleartor_hls_padding/components.cpp:1254
.preheader:7  %tmp_418_cast = sext i7 %tmp_330 to i32

ST_4: buffer1_1_96_4x4_p_V (143)  [1/1] 0.00ns  loc: acceleartor_hls_padding/components.cpp:1254
.preheader:8  %buffer1_1_96_4x4_p_V = getelementptr [36 x i8]* @buffer1_1_96_4x4_p_V_1, i32 0, i32 %tmp_418_cast

ST_4: buffer1_1_96_4x4_p_V_671 (144)  [1/1] 0.00ns  loc: acceleartor_hls_padding/components.cpp:1254
.preheader:9  %buffer1_1_96_4x4_p_V_671 = getelementptr [36 x i8]* @buffer1_1_96_4x4_p_V_20, i32 0, i32 %tmp_418_cast

ST_4: buffer1_1_96_4x4_p_V_672 (145)  [1/1] 0.00ns  loc: acceleartor_hls_padding/components.cpp:1254
.preheader:10  %buffer1_1_96_4x4_p_V_672 = getelementptr [36 x i8]* @buffer1_1_96_4x4_p_V_69, i32 0, i32 %tmp_418_cast

ST_4: buffer1_1_96_4x4_p_V_673 (146)  [1/1] 0.00ns  loc: acceleartor_hls_padding/components.cpp:1254
.preheader:11  %buffer1_1_96_4x4_p_V_673 = getelementptr [36 x i8]* @buffer1_1_96_4x4_p_V_70, i32 0, i32 %tmp_418_cast

ST_4: buffer1_1_96_4x4_p_V_674 (147)  [1/1] 0.00ns  loc: acceleartor_hls_padding/components.cpp:1254
.preheader:12  %buffer1_1_96_4x4_p_V_674 = getelementptr [36 x i8]* @buffer1_1_96_4x4_p_V_21, i32 0, i32 %tmp_418_cast

ST_4: buffer1_1_96_4x4_p_V_675 (148)  [1/1] 0.00ns  loc: acceleartor_hls_padding/components.cpp:1254
.preheader:13  %buffer1_1_96_4x4_p_V_675 = getelementptr [36 x i8]* @buffer1_1_96_4x4_p_V_7, i32 0, i32 %tmp_418_cast

ST_4: buffer1_1_96_4x4_p_V_676 (149)  [1/1] 0.00ns  loc: acceleartor_hls_padding/components.cpp:1254
.preheader:14  %buffer1_1_96_4x4_p_V_676 = getelementptr [36 x i8]* @buffer1_1_96_4x4_p_V_96, i32 0, i32 %tmp_418_cast

ST_4: buffer1_1_96_4x4_p_V_677 (150)  [1/1] 0.00ns  loc: acceleartor_hls_padding/components.cpp:1254
.preheader:15  %buffer1_1_96_4x4_p_V_677 = getelementptr [36 x i8]* @buffer1_1_96_4x4_p_V_68, i32 0, i32 %tmp_418_cast

ST_4: buffer1_1_96_4x4_p_V_678 (151)  [1/1] 0.00ns  loc: acceleartor_hls_padding/components.cpp:1254
.preheader:16  %buffer1_1_96_4x4_p_V_678 = getelementptr [36 x i8]* @buffer1_1_96_4x4_p_V_77, i32 0, i32 %tmp_418_cast

ST_4: buffer1_1_96_4x4_p_V_679 (152)  [1/1] 0.00ns  loc: acceleartor_hls_padding/components.cpp:1254
.preheader:17  %buffer1_1_96_4x4_p_V_679 = getelementptr [36 x i8]* @buffer1_1_96_4x4_p_V_75, i32 0, i32 %tmp_418_cast

ST_4: buffer1_1_96_4x4_p_V_680 (153)  [1/1] 0.00ns  loc: acceleartor_hls_padding/components.cpp:1254
.preheader:18  %buffer1_1_96_4x4_p_V_680 = getelementptr [36 x i8]* @buffer1_1_96_4x4_p_V_10, i32 0, i32 %tmp_418_cast

ST_4: buffer1_1_96_4x4_p_V_681 (154)  [1/1] 0.00ns  loc: acceleartor_hls_padding/components.cpp:1254
.preheader:19  %buffer1_1_96_4x4_p_V_681 = getelementptr [36 x i8]* @buffer1_1_96_4x4_p_V_76, i32 0, i32 %tmp_418_cast

ST_4: buffer1_1_96_4x4_p_V_682 (155)  [1/1] 0.00ns  loc: acceleartor_hls_padding/components.cpp:1254
.preheader:20  %buffer1_1_96_4x4_p_V_682 = getelementptr [36 x i8]* @buffer1_1_96_4x4_p_V_11, i32 0, i32 %tmp_418_cast

ST_4: buffer1_1_96_4x4_p_V_683 (156)  [1/1] 0.00ns  loc: acceleartor_hls_padding/components.cpp:1254
.preheader:21  %buffer1_1_96_4x4_p_V_683 = getelementptr [36 x i8]* @buffer1_1_96_4x4_p_V_78, i32 0, i32 %tmp_418_cast

ST_4: buffer1_1_96_4x4_p_V_684 (157)  [1/1] 0.00ns  loc: acceleartor_hls_padding/components.cpp:1254
.preheader:22  %buffer1_1_96_4x4_p_V_684 = getelementptr [36 x i8]* @buffer1_1_96_4x4_p_V_12, i32 0, i32 %tmp_418_cast

ST_4: buffer1_1_96_4x4_p_V_685 (158)  [1/1] 0.00ns  loc: acceleartor_hls_padding/components.cpp:1254
.preheader:23  %buffer1_1_96_4x4_p_V_685 = getelementptr [36 x i8]* @buffer1_1_96_4x4_p_V_42, i32 0, i32 %tmp_418_cast

ST_4: buffer1_1_96_4x4_p_V_686 (159)  [1/1] 0.00ns  loc: acceleartor_hls_padding/components.cpp:1254
.preheader:24  %buffer1_1_96_4x4_p_V_686 = getelementptr [36 x i8]* @buffer1_1_96_4x4_p_V_40, i32 0, i32 %tmp_418_cast

ST_4: buffer1_1_96_4x4_p_V_687 (160)  [1/1] 0.00ns  loc: acceleartor_hls_padding/components.cpp:1254
.preheader:25  %buffer1_1_96_4x4_p_V_687 = getelementptr [36 x i8]* @buffer1_1_96_4x4_p_V_73, i32 0, i32 %tmp_418_cast

ST_4: buffer1_1_96_4x4_p_V_688 (161)  [1/1] 0.00ns  loc: acceleartor_hls_padding/components.cpp:1254
.preheader:26  %buffer1_1_96_4x4_p_V_688 = getelementptr [36 x i8]* @buffer1_1_96_4x4_p_V_93, i32 0, i32 %tmp_418_cast

ST_4: buffer1_1_96_4x4_p_V_689 (162)  [1/1] 0.00ns  loc: acceleartor_hls_padding/components.cpp:1254
.preheader:27  %buffer1_1_96_4x4_p_V_689 = getelementptr [36 x i8]* @buffer1_1_96_4x4_p_V_95, i32 0, i32 %tmp_418_cast

ST_4: buffer1_1_96_4x4_p_V_690 (163)  [1/1] 0.00ns  loc: acceleartor_hls_padding/components.cpp:1254
.preheader:28  %buffer1_1_96_4x4_p_V_690 = getelementptr [36 x i8]* @buffer1_1_96_4x4_p_V_90, i32 0, i32 %tmp_418_cast

ST_4: buffer1_1_96_4x4_p_V_691 (164)  [1/1] 0.00ns  loc: acceleartor_hls_padding/components.cpp:1254
.preheader:29  %buffer1_1_96_4x4_p_V_691 = getelementptr [36 x i8]* @buffer1_1_96_4x4_p_V_74, i32 0, i32 %tmp_418_cast

ST_4: buffer1_1_96_4x4_p_V_692 (165)  [1/1] 0.00ns  loc: acceleartor_hls_padding/components.cpp:1254
.preheader:30  %buffer1_1_96_4x4_p_V_692 = getelementptr [36 x i8]* @buffer1_1_96_4x4_p_V_22, i32 0, i32 %tmp_418_cast

ST_4: buffer1_1_96_4x4_p_V_693 (166)  [1/1] 0.00ns  loc: acceleartor_hls_padding/components.cpp:1254
.preheader:31  %buffer1_1_96_4x4_p_V_693 = getelementptr [36 x i8]* @buffer1_1_96_4x4_p_V_71, i32 0, i32 %tmp_418_cast

ST_4: buffer1_1_96_4x4_p_V_694 (167)  [1/1] 0.00ns  loc: acceleartor_hls_padding/components.cpp:1254
.preheader:32  %buffer1_1_96_4x4_p_V_694 = getelementptr [36 x i8]* @buffer1_1_96_4x4_p_V_72, i32 0, i32 %tmp_418_cast

ST_4: buffer1_1_96_4x4_p_V_695 (168)  [1/1] 0.00ns  loc: acceleartor_hls_padding/components.cpp:1254
.preheader:33  %buffer1_1_96_4x4_p_V_695 = getelementptr [36 x i8]* @buffer1_1_96_4x4_p_V_83, i32 0, i32 %tmp_418_cast

ST_4: buffer1_1_96_4x4_p_V_696 (169)  [1/1] 0.00ns  loc: acceleartor_hls_padding/components.cpp:1254
.preheader:34  %buffer1_1_96_4x4_p_V_696 = getelementptr [36 x i8]* @buffer1_1_96_4x4_p_V_23, i32 0, i32 %tmp_418_cast

ST_4: buffer1_1_96_4x4_p_V_697 (170)  [1/1] 0.00ns  loc: acceleartor_hls_padding/components.cpp:1254
.preheader:35  %buffer1_1_96_4x4_p_V_697 = getelementptr [36 x i8]* @buffer1_1_96_4x4_p_V_3, i32 0, i32 %tmp_418_cast

ST_4: buffer1_1_96_4x4_p_V_698 (171)  [1/1] 0.00ns  loc: acceleartor_hls_padding/components.cpp:1254
.preheader:36  %buffer1_1_96_4x4_p_V_698 = getelementptr [36 x i8]* @buffer1_1_96_4x4_p_V_31, i32 0, i32 %tmp_418_cast

ST_4: buffer1_1_96_4x4_p_V_699 (172)  [1/1] 0.00ns  loc: acceleartor_hls_padding/components.cpp:1254
.preheader:37  %buffer1_1_96_4x4_p_V_699 = getelementptr [36 x i8]* @buffer1_1_96_4x4_p_V_33, i32 0, i32 %tmp_418_cast

ST_4: buffer1_1_96_4x4_p_V_700 (173)  [1/1] 0.00ns  loc: acceleartor_hls_padding/components.cpp:1254
.preheader:38  %buffer1_1_96_4x4_p_V_700 = getelementptr [36 x i8]* @buffer1_1_96_4x4_p_V_14, i32 0, i32 %tmp_418_cast

ST_4: buffer1_1_96_4x4_p_V_701 (174)  [1/1] 0.00ns  loc: acceleartor_hls_padding/components.cpp:1254
.preheader:39  %buffer1_1_96_4x4_p_V_701 = getelementptr [36 x i8]* @buffer1_1_96_4x4_p_V_15, i32 0, i32 %tmp_418_cast

ST_4: buffer1_1_96_4x4_p_V_702 (175)  [1/1] 0.00ns  loc: acceleartor_hls_padding/components.cpp:1254
.preheader:40  %buffer1_1_96_4x4_p_V_702 = getelementptr [36 x i8]* @buffer1_1_96_4x4_p_V_86, i32 0, i32 %tmp_418_cast

ST_4: buffer1_1_96_4x4_p_V_703 (176)  [1/1] 0.00ns  loc: acceleartor_hls_padding/components.cpp:1254
.preheader:41  %buffer1_1_96_4x4_p_V_703 = getelementptr [36 x i8]* @buffer1_1_96_4x4_p_V_29, i32 0, i32 %tmp_418_cast

ST_4: buffer1_1_96_4x4_p_V_704 (177)  [1/1] 0.00ns  loc: acceleartor_hls_padding/components.cpp:1254
.preheader:42  %buffer1_1_96_4x4_p_V_704 = getelementptr [36 x i8]* @buffer1_1_96_4x4_p_V_47, i32 0, i32 %tmp_418_cast

ST_4: buffer1_1_96_4x4_p_V_705 (178)  [1/1] 0.00ns  loc: acceleartor_hls_padding/components.cpp:1254
.preheader:43  %buffer1_1_96_4x4_p_V_705 = getelementptr [36 x i8]* @buffer1_1_96_4x4_p_V_88, i32 0, i32 %tmp_418_cast

ST_4: buffer1_1_96_4x4_p_V_706 (179)  [1/1] 0.00ns  loc: acceleartor_hls_padding/components.cpp:1254
.preheader:44  %buffer1_1_96_4x4_p_V_706 = getelementptr [36 x i8]* @buffer1_1_96_4x4_p_V_25, i32 0, i32 %tmp_418_cast

ST_4: buffer1_1_96_4x4_p_V_707 (180)  [1/1] 0.00ns  loc: acceleartor_hls_padding/components.cpp:1254
.preheader:45  %buffer1_1_96_4x4_p_V_707 = getelementptr [36 x i8]* @buffer1_1_96_4x4_p_V_9, i32 0, i32 %tmp_418_cast

ST_4: buffer1_1_96_4x4_p_V_708 (181)  [1/1] 0.00ns  loc: acceleartor_hls_padding/components.cpp:1254
.preheader:46  %buffer1_1_96_4x4_p_V_708 = getelementptr [36 x i8]* @buffer1_1_96_4x4_p_V_89, i32 0, i32 %tmp_418_cast

ST_4: buffer1_1_96_4x4_p_V_709 (182)  [1/1] 0.00ns  loc: acceleartor_hls_padding/components.cpp:1254
.preheader:47  %buffer1_1_96_4x4_p_V_709 = getelementptr [36 x i8]* @buffer1_1_96_4x4_p_V_51, i32 0, i32 %tmp_418_cast

ST_4: buffer1_1_96_4x4_p_V_710 (183)  [1/1] 0.00ns  loc: acceleartor_hls_padding/components.cpp:1254
.preheader:48  %buffer1_1_96_4x4_p_V_710 = getelementptr [36 x i8]* @buffer1_1_96_4x4_p_V_91, i32 0, i32 %tmp_418_cast

ST_4: buffer1_1_96_4x4_p_V_711 (184)  [1/1] 0.00ns  loc: acceleartor_hls_padding/components.cpp:1254
.preheader:49  %buffer1_1_96_4x4_p_V_711 = getelementptr [36 x i8]* @buffer1_1_96_4x4_p_V_67, i32 0, i32 %tmp_418_cast

ST_4: buffer1_1_96_4x4_p_V_712 (185)  [1/1] 0.00ns  loc: acceleartor_hls_padding/components.cpp:1254
.preheader:50  %buffer1_1_96_4x4_p_V_712 = getelementptr [36 x i8]* @buffer1_1_96_4x4_p_V_64, i32 0, i32 %tmp_418_cast

ST_4: buffer1_1_96_4x4_p_V_713 (186)  [1/1] 0.00ns  loc: acceleartor_hls_padding/components.cpp:1254
.preheader:51  %buffer1_1_96_4x4_p_V_713 = getelementptr [36 x i8]* @buffer1_1_96_4x4_p_V_87, i32 0, i32 %tmp_418_cast

ST_4: buffer1_1_96_4x4_p_V_714 (187)  [1/1] 0.00ns  loc: acceleartor_hls_padding/components.cpp:1254
.preheader:52  %buffer1_1_96_4x4_p_V_714 = getelementptr [36 x i8]* @buffer1_1_96_4x4_p_V_65, i32 0, i32 %tmp_418_cast

ST_4: buffer1_1_96_4x4_p_V_715 (188)  [1/1] 0.00ns  loc: acceleartor_hls_padding/components.cpp:1254
.preheader:53  %buffer1_1_96_4x4_p_V_715 = getelementptr [36 x i8]* @buffer1_1_96_4x4_p_V_84, i32 0, i32 %tmp_418_cast

ST_4: buffer1_1_96_4x4_p_V_716 (189)  [1/1] 0.00ns  loc: acceleartor_hls_padding/components.cpp:1254
.preheader:54  %buffer1_1_96_4x4_p_V_716 = getelementptr [36 x i8]* @buffer1_1_96_4x4_p_V_66, i32 0, i32 %tmp_418_cast

ST_4: buffer1_1_96_4x4_p_V_717 (190)  [1/1] 0.00ns  loc: acceleartor_hls_padding/components.cpp:1254
.preheader:55  %buffer1_1_96_4x4_p_V_717 = getelementptr [36 x i8]* @buffer1_1_96_4x4_p_V_24, i32 0, i32 %tmp_418_cast

ST_4: buffer1_1_96_4x4_p_V_718 (191)  [1/1] 0.00ns  loc: acceleartor_hls_padding/components.cpp:1254
.preheader:56  %buffer1_1_96_4x4_p_V_718 = getelementptr [36 x i8]* @buffer1_1_96_4x4_p_V_92, i32 0, i32 %tmp_418_cast

ST_4: buffer1_1_96_4x4_p_V_719 (192)  [1/1] 0.00ns  loc: acceleartor_hls_padding/components.cpp:1254
.preheader:57  %buffer1_1_96_4x4_p_V_719 = getelementptr [36 x i8]* @buffer1_1_96_4x4_p_V_26, i32 0, i32 %tmp_418_cast

ST_4: buffer1_1_96_4x4_p_V_720 (193)  [1/1] 0.00ns  loc: acceleartor_hls_padding/components.cpp:1254
.preheader:58  %buffer1_1_96_4x4_p_V_720 = getelementptr [36 x i8]* @buffer1_1_96_4x4_p_V_27, i32 0, i32 %tmp_418_cast

ST_4: buffer1_1_96_4x4_p_V_721 (194)  [1/1] 0.00ns  loc: acceleartor_hls_padding/components.cpp:1254
.preheader:59  %buffer1_1_96_4x4_p_V_721 = getelementptr [36 x i8]* @buffer1_1_96_4x4_p_V_85, i32 0, i32 %tmp_418_cast

ST_4: buffer1_1_96_4x4_p_V_722 (195)  [1/1] 0.00ns  loc: acceleartor_hls_padding/components.cpp:1254
.preheader:60  %buffer1_1_96_4x4_p_V_722 = getelementptr [36 x i8]* @buffer1_1_96_4x4_p_V_61, i32 0, i32 %tmp_418_cast

ST_4: buffer1_1_96_4x4_p_V_723 (196)  [1/1] 0.00ns  loc: acceleartor_hls_padding/components.cpp:1254
.preheader:61  %buffer1_1_96_4x4_p_V_723 = getelementptr [36 x i8]* @buffer1_1_96_4x4_p_V_62, i32 0, i32 %tmp_418_cast

ST_4: buffer1_1_96_4x4_p_V_724 (197)  [1/1] 0.00ns  loc: acceleartor_hls_padding/components.cpp:1254
.preheader:62  %buffer1_1_96_4x4_p_V_724 = getelementptr [36 x i8]* @buffer1_1_96_4x4_p_V_35, i32 0, i32 %tmp_418_cast

ST_4: buffer1_1_96_4x4_p_V_725 (198)  [1/1] 0.00ns  loc: acceleartor_hls_padding/components.cpp:1254
.preheader:63  %buffer1_1_96_4x4_p_V_725 = getelementptr [36 x i8]* @buffer1_1_96_4x4_p_V_49, i32 0, i32 %tmp_418_cast

ST_4: buffer1_1_96_4x4_p_V_726 (199)  [1/1] 0.00ns  loc: acceleartor_hls_padding/components.cpp:1254
.preheader:64  %buffer1_1_96_4x4_p_V_726 = getelementptr [36 x i8]* @buffer1_1_96_4x4_p_V_4, i32 0, i32 %tmp_418_cast

ST_4: buffer1_1_96_4x4_p_V_727 (200)  [1/1] 0.00ns  loc: acceleartor_hls_padding/components.cpp:1254
.preheader:65  %buffer1_1_96_4x4_p_V_727 = getelementptr [36 x i8]* @buffer1_1_96_4x4_p_V_39, i32 0, i32 %tmp_418_cast

ST_4: buffer1_1_96_4x4_p_V_728 (201)  [1/1] 0.00ns  loc: acceleartor_hls_padding/components.cpp:1254
.preheader:66  %buffer1_1_96_4x4_p_V_728 = getelementptr [36 x i8]* @buffer1_1_96_4x4_p_V_13, i32 0, i32 %tmp_418_cast

ST_4: buffer1_1_96_4x4_p_V_729 (202)  [1/1] 0.00ns  loc: acceleartor_hls_padding/components.cpp:1254
.preheader:67  %buffer1_1_96_4x4_p_V_729 = getelementptr [36 x i8]* @buffer1_1_96_4x4_p_V_45, i32 0, i32 %tmp_418_cast

ST_4: buffer1_1_96_4x4_p_V_730 (203)  [1/1] 0.00ns  loc: acceleartor_hls_padding/components.cpp:1254
.preheader:68  %buffer1_1_96_4x4_p_V_730 = getelementptr [36 x i8]* @buffer1_1_96_4x4_p_V_34, i32 0, i32 %tmp_418_cast

ST_4: buffer1_1_96_4x4_p_V_731 (204)  [1/1] 0.00ns  loc: acceleartor_hls_padding/components.cpp:1254
.preheader:69  %buffer1_1_96_4x4_p_V_731 = getelementptr [36 x i8]* @buffer1_1_96_4x4_p_V_32, i32 0, i32 %tmp_418_cast

ST_4: buffer1_1_96_4x4_p_V_732 (205)  [1/1] 0.00ns  loc: acceleartor_hls_padding/components.cpp:1254
.preheader:70  %buffer1_1_96_4x4_p_V_732 = getelementptr [36 x i8]* @buffer1_1_96_4x4_p_V_41, i32 0, i32 %tmp_418_cast

ST_4: buffer1_1_96_4x4_p_V_733 (206)  [1/1] 0.00ns  loc: acceleartor_hls_padding/components.cpp:1254
.preheader:71  %buffer1_1_96_4x4_p_V_733 = getelementptr [36 x i8]* @buffer1_1_96_4x4_p_V_43, i32 0, i32 %tmp_418_cast

ST_4: buffer1_1_96_4x4_p_V_734 (207)  [1/1] 0.00ns  loc: acceleartor_hls_padding/components.cpp:1254
.preheader:72  %buffer1_1_96_4x4_p_V_734 = getelementptr [36 x i8]* @buffer1_1_96_4x4_p_V_18, i32 0, i32 %tmp_418_cast

ST_4: buffer1_1_96_4x4_p_V_735 (208)  [1/1] 0.00ns  loc: acceleartor_hls_padding/components.cpp:1254
.preheader:73  %buffer1_1_96_4x4_p_V_735 = getelementptr [36 x i8]* @buffer1_1_96_4x4_p_V_17, i32 0, i32 %tmp_418_cast

ST_4: buffer1_1_96_4x4_p_V_736 (209)  [1/1] 0.00ns  loc: acceleartor_hls_padding/components.cpp:1254
.preheader:74  %buffer1_1_96_4x4_p_V_736 = getelementptr [36 x i8]* @buffer1_1_96_4x4_p_V_16, i32 0, i32 %tmp_418_cast

ST_4: buffer1_1_96_4x4_p_V_737 (210)  [1/1] 0.00ns  loc: acceleartor_hls_padding/components.cpp:1254
.preheader:75  %buffer1_1_96_4x4_p_V_737 = getelementptr [36 x i8]* @buffer1_1_96_4x4_p_V_48, i32 0, i32 %tmp_418_cast

ST_4: buffer1_1_96_4x4_p_V_738 (211)  [1/1] 0.00ns  loc: acceleartor_hls_padding/components.cpp:1254
.preheader:76  %buffer1_1_96_4x4_p_V_738 = getelementptr [36 x i8]* @buffer1_1_96_4x4_p_V_46, i32 0, i32 %tmp_418_cast

ST_4: buffer1_1_96_4x4_p_V_739 (212)  [1/1] 0.00ns  loc: acceleartor_hls_padding/components.cpp:1254
.preheader:77  %buffer1_1_96_4x4_p_V_739 = getelementptr [36 x i8]* @buffer1_1_96_4x4_p_V_28, i32 0, i32 %tmp_418_cast

ST_4: buffer1_1_96_4x4_p_V_740 (213)  [1/1] 0.00ns  loc: acceleartor_hls_padding/components.cpp:1254
.preheader:78  %buffer1_1_96_4x4_p_V_740 = getelementptr [36 x i8]* @buffer1_1_96_4x4_p_V_44, i32 0, i32 %tmp_418_cast

ST_4: buffer1_1_96_4x4_p_V_741 (214)  [1/1] 0.00ns  loc: acceleartor_hls_padding/components.cpp:1254
.preheader:79  %buffer1_1_96_4x4_p_V_741 = getelementptr [36 x i8]* @buffer1_1_96_4x4_p_V_2, i32 0, i32 %tmp_418_cast

ST_4: buffer1_1_96_4x4_p_V_742 (215)  [1/1] 0.00ns  loc: acceleartor_hls_padding/components.cpp:1254
.preheader:80  %buffer1_1_96_4x4_p_V_742 = getelementptr [36 x i8]* @buffer1_1_96_4x4_p_V_36, i32 0, i32 %tmp_418_cast

ST_4: buffer1_1_96_4x4_p_V_743 (216)  [1/1] 0.00ns  loc: acceleartor_hls_padding/components.cpp:1254
.preheader:81  %buffer1_1_96_4x4_p_V_743 = getelementptr [36 x i8]* @buffer1_1_96_4x4_p_V_30, i32 0, i32 %tmp_418_cast

ST_4: buffer1_1_96_4x4_p_V_744 (217)  [1/1] 0.00ns  loc: acceleartor_hls_padding/components.cpp:1254
.preheader:82  %buffer1_1_96_4x4_p_V_744 = getelementptr [36 x i8]* @buffer1_1_96_4x4_p_V_38, i32 0, i32 %tmp_418_cast

ST_4: buffer1_1_96_4x4_p_V_745 (218)  [1/1] 0.00ns  loc: acceleartor_hls_padding/components.cpp:1254
.preheader:83  %buffer1_1_96_4x4_p_V_745 = getelementptr [36 x i8]* @buffer1_1_96_4x4_p_V_19, i32 0, i32 %tmp_418_cast

ST_4: buffer1_1_96_4x4_p_V_746 (219)  [1/1] 0.00ns  loc: acceleartor_hls_padding/components.cpp:1254
.preheader:84  %buffer1_1_96_4x4_p_V_746 = getelementptr [36 x i8]* @buffer1_1_96_4x4_p_V_94, i32 0, i32 %tmp_418_cast

ST_4: buffer1_1_96_4x4_p_V_747 (220)  [1/1] 0.00ns  loc: acceleartor_hls_padding/components.cpp:1254
.preheader:85  %buffer1_1_96_4x4_p_V_747 = getelementptr [36 x i8]* @buffer1_1_96_4x4_p_V_37, i32 0, i32 %tmp_418_cast

ST_4: buffer1_1_96_4x4_p_V_748 (221)  [1/1] 0.00ns  loc: acceleartor_hls_padding/components.cpp:1254
.preheader:86  %buffer1_1_96_4x4_p_V_748 = getelementptr [36 x i8]* @buffer1_1_96_4x4_p_V_6, i32 0, i32 %tmp_418_cast

ST_4: buffer1_1_96_4x4_p_V_749 (222)  [1/1] 0.00ns  loc: acceleartor_hls_padding/components.cpp:1254
.preheader:87  %buffer1_1_96_4x4_p_V_749 = getelementptr [36 x i8]* @buffer1_1_96_4x4_p_V_82, i32 0, i32 %tmp_418_cast

ST_4: buffer1_1_96_4x4_p_V_750 (223)  [1/1] 0.00ns  loc: acceleartor_hls_padding/components.cpp:1254
.preheader:88  %buffer1_1_96_4x4_p_V_750 = getelementptr [36 x i8]* @buffer1_1_96_4x4_p_V_50, i32 0, i32 %tmp_418_cast

ST_4: buffer1_1_96_4x4_p_V_751 (224)  [1/1] 0.00ns  loc: acceleartor_hls_padding/components.cpp:1254
.preheader:89  %buffer1_1_96_4x4_p_V_751 = getelementptr [36 x i8]* @buffer1_1_96_4x4_p_V_5, i32 0, i32 %tmp_418_cast

ST_4: buffer1_1_96_4x4_p_V_752 (225)  [1/1] 0.00ns  loc: acceleartor_hls_padding/components.cpp:1254
.preheader:90  %buffer1_1_96_4x4_p_V_752 = getelementptr [36 x i8]* @buffer1_1_96_4x4_p_V_81, i32 0, i32 %tmp_418_cast

ST_4: buffer1_1_96_4x4_p_V_753 (226)  [1/1] 0.00ns  loc: acceleartor_hls_padding/components.cpp:1254
.preheader:91  %buffer1_1_96_4x4_p_V_753 = getelementptr [36 x i8]* @buffer1_1_96_4x4_p_V_8, i32 0, i32 %tmp_418_cast

ST_4: buffer1_1_96_4x4_p_V_754 (227)  [1/1] 0.00ns  loc: acceleartor_hls_padding/components.cpp:1254
.preheader:92  %buffer1_1_96_4x4_p_V_754 = getelementptr [36 x i8]* @buffer1_1_96_4x4_p_V_57, i32 0, i32 %tmp_418_cast

ST_4: buffer1_1_96_4x4_p_V_755 (228)  [1/1] 0.00ns  loc: acceleartor_hls_padding/components.cpp:1254
.preheader:93  %buffer1_1_96_4x4_p_V_755 = getelementptr [36 x i8]* @buffer1_1_96_4x4_p_V_58, i32 0, i32 %tmp_418_cast

ST_4: buffer1_1_96_4x4_p_V_756 (229)  [1/1] 0.00ns  loc: acceleartor_hls_padding/components.cpp:1254
.preheader:94  %buffer1_1_96_4x4_p_V_756 = getelementptr [36 x i8]* @buffer1_1_96_4x4_p_V_52, i32 0, i32 %tmp_418_cast

ST_4: buffer1_1_96_4x4_p_V_757 (230)  [1/1] 0.00ns  loc: acceleartor_hls_padding/components.cpp:1254
.preheader:95  %buffer1_1_96_4x4_p_V_757 = getelementptr [36 x i8]* @buffer1_1_96_4x4_p_V_56, i32 0, i32 %tmp_418_cast

ST_4: buffer1_1_96_4x4_p_V_758 (231)  [1/1] 0.00ns  loc: acceleartor_hls_padding/components.cpp:1254
.preheader:96  %buffer1_1_96_4x4_p_V_758 = getelementptr [36 x i8]* @buffer1_1_96_4x4_p_V_60, i32 0, i32 %tmp_418_cast

ST_4: buffer1_1_96_4x4_p_V_759 (232)  [1/1] 0.00ns  loc: acceleartor_hls_padding/components.cpp:1254
.preheader:97  %buffer1_1_96_4x4_p_V_759 = getelementptr [36 x i8]* @buffer1_1_96_4x4_p_V_63, i32 0, i32 %tmp_418_cast

ST_4: buffer1_1_96_4x4_p_V_760 (233)  [1/1] 0.00ns  loc: acceleartor_hls_padding/components.cpp:1254
.preheader:98  %buffer1_1_96_4x4_p_V_760 = getelementptr [36 x i8]* @buffer1_1_96_4x4_p_V_59, i32 0, i32 %tmp_418_cast

ST_4: buffer1_1_96_4x4_p_V_761 (234)  [1/1] 0.00ns  loc: acceleartor_hls_padding/components.cpp:1254
.preheader:99  %buffer1_1_96_4x4_p_V_761 = getelementptr [36 x i8]* @buffer1_1_96_4x4_p_V_54, i32 0, i32 %tmp_418_cast

ST_4: buffer1_1_96_4x4_p_V_762 (235)  [1/1] 0.00ns  loc: acceleartor_hls_padding/components.cpp:1254
.preheader:100  %buffer1_1_96_4x4_p_V_762 = getelementptr [36 x i8]* @buffer1_1_96_4x4_p_V_53, i32 0, i32 %tmp_418_cast

ST_4: buffer1_1_96_4x4_p_V_763 (236)  [1/1] 0.00ns  loc: acceleartor_hls_padding/components.cpp:1254
.preheader:101  %buffer1_1_96_4x4_p_V_763 = getelementptr [36 x i8]* @buffer1_1_96_4x4_p_V_79, i32 0, i32 %tmp_418_cast

ST_4: buffer1_1_96_4x4_p_V_764 (237)  [1/1] 0.00ns  loc: acceleartor_hls_padding/components.cpp:1254
.preheader:102  %buffer1_1_96_4x4_p_V_764 = getelementptr [36 x i8]* @buffer1_1_96_4x4_p_V_80, i32 0, i32 %tmp_418_cast

ST_4: buffer1_1_96_4x4_p_V_765 (238)  [1/1] 0.00ns  loc: acceleartor_hls_padding/components.cpp:1254
.preheader:103  %buffer1_1_96_4x4_p_V_765 = getelementptr [36 x i8]* @buffer1_1_96_4x4_p_V_55, i32 0, i32 %tmp_418_cast

ST_4: exitcond (239)  [1/1] 2.07ns  loc: acceleartor_hls_padding/components.cpp:1255
.preheader:104  %exitcond = icmp eq i3 %w, -2

ST_4: empty_111 (240)  [1/1] 0.00ns
.preheader:105  %empty_111 = call i32 (...)* @_ssdm_op_SpecLoopTripCount(i64 6, i64 6, i64 6)

ST_4: w_34 (241)  [1/1] 2.26ns  loc: acceleartor_hls_padding/components.cpp:1255
.preheader:106  %w_34 = add i3 %w, 1

ST_4: StgValue_148 (242)  [1/1] 0.00ns  loc: acceleartor_hls_padding/components.cpp:1255
.preheader:107  br i1 %exitcond, label %.preheader4.loopexit, label %1

ST_4: StgValue_149 (244)  [1/1] 0.00ns  loc: acceleartor_hls_padding/components.cpp:1257
:0  br i1 %tmp_492, label %2, label %._crit_edge

ST_4: buffer1_1_96_4x4_p_V_766 (246)  [2/2] 2.32ns  loc: acceleartor_hls_padding/components.cpp:1254
:0  %buffer1_1_96_4x4_p_V_766 = load i8* %buffer1_1_96_4x4_p_V_676, align 1

ST_4: buffer1_1_96_4x4_p_V_767 (247)  [2/2] 2.32ns  loc: acceleartor_hls_padding/components.cpp:1254
:1  %buffer1_1_96_4x4_p_V_767 = load i8* %buffer1_1_96_4x4_p_V, align 1

ST_4: buffer1_1_96_4x4_p_V_768 (248)  [2/2] 2.32ns  loc: acceleartor_hls_padding/components.cpp:1254
:2  %buffer1_1_96_4x4_p_V_768 = load i8* %buffer1_1_96_4x4_p_V_741, align 1

ST_4: buffer1_1_96_4x4_p_V_769 (249)  [2/2] 2.32ns  loc: acceleartor_hls_padding/components.cpp:1254
:3  %buffer1_1_96_4x4_p_V_769 = load i8* %buffer1_1_96_4x4_p_V_697, align 1

ST_4: buffer1_1_96_4x4_p_V_770 (250)  [2/2] 2.32ns  loc: acceleartor_hls_padding/components.cpp:1254
:4  %buffer1_1_96_4x4_p_V_770 = load i8* %buffer1_1_96_4x4_p_V_726, align 1

ST_4: buffer1_1_96_4x4_p_V_771 (251)  [2/2] 2.32ns  loc: acceleartor_hls_padding/components.cpp:1254
:5  %buffer1_1_96_4x4_p_V_771 = load i8* %buffer1_1_96_4x4_p_V_751, align 1

ST_4: buffer1_1_96_4x4_p_V_772 (252)  [2/2] 2.32ns  loc: acceleartor_hls_padding/components.cpp:1254
:6  %buffer1_1_96_4x4_p_V_772 = load i8* %buffer1_1_96_4x4_p_V_748, align 1

ST_4: buffer1_1_96_4x4_p_V_773 (253)  [2/2] 2.32ns  loc: acceleartor_hls_padding/components.cpp:1254
:7  %buffer1_1_96_4x4_p_V_773 = load i8* %buffer1_1_96_4x4_p_V_675, align 1

ST_4: buffer1_1_96_4x4_p_V_774 (254)  [2/2] 2.32ns  loc: acceleartor_hls_padding/components.cpp:1254
:8  %buffer1_1_96_4x4_p_V_774 = load i8* %buffer1_1_96_4x4_p_V_753, align 1

ST_4: buffer1_1_96_4x4_p_V_775 (255)  [2/2] 2.32ns  loc: acceleartor_hls_padding/components.cpp:1254
:9  %buffer1_1_96_4x4_p_V_775 = load i8* %buffer1_1_96_4x4_p_V_707, align 1

ST_4: buffer1_1_96_4x4_p_V_776 (256)  [2/2] 2.32ns  loc: acceleartor_hls_padding/components.cpp:1254
:10  %buffer1_1_96_4x4_p_V_776 = load i8* %buffer1_1_96_4x4_p_V_680, align 1

ST_4: buffer1_1_96_4x4_p_V_777 (257)  [2/2] 2.32ns  loc: acceleartor_hls_padding/components.cpp:1254
:11  %buffer1_1_96_4x4_p_V_777 = load i8* %buffer1_1_96_4x4_p_V_682, align 1

ST_4: buffer1_1_96_4x4_p_V_778 (258)  [2/2] 2.32ns  loc: acceleartor_hls_padding/components.cpp:1254
:12  %buffer1_1_96_4x4_p_V_778 = load i8* %buffer1_1_96_4x4_p_V_684, align 1

ST_4: buffer1_1_96_4x4_p_V_779 (259)  [2/2] 2.32ns  loc: acceleartor_hls_padding/components.cpp:1254
:13  %buffer1_1_96_4x4_p_V_779 = load i8* %buffer1_1_96_4x4_p_V_728, align 1

ST_4: buffer1_1_96_4x4_p_V_780 (260)  [2/2] 2.32ns  loc: acceleartor_hls_padding/components.cpp:1254
:14  %buffer1_1_96_4x4_p_V_780 = load i8* %buffer1_1_96_4x4_p_V_700, align 1

ST_4: buffer1_1_96_4x4_p_V_781 (261)  [2/2] 2.32ns  loc: acceleartor_hls_padding/components.cpp:1254
:15  %buffer1_1_96_4x4_p_V_781 = load i8* %buffer1_1_96_4x4_p_V_701, align 1

ST_4: buffer1_1_96_4x4_p_V_782 (262)  [2/2] 2.32ns  loc: acceleartor_hls_padding/components.cpp:1254
:16  %buffer1_1_96_4x4_p_V_782 = load i8* %buffer1_1_96_4x4_p_V_736, align 1

ST_4: buffer1_1_96_4x4_p_V_783 (263)  [2/2] 2.32ns  loc: acceleartor_hls_padding/components.cpp:1254
:17  %buffer1_1_96_4x4_p_V_783 = load i8* %buffer1_1_96_4x4_p_V_735, align 1

ST_4: buffer1_1_96_4x4_p_V_784 (264)  [2/2] 2.32ns  loc: acceleartor_hls_padding/components.cpp:1254
:18  %buffer1_1_96_4x4_p_V_784 = load i8* %buffer1_1_96_4x4_p_V_734, align 1

ST_4: buffer1_1_96_4x4_p_V_785 (265)  [2/2] 2.32ns  loc: acceleartor_hls_padding/components.cpp:1254
:19  %buffer1_1_96_4x4_p_V_785 = load i8* %buffer1_1_96_4x4_p_V_745, align 1

ST_4: buffer1_1_96_4x4_p_V_786 (266)  [2/2] 2.32ns  loc: acceleartor_hls_padding/components.cpp:1254
:20  %buffer1_1_96_4x4_p_V_786 = load i8* %buffer1_1_96_4x4_p_V_671, align 1

ST_4: buffer1_1_96_4x4_p_V_787 (267)  [2/2] 2.32ns  loc: acceleartor_hls_padding/components.cpp:1254
:21  %buffer1_1_96_4x4_p_V_787 = load i8* %buffer1_1_96_4x4_p_V_674, align 1

ST_4: buffer1_1_96_4x4_p_V_788 (268)  [2/2] 2.32ns  loc: acceleartor_hls_padding/components.cpp:1254
:22  %buffer1_1_96_4x4_p_V_788 = load i8* %buffer1_1_96_4x4_p_V_692, align 1

ST_4: buffer1_1_96_4x4_p_V_789 (269)  [2/2] 2.32ns  loc: acceleartor_hls_padding/components.cpp:1254
:23  %buffer1_1_96_4x4_p_V_789 = load i8* %buffer1_1_96_4x4_p_V_696, align 1

ST_4: buffer1_1_96_4x4_p_V_790 (270)  [2/2] 2.32ns  loc: acceleartor_hls_padding/components.cpp:1254
:24  %buffer1_1_96_4x4_p_V_790 = load i8* %buffer1_1_96_4x4_p_V_717, align 1

ST_4: buffer1_1_96_4x4_p_V_791 (271)  [2/2] 2.32ns  loc: acceleartor_hls_padding/components.cpp:1254
:25  %buffer1_1_96_4x4_p_V_791 = load i8* %buffer1_1_96_4x4_p_V_706, align 1

ST_4: buffer1_1_96_4x4_p_V_792 (272)  [2/2] 2.32ns  loc: acceleartor_hls_padding/components.cpp:1254
:26  %buffer1_1_96_4x4_p_V_792 = load i8* %buffer1_1_96_4x4_p_V_719, align 1

ST_4: buffer1_1_96_4x4_p_V_793 (273)  [2/2] 2.32ns  loc: acceleartor_hls_padding/components.cpp:1254
:27  %buffer1_1_96_4x4_p_V_793 = load i8* %buffer1_1_96_4x4_p_V_720, align 1

ST_4: buffer1_1_96_4x4_p_V_794 (274)  [2/2] 2.32ns  loc: acceleartor_hls_padding/components.cpp:1254
:28  %buffer1_1_96_4x4_p_V_794 = load i8* %buffer1_1_96_4x4_p_V_739, align 1

ST_4: buffer1_1_96_4x4_p_V_795 (275)  [2/2] 2.32ns  loc: acceleartor_hls_padding/components.cpp:1254
:29  %buffer1_1_96_4x4_p_V_795 = load i8* %buffer1_1_96_4x4_p_V_703, align 1

ST_4: buffer1_1_96_4x4_p_V_796 (276)  [2/2] 2.32ns  loc: acceleartor_hls_padding/components.cpp:1254
:30  %buffer1_1_96_4x4_p_V_796 = load i8* %buffer1_1_96_4x4_p_V_743, align 1

ST_4: buffer1_1_96_4x4_p_V_797 (277)  [2/2] 2.32ns  loc: acceleartor_hls_padding/components.cpp:1254
:31  %buffer1_1_96_4x4_p_V_797 = load i8* %buffer1_1_96_4x4_p_V_698, align 1

ST_4: buffer1_1_96_4x4_p_V_798 (278)  [2/2] 2.32ns  loc: acceleartor_hls_padding/components.cpp:1254
:32  %buffer1_1_96_4x4_p_V_798 = load i8* %buffer1_1_96_4x4_p_V_731, align 1

ST_4: buffer1_1_96_4x4_p_V_799 (279)  [2/2] 2.32ns  loc: acceleartor_hls_padding/components.cpp:1254
:33  %buffer1_1_96_4x4_p_V_799 = load i8* %buffer1_1_96_4x4_p_V_699, align 1

ST_4: buffer1_1_96_4x4_p_V_800 (280)  [2/2] 2.32ns  loc: acceleartor_hls_padding/components.cpp:1254
:34  %buffer1_1_96_4x4_p_V_800 = load i8* %buffer1_1_96_4x4_p_V_730, align 1

ST_4: buffer1_1_96_4x4_p_V_801 (281)  [2/2] 2.32ns  loc: acceleartor_hls_padding/components.cpp:1254
:35  %buffer1_1_96_4x4_p_V_801 = load i8* %buffer1_1_96_4x4_p_V_724, align 1

ST_4: buffer1_1_96_4x4_p_V_802 (282)  [2/2] 2.32ns  loc: acceleartor_hls_padding/components.cpp:1254
:36  %buffer1_1_96_4x4_p_V_802 = load i8* %buffer1_1_96_4x4_p_V_742, align 1

ST_4: buffer1_1_96_4x4_p_V_803 (283)  [2/2] 2.32ns  loc: acceleartor_hls_padding/components.cpp:1254
:37  %buffer1_1_96_4x4_p_V_803 = load i8* %buffer1_1_96_4x4_p_V_747, align 1

ST_4: buffer1_1_96_4x4_p_V_804 (284)  [2/2] 2.32ns  loc: acceleartor_hls_padding/components.cpp:1254
:38  %buffer1_1_96_4x4_p_V_804 = load i8* %buffer1_1_96_4x4_p_V_744, align 1

ST_4: buffer1_1_96_4x4_p_V_805 (285)  [2/2] 2.32ns  loc: acceleartor_hls_padding/components.cpp:1254
:39  %buffer1_1_96_4x4_p_V_805 = load i8* %buffer1_1_96_4x4_p_V_727, align 1

ST_4: buffer1_1_96_4x4_p_V_806 (286)  [2/2] 2.32ns  loc: acceleartor_hls_padding/components.cpp:1254
:40  %buffer1_1_96_4x4_p_V_806 = load i8* %buffer1_1_96_4x4_p_V_686, align 1

ST_4: buffer1_1_96_4x4_p_V_807 (287)  [2/2] 2.32ns  loc: acceleartor_hls_padding/components.cpp:1254
:41  %buffer1_1_96_4x4_p_V_807 = load i8* %buffer1_1_96_4x4_p_V_732, align 1

ST_4: buffer1_1_96_4x4_p_V_808 (288)  [2/2] 2.32ns  loc: acceleartor_hls_padding/components.cpp:1254
:42  %buffer1_1_96_4x4_p_V_808 = load i8* %buffer1_1_96_4x4_p_V_685, align 1

ST_4: buffer1_1_96_4x4_p_V_809 (289)  [2/2] 2.32ns  loc: acceleartor_hls_padding/components.cpp:1254
:43  %buffer1_1_96_4x4_p_V_809 = load i8* %buffer1_1_96_4x4_p_V_733, align 1

ST_4: buffer1_1_96_4x4_p_V_810 (290)  [2/2] 2.32ns  loc: acceleartor_hls_padding/components.cpp:1254
:44  %buffer1_1_96_4x4_p_V_810 = load i8* %buffer1_1_96_4x4_p_V_740, align 1

ST_4: buffer1_1_96_4x4_p_V_811 (291)  [2/2] 2.32ns  loc: acceleartor_hls_padding/components.cpp:1254
:45  %buffer1_1_96_4x4_p_V_811 = load i8* %buffer1_1_96_4x4_p_V_729, align 1

ST_4: buffer1_1_96_4x4_p_V_812 (292)  [2/2] 2.32ns  loc: acceleartor_hls_padding/components.cpp:1254
:46  %buffer1_1_96_4x4_p_V_812 = load i8* %buffer1_1_96_4x4_p_V_738, align 1

ST_4: buffer1_1_96_4x4_p_V_813 (293)  [2/2] 2.32ns  loc: acceleartor_hls_padding/components.cpp:1254
:47  %buffer1_1_96_4x4_p_V_813 = load i8* %buffer1_1_96_4x4_p_V_704, align 1

ST_4: buffer1_1_96_4x4_p_V_814 (294)  [2/2] 2.32ns  loc: acceleartor_hls_padding/components.cpp:1254
:48  %buffer1_1_96_4x4_p_V_814 = load i8* %buffer1_1_96_4x4_p_V_737, align 1

ST_4: buffer1_1_96_4x4_p_V_815 (295)  [2/2] 2.32ns  loc: acceleartor_hls_padding/components.cpp:1254
:49  %buffer1_1_96_4x4_p_V_815 = load i8* %buffer1_1_96_4x4_p_V_725, align 1

ST_4: buffer1_1_96_4x4_p_V_816 (296)  [2/2] 2.32ns  loc: acceleartor_hls_padding/components.cpp:1254
:50  %buffer1_1_96_4x4_p_V_816 = load i8* %buffer1_1_96_4x4_p_V_750, align 1

ST_4: buffer1_1_96_4x4_p_V_817 (297)  [2/2] 2.32ns  loc: acceleartor_hls_padding/components.cpp:1254
:51  %buffer1_1_96_4x4_p_V_817 = load i8* %buffer1_1_96_4x4_p_V_709, align 1

ST_4: buffer1_1_96_4x4_p_V_818 (298)  [2/2] 2.32ns  loc: acceleartor_hls_padding/components.cpp:1254
:52  %buffer1_1_96_4x4_p_V_818 = load i8* %buffer1_1_96_4x4_p_V_756, align 1

ST_4: buffer1_1_96_4x4_p_V_819 (299)  [2/2] 2.32ns  loc: acceleartor_hls_padding/components.cpp:1254
:53  %buffer1_1_96_4x4_p_V_819 = load i8* %buffer1_1_96_4x4_p_V_762, align 1

ST_4: buffer1_1_96_4x4_p_V_820 (300)  [2/2] 2.32ns  loc: acceleartor_hls_padding/components.cpp:1254
:54  %buffer1_1_96_4x4_p_V_820 = load i8* %buffer1_1_96_4x4_p_V_761, align 1

ST_4: buffer1_1_96_4x4_p_V_821 (301)  [2/2] 2.32ns  loc: acceleartor_hls_padding/components.cpp:1254
:55  %buffer1_1_96_4x4_p_V_821 = load i8* %buffer1_1_96_4x4_p_V_765, align 1

ST_4: buffer1_1_96_4x4_p_V_822 (302)  [2/2] 2.32ns  loc: acceleartor_hls_padding/components.cpp:1254
:56  %buffer1_1_96_4x4_p_V_822 = load i8* %buffer1_1_96_4x4_p_V_757, align 1

ST_4: buffer1_1_96_4x4_p_V_823 (303)  [2/2] 2.32ns  loc: acceleartor_hls_padding/components.cpp:1254
:57  %buffer1_1_96_4x4_p_V_823 = load i8* %buffer1_1_96_4x4_p_V_754, align 1

ST_4: buffer1_1_96_4x4_p_V_824 (304)  [2/2] 2.32ns  loc: acceleartor_hls_padding/components.cpp:1254
:58  %buffer1_1_96_4x4_p_V_824 = load i8* %buffer1_1_96_4x4_p_V_755, align 1

ST_4: buffer1_1_96_4x4_p_V_825 (305)  [2/2] 2.32ns  loc: acceleartor_hls_padding/components.cpp:1254
:59  %buffer1_1_96_4x4_p_V_825 = load i8* %buffer1_1_96_4x4_p_V_760, align 1

ST_4: buffer1_1_96_4x4_p_V_826 (306)  [2/2] 2.32ns  loc: acceleartor_hls_padding/components.cpp:1254
:60  %buffer1_1_96_4x4_p_V_826 = load i8* %buffer1_1_96_4x4_p_V_758, align 1

ST_4: buffer1_1_96_4x4_p_V_827 (307)  [2/2] 2.32ns  loc: acceleartor_hls_padding/components.cpp:1254
:61  %buffer1_1_96_4x4_p_V_827 = load i8* %buffer1_1_96_4x4_p_V_722, align 1

ST_4: buffer1_1_96_4x4_p_V_828 (308)  [2/2] 2.32ns  loc: acceleartor_hls_padding/components.cpp:1254
:62  %buffer1_1_96_4x4_p_V_828 = load i8* %buffer1_1_96_4x4_p_V_723, align 1

ST_4: buffer1_1_96_4x4_p_V_829 (309)  [2/2] 2.32ns  loc: acceleartor_hls_padding/components.cpp:1254
:63  %buffer1_1_96_4x4_p_V_829 = load i8* %buffer1_1_96_4x4_p_V_759, align 1

ST_4: buffer1_1_96_4x4_p_V_830 (310)  [2/2] 2.32ns  loc: acceleartor_hls_padding/components.cpp:1254
:64  %buffer1_1_96_4x4_p_V_830 = load i8* %buffer1_1_96_4x4_p_V_712, align 1

ST_4: buffer1_1_96_4x4_p_V_831 (311)  [2/2] 2.32ns  loc: acceleartor_hls_padding/components.cpp:1254
:65  %buffer1_1_96_4x4_p_V_831 = load i8* %buffer1_1_96_4x4_p_V_714, align 1

ST_4: buffer1_1_96_4x4_p_V_832 (312)  [2/2] 2.32ns  loc: acceleartor_hls_padding/components.cpp:1254
:66  %buffer1_1_96_4x4_p_V_832 = load i8* %buffer1_1_96_4x4_p_V_716, align 1

ST_4: buffer1_1_96_4x4_p_V_833 (313)  [2/2] 2.32ns  loc: acceleartor_hls_padding/components.cpp:1254
:67  %buffer1_1_96_4x4_p_V_833 = load i8* %buffer1_1_96_4x4_p_V_711, align 1

ST_4: buffer1_1_96_4x4_p_V_834 (314)  [2/2] 2.32ns  loc: acceleartor_hls_padding/components.cpp:1254
:68  %buffer1_1_96_4x4_p_V_834 = load i8* %buffer1_1_96_4x4_p_V_677, align 1

ST_4: buffer1_1_96_4x4_p_V_835 (315)  [2/2] 2.32ns  loc: acceleartor_hls_padding/components.cpp:1254
:69  %buffer1_1_96_4x4_p_V_835 = load i8* %buffer1_1_96_4x4_p_V_672, align 1

ST_4: buffer1_1_96_4x4_p_V_836 (316)  [2/2] 2.32ns  loc: acceleartor_hls_padding/components.cpp:1254
:70  %buffer1_1_96_4x4_p_V_836 = load i8* %buffer1_1_96_4x4_p_V_673, align 1

ST_4: buffer1_1_96_4x4_p_V_837 (317)  [2/2] 2.32ns  loc: acceleartor_hls_padding/components.cpp:1254
:71  %buffer1_1_96_4x4_p_V_837 = load i8* %buffer1_1_96_4x4_p_V_693, align 1

ST_4: buffer1_1_96_4x4_p_V_838 (318)  [2/2] 2.32ns  loc: acceleartor_hls_padding/components.cpp:1254
:72  %buffer1_1_96_4x4_p_V_838 = load i8* %buffer1_1_96_4x4_p_V_694, align 1

ST_4: buffer1_1_96_4x4_p_V_839 (319)  [2/2] 2.32ns  loc: acceleartor_hls_padding/components.cpp:1254
:73  %buffer1_1_96_4x4_p_V_839 = load i8* %buffer1_1_96_4x4_p_V_687, align 1

ST_4: buffer1_1_96_4x4_p_V_840 (320)  [2/2] 2.32ns  loc: acceleartor_hls_padding/components.cpp:1254
:74  %buffer1_1_96_4x4_p_V_840 = load i8* %buffer1_1_96_4x4_p_V_691, align 1

ST_4: buffer1_1_96_4x4_p_V_841 (321)  [2/2] 2.32ns  loc: acceleartor_hls_padding/components.cpp:1254
:75  %buffer1_1_96_4x4_p_V_841 = load i8* %buffer1_1_96_4x4_p_V_679, align 1

ST_4: buffer1_1_96_4x4_p_V_842 (322)  [2/2] 2.32ns  loc: acceleartor_hls_padding/components.cpp:1254
:76  %buffer1_1_96_4x4_p_V_842 = load i8* %buffer1_1_96_4x4_p_V_681, align 1

ST_4: buffer1_1_96_4x4_p_V_843 (323)  [2/2] 2.32ns  loc: acceleartor_hls_padding/components.cpp:1254
:77  %buffer1_1_96_4x4_p_V_843 = load i8* %buffer1_1_96_4x4_p_V_678, align 1

ST_4: buffer1_1_96_4x4_p_V_844 (324)  [2/2] 2.32ns  loc: acceleartor_hls_padding/components.cpp:1254
:78  %buffer1_1_96_4x4_p_V_844 = load i8* %buffer1_1_96_4x4_p_V_683, align 1

ST_4: buffer1_1_96_4x4_p_V_845 (325)  [2/2] 2.32ns  loc: acceleartor_hls_padding/components.cpp:1254
:79  %buffer1_1_96_4x4_p_V_845 = load i8* %buffer1_1_96_4x4_p_V_763, align 1

ST_4: buffer1_1_96_4x4_p_V_846 (326)  [2/2] 2.32ns  loc: acceleartor_hls_padding/components.cpp:1254
:80  %buffer1_1_96_4x4_p_V_846 = load i8* %buffer1_1_96_4x4_p_V_764, align 1

ST_4: buffer1_1_96_4x4_p_V_847 (327)  [2/2] 2.32ns  loc: acceleartor_hls_padding/components.cpp:1254
:81  %buffer1_1_96_4x4_p_V_847 = load i8* %buffer1_1_96_4x4_p_V_752, align 1

ST_4: buffer1_1_96_4x4_p_V_848 (328)  [2/2] 2.32ns  loc: acceleartor_hls_padding/components.cpp:1254
:82  %buffer1_1_96_4x4_p_V_848 = load i8* %buffer1_1_96_4x4_p_V_749, align 1

ST_4: buffer1_1_96_4x4_p_V_849 (329)  [2/2] 2.32ns  loc: acceleartor_hls_padding/components.cpp:1254
:83  %buffer1_1_96_4x4_p_V_849 = load i8* %buffer1_1_96_4x4_p_V_695, align 1

ST_4: buffer1_1_96_4x4_p_V_850 (330)  [2/2] 2.32ns  loc: acceleartor_hls_padding/components.cpp:1254
:84  %buffer1_1_96_4x4_p_V_850 = load i8* %buffer1_1_96_4x4_p_V_715, align 1

ST_4: buffer1_1_96_4x4_p_V_851 (331)  [2/2] 2.32ns  loc: acceleartor_hls_padding/components.cpp:1254
:85  %buffer1_1_96_4x4_p_V_851 = load i8* %buffer1_1_96_4x4_p_V_721, align 1

ST_4: buffer1_1_96_4x4_p_V_852 (332)  [2/2] 2.32ns  loc: acceleartor_hls_padding/components.cpp:1254
:86  %buffer1_1_96_4x4_p_V_852 = load i8* %buffer1_1_96_4x4_p_V_702, align 1

ST_4: buffer1_1_96_4x4_p_V_853 (333)  [2/2] 2.32ns  loc: acceleartor_hls_padding/components.cpp:1254
:87  %buffer1_1_96_4x4_p_V_853 = load i8* %buffer1_1_96_4x4_p_V_713, align 1

ST_4: buffer1_1_96_4x4_p_V_854 (334)  [2/2] 2.32ns  loc: acceleartor_hls_padding/components.cpp:1254
:88  %buffer1_1_96_4x4_p_V_854 = load i8* %buffer1_1_96_4x4_p_V_705, align 1

ST_4: buffer1_1_96_4x4_p_V_855 (335)  [2/2] 2.32ns  loc: acceleartor_hls_padding/components.cpp:1254
:89  %buffer1_1_96_4x4_p_V_855 = load i8* %buffer1_1_96_4x4_p_V_708, align 1

ST_4: buffer1_1_96_4x4_p_V_856 (336)  [2/2] 2.32ns  loc: acceleartor_hls_padding/components.cpp:1254
:90  %buffer1_1_96_4x4_p_V_856 = load i8* %buffer1_1_96_4x4_p_V_690, align 1

ST_4: buffer1_1_96_4x4_p_V_857 (337)  [2/2] 2.32ns  loc: acceleartor_hls_padding/components.cpp:1254
:91  %buffer1_1_96_4x4_p_V_857 = load i8* %buffer1_1_96_4x4_p_V_710, align 1

ST_4: buffer1_1_96_4x4_p_V_858 (338)  [2/2] 2.32ns  loc: acceleartor_hls_padding/components.cpp:1254
:92  %buffer1_1_96_4x4_p_V_858 = load i8* %buffer1_1_96_4x4_p_V_718, align 1

ST_4: buffer1_1_96_4x4_p_V_859 (339)  [2/2] 2.32ns  loc: acceleartor_hls_padding/components.cpp:1254
:93  %buffer1_1_96_4x4_p_V_859 = load i8* %buffer1_1_96_4x4_p_V_688, align 1

ST_4: buffer1_1_96_4x4_p_V_860 (340)  [2/2] 2.32ns  loc: acceleartor_hls_padding/components.cpp:1254
:94  %buffer1_1_96_4x4_p_V_860 = load i8* %buffer1_1_96_4x4_p_V_746, align 1

ST_4: buffer1_1_96_4x4_p_V_861 (341)  [2/2] 2.32ns  loc: acceleartor_hls_padding/components.cpp:1254
:95  %buffer1_1_96_4x4_p_V_861 = load i8* %buffer1_1_96_4x4_p_V_689, align 1

ST_4: StgValue_246 (348)  [1/1] 0.00ns
.preheader4.loopexit:0  br label %.preheader4


 <State 5>: 6.55ns
ST_5: buffer1_1_96_4x4_p_V_766 (246)  [1/2] 2.32ns  loc: acceleartor_hls_padding/components.cpp:1254
:0  %buffer1_1_96_4x4_p_V_766 = load i8* %buffer1_1_96_4x4_p_V_676, align 1

ST_5: buffer1_1_96_4x4_p_V_767 (247)  [1/2] 2.32ns  loc: acceleartor_hls_padding/components.cpp:1254
:1  %buffer1_1_96_4x4_p_V_767 = load i8* %buffer1_1_96_4x4_p_V, align 1

ST_5: buffer1_1_96_4x4_p_V_768 (248)  [1/2] 2.32ns  loc: acceleartor_hls_padding/components.cpp:1254
:2  %buffer1_1_96_4x4_p_V_768 = load i8* %buffer1_1_96_4x4_p_V_741, align 1

ST_5: buffer1_1_96_4x4_p_V_769 (249)  [1/2] 2.32ns  loc: acceleartor_hls_padding/components.cpp:1254
:3  %buffer1_1_96_4x4_p_V_769 = load i8* %buffer1_1_96_4x4_p_V_697, align 1

ST_5: buffer1_1_96_4x4_p_V_770 (250)  [1/2] 2.32ns  loc: acceleartor_hls_padding/components.cpp:1254
:4  %buffer1_1_96_4x4_p_V_770 = load i8* %buffer1_1_96_4x4_p_V_726, align 1

ST_5: buffer1_1_96_4x4_p_V_771 (251)  [1/2] 2.32ns  loc: acceleartor_hls_padding/components.cpp:1254
:5  %buffer1_1_96_4x4_p_V_771 = load i8* %buffer1_1_96_4x4_p_V_751, align 1

ST_5: buffer1_1_96_4x4_p_V_772 (252)  [1/2] 2.32ns  loc: acceleartor_hls_padding/components.cpp:1254
:6  %buffer1_1_96_4x4_p_V_772 = load i8* %buffer1_1_96_4x4_p_V_748, align 1

ST_5: buffer1_1_96_4x4_p_V_773 (253)  [1/2] 2.32ns  loc: acceleartor_hls_padding/components.cpp:1254
:7  %buffer1_1_96_4x4_p_V_773 = load i8* %buffer1_1_96_4x4_p_V_675, align 1

ST_5: buffer1_1_96_4x4_p_V_774 (254)  [1/2] 2.32ns  loc: acceleartor_hls_padding/components.cpp:1254
:8  %buffer1_1_96_4x4_p_V_774 = load i8* %buffer1_1_96_4x4_p_V_753, align 1

ST_5: buffer1_1_96_4x4_p_V_775 (255)  [1/2] 2.32ns  loc: acceleartor_hls_padding/components.cpp:1254
:9  %buffer1_1_96_4x4_p_V_775 = load i8* %buffer1_1_96_4x4_p_V_707, align 1

ST_5: buffer1_1_96_4x4_p_V_776 (256)  [1/2] 2.32ns  loc: acceleartor_hls_padding/components.cpp:1254
:10  %buffer1_1_96_4x4_p_V_776 = load i8* %buffer1_1_96_4x4_p_V_680, align 1

ST_5: buffer1_1_96_4x4_p_V_777 (257)  [1/2] 2.32ns  loc: acceleartor_hls_padding/components.cpp:1254
:11  %buffer1_1_96_4x4_p_V_777 = load i8* %buffer1_1_96_4x4_p_V_682, align 1

ST_5: buffer1_1_96_4x4_p_V_778 (258)  [1/2] 2.32ns  loc: acceleartor_hls_padding/components.cpp:1254
:12  %buffer1_1_96_4x4_p_V_778 = load i8* %buffer1_1_96_4x4_p_V_684, align 1

ST_5: buffer1_1_96_4x4_p_V_779 (259)  [1/2] 2.32ns  loc: acceleartor_hls_padding/components.cpp:1254
:13  %buffer1_1_96_4x4_p_V_779 = load i8* %buffer1_1_96_4x4_p_V_728, align 1

ST_5: buffer1_1_96_4x4_p_V_780 (260)  [1/2] 2.32ns  loc: acceleartor_hls_padding/components.cpp:1254
:14  %buffer1_1_96_4x4_p_V_780 = load i8* %buffer1_1_96_4x4_p_V_700, align 1

ST_5: buffer1_1_96_4x4_p_V_781 (261)  [1/2] 2.32ns  loc: acceleartor_hls_padding/components.cpp:1254
:15  %buffer1_1_96_4x4_p_V_781 = load i8* %buffer1_1_96_4x4_p_V_701, align 1

ST_5: buffer1_1_96_4x4_p_V_782 (262)  [1/2] 2.32ns  loc: acceleartor_hls_padding/components.cpp:1254
:16  %buffer1_1_96_4x4_p_V_782 = load i8* %buffer1_1_96_4x4_p_V_736, align 1

ST_5: buffer1_1_96_4x4_p_V_783 (263)  [1/2] 2.32ns  loc: acceleartor_hls_padding/components.cpp:1254
:17  %buffer1_1_96_4x4_p_V_783 = load i8* %buffer1_1_96_4x4_p_V_735, align 1

ST_5: buffer1_1_96_4x4_p_V_784 (264)  [1/2] 2.32ns  loc: acceleartor_hls_padding/components.cpp:1254
:18  %buffer1_1_96_4x4_p_V_784 = load i8* %buffer1_1_96_4x4_p_V_734, align 1

ST_5: buffer1_1_96_4x4_p_V_785 (265)  [1/2] 2.32ns  loc: acceleartor_hls_padding/components.cpp:1254
:19  %buffer1_1_96_4x4_p_V_785 = load i8* %buffer1_1_96_4x4_p_V_745, align 1

ST_5: buffer1_1_96_4x4_p_V_786 (266)  [1/2] 2.32ns  loc: acceleartor_hls_padding/components.cpp:1254
:20  %buffer1_1_96_4x4_p_V_786 = load i8* %buffer1_1_96_4x4_p_V_671, align 1

ST_5: buffer1_1_96_4x4_p_V_787 (267)  [1/2] 2.32ns  loc: acceleartor_hls_padding/components.cpp:1254
:21  %buffer1_1_96_4x4_p_V_787 = load i8* %buffer1_1_96_4x4_p_V_674, align 1

ST_5: buffer1_1_96_4x4_p_V_788 (268)  [1/2] 2.32ns  loc: acceleartor_hls_padding/components.cpp:1254
:22  %buffer1_1_96_4x4_p_V_788 = load i8* %buffer1_1_96_4x4_p_V_692, align 1

ST_5: buffer1_1_96_4x4_p_V_789 (269)  [1/2] 2.32ns  loc: acceleartor_hls_padding/components.cpp:1254
:23  %buffer1_1_96_4x4_p_V_789 = load i8* %buffer1_1_96_4x4_p_V_696, align 1

ST_5: buffer1_1_96_4x4_p_V_790 (270)  [1/2] 2.32ns  loc: acceleartor_hls_padding/components.cpp:1254
:24  %buffer1_1_96_4x4_p_V_790 = load i8* %buffer1_1_96_4x4_p_V_717, align 1

ST_5: buffer1_1_96_4x4_p_V_791 (271)  [1/2] 2.32ns  loc: acceleartor_hls_padding/components.cpp:1254
:25  %buffer1_1_96_4x4_p_V_791 = load i8* %buffer1_1_96_4x4_p_V_706, align 1

ST_5: buffer1_1_96_4x4_p_V_792 (272)  [1/2] 2.32ns  loc: acceleartor_hls_padding/components.cpp:1254
:26  %buffer1_1_96_4x4_p_V_792 = load i8* %buffer1_1_96_4x4_p_V_719, align 1

ST_5: buffer1_1_96_4x4_p_V_793 (273)  [1/2] 2.32ns  loc: acceleartor_hls_padding/components.cpp:1254
:27  %buffer1_1_96_4x4_p_V_793 = load i8* %buffer1_1_96_4x4_p_V_720, align 1

ST_5: buffer1_1_96_4x4_p_V_794 (274)  [1/2] 2.32ns  loc: acceleartor_hls_padding/components.cpp:1254
:28  %buffer1_1_96_4x4_p_V_794 = load i8* %buffer1_1_96_4x4_p_V_739, align 1

ST_5: buffer1_1_96_4x4_p_V_795 (275)  [1/2] 2.32ns  loc: acceleartor_hls_padding/components.cpp:1254
:29  %buffer1_1_96_4x4_p_V_795 = load i8* %buffer1_1_96_4x4_p_V_703, align 1

ST_5: buffer1_1_96_4x4_p_V_796 (276)  [1/2] 2.32ns  loc: acceleartor_hls_padding/components.cpp:1254
:30  %buffer1_1_96_4x4_p_V_796 = load i8* %buffer1_1_96_4x4_p_V_743, align 1

ST_5: buffer1_1_96_4x4_p_V_797 (277)  [1/2] 2.32ns  loc: acceleartor_hls_padding/components.cpp:1254
:31  %buffer1_1_96_4x4_p_V_797 = load i8* %buffer1_1_96_4x4_p_V_698, align 1

ST_5: buffer1_1_96_4x4_p_V_798 (278)  [1/2] 2.32ns  loc: acceleartor_hls_padding/components.cpp:1254
:32  %buffer1_1_96_4x4_p_V_798 = load i8* %buffer1_1_96_4x4_p_V_731, align 1

ST_5: buffer1_1_96_4x4_p_V_799 (279)  [1/2] 2.32ns  loc: acceleartor_hls_padding/components.cpp:1254
:33  %buffer1_1_96_4x4_p_V_799 = load i8* %buffer1_1_96_4x4_p_V_699, align 1

ST_5: buffer1_1_96_4x4_p_V_800 (280)  [1/2] 2.32ns  loc: acceleartor_hls_padding/components.cpp:1254
:34  %buffer1_1_96_4x4_p_V_800 = load i8* %buffer1_1_96_4x4_p_V_730, align 1

ST_5: buffer1_1_96_4x4_p_V_801 (281)  [1/2] 2.32ns  loc: acceleartor_hls_padding/components.cpp:1254
:35  %buffer1_1_96_4x4_p_V_801 = load i8* %buffer1_1_96_4x4_p_V_724, align 1

ST_5: buffer1_1_96_4x4_p_V_802 (282)  [1/2] 2.32ns  loc: acceleartor_hls_padding/components.cpp:1254
:36  %buffer1_1_96_4x4_p_V_802 = load i8* %buffer1_1_96_4x4_p_V_742, align 1

ST_5: buffer1_1_96_4x4_p_V_803 (283)  [1/2] 2.32ns  loc: acceleartor_hls_padding/components.cpp:1254
:37  %buffer1_1_96_4x4_p_V_803 = load i8* %buffer1_1_96_4x4_p_V_747, align 1

ST_5: buffer1_1_96_4x4_p_V_804 (284)  [1/2] 2.32ns  loc: acceleartor_hls_padding/components.cpp:1254
:38  %buffer1_1_96_4x4_p_V_804 = load i8* %buffer1_1_96_4x4_p_V_744, align 1

ST_5: buffer1_1_96_4x4_p_V_805 (285)  [1/2] 2.32ns  loc: acceleartor_hls_padding/components.cpp:1254
:39  %buffer1_1_96_4x4_p_V_805 = load i8* %buffer1_1_96_4x4_p_V_727, align 1

ST_5: buffer1_1_96_4x4_p_V_806 (286)  [1/2] 2.32ns  loc: acceleartor_hls_padding/components.cpp:1254
:40  %buffer1_1_96_4x4_p_V_806 = load i8* %buffer1_1_96_4x4_p_V_686, align 1

ST_5: buffer1_1_96_4x4_p_V_807 (287)  [1/2] 2.32ns  loc: acceleartor_hls_padding/components.cpp:1254
:41  %buffer1_1_96_4x4_p_V_807 = load i8* %buffer1_1_96_4x4_p_V_732, align 1

ST_5: buffer1_1_96_4x4_p_V_808 (288)  [1/2] 2.32ns  loc: acceleartor_hls_padding/components.cpp:1254
:42  %buffer1_1_96_4x4_p_V_808 = load i8* %buffer1_1_96_4x4_p_V_685, align 1

ST_5: buffer1_1_96_4x4_p_V_809 (289)  [1/2] 2.32ns  loc: acceleartor_hls_padding/components.cpp:1254
:43  %buffer1_1_96_4x4_p_V_809 = load i8* %buffer1_1_96_4x4_p_V_733, align 1

ST_5: buffer1_1_96_4x4_p_V_810 (290)  [1/2] 2.32ns  loc: acceleartor_hls_padding/components.cpp:1254
:44  %buffer1_1_96_4x4_p_V_810 = load i8* %buffer1_1_96_4x4_p_V_740, align 1

ST_5: buffer1_1_96_4x4_p_V_811 (291)  [1/2] 2.32ns  loc: acceleartor_hls_padding/components.cpp:1254
:45  %buffer1_1_96_4x4_p_V_811 = load i8* %buffer1_1_96_4x4_p_V_729, align 1

ST_5: buffer1_1_96_4x4_p_V_812 (292)  [1/2] 2.32ns  loc: acceleartor_hls_padding/components.cpp:1254
:46  %buffer1_1_96_4x4_p_V_812 = load i8* %buffer1_1_96_4x4_p_V_738, align 1

ST_5: buffer1_1_96_4x4_p_V_813 (293)  [1/2] 2.32ns  loc: acceleartor_hls_padding/components.cpp:1254
:47  %buffer1_1_96_4x4_p_V_813 = load i8* %buffer1_1_96_4x4_p_V_704, align 1

ST_5: buffer1_1_96_4x4_p_V_814 (294)  [1/2] 2.32ns  loc: acceleartor_hls_padding/components.cpp:1254
:48  %buffer1_1_96_4x4_p_V_814 = load i8* %buffer1_1_96_4x4_p_V_737, align 1

ST_5: buffer1_1_96_4x4_p_V_815 (295)  [1/2] 2.32ns  loc: acceleartor_hls_padding/components.cpp:1254
:49  %buffer1_1_96_4x4_p_V_815 = load i8* %buffer1_1_96_4x4_p_V_725, align 1

ST_5: buffer1_1_96_4x4_p_V_816 (296)  [1/2] 2.32ns  loc: acceleartor_hls_padding/components.cpp:1254
:50  %buffer1_1_96_4x4_p_V_816 = load i8* %buffer1_1_96_4x4_p_V_750, align 1

ST_5: buffer1_1_96_4x4_p_V_817 (297)  [1/2] 2.32ns  loc: acceleartor_hls_padding/components.cpp:1254
:51  %buffer1_1_96_4x4_p_V_817 = load i8* %buffer1_1_96_4x4_p_V_709, align 1

ST_5: buffer1_1_96_4x4_p_V_818 (298)  [1/2] 2.32ns  loc: acceleartor_hls_padding/components.cpp:1254
:52  %buffer1_1_96_4x4_p_V_818 = load i8* %buffer1_1_96_4x4_p_V_756, align 1

ST_5: buffer1_1_96_4x4_p_V_819 (299)  [1/2] 2.32ns  loc: acceleartor_hls_padding/components.cpp:1254
:53  %buffer1_1_96_4x4_p_V_819 = load i8* %buffer1_1_96_4x4_p_V_762, align 1

ST_5: buffer1_1_96_4x4_p_V_820 (300)  [1/2] 2.32ns  loc: acceleartor_hls_padding/components.cpp:1254
:54  %buffer1_1_96_4x4_p_V_820 = load i8* %buffer1_1_96_4x4_p_V_761, align 1

ST_5: buffer1_1_96_4x4_p_V_821 (301)  [1/2] 2.32ns  loc: acceleartor_hls_padding/components.cpp:1254
:55  %buffer1_1_96_4x4_p_V_821 = load i8* %buffer1_1_96_4x4_p_V_765, align 1

ST_5: buffer1_1_96_4x4_p_V_822 (302)  [1/2] 2.32ns  loc: acceleartor_hls_padding/components.cpp:1254
:56  %buffer1_1_96_4x4_p_V_822 = load i8* %buffer1_1_96_4x4_p_V_757, align 1

ST_5: buffer1_1_96_4x4_p_V_823 (303)  [1/2] 2.32ns  loc: acceleartor_hls_padding/components.cpp:1254
:57  %buffer1_1_96_4x4_p_V_823 = load i8* %buffer1_1_96_4x4_p_V_754, align 1

ST_5: buffer1_1_96_4x4_p_V_824 (304)  [1/2] 2.32ns  loc: acceleartor_hls_padding/components.cpp:1254
:58  %buffer1_1_96_4x4_p_V_824 = load i8* %buffer1_1_96_4x4_p_V_755, align 1

ST_5: buffer1_1_96_4x4_p_V_825 (305)  [1/2] 2.32ns  loc: acceleartor_hls_padding/components.cpp:1254
:59  %buffer1_1_96_4x4_p_V_825 = load i8* %buffer1_1_96_4x4_p_V_760, align 1

ST_5: buffer1_1_96_4x4_p_V_826 (306)  [1/2] 2.32ns  loc: acceleartor_hls_padding/components.cpp:1254
:60  %buffer1_1_96_4x4_p_V_826 = load i8* %buffer1_1_96_4x4_p_V_758, align 1

ST_5: buffer1_1_96_4x4_p_V_827 (307)  [1/2] 2.32ns  loc: acceleartor_hls_padding/components.cpp:1254
:61  %buffer1_1_96_4x4_p_V_827 = load i8* %buffer1_1_96_4x4_p_V_722, align 1

ST_5: buffer1_1_96_4x4_p_V_828 (308)  [1/2] 2.32ns  loc: acceleartor_hls_padding/components.cpp:1254
:62  %buffer1_1_96_4x4_p_V_828 = load i8* %buffer1_1_96_4x4_p_V_723, align 1

ST_5: buffer1_1_96_4x4_p_V_829 (309)  [1/2] 2.32ns  loc: acceleartor_hls_padding/components.cpp:1254
:63  %buffer1_1_96_4x4_p_V_829 = load i8* %buffer1_1_96_4x4_p_V_759, align 1

ST_5: buffer1_1_96_4x4_p_V_830 (310)  [1/2] 2.32ns  loc: acceleartor_hls_padding/components.cpp:1254
:64  %buffer1_1_96_4x4_p_V_830 = load i8* %buffer1_1_96_4x4_p_V_712, align 1

ST_5: buffer1_1_96_4x4_p_V_831 (311)  [1/2] 2.32ns  loc: acceleartor_hls_padding/components.cpp:1254
:65  %buffer1_1_96_4x4_p_V_831 = load i8* %buffer1_1_96_4x4_p_V_714, align 1

ST_5: buffer1_1_96_4x4_p_V_832 (312)  [1/2] 2.32ns  loc: acceleartor_hls_padding/components.cpp:1254
:66  %buffer1_1_96_4x4_p_V_832 = load i8* %buffer1_1_96_4x4_p_V_716, align 1

ST_5: buffer1_1_96_4x4_p_V_833 (313)  [1/2] 2.32ns  loc: acceleartor_hls_padding/components.cpp:1254
:67  %buffer1_1_96_4x4_p_V_833 = load i8* %buffer1_1_96_4x4_p_V_711, align 1

ST_5: buffer1_1_96_4x4_p_V_834 (314)  [1/2] 2.32ns  loc: acceleartor_hls_padding/components.cpp:1254
:68  %buffer1_1_96_4x4_p_V_834 = load i8* %buffer1_1_96_4x4_p_V_677, align 1

ST_5: buffer1_1_96_4x4_p_V_835 (315)  [1/2] 2.32ns  loc: acceleartor_hls_padding/components.cpp:1254
:69  %buffer1_1_96_4x4_p_V_835 = load i8* %buffer1_1_96_4x4_p_V_672, align 1

ST_5: buffer1_1_96_4x4_p_V_836 (316)  [1/2] 2.32ns  loc: acceleartor_hls_padding/components.cpp:1254
:70  %buffer1_1_96_4x4_p_V_836 = load i8* %buffer1_1_96_4x4_p_V_673, align 1

ST_5: buffer1_1_96_4x4_p_V_837 (317)  [1/2] 2.32ns  loc: acceleartor_hls_padding/components.cpp:1254
:71  %buffer1_1_96_4x4_p_V_837 = load i8* %buffer1_1_96_4x4_p_V_693, align 1

ST_5: buffer1_1_96_4x4_p_V_838 (318)  [1/2] 2.32ns  loc: acceleartor_hls_padding/components.cpp:1254
:72  %buffer1_1_96_4x4_p_V_838 = load i8* %buffer1_1_96_4x4_p_V_694, align 1

ST_5: buffer1_1_96_4x4_p_V_839 (319)  [1/2] 2.32ns  loc: acceleartor_hls_padding/components.cpp:1254
:73  %buffer1_1_96_4x4_p_V_839 = load i8* %buffer1_1_96_4x4_p_V_687, align 1

ST_5: buffer1_1_96_4x4_p_V_840 (320)  [1/2] 2.32ns  loc: acceleartor_hls_padding/components.cpp:1254
:74  %buffer1_1_96_4x4_p_V_840 = load i8* %buffer1_1_96_4x4_p_V_691, align 1

ST_5: buffer1_1_96_4x4_p_V_841 (321)  [1/2] 2.32ns  loc: acceleartor_hls_padding/components.cpp:1254
:75  %buffer1_1_96_4x4_p_V_841 = load i8* %buffer1_1_96_4x4_p_V_679, align 1

ST_5: buffer1_1_96_4x4_p_V_842 (322)  [1/2] 2.32ns  loc: acceleartor_hls_padding/components.cpp:1254
:76  %buffer1_1_96_4x4_p_V_842 = load i8* %buffer1_1_96_4x4_p_V_681, align 1

ST_5: buffer1_1_96_4x4_p_V_843 (323)  [1/2] 2.32ns  loc: acceleartor_hls_padding/components.cpp:1254
:77  %buffer1_1_96_4x4_p_V_843 = load i8* %buffer1_1_96_4x4_p_V_678, align 1

ST_5: buffer1_1_96_4x4_p_V_844 (324)  [1/2] 2.32ns  loc: acceleartor_hls_padding/components.cpp:1254
:78  %buffer1_1_96_4x4_p_V_844 = load i8* %buffer1_1_96_4x4_p_V_683, align 1

ST_5: buffer1_1_96_4x4_p_V_845 (325)  [1/2] 2.32ns  loc: acceleartor_hls_padding/components.cpp:1254
:79  %buffer1_1_96_4x4_p_V_845 = load i8* %buffer1_1_96_4x4_p_V_763, align 1

ST_5: buffer1_1_96_4x4_p_V_846 (326)  [1/2] 2.32ns  loc: acceleartor_hls_padding/components.cpp:1254
:80  %buffer1_1_96_4x4_p_V_846 = load i8* %buffer1_1_96_4x4_p_V_764, align 1

ST_5: buffer1_1_96_4x4_p_V_847 (327)  [1/2] 2.32ns  loc: acceleartor_hls_padding/components.cpp:1254
:81  %buffer1_1_96_4x4_p_V_847 = load i8* %buffer1_1_96_4x4_p_V_752, align 1

ST_5: buffer1_1_96_4x4_p_V_848 (328)  [1/2] 2.32ns  loc: acceleartor_hls_padding/components.cpp:1254
:82  %buffer1_1_96_4x4_p_V_848 = load i8* %buffer1_1_96_4x4_p_V_749, align 1

ST_5: buffer1_1_96_4x4_p_V_849 (329)  [1/2] 2.32ns  loc: acceleartor_hls_padding/components.cpp:1254
:83  %buffer1_1_96_4x4_p_V_849 = load i8* %buffer1_1_96_4x4_p_V_695, align 1

ST_5: buffer1_1_96_4x4_p_V_850 (330)  [1/2] 2.32ns  loc: acceleartor_hls_padding/components.cpp:1254
:84  %buffer1_1_96_4x4_p_V_850 = load i8* %buffer1_1_96_4x4_p_V_715, align 1

ST_5: buffer1_1_96_4x4_p_V_851 (331)  [1/2] 2.32ns  loc: acceleartor_hls_padding/components.cpp:1254
:85  %buffer1_1_96_4x4_p_V_851 = load i8* %buffer1_1_96_4x4_p_V_721, align 1

ST_5: buffer1_1_96_4x4_p_V_852 (332)  [1/2] 2.32ns  loc: acceleartor_hls_padding/components.cpp:1254
:86  %buffer1_1_96_4x4_p_V_852 = load i8* %buffer1_1_96_4x4_p_V_702, align 1

ST_5: buffer1_1_96_4x4_p_V_853 (333)  [1/2] 2.32ns  loc: acceleartor_hls_padding/components.cpp:1254
:87  %buffer1_1_96_4x4_p_V_853 = load i8* %buffer1_1_96_4x4_p_V_713, align 1

ST_5: buffer1_1_96_4x4_p_V_854 (334)  [1/2] 2.32ns  loc: acceleartor_hls_padding/components.cpp:1254
:88  %buffer1_1_96_4x4_p_V_854 = load i8* %buffer1_1_96_4x4_p_V_705, align 1

ST_5: buffer1_1_96_4x4_p_V_855 (335)  [1/2] 2.32ns  loc: acceleartor_hls_padding/components.cpp:1254
:89  %buffer1_1_96_4x4_p_V_855 = load i8* %buffer1_1_96_4x4_p_V_708, align 1

ST_5: buffer1_1_96_4x4_p_V_856 (336)  [1/2] 2.32ns  loc: acceleartor_hls_padding/components.cpp:1254
:90  %buffer1_1_96_4x4_p_V_856 = load i8* %buffer1_1_96_4x4_p_V_690, align 1

ST_5: buffer1_1_96_4x4_p_V_857 (337)  [1/2] 2.32ns  loc: acceleartor_hls_padding/components.cpp:1254
:91  %buffer1_1_96_4x4_p_V_857 = load i8* %buffer1_1_96_4x4_p_V_710, align 1

ST_5: buffer1_1_96_4x4_p_V_858 (338)  [1/2] 2.32ns  loc: acceleartor_hls_padding/components.cpp:1254
:92  %buffer1_1_96_4x4_p_V_858 = load i8* %buffer1_1_96_4x4_p_V_718, align 1

ST_5: buffer1_1_96_4x4_p_V_859 (339)  [1/2] 2.32ns  loc: acceleartor_hls_padding/components.cpp:1254
:93  %buffer1_1_96_4x4_p_V_859 = load i8* %buffer1_1_96_4x4_p_V_688, align 1

ST_5: buffer1_1_96_4x4_p_V_860 (340)  [1/2] 2.32ns  loc: acceleartor_hls_padding/components.cpp:1254
:94  %buffer1_1_96_4x4_p_V_860 = load i8* %buffer1_1_96_4x4_p_V_746, align 1

ST_5: buffer1_1_96_4x4_p_V_861 (341)  [1/2] 2.32ns  loc: acceleartor_hls_padding/components.cpp:1254
:95  %buffer1_1_96_4x4_p_V_861 = load i8* %buffer1_1_96_4x4_p_V_689, align 1

ST_5: tmp (342)  [1/1] 4.23ns  loc: acceleartor_hls_padding/components.cpp:1254
:96  %tmp = call i8 @_ssdm_op_Mux.ap_auto.96i8.i7(i8 %buffer1_1_96_4x4_p_V_766, i8 %buffer1_1_96_4x4_p_V_767, i8 %buffer1_1_96_4x4_p_V_768, i8 %buffer1_1_96_4x4_p_V_769, i8 %buffer1_1_96_4x4_p_V_770, i8 %buffer1_1_96_4x4_p_V_771, i8 %buffer1_1_96_4x4_p_V_772, i8 %buffer1_1_96_4x4_p_V_773, i8 %buffer1_1_96_4x4_p_V_774, i8 %buffer1_1_96_4x4_p_V_775, i8 %buffer1_1_96_4x4_p_V_776, i8 %buffer1_1_96_4x4_p_V_777, i8 %buffer1_1_96_4x4_p_V_778, i8 %buffer1_1_96_4x4_p_V_779, i8 %buffer1_1_96_4x4_p_V_780, i8 %buffer1_1_96_4x4_p_V_781, i8 %buffer1_1_96_4x4_p_V_782, i8 %buffer1_1_96_4x4_p_V_783, i8 %buffer1_1_96_4x4_p_V_784, i8 %buffer1_1_96_4x4_p_V_785, i8 %buffer1_1_96_4x4_p_V_786, i8 %buffer1_1_96_4x4_p_V_787, i8 %buffer1_1_96_4x4_p_V_788, i8 %buffer1_1_96_4x4_p_V_789, i8 %buffer1_1_96_4x4_p_V_790, i8 %buffer1_1_96_4x4_p_V_791, i8 %buffer1_1_96_4x4_p_V_792, i8 %buffer1_1_96_4x4_p_V_793, i8 %buffer1_1_96_4x4_p_V_794, i8 %buffer1_1_96_4x4_p_V_795, i8 %buffer1_1_96_4x4_p_V_796, i8 %buffer1_1_96_4x4_p_V_797, i8 %buffer1_1_96_4x4_p_V_798, i8 %buffer1_1_96_4x4_p_V_799, i8 %buffer1_1_96_4x4_p_V_800, i8 %buffer1_1_96_4x4_p_V_801, i8 %buffer1_1_96_4x4_p_V_802, i8 %buffer1_1_96_4x4_p_V_803, i8 %buffer1_1_96_4x4_p_V_804, i8 %buffer1_1_96_4x4_p_V_805, i8 %buffer1_1_96_4x4_p_V_806, i8 %buffer1_1_96_4x4_p_V_807, i8 %buffer1_1_96_4x4_p_V_808, i8 %buffer1_1_96_4x4_p_V_809, i8 %buffer1_1_96_4x4_p_V_810, i8 %buffer1_1_96_4x4_p_V_811, i8 %buffer1_1_96_4x4_p_V_812, i8 %buffer1_1_96_4x4_p_V_813, i8 %buffer1_1_96_4x4_p_V_814, i8 %buffer1_1_96_4x4_p_V_815, i8 %buffer1_1_96_4x4_p_V_816, i8 %buffer1_1_96_4x4_p_V_817, i8 %buffer1_1_96_4x4_p_V_818, i8 %buffer1_1_96_4x4_p_V_819, i8 %buffer1_1_96_4x4_p_V_820, i8 %buffer1_1_96_4x4_p_V_821, i8 %buffer1_1_96_4x4_p_V_822, i8 %buffer1_1_96_4x4_p_V_823, i8 %buffer1_1_96_4x4_p_V_824, i8 %buffer1_1_96_4x4_p_V_825, i8 %buffer1_1_96_4x4_p_V_826, i8 %buffer1_1_96_4x4_p_V_827, i8 %buffer1_1_96_4x4_p_V_828, i8 %buffer1_1_96_4x4_p_V_829, i8 %buffer1_1_96_4x4_p_V_830, i8 %buffer1_1_96_4x4_p_V_831, i8 %buffer1_1_96_4x4_p_V_832, i8 %buffer1_1_96_4x4_p_V_833, i8 %buffer1_1_96_4x4_p_V_834, i8 %buffer1_1_96_4x4_p_V_835, i8 %buffer1_1_96_4x4_p_V_836, i8 %buffer1_1_96_4x4_p_V_837, i8 %buffer1_1_96_4x4_p_V_838, i8 %buffer1_1_96_4x4_p_V_839, i8 %buffer1_1_96_4x4_p_V_840, i8 %buffer1_1_96_4x4_p_V_841, i8 %buffer1_1_96_4x4_p_V_842, i8 %buffer1_1_96_4x4_p_V_843, i8 %buffer1_1_96_4x4_p_V_844, i8 %buffer1_1_96_4x4_p_V_845, i8 %buffer1_1_96_4x4_p_V_846, i8 %buffer1_1_96_4x4_p_V_847, i8 %buffer1_1_96_4x4_p_V_848, i8 %buffer1_1_96_4x4_p_V_849, i8 %buffer1_1_96_4x4_p_V_850, i8 %buffer1_1_96_4x4_p_V_851, i8 %buffer1_1_96_4x4_p_V_852, i8 %buffer1_1_96_4x4_p_V_853, i8 %buffer1_1_96_4x4_p_V_854, i8 %buffer1_1_96_4x4_p_V_855, i8 %buffer1_1_96_4x4_p_V_856, i8 %buffer1_1_96_4x4_p_V_857, i8 %buffer1_1_96_4x4_p_V_858, i8 %buffer1_1_96_4x4_p_V_859, i8 %buffer1_1_96_4x4_p_V_860, i8 %buffer1_1_96_4x4_p_V_861, i7 %tmp_29)


 <State 6>: 3.25ns
ST_6: StgValue_344 (343)  [1/1] 3.25ns  loc: acceleartor_hls_padding/components.cpp:1257
:97  store i8 %tmp, i8* %output_V_addr, align 1

ST_6: StgValue_345 (344)  [1/1] 0.00ns  loc: acceleartor_hls_padding/components.cpp:1257
:98  br label %._crit_edge

ST_6: StgValue_346 (346)  [1/1] 0.00ns  loc: acceleartor_hls_padding/components.cpp:1255
._crit_edge:0  br label %.preheader



============================================================
+ Verbose Summary: Timing violations
============================================================
Target clock period: 10ns, clock uncertainty: 1.25ns.

 <State 1>: 1.59ns
The critical path consists of the following:
	multiplexor before 'phi' operation ('co') with incoming values : ('co', acceleartor_hls_padding/components.cpp:1253) [100]  (1.59 ns)

 <State 2>: 2.91ns
The critical path consists of the following:
	'phi' operation ('co') with incoming values : ('co', acceleartor_hls_padding/components.cpp:1253) [100]  (0 ns)
	'icmp' operation ('exitcond3', acceleartor_hls_padding/components.cpp:1253) [108]  (2.91 ns)

 <State 3>: 4.67ns
The critical path consists of the following:
	'phi' operation ('h') with incoming values : ('h', acceleartor_hls_padding/components.cpp:1254) [116]  (0 ns)
	'add' operation ('tmp_324', acceleartor_hls_padding/components.cpp:1257) [118]  (2.33 ns)
	'sub' operation ('tmp_325', acceleartor_hls_padding/components.cpp:1257) [122]  (2.34 ns)

 <State 4>: 4.64ns
The critical path consists of the following:
	'phi' operation ('w') with incoming values : ('w', acceleartor_hls_padding/components.cpp:1255) [135]  (0 ns)
	'add' operation ('tmp_330', acceleartor_hls_padding/components.cpp:1254) [141]  (2.32 ns)
	'getelementptr' operation ('buffer1_1_96_4x4_p_V_687', acceleartor_hls_padding/components.cpp:1254) [160]  (0 ns)
	'load' operation ('buffer1_1_96_4x4_p_V_839', acceleartor_hls_padding/components.cpp:1254) on array 'buffer1_1_96_4x4_p_V_73' [319]  (2.32 ns)

 <State 5>: 6.55ns
The critical path consists of the following:
	'load' operation ('buffer1_1_96_4x4_p_V_766', acceleartor_hls_padding/components.cpp:1254) on array 'buffer1_1_96_4x4_p_V_96' [246]  (2.32 ns)
	'mux' operation ('tmp', acceleartor_hls_padding/components.cpp:1254) [342]  (4.23 ns)

 <State 6>: 3.25ns
The critical path consists of the following:
	'store' operation (acceleartor_hls_padding/components.cpp:1257) of variable 'tmp', acceleartor_hls_padding/components.cpp:1254 on array 'output_V' [343]  (3.25 ns)


============================================================
+ Verbose Summary: Binding
============================================================
N/A
* FSMD analyzer results:
  - Output states:
 - Input state : 
  - Chain level:
	State 1
	State 2
	State 3
	State 4
	State 5
	State 6


============================================================
+ Verbose Summary: Datapath Resource usage 
============================================================
N/A
