

================================================================
== Vivado HLS Report for 'shuffle_96_p'
================================================================
* Date:           Fri Dec 21 00:09:54 2018

* Version:        2017.2 (Build 1909853 on Thu Jun 15 18:55:24 MDT 2017)
* Project:        acceleartor_hls_padding
* Solution:       optimization_sub_1x1+3x3
* Product family: zynq
* Target device:  xc7z020clg484-1


================================================================
== Performance Estimates
================================================================
+ Timing (ns): 
    * Summary: 
    +--------+-------+----------+------------+
    |  Clock | Target| Estimated| Uncertainty|
    +--------+-------+----------+------------+
    |ap_clk  |  10.00|      8.14|        1.25|
    +--------+-------+----------+------------+

+ Latency (clock cycles): 
    * Summary: 
    +-------+-------+-------+-------+---------+
    |    Latency    |    Interval   | Pipeline|
    |  min  |  max  |  min  |  max  |   Type  |
    +-------+-------+-------+-------+---------+
    |  23425|  23425|  23425|  23425|   none  |
    +-------+-------+-------+-------+---------+

    + Detail: 
        * Instance: 
        N/A

        * Loop: 
        +-----------------+-------+-------+----------+-----------+-----------+------+----------+
        |                 |    Latency    | Iteration|  Initiation Interval  | Trip |          |
        |    Loop Name    |  min  |  max  |  Latency |  achieved |   target  | Count| Pipelined|
        +-----------------+-------+-------+----------+-----------+-----------+------+----------+
        |- Loop 1         |  23424|  23424|       122|          -|          -|   192|    no    |
        | + Loop 1.1      |    120|    120|        20|          -|          -|     6|    no    |
        |  ++ Loop 1.1.1  |     18|     18|         3|          -|          -|     6|    no    |
        +-----------------+-------+-------+----------+-----------+-----------+------+----------+

============================================================
+ Verbose Summary: Synthesis Manager
============================================================
InlineROM: 1
ExposeGlobal: 0
============================================================
+ Verbose Summary: CDFG Model
============================================================
IsTopModel: 0
ResetActiveHigh: 1
IsCombinational: 0
IsDatapathOnly: 0
HasWiredReturn: 1
HasMFsm: 0
HasVarLatency: 1
IsPipeline: 0
IsRtlPipelined: 0
IsInstanceOverlapped: 0
IsDontTouch: 0
HasImplIP: 0
IsGatedGlobalClock: 0


============================================================
+ Verbose Summary: Schedule
============================================================
* Number of FSM states: 7
* Pipeline: 0
* Dataflow Pipeline: 0

* FSM state transitions: 
1 --> 
	2  / true
2 --> 
	3  / (!exitcond5)
3 --> 
	4  / (!exitcond4)
	2  / (exitcond4)
4 --> 
	5  / (!exitcond & !tmp_494)
	6  / (!exitcond & tmp_494)
	3  / (exitcond)
5 --> 
	7  / true
6 --> 
	7  / true
7 --> 
	4  / true
* FSM state operations: 

 <State 1>: 1.59ns
ST_1: StgValue_8 (99)  [1/1] 1.59ns  loc: acceleartor_hls_padding/components.cpp:1231
:0  br label %.loopexit


 <State 2>: 2.91ns
ST_2: co (101)  [1/1] 0.00ns
.loopexit:0  %co = phi i8 [ 0, %0 ], [ %co_25, %.loopexit.loopexit ]

ST_2: tmp_494 (102)  [1/1] 0.00ns  loc: acceleartor_hls_padding/components.cpp:1231
.loopexit:1  %tmp_494 = trunc i8 %co to i1

ST_2: tmp_s (103)  [1/1] 0.00ns  loc: acceleartor_hls_padding/components.cpp:1231
.loopexit:2  %tmp_s = call i11 @_ssdm_op_BitConcatenate.i11.i8.i3(i8 %co, i3 0)

ST_2: p_shl_cast (104)  [1/1] 0.00ns  loc: acceleartor_hls_padding/components.cpp:1231
.loopexit:3  %p_shl_cast = zext i11 %tmp_s to i12

ST_2: tmp_331 (105)  [1/1] 0.00ns  loc: acceleartor_hls_padding/components.cpp:1231
.loopexit:4  %tmp_331 = call i9 @_ssdm_op_BitConcatenate.i9.i8.i1(i8 %co, i1 false)

ST_2: p_shl1_cast (106)  [1/1] 0.00ns  loc: acceleartor_hls_padding/components.cpp:1234
.loopexit:5  %p_shl1_cast = zext i9 %tmp_331 to i12

ST_2: tmp_332 (107)  [1/1] 2.33ns  loc: acceleartor_hls_padding/components.cpp:1234
.loopexit:6  %tmp_332 = sub i12 %p_shl_cast, %p_shl1_cast

ST_2: tmp_421_cast (108)  [1/1] 0.00ns  loc: acceleartor_hls_padding/components.cpp:1234
.loopexit:7  %tmp_421_cast = sext i12 %tmp_332 to i13

ST_2: exitcond5 (109)  [1/1] 2.91ns  loc: acceleartor_hls_padding/components.cpp:1231
.loopexit:8  %exitcond5 = icmp eq i8 %co, -64

ST_2: empty (110)  [1/1] 0.00ns
.loopexit:9  %empty = call i32 (...)* @_ssdm_op_SpecLoopTripCount(i64 192, i64 192, i64 192)

ST_2: co_25 (111)  [1/1] 2.32ns  loc: acceleartor_hls_padding/components.cpp:1231
.loopexit:10  %co_25 = add i8 1, %co

ST_2: StgValue_20 (112)  [1/1] 0.00ns  loc: acceleartor_hls_padding/components.cpp:1231
.loopexit:11  br i1 %exitcond5, label %5, label %.preheader6.preheader

ST_2: p_lshr_f_cast (114)  [1/1] 0.00ns  loc: acceleartor_hls_padding/components.cpp:1234
.preheader6.preheader:0  %p_lshr_f_cast = call i7 @_ssdm_op_PartSelect.i7.i8.i32.i32(i8 %co, i32 1, i32 7)

ST_2: tmp_333 (115)  [1/1] 0.00ns  loc: acceleartor_hls_padding/components.cpp:1234
.preheader6.preheader:1  %tmp_333 = call i10 @_ssdm_op_BitConcatenate.i10.i7.i3(i7 %p_lshr_f_cast, i3 0)

ST_2: p_shl2_cast (116)  [1/1] 0.00ns  loc: acceleartor_hls_padding/components.cpp:1234
.preheader6.preheader:2  %p_shl2_cast = zext i10 %tmp_333 to i11

ST_2: tmp_334 (117)  [1/1] 0.00ns  loc: acceleartor_hls_padding/components.cpp:1234
.preheader6.preheader:3  %tmp_334 = call i8 @_ssdm_op_BitConcatenate.i8.i7.i1(i7 %p_lshr_f_cast, i1 false)

ST_2: p_shl3_cast (118)  [1/1] 0.00ns  loc: acceleartor_hls_padding/components.cpp:1234
.preheader6.preheader:4  %p_shl3_cast = zext i8 %tmp_334 to i11

ST_2: tmp_335 (119)  [1/1] 2.32ns  loc: acceleartor_hls_padding/components.cpp:1234
.preheader6.preheader:5  %tmp_335 = sub i11 %p_shl2_cast, %p_shl3_cast

ST_2: tmp_426_cast (120)  [1/1] 0.00ns  loc: acceleartor_hls_padding/components.cpp:1234
.preheader6.preheader:6  %tmp_426_cast = sext i11 %tmp_335 to i12

ST_2: StgValue_28 (121)  [1/1] 1.59ns  loc: acceleartor_hls_padding/components.cpp:1232
.preheader6.preheader:7  br label %.preheader6

ST_2: StgValue_29 (373)  [1/1] 0.00ns  loc: acceleartor_hls_padding/components.cpp:1239
:0  ret void


 <State 3>: 4.67ns
ST_3: h (123)  [1/1] 0.00ns
.preheader6:0  %h = phi i3 [ 0, %.preheader6.preheader ], [ %h_25, %.preheader6.loopexit ]

ST_3: h_cast2_cast1 (124)  [1/1] 0.00ns  loc: acceleartor_hls_padding/components.cpp:1234
.preheader6:1  %h_cast2_cast1 = zext i3 %h to i13

ST_3: h_cast2_cast (125)  [1/1] 0.00ns  loc: acceleartor_hls_padding/components.cpp:1234
.preheader6:2  %h_cast2_cast = zext i3 %h to i12

ST_3: tmp_336 (126)  [1/1] 2.33ns  loc: acceleartor_hls_padding/components.cpp:1234
.preheader6:3  %tmp_336 = add i12 %h_cast2_cast, %tmp_426_cast

ST_3: tmp_495 (127)  [1/1] 0.00ns  loc: acceleartor_hls_padding/components.cpp:1234
.preheader6:4  %tmp_495 = trunc i12 %tmp_336 to i10

ST_3: p_shl8_cast (128)  [1/1] 0.00ns  loc: acceleartor_hls_padding/components.cpp:1234
.preheader6:5  %p_shl8_cast = call i13 @_ssdm_op_BitConcatenate.i13.i10.i3(i10 %tmp_495, i3 0)

ST_3: p_shl9_cast (129)  [1/1] 0.00ns  loc: acceleartor_hls_padding/components.cpp:1234
.preheader6:6  %p_shl9_cast = call i13 @_ssdm_op_BitConcatenate.i13.i12.i1(i12 %tmp_336, i1 false)

ST_3: tmp_337 (130)  [1/1] 2.34ns  loc: acceleartor_hls_padding/components.cpp:1234
.preheader6:7  %tmp_337 = sub i13 %p_shl8_cast, %p_shl9_cast

ST_3: tmp_338 (131)  [1/1] 2.33ns  loc: acceleartor_hls_padding/components.cpp:1234
.preheader6:8  %tmp_338 = add i13 %h_cast2_cast1, %tmp_421_cast

ST_3: tmp_496 (132)  [1/1] 0.00ns  loc: acceleartor_hls_padding/components.cpp:1234
.preheader6:9  %tmp_496 = trunc i13 %tmp_338 to i11

ST_3: p_shl6_cast (133)  [1/1] 0.00ns  loc: acceleartor_hls_padding/components.cpp:1234
.preheader6:10  %p_shl6_cast = call i14 @_ssdm_op_BitConcatenate.i14.i11.i3(i11 %tmp_496, i3 0)

ST_3: p_shl7_cast (134)  [1/1] 0.00ns  loc: acceleartor_hls_padding/components.cpp:1234
.preheader6:11  %p_shl7_cast = call i14 @_ssdm_op_BitConcatenate.i14.i13.i1(i13 %tmp_338, i1 false)

ST_3: tmp_339 (135)  [1/1] 2.34ns  loc: acceleartor_hls_padding/components.cpp:1234
.preheader6:12  %tmp_339 = sub i14 %p_shl6_cast, %p_shl7_cast

ST_3: tmp_340 (136)  [1/1] 0.00ns  loc: acceleartor_hls_padding/components.cpp:1232
.preheader6:13  %tmp_340 = call i6 @_ssdm_op_BitConcatenate.i6.i3.i3(i3 %h, i3 0)

ST_3: p_shl4_cast (137)  [1/1] 0.00ns  loc: acceleartor_hls_padding/components.cpp:1232
.preheader6:14  %p_shl4_cast = zext i6 %tmp_340 to i7

ST_3: tmp_341 (138)  [1/1] 0.00ns  loc: acceleartor_hls_padding/components.cpp:1232
.preheader6:15  %tmp_341 = call i4 @_ssdm_op_BitConcatenate.i4.i3.i1(i3 %h, i1 false)

ST_3: p_shl5_cast (139)  [1/1] 0.00ns  loc: acceleartor_hls_padding/components.cpp:1232
.preheader6:16  %p_shl5_cast = zext i4 %tmp_341 to i7

ST_3: tmp_342 (140)  [1/1] 2.31ns  loc: acceleartor_hls_padding/components.cpp:1232
.preheader6:17  %tmp_342 = sub i7 %p_shl4_cast, %p_shl5_cast

ST_3: exitcond4 (141)  [1/1] 2.07ns  loc: acceleartor_hls_padding/components.cpp:1232
.preheader6:18  %exitcond4 = icmp eq i3 %h, -2

ST_3: empty_112 (142)  [1/1] 0.00ns
.preheader6:19  %empty_112 = call i32 (...)* @_ssdm_op_SpecLoopTripCount(i64 6, i64 6, i64 6)

ST_3: h_25 (143)  [1/1] 2.26ns  loc: acceleartor_hls_padding/components.cpp:1232
.preheader6:20  %h_25 = add i3 1, %h

ST_3: StgValue_51 (144)  [1/1] 0.00ns  loc: acceleartor_hls_padding/components.cpp:1232
.preheader6:21  br i1 %exitcond4, label %.loopexit.loopexit, label %.preheader.preheader

ST_3: StgValue_52 (146)  [1/1] 1.59ns  loc: acceleartor_hls_padding/components.cpp:1234
.preheader.preheader:0  br label %.preheader

ST_3: StgValue_53 (371)  [1/1] 0.00ns
.loopexit.loopexit:0  br label %.loopexit


 <State 4>: 5.59ns
ST_4: w (148)  [1/1] 0.00ns
.preheader:0  %w = phi i3 [ %w_35, %4 ], [ 0, %.preheader.preheader ]

ST_4: w_cast1_cast1 (149)  [1/1] 0.00ns  loc: acceleartor_hls_padding/components.cpp:1234
.preheader:1  %w_cast1_cast1 = zext i3 %w to i7

ST_4: w_cast1_cast2 (150)  [1/1] 0.00ns  loc: acceleartor_hls_padding/components.cpp:1234
.preheader:2  %w_cast1_cast2 = zext i3 %w to i14

ST_4: w_cast1_cast (151)  [1/1] 0.00ns  loc: acceleartor_hls_padding/components.cpp:1234
.preheader:3  %w_cast1_cast = zext i3 %w to i13

ST_4: tmp_343 (152)  [1/1] 2.34ns  loc: acceleartor_hls_padding/components.cpp:1234
.preheader:4  %tmp_343 = add i13 %tmp_337, %w_cast1_cast

ST_4: tmp_438_cast (153)  [1/1] 0.00ns  loc: acceleartor_hls_padding/components.cpp:1234
.preheader:5  %tmp_438_cast = zext i13 %tmp_343 to i32

ST_4: left_V_addr (154)  [1/1] 0.00ns  loc: acceleartor_hls_padding/components.cpp:1234
.preheader:6  %left_V_addr = getelementptr [3456 x i8]* %left_V, i32 0, i32 %tmp_438_cast

ST_4: tmp_344 (155)  [1/1] 2.34ns  loc: acceleartor_hls_padding/components.cpp:1234
.preheader:7  %tmp_344 = add i14 %tmp_339, %w_cast1_cast2

ST_4: tmp_439_cast (156)  [1/1] 0.00ns  loc: acceleartor_hls_padding/components.cpp:1234
.preheader:8  %tmp_439_cast = zext i14 %tmp_344 to i32

ST_4: output_V_addr (157)  [1/1] 0.00ns  loc: acceleartor_hls_padding/components.cpp:1234
.preheader:9  %output_V_addr = getelementptr [6912 x i8]* %output_V, i32 0, i32 %tmp_439_cast

ST_4: tmp_345 (158)  [1/1] 2.32ns  loc: acceleartor_hls_padding/components.cpp:1232
.preheader:10  %tmp_345 = add i7 %tmp_342, %w_cast1_cast1

ST_4: tmp_440_cast (159)  [1/1] 0.00ns  loc: acceleartor_hls_padding/components.cpp:1232
.preheader:11  %tmp_440_cast = sext i7 %tmp_345 to i32

ST_4: buffer1_1_96_4x4_p_V (160)  [1/1] 0.00ns  loc: acceleartor_hls_padding/components.cpp:1232
.preheader:12  %buffer1_1_96_4x4_p_V = getelementptr [36 x i8]* @buffer1_1_96_4x4_p_V_1, i32 0, i32 %tmp_440_cast

ST_4: buffer1_1_96_4x4_p_V_862 (161)  [1/1] 0.00ns  loc: acceleartor_hls_padding/components.cpp:1232
.preheader:13  %buffer1_1_96_4x4_p_V_862 = getelementptr [36 x i8]* @buffer1_1_96_4x4_p_V_20, i32 0, i32 %tmp_440_cast

ST_4: buffer1_1_96_4x4_p_V_863 (162)  [1/1] 0.00ns  loc: acceleartor_hls_padding/components.cpp:1232
.preheader:14  %buffer1_1_96_4x4_p_V_863 = getelementptr [36 x i8]* @buffer1_1_96_4x4_p_V_69, i32 0, i32 %tmp_440_cast

ST_4: buffer1_1_96_4x4_p_V_864 (163)  [1/1] 0.00ns  loc: acceleartor_hls_padding/components.cpp:1232
.preheader:15  %buffer1_1_96_4x4_p_V_864 = getelementptr [36 x i8]* @buffer1_1_96_4x4_p_V_70, i32 0, i32 %tmp_440_cast

ST_4: buffer1_1_96_4x4_p_V_865 (164)  [1/1] 0.00ns  loc: acceleartor_hls_padding/components.cpp:1232
.preheader:16  %buffer1_1_96_4x4_p_V_865 = getelementptr [36 x i8]* @buffer1_1_96_4x4_p_V_21, i32 0, i32 %tmp_440_cast

ST_4: buffer1_1_96_4x4_p_V_866 (165)  [1/1] 0.00ns  loc: acceleartor_hls_padding/components.cpp:1232
.preheader:17  %buffer1_1_96_4x4_p_V_866 = getelementptr [36 x i8]* @buffer1_1_96_4x4_p_V_7, i32 0, i32 %tmp_440_cast

ST_4: buffer1_1_96_4x4_p_V_867 (166)  [1/1] 0.00ns  loc: acceleartor_hls_padding/components.cpp:1232
.preheader:18  %buffer1_1_96_4x4_p_V_867 = getelementptr [36 x i8]* @buffer1_1_96_4x4_p_V_96, i32 0, i32 %tmp_440_cast

ST_4: buffer1_1_96_4x4_p_V_868 (167)  [1/1] 0.00ns  loc: acceleartor_hls_padding/components.cpp:1232
.preheader:19  %buffer1_1_96_4x4_p_V_868 = getelementptr [36 x i8]* @buffer1_1_96_4x4_p_V_77, i32 0, i32 %tmp_440_cast

ST_4: buffer1_1_96_4x4_p_V_869 (168)  [1/1] 0.00ns  loc: acceleartor_hls_padding/components.cpp:1232
.preheader:20  %buffer1_1_96_4x4_p_V_869 = getelementptr [36 x i8]* @buffer1_1_96_4x4_p_V_68, i32 0, i32 %tmp_440_cast

ST_4: buffer1_1_96_4x4_p_V_870 (169)  [1/1] 0.00ns  loc: acceleartor_hls_padding/components.cpp:1232
.preheader:21  %buffer1_1_96_4x4_p_V_870 = getelementptr [36 x i8]* @buffer1_1_96_4x4_p_V_75, i32 0, i32 %tmp_440_cast

ST_4: buffer1_1_96_4x4_p_V_871 (170)  [1/1] 0.00ns  loc: acceleartor_hls_padding/components.cpp:1232
.preheader:22  %buffer1_1_96_4x4_p_V_871 = getelementptr [36 x i8]* @buffer1_1_96_4x4_p_V_10, i32 0, i32 %tmp_440_cast

ST_4: buffer1_1_96_4x4_p_V_872 (171)  [1/1] 0.00ns  loc: acceleartor_hls_padding/components.cpp:1232
.preheader:23  %buffer1_1_96_4x4_p_V_872 = getelementptr [36 x i8]* @buffer1_1_96_4x4_p_V_76, i32 0, i32 %tmp_440_cast

ST_4: buffer1_1_96_4x4_p_V_873 (172)  [1/1] 0.00ns  loc: acceleartor_hls_padding/components.cpp:1232
.preheader:24  %buffer1_1_96_4x4_p_V_873 = getelementptr [36 x i8]* @buffer1_1_96_4x4_p_V_11, i32 0, i32 %tmp_440_cast

ST_4: buffer1_1_96_4x4_p_V_874 (173)  [1/1] 0.00ns  loc: acceleartor_hls_padding/components.cpp:1232
.preheader:25  %buffer1_1_96_4x4_p_V_874 = getelementptr [36 x i8]* @buffer1_1_96_4x4_p_V_78, i32 0, i32 %tmp_440_cast

ST_4: buffer1_1_96_4x4_p_V_875 (174)  [1/1] 0.00ns  loc: acceleartor_hls_padding/components.cpp:1232
.preheader:26  %buffer1_1_96_4x4_p_V_875 = getelementptr [36 x i8]* @buffer1_1_96_4x4_p_V_95, i32 0, i32 %tmp_440_cast

ST_4: buffer1_1_96_4x4_p_V_876 (175)  [1/1] 0.00ns  loc: acceleartor_hls_padding/components.cpp:1232
.preheader:27  %buffer1_1_96_4x4_p_V_876 = getelementptr [36 x i8]* @buffer1_1_96_4x4_p_V_12, i32 0, i32 %tmp_440_cast

ST_4: buffer1_1_96_4x4_p_V_877 (176)  [1/1] 0.00ns  loc: acceleartor_hls_padding/components.cpp:1232
.preheader:28  %buffer1_1_96_4x4_p_V_877 = getelementptr [36 x i8]* @buffer1_1_96_4x4_p_V_42, i32 0, i32 %tmp_440_cast

ST_4: buffer1_1_96_4x4_p_V_878 (177)  [1/1] 0.00ns  loc: acceleartor_hls_padding/components.cpp:1232
.preheader:29  %buffer1_1_96_4x4_p_V_878 = getelementptr [36 x i8]* @buffer1_1_96_4x4_p_V_40, i32 0, i32 %tmp_440_cast

ST_4: buffer1_1_96_4x4_p_V_879 (178)  [1/1] 0.00ns  loc: acceleartor_hls_padding/components.cpp:1232
.preheader:30  %buffer1_1_96_4x4_p_V_879 = getelementptr [36 x i8]* @buffer1_1_96_4x4_p_V_93, i32 0, i32 %tmp_440_cast

ST_4: buffer1_1_96_4x4_p_V_880 (179)  [1/1] 0.00ns  loc: acceleartor_hls_padding/components.cpp:1232
.preheader:31  %buffer1_1_96_4x4_p_V_880 = getelementptr [36 x i8]* @buffer1_1_96_4x4_p_V_73, i32 0, i32 %tmp_440_cast

ST_4: buffer1_1_96_4x4_p_V_881 (180)  [1/1] 0.00ns  loc: acceleartor_hls_padding/components.cpp:1232
.preheader:32  %buffer1_1_96_4x4_p_V_881 = getelementptr [36 x i8]* @buffer1_1_96_4x4_p_V_90, i32 0, i32 %tmp_440_cast

ST_4: buffer1_1_96_4x4_p_V_882 (181)  [1/1] 0.00ns  loc: acceleartor_hls_padding/components.cpp:1232
.preheader:33  %buffer1_1_96_4x4_p_V_882 = getelementptr [36 x i8]* @buffer1_1_96_4x4_p_V_74, i32 0, i32 %tmp_440_cast

ST_4: buffer1_1_96_4x4_p_V_883 (182)  [1/1] 0.00ns  loc: acceleartor_hls_padding/components.cpp:1232
.preheader:34  %buffer1_1_96_4x4_p_V_883 = getelementptr [36 x i8]* @buffer1_1_96_4x4_p_V_22, i32 0, i32 %tmp_440_cast

ST_4: buffer1_1_96_4x4_p_V_884 (183)  [1/1] 0.00ns  loc: acceleartor_hls_padding/components.cpp:1232
.preheader:35  %buffer1_1_96_4x4_p_V_884 = getelementptr [36 x i8]* @buffer1_1_96_4x4_p_V_71, i32 0, i32 %tmp_440_cast

ST_4: buffer1_1_96_4x4_p_V_885 (184)  [1/1] 0.00ns  loc: acceleartor_hls_padding/components.cpp:1232
.preheader:36  %buffer1_1_96_4x4_p_V_885 = getelementptr [36 x i8]* @buffer1_1_96_4x4_p_V_72, i32 0, i32 %tmp_440_cast

ST_4: buffer1_1_96_4x4_p_V_886 (185)  [1/1] 0.00ns  loc: acceleartor_hls_padding/components.cpp:1232
.preheader:37  %buffer1_1_96_4x4_p_V_886 = getelementptr [36 x i8]* @buffer1_1_96_4x4_p_V_83, i32 0, i32 %tmp_440_cast

ST_4: buffer1_1_96_4x4_p_V_887 (186)  [1/1] 0.00ns  loc: acceleartor_hls_padding/components.cpp:1232
.preheader:38  %buffer1_1_96_4x4_p_V_887 = getelementptr [36 x i8]* @buffer1_1_96_4x4_p_V_23, i32 0, i32 %tmp_440_cast

ST_4: buffer1_1_96_4x4_p_V_888 (187)  [1/1] 0.00ns  loc: acceleartor_hls_padding/components.cpp:1232
.preheader:39  %buffer1_1_96_4x4_p_V_888 = getelementptr [36 x i8]* @buffer1_1_96_4x4_p_V_3, i32 0, i32 %tmp_440_cast

ST_4: buffer1_1_96_4x4_p_V_889 (188)  [1/1] 0.00ns  loc: acceleartor_hls_padding/components.cpp:1232
.preheader:40  %buffer1_1_96_4x4_p_V_889 = getelementptr [36 x i8]* @buffer1_1_96_4x4_p_V_31, i32 0, i32 %tmp_440_cast

ST_4: buffer1_1_96_4x4_p_V_890 (189)  [1/1] 0.00ns  loc: acceleartor_hls_padding/components.cpp:1232
.preheader:41  %buffer1_1_96_4x4_p_V_890 = getelementptr [36 x i8]* @buffer1_1_96_4x4_p_V_86, i32 0, i32 %tmp_440_cast

ST_4: buffer1_1_96_4x4_p_V_891 (190)  [1/1] 0.00ns  loc: acceleartor_hls_padding/components.cpp:1232
.preheader:42  %buffer1_1_96_4x4_p_V_891 = getelementptr [36 x i8]* @buffer1_1_96_4x4_p_V_14, i32 0, i32 %tmp_440_cast

ST_4: buffer1_1_96_4x4_p_V_892 (191)  [1/1] 0.00ns  loc: acceleartor_hls_padding/components.cpp:1232
.preheader:43  %buffer1_1_96_4x4_p_V_892 = getelementptr [36 x i8]* @buffer1_1_96_4x4_p_V_33, i32 0, i32 %tmp_440_cast

ST_4: buffer1_1_96_4x4_p_V_893 (192)  [1/1] 0.00ns  loc: acceleartor_hls_padding/components.cpp:1232
.preheader:44  %buffer1_1_96_4x4_p_V_893 = getelementptr [36 x i8]* @buffer1_1_96_4x4_p_V_15, i32 0, i32 %tmp_440_cast

ST_4: buffer1_1_96_4x4_p_V_894 (193)  [1/1] 0.00ns  loc: acceleartor_hls_padding/components.cpp:1232
.preheader:45  %buffer1_1_96_4x4_p_V_894 = getelementptr [36 x i8]* @buffer1_1_96_4x4_p_V_47, i32 0, i32 %tmp_440_cast

ST_4: buffer1_1_96_4x4_p_V_895 (194)  [1/1] 0.00ns  loc: acceleartor_hls_padding/components.cpp:1232
.preheader:46  %buffer1_1_96_4x4_p_V_895 = getelementptr [36 x i8]* @buffer1_1_96_4x4_p_V_29, i32 0, i32 %tmp_440_cast

ST_4: buffer1_1_96_4x4_p_V_896 (195)  [1/1] 0.00ns  loc: acceleartor_hls_padding/components.cpp:1232
.preheader:47  %buffer1_1_96_4x4_p_V_896 = getelementptr [36 x i8]* @buffer1_1_96_4x4_p_V_88, i32 0, i32 %tmp_440_cast

ST_4: buffer1_1_96_4x4_p_V_897 (196)  [1/1] 0.00ns  loc: acceleartor_hls_padding/components.cpp:1232
.preheader:48  %buffer1_1_96_4x4_p_V_897 = getelementptr [36 x i8]* @buffer1_1_96_4x4_p_V_25, i32 0, i32 %tmp_440_cast

ST_4: buffer1_1_96_4x4_p_V_898 (197)  [1/1] 0.00ns  loc: acceleartor_hls_padding/components.cpp:1232
.preheader:49  %buffer1_1_96_4x4_p_V_898 = getelementptr [36 x i8]* @buffer1_1_96_4x4_p_V_9, i32 0, i32 %tmp_440_cast

ST_4: buffer1_1_96_4x4_p_V_899 (198)  [1/1] 0.00ns  loc: acceleartor_hls_padding/components.cpp:1232
.preheader:50  %buffer1_1_96_4x4_p_V_899 = getelementptr [36 x i8]* @buffer1_1_96_4x4_p_V_51, i32 0, i32 %tmp_440_cast

ST_4: buffer1_1_96_4x4_p_V_900 (199)  [1/1] 0.00ns  loc: acceleartor_hls_padding/components.cpp:1232
.preheader:51  %buffer1_1_96_4x4_p_V_900 = getelementptr [36 x i8]* @buffer1_1_96_4x4_p_V_89, i32 0, i32 %tmp_440_cast

ST_4: buffer1_1_96_4x4_p_V_901 (200)  [1/1] 0.00ns  loc: acceleartor_hls_padding/components.cpp:1232
.preheader:52  %buffer1_1_96_4x4_p_V_901 = getelementptr [36 x i8]* @buffer1_1_96_4x4_p_V_67, i32 0, i32 %tmp_440_cast

ST_4: buffer1_1_96_4x4_p_V_902 (201)  [1/1] 0.00ns  loc: acceleartor_hls_padding/components.cpp:1232
.preheader:53  %buffer1_1_96_4x4_p_V_902 = getelementptr [36 x i8]* @buffer1_1_96_4x4_p_V_91, i32 0, i32 %tmp_440_cast

ST_4: buffer1_1_96_4x4_p_V_903 (202)  [1/1] 0.00ns  loc: acceleartor_hls_padding/components.cpp:1232
.preheader:54  %buffer1_1_96_4x4_p_V_903 = getelementptr [36 x i8]* @buffer1_1_96_4x4_p_V_64, i32 0, i32 %tmp_440_cast

ST_4: buffer1_1_96_4x4_p_V_904 (203)  [1/1] 0.00ns  loc: acceleartor_hls_padding/components.cpp:1232
.preheader:55  %buffer1_1_96_4x4_p_V_904 = getelementptr [36 x i8]* @buffer1_1_96_4x4_p_V_65, i32 0, i32 %tmp_440_cast

ST_4: buffer1_1_96_4x4_p_V_905 (204)  [1/1] 0.00ns  loc: acceleartor_hls_padding/components.cpp:1232
.preheader:56  %buffer1_1_96_4x4_p_V_905 = getelementptr [36 x i8]* @buffer1_1_96_4x4_p_V_87, i32 0, i32 %tmp_440_cast

ST_4: buffer1_1_96_4x4_p_V_906 (205)  [1/1] 0.00ns  loc: acceleartor_hls_padding/components.cpp:1232
.preheader:57  %buffer1_1_96_4x4_p_V_906 = getelementptr [36 x i8]* @buffer1_1_96_4x4_p_V_84, i32 0, i32 %tmp_440_cast

ST_4: buffer1_1_96_4x4_p_V_907 (206)  [1/1] 0.00ns  loc: acceleartor_hls_padding/components.cpp:1232
.preheader:58  %buffer1_1_96_4x4_p_V_907 = getelementptr [36 x i8]* @buffer1_1_96_4x4_p_V_66, i32 0, i32 %tmp_440_cast

ST_4: buffer1_1_96_4x4_p_V_908 (207)  [1/1] 0.00ns  loc: acceleartor_hls_padding/components.cpp:1232
.preheader:59  %buffer1_1_96_4x4_p_V_908 = getelementptr [36 x i8]* @buffer1_1_96_4x4_p_V_24, i32 0, i32 %tmp_440_cast

ST_4: buffer1_1_96_4x4_p_V_909 (208)  [1/1] 0.00ns  loc: acceleartor_hls_padding/components.cpp:1232
.preheader:60  %buffer1_1_96_4x4_p_V_909 = getelementptr [36 x i8]* @buffer1_1_96_4x4_p_V_92, i32 0, i32 %tmp_440_cast

ST_4: buffer1_1_96_4x4_p_V_910 (209)  [1/1] 0.00ns  loc: acceleartor_hls_padding/components.cpp:1232
.preheader:61  %buffer1_1_96_4x4_p_V_910 = getelementptr [36 x i8]* @buffer1_1_96_4x4_p_V_26, i32 0, i32 %tmp_440_cast

ST_4: buffer1_1_96_4x4_p_V_911 (210)  [1/1] 0.00ns  loc: acceleartor_hls_padding/components.cpp:1232
.preheader:62  %buffer1_1_96_4x4_p_V_911 = getelementptr [36 x i8]* @buffer1_1_96_4x4_p_V_27, i32 0, i32 %tmp_440_cast

ST_4: buffer1_1_96_4x4_p_V_912 (211)  [1/1] 0.00ns  loc: acceleartor_hls_padding/components.cpp:1232
.preheader:63  %buffer1_1_96_4x4_p_V_912 = getelementptr [36 x i8]* @buffer1_1_96_4x4_p_V_85, i32 0, i32 %tmp_440_cast

ST_4: buffer1_1_96_4x4_p_V_913 (212)  [1/1] 0.00ns  loc: acceleartor_hls_padding/components.cpp:1232
.preheader:64  %buffer1_1_96_4x4_p_V_913 = getelementptr [36 x i8]* @buffer1_1_96_4x4_p_V_61, i32 0, i32 %tmp_440_cast

ST_4: buffer1_1_96_4x4_p_V_914 (213)  [1/1] 0.00ns  loc: acceleartor_hls_padding/components.cpp:1232
.preheader:65  %buffer1_1_96_4x4_p_V_914 = getelementptr [36 x i8]* @buffer1_1_96_4x4_p_V_62, i32 0, i32 %tmp_440_cast

ST_4: buffer1_1_96_4x4_p_V_915 (214)  [1/1] 0.00ns  loc: acceleartor_hls_padding/components.cpp:1232
.preheader:66  %buffer1_1_96_4x4_p_V_915 = getelementptr [36 x i8]* @buffer1_1_96_4x4_p_V_35, i32 0, i32 %tmp_440_cast

ST_4: buffer1_1_96_4x4_p_V_916 (215)  [1/1] 0.00ns  loc: acceleartor_hls_padding/components.cpp:1232
.preheader:67  %buffer1_1_96_4x4_p_V_916 = getelementptr [36 x i8]* @buffer1_1_96_4x4_p_V_49, i32 0, i32 %tmp_440_cast

ST_4: buffer1_1_96_4x4_p_V_917 (216)  [1/1] 0.00ns  loc: acceleartor_hls_padding/components.cpp:1232
.preheader:68  %buffer1_1_96_4x4_p_V_917 = getelementptr [36 x i8]* @buffer1_1_96_4x4_p_V_4, i32 0, i32 %tmp_440_cast

ST_4: buffer1_1_96_4x4_p_V_918 (217)  [1/1] 0.00ns  loc: acceleartor_hls_padding/components.cpp:1232
.preheader:69  %buffer1_1_96_4x4_p_V_918 = getelementptr [36 x i8]* @buffer1_1_96_4x4_p_V_39, i32 0, i32 %tmp_440_cast

ST_4: buffer1_1_96_4x4_p_V_919 (218)  [1/1] 0.00ns  loc: acceleartor_hls_padding/components.cpp:1232
.preheader:70  %buffer1_1_96_4x4_p_V_919 = getelementptr [36 x i8]* @buffer1_1_96_4x4_p_V_13, i32 0, i32 %tmp_440_cast

ST_4: buffer1_1_96_4x4_p_V_920 (219)  [1/1] 0.00ns  loc: acceleartor_hls_padding/components.cpp:1232
.preheader:71  %buffer1_1_96_4x4_p_V_920 = getelementptr [36 x i8]* @buffer1_1_96_4x4_p_V_45, i32 0, i32 %tmp_440_cast

ST_4: buffer1_1_96_4x4_p_V_921 (220)  [1/1] 0.00ns  loc: acceleartor_hls_padding/components.cpp:1232
.preheader:72  %buffer1_1_96_4x4_p_V_921 = getelementptr [36 x i8]* @buffer1_1_96_4x4_p_V_34, i32 0, i32 %tmp_440_cast

ST_4: buffer1_1_96_4x4_p_V_922 (221)  [1/1] 0.00ns  loc: acceleartor_hls_padding/components.cpp:1232
.preheader:73  %buffer1_1_96_4x4_p_V_922 = getelementptr [36 x i8]* @buffer1_1_96_4x4_p_V_32, i32 0, i32 %tmp_440_cast

ST_4: buffer1_1_96_4x4_p_V_923 (222)  [1/1] 0.00ns  loc: acceleartor_hls_padding/components.cpp:1232
.preheader:74  %buffer1_1_96_4x4_p_V_923 = getelementptr [36 x i8]* @buffer1_1_96_4x4_p_V_41, i32 0, i32 %tmp_440_cast

ST_4: buffer1_1_96_4x4_p_V_924 (223)  [1/1] 0.00ns  loc: acceleartor_hls_padding/components.cpp:1232
.preheader:75  %buffer1_1_96_4x4_p_V_924 = getelementptr [36 x i8]* @buffer1_1_96_4x4_p_V_43, i32 0, i32 %tmp_440_cast

ST_4: buffer1_1_96_4x4_p_V_925 (224)  [1/1] 0.00ns  loc: acceleartor_hls_padding/components.cpp:1232
.preheader:76  %buffer1_1_96_4x4_p_V_925 = getelementptr [36 x i8]* @buffer1_1_96_4x4_p_V_18, i32 0, i32 %tmp_440_cast

ST_4: buffer1_1_96_4x4_p_V_926 (225)  [1/1] 0.00ns  loc: acceleartor_hls_padding/components.cpp:1232
.preheader:77  %buffer1_1_96_4x4_p_V_926 = getelementptr [36 x i8]* @buffer1_1_96_4x4_p_V_16, i32 0, i32 %tmp_440_cast

ST_4: buffer1_1_96_4x4_p_V_927 (226)  [1/1] 0.00ns  loc: acceleartor_hls_padding/components.cpp:1232
.preheader:78  %buffer1_1_96_4x4_p_V_927 = getelementptr [36 x i8]* @buffer1_1_96_4x4_p_V_48, i32 0, i32 %tmp_440_cast

ST_4: buffer1_1_96_4x4_p_V_928 (227)  [1/1] 0.00ns  loc: acceleartor_hls_padding/components.cpp:1232
.preheader:79  %buffer1_1_96_4x4_p_V_928 = getelementptr [36 x i8]* @buffer1_1_96_4x4_p_V_17, i32 0, i32 %tmp_440_cast

ST_4: buffer1_1_96_4x4_p_V_929 (228)  [1/1] 0.00ns  loc: acceleartor_hls_padding/components.cpp:1232
.preheader:80  %buffer1_1_96_4x4_p_V_929 = getelementptr [36 x i8]* @buffer1_1_96_4x4_p_V_46, i32 0, i32 %tmp_440_cast

ST_4: buffer1_1_96_4x4_p_V_930 (229)  [1/1] 0.00ns  loc: acceleartor_hls_padding/components.cpp:1232
.preheader:81  %buffer1_1_96_4x4_p_V_930 = getelementptr [36 x i8]* @buffer1_1_96_4x4_p_V_28, i32 0, i32 %tmp_440_cast

ST_4: buffer1_1_96_4x4_p_V_931 (230)  [1/1] 0.00ns  loc: acceleartor_hls_padding/components.cpp:1232
.preheader:82  %buffer1_1_96_4x4_p_V_931 = getelementptr [36 x i8]* @buffer1_1_96_4x4_p_V_44, i32 0, i32 %tmp_440_cast

ST_4: buffer1_1_96_4x4_p_V_932 (231)  [1/1] 0.00ns  loc: acceleartor_hls_padding/components.cpp:1232
.preheader:83  %buffer1_1_96_4x4_p_V_932 = getelementptr [36 x i8]* @buffer1_1_96_4x4_p_V_2, i32 0, i32 %tmp_440_cast

ST_4: buffer1_1_96_4x4_p_V_933 (232)  [1/1] 0.00ns  loc: acceleartor_hls_padding/components.cpp:1232
.preheader:84  %buffer1_1_96_4x4_p_V_933 = getelementptr [36 x i8]* @buffer1_1_96_4x4_p_V_36, i32 0, i32 %tmp_440_cast

ST_4: buffer1_1_96_4x4_p_V_934 (233)  [1/1] 0.00ns  loc: acceleartor_hls_padding/components.cpp:1232
.preheader:85  %buffer1_1_96_4x4_p_V_934 = getelementptr [36 x i8]* @buffer1_1_96_4x4_p_V_30, i32 0, i32 %tmp_440_cast

ST_4: buffer1_1_96_4x4_p_V_935 (234)  [1/1] 0.00ns  loc: acceleartor_hls_padding/components.cpp:1232
.preheader:86  %buffer1_1_96_4x4_p_V_935 = getelementptr [36 x i8]* @buffer1_1_96_4x4_p_V_38, i32 0, i32 %tmp_440_cast

ST_4: buffer1_1_96_4x4_p_V_936 (235)  [1/1] 0.00ns  loc: acceleartor_hls_padding/components.cpp:1232
.preheader:87  %buffer1_1_96_4x4_p_V_936 = getelementptr [36 x i8]* @buffer1_1_96_4x4_p_V_94, i32 0, i32 %tmp_440_cast

ST_4: buffer1_1_96_4x4_p_V_937 (236)  [1/1] 0.00ns  loc: acceleartor_hls_padding/components.cpp:1232
.preheader:88  %buffer1_1_96_4x4_p_V_937 = getelementptr [36 x i8]* @buffer1_1_96_4x4_p_V_19, i32 0, i32 %tmp_440_cast

ST_4: buffer1_1_96_4x4_p_V_938 (237)  [1/1] 0.00ns  loc: acceleartor_hls_padding/components.cpp:1232
.preheader:89  %buffer1_1_96_4x4_p_V_938 = getelementptr [36 x i8]* @buffer1_1_96_4x4_p_V_37, i32 0, i32 %tmp_440_cast

ST_4: buffer1_1_96_4x4_p_V_939 (238)  [1/1] 0.00ns  loc: acceleartor_hls_padding/components.cpp:1232
.preheader:90  %buffer1_1_96_4x4_p_V_939 = getelementptr [36 x i8]* @buffer1_1_96_4x4_p_V_6, i32 0, i32 %tmp_440_cast

ST_4: buffer1_1_96_4x4_p_V_940 (239)  [1/1] 0.00ns  loc: acceleartor_hls_padding/components.cpp:1232
.preheader:91  %buffer1_1_96_4x4_p_V_940 = getelementptr [36 x i8]* @buffer1_1_96_4x4_p_V_82, i32 0, i32 %tmp_440_cast

ST_4: buffer1_1_96_4x4_p_V_941 (240)  [1/1] 0.00ns  loc: acceleartor_hls_padding/components.cpp:1232
.preheader:92  %buffer1_1_96_4x4_p_V_941 = getelementptr [36 x i8]* @buffer1_1_96_4x4_p_V_50, i32 0, i32 %tmp_440_cast

ST_4: buffer1_1_96_4x4_p_V_942 (241)  [1/1] 0.00ns  loc: acceleartor_hls_padding/components.cpp:1232
.preheader:93  %buffer1_1_96_4x4_p_V_942 = getelementptr [36 x i8]* @buffer1_1_96_4x4_p_V_5, i32 0, i32 %tmp_440_cast

ST_4: buffer1_1_96_4x4_p_V_943 (242)  [1/1] 0.00ns  loc: acceleartor_hls_padding/components.cpp:1232
.preheader:94  %buffer1_1_96_4x4_p_V_943 = getelementptr [36 x i8]* @buffer1_1_96_4x4_p_V_81, i32 0, i32 %tmp_440_cast

ST_4: buffer1_1_96_4x4_p_V_944 (243)  [1/1] 0.00ns  loc: acceleartor_hls_padding/components.cpp:1232
.preheader:95  %buffer1_1_96_4x4_p_V_944 = getelementptr [36 x i8]* @buffer1_1_96_4x4_p_V_8, i32 0, i32 %tmp_440_cast

ST_4: buffer1_1_96_4x4_p_V_945 (244)  [1/1] 0.00ns  loc: acceleartor_hls_padding/components.cpp:1232
.preheader:96  %buffer1_1_96_4x4_p_V_945 = getelementptr [36 x i8]* @buffer1_1_96_4x4_p_V_57, i32 0, i32 %tmp_440_cast

ST_4: buffer1_1_96_4x4_p_V_946 (245)  [1/1] 0.00ns  loc: acceleartor_hls_padding/components.cpp:1232
.preheader:97  %buffer1_1_96_4x4_p_V_946 = getelementptr [36 x i8]* @buffer1_1_96_4x4_p_V_58, i32 0, i32 %tmp_440_cast

ST_4: buffer1_1_96_4x4_p_V_947 (246)  [1/1] 0.00ns  loc: acceleartor_hls_padding/components.cpp:1232
.preheader:98  %buffer1_1_96_4x4_p_V_947 = getelementptr [36 x i8]* @buffer1_1_96_4x4_p_V_52, i32 0, i32 %tmp_440_cast

ST_4: buffer1_1_96_4x4_p_V_948 (247)  [1/1] 0.00ns  loc: acceleartor_hls_padding/components.cpp:1232
.preheader:99  %buffer1_1_96_4x4_p_V_948 = getelementptr [36 x i8]* @buffer1_1_96_4x4_p_V_56, i32 0, i32 %tmp_440_cast

ST_4: buffer1_1_96_4x4_p_V_949 (248)  [1/1] 0.00ns  loc: acceleartor_hls_padding/components.cpp:1232
.preheader:100  %buffer1_1_96_4x4_p_V_949 = getelementptr [36 x i8]* @buffer1_1_96_4x4_p_V_63, i32 0, i32 %tmp_440_cast

ST_4: buffer1_1_96_4x4_p_V_950 (249)  [1/1] 0.00ns  loc: acceleartor_hls_padding/components.cpp:1232
.preheader:101  %buffer1_1_96_4x4_p_V_950 = getelementptr [36 x i8]* @buffer1_1_96_4x4_p_V_60, i32 0, i32 %tmp_440_cast

ST_4: buffer1_1_96_4x4_p_V_951 (250)  [1/1] 0.00ns  loc: acceleartor_hls_padding/components.cpp:1232
.preheader:102  %buffer1_1_96_4x4_p_V_951 = getelementptr [36 x i8]* @buffer1_1_96_4x4_p_V_59, i32 0, i32 %tmp_440_cast

ST_4: buffer1_1_96_4x4_p_V_952 (251)  [1/1] 0.00ns  loc: acceleartor_hls_padding/components.cpp:1232
.preheader:103  %buffer1_1_96_4x4_p_V_952 = getelementptr [36 x i8]* @buffer1_1_96_4x4_p_V_54, i32 0, i32 %tmp_440_cast

ST_4: buffer1_1_96_4x4_p_V_953 (252)  [1/1] 0.00ns  loc: acceleartor_hls_padding/components.cpp:1232
.preheader:104  %buffer1_1_96_4x4_p_V_953 = getelementptr [36 x i8]* @buffer1_1_96_4x4_p_V_53, i32 0, i32 %tmp_440_cast

ST_4: buffer1_1_96_4x4_p_V_954 (253)  [1/1] 0.00ns  loc: acceleartor_hls_padding/components.cpp:1232
.preheader:105  %buffer1_1_96_4x4_p_V_954 = getelementptr [36 x i8]* @buffer1_1_96_4x4_p_V_80, i32 0, i32 %tmp_440_cast

ST_4: buffer1_1_96_4x4_p_V_955 (254)  [1/1] 0.00ns  loc: acceleartor_hls_padding/components.cpp:1232
.preheader:106  %buffer1_1_96_4x4_p_V_955 = getelementptr [36 x i8]* @buffer1_1_96_4x4_p_V_79, i32 0, i32 %tmp_440_cast

ST_4: buffer1_1_96_4x4_p_V_956 (255)  [1/1] 0.00ns  loc: acceleartor_hls_padding/components.cpp:1232
.preheader:107  %buffer1_1_96_4x4_p_V_956 = getelementptr [36 x i8]* @buffer1_1_96_4x4_p_V_55, i32 0, i32 %tmp_440_cast

ST_4: exitcond (256)  [1/1] 2.07ns  loc: acceleartor_hls_padding/components.cpp:1233
.preheader:108  %exitcond = icmp eq i3 %w, -2

ST_4: empty_113 (257)  [1/1] 0.00ns
.preheader:109  %empty_113 = call i32 (...)* @_ssdm_op_SpecLoopTripCount(i64 6, i64 6, i64 6)

ST_4: w_35 (258)  [1/1] 2.26ns  loc: acceleartor_hls_padding/components.cpp:1233
.preheader:110  %w_35 = add i3 %w, 1

ST_4: StgValue_165 (259)  [1/1] 0.00ns  loc: acceleartor_hls_padding/components.cpp:1233
.preheader:111  br i1 %exitcond, label %.preheader6.loopexit, label %1

ST_4: StgValue_166 (261)  [1/1] 0.00ns  loc: acceleartor_hls_padding/components.cpp:1234
:0  br i1 %tmp_494, label %3, label %2

ST_4: left_V_load (263)  [2/2] 3.25ns  loc: acceleartor_hls_padding/components.cpp:1234
:0  %left_V_load = load i8* %left_V_addr, align 1

ST_4: buffer1_1_96_4x4_p_V_957 (266)  [2/2] 2.32ns  loc: acceleartor_hls_padding/components.cpp:1232
:0  %buffer1_1_96_4x4_p_V_957 = load i8* %buffer1_1_96_4x4_p_V_867, align 1

ST_4: buffer1_1_96_4x4_p_V_958 (267)  [2/2] 2.32ns  loc: acceleartor_hls_padding/components.cpp:1232
:1  %buffer1_1_96_4x4_p_V_958 = load i8* %buffer1_1_96_4x4_p_V, align 1

ST_4: buffer1_1_96_4x4_p_V_959 (268)  [2/2] 2.32ns  loc: acceleartor_hls_padding/components.cpp:1232
:2  %buffer1_1_96_4x4_p_V_959 = load i8* %buffer1_1_96_4x4_p_V_932, align 1

ST_4: buffer1_1_96_4x4_p_V_960 (269)  [2/2] 2.32ns  loc: acceleartor_hls_padding/components.cpp:1232
:3  %buffer1_1_96_4x4_p_V_960 = load i8* %buffer1_1_96_4x4_p_V_888, align 1

ST_4: buffer1_1_96_4x4_p_V_961 (270)  [2/2] 2.32ns  loc: acceleartor_hls_padding/components.cpp:1232
:4  %buffer1_1_96_4x4_p_V_961 = load i8* %buffer1_1_96_4x4_p_V_917, align 1

ST_4: buffer1_1_96_4x4_p_V_962 (271)  [2/2] 2.32ns  loc: acceleartor_hls_padding/components.cpp:1232
:5  %buffer1_1_96_4x4_p_V_962 = load i8* %buffer1_1_96_4x4_p_V_942, align 1

ST_4: buffer1_1_96_4x4_p_V_963 (272)  [2/2] 2.32ns  loc: acceleartor_hls_padding/components.cpp:1232
:6  %buffer1_1_96_4x4_p_V_963 = load i8* %buffer1_1_96_4x4_p_V_939, align 1

ST_4: buffer1_1_96_4x4_p_V_964 (273)  [2/2] 2.32ns  loc: acceleartor_hls_padding/components.cpp:1232
:7  %buffer1_1_96_4x4_p_V_964 = load i8* %buffer1_1_96_4x4_p_V_866, align 1

ST_4: buffer1_1_96_4x4_p_V_965 (274)  [2/2] 2.32ns  loc: acceleartor_hls_padding/components.cpp:1232
:8  %buffer1_1_96_4x4_p_V_965 = load i8* %buffer1_1_96_4x4_p_V_944, align 1

ST_4: buffer1_1_96_4x4_p_V_966 (275)  [2/2] 2.32ns  loc: acceleartor_hls_padding/components.cpp:1232
:9  %buffer1_1_96_4x4_p_V_966 = load i8* %buffer1_1_96_4x4_p_V_898, align 1

ST_4: buffer1_1_96_4x4_p_V_967 (276)  [2/2] 2.32ns  loc: acceleartor_hls_padding/components.cpp:1232
:10  %buffer1_1_96_4x4_p_V_967 = load i8* %buffer1_1_96_4x4_p_V_871, align 1

ST_4: buffer1_1_96_4x4_p_V_968 (277)  [2/2] 2.32ns  loc: acceleartor_hls_padding/components.cpp:1232
:11  %buffer1_1_96_4x4_p_V_968 = load i8* %buffer1_1_96_4x4_p_V_873, align 1

ST_4: buffer1_1_96_4x4_p_V_969 (278)  [2/2] 2.32ns  loc: acceleartor_hls_padding/components.cpp:1232
:12  %buffer1_1_96_4x4_p_V_969 = load i8* %buffer1_1_96_4x4_p_V_876, align 1

ST_4: buffer1_1_96_4x4_p_V_970 (279)  [2/2] 2.32ns  loc: acceleartor_hls_padding/components.cpp:1232
:13  %buffer1_1_96_4x4_p_V_970 = load i8* %buffer1_1_96_4x4_p_V_919, align 1

ST_4: buffer1_1_96_4x4_p_V_971 (280)  [2/2] 2.32ns  loc: acceleartor_hls_padding/components.cpp:1232
:14  %buffer1_1_96_4x4_p_V_971 = load i8* %buffer1_1_96_4x4_p_V_891, align 1

ST_4: buffer1_1_96_4x4_p_V_972 (281)  [2/2] 2.32ns  loc: acceleartor_hls_padding/components.cpp:1232
:15  %buffer1_1_96_4x4_p_V_972 = load i8* %buffer1_1_96_4x4_p_V_893, align 1

ST_4: buffer1_1_96_4x4_p_V_973 (282)  [2/2] 2.32ns  loc: acceleartor_hls_padding/components.cpp:1232
:16  %buffer1_1_96_4x4_p_V_973 = load i8* %buffer1_1_96_4x4_p_V_926, align 1

ST_4: buffer1_1_96_4x4_p_V_974 (283)  [2/2] 2.32ns  loc: acceleartor_hls_padding/components.cpp:1232
:17  %buffer1_1_96_4x4_p_V_974 = load i8* %buffer1_1_96_4x4_p_V_928, align 1

ST_4: buffer1_1_96_4x4_p_V_975 (284)  [2/2] 2.32ns  loc: acceleartor_hls_padding/components.cpp:1232
:18  %buffer1_1_96_4x4_p_V_975 = load i8* %buffer1_1_96_4x4_p_V_925, align 1

ST_4: buffer1_1_96_4x4_p_V_976 (285)  [2/2] 2.32ns  loc: acceleartor_hls_padding/components.cpp:1232
:19  %buffer1_1_96_4x4_p_V_976 = load i8* %buffer1_1_96_4x4_p_V_937, align 1

ST_4: buffer1_1_96_4x4_p_V_977 (286)  [2/2] 2.32ns  loc: acceleartor_hls_padding/components.cpp:1232
:20  %buffer1_1_96_4x4_p_V_977 = load i8* %buffer1_1_96_4x4_p_V_862, align 1

ST_4: buffer1_1_96_4x4_p_V_978 (287)  [2/2] 2.32ns  loc: acceleartor_hls_padding/components.cpp:1232
:21  %buffer1_1_96_4x4_p_V_978 = load i8* %buffer1_1_96_4x4_p_V_865, align 1

ST_4: buffer1_1_96_4x4_p_V_979 (288)  [2/2] 2.32ns  loc: acceleartor_hls_padding/components.cpp:1232
:22  %buffer1_1_96_4x4_p_V_979 = load i8* %buffer1_1_96_4x4_p_V_883, align 1

ST_4: buffer1_1_96_4x4_p_V_980 (289)  [2/2] 2.32ns  loc: acceleartor_hls_padding/components.cpp:1232
:23  %buffer1_1_96_4x4_p_V_980 = load i8* %buffer1_1_96_4x4_p_V_887, align 1

ST_4: buffer1_1_96_4x4_p_V_981 (290)  [2/2] 2.32ns  loc: acceleartor_hls_padding/components.cpp:1232
:24  %buffer1_1_96_4x4_p_V_981 = load i8* %buffer1_1_96_4x4_p_V_908, align 1

ST_4: buffer1_1_96_4x4_p_V_982 (291)  [2/2] 2.32ns  loc: acceleartor_hls_padding/components.cpp:1232
:25  %buffer1_1_96_4x4_p_V_982 = load i8* %buffer1_1_96_4x4_p_V_897, align 1

ST_4: buffer1_1_96_4x4_p_V_983 (292)  [2/2] 2.32ns  loc: acceleartor_hls_padding/components.cpp:1232
:26  %buffer1_1_96_4x4_p_V_983 = load i8* %buffer1_1_96_4x4_p_V_910, align 1

ST_4: buffer1_1_96_4x4_p_V_984 (293)  [2/2] 2.32ns  loc: acceleartor_hls_padding/components.cpp:1232
:27  %buffer1_1_96_4x4_p_V_984 = load i8* %buffer1_1_96_4x4_p_V_911, align 1

ST_4: buffer1_1_96_4x4_p_V_985 (294)  [2/2] 2.32ns  loc: acceleartor_hls_padding/components.cpp:1232
:28  %buffer1_1_96_4x4_p_V_985 = load i8* %buffer1_1_96_4x4_p_V_930, align 1

ST_4: buffer1_1_96_4x4_p_V_986 (295)  [2/2] 2.32ns  loc: acceleartor_hls_padding/components.cpp:1232
:29  %buffer1_1_96_4x4_p_V_986 = load i8* %buffer1_1_96_4x4_p_V_895, align 1

ST_4: buffer1_1_96_4x4_p_V_987 (296)  [2/2] 2.32ns  loc: acceleartor_hls_padding/components.cpp:1232
:30  %buffer1_1_96_4x4_p_V_987 = load i8* %buffer1_1_96_4x4_p_V_934, align 1

ST_4: buffer1_1_96_4x4_p_V_988 (297)  [2/2] 2.32ns  loc: acceleartor_hls_padding/components.cpp:1232
:31  %buffer1_1_96_4x4_p_V_988 = load i8* %buffer1_1_96_4x4_p_V_889, align 1

ST_4: buffer1_1_96_4x4_p_V_989 (298)  [2/2] 2.32ns  loc: acceleartor_hls_padding/components.cpp:1232
:32  %buffer1_1_96_4x4_p_V_989 = load i8* %buffer1_1_96_4x4_p_V_922, align 1

ST_4: buffer1_1_96_4x4_p_V_990 (299)  [2/2] 2.32ns  loc: acceleartor_hls_padding/components.cpp:1232
:33  %buffer1_1_96_4x4_p_V_990 = load i8* %buffer1_1_96_4x4_p_V_892, align 1

ST_4: buffer1_1_96_4x4_p_V_991 (300)  [2/2] 2.32ns  loc: acceleartor_hls_padding/components.cpp:1232
:34  %buffer1_1_96_4x4_p_V_991 = load i8* %buffer1_1_96_4x4_p_V_921, align 1

ST_4: buffer1_1_96_4x4_p_V_992 (301)  [2/2] 2.32ns  loc: acceleartor_hls_padding/components.cpp:1232
:35  %buffer1_1_96_4x4_p_V_992 = load i8* %buffer1_1_96_4x4_p_V_915, align 1

ST_4: buffer1_1_96_4x4_p_V_993 (302)  [2/2] 2.32ns  loc: acceleartor_hls_padding/components.cpp:1232
:36  %buffer1_1_96_4x4_p_V_993 = load i8* %buffer1_1_96_4x4_p_V_933, align 1

ST_4: buffer1_1_96_4x4_p_V_994 (303)  [2/2] 2.32ns  loc: acceleartor_hls_padding/components.cpp:1232
:37  %buffer1_1_96_4x4_p_V_994 = load i8* %buffer1_1_96_4x4_p_V_938, align 1

ST_4: buffer1_1_96_4x4_p_V_995 (304)  [2/2] 2.32ns  loc: acceleartor_hls_padding/components.cpp:1232
:38  %buffer1_1_96_4x4_p_V_995 = load i8* %buffer1_1_96_4x4_p_V_935, align 1

ST_4: buffer1_1_96_4x4_p_V_996 (305)  [2/2] 2.32ns  loc: acceleartor_hls_padding/components.cpp:1232
:39  %buffer1_1_96_4x4_p_V_996 = load i8* %buffer1_1_96_4x4_p_V_918, align 1

ST_4: buffer1_1_96_4x4_p_V_997 (306)  [2/2] 2.32ns  loc: acceleartor_hls_padding/components.cpp:1232
:40  %buffer1_1_96_4x4_p_V_997 = load i8* %buffer1_1_96_4x4_p_V_878, align 1

ST_4: buffer1_1_96_4x4_p_V_998 (307)  [2/2] 2.32ns  loc: acceleartor_hls_padding/components.cpp:1232
:41  %buffer1_1_96_4x4_p_V_998 = load i8* %buffer1_1_96_4x4_p_V_923, align 1

ST_4: buffer1_1_96_4x4_p_V_999 (308)  [2/2] 2.32ns  loc: acceleartor_hls_padding/components.cpp:1232
:42  %buffer1_1_96_4x4_p_V_999 = load i8* %buffer1_1_96_4x4_p_V_877, align 1

ST_4: buffer1_1_96_4x4_p_V_1000 (309)  [2/2] 2.32ns  loc: acceleartor_hls_padding/components.cpp:1232
:43  %buffer1_1_96_4x4_p_V_1000 = load i8* %buffer1_1_96_4x4_p_V_924, align 1

ST_4: buffer1_1_96_4x4_p_V_1001 (310)  [2/2] 2.32ns  loc: acceleartor_hls_padding/components.cpp:1232
:44  %buffer1_1_96_4x4_p_V_1001 = load i8* %buffer1_1_96_4x4_p_V_931, align 1

ST_4: buffer1_1_96_4x4_p_V_1002 (311)  [2/2] 2.32ns  loc: acceleartor_hls_padding/components.cpp:1232
:45  %buffer1_1_96_4x4_p_V_1002 = load i8* %buffer1_1_96_4x4_p_V_920, align 1

ST_4: buffer1_1_96_4x4_p_V_1003 (312)  [2/2] 2.32ns  loc: acceleartor_hls_padding/components.cpp:1232
:46  %buffer1_1_96_4x4_p_V_1003 = load i8* %buffer1_1_96_4x4_p_V_929, align 1

ST_4: buffer1_1_96_4x4_p_V_1004 (313)  [2/2] 2.32ns  loc: acceleartor_hls_padding/components.cpp:1232
:47  %buffer1_1_96_4x4_p_V_1004 = load i8* %buffer1_1_96_4x4_p_V_894, align 1

ST_4: buffer1_1_96_4x4_p_V_1005 (314)  [2/2] 2.32ns  loc: acceleartor_hls_padding/components.cpp:1232
:48  %buffer1_1_96_4x4_p_V_1005 = load i8* %buffer1_1_96_4x4_p_V_927, align 1

ST_4: buffer1_1_96_4x4_p_V_1006 (315)  [2/2] 2.32ns  loc: acceleartor_hls_padding/components.cpp:1232
:49  %buffer1_1_96_4x4_p_V_1006 = load i8* %buffer1_1_96_4x4_p_V_916, align 1

ST_4: buffer1_1_96_4x4_p_V_1007 (316)  [2/2] 2.32ns  loc: acceleartor_hls_padding/components.cpp:1232
:50  %buffer1_1_96_4x4_p_V_1007 = load i8* %buffer1_1_96_4x4_p_V_941, align 1

ST_4: buffer1_1_96_4x4_p_V_1008 (317)  [2/2] 2.32ns  loc: acceleartor_hls_padding/components.cpp:1232
:51  %buffer1_1_96_4x4_p_V_1008 = load i8* %buffer1_1_96_4x4_p_V_899, align 1

ST_4: buffer1_1_96_4x4_p_V_1009 (318)  [2/2] 2.32ns  loc: acceleartor_hls_padding/components.cpp:1232
:52  %buffer1_1_96_4x4_p_V_1009 = load i8* %buffer1_1_96_4x4_p_V_947, align 1

ST_4: buffer1_1_96_4x4_p_V_1010 (319)  [2/2] 2.32ns  loc: acceleartor_hls_padding/components.cpp:1232
:53  %buffer1_1_96_4x4_p_V_1010 = load i8* %buffer1_1_96_4x4_p_V_953, align 1

ST_4: buffer1_1_96_4x4_p_V_1011 (320)  [2/2] 2.32ns  loc: acceleartor_hls_padding/components.cpp:1232
:54  %buffer1_1_96_4x4_p_V_1011 = load i8* %buffer1_1_96_4x4_p_V_952, align 1

ST_4: buffer1_1_96_4x4_p_V_1012 (321)  [2/2] 2.32ns  loc: acceleartor_hls_padding/components.cpp:1232
:55  %buffer1_1_96_4x4_p_V_1012 = load i8* %buffer1_1_96_4x4_p_V_956, align 1

ST_4: buffer1_1_96_4x4_p_V_1013 (322)  [2/2] 2.32ns  loc: acceleartor_hls_padding/components.cpp:1232
:56  %buffer1_1_96_4x4_p_V_1013 = load i8* %buffer1_1_96_4x4_p_V_948, align 1

ST_4: buffer1_1_96_4x4_p_V_1014 (323)  [2/2] 2.32ns  loc: acceleartor_hls_padding/components.cpp:1232
:57  %buffer1_1_96_4x4_p_V_1014 = load i8* %buffer1_1_96_4x4_p_V_945, align 1

ST_4: buffer1_1_96_4x4_p_V_1015 (324)  [2/2] 2.32ns  loc: acceleartor_hls_padding/components.cpp:1232
:58  %buffer1_1_96_4x4_p_V_1015 = load i8* %buffer1_1_96_4x4_p_V_946, align 1

ST_4: buffer1_1_96_4x4_p_V_1016 (325)  [2/2] 2.32ns  loc: acceleartor_hls_padding/components.cpp:1232
:59  %buffer1_1_96_4x4_p_V_1016 = load i8* %buffer1_1_96_4x4_p_V_951, align 1

ST_4: buffer1_1_96_4x4_p_V_1017 (326)  [2/2] 2.32ns  loc: acceleartor_hls_padding/components.cpp:1232
:60  %buffer1_1_96_4x4_p_V_1017 = load i8* %buffer1_1_96_4x4_p_V_950, align 1

ST_4: buffer1_1_96_4x4_p_V_1018 (327)  [2/2] 2.32ns  loc: acceleartor_hls_padding/components.cpp:1232
:61  %buffer1_1_96_4x4_p_V_1018 = load i8* %buffer1_1_96_4x4_p_V_913, align 1

ST_4: buffer1_1_96_4x4_p_V_1019 (328)  [2/2] 2.32ns  loc: acceleartor_hls_padding/components.cpp:1232
:62  %buffer1_1_96_4x4_p_V_1019 = load i8* %buffer1_1_96_4x4_p_V_914, align 1

ST_4: buffer1_1_96_4x4_p_V_1020 (329)  [2/2] 2.32ns  loc: acceleartor_hls_padding/components.cpp:1232
:63  %buffer1_1_96_4x4_p_V_1020 = load i8* %buffer1_1_96_4x4_p_V_949, align 1

ST_4: buffer1_1_96_4x4_p_V_1021 (330)  [2/2] 2.32ns  loc: acceleartor_hls_padding/components.cpp:1232
:64  %buffer1_1_96_4x4_p_V_1021 = load i8* %buffer1_1_96_4x4_p_V_903, align 1

ST_4: buffer1_1_96_4x4_p_V_1022 (331)  [2/2] 2.32ns  loc: acceleartor_hls_padding/components.cpp:1232
:65  %buffer1_1_96_4x4_p_V_1022 = load i8* %buffer1_1_96_4x4_p_V_904, align 1

ST_4: buffer1_1_96_4x4_p_V_1023 (332)  [2/2] 2.32ns  loc: acceleartor_hls_padding/components.cpp:1232
:66  %buffer1_1_96_4x4_p_V_1023 = load i8* %buffer1_1_96_4x4_p_V_907, align 1

ST_4: buffer1_1_96_4x4_p_V_1024 (333)  [2/2] 2.32ns  loc: acceleartor_hls_padding/components.cpp:1232
:67  %buffer1_1_96_4x4_p_V_1024 = load i8* %buffer1_1_96_4x4_p_V_901, align 1

ST_4: buffer1_1_96_4x4_p_V_1025 (334)  [2/2] 2.32ns  loc: acceleartor_hls_padding/components.cpp:1232
:68  %buffer1_1_96_4x4_p_V_1025 = load i8* %buffer1_1_96_4x4_p_V_869, align 1

ST_4: buffer1_1_96_4x4_p_V_1026 (335)  [2/2] 2.32ns  loc: acceleartor_hls_padding/components.cpp:1232
:69  %buffer1_1_96_4x4_p_V_1026 = load i8* %buffer1_1_96_4x4_p_V_863, align 1

ST_4: buffer1_1_96_4x4_p_V_1027 (336)  [2/2] 2.32ns  loc: acceleartor_hls_padding/components.cpp:1232
:70  %buffer1_1_96_4x4_p_V_1027 = load i8* %buffer1_1_96_4x4_p_V_864, align 1

ST_4: buffer1_1_96_4x4_p_V_1028 (337)  [2/2] 2.32ns  loc: acceleartor_hls_padding/components.cpp:1232
:71  %buffer1_1_96_4x4_p_V_1028 = load i8* %buffer1_1_96_4x4_p_V_884, align 1

ST_4: buffer1_1_96_4x4_p_V_1029 (338)  [2/2] 2.32ns  loc: acceleartor_hls_padding/components.cpp:1232
:72  %buffer1_1_96_4x4_p_V_1029 = load i8* %buffer1_1_96_4x4_p_V_885, align 1

ST_4: buffer1_1_96_4x4_p_V_1030 (339)  [2/2] 2.32ns  loc: acceleartor_hls_padding/components.cpp:1232
:73  %buffer1_1_96_4x4_p_V_1030 = load i8* %buffer1_1_96_4x4_p_V_880, align 1

ST_4: buffer1_1_96_4x4_p_V_1031 (340)  [2/2] 2.32ns  loc: acceleartor_hls_padding/components.cpp:1232
:74  %buffer1_1_96_4x4_p_V_1031 = load i8* %buffer1_1_96_4x4_p_V_882, align 1

ST_4: buffer1_1_96_4x4_p_V_1032 (341)  [2/2] 2.32ns  loc: acceleartor_hls_padding/components.cpp:1232
:75  %buffer1_1_96_4x4_p_V_1032 = load i8* %buffer1_1_96_4x4_p_V_870, align 1

ST_4: buffer1_1_96_4x4_p_V_1033 (342)  [2/2] 2.32ns  loc: acceleartor_hls_padding/components.cpp:1232
:76  %buffer1_1_96_4x4_p_V_1033 = load i8* %buffer1_1_96_4x4_p_V_872, align 1

ST_4: buffer1_1_96_4x4_p_V_1034 (343)  [2/2] 2.32ns  loc: acceleartor_hls_padding/components.cpp:1232
:77  %buffer1_1_96_4x4_p_V_1034 = load i8* %buffer1_1_96_4x4_p_V_868, align 1

ST_4: buffer1_1_96_4x4_p_V_1035 (344)  [2/2] 2.32ns  loc: acceleartor_hls_padding/components.cpp:1232
:78  %buffer1_1_96_4x4_p_V_1035 = load i8* %buffer1_1_96_4x4_p_V_874, align 1

ST_4: buffer1_1_96_4x4_p_V_1036 (345)  [2/2] 2.32ns  loc: acceleartor_hls_padding/components.cpp:1232
:79  %buffer1_1_96_4x4_p_V_1036 = load i8* %buffer1_1_96_4x4_p_V_955, align 1

ST_4: buffer1_1_96_4x4_p_V_1037 (346)  [2/2] 2.32ns  loc: acceleartor_hls_padding/components.cpp:1232
:80  %buffer1_1_96_4x4_p_V_1037 = load i8* %buffer1_1_96_4x4_p_V_954, align 1

ST_4: buffer1_1_96_4x4_p_V_1038 (347)  [2/2] 2.32ns  loc: acceleartor_hls_padding/components.cpp:1232
:81  %buffer1_1_96_4x4_p_V_1038 = load i8* %buffer1_1_96_4x4_p_V_943, align 1

ST_4: buffer1_1_96_4x4_p_V_1039 (348)  [2/2] 2.32ns  loc: acceleartor_hls_padding/components.cpp:1232
:82  %buffer1_1_96_4x4_p_V_1039 = load i8* %buffer1_1_96_4x4_p_V_940, align 1

ST_4: buffer1_1_96_4x4_p_V_1040 (349)  [2/2] 2.32ns  loc: acceleartor_hls_padding/components.cpp:1232
:83  %buffer1_1_96_4x4_p_V_1040 = load i8* %buffer1_1_96_4x4_p_V_886, align 1

ST_4: buffer1_1_96_4x4_p_V_1041 (350)  [2/2] 2.32ns  loc: acceleartor_hls_padding/components.cpp:1232
:84  %buffer1_1_96_4x4_p_V_1041 = load i8* %buffer1_1_96_4x4_p_V_906, align 1

ST_4: buffer1_1_96_4x4_p_V_1042 (351)  [2/2] 2.32ns  loc: acceleartor_hls_padding/components.cpp:1232
:85  %buffer1_1_96_4x4_p_V_1042 = load i8* %buffer1_1_96_4x4_p_V_912, align 1

ST_4: buffer1_1_96_4x4_p_V_1043 (352)  [2/2] 2.32ns  loc: acceleartor_hls_padding/components.cpp:1232
:86  %buffer1_1_96_4x4_p_V_1043 = load i8* %buffer1_1_96_4x4_p_V_890, align 1

ST_4: buffer1_1_96_4x4_p_V_1044 (353)  [2/2] 2.32ns  loc: acceleartor_hls_padding/components.cpp:1232
:87  %buffer1_1_96_4x4_p_V_1044 = load i8* %buffer1_1_96_4x4_p_V_905, align 1

ST_4: buffer1_1_96_4x4_p_V_1045 (354)  [2/2] 2.32ns  loc: acceleartor_hls_padding/components.cpp:1232
:88  %buffer1_1_96_4x4_p_V_1045 = load i8* %buffer1_1_96_4x4_p_V_896, align 1

ST_4: buffer1_1_96_4x4_p_V_1046 (355)  [2/2] 2.32ns  loc: acceleartor_hls_padding/components.cpp:1232
:89  %buffer1_1_96_4x4_p_V_1046 = load i8* %buffer1_1_96_4x4_p_V_900, align 1

ST_4: buffer1_1_96_4x4_p_V_1047 (356)  [2/2] 2.32ns  loc: acceleartor_hls_padding/components.cpp:1232
:90  %buffer1_1_96_4x4_p_V_1047 = load i8* %buffer1_1_96_4x4_p_V_881, align 1

ST_4: buffer1_1_96_4x4_p_V_1048 (357)  [2/2] 2.32ns  loc: acceleartor_hls_padding/components.cpp:1232
:91  %buffer1_1_96_4x4_p_V_1048 = load i8* %buffer1_1_96_4x4_p_V_902, align 1

ST_4: buffer1_1_96_4x4_p_V_1049 (358)  [2/2] 2.32ns  loc: acceleartor_hls_padding/components.cpp:1232
:92  %buffer1_1_96_4x4_p_V_1049 = load i8* %buffer1_1_96_4x4_p_V_909, align 1

ST_4: buffer1_1_96_4x4_p_V_1050 (359)  [2/2] 2.32ns  loc: acceleartor_hls_padding/components.cpp:1232
:93  %buffer1_1_96_4x4_p_V_1050 = load i8* %buffer1_1_96_4x4_p_V_879, align 1

ST_4: buffer1_1_96_4x4_p_V_1051 (360)  [2/2] 2.32ns  loc: acceleartor_hls_padding/components.cpp:1232
:94  %buffer1_1_96_4x4_p_V_1051 = load i8* %buffer1_1_96_4x4_p_V_936, align 1

ST_4: buffer1_1_96_4x4_p_V_1052 (361)  [2/2] 2.32ns  loc: acceleartor_hls_padding/components.cpp:1232
:95  %buffer1_1_96_4x4_p_V_1052 = load i8* %buffer1_1_96_4x4_p_V_875, align 1

ST_4: StgValue_264 (369)  [1/1] 0.00ns
.preheader6.loopexit:0  br label %.preheader6


 <State 5>: 4.84ns
ST_5: left_V_load (263)  [1/2] 3.25ns  loc: acceleartor_hls_padding/components.cpp:1234
:0  %left_V_load = load i8* %left_V_addr, align 1

ST_5: StgValue_266 (264)  [1/1] 1.59ns  loc: acceleartor_hls_padding/components.cpp:1234
:1  br label %4


 <State 6>: 8.14ns
ST_6: buffer1_1_96_4x4_p_V_957 (266)  [1/2] 2.32ns  loc: acceleartor_hls_padding/components.cpp:1232
:0  %buffer1_1_96_4x4_p_V_957 = load i8* %buffer1_1_96_4x4_p_V_867, align 1

ST_6: buffer1_1_96_4x4_p_V_958 (267)  [1/2] 2.32ns  loc: acceleartor_hls_padding/components.cpp:1232
:1  %buffer1_1_96_4x4_p_V_958 = load i8* %buffer1_1_96_4x4_p_V, align 1

ST_6: buffer1_1_96_4x4_p_V_959 (268)  [1/2] 2.32ns  loc: acceleartor_hls_padding/components.cpp:1232
:2  %buffer1_1_96_4x4_p_V_959 = load i8* %buffer1_1_96_4x4_p_V_932, align 1

ST_6: buffer1_1_96_4x4_p_V_960 (269)  [1/2] 2.32ns  loc: acceleartor_hls_padding/components.cpp:1232
:3  %buffer1_1_96_4x4_p_V_960 = load i8* %buffer1_1_96_4x4_p_V_888, align 1

ST_6: buffer1_1_96_4x4_p_V_961 (270)  [1/2] 2.32ns  loc: acceleartor_hls_padding/components.cpp:1232
:4  %buffer1_1_96_4x4_p_V_961 = load i8* %buffer1_1_96_4x4_p_V_917, align 1

ST_6: buffer1_1_96_4x4_p_V_962 (271)  [1/2] 2.32ns  loc: acceleartor_hls_padding/components.cpp:1232
:5  %buffer1_1_96_4x4_p_V_962 = load i8* %buffer1_1_96_4x4_p_V_942, align 1

ST_6: buffer1_1_96_4x4_p_V_963 (272)  [1/2] 2.32ns  loc: acceleartor_hls_padding/components.cpp:1232
:6  %buffer1_1_96_4x4_p_V_963 = load i8* %buffer1_1_96_4x4_p_V_939, align 1

ST_6: buffer1_1_96_4x4_p_V_964 (273)  [1/2] 2.32ns  loc: acceleartor_hls_padding/components.cpp:1232
:7  %buffer1_1_96_4x4_p_V_964 = load i8* %buffer1_1_96_4x4_p_V_866, align 1

ST_6: buffer1_1_96_4x4_p_V_965 (274)  [1/2] 2.32ns  loc: acceleartor_hls_padding/components.cpp:1232
:8  %buffer1_1_96_4x4_p_V_965 = load i8* %buffer1_1_96_4x4_p_V_944, align 1

ST_6: buffer1_1_96_4x4_p_V_966 (275)  [1/2] 2.32ns  loc: acceleartor_hls_padding/components.cpp:1232
:9  %buffer1_1_96_4x4_p_V_966 = load i8* %buffer1_1_96_4x4_p_V_898, align 1

ST_6: buffer1_1_96_4x4_p_V_967 (276)  [1/2] 2.32ns  loc: acceleartor_hls_padding/components.cpp:1232
:10  %buffer1_1_96_4x4_p_V_967 = load i8* %buffer1_1_96_4x4_p_V_871, align 1

ST_6: buffer1_1_96_4x4_p_V_968 (277)  [1/2] 2.32ns  loc: acceleartor_hls_padding/components.cpp:1232
:11  %buffer1_1_96_4x4_p_V_968 = load i8* %buffer1_1_96_4x4_p_V_873, align 1

ST_6: buffer1_1_96_4x4_p_V_969 (278)  [1/2] 2.32ns  loc: acceleartor_hls_padding/components.cpp:1232
:12  %buffer1_1_96_4x4_p_V_969 = load i8* %buffer1_1_96_4x4_p_V_876, align 1

ST_6: buffer1_1_96_4x4_p_V_970 (279)  [1/2] 2.32ns  loc: acceleartor_hls_padding/components.cpp:1232
:13  %buffer1_1_96_4x4_p_V_970 = load i8* %buffer1_1_96_4x4_p_V_919, align 1

ST_6: buffer1_1_96_4x4_p_V_971 (280)  [1/2] 2.32ns  loc: acceleartor_hls_padding/components.cpp:1232
:14  %buffer1_1_96_4x4_p_V_971 = load i8* %buffer1_1_96_4x4_p_V_891, align 1

ST_6: buffer1_1_96_4x4_p_V_972 (281)  [1/2] 2.32ns  loc: acceleartor_hls_padding/components.cpp:1232
:15  %buffer1_1_96_4x4_p_V_972 = load i8* %buffer1_1_96_4x4_p_V_893, align 1

ST_6: buffer1_1_96_4x4_p_V_973 (282)  [1/2] 2.32ns  loc: acceleartor_hls_padding/components.cpp:1232
:16  %buffer1_1_96_4x4_p_V_973 = load i8* %buffer1_1_96_4x4_p_V_926, align 1

ST_6: buffer1_1_96_4x4_p_V_974 (283)  [1/2] 2.32ns  loc: acceleartor_hls_padding/components.cpp:1232
:17  %buffer1_1_96_4x4_p_V_974 = load i8* %buffer1_1_96_4x4_p_V_928, align 1

ST_6: buffer1_1_96_4x4_p_V_975 (284)  [1/2] 2.32ns  loc: acceleartor_hls_padding/components.cpp:1232
:18  %buffer1_1_96_4x4_p_V_975 = load i8* %buffer1_1_96_4x4_p_V_925, align 1

ST_6: buffer1_1_96_4x4_p_V_976 (285)  [1/2] 2.32ns  loc: acceleartor_hls_padding/components.cpp:1232
:19  %buffer1_1_96_4x4_p_V_976 = load i8* %buffer1_1_96_4x4_p_V_937, align 1

ST_6: buffer1_1_96_4x4_p_V_977 (286)  [1/2] 2.32ns  loc: acceleartor_hls_padding/components.cpp:1232
:20  %buffer1_1_96_4x4_p_V_977 = load i8* %buffer1_1_96_4x4_p_V_862, align 1

ST_6: buffer1_1_96_4x4_p_V_978 (287)  [1/2] 2.32ns  loc: acceleartor_hls_padding/components.cpp:1232
:21  %buffer1_1_96_4x4_p_V_978 = load i8* %buffer1_1_96_4x4_p_V_865, align 1

ST_6: buffer1_1_96_4x4_p_V_979 (288)  [1/2] 2.32ns  loc: acceleartor_hls_padding/components.cpp:1232
:22  %buffer1_1_96_4x4_p_V_979 = load i8* %buffer1_1_96_4x4_p_V_883, align 1

ST_6: buffer1_1_96_4x4_p_V_980 (289)  [1/2] 2.32ns  loc: acceleartor_hls_padding/components.cpp:1232
:23  %buffer1_1_96_4x4_p_V_980 = load i8* %buffer1_1_96_4x4_p_V_887, align 1

ST_6: buffer1_1_96_4x4_p_V_981 (290)  [1/2] 2.32ns  loc: acceleartor_hls_padding/components.cpp:1232
:24  %buffer1_1_96_4x4_p_V_981 = load i8* %buffer1_1_96_4x4_p_V_908, align 1

ST_6: buffer1_1_96_4x4_p_V_982 (291)  [1/2] 2.32ns  loc: acceleartor_hls_padding/components.cpp:1232
:25  %buffer1_1_96_4x4_p_V_982 = load i8* %buffer1_1_96_4x4_p_V_897, align 1

ST_6: buffer1_1_96_4x4_p_V_983 (292)  [1/2] 2.32ns  loc: acceleartor_hls_padding/components.cpp:1232
:26  %buffer1_1_96_4x4_p_V_983 = load i8* %buffer1_1_96_4x4_p_V_910, align 1

ST_6: buffer1_1_96_4x4_p_V_984 (293)  [1/2] 2.32ns  loc: acceleartor_hls_padding/components.cpp:1232
:27  %buffer1_1_96_4x4_p_V_984 = load i8* %buffer1_1_96_4x4_p_V_911, align 1

ST_6: buffer1_1_96_4x4_p_V_985 (294)  [1/2] 2.32ns  loc: acceleartor_hls_padding/components.cpp:1232
:28  %buffer1_1_96_4x4_p_V_985 = load i8* %buffer1_1_96_4x4_p_V_930, align 1

ST_6: buffer1_1_96_4x4_p_V_986 (295)  [1/2] 2.32ns  loc: acceleartor_hls_padding/components.cpp:1232
:29  %buffer1_1_96_4x4_p_V_986 = load i8* %buffer1_1_96_4x4_p_V_895, align 1

ST_6: buffer1_1_96_4x4_p_V_987 (296)  [1/2] 2.32ns  loc: acceleartor_hls_padding/components.cpp:1232
:30  %buffer1_1_96_4x4_p_V_987 = load i8* %buffer1_1_96_4x4_p_V_934, align 1

ST_6: buffer1_1_96_4x4_p_V_988 (297)  [1/2] 2.32ns  loc: acceleartor_hls_padding/components.cpp:1232
:31  %buffer1_1_96_4x4_p_V_988 = load i8* %buffer1_1_96_4x4_p_V_889, align 1

ST_6: buffer1_1_96_4x4_p_V_989 (298)  [1/2] 2.32ns  loc: acceleartor_hls_padding/components.cpp:1232
:32  %buffer1_1_96_4x4_p_V_989 = load i8* %buffer1_1_96_4x4_p_V_922, align 1

ST_6: buffer1_1_96_4x4_p_V_990 (299)  [1/2] 2.32ns  loc: acceleartor_hls_padding/components.cpp:1232
:33  %buffer1_1_96_4x4_p_V_990 = load i8* %buffer1_1_96_4x4_p_V_892, align 1

ST_6: buffer1_1_96_4x4_p_V_991 (300)  [1/2] 2.32ns  loc: acceleartor_hls_padding/components.cpp:1232
:34  %buffer1_1_96_4x4_p_V_991 = load i8* %buffer1_1_96_4x4_p_V_921, align 1

ST_6: buffer1_1_96_4x4_p_V_992 (301)  [1/2] 2.32ns  loc: acceleartor_hls_padding/components.cpp:1232
:35  %buffer1_1_96_4x4_p_V_992 = load i8* %buffer1_1_96_4x4_p_V_915, align 1

ST_6: buffer1_1_96_4x4_p_V_993 (302)  [1/2] 2.32ns  loc: acceleartor_hls_padding/components.cpp:1232
:36  %buffer1_1_96_4x4_p_V_993 = load i8* %buffer1_1_96_4x4_p_V_933, align 1

ST_6: buffer1_1_96_4x4_p_V_994 (303)  [1/2] 2.32ns  loc: acceleartor_hls_padding/components.cpp:1232
:37  %buffer1_1_96_4x4_p_V_994 = load i8* %buffer1_1_96_4x4_p_V_938, align 1

ST_6: buffer1_1_96_4x4_p_V_995 (304)  [1/2] 2.32ns  loc: acceleartor_hls_padding/components.cpp:1232
:38  %buffer1_1_96_4x4_p_V_995 = load i8* %buffer1_1_96_4x4_p_V_935, align 1

ST_6: buffer1_1_96_4x4_p_V_996 (305)  [1/2] 2.32ns  loc: acceleartor_hls_padding/components.cpp:1232
:39  %buffer1_1_96_4x4_p_V_996 = load i8* %buffer1_1_96_4x4_p_V_918, align 1

ST_6: buffer1_1_96_4x4_p_V_997 (306)  [1/2] 2.32ns  loc: acceleartor_hls_padding/components.cpp:1232
:40  %buffer1_1_96_4x4_p_V_997 = load i8* %buffer1_1_96_4x4_p_V_878, align 1

ST_6: buffer1_1_96_4x4_p_V_998 (307)  [1/2] 2.32ns  loc: acceleartor_hls_padding/components.cpp:1232
:41  %buffer1_1_96_4x4_p_V_998 = load i8* %buffer1_1_96_4x4_p_V_923, align 1

ST_6: buffer1_1_96_4x4_p_V_999 (308)  [1/2] 2.32ns  loc: acceleartor_hls_padding/components.cpp:1232
:42  %buffer1_1_96_4x4_p_V_999 = load i8* %buffer1_1_96_4x4_p_V_877, align 1

ST_6: buffer1_1_96_4x4_p_V_1000 (309)  [1/2] 2.32ns  loc: acceleartor_hls_padding/components.cpp:1232
:43  %buffer1_1_96_4x4_p_V_1000 = load i8* %buffer1_1_96_4x4_p_V_924, align 1

ST_6: buffer1_1_96_4x4_p_V_1001 (310)  [1/2] 2.32ns  loc: acceleartor_hls_padding/components.cpp:1232
:44  %buffer1_1_96_4x4_p_V_1001 = load i8* %buffer1_1_96_4x4_p_V_931, align 1

ST_6: buffer1_1_96_4x4_p_V_1002 (311)  [1/2] 2.32ns  loc: acceleartor_hls_padding/components.cpp:1232
:45  %buffer1_1_96_4x4_p_V_1002 = load i8* %buffer1_1_96_4x4_p_V_920, align 1

ST_6: buffer1_1_96_4x4_p_V_1003 (312)  [1/2] 2.32ns  loc: acceleartor_hls_padding/components.cpp:1232
:46  %buffer1_1_96_4x4_p_V_1003 = load i8* %buffer1_1_96_4x4_p_V_929, align 1

ST_6: buffer1_1_96_4x4_p_V_1004 (313)  [1/2] 2.32ns  loc: acceleartor_hls_padding/components.cpp:1232
:47  %buffer1_1_96_4x4_p_V_1004 = load i8* %buffer1_1_96_4x4_p_V_894, align 1

ST_6: buffer1_1_96_4x4_p_V_1005 (314)  [1/2] 2.32ns  loc: acceleartor_hls_padding/components.cpp:1232
:48  %buffer1_1_96_4x4_p_V_1005 = load i8* %buffer1_1_96_4x4_p_V_927, align 1

ST_6: buffer1_1_96_4x4_p_V_1006 (315)  [1/2] 2.32ns  loc: acceleartor_hls_padding/components.cpp:1232
:49  %buffer1_1_96_4x4_p_V_1006 = load i8* %buffer1_1_96_4x4_p_V_916, align 1

ST_6: buffer1_1_96_4x4_p_V_1007 (316)  [1/2] 2.32ns  loc: acceleartor_hls_padding/components.cpp:1232
:50  %buffer1_1_96_4x4_p_V_1007 = load i8* %buffer1_1_96_4x4_p_V_941, align 1

ST_6: buffer1_1_96_4x4_p_V_1008 (317)  [1/2] 2.32ns  loc: acceleartor_hls_padding/components.cpp:1232
:51  %buffer1_1_96_4x4_p_V_1008 = load i8* %buffer1_1_96_4x4_p_V_899, align 1

ST_6: buffer1_1_96_4x4_p_V_1009 (318)  [1/2] 2.32ns  loc: acceleartor_hls_padding/components.cpp:1232
:52  %buffer1_1_96_4x4_p_V_1009 = load i8* %buffer1_1_96_4x4_p_V_947, align 1

ST_6: buffer1_1_96_4x4_p_V_1010 (319)  [1/2] 2.32ns  loc: acceleartor_hls_padding/components.cpp:1232
:53  %buffer1_1_96_4x4_p_V_1010 = load i8* %buffer1_1_96_4x4_p_V_953, align 1

ST_6: buffer1_1_96_4x4_p_V_1011 (320)  [1/2] 2.32ns  loc: acceleartor_hls_padding/components.cpp:1232
:54  %buffer1_1_96_4x4_p_V_1011 = load i8* %buffer1_1_96_4x4_p_V_952, align 1

ST_6: buffer1_1_96_4x4_p_V_1012 (321)  [1/2] 2.32ns  loc: acceleartor_hls_padding/components.cpp:1232
:55  %buffer1_1_96_4x4_p_V_1012 = load i8* %buffer1_1_96_4x4_p_V_956, align 1

ST_6: buffer1_1_96_4x4_p_V_1013 (322)  [1/2] 2.32ns  loc: acceleartor_hls_padding/components.cpp:1232
:56  %buffer1_1_96_4x4_p_V_1013 = load i8* %buffer1_1_96_4x4_p_V_948, align 1

ST_6: buffer1_1_96_4x4_p_V_1014 (323)  [1/2] 2.32ns  loc: acceleartor_hls_padding/components.cpp:1232
:57  %buffer1_1_96_4x4_p_V_1014 = load i8* %buffer1_1_96_4x4_p_V_945, align 1

ST_6: buffer1_1_96_4x4_p_V_1015 (324)  [1/2] 2.32ns  loc: acceleartor_hls_padding/components.cpp:1232
:58  %buffer1_1_96_4x4_p_V_1015 = load i8* %buffer1_1_96_4x4_p_V_946, align 1

ST_6: buffer1_1_96_4x4_p_V_1016 (325)  [1/2] 2.32ns  loc: acceleartor_hls_padding/components.cpp:1232
:59  %buffer1_1_96_4x4_p_V_1016 = load i8* %buffer1_1_96_4x4_p_V_951, align 1

ST_6: buffer1_1_96_4x4_p_V_1017 (326)  [1/2] 2.32ns  loc: acceleartor_hls_padding/components.cpp:1232
:60  %buffer1_1_96_4x4_p_V_1017 = load i8* %buffer1_1_96_4x4_p_V_950, align 1

ST_6: buffer1_1_96_4x4_p_V_1018 (327)  [1/2] 2.32ns  loc: acceleartor_hls_padding/components.cpp:1232
:61  %buffer1_1_96_4x4_p_V_1018 = load i8* %buffer1_1_96_4x4_p_V_913, align 1

ST_6: buffer1_1_96_4x4_p_V_1019 (328)  [1/2] 2.32ns  loc: acceleartor_hls_padding/components.cpp:1232
:62  %buffer1_1_96_4x4_p_V_1019 = load i8* %buffer1_1_96_4x4_p_V_914, align 1

ST_6: buffer1_1_96_4x4_p_V_1020 (329)  [1/2] 2.32ns  loc: acceleartor_hls_padding/components.cpp:1232
:63  %buffer1_1_96_4x4_p_V_1020 = load i8* %buffer1_1_96_4x4_p_V_949, align 1

ST_6: buffer1_1_96_4x4_p_V_1021 (330)  [1/2] 2.32ns  loc: acceleartor_hls_padding/components.cpp:1232
:64  %buffer1_1_96_4x4_p_V_1021 = load i8* %buffer1_1_96_4x4_p_V_903, align 1

ST_6: buffer1_1_96_4x4_p_V_1022 (331)  [1/2] 2.32ns  loc: acceleartor_hls_padding/components.cpp:1232
:65  %buffer1_1_96_4x4_p_V_1022 = load i8* %buffer1_1_96_4x4_p_V_904, align 1

ST_6: buffer1_1_96_4x4_p_V_1023 (332)  [1/2] 2.32ns  loc: acceleartor_hls_padding/components.cpp:1232
:66  %buffer1_1_96_4x4_p_V_1023 = load i8* %buffer1_1_96_4x4_p_V_907, align 1

ST_6: buffer1_1_96_4x4_p_V_1024 (333)  [1/2] 2.32ns  loc: acceleartor_hls_padding/components.cpp:1232
:67  %buffer1_1_96_4x4_p_V_1024 = load i8* %buffer1_1_96_4x4_p_V_901, align 1

ST_6: buffer1_1_96_4x4_p_V_1025 (334)  [1/2] 2.32ns  loc: acceleartor_hls_padding/components.cpp:1232
:68  %buffer1_1_96_4x4_p_V_1025 = load i8* %buffer1_1_96_4x4_p_V_869, align 1

ST_6: buffer1_1_96_4x4_p_V_1026 (335)  [1/2] 2.32ns  loc: acceleartor_hls_padding/components.cpp:1232
:69  %buffer1_1_96_4x4_p_V_1026 = load i8* %buffer1_1_96_4x4_p_V_863, align 1

ST_6: buffer1_1_96_4x4_p_V_1027 (336)  [1/2] 2.32ns  loc: acceleartor_hls_padding/components.cpp:1232
:70  %buffer1_1_96_4x4_p_V_1027 = load i8* %buffer1_1_96_4x4_p_V_864, align 1

ST_6: buffer1_1_96_4x4_p_V_1028 (337)  [1/2] 2.32ns  loc: acceleartor_hls_padding/components.cpp:1232
:71  %buffer1_1_96_4x4_p_V_1028 = load i8* %buffer1_1_96_4x4_p_V_884, align 1

ST_6: buffer1_1_96_4x4_p_V_1029 (338)  [1/2] 2.32ns  loc: acceleartor_hls_padding/components.cpp:1232
:72  %buffer1_1_96_4x4_p_V_1029 = load i8* %buffer1_1_96_4x4_p_V_885, align 1

ST_6: buffer1_1_96_4x4_p_V_1030 (339)  [1/2] 2.32ns  loc: acceleartor_hls_padding/components.cpp:1232
:73  %buffer1_1_96_4x4_p_V_1030 = load i8* %buffer1_1_96_4x4_p_V_880, align 1

ST_6: buffer1_1_96_4x4_p_V_1031 (340)  [1/2] 2.32ns  loc: acceleartor_hls_padding/components.cpp:1232
:74  %buffer1_1_96_4x4_p_V_1031 = load i8* %buffer1_1_96_4x4_p_V_882, align 1

ST_6: buffer1_1_96_4x4_p_V_1032 (341)  [1/2] 2.32ns  loc: acceleartor_hls_padding/components.cpp:1232
:75  %buffer1_1_96_4x4_p_V_1032 = load i8* %buffer1_1_96_4x4_p_V_870, align 1

ST_6: buffer1_1_96_4x4_p_V_1033 (342)  [1/2] 2.32ns  loc: acceleartor_hls_padding/components.cpp:1232
:76  %buffer1_1_96_4x4_p_V_1033 = load i8* %buffer1_1_96_4x4_p_V_872, align 1

ST_6: buffer1_1_96_4x4_p_V_1034 (343)  [1/2] 2.32ns  loc: acceleartor_hls_padding/components.cpp:1232
:77  %buffer1_1_96_4x4_p_V_1034 = load i8* %buffer1_1_96_4x4_p_V_868, align 1

ST_6: buffer1_1_96_4x4_p_V_1035 (344)  [1/2] 2.32ns  loc: acceleartor_hls_padding/components.cpp:1232
:78  %buffer1_1_96_4x4_p_V_1035 = load i8* %buffer1_1_96_4x4_p_V_874, align 1

ST_6: buffer1_1_96_4x4_p_V_1036 (345)  [1/2] 2.32ns  loc: acceleartor_hls_padding/components.cpp:1232
:79  %buffer1_1_96_4x4_p_V_1036 = load i8* %buffer1_1_96_4x4_p_V_955, align 1

ST_6: buffer1_1_96_4x4_p_V_1037 (346)  [1/2] 2.32ns  loc: acceleartor_hls_padding/components.cpp:1232
:80  %buffer1_1_96_4x4_p_V_1037 = load i8* %buffer1_1_96_4x4_p_V_954, align 1

ST_6: buffer1_1_96_4x4_p_V_1038 (347)  [1/2] 2.32ns  loc: acceleartor_hls_padding/components.cpp:1232
:81  %buffer1_1_96_4x4_p_V_1038 = load i8* %buffer1_1_96_4x4_p_V_943, align 1

ST_6: buffer1_1_96_4x4_p_V_1039 (348)  [1/2] 2.32ns  loc: acceleartor_hls_padding/components.cpp:1232
:82  %buffer1_1_96_4x4_p_V_1039 = load i8* %buffer1_1_96_4x4_p_V_940, align 1

ST_6: buffer1_1_96_4x4_p_V_1040 (349)  [1/2] 2.32ns  loc: acceleartor_hls_padding/components.cpp:1232
:83  %buffer1_1_96_4x4_p_V_1040 = load i8* %buffer1_1_96_4x4_p_V_886, align 1

ST_6: buffer1_1_96_4x4_p_V_1041 (350)  [1/2] 2.32ns  loc: acceleartor_hls_padding/components.cpp:1232
:84  %buffer1_1_96_4x4_p_V_1041 = load i8* %buffer1_1_96_4x4_p_V_906, align 1

ST_6: buffer1_1_96_4x4_p_V_1042 (351)  [1/2] 2.32ns  loc: acceleartor_hls_padding/components.cpp:1232
:85  %buffer1_1_96_4x4_p_V_1042 = load i8* %buffer1_1_96_4x4_p_V_912, align 1

ST_6: buffer1_1_96_4x4_p_V_1043 (352)  [1/2] 2.32ns  loc: acceleartor_hls_padding/components.cpp:1232
:86  %buffer1_1_96_4x4_p_V_1043 = load i8* %buffer1_1_96_4x4_p_V_890, align 1

ST_6: buffer1_1_96_4x4_p_V_1044 (353)  [1/2] 2.32ns  loc: acceleartor_hls_padding/components.cpp:1232
:87  %buffer1_1_96_4x4_p_V_1044 = load i8* %buffer1_1_96_4x4_p_V_905, align 1

ST_6: buffer1_1_96_4x4_p_V_1045 (354)  [1/2] 2.32ns  loc: acceleartor_hls_padding/components.cpp:1232
:88  %buffer1_1_96_4x4_p_V_1045 = load i8* %buffer1_1_96_4x4_p_V_896, align 1

ST_6: buffer1_1_96_4x4_p_V_1046 (355)  [1/2] 2.32ns  loc: acceleartor_hls_padding/components.cpp:1232
:89  %buffer1_1_96_4x4_p_V_1046 = load i8* %buffer1_1_96_4x4_p_V_900, align 1

ST_6: buffer1_1_96_4x4_p_V_1047 (356)  [1/2] 2.32ns  loc: acceleartor_hls_padding/components.cpp:1232
:90  %buffer1_1_96_4x4_p_V_1047 = load i8* %buffer1_1_96_4x4_p_V_881, align 1

ST_6: buffer1_1_96_4x4_p_V_1048 (357)  [1/2] 2.32ns  loc: acceleartor_hls_padding/components.cpp:1232
:91  %buffer1_1_96_4x4_p_V_1048 = load i8* %buffer1_1_96_4x4_p_V_902, align 1

ST_6: buffer1_1_96_4x4_p_V_1049 (358)  [1/2] 2.32ns  loc: acceleartor_hls_padding/components.cpp:1232
:92  %buffer1_1_96_4x4_p_V_1049 = load i8* %buffer1_1_96_4x4_p_V_909, align 1

ST_6: buffer1_1_96_4x4_p_V_1050 (359)  [1/2] 2.32ns  loc: acceleartor_hls_padding/components.cpp:1232
:93  %buffer1_1_96_4x4_p_V_1050 = load i8* %buffer1_1_96_4x4_p_V_879, align 1

ST_6: buffer1_1_96_4x4_p_V_1051 (360)  [1/2] 2.32ns  loc: acceleartor_hls_padding/components.cpp:1232
:94  %buffer1_1_96_4x4_p_V_1051 = load i8* %buffer1_1_96_4x4_p_V_936, align 1

ST_6: buffer1_1_96_4x4_p_V_1052 (361)  [1/2] 2.32ns  loc: acceleartor_hls_padding/components.cpp:1232
:95  %buffer1_1_96_4x4_p_V_1052 = load i8* %buffer1_1_96_4x4_p_V_875, align 1

ST_6: tmp (362)  [1/1] 4.23ns  loc: acceleartor_hls_padding/components.cpp:1232
:96  %tmp = call i8 @_ssdm_op_Mux.ap_auto.96i8.i7(i8 %buffer1_1_96_4x4_p_V_957, i8 %buffer1_1_96_4x4_p_V_958, i8 %buffer1_1_96_4x4_p_V_959, i8 %buffer1_1_96_4x4_p_V_960, i8 %buffer1_1_96_4x4_p_V_961, i8 %buffer1_1_96_4x4_p_V_962, i8 %buffer1_1_96_4x4_p_V_963, i8 %buffer1_1_96_4x4_p_V_964, i8 %buffer1_1_96_4x4_p_V_965, i8 %buffer1_1_96_4x4_p_V_966, i8 %buffer1_1_96_4x4_p_V_967, i8 %buffer1_1_96_4x4_p_V_968, i8 %buffer1_1_96_4x4_p_V_969, i8 %buffer1_1_96_4x4_p_V_970, i8 %buffer1_1_96_4x4_p_V_971, i8 %buffer1_1_96_4x4_p_V_972, i8 %buffer1_1_96_4x4_p_V_973, i8 %buffer1_1_96_4x4_p_V_974, i8 %buffer1_1_96_4x4_p_V_975, i8 %buffer1_1_96_4x4_p_V_976, i8 %buffer1_1_96_4x4_p_V_977, i8 %buffer1_1_96_4x4_p_V_978, i8 %buffer1_1_96_4x4_p_V_979, i8 %buffer1_1_96_4x4_p_V_980, i8 %buffer1_1_96_4x4_p_V_981, i8 %buffer1_1_96_4x4_p_V_982, i8 %buffer1_1_96_4x4_p_V_983, i8 %buffer1_1_96_4x4_p_V_984, i8 %buffer1_1_96_4x4_p_V_985, i8 %buffer1_1_96_4x4_p_V_986, i8 %buffer1_1_96_4x4_p_V_987, i8 %buffer1_1_96_4x4_p_V_988, i8 %buffer1_1_96_4x4_p_V_989, i8 %buffer1_1_96_4x4_p_V_990, i8 %buffer1_1_96_4x4_p_V_991, i8 %buffer1_1_96_4x4_p_V_992, i8 %buffer1_1_96_4x4_p_V_993, i8 %buffer1_1_96_4x4_p_V_994, i8 %buffer1_1_96_4x4_p_V_995, i8 %buffer1_1_96_4x4_p_V_996, i8 %buffer1_1_96_4x4_p_V_997, i8 %buffer1_1_96_4x4_p_V_998, i8 %buffer1_1_96_4x4_p_V_999, i8 %buffer1_1_96_4x4_p_V_1000, i8 %buffer1_1_96_4x4_p_V_1001, i8 %buffer1_1_96_4x4_p_V_1002, i8 %buffer1_1_96_4x4_p_V_1003, i8 %buffer1_1_96_4x4_p_V_1004, i8 %buffer1_1_96_4x4_p_V_1005, i8 %buffer1_1_96_4x4_p_V_1006, i8 %buffer1_1_96_4x4_p_V_1007, i8 %buffer1_1_96_4x4_p_V_1008, i8 %buffer1_1_96_4x4_p_V_1009, i8 %buffer1_1_96_4x4_p_V_1010, i8 %buffer1_1_96_4x4_p_V_1011, i8 %buffer1_1_96_4x4_p_V_1012, i8 %buffer1_1_96_4x4_p_V_1013, i8 %buffer1_1_96_4x4_p_V_1014, i8 %buffer1_1_96_4x4_p_V_1015, i8 %buffer1_1_96_4x4_p_V_1016, i8 %buffer1_1_96_4x4_p_V_1017, i8 %buffer1_1_96_4x4_p_V_1018, i8 %buffer1_1_96_4x4_p_V_1019, i8 %buffer1_1_96_4x4_p_V_1020, i8 %buffer1_1_96_4x4_p_V_1021, i8 %buffer1_1_96_4x4_p_V_1022, i8 %buffer1_1_96_4x4_p_V_1023, i8 %buffer1_1_96_4x4_p_V_1024, i8 %buffer1_1_96_4x4_p_V_1025, i8 %buffer1_1_96_4x4_p_V_1026, i8 %buffer1_1_96_4x4_p_V_1027, i8 %buffer1_1_96_4x4_p_V_1028, i8 %buffer1_1_96_4x4_p_V_1029, i8 %buffer1_1_96_4x4_p_V_1030, i8 %buffer1_1_96_4x4_p_V_1031, i8 %buffer1_1_96_4x4_p_V_1032, i8 %buffer1_1_96_4x4_p_V_1033, i8 %buffer1_1_96_4x4_p_V_1034, i8 %buffer1_1_96_4x4_p_V_1035, i8 %buffer1_1_96_4x4_p_V_1036, i8 %buffer1_1_96_4x4_p_V_1037, i8 %buffer1_1_96_4x4_p_V_1038, i8 %buffer1_1_96_4x4_p_V_1039, i8 %buffer1_1_96_4x4_p_V_1040, i8 %buffer1_1_96_4x4_p_V_1041, i8 %buffer1_1_96_4x4_p_V_1042, i8 %buffer1_1_96_4x4_p_V_1043, i8 %buffer1_1_96_4x4_p_V_1044, i8 %buffer1_1_96_4x4_p_V_1045, i8 %buffer1_1_96_4x4_p_V_1046, i8 %buffer1_1_96_4x4_p_V_1047, i8 %buffer1_1_96_4x4_p_V_1048, i8 %buffer1_1_96_4x4_p_V_1049, i8 %buffer1_1_96_4x4_p_V_1050, i8 %buffer1_1_96_4x4_p_V_1051, i8 %buffer1_1_96_4x4_p_V_1052, i7 %p_lshr_f_cast)

ST_6: StgValue_364 (363)  [1/1] 1.59ns
:97  br label %4


 <State 7>: 3.25ns
ST_7: storemerge (365)  [1/1] 0.00ns  loc: acceleartor_hls_padding/components.cpp:1234
:0  %storemerge = phi i8 [ %left_V_load, %2 ], [ %tmp, %3 ]

ST_7: StgValue_366 (366)  [1/1] 3.25ns  loc: acceleartor_hls_padding/components.cpp:1235
:1  store i8 %storemerge, i8* %output_V_addr, align 1

ST_7: StgValue_367 (367)  [1/1] 0.00ns  loc: acceleartor_hls_padding/components.cpp:1233
:2  br label %.preheader



============================================================
+ Verbose Summary: Timing violations
============================================================
Target clock period: 10ns, clock uncertainty: 1.25ns.

 <State 1>: 1.59ns
The critical path consists of the following:
	multiplexor before 'phi' operation ('co') with incoming values : ('co', acceleartor_hls_padding/components.cpp:1231) [101]  (1.59 ns)

 <State 2>: 2.91ns
The critical path consists of the following:
	'phi' operation ('co') with incoming values : ('co', acceleartor_hls_padding/components.cpp:1231) [101]  (0 ns)
	'icmp' operation ('exitcond5', acceleartor_hls_padding/components.cpp:1231) [109]  (2.91 ns)

 <State 3>: 4.67ns
The critical path consists of the following:
	'phi' operation ('h') with incoming values : ('h', acceleartor_hls_padding/components.cpp:1232) [123]  (0 ns)
	'add' operation ('tmp_338', acceleartor_hls_padding/components.cpp:1234) [131]  (2.33 ns)
	'sub' operation ('tmp_339', acceleartor_hls_padding/components.cpp:1234) [135]  (2.34 ns)

 <State 4>: 5.59ns
The critical path consists of the following:
	'phi' operation ('w') with incoming values : ('w', acceleartor_hls_padding/components.cpp:1233) [148]  (0 ns)
	'add' operation ('tmp_343', acceleartor_hls_padding/components.cpp:1234) [152]  (2.34 ns)
	'getelementptr' operation ('left_V_addr', acceleartor_hls_padding/components.cpp:1234) [154]  (0 ns)
	'load' operation ('left_V_load', acceleartor_hls_padding/components.cpp:1234) on array 'left_V' [263]  (3.25 ns)

 <State 5>: 4.84ns
The critical path consists of the following:
	'load' operation ('left_V_load', acceleartor_hls_padding/components.cpp:1234) on array 'left_V' [263]  (3.25 ns)
	multiplexor before 'phi' operation ('storemerge', acceleartor_hls_padding/components.cpp:1234) with incoming values : ('left_V_load', acceleartor_hls_padding/components.cpp:1234) ('tmp', acceleartor_hls_padding/components.cpp:1232) [365]  (1.59 ns)

 <State 6>: 8.14ns
The critical path consists of the following:
	'load' operation ('buffer1_1_96_4x4_p_V_957', acceleartor_hls_padding/components.cpp:1232) on array 'buffer1_1_96_4x4_p_V_96' [266]  (2.32 ns)
	'mux' operation ('tmp', acceleartor_hls_padding/components.cpp:1232) [362]  (4.23 ns)
	multiplexor before 'phi' operation ('storemerge', acceleartor_hls_padding/components.cpp:1234) with incoming values : ('left_V_load', acceleartor_hls_padding/components.cpp:1234) ('tmp', acceleartor_hls_padding/components.cpp:1232) [365]  (1.59 ns)

 <State 7>: 3.25ns
The critical path consists of the following:
	'phi' operation ('storemerge', acceleartor_hls_padding/components.cpp:1234) with incoming values : ('left_V_load', acceleartor_hls_padding/components.cpp:1234) ('tmp', acceleartor_hls_padding/components.cpp:1232) [365]  (0 ns)
	'store' operation (acceleartor_hls_padding/components.cpp:1235) of variable 'storemerge', acceleartor_hls_padding/components.cpp:1234 on array 'output_V' [366]  (3.25 ns)


============================================================
+ Verbose Summary: Binding
============================================================
N/A
* FSMD analyzer results:
  - Output states:
 - Input state : 
  - Chain level:
	State 1
	State 2
	State 3
	State 4
	State 5
	State 6
	State 7


============================================================
+ Verbose Summary: Datapath Resource usage 
============================================================
N/A
