

================================================================
== Vivado HLS Report for 'subconv_3x3_8_no_rel'
================================================================
* Date:           Fri Dec 21 00:09:25 2018

* Version:        2017.2 (Build 1909853 on Thu Jun 15 18:55:24 MDT 2017)
* Project:        acceleartor_hls_padding
* Solution:       optimization_sub_1x1+3x3
* Product family: zynq
* Target device:  xc7z020clg484-1


================================================================
== Performance Estimates
================================================================
+ Timing (ns): 
    * Summary: 
    +--------+-------+----------+------------+
    |  Clock | Target| Estimated| Uncertainty|
    +--------+-------+----------+------------+
    |ap_clk  |  10.00|      7.89|        1.25|
    +--------+-------+----------+------------+

+ Latency (clock cycles): 
    * Summary: 
    +--------+--------+--------+--------+---------+
    |     Latency     |     Interval    | Pipeline|
    |   min  |   max  |   min  |   max  |   Type  |
    +--------+--------+--------+--------+---------+
    |  139105|  139105|  139105|  139105|   none  |
    +--------+--------+--------+--------+---------+

    + Detail: 
        * Instance: 
        N/A

        * Loop: 
        +-------------------------+--------+--------+----------+-----------+-----------+------+----------+
        |                         |     Latency     | Iteration|  Initiation Interval  | Trip |          |
        |        Loop Name        |   min  |   max  |  Latency |  achieved |   target  | Count| Pipelined|
        +-------------------------+--------+--------+----------+-----------+-----------+------+----------+
        |- Loop 1                 |  139104|  139104|      2898|          -|          -|    48|    no    |
        | + Loop 1.1              |    2896|    2896|       362|          -|          -|     8|    no    |
        |  ++ Loop 1.1.1          |     360|     360|        45|          -|          -|     8|    no    |
        |   +++ Loop 1.1.1.1      |      42|      42|        14|          -|          -|     3|    no    |
        |    ++++ Loop 1.1.1.1.1  |      12|      12|         4|          -|          -|     3|    no    |
        +-------------------------+--------+--------+----------+-----------+-----------+------+----------+

============================================================
+ Verbose Summary: Synthesis Manager
============================================================
InlineROM: 1
ExposeGlobal: 0
============================================================
+ Verbose Summary: CDFG Model
============================================================
IsTopModel: 0
ResetActiveHigh: 1
IsCombinational: 0
IsDatapathOnly: 0
HasWiredReturn: 1
HasMFsm: 0
HasVarLatency: 1
IsPipeline: 0
IsRtlPipelined: 0
IsInstanceOverlapped: 0
IsDontTouch: 0
HasImplIP: 0
IsGatedGlobalClock: 0


============================================================
+ Verbose Summary: Schedule
============================================================
* Number of FSM states: 10
* Pipeline: 0
* Dataflow Pipeline: 0

* FSM state transitions: 
1 --> 
	2  / true
2 --> 
	3  / (!exitcond5)
3 --> 
	4  / (!exitcond6)
	2  / (exitcond6)
4 --> 
	5  / (!exitcond7)
	3  / (exitcond7)
5 --> 
	10  / (exitcond8)
	6  / (!exitcond8)
6 --> 
	7  / (!exitcond)
	5  / (exitcond)
7 --> 
	8  / true
8 --> 
	9  / true
9 --> 
	6  / true
10 --> 
	4  / true
* FSM state operations: 

 <State 1>: 1.59ns
ST_1: StgValue_11 (52)  [1/1] 1.59ns  loc: acceleartor_hls_padding/components.cpp:786
:0  br label %.loopexit


 <State 2>: 3.88ns
ST_2: co (54)  [1/1] 0.00ns
.loopexit:0  %co = phi i6 [ 0, %0 ], [ %co_2, %.loopexit.loopexit ]

ST_2: co_cast7 (55)  [1/1] 0.00ns  loc: acceleartor_hls_padding/components.cpp:786
.loopexit:1  %co_cast7 = zext i6 %co to i32

ST_2: co_cast7_cast (56)  [1/1] 0.00ns  loc: acceleartor_hls_padding/components.cpp:786
.loopexit:2  %co_cast7_cast = zext i6 %co to i9

ST_2: tmp_37 (57)  [1/1] 0.00ns  loc: acceleartor_hls_padding/components.cpp:786
.loopexit:3  %tmp_37 = call i8 @_ssdm_op_BitConcatenate.i8.i6.i2(i6 %co, i2 0)

ST_2: p_shl2_cast (58)  [1/1] 0.00ns  loc: acceleartor_hls_padding/components.cpp:792
.loopexit:4  %p_shl2_cast = zext i8 %tmp_37 to i9

ST_2: tmp_38 (59)  [1/1] 2.32ns  loc: acceleartor_hls_padding/components.cpp:792
.loopexit:5  %tmp_38 = sub i9 %p_shl2_cast, %co_cast7_cast

ST_2: tmp_46_cast (60)  [1/1] 0.00ns  loc: acceleartor_hls_padding/components.cpp:792
.loopexit:6  %tmp_46_cast = sext i9 %tmp_38 to i10

ST_2: tmp_39 (61)  [1/1] 0.00ns  loc: acceleartor_hls_padding/components.cpp:786
.loopexit:7  %tmp_39 = call i9 @_ssdm_op_BitConcatenate.i9.i6.i3(i6 %co, i3 0)

ST_2: p_shl_cast (62)  [1/1] 0.00ns  loc: acceleartor_hls_padding/components.cpp:786
.loopexit:8  %p_shl_cast = zext i9 %tmp_39 to i10

ST_2: tmp_40 (63)  [1/1] 0.00ns  loc: acceleartor_hls_padding/components.cpp:786
.loopexit:9  %tmp_40 = call i7 @_ssdm_op_BitConcatenate.i7.i6.i1(i6 %co, i1 false)

ST_2: p_shl1_cast (64)  [1/1] 0.00ns  loc: acceleartor_hls_padding/components.cpp:796
.loopexit:10  %p_shl1_cast = zext i7 %tmp_40 to i10

ST_2: tmp_41 (65)  [1/1] 2.32ns  loc: acceleartor_hls_padding/components.cpp:796
.loopexit:11  %tmp_41 = add i10 %p_shl1_cast, %p_shl_cast

ST_2: exitcond5 (66)  [1/1] 3.88ns  loc: acceleartor_hls_padding/components.cpp:786
.loopexit:12  %exitcond5 = icmp eq i6 %co, -16

ST_2: empty (67)  [1/1] 0.00ns
.loopexit:13  %empty = call i32 (...)* @_ssdm_op_SpecLoopTripCount(i64 48, i64 48, i64 48)

ST_2: co_2 (68)  [1/1] 2.31ns  loc: acceleartor_hls_padding/components.cpp:786
.loopexit:14  %co_2 = add i6 %co, 1

ST_2: StgValue_27 (69)  [1/1] 0.00ns  loc: acceleartor_hls_padding/components.cpp:786
.loopexit:15  br i1 %exitcond5, label %4, label %.preheader70.preheader

ST_2: bias_V_addr (71)  [1/1] 0.00ns  loc: acceleartor_hls_padding/components.cpp:795
.preheader70.preheader:0  %bias_V_addr = getelementptr [48 x i8]* %bias_V, i32 0, i32 %co_cast7

ST_2: StgValue_29 (72)  [1/1] 1.59ns  loc: acceleartor_hls_padding/components.cpp:787
.preheader70.preheader:1  br label %.preheader70

ST_2: StgValue_30 (252)  [1/1] 0.00ns  loc: acceleartor_hls_padding/components.cpp:825
:0  ret void


 <State 3>: 4.66ns
ST_3: h (74)  [1/1] 0.00ns
.preheader70:0  %h = phi i4 [ %h_2, %3 ], [ 1, %.preheader70.preheader ]

ST_3: h_cast6_cast (75)  [1/1] 0.00ns  loc: acceleartor_hls_padding/components.cpp:796
.preheader70:1  %h_cast6_cast = zext i4 %h to i10

ST_3: tmp_42 (76)  [1/1] 2.32ns  loc: acceleartor_hls_padding/components.cpp:796
.preheader70:2  %tmp_42 = add i10 %h_cast6_cast, %tmp_41

ST_3: tmp_22 (77)  [1/1] 0.00ns  loc: acceleartor_hls_padding/components.cpp:796
.preheader70:3  %tmp_22 = call i13 @_ssdm_op_BitConcatenate.i13.i10.i3(i10 %tmp_42, i3 0)

ST_3: p_shl3_cast (78)  [1/1] 0.00ns  loc: acceleartor_hls_padding/components.cpp:796
.preheader70:4  %p_shl3_cast = zext i13 %tmp_22 to i14

ST_3: tmp_23 (79)  [1/1] 0.00ns  loc: acceleartor_hls_padding/components.cpp:796
.preheader70:5  %tmp_23 = call i11 @_ssdm_op_BitConcatenate.i11.i10.i1(i10 %tmp_42, i1 false)

ST_3: p_shl4_cast (80)  [1/1] 0.00ns  loc: acceleartor_hls_padding/components.cpp:796
.preheader70:6  %p_shl4_cast = zext i11 %tmp_23 to i14

ST_3: tmp_43 (81)  [1/1] 2.34ns  loc: acceleartor_hls_padding/components.cpp:796
.preheader70:7  %tmp_43 = add i14 %p_shl3_cast, %p_shl4_cast

ST_3: exitcond6 (82)  [1/1] 3.10ns  loc: acceleartor_hls_padding/components.cpp:787
.preheader70:8  %exitcond6 = icmp eq i4 %h, -7

ST_3: empty_25 (83)  [1/1] 0.00ns
.preheader70:9  %empty_25 = call i32 (...)* @_ssdm_op_SpecLoopTripCount(i64 8, i64 8, i64 8)

ST_3: StgValue_41 (84)  [1/1] 0.00ns  loc: acceleartor_hls_padding/components.cpp:787
.preheader70:10  br i1 %exitcond6, label %.loopexit.loopexit, label %.preheader69.preheader

ST_3: StgValue_42 (86)  [1/1] 1.59ns  loc: acceleartor_hls_padding/components.cpp:796
.preheader69.preheader:0  br label %.preheader69

ST_3: StgValue_43 (250)  [1/1] 0.00ns
.loopexit.loopexit:0  br label %.loopexit


 <State 4>: 3.10ns
ST_4: w (88)  [1/1] 0.00ns
.preheader69:0  %w = phi i4 [ %w_2, %2 ], [ 1, %.preheader69.preheader ]

ST_4: w_cast5_cast (89)  [1/1] 0.00ns  loc: acceleartor_hls_padding/components.cpp:796
.preheader69:1  %w_cast5_cast = zext i4 %w to i14

ST_4: tmp_44 (90)  [1/1] 2.34ns  loc: acceleartor_hls_padding/components.cpp:796
.preheader69:2  %tmp_44 = add i14 %tmp_43, %w_cast5_cast

ST_4: tmp_54_cast (91)  [1/1] 0.00ns  loc: acceleartor_hls_padding/components.cpp:796
.preheader69:3  %tmp_54_cast = zext i14 %tmp_44 to i32

ST_4: output_V_addr (92)  [1/1] 0.00ns  loc: acceleartor_hls_padding/components.cpp:796
.preheader69:4  %output_V_addr = getelementptr [4800 x i8]* %output_V, i32 0, i32 %tmp_54_cast

ST_4: exitcond7 (93)  [1/1] 3.10ns  loc: acceleartor_hls_padding/components.cpp:788
.preheader69:5  %exitcond7 = icmp eq i4 %w, -7

ST_4: empty_26 (94)  [1/1] 0.00ns
.preheader69:6  %empty_26 = call i32 (...)* @_ssdm_op_SpecLoopTripCount(i64 8, i64 8, i64 8)

ST_4: StgValue_51 (95)  [1/1] 0.00ns  loc: acceleartor_hls_padding/components.cpp:788
.preheader69:7  br i1 %exitcond7, label %3, label %.preheader68.preheader

ST_4: StgValue_52 (97)  [1/1] 1.59ns  loc: acceleartor_hls_padding/components.cpp:792
.preheader68.preheader:0  br label %.preheader68

ST_4: h_2 (247)  [1/1] 2.35ns  loc: acceleartor_hls_padding/components.cpp:787
:0  %h_2 = add i4 %h, 1

ST_4: StgValue_54 (248)  [1/1] 0.00ns  loc: acceleartor_hls_padding/components.cpp:787
:1  br label %.preheader70


 <State 5>: 6.84ns
ST_5: p_s (99)  [1/1] 0.00ns  loc: acceleartor_hls_padding/components.cpp:792
.preheader68:0  %p_s = phi i8 [ %p_09_1, %.preheader68.loopexit ], [ 0, %.preheader68.preheader ]

ST_5: m (100)  [1/1] 0.00ns
.preheader68:1  %m = phi i2 [ %m_2, %.preheader68.loopexit ], [ 0, %.preheader68.preheader ]

ST_5: m_cast4_cast (101)  [1/1] 0.00ns  loc: acceleartor_hls_padding/components.cpp:792
.preheader68:2  %m_cast4_cast = zext i2 %m to i10

ST_5: tmp_45 (102)  [1/1] 2.32ns  loc: acceleartor_hls_padding/components.cpp:792
.preheader68:3  %tmp_45 = add i10 %m_cast4_cast, %tmp_46_cast

ST_5: tmp_24 (103)  [1/1] 0.00ns  loc: acceleartor_hls_padding/components.cpp:792 (grouped into LUT with out node tmp_46)
.preheader68:4  %tmp_24 = shl i10 %tmp_45, 2

ST_5: tmp_46 (104)  [1/1] 2.32ns  loc: acceleartor_hls_padding/components.cpp:792 (out node of the LUT)
.preheader68:5  %tmp_46 = sub i10 %tmp_24, %tmp_45

ST_5: exitcond8 (105)  [1/1] 2.07ns  loc: acceleartor_hls_padding/components.cpp:790
.preheader68:6  %exitcond8 = icmp eq i2 %m, -1

ST_5: empty_27 (106)  [1/1] 0.00ns
.preheader68:7  %empty_27 = call i32 (...)* @_ssdm_op_SpecLoopTripCount(i64 3, i64 3, i64 3)

ST_5: m_2 (107)  [1/1] 2.17ns  loc: acceleartor_hls_padding/components.cpp:790
.preheader68:8  %m_2 = add i2 1, %m

ST_5: StgValue_64 (108)  [1/1] 0.00ns  loc: acceleartor_hls_padding/components.cpp:790
.preheader68:9  br i1 %exitcond8, label %2, label %.preheader.preheader

ST_5: tmp1 (110)  [1/1] 2.17ns  loc: acceleartor_hls_padding/components.cpp:792
.preheader.preheader:0  %tmp1 = add i2 %m, -1

ST_5: tmp1_cast (111)  [1/1] 0.00ns  loc: acceleartor_hls_padding/components.cpp:792
.preheader.preheader:1  %tmp1_cast = sext i2 %tmp1 to i4

ST_5: tmp_s (112)  [1/1] 2.35ns  loc: acceleartor_hls_padding/components.cpp:792
.preheader.preheader:2  %tmp_s = add i4 %h, %tmp1_cast

ST_5: tmp_47 (113)  [1/1] 0.00ns  loc: acceleartor_hls_padding/components.cpp:792
.preheader.preheader:3  %tmp_47 = call i7 @_ssdm_op_BitConcatenate.i7.i4.i3(i4 %tmp_s, i3 0)

ST_5: p_shl6_cast (114)  [1/1] 0.00ns  loc: acceleartor_hls_padding/components.cpp:792
.preheader.preheader:4  %p_shl6_cast = zext i7 %tmp_47 to i8

ST_5: tmp_48 (115)  [1/1] 0.00ns  loc: acceleartor_hls_padding/components.cpp:792
.preheader.preheader:5  %tmp_48 = call i5 @_ssdm_op_BitConcatenate.i5.i4.i1(i4 %tmp_s, i1 false)

ST_5: p_shl7_cast (116)  [1/1] 0.00ns  loc: acceleartor_hls_padding/components.cpp:792
.preheader.preheader:6  %p_shl7_cast = zext i5 %tmp_48 to i8

ST_5: tmp_49 (117)  [1/1] 2.32ns  loc: acceleartor_hls_padding/components.cpp:792
.preheader.preheader:7  %tmp_49 = add i8 %p_shl7_cast, %p_shl6_cast

ST_5: StgValue_73 (118)  [1/1] 1.59ns  loc: acceleartor_hls_padding/components.cpp:791
.preheader.preheader:8  br label %.preheader

ST_5: bias_V_load (241)  [2/2] 2.32ns  loc: acceleartor_hls_padding/components.cpp:795
:0  %bias_V_load = load i8* %bias_V_addr, align 1


 <State 6>: 6.84ns
ST_6: p_09_1 (120)  [1/1] 0.00ns
.preheader:0  %p_09_1 = phi i8 [ %sum_V, %1 ], [ %p_s, %.preheader.preheader ]

ST_6: n (121)  [1/1] 0.00ns
.preheader:1  %n = phi i2 [ %n_2, %1 ], [ 0, %.preheader.preheader ]

ST_6: n_cast3_cast (122)  [1/1] 0.00ns  loc: acceleartor_hls_padding/components.cpp:792
.preheader:2  %n_cast3_cast = zext i2 %n to i10

ST_6: tmp_50 (123)  [1/1] 2.32ns  loc: acceleartor_hls_padding/components.cpp:792
.preheader:3  %tmp_50 = add i10 %tmp_46, %n_cast3_cast

ST_6: tmp_61_cast (124)  [1/1] 0.00ns  loc: acceleartor_hls_padding/components.cpp:792
.preheader:4  %tmp_61_cast = zext i10 %tmp_50 to i32

ST_6: weight_V_addr (125)  [1/1] 0.00ns  loc: acceleartor_hls_padding/components.cpp:792
.preheader:5  %weight_V_addr = getelementptr [432 x i8]* %weight_V, i32 0, i32 %tmp_61_cast

ST_6: exitcond (126)  [1/1] 2.07ns  loc: acceleartor_hls_padding/components.cpp:791
.preheader:6  %exitcond = icmp eq i2 %n, -1

ST_6: empty_28 (127)  [1/1] 0.00ns
.preheader:7  %empty_28 = call i32 (...)* @_ssdm_op_SpecLoopTripCount(i64 3, i64 3, i64 3)

ST_6: n_2 (128)  [1/1] 2.17ns  loc: acceleartor_hls_padding/components.cpp:791
.preheader:8  %n_2 = add i2 %n, 1

ST_6: StgValue_84 (129)  [1/1] 0.00ns  loc: acceleartor_hls_padding/components.cpp:791
.preheader:9  br i1 %exitcond, label %.preheader68.loopexit, label %1

ST_6: tmp2 (131)  [1/1] 2.17ns  loc: acceleartor_hls_padding/components.cpp:792
:0  %tmp2 = add i2 %n, -1

ST_6: tmp2_cast (132)  [1/1] 0.00ns  loc: acceleartor_hls_padding/components.cpp:792
:1  %tmp2_cast = sext i2 %tmp2 to i4

ST_6: tmp_2 (133)  [1/1] 2.35ns  loc: acceleartor_hls_padding/components.cpp:792
:2  %tmp_2 = add i4 %w, %tmp2_cast

ST_6: tmp_2_cast_cast (134)  [1/1] 0.00ns  loc: acceleartor_hls_padding/components.cpp:792
:3  %tmp_2_cast_cast = zext i4 %tmp_2 to i8

ST_6: tmp_51 (135)  [1/1] 2.32ns  loc: acceleartor_hls_padding/components.cpp:792
:4  %tmp_51 = add i8 %tmp_49, %tmp_2_cast_cast

ST_6: weight_V_load (185)  [2/2] 3.25ns  loc: acceleartor_hls_padding/components.cpp:792
:54  %weight_V_load = load i8* %weight_V_addr, align 1

ST_6: StgValue_91 (239)  [1/1] 0.00ns
.preheader68.loopexit:0  br label %.preheader68


 <State 7>: 3.25ns
ST_7: tmp_62_cast (136)  [1/1] 0.00ns  loc: acceleartor_hls_padding/components.cpp:792
:5  %tmp_62_cast = zext i8 %tmp_51 to i32

ST_7: buffer1_1_48_8x8_p_V (137)  [1/1] 0.00ns  loc: acceleartor_hls_padding/components.cpp:792
:6  %buffer1_1_48_8x8_p_V = getelementptr [100 x i8]* @buffer1_1_48_8x8_p_V_8, i32 0, i32 %tmp_62_cast

ST_7: buffer1_1_48_8x8_p_V_1 (138)  [1/1] 0.00ns  loc: acceleartor_hls_padding/components.cpp:792
:7  %buffer1_1_48_8x8_p_V_1 = getelementptr [100 x i8]* @buffer1_1_48_8x8_p_V_45, i32 0, i32 %tmp_62_cast

ST_7: buffer1_1_48_8x8_p_V_2 (139)  [1/1] 0.00ns  loc: acceleartor_hls_padding/components.cpp:792
:8  %buffer1_1_48_8x8_p_V_2 = getelementptr [100 x i8]* @buffer1_1_48_8x8_p_V_39, i32 0, i32 %tmp_62_cast

ST_7: buffer1_1_48_8x8_p_V_3 (140)  [1/1] 0.00ns  loc: acceleartor_hls_padding/components.cpp:792
:9  %buffer1_1_48_8x8_p_V_3 = getelementptr [100 x i8]* @buffer1_1_48_8x8_p_V_9, i32 0, i32 %tmp_62_cast

ST_7: buffer1_1_48_8x8_p_V_4 (141)  [1/1] 0.00ns  loc: acceleartor_hls_padding/components.cpp:792
:10  %buffer1_1_48_8x8_p_V_4 = getelementptr [100 x i8]* @buffer1_1_48_8x8_p_V_34, i32 0, i32 %tmp_62_cast

ST_7: buffer1_1_48_8x8_p_V_5 (142)  [1/1] 0.00ns  loc: acceleartor_hls_padding/components.cpp:792
:11  %buffer1_1_48_8x8_p_V_5 = getelementptr [100 x i8]* @buffer1_1_48_8x8_p_V_29, i32 0, i32 %tmp_62_cast

ST_7: buffer1_1_48_8x8_p_V_6 (143)  [1/1] 0.00ns  loc: acceleartor_hls_padding/components.cpp:792
:12  %buffer1_1_48_8x8_p_V_6 = getelementptr [100 x i8]* @buffer1_1_48_8x8_p_V_36, i32 0, i32 %tmp_62_cast

ST_7: buffer1_1_48_8x8_p_V_7 (144)  [1/1] 0.00ns  loc: acceleartor_hls_padding/components.cpp:792
:13  %buffer1_1_48_8x8_p_V_7 = getelementptr [100 x i8]* @buffer1_1_48_8x8_p_V_43, i32 0, i32 %tmp_62_cast

ST_7: buffer1_1_48_8x8_p_V_8 (145)  [1/1] 0.00ns  loc: acceleartor_hls_padding/components.cpp:792
:14  %buffer1_1_48_8x8_p_V_8 = getelementptr [100 x i8]* @buffer1_1_48_8x8_p_V_38, i32 0, i32 %tmp_62_cast

ST_7: buffer1_1_48_8x8_p_V_9 (146)  [1/1] 0.00ns  loc: acceleartor_hls_padding/components.cpp:792
:15  %buffer1_1_48_8x8_p_V_9 = getelementptr [100 x i8]* @buffer1_1_48_8x8_p_V_40, i32 0, i32 %tmp_62_cast

ST_7: buffer1_1_48_8x8_p_V_10 (147)  [1/1] 0.00ns  loc: acceleartor_hls_padding/components.cpp:792
:16  %buffer1_1_48_8x8_p_V_10 = getelementptr [100 x i8]* @buffer1_1_48_8x8_p_V_19, i32 0, i32 %tmp_62_cast

ST_7: buffer1_1_48_8x8_p_V_11 (148)  [1/1] 0.00ns  loc: acceleartor_hls_padding/components.cpp:792
:17  %buffer1_1_48_8x8_p_V_11 = getelementptr [100 x i8]* @buffer1_1_48_8x8_p_V_18, i32 0, i32 %tmp_62_cast

ST_7: buffer1_1_48_8x8_p_V_12 (149)  [1/1] 0.00ns  loc: acceleartor_hls_padding/components.cpp:792
:18  %buffer1_1_48_8x8_p_V_12 = getelementptr [100 x i8]* @buffer1_1_48_8x8_p_V_4, i32 0, i32 %tmp_62_cast

ST_7: buffer1_1_48_8x8_p_V_13 (150)  [1/1] 0.00ns  loc: acceleartor_hls_padding/components.cpp:792
:19  %buffer1_1_48_8x8_p_V_13 = getelementptr [100 x i8]* @buffer1_1_48_8x8_p_V_1, i32 0, i32 %tmp_62_cast

ST_7: buffer1_1_48_8x8_p_V_14 (151)  [1/1] 0.00ns  loc: acceleartor_hls_padding/components.cpp:792
:20  %buffer1_1_48_8x8_p_V_14 = getelementptr [100 x i8]* @buffer1_1_48_8x8_p_V_16, i32 0, i32 %tmp_62_cast

ST_7: buffer1_1_48_8x8_p_V_15 (152)  [1/1] 0.00ns  loc: acceleartor_hls_padding/components.cpp:792
:21  %buffer1_1_48_8x8_p_V_15 = getelementptr [100 x i8]* @buffer1_1_48_8x8_p_V_47, i32 0, i32 %tmp_62_cast

ST_7: buffer1_1_48_8x8_p_V_16 (153)  [1/1] 0.00ns  loc: acceleartor_hls_padding/components.cpp:792
:22  %buffer1_1_48_8x8_p_V_16 = getelementptr [100 x i8]* @buffer1_1_48_8x8_p_V_5, i32 0, i32 %tmp_62_cast

ST_7: buffer1_1_48_8x8_p_V_17 (154)  [1/1] 0.00ns  loc: acceleartor_hls_padding/components.cpp:792
:23  %buffer1_1_48_8x8_p_V_17 = getelementptr [100 x i8]* @buffer1_1_48_8x8_p_V_11, i32 0, i32 %tmp_62_cast

ST_7: buffer1_1_48_8x8_p_V_18 (155)  [1/1] 0.00ns  loc: acceleartor_hls_padding/components.cpp:792
:24  %buffer1_1_48_8x8_p_V_18 = getelementptr [100 x i8]* @buffer1_1_48_8x8_p_V_6, i32 0, i32 %tmp_62_cast

ST_7: buffer1_1_48_8x8_p_V_19 (156)  [1/1] 0.00ns  loc: acceleartor_hls_padding/components.cpp:792
:25  %buffer1_1_48_8x8_p_V_19 = getelementptr [100 x i8]* @buffer1_1_48_8x8_p_V_15, i32 0, i32 %tmp_62_cast

ST_7: buffer1_1_48_8x8_p_V_20 (157)  [1/1] 0.00ns  loc: acceleartor_hls_padding/components.cpp:792
:26  %buffer1_1_48_8x8_p_V_20 = getelementptr [100 x i8]* @buffer1_1_48_8x8_p_V_7, i32 0, i32 %tmp_62_cast

ST_7: buffer1_1_48_8x8_p_V_21 (158)  [1/1] 0.00ns  loc: acceleartor_hls_padding/components.cpp:792
:27  %buffer1_1_48_8x8_p_V_21 = getelementptr [100 x i8]* @buffer1_1_48_8x8_p_V_17, i32 0, i32 %tmp_62_cast

ST_7: buffer1_1_48_8x8_p_V_22 (159)  [1/1] 0.00ns  loc: acceleartor_hls_padding/components.cpp:792
:28  %buffer1_1_48_8x8_p_V_22 = getelementptr [100 x i8]* @buffer1_1_48_8x8_p_V_48, i32 0, i32 %tmp_62_cast

ST_7: buffer1_1_48_8x8_p_V_23 (160)  [1/1] 0.00ns  loc: acceleartor_hls_padding/components.cpp:792
:29  %buffer1_1_48_8x8_p_V_23 = getelementptr [100 x i8]* @buffer1_1_48_8x8_p_V_27, i32 0, i32 %tmp_62_cast

ST_7: buffer1_1_48_8x8_p_V_24 (161)  [1/1] 0.00ns  loc: acceleartor_hls_padding/components.cpp:792
:30  %buffer1_1_48_8x8_p_V_24 = getelementptr [100 x i8]* @buffer1_1_48_8x8_p_V_44, i32 0, i32 %tmp_62_cast

ST_7: buffer1_1_48_8x8_p_V_25 (162)  [1/1] 0.00ns  loc: acceleartor_hls_padding/components.cpp:792
:31  %buffer1_1_48_8x8_p_V_25 = getelementptr [100 x i8]* @buffer1_1_48_8x8_p_V_31, i32 0, i32 %tmp_62_cast

ST_7: buffer1_1_48_8x8_p_V_26 (163)  [1/1] 0.00ns  loc: acceleartor_hls_padding/components.cpp:792
:32  %buffer1_1_48_8x8_p_V_26 = getelementptr [100 x i8]* @buffer1_1_48_8x8_p_V_37, i32 0, i32 %tmp_62_cast

ST_7: buffer1_1_48_8x8_p_V_27 (164)  [1/1] 0.00ns  loc: acceleartor_hls_padding/components.cpp:792
:33  %buffer1_1_48_8x8_p_V_27 = getelementptr [100 x i8]* @buffer1_1_48_8x8_p_V_35, i32 0, i32 %tmp_62_cast

ST_7: buffer1_1_48_8x8_p_V_28 (165)  [1/1] 0.00ns  loc: acceleartor_hls_padding/components.cpp:792
:34  %buffer1_1_48_8x8_p_V_28 = getelementptr [100 x i8]* @buffer1_1_48_8x8_p_V_32, i32 0, i32 %tmp_62_cast

ST_7: buffer1_1_48_8x8_p_V_29 (166)  [1/1] 0.00ns  loc: acceleartor_hls_padding/components.cpp:792
:35  %buffer1_1_48_8x8_p_V_29 = getelementptr [100 x i8]* @buffer1_1_48_8x8_p_V_28, i32 0, i32 %tmp_62_cast

ST_7: buffer1_1_48_8x8_p_V_30 (167)  [1/1] 0.00ns  loc: acceleartor_hls_padding/components.cpp:792
:36  %buffer1_1_48_8x8_p_V_30 = getelementptr [100 x i8]* @buffer1_1_48_8x8_p_V_14, i32 0, i32 %tmp_62_cast

ST_7: buffer1_1_48_8x8_p_V_31 (168)  [1/1] 0.00ns  loc: acceleartor_hls_padding/components.cpp:792
:37  %buffer1_1_48_8x8_p_V_31 = getelementptr [100 x i8]* @buffer1_1_48_8x8_p_V_21, i32 0, i32 %tmp_62_cast

ST_7: buffer1_1_48_8x8_p_V_32 (169)  [1/1] 0.00ns  loc: acceleartor_hls_padding/components.cpp:792
:38  %buffer1_1_48_8x8_p_V_32 = getelementptr [100 x i8]* @buffer1_1_48_8x8_p_V_42, i32 0, i32 %tmp_62_cast

ST_7: buffer1_1_48_8x8_p_V_33 (170)  [1/1] 0.00ns  loc: acceleartor_hls_padding/components.cpp:792
:39  %buffer1_1_48_8x8_p_V_33 = getelementptr [100 x i8]* @buffer1_1_48_8x8_p_V_2, i32 0, i32 %tmp_62_cast

ST_7: buffer1_1_48_8x8_p_V_34 (171)  [1/1] 0.00ns  loc: acceleartor_hls_padding/components.cpp:792
:40  %buffer1_1_48_8x8_p_V_34 = getelementptr [100 x i8]* @buffer1_1_48_8x8_p_V_20, i32 0, i32 %tmp_62_cast

ST_7: buffer1_1_48_8x8_p_V_35 (172)  [1/1] 0.00ns  loc: acceleartor_hls_padding/components.cpp:792
:41  %buffer1_1_48_8x8_p_V_35 = getelementptr [100 x i8]* @buffer1_1_48_8x8_p_V_41, i32 0, i32 %tmp_62_cast

ST_7: buffer1_1_48_8x8_p_V_36 (173)  [1/1] 0.00ns  loc: acceleartor_hls_padding/components.cpp:792
:42  %buffer1_1_48_8x8_p_V_36 = getelementptr [100 x i8]* @buffer1_1_48_8x8_p_V_22, i32 0, i32 %tmp_62_cast

ST_7: buffer1_1_48_8x8_p_V_37 (174)  [1/1] 0.00ns  loc: acceleartor_hls_padding/components.cpp:792
:43  %buffer1_1_48_8x8_p_V_37 = getelementptr [100 x i8]* @buffer1_1_48_8x8_p_V_25, i32 0, i32 %tmp_62_cast

ST_7: buffer1_1_48_8x8_p_V_38 (175)  [1/1] 0.00ns  loc: acceleartor_hls_padding/components.cpp:792
:44  %buffer1_1_48_8x8_p_V_38 = getelementptr [100 x i8]* @buffer1_1_48_8x8_p_V_26, i32 0, i32 %tmp_62_cast

ST_7: buffer1_1_48_8x8_p_V_39 (176)  [1/1] 0.00ns  loc: acceleartor_hls_padding/components.cpp:792
:45  %buffer1_1_48_8x8_p_V_39 = getelementptr [100 x i8]* @buffer1_1_48_8x8_p_V_23, i32 0, i32 %tmp_62_cast

ST_7: buffer1_1_48_8x8_p_V_40 (177)  [1/1] 0.00ns  loc: acceleartor_hls_padding/components.cpp:792
:46  %buffer1_1_48_8x8_p_V_40 = getelementptr [100 x i8]* @buffer1_1_48_8x8_p_V_24, i32 0, i32 %tmp_62_cast

ST_7: buffer1_1_48_8x8_p_V_41 (178)  [1/1] 0.00ns  loc: acceleartor_hls_padding/components.cpp:792
:47  %buffer1_1_48_8x8_p_V_41 = getelementptr [100 x i8]* @buffer1_1_48_8x8_p_V_30, i32 0, i32 %tmp_62_cast

ST_7: buffer1_1_48_8x8_p_V_42 (179)  [1/1] 0.00ns  loc: acceleartor_hls_padding/components.cpp:792
:48  %buffer1_1_48_8x8_p_V_42 = getelementptr [100 x i8]* @buffer1_1_48_8x8_p_V_13, i32 0, i32 %tmp_62_cast

ST_7: buffer1_1_48_8x8_p_V_43 (180)  [1/1] 0.00ns  loc: acceleartor_hls_padding/components.cpp:792
:49  %buffer1_1_48_8x8_p_V_43 = getelementptr [100 x i8]* @buffer1_1_48_8x8_p_V_3, i32 0, i32 %tmp_62_cast

ST_7: buffer1_1_48_8x8_p_V_44 (181)  [1/1] 0.00ns  loc: acceleartor_hls_padding/components.cpp:792
:50  %buffer1_1_48_8x8_p_V_44 = getelementptr [100 x i8]* @buffer1_1_48_8x8_p_V_46, i32 0, i32 %tmp_62_cast

ST_7: buffer1_1_48_8x8_p_V_45 (182)  [1/1] 0.00ns  loc: acceleartor_hls_padding/components.cpp:792
:51  %buffer1_1_48_8x8_p_V_45 = getelementptr [100 x i8]* @buffer1_1_48_8x8_p_V_10, i32 0, i32 %tmp_62_cast

ST_7: buffer1_1_48_8x8_p_V_46 (183)  [1/1] 0.00ns  loc: acceleartor_hls_padding/components.cpp:792
:52  %buffer1_1_48_8x8_p_V_46 = getelementptr [100 x i8]* @buffer1_1_48_8x8_p_V_33, i32 0, i32 %tmp_62_cast

ST_7: buffer1_1_48_8x8_p_V_47 (184)  [1/1] 0.00ns  loc: acceleartor_hls_padding/components.cpp:792
:53  %buffer1_1_48_8x8_p_V_47 = getelementptr [100 x i8]* @buffer1_1_48_8x8_p_V_12, i32 0, i32 %tmp_62_cast

ST_7: weight_V_load (185)  [1/2] 3.25ns  loc: acceleartor_hls_padding/components.cpp:792
:54  %weight_V_load = load i8* %weight_V_addr, align 1

ST_7: buffer1_1_48_8x8_p_V_48 (186)  [2/2] 2.30ns  loc: acceleartor_hls_padding/components.cpp:792
:55  %buffer1_1_48_8x8_p_V_48 = load i8* %buffer1_1_48_8x8_p_V_22, align 1

ST_7: buffer1_1_48_8x8_p_V_49 (187)  [2/2] 2.30ns  loc: acceleartor_hls_padding/components.cpp:792
:56  %buffer1_1_48_8x8_p_V_49 = load i8* %buffer1_1_48_8x8_p_V_13, align 1

ST_7: buffer1_1_48_8x8_p_V_50 (188)  [2/2] 2.30ns  loc: acceleartor_hls_padding/components.cpp:792
:57  %buffer1_1_48_8x8_p_V_50 = load i8* %buffer1_1_48_8x8_p_V_33, align 1

ST_7: buffer1_1_48_8x8_p_V_51 (189)  [2/2] 2.30ns  loc: acceleartor_hls_padding/components.cpp:792
:58  %buffer1_1_48_8x8_p_V_51 = load i8* %buffer1_1_48_8x8_p_V_43, align 1

ST_7: buffer1_1_48_8x8_p_V_52 (190)  [2/2] 2.30ns  loc: acceleartor_hls_padding/components.cpp:792
:59  %buffer1_1_48_8x8_p_V_52 = load i8* %buffer1_1_48_8x8_p_V_12, align 1

ST_7: buffer1_1_48_8x8_p_V_53 (191)  [2/2] 2.30ns  loc: acceleartor_hls_padding/components.cpp:792
:60  %buffer1_1_48_8x8_p_V_53 = load i8* %buffer1_1_48_8x8_p_V_16, align 1

ST_7: buffer1_1_48_8x8_p_V_54 (192)  [2/2] 2.30ns  loc: acceleartor_hls_padding/components.cpp:792
:61  %buffer1_1_48_8x8_p_V_54 = load i8* %buffer1_1_48_8x8_p_V_18, align 1

ST_7: buffer1_1_48_8x8_p_V_55 (193)  [2/2] 2.30ns  loc: acceleartor_hls_padding/components.cpp:792
:62  %buffer1_1_48_8x8_p_V_55 = load i8* %buffer1_1_48_8x8_p_V_20, align 1

ST_7: buffer1_1_48_8x8_p_V_56 (194)  [2/2] 2.30ns  loc: acceleartor_hls_padding/components.cpp:792
:63  %buffer1_1_48_8x8_p_V_56 = load i8* %buffer1_1_48_8x8_p_V, align 1

ST_7: buffer1_1_48_8x8_p_V_57 (195)  [2/2] 2.30ns  loc: acceleartor_hls_padding/components.cpp:792
:64  %buffer1_1_48_8x8_p_V_57 = load i8* %buffer1_1_48_8x8_p_V_3, align 1

ST_7: buffer1_1_48_8x8_p_V_58 (196)  [2/2] 2.30ns  loc: acceleartor_hls_padding/components.cpp:792
:65  %buffer1_1_48_8x8_p_V_58 = load i8* %buffer1_1_48_8x8_p_V_45, align 1

ST_7: buffer1_1_48_8x8_p_V_59 (197)  [2/2] 2.30ns  loc: acceleartor_hls_padding/components.cpp:792
:66  %buffer1_1_48_8x8_p_V_59 = load i8* %buffer1_1_48_8x8_p_V_17, align 1

ST_7: buffer1_1_48_8x8_p_V_60 (198)  [2/2] 2.30ns  loc: acceleartor_hls_padding/components.cpp:792
:67  %buffer1_1_48_8x8_p_V_60 = load i8* %buffer1_1_48_8x8_p_V_47, align 1

ST_7: buffer1_1_48_8x8_p_V_61 (199)  [2/2] 2.30ns  loc: acceleartor_hls_padding/components.cpp:792
:68  %buffer1_1_48_8x8_p_V_61 = load i8* %buffer1_1_48_8x8_p_V_42, align 1

ST_7: buffer1_1_48_8x8_p_V_62 (200)  [2/2] 2.30ns  loc: acceleartor_hls_padding/components.cpp:792
:69  %buffer1_1_48_8x8_p_V_62 = load i8* %buffer1_1_48_8x8_p_V_30, align 1

ST_7: buffer1_1_48_8x8_p_V_63 (201)  [2/2] 2.30ns  loc: acceleartor_hls_padding/components.cpp:792
:70  %buffer1_1_48_8x8_p_V_63 = load i8* %buffer1_1_48_8x8_p_V_19, align 1

ST_7: buffer1_1_48_8x8_p_V_64 (202)  [2/2] 2.30ns  loc: acceleartor_hls_padding/components.cpp:792
:71  %buffer1_1_48_8x8_p_V_64 = load i8* %buffer1_1_48_8x8_p_V_14, align 1

ST_7: buffer1_1_48_8x8_p_V_65 (203)  [2/2] 2.30ns  loc: acceleartor_hls_padding/components.cpp:792
:72  %buffer1_1_48_8x8_p_V_65 = load i8* %buffer1_1_48_8x8_p_V_21, align 1

ST_7: buffer1_1_48_8x8_p_V_66 (204)  [2/2] 2.30ns  loc: acceleartor_hls_padding/components.cpp:792
:73  %buffer1_1_48_8x8_p_V_66 = load i8* %buffer1_1_48_8x8_p_V_11, align 1

ST_7: buffer1_1_48_8x8_p_V_67 (205)  [2/2] 2.30ns  loc: acceleartor_hls_padding/components.cpp:792
:74  %buffer1_1_48_8x8_p_V_67 = load i8* %buffer1_1_48_8x8_p_V_10, align 1

ST_7: buffer1_1_48_8x8_p_V_68 (206)  [2/2] 2.30ns  loc: acceleartor_hls_padding/components.cpp:792
:75  %buffer1_1_48_8x8_p_V_68 = load i8* %buffer1_1_48_8x8_p_V_34, align 1

ST_7: buffer1_1_48_8x8_p_V_69 (207)  [2/2] 2.30ns  loc: acceleartor_hls_padding/components.cpp:792
:76  %buffer1_1_48_8x8_p_V_69 = load i8* %buffer1_1_48_8x8_p_V_31, align 1

ST_7: buffer1_1_48_8x8_p_V_70 (208)  [2/2] 2.30ns  loc: acceleartor_hls_padding/components.cpp:792
:77  %buffer1_1_48_8x8_p_V_70 = load i8* %buffer1_1_48_8x8_p_V_36, align 1

ST_7: buffer1_1_48_8x8_p_V_71 (209)  [2/2] 2.30ns  loc: acceleartor_hls_padding/components.cpp:792
:78  %buffer1_1_48_8x8_p_V_71 = load i8* %buffer1_1_48_8x8_p_V_39, align 1

ST_7: buffer1_1_48_8x8_p_V_72 (210)  [2/2] 2.30ns  loc: acceleartor_hls_padding/components.cpp:792
:79  %buffer1_1_48_8x8_p_V_72 = load i8* %buffer1_1_48_8x8_p_V_40, align 1

ST_7: buffer1_1_48_8x8_p_V_73 (211)  [2/2] 2.30ns  loc: acceleartor_hls_padding/components.cpp:792
:80  %buffer1_1_48_8x8_p_V_73 = load i8* %buffer1_1_48_8x8_p_V_37, align 1

ST_7: buffer1_1_48_8x8_p_V_74 (212)  [2/2] 2.30ns  loc: acceleartor_hls_padding/components.cpp:792
:81  %buffer1_1_48_8x8_p_V_74 = load i8* %buffer1_1_48_8x8_p_V_38, align 1

ST_7: buffer1_1_48_8x8_p_V_75 (213)  [2/2] 2.30ns  loc: acceleartor_hls_padding/components.cpp:792
:82  %buffer1_1_48_8x8_p_V_75 = load i8* %buffer1_1_48_8x8_p_V_23, align 1

ST_7: buffer1_1_48_8x8_p_V_76 (214)  [2/2] 2.30ns  loc: acceleartor_hls_padding/components.cpp:792
:83  %buffer1_1_48_8x8_p_V_76 = load i8* %buffer1_1_48_8x8_p_V_29, align 1

ST_7: buffer1_1_48_8x8_p_V_77 (215)  [2/2] 2.30ns  loc: acceleartor_hls_padding/components.cpp:792
:84  %buffer1_1_48_8x8_p_V_77 = load i8* %buffer1_1_48_8x8_p_V_5, align 1

ST_7: buffer1_1_48_8x8_p_V_78 (216)  [2/2] 2.30ns  loc: acceleartor_hls_padding/components.cpp:792
:85  %buffer1_1_48_8x8_p_V_78 = load i8* %buffer1_1_48_8x8_p_V_41, align 1

ST_7: buffer1_1_48_8x8_p_V_79 (217)  [2/2] 2.30ns  loc: acceleartor_hls_padding/components.cpp:792
:86  %buffer1_1_48_8x8_p_V_79 = load i8* %buffer1_1_48_8x8_p_V_25, align 1

ST_7: buffer1_1_48_8x8_p_V_80 (218)  [2/2] 2.30ns  loc: acceleartor_hls_padding/components.cpp:792
:87  %buffer1_1_48_8x8_p_V_80 = load i8* %buffer1_1_48_8x8_p_V_28, align 1

ST_7: buffer1_1_48_8x8_p_V_81 (219)  [2/2] 2.30ns  loc: acceleartor_hls_padding/components.cpp:792
:88  %buffer1_1_48_8x8_p_V_81 = load i8* %buffer1_1_48_8x8_p_V_46, align 1

ST_7: buffer1_1_48_8x8_p_V_82 (220)  [2/2] 2.30ns  loc: acceleartor_hls_padding/components.cpp:792
:89  %buffer1_1_48_8x8_p_V_82 = load i8* %buffer1_1_48_8x8_p_V_4, align 1

ST_7: buffer1_1_48_8x8_p_V_83 (221)  [2/2] 2.30ns  loc: acceleartor_hls_padding/components.cpp:792
:90  %buffer1_1_48_8x8_p_V_83 = load i8* %buffer1_1_48_8x8_p_V_27, align 1

ST_7: buffer1_1_48_8x8_p_V_84 (222)  [2/2] 2.30ns  loc: acceleartor_hls_padding/components.cpp:792
:91  %buffer1_1_48_8x8_p_V_84 = load i8* %buffer1_1_48_8x8_p_V_6, align 1

ST_7: buffer1_1_48_8x8_p_V_85 (223)  [2/2] 2.30ns  loc: acceleartor_hls_padding/components.cpp:792
:92  %buffer1_1_48_8x8_p_V_85 = load i8* %buffer1_1_48_8x8_p_V_26, align 1

ST_7: buffer1_1_48_8x8_p_V_86 (224)  [2/2] 2.30ns  loc: acceleartor_hls_padding/components.cpp:792
:93  %buffer1_1_48_8x8_p_V_86 = load i8* %buffer1_1_48_8x8_p_V_8, align 1

ST_7: buffer1_1_48_8x8_p_V_87 (225)  [2/2] 2.30ns  loc: acceleartor_hls_padding/components.cpp:792
:94  %buffer1_1_48_8x8_p_V_87 = load i8* %buffer1_1_48_8x8_p_V_2, align 1

ST_7: buffer1_1_48_8x8_p_V_88 (226)  [2/2] 2.30ns  loc: acceleartor_hls_padding/components.cpp:792
:95  %buffer1_1_48_8x8_p_V_88 = load i8* %buffer1_1_48_8x8_p_V_9, align 1

ST_7: buffer1_1_48_8x8_p_V_89 (227)  [2/2] 2.30ns  loc: acceleartor_hls_padding/components.cpp:792
:96  %buffer1_1_48_8x8_p_V_89 = load i8* %buffer1_1_48_8x8_p_V_35, align 1

ST_7: buffer1_1_48_8x8_p_V_90 (228)  [2/2] 2.30ns  loc: acceleartor_hls_padding/components.cpp:792
:97  %buffer1_1_48_8x8_p_V_90 = load i8* %buffer1_1_48_8x8_p_V_32, align 1

ST_7: buffer1_1_48_8x8_p_V_91 (229)  [2/2] 2.30ns  loc: acceleartor_hls_padding/components.cpp:792
:98  %buffer1_1_48_8x8_p_V_91 = load i8* %buffer1_1_48_8x8_p_V_7, align 1

ST_7: buffer1_1_48_8x8_p_V_92 (230)  [2/2] 2.30ns  loc: acceleartor_hls_padding/components.cpp:792
:99  %buffer1_1_48_8x8_p_V_92 = load i8* %buffer1_1_48_8x8_p_V_24, align 1

ST_7: buffer1_1_48_8x8_p_V_93 (231)  [2/2] 2.30ns  loc: acceleartor_hls_padding/components.cpp:792
:100  %buffer1_1_48_8x8_p_V_93 = load i8* %buffer1_1_48_8x8_p_V_1, align 1

ST_7: buffer1_1_48_8x8_p_V_94 (232)  [2/2] 2.30ns  loc: acceleartor_hls_padding/components.cpp:792
:101  %buffer1_1_48_8x8_p_V_94 = load i8* %buffer1_1_48_8x8_p_V_44, align 1

ST_7: buffer1_1_48_8x8_p_V_95 (233)  [2/2] 2.30ns  loc: acceleartor_hls_padding/components.cpp:792
:102  %buffer1_1_48_8x8_p_V_95 = load i8* %buffer1_1_48_8x8_p_V_15, align 1


 <State 8>: 5.48ns
ST_8: buffer1_1_48_8x8_p_V_48 (186)  [1/2] 2.30ns  loc: acceleartor_hls_padding/components.cpp:792
:55  %buffer1_1_48_8x8_p_V_48 = load i8* %buffer1_1_48_8x8_p_V_22, align 1

ST_8: buffer1_1_48_8x8_p_V_49 (187)  [1/2] 2.30ns  loc: acceleartor_hls_padding/components.cpp:792
:56  %buffer1_1_48_8x8_p_V_49 = load i8* %buffer1_1_48_8x8_p_V_13, align 1

ST_8: buffer1_1_48_8x8_p_V_50 (188)  [1/2] 2.30ns  loc: acceleartor_hls_padding/components.cpp:792
:57  %buffer1_1_48_8x8_p_V_50 = load i8* %buffer1_1_48_8x8_p_V_33, align 1

ST_8: buffer1_1_48_8x8_p_V_51 (189)  [1/2] 2.30ns  loc: acceleartor_hls_padding/components.cpp:792
:58  %buffer1_1_48_8x8_p_V_51 = load i8* %buffer1_1_48_8x8_p_V_43, align 1

ST_8: buffer1_1_48_8x8_p_V_52 (190)  [1/2] 2.30ns  loc: acceleartor_hls_padding/components.cpp:792
:59  %buffer1_1_48_8x8_p_V_52 = load i8* %buffer1_1_48_8x8_p_V_12, align 1

ST_8: buffer1_1_48_8x8_p_V_53 (191)  [1/2] 2.30ns  loc: acceleartor_hls_padding/components.cpp:792
:60  %buffer1_1_48_8x8_p_V_53 = load i8* %buffer1_1_48_8x8_p_V_16, align 1

ST_8: buffer1_1_48_8x8_p_V_54 (192)  [1/2] 2.30ns  loc: acceleartor_hls_padding/components.cpp:792
:61  %buffer1_1_48_8x8_p_V_54 = load i8* %buffer1_1_48_8x8_p_V_18, align 1

ST_8: buffer1_1_48_8x8_p_V_55 (193)  [1/2] 2.30ns  loc: acceleartor_hls_padding/components.cpp:792
:62  %buffer1_1_48_8x8_p_V_55 = load i8* %buffer1_1_48_8x8_p_V_20, align 1

ST_8: buffer1_1_48_8x8_p_V_56 (194)  [1/2] 2.30ns  loc: acceleartor_hls_padding/components.cpp:792
:63  %buffer1_1_48_8x8_p_V_56 = load i8* %buffer1_1_48_8x8_p_V, align 1

ST_8: buffer1_1_48_8x8_p_V_57 (195)  [1/2] 2.30ns  loc: acceleartor_hls_padding/components.cpp:792
:64  %buffer1_1_48_8x8_p_V_57 = load i8* %buffer1_1_48_8x8_p_V_3, align 1

ST_8: buffer1_1_48_8x8_p_V_58 (196)  [1/2] 2.30ns  loc: acceleartor_hls_padding/components.cpp:792
:65  %buffer1_1_48_8x8_p_V_58 = load i8* %buffer1_1_48_8x8_p_V_45, align 1

ST_8: buffer1_1_48_8x8_p_V_59 (197)  [1/2] 2.30ns  loc: acceleartor_hls_padding/components.cpp:792
:66  %buffer1_1_48_8x8_p_V_59 = load i8* %buffer1_1_48_8x8_p_V_17, align 1

ST_8: buffer1_1_48_8x8_p_V_60 (198)  [1/2] 2.30ns  loc: acceleartor_hls_padding/components.cpp:792
:67  %buffer1_1_48_8x8_p_V_60 = load i8* %buffer1_1_48_8x8_p_V_47, align 1

ST_8: buffer1_1_48_8x8_p_V_61 (199)  [1/2] 2.30ns  loc: acceleartor_hls_padding/components.cpp:792
:68  %buffer1_1_48_8x8_p_V_61 = load i8* %buffer1_1_48_8x8_p_V_42, align 1

ST_8: buffer1_1_48_8x8_p_V_62 (200)  [1/2] 2.30ns  loc: acceleartor_hls_padding/components.cpp:792
:69  %buffer1_1_48_8x8_p_V_62 = load i8* %buffer1_1_48_8x8_p_V_30, align 1

ST_8: buffer1_1_48_8x8_p_V_63 (201)  [1/2] 2.30ns  loc: acceleartor_hls_padding/components.cpp:792
:70  %buffer1_1_48_8x8_p_V_63 = load i8* %buffer1_1_48_8x8_p_V_19, align 1

ST_8: buffer1_1_48_8x8_p_V_64 (202)  [1/2] 2.30ns  loc: acceleartor_hls_padding/components.cpp:792
:71  %buffer1_1_48_8x8_p_V_64 = load i8* %buffer1_1_48_8x8_p_V_14, align 1

ST_8: buffer1_1_48_8x8_p_V_65 (203)  [1/2] 2.30ns  loc: acceleartor_hls_padding/components.cpp:792
:72  %buffer1_1_48_8x8_p_V_65 = load i8* %buffer1_1_48_8x8_p_V_21, align 1

ST_8: buffer1_1_48_8x8_p_V_66 (204)  [1/2] 2.30ns  loc: acceleartor_hls_padding/components.cpp:792
:73  %buffer1_1_48_8x8_p_V_66 = load i8* %buffer1_1_48_8x8_p_V_11, align 1

ST_8: buffer1_1_48_8x8_p_V_67 (205)  [1/2] 2.30ns  loc: acceleartor_hls_padding/components.cpp:792
:74  %buffer1_1_48_8x8_p_V_67 = load i8* %buffer1_1_48_8x8_p_V_10, align 1

ST_8: buffer1_1_48_8x8_p_V_68 (206)  [1/2] 2.30ns  loc: acceleartor_hls_padding/components.cpp:792
:75  %buffer1_1_48_8x8_p_V_68 = load i8* %buffer1_1_48_8x8_p_V_34, align 1

ST_8: buffer1_1_48_8x8_p_V_69 (207)  [1/2] 2.30ns  loc: acceleartor_hls_padding/components.cpp:792
:76  %buffer1_1_48_8x8_p_V_69 = load i8* %buffer1_1_48_8x8_p_V_31, align 1

ST_8: buffer1_1_48_8x8_p_V_70 (208)  [1/2] 2.30ns  loc: acceleartor_hls_padding/components.cpp:792
:77  %buffer1_1_48_8x8_p_V_70 = load i8* %buffer1_1_48_8x8_p_V_36, align 1

ST_8: buffer1_1_48_8x8_p_V_71 (209)  [1/2] 2.30ns  loc: acceleartor_hls_padding/components.cpp:792
:78  %buffer1_1_48_8x8_p_V_71 = load i8* %buffer1_1_48_8x8_p_V_39, align 1

ST_8: buffer1_1_48_8x8_p_V_72 (210)  [1/2] 2.30ns  loc: acceleartor_hls_padding/components.cpp:792
:79  %buffer1_1_48_8x8_p_V_72 = load i8* %buffer1_1_48_8x8_p_V_40, align 1

ST_8: buffer1_1_48_8x8_p_V_73 (211)  [1/2] 2.30ns  loc: acceleartor_hls_padding/components.cpp:792
:80  %buffer1_1_48_8x8_p_V_73 = load i8* %buffer1_1_48_8x8_p_V_37, align 1

ST_8: buffer1_1_48_8x8_p_V_74 (212)  [1/2] 2.30ns  loc: acceleartor_hls_padding/components.cpp:792
:81  %buffer1_1_48_8x8_p_V_74 = load i8* %buffer1_1_48_8x8_p_V_38, align 1

ST_8: buffer1_1_48_8x8_p_V_75 (213)  [1/2] 2.30ns  loc: acceleartor_hls_padding/components.cpp:792
:82  %buffer1_1_48_8x8_p_V_75 = load i8* %buffer1_1_48_8x8_p_V_23, align 1

ST_8: buffer1_1_48_8x8_p_V_76 (214)  [1/2] 2.30ns  loc: acceleartor_hls_padding/components.cpp:792
:83  %buffer1_1_48_8x8_p_V_76 = load i8* %buffer1_1_48_8x8_p_V_29, align 1

ST_8: buffer1_1_48_8x8_p_V_77 (215)  [1/2] 2.30ns  loc: acceleartor_hls_padding/components.cpp:792
:84  %buffer1_1_48_8x8_p_V_77 = load i8* %buffer1_1_48_8x8_p_V_5, align 1

ST_8: buffer1_1_48_8x8_p_V_78 (216)  [1/2] 2.30ns  loc: acceleartor_hls_padding/components.cpp:792
:85  %buffer1_1_48_8x8_p_V_78 = load i8* %buffer1_1_48_8x8_p_V_41, align 1

ST_8: buffer1_1_48_8x8_p_V_79 (217)  [1/2] 2.30ns  loc: acceleartor_hls_padding/components.cpp:792
:86  %buffer1_1_48_8x8_p_V_79 = load i8* %buffer1_1_48_8x8_p_V_25, align 1

ST_8: buffer1_1_48_8x8_p_V_80 (218)  [1/2] 2.30ns  loc: acceleartor_hls_padding/components.cpp:792
:87  %buffer1_1_48_8x8_p_V_80 = load i8* %buffer1_1_48_8x8_p_V_28, align 1

ST_8: buffer1_1_48_8x8_p_V_81 (219)  [1/2] 2.30ns  loc: acceleartor_hls_padding/components.cpp:792
:88  %buffer1_1_48_8x8_p_V_81 = load i8* %buffer1_1_48_8x8_p_V_46, align 1

ST_8: buffer1_1_48_8x8_p_V_82 (220)  [1/2] 2.30ns  loc: acceleartor_hls_padding/components.cpp:792
:89  %buffer1_1_48_8x8_p_V_82 = load i8* %buffer1_1_48_8x8_p_V_4, align 1

ST_8: buffer1_1_48_8x8_p_V_83 (221)  [1/2] 2.30ns  loc: acceleartor_hls_padding/components.cpp:792
:90  %buffer1_1_48_8x8_p_V_83 = load i8* %buffer1_1_48_8x8_p_V_27, align 1

ST_8: buffer1_1_48_8x8_p_V_84 (222)  [1/2] 2.30ns  loc: acceleartor_hls_padding/components.cpp:792
:91  %buffer1_1_48_8x8_p_V_84 = load i8* %buffer1_1_48_8x8_p_V_6, align 1

ST_8: buffer1_1_48_8x8_p_V_85 (223)  [1/2] 2.30ns  loc: acceleartor_hls_padding/components.cpp:792
:92  %buffer1_1_48_8x8_p_V_85 = load i8* %buffer1_1_48_8x8_p_V_26, align 1

ST_8: buffer1_1_48_8x8_p_V_86 (224)  [1/2] 2.30ns  loc: acceleartor_hls_padding/components.cpp:792
:93  %buffer1_1_48_8x8_p_V_86 = load i8* %buffer1_1_48_8x8_p_V_8, align 1

ST_8: buffer1_1_48_8x8_p_V_87 (225)  [1/2] 2.30ns  loc: acceleartor_hls_padding/components.cpp:792
:94  %buffer1_1_48_8x8_p_V_87 = load i8* %buffer1_1_48_8x8_p_V_2, align 1

ST_8: buffer1_1_48_8x8_p_V_88 (226)  [1/2] 2.30ns  loc: acceleartor_hls_padding/components.cpp:792
:95  %buffer1_1_48_8x8_p_V_88 = load i8* %buffer1_1_48_8x8_p_V_9, align 1

ST_8: buffer1_1_48_8x8_p_V_89 (227)  [1/2] 2.30ns  loc: acceleartor_hls_padding/components.cpp:792
:96  %buffer1_1_48_8x8_p_V_89 = load i8* %buffer1_1_48_8x8_p_V_35, align 1

ST_8: buffer1_1_48_8x8_p_V_90 (228)  [1/2] 2.30ns  loc: acceleartor_hls_padding/components.cpp:792
:97  %buffer1_1_48_8x8_p_V_90 = load i8* %buffer1_1_48_8x8_p_V_32, align 1

ST_8: buffer1_1_48_8x8_p_V_91 (229)  [1/2] 2.30ns  loc: acceleartor_hls_padding/components.cpp:792
:98  %buffer1_1_48_8x8_p_V_91 = load i8* %buffer1_1_48_8x8_p_V_7, align 1

ST_8: buffer1_1_48_8x8_p_V_92 (230)  [1/2] 2.30ns  loc: acceleartor_hls_padding/components.cpp:792
:99  %buffer1_1_48_8x8_p_V_92 = load i8* %buffer1_1_48_8x8_p_V_24, align 1

ST_8: buffer1_1_48_8x8_p_V_93 (231)  [1/2] 2.30ns  loc: acceleartor_hls_padding/components.cpp:792
:100  %buffer1_1_48_8x8_p_V_93 = load i8* %buffer1_1_48_8x8_p_V_1, align 1

ST_8: buffer1_1_48_8x8_p_V_94 (232)  [1/2] 2.30ns  loc: acceleartor_hls_padding/components.cpp:792
:101  %buffer1_1_48_8x8_p_V_94 = load i8* %buffer1_1_48_8x8_p_V_44, align 1

ST_8: buffer1_1_48_8x8_p_V_95 (233)  [1/2] 2.30ns  loc: acceleartor_hls_padding/components.cpp:792
:102  %buffer1_1_48_8x8_p_V_95 = load i8* %buffer1_1_48_8x8_p_V_15, align 1

ST_8: tmp (234)  [1/1] 3.18ns  loc: acceleartor_hls_padding/components.cpp:792
:103  %tmp = call i8 @_ssdm_op_Mux.ap_auto.48i8.i6(i8 %buffer1_1_48_8x8_p_V_48, i8 %buffer1_1_48_8x8_p_V_49, i8 %buffer1_1_48_8x8_p_V_50, i8 %buffer1_1_48_8x8_p_V_51, i8 %buffer1_1_48_8x8_p_V_52, i8 %buffer1_1_48_8x8_p_V_53, i8 %buffer1_1_48_8x8_p_V_54, i8 %buffer1_1_48_8x8_p_V_55, i8 %buffer1_1_48_8x8_p_V_56, i8 %buffer1_1_48_8x8_p_V_57, i8 %buffer1_1_48_8x8_p_V_58, i8 %buffer1_1_48_8x8_p_V_59, i8 %buffer1_1_48_8x8_p_V_60, i8 %buffer1_1_48_8x8_p_V_61, i8 %buffer1_1_48_8x8_p_V_62, i8 %buffer1_1_48_8x8_p_V_63, i8 %buffer1_1_48_8x8_p_V_64, i8 %buffer1_1_48_8x8_p_V_65, i8 %buffer1_1_48_8x8_p_V_66, i8 %buffer1_1_48_8x8_p_V_67, i8 %buffer1_1_48_8x8_p_V_68, i8 %buffer1_1_48_8x8_p_V_69, i8 %buffer1_1_48_8x8_p_V_70, i8 %buffer1_1_48_8x8_p_V_71, i8 %buffer1_1_48_8x8_p_V_72, i8 %buffer1_1_48_8x8_p_V_73, i8 %buffer1_1_48_8x8_p_V_74, i8 %buffer1_1_48_8x8_p_V_75, i8 %buffer1_1_48_8x8_p_V_76, i8 %buffer1_1_48_8x8_p_V_77, i8 %buffer1_1_48_8x8_p_V_78, i8 %buffer1_1_48_8x8_p_V_79, i8 %buffer1_1_48_8x8_p_V_80, i8 %buffer1_1_48_8x8_p_V_81, i8 %buffer1_1_48_8x8_p_V_82, i8 %buffer1_1_48_8x8_p_V_83, i8 %buffer1_1_48_8x8_p_V_84, i8 %buffer1_1_48_8x8_p_V_85, i8 %buffer1_1_48_8x8_p_V_86, i8 %buffer1_1_48_8x8_p_V_87, i8 %buffer1_1_48_8x8_p_V_88, i8 %buffer1_1_48_8x8_p_V_89, i8 %buffer1_1_48_8x8_p_V_90, i8 %buffer1_1_48_8x8_p_V_91, i8 %buffer1_1_48_8x8_p_V_92, i8 %buffer1_1_48_8x8_p_V_93, i8 %buffer1_1_48_8x8_p_V_94, i8 %buffer1_1_48_8x8_p_V_95, i6 %co)


 <State 9>: 6.38ns
ST_9: tmp_3 (235)  [1/1] 3.36ns  loc: acceleartor_hls_padding/components.cpp:792
:104  %tmp_3 = mul i8 %tmp, %weight_V_load

ST_9: sum_V (236)  [1/1] 3.02ns  loc: acceleartor_hls_padding/components.cpp:792
:105  %sum_V = add i8 %p_09_1, %tmp_3

ST_9: StgValue_241 (237)  [1/1] 0.00ns  loc: acceleartor_hls_padding/components.cpp:791
:106  br label %.preheader


 <State 10>: 7.89ns
ST_10: bias_V_load (241)  [1/2] 2.32ns  loc: acceleartor_hls_padding/components.cpp:795
:0  %bias_V_load = load i8* %bias_V_addr, align 1

ST_10: result_V (242)  [1/1] 2.32ns  loc: acceleartor_hls_padding/components.cpp:795
:1  %result_V = add i8 %bias_V_load, %p_s

ST_10: StgValue_244 (243)  [1/1] 3.25ns  loc: acceleartor_hls_padding/components.cpp:796
:2  store i8 %result_V, i8* %output_V_addr, align 1

ST_10: w_2 (244)  [1/1] 2.35ns  loc: acceleartor_hls_padding/components.cpp:788
:3  %w_2 = add i4 %w, 1

ST_10: StgValue_246 (245)  [1/1] 0.00ns  loc: acceleartor_hls_padding/components.cpp:788
:4  br label %.preheader69



============================================================
+ Verbose Summary: Timing violations
============================================================
Target clock period: 10ns, clock uncertainty: 1.25ns.

 <State 1>: 1.59ns
The critical path consists of the following:
	multiplexor before 'phi' operation ('co') with incoming values : ('co', acceleartor_hls_padding/components.cpp:786) [54]  (1.59 ns)

 <State 2>: 3.88ns
The critical path consists of the following:
	'phi' operation ('co') with incoming values : ('co', acceleartor_hls_padding/components.cpp:786) [54]  (0 ns)
	'icmp' operation ('exitcond5', acceleartor_hls_padding/components.cpp:786) [66]  (3.88 ns)

 <State 3>: 4.66ns
The critical path consists of the following:
	'phi' operation ('h') with incoming values : ('h', acceleartor_hls_padding/components.cpp:787) [74]  (0 ns)
	'add' operation ('tmp_42', acceleartor_hls_padding/components.cpp:796) [76]  (2.32 ns)
	'add' operation ('tmp_43', acceleartor_hls_padding/components.cpp:796) [81]  (2.34 ns)

 <State 4>: 3.1ns
The critical path consists of the following:
	'phi' operation ('w') with incoming values : ('w', acceleartor_hls_padding/components.cpp:788) [88]  (0 ns)
	'icmp' operation ('exitcond7', acceleartor_hls_padding/components.cpp:788) [93]  (3.1 ns)

 <State 5>: 6.84ns
The critical path consists of the following:
	'phi' operation ('m') with incoming values : ('m', acceleartor_hls_padding/components.cpp:790) [100]  (0 ns)
	'add' operation ('tmp1', acceleartor_hls_padding/components.cpp:792) [110]  (2.17 ns)
	'add' operation ('tmp_s', acceleartor_hls_padding/components.cpp:792) [112]  (2.35 ns)
	'add' operation ('tmp_49', acceleartor_hls_padding/components.cpp:792) [117]  (2.32 ns)

 <State 6>: 6.84ns
The critical path consists of the following:
	'phi' operation ('n') with incoming values : ('n', acceleartor_hls_padding/components.cpp:791) [121]  (0 ns)
	'add' operation ('tmp2', acceleartor_hls_padding/components.cpp:792) [131]  (2.17 ns)
	'add' operation ('tmp_2', acceleartor_hls_padding/components.cpp:792) [133]  (2.35 ns)
	'add' operation ('tmp_51', acceleartor_hls_padding/components.cpp:792) [135]  (2.32 ns)

 <State 7>: 3.25ns
The critical path consists of the following:
	'load' operation ('weight_V_load', acceleartor_hls_padding/components.cpp:792) on array 'weight_V' [185]  (3.25 ns)

 <State 8>: 5.48ns
The critical path consists of the following:
	'load' operation ('buffer1_1_48_8x8_p_V_48', acceleartor_hls_padding/components.cpp:792) on array 'buffer1_1_48_8x8_p_V_48' [186]  (2.3 ns)
	'mux' operation ('tmp', acceleartor_hls_padding/components.cpp:792) [234]  (3.18 ns)

 <State 9>: 6.38ns
The critical path consists of the following:
	'mul' operation ('tmp_3', acceleartor_hls_padding/components.cpp:792) [235]  (3.36 ns)
	'add' operation ('sum.V', acceleartor_hls_padding/components.cpp:792) [236]  (3.02 ns)

 <State 10>: 7.89ns
The critical path consists of the following:
	'load' operation ('bias_V_load', acceleartor_hls_padding/components.cpp:795) on array 'bias_V' [241]  (2.32 ns)
	'add' operation ('result.V', acceleartor_hls_padding/components.cpp:795) [242]  (2.32 ns)
	'store' operation (acceleartor_hls_padding/components.cpp:796) of variable 'result.V', acceleartor_hls_padding/components.cpp:795 on array 'output_V' [243]  (3.25 ns)


============================================================
+ Verbose Summary: Binding
============================================================
N/A
* FSMD analyzer results:
  - Output states:
 - Input state : 
  - Chain level:
	State 1
	State 2
	State 3
	State 4
	State 5
	State 6
	State 7
	State 8
	State 9
	State 10


============================================================
+ Verbose Summary: Datapath Resource usage 
============================================================
N/A
