

================================================================
== Vivado HLS Report for 'subconv_1x1_4_p'
================================================================
* Date:           Sat Dec 15 03:40:14 2018

* Version:        2017.2 (Build 1909853 on Thu Jun 15 18:55:24 MDT 2017)
* Project:        acceleartor_hls_padding
* Solution:       naive
* Product family: zynq
* Target device:  xc7z020clg484-1


================================================================
== Performance Estimates
================================================================
+ Timing (ns): 
    * Summary: 
    +--------+-------+----------+------------+
    |  Clock | Target| Estimated| Uncertainty|
    +--------+-------+----------+------------+
    |ap_clk  |  10.00|      8.46|        1.25|
    +--------+-------+----------+------------+

+ Latency (clock cycles): 
    * Summary: 
    +---------+---------+---------+---------+---------+
    |      Latency      |      Interval     | Pipeline|
    |   min   |   max   |   min   |   max   |   Type  |
    +---------+---------+---------+---------+---------+
    |  1040833|  1040833|  1040833|  1040833|   none  |
    +---------+---------+---------+---------+---------+

    + Detail: 
        * Instance: 
        N/A

        * Loop: 
        +---------------------+---------+---------+----------+-----------+-----------+------+----------+
        |                     |      Latency      | Iteration|  Initiation Interval  | Trip |          |
        |      Loop Name      |   min   |   max   |  Latency |  achieved |   target  | Count| Pipelined|
        +---------------------+---------+---------+----------+-----------+-----------+------+----------+
        |- Loop 1             |  1040832|  1040832|     10842|          -|          -|    96|    no    |
        | + Loop 1.1          |    10840|    10840|      2710|          -|          -|     4|    no    |
        |  ++ Loop 1.1.1      |     2708|     2708|       677|          -|          -|     4|    no    |
        |   +++ Loop 1.1.1.1  |      672|      672|         7|          -|          -|    96|    no    |
        +---------------------+---------+---------+----------+-----------+-----------+------+----------+

============================================================
+ Verbose Summary: Synthesis Manager
============================================================
InlineROM: 1
ExposeGlobal: 0
============================================================
+ Verbose Summary: CDFG Model
============================================================
IsTopModel: 0
ResetActiveHigh: 1
IsCombinational: 0
IsDatapathOnly: 0
HasWiredReturn: 1
HasMFsm: 0
HasVarLatency: 1
IsPipeline: 0
IsRtlPipelined: 0
IsInstanceOverlapped: 0
IsDontTouch: 0
HasImplIP: 0
IsGatedGlobalClock: 0


============================================================
+ Verbose Summary: Schedule
============================================================
* Number of FSM states: 14
* Pipeline: 0
* Dataflow Pipeline: 0

* FSM state transitions: 
1 --> 
	2  / true
2 --> 
	3  / (!exitcond4)
3 --> 
	4  / (!exitcond5)
	2  / (exitcond5)
4 --> 
	5  / (!exitcond6)
	3  / (exitcond6)
5 --> 
	6  / (!exitcond)
	12  / (exitcond)
6 --> 
	7  / true
7 --> 
	8  / true
8 --> 
	9  / true
9 --> 
	10  / true
10 --> 
	11  / true
11 --> 
	5  / true
12 --> 
	13  / true
13 --> 
	14  / true
14 --> 
	4  / true
* FSM state operations: 

 <State 1>: 1.59ns
ST_1: StgValue_15 (5)  [1/1] 1.59ns  loc: acceleartor_hls_padding/components.cpp:477
:0  br label %.loopexit


 <State 2>: 2.91ns
ST_2: co (7)  [1/1] 0.00ns
.loopexit:0  %co = phi i7 [ 0, %0 ], [ %co_9, %.loopexit.loopexit ]

ST_2: exitcond4 (8)  [1/1] 2.91ns  loc: acceleartor_hls_padding/components.cpp:477
.loopexit:1  %exitcond4 = icmp eq i7 %co, -32

ST_2: empty (9)  [1/1] 0.00ns
.loopexit:2  %empty = call i32 (...)* @_ssdm_op_SpecLoopTripCount(i64 96, i64 96, i64 96)

ST_2: co_9 (10)  [1/1] 2.32ns  loc: acceleartor_hls_padding/components.cpp:477
.loopexit:3  %co_9 = add i7 %co, 1

ST_2: StgValue_20 (11)  [1/1] 0.00ns  loc: acceleartor_hls_padding/components.cpp:477
.loopexit:4  br i1 %exitcond4, label %3, label %.preheader61.preheader

ST_2: tmp (13)  [1/1] 0.00ns  loc: acceleartor_hls_padding/components.cpp:482
.preheader61.preheader:0  %tmp = zext i7 %co to i64

ST_2: tmp_s (14)  [1/1] 0.00ns  loc: acceleartor_hls_padding/components.cpp:477
.preheader61.preheader:1  %tmp_s = call i14 @_ssdm_op_BitConcatenate.i14.i7.i7(i7 %co, i7 0)

ST_2: p_shl2_cast (15)  [1/1] 0.00ns  loc: acceleartor_hls_padding/components.cpp:477
.preheader61.preheader:2  %p_shl2_cast = zext i14 %tmp_s to i15

ST_2: tmp_165 (16)  [1/1] 0.00ns  loc: acceleartor_hls_padding/components.cpp:477
.preheader61.preheader:3  %tmp_165 = call i12 @_ssdm_op_BitConcatenate.i12.i7.i5(i7 %co, i5 0)

ST_2: p_shl3_cast (17)  [1/1] 0.00ns  loc: acceleartor_hls_padding/components.cpp:482
.preheader61.preheader:4  %p_shl3_cast = zext i12 %tmp_165 to i15

ST_2: tmp_166 (18)  [1/1] 2.34ns  loc: acceleartor_hls_padding/components.cpp:482
.preheader61.preheader:5  %tmp_166 = sub i15 %p_shl2_cast, %p_shl3_cast

ST_2: tmp_167 (19)  [1/1] 0.00ns  loc: acceleartor_hls_padding/components.cpp:477
.preheader61.preheader:6  %tmp_167 = call i10 @_ssdm_op_BitConcatenate.i10.i7.i3(i7 %co, i3 0)

ST_2: p_shl_cast (20)  [1/1] 0.00ns  loc: acceleartor_hls_padding/components.cpp:477
.preheader61.preheader:7  %p_shl_cast = zext i10 %tmp_167 to i11

ST_2: tmp_168 (21)  [1/1] 0.00ns  loc: acceleartor_hls_padding/components.cpp:477
.preheader61.preheader:8  %tmp_168 = call i8 @_ssdm_op_BitConcatenate.i8.i7.i1(i7 %co, i1 false)

ST_2: p_shl1_cast (22)  [1/1] 0.00ns  loc: acceleartor_hls_padding/components.cpp:485
.preheader61.preheader:9  %p_shl1_cast = zext i8 %tmp_168 to i11

ST_2: tmp_169 (23)  [1/1] 2.32ns  loc: acceleartor_hls_padding/components.cpp:485
.preheader61.preheader:10  %tmp_169 = sub i11 %p_shl_cast, %p_shl1_cast

ST_2: tmp_187_cast (24)  [1/1] 0.00ns  loc: acceleartor_hls_padding/components.cpp:485
.preheader61.preheader:11  %tmp_187_cast = sext i11 %tmp_169 to i12

ST_2: bias_V_addr (25)  [1/1] 0.00ns  loc: acceleartor_hls_padding/components.cpp:484
.preheader61.preheader:12  %bias_V_addr = getelementptr [96 x i8]* %bias_V, i64 0, i64 %tmp

ST_2: StgValue_34 (26)  [1/1] 1.59ns  loc: acceleartor_hls_padding/components.cpp:478
.preheader61.preheader:13  br label %.preheader61

ST_2: StgValue_35 (147)  [1/1] 0.00ns  loc: acceleartor_hls_padding/components.cpp:489
:0  ret void


 <State 3>: 4.66ns
ST_3: h (28)  [1/1] 0.00ns
.preheader61:0  %h = phi i3 [ %h_9, %2 ], [ 1, %.preheader61.preheader ]

ST_3: exitcond5 (29)  [1/1] 2.07ns  loc: acceleartor_hls_padding/components.cpp:478
.preheader61:1  %exitcond5 = icmp eq i3 %h, -3

ST_3: empty_56 (30)  [1/1] 0.00ns
.preheader61:2  %empty_56 = call i32 (...)* @_ssdm_op_SpecLoopTripCount(i64 4, i64 4, i64 4)

ST_3: StgValue_39 (31)  [1/1] 0.00ns  loc: acceleartor_hls_padding/components.cpp:478
.preheader61:3  br i1 %exitcond5, label %.loopexit.loopexit, label %.preheader.preheader

ST_3: tmp_cast (33)  [1/1] 0.00ns  loc: acceleartor_hls_padding/components.cpp:485
.preheader.preheader:0  %tmp_cast = zext i3 %h to i12

ST_3: tmp_170 (34)  [1/1] 2.33ns  loc: acceleartor_hls_padding/components.cpp:485
.preheader.preheader:1  %tmp_170 = add i12 %tmp_cast, %tmp_187_cast

ST_3: tmp_171 (35)  [1/1] 0.00ns  loc: acceleartor_hls_padding/components.cpp:485
.preheader.preheader:2  %tmp_171 = trunc i12 %tmp_170 to i10

ST_3: p_shl4_cast (36)  [1/1] 0.00ns  loc: acceleartor_hls_padding/components.cpp:485
.preheader.preheader:3  %p_shl4_cast = call i13 @_ssdm_op_BitConcatenate.i13.i10.i3(i10 %tmp_171, i3 0)

ST_3: p_shl5_cast (37)  [1/1] 0.00ns  loc: acceleartor_hls_padding/components.cpp:485
.preheader.preheader:4  %p_shl5_cast = call i13 @_ssdm_op_BitConcatenate.i13.i12.i1(i12 %tmp_170, i1 false)

ST_3: tmp_172 (38)  [1/1] 2.34ns  loc: acceleartor_hls_padding/components.cpp:485
.preheader.preheader:5  %tmp_172 = sub i13 %p_shl4_cast, %p_shl5_cast

ST_3: StgValue_46 (39)  [1/1] 1.59ns  loc: acceleartor_hls_padding/components.cpp:479
.preheader.preheader:6  br label %.preheader

ST_3: StgValue_47 (145)  [1/1] 0.00ns
.loopexit.loopexit:0  br label %.loopexit


 <State 4>: 2.34ns
ST_4: w (41)  [1/1] 0.00ns
.preheader:0  %w = phi i3 [ %w_9, %_ifconv1 ], [ 1, %.preheader.preheader ]

ST_4: exitcond6 (42)  [1/1] 2.07ns  loc: acceleartor_hls_padding/components.cpp:479
.preheader:1  %exitcond6 = icmp eq i3 %w, -3

ST_4: empty_57 (43)  [1/1] 0.00ns
.preheader:2  %empty_57 = call i32 (...)* @_ssdm_op_SpecLoopTripCount(i64 4, i64 4, i64 4)

ST_4: StgValue_51 (44)  [1/1] 0.00ns  loc: acceleartor_hls_padding/components.cpp:479
.preheader:3  br i1 %exitcond6, label %2, label %_ZrsILi32ELb0EE11ap_int_baseIXT_EXT0_EXleT_Li64EEERKS1_i.exit1._crit_edge.i.i78

ST_4: tmp_128_cast (46)  [1/1] 0.00ns  loc: acceleartor_hls_padding/components.cpp:485
_ZrsILi32ELb0EE11ap_int_baseIXT_EXT0_EXleT_Li64EEERKS1_i.exit1._crit_edge.i.i78:0  %tmp_128_cast = zext i3 %w to i13

ST_4: tmp_173 (47)  [1/1] 2.34ns  loc: acceleartor_hls_padding/components.cpp:485
_ZrsILi32ELb0EE11ap_int_baseIXT_EXT0_EXleT_Li64EEERKS1_i.exit1._crit_edge.i.i78:1  %tmp_173 = add i13 %tmp_172, %tmp_128_cast

ST_4: tmp_192_cast (48)  [1/1] 0.00ns  loc: acceleartor_hls_padding/components.cpp:485
_ZrsILi32ELb0EE11ap_int_baseIXT_EXT0_EXleT_Li64EEERKS1_i.exit1._crit_edge.i.i78:2  %tmp_192_cast = zext i13 %tmp_173 to i64

ST_4: output_V_addr (49)  [1/1] 0.00ns  loc: acceleartor_hls_padding/components.cpp:485
_ZrsILi32ELb0EE11ap_int_baseIXT_EXT0_EXleT_Li64EEERKS1_i.exit1._crit_edge.i.i78:3  %output_V_addr = getelementptr [3456 x i8]* %output_V, i64 0, i64 %tmp_192_cast

ST_4: StgValue_56 (50)  [1/1] 1.59ns  loc: acceleartor_hls_padding/components.cpp:481
_ZrsILi32ELb0EE11ap_int_baseIXT_EXT0_EXleT_Li64EEERKS1_i.exit1._crit_edge.i.i78:4  br label %1

ST_4: h_9 (142)  [1/1] 2.26ns  loc: acceleartor_hls_padding/components.cpp:478
:0  %h_9 = add i3 %h, 1

ST_4: StgValue_58 (143)  [1/1] 0.00ns  loc: acceleartor_hls_padding/components.cpp:478
:1  br label %.preheader61


 <State 5>: 8.46ns
ST_5: p_Val2_s (52)  [1/1] 0.00ns
:0  %p_Val2_s = phi i8 [ 0, %_ZrsILi32ELb0EE11ap_int_baseIXT_EXT0_EXleT_Li64EEERKS1_i.exit1._crit_edge.i.i78 ], [ %sum_V, %_ifconv ]

ST_5: ci (53)  [1/1] 0.00ns
:1  %ci = phi i7 [ 0, %_ZrsILi32ELb0EE11ap_int_baseIXT_EXT0_EXleT_Li64EEERKS1_i.exit1._crit_edge.i.i78 ], [ %ci_3, %_ifconv ]

ST_5: exitcond (54)  [1/1] 2.91ns  loc: acceleartor_hls_padding/components.cpp:481
:2  %exitcond = icmp eq i7 %ci, -32

ST_5: empty_58 (55)  [1/1] 0.00ns
:3  %empty_58 = call i32 (...)* @_ssdm_op_SpecLoopTripCount(i64 96, i64 96, i64 96)

ST_5: ci_3 (56)  [1/1] 2.32ns  loc: acceleartor_hls_padding/components.cpp:481
:4  %ci_3 = add i7 %ci, 1

ST_5: StgValue_64 (57)  [1/1] 0.00ns  loc: acceleartor_hls_padding/components.cpp:481
:5  br i1 %exitcond, label %_ifconv1, label %_ifconv

ST_5: tmp_133_cast (59)  [1/1] 0.00ns  loc: acceleartor_hls_padding/components.cpp:481
_ifconv:0  %tmp_133_cast = zext i7 %ci to i15

ST_5: tmp_174 (60)  [1/1] 0.00ns  loc: acceleartor_hls_padding/components.cpp:481
_ifconv:1  %tmp_174 = call i10 @_ssdm_op_BitConcatenate.i10.i7.i3(i7 %ci, i3 0)

ST_5: p_shl8_cast (61)  [1/1] 0.00ns  loc: acceleartor_hls_padding/components.cpp:481
_ifconv:2  %p_shl8_cast = zext i10 %tmp_174 to i11

ST_5: tmp_175 (62)  [1/1] 0.00ns  loc: acceleartor_hls_padding/components.cpp:481
_ifconv:3  %tmp_175 = call i8 @_ssdm_op_BitConcatenate.i8.i7.i1(i7 %ci, i1 false)

ST_5: p_shl9_cast (63)  [1/1] 0.00ns  loc: acceleartor_hls_padding/components.cpp:482
_ifconv:4  %p_shl9_cast = zext i8 %tmp_175 to i11

ST_5: tmp_177 (64)  [1/1] 2.32ns  loc: acceleartor_hls_padding/components.cpp:482
_ifconv:5  %tmp_177 = sub i11 %p_shl8_cast, %p_shl9_cast

ST_5: tmp_195_cast (65)  [1/1] 0.00ns  loc: acceleartor_hls_padding/components.cpp:482
_ifconv:6  %tmp_195_cast = sext i11 %tmp_177 to i12

ST_5: tmp_178 (66)  [1/1] 2.33ns  loc: acceleartor_hls_padding/components.cpp:482
_ifconv:7  %tmp_178 = add i12 %tmp_cast, %tmp_195_cast

ST_5: tmp_179 (67)  [1/1] 0.00ns  loc: acceleartor_hls_padding/components.cpp:482
_ifconv:8  %tmp_179 = trunc i12 %tmp_178 to i10

ST_5: p_shl6_cast (68)  [1/1] 0.00ns  loc: acceleartor_hls_padding/components.cpp:482
_ifconv:9  %p_shl6_cast = call i13 @_ssdm_op_BitConcatenate.i13.i10.i3(i10 %tmp_179, i3 0)

ST_5: p_shl7_cast (69)  [1/1] 0.00ns  loc: acceleartor_hls_padding/components.cpp:482
_ifconv:10  %p_shl7_cast = call i13 @_ssdm_op_BitConcatenate.i13.i12.i1(i12 %tmp_178, i1 false)

ST_5: tmp_180 (70)  [1/1] 1.91ns  loc: acceleartor_hls_padding/components.cpp:482
_ifconv:11  %tmp_180 = sub i13 %p_shl6_cast, %p_shl7_cast

ST_5: tmp_181 (71)  [1/1] 1.91ns  loc: acceleartor_hls_padding/components.cpp:482
_ifconv:12  %tmp_181 = add i13 %tmp_128_cast, %tmp_180

ST_5: tmp_182 (74)  [1/1] 2.35ns  loc: acceleartor_hls_padding/components.cpp:482
_ifconv:15  %tmp_182 = add i15 %tmp_133_cast, %tmp_166

ST_5: tmp_201_cast (75)  [1/1] 0.00ns  loc: acceleartor_hls_padding/components.cpp:482
_ifconv:16  %tmp_201_cast = sext i15 %tmp_182 to i64

ST_5: weight_V_addr (76)  [1/1] 0.00ns  loc: acceleartor_hls_padding/components.cpp:482
_ifconv:17  %weight_V_addr = getelementptr [9216 x i8]* %weight_V, i64 0, i64 %tmp_201_cast

ST_5: weight_V_load (77)  [2/2] 3.25ns  loc: acceleartor_hls_padding/components.cpp:482
_ifconv:18  %weight_V_load = load i8* %weight_V_addr, align 1

ST_5: p_Val2_58 (120)  [2/2] 2.30ns  loc: acceleartor_hls_padding/components.cpp:484
_ifconv1:1  %p_Val2_58 = load i8* %bias_V_addr, align 1

ST_5: w_9 (139)  [1/1] 2.26ns  loc: acceleartor_hls_padding/components.cpp:479
_ifconv1:20  %w_9 = add i3 1, %w


 <State 6>: 3.25ns
ST_6: tmp_200_cast (72)  [1/1] 0.00ns  loc: acceleartor_hls_padding/components.cpp:482
_ifconv:13  %tmp_200_cast = zext i13 %tmp_181 to i64

ST_6: input_V_addr (73)  [1/1] 0.00ns  loc: acceleartor_hls_padding/components.cpp:482
_ifconv:14  %input_V_addr = getelementptr [3456 x i8]* %input_V, i64 0, i64 %tmp_200_cast

ST_6: weight_V_load (77)  [1/2] 3.25ns  loc: acceleartor_hls_padding/components.cpp:482
_ifconv:18  %weight_V_load = load i8* %weight_V_addr, align 1

ST_6: input_V_load (79)  [2/2] 3.25ns  loc: acceleartor_hls_padding/components.cpp:482
_ifconv:20  %input_V_load = load i8* %input_V_addr, align 1


 <State 7>: 3.25ns
ST_7: input_V_load (79)  [1/2] 3.25ns  loc: acceleartor_hls_padding/components.cpp:482
_ifconv:20  %input_V_load = load i8* %input_V_addr, align 1


 <State 8>: 6.43ns
ST_8: OP1_V (78)  [1/1] 0.00ns  loc: acceleartor_hls_padding/components.cpp:482
_ifconv:19  %OP1_V = sext i8 %weight_V_load to i16

ST_8: OP2_V (80)  [1/1] 0.00ns  loc: acceleartor_hls_padding/components.cpp:482
_ifconv:21  %OP2_V = sext i8 %input_V_load to i16

ST_8: p_Val2_61 (81)  [1/1] 6.43ns  loc: acceleartor_hls_padding/components.cpp:482
_ifconv:22  %p_Val2_61 = mul i16 %OP1_V, %OP2_V

ST_8: tmp_184 (87)  [1/1] 0.00ns  loc: acceleartor_hls_padding/components.cpp:482
_ifconv:28  %tmp_184 = call i1 @_ssdm_op_BitSelect.i1.i16.i32(i16 %p_Val2_61, i32 5)


 <State 9>: 6.78ns
ST_9: tmp_134 (82)  [1/1] 0.00ns  loc: acceleartor_hls_padding/components.cpp:482
_ifconv:23  %tmp_134 = call i14 @_ssdm_op_BitConcatenate.i14.i8.i6(i8 %p_Val2_s, i6 0)

ST_9: tmp_176_cast (83)  [1/1] 0.00ns  loc: acceleartor_hls_padding/components.cpp:482
_ifconv:24  %tmp_176_cast = sext i14 %tmp_134 to i16

ST_9: p_Val2_62 (84)  [1/1] 2.39ns  loc: acceleartor_hls_padding/components.cpp:482
_ifconv:25  %p_Val2_62 = add i16 %tmp_176_cast, %p_Val2_61

ST_9: signbit (85)  [1/1] 0.00ns  loc: acceleartor_hls_padding/components.cpp:482
_ifconv:26  %signbit = call i1 @_ssdm_op_BitSelect.i1.i16.i32(i16 %p_Val2_62, i32 15)

ST_9: p_Val2_63 (86)  [1/1] 0.00ns  loc: acceleartor_hls_padding/components.cpp:482
_ifconv:27  %p_Val2_63 = call i8 @_ssdm_op_PartSelect.i8.i16.i32.i32(i16 %p_Val2_62, i32 6, i32 13)

ST_9: tmp_135 (88)  [1/1] 0.00ns  loc: acceleartor_hls_padding/components.cpp:482
_ifconv:29  %tmp_135 = zext i1 %tmp_184 to i8

ST_9: tmp_185 (89)  [1/1] 0.00ns  loc: acceleartor_hls_padding/components.cpp:482 (grouped into LUT with out node carry)
_ifconv:30  %tmp_185 = call i1 @_ssdm_op_BitSelect.i1.i16.i32(i16 %p_Val2_62, i32 13)

ST_9: p_Val2_64 (90)  [1/1] 2.32ns  loc: acceleartor_hls_padding/components.cpp:482
_ifconv:31  %p_Val2_64 = add i8 %p_Val2_63, %tmp_135

ST_9: newsignbit (91)  [1/1] 0.00ns  loc: acceleartor_hls_padding/components.cpp:482
_ifconv:32  %newsignbit = call i1 @_ssdm_op_BitSelect.i1.i8.i32(i8 %p_Val2_64, i32 7)

ST_9: tmp_136 (92)  [1/1] 0.00ns  loc: acceleartor_hls_padding/components.cpp:482 (grouped into LUT with out node carry)
_ifconv:33  %tmp_136 = xor i1 %newsignbit, true

ST_9: carry (93)  [1/1] 2.07ns  loc: acceleartor_hls_padding/components.cpp:482 (out node of the LUT)
_ifconv:34  %carry = and i1 %tmp_185, %tmp_136

ST_9: tmp_138 (95)  [1/1] 0.00ns  loc: acceleartor_hls_padding/components.cpp:482
_ifconv:36  %tmp_138 = call i2 @_ssdm_op_PartSelect.i2.i16.i32.i32(i16 %p_Val2_62, i32 14, i32 15)


 <State 10>: 8.28ns
ST_10: tmp_187 (94)  [1/1] 0.00ns  loc: acceleartor_hls_padding/components.cpp:482 (grouped into LUT with out node brmerge40_demorgan_i)
_ifconv:35  %tmp_187 = call i1 @_ssdm_op_BitSelect.i1.i16.i32(i16 %p_Val2_62, i32 14)

ST_10: Range1_all_ones (96)  [1/1] 2.07ns  loc: acceleartor_hls_padding/components.cpp:482
_ifconv:37  %Range1_all_ones = icmp eq i2 %tmp_138, -1

ST_10: Range1_all_zeros (97)  [1/1] 2.07ns  loc: acceleartor_hls_padding/components.cpp:482
_ifconv:38  %Range1_all_zeros = icmp eq i2 %tmp_138, 0

ST_10: deleted_zeros (98)  [1/1] 0.00ns  loc: acceleartor_hls_padding/components.cpp:482 (grouped into LUT with out node brmerge_i_i_i)
_ifconv:39  %deleted_zeros = select i1 %carry, i1 %Range1_all_ones, i1 %Range1_all_zeros

ST_10: tmp_137 (99)  [1/1] 0.00ns  loc: acceleartor_hls_padding/components.cpp:482 (grouped into LUT with out node brmerge40_demorgan_i)
_ifconv:40  %tmp_137 = xor i1 %tmp_187, true

ST_10: p_41_i_i (100)  [1/1] 0.00ns  loc: acceleartor_hls_padding/components.cpp:482 (grouped into LUT with out node brmerge40_demorgan_i)
_ifconv:41  %p_41_i_i = and i1 %signbit, %tmp_137

ST_10: deleted_ones (101)  [1/1] 0.00ns  loc: acceleartor_hls_padding/components.cpp:482 (grouped into LUT with out node brmerge40_demorgan_i)
_ifconv:42  %deleted_ones = select i1 %carry, i1 %p_41_i_i, i1 %Range1_all_ones

ST_10: p_38_i_i (102)  [1/1] 2.07ns  loc: acceleartor_hls_padding/components.cpp:482
_ifconv:43  %p_38_i_i = and i1 %carry, %Range1_all_ones

ST_10: p_not_i_i (103)  [1/1] 0.00ns  loc: acceleartor_hls_padding/components.cpp:482 (grouped into LUT with out node brmerge_i_i_i)
_ifconv:44  %p_not_i_i = xor i1 %deleted_zeros, true

ST_10: brmerge_i_i9 (104)  [1/1] 0.00ns  loc: acceleartor_hls_padding/components.cpp:482 (grouped into LUT with out node brmerge_i_i_i)
_ifconv:45  %brmerge_i_i9 = or i1 %newsignbit, %p_not_i_i

ST_10: tmp_139 (105)  [1/1] 2.07ns  loc: acceleartor_hls_padding/components.cpp:482
_ifconv:46  %tmp_139 = xor i1 %signbit, true

ST_10: overflow (106)  [1/1] 0.00ns  loc: acceleartor_hls_padding/components.cpp:482 (grouped into LUT with out node brmerge_i_i_i)
_ifconv:47  %overflow = and i1 %brmerge_i_i9, %tmp_139

ST_10: brmerge40_demorgan_i (107)  [1/1] 2.07ns  loc: acceleartor_hls_padding/components.cpp:482 (out node of the LUT)
_ifconv:48  %brmerge40_demorgan_i = and i1 %newsignbit, %deleted_ones

ST_10: tmp2_demorgan (108)  [1/1] 0.00ns  loc: acceleartor_hls_padding/components.cpp:482 (grouped into LUT with out node underflow)
_ifconv:49  %tmp2_demorgan = or i1 %p_38_i_i, %brmerge40_demorgan_i

ST_10: tmp2 (109)  [1/1] 0.00ns  loc: acceleartor_hls_padding/components.cpp:482 (grouped into LUT with out node underflow)
_ifconv:50  %tmp2 = xor i1 %tmp2_demorgan, true

ST_10: underflow (110)  [1/1] 2.07ns  loc: acceleartor_hls_padding/components.cpp:482 (out node of the LUT)
_ifconv:51  %underflow = and i1 %signbit, %tmp2

ST_10: brmerge_i_i_i (111)  [1/1] 2.07ns  loc: acceleartor_hls_padding/components.cpp:482 (out node of the LUT)
_ifconv:52  %brmerge_i_i_i = or i1 %underflow, %overflow


 <State 11>: 4.14ns
ST_11: tmp3 (112)  [1/1] 0.00ns  loc: acceleartor_hls_padding/components.cpp:482 (grouped into LUT with out node sum_V)
_ifconv:53  %tmp3 = or i1 %brmerge40_demorgan_i, %tmp_139

ST_11: underflow_not (113)  [1/1] 0.00ns  loc: acceleartor_hls_padding/components.cpp:482 (grouped into LUT with out node sum_V)
_ifconv:54  %underflow_not = or i1 %tmp3, %p_38_i_i

ST_11: p_Val2_69_mux (114)  [1/1] 2.07ns  loc: acceleartor_hls_padding/components.cpp:482 (out node of the LUT)
_ifconv:55  %p_Val2_69_mux = select i1 %brmerge_i_i_i, i8 127, i8 %p_Val2_64

ST_11: p_Val2_s_59 (115)  [1/1] 0.00ns  loc: acceleartor_hls_padding/components.cpp:482 (grouped into LUT with out node sum_V)
_ifconv:56  %p_Val2_s_59 = select i1 %underflow, i8 -128, i8 %p_Val2_64

ST_11: sum_V (116)  [1/1] 2.07ns  loc: acceleartor_hls_padding/components.cpp:482 (out node of the LUT)
_ifconv:57  %sum_V = select i1 %underflow_not, i8 %p_Val2_69_mux, i8 %p_Val2_s_59

ST_11: StgValue_127 (117)  [1/1] 0.00ns  loc: acceleartor_hls_padding/components.cpp:481
_ifconv:58  br label %1


 <State 12>: 4.62ns
ST_12: tmp_129 (119)  [1/1] 0.00ns  loc: acceleartor_hls_padding/components.cpp:484
_ifconv1:0  %tmp_129 = sext i8 %p_Val2_s to i9

ST_12: p_Val2_58 (120)  [1/2] 2.30ns  loc: acceleartor_hls_padding/components.cpp:484
_ifconv1:1  %p_Val2_58 = load i8* %bias_V_addr, align 1

ST_12: tmp_130 (121)  [1/1] 0.00ns  loc: acceleartor_hls_padding/components.cpp:484
_ifconv1:2  %tmp_130 = sext i8 %p_Val2_58 to i9

ST_12: p_Val2_59 (122)  [1/1] 2.32ns  loc: acceleartor_hls_padding/components.cpp:484
_ifconv1:3  %p_Val2_59 = add i9 %tmp_130, %tmp_129

ST_12: isneg (123)  [1/1] 0.00ns  loc: acceleartor_hls_padding/components.cpp:484
_ifconv1:4  %isneg = call i1 @_ssdm_op_BitSelect.i1.i9.i32(i9 %p_Val2_59, i32 8)

ST_12: result_V (124)  [1/1] 2.32ns  loc: acceleartor_hls_padding/components.cpp:484
_ifconv1:5  %result_V = add i8 %p_Val2_58, %p_Val2_s

ST_12: newsignbit_9 (125)  [1/1] 0.00ns  loc: acceleartor_hls_padding/components.cpp:484
_ifconv1:6  %newsignbit_9 = call i1 @_ssdm_op_BitSelect.i1.i8.i32(i8 %result_V, i32 7)


 <State 13>: 7.05ns
ST_13: tmp_131 (126)  [1/1] 0.00ns  loc: acceleartor_hls_padding/components.cpp:484 (grouped into LUT with out node p_result_V)
_ifconv1:7  %tmp_131 = xor i1 %newsignbit_9, true

ST_13: underflow_9 (127)  [1/1] 0.00ns  loc: acceleartor_hls_padding/components.cpp:484 (grouped into LUT with out node p_result_V)
_ifconv1:8  %underflow_9 = and i1 %isneg, %tmp_131

ST_13: brmerge_i_i (128)  [1/1] 0.00ns  loc: acceleartor_hls_padding/components.cpp:484 (grouped into LUT with out node result_1)
_ifconv1:9  %brmerge_i_i = xor i1 %isneg, %newsignbit_9

ST_13: isneg_not (129)  [1/1] 0.00ns  loc: acceleartor_hls_padding/components.cpp:484 (grouped into LUT with out node result_1)
_ifconv1:10  %isneg_not = xor i1 %isneg, true

ST_13: brmerge9 (130)  [1/1] 0.00ns  loc: acceleartor_hls_padding/components.cpp:484 (grouped into LUT with out node result_1)
_ifconv1:11  %brmerge9 = or i1 %newsignbit_9, %isneg_not

ST_13: result_V_mux (131)  [1/1] 0.00ns  loc: acceleartor_hls_padding/components.cpp:484 (grouped into LUT with out node result_1)
_ifconv1:12  %result_V_mux = select i1 %brmerge_i_i, i8 127, i8 %result_V

ST_13: p_result_V (132)  [1/1] 2.07ns  loc: acceleartor_hls_padding/components.cpp:484 (out node of the LUT)
_ifconv1:13  %p_result_V = select i1 %underflow_9, i8 -128, i8 %result_V

ST_13: result_1 (133)  [1/1] 2.07ns  loc: acceleartor_hls_padding/components.cpp:484 (out node of the LUT)
_ifconv1:14  %result_1 = select i1 %brmerge9, i8 %result_V_mux, i8 %p_result_V

ST_13: tmp_176 (134)  [1/1] 0.00ns  loc: acceleartor_hls_padding/components.cpp:485
_ifconv1:15  %tmp_176 = trunc i8 %result_1 to i7

ST_13: tmp_132 (135)  [1/1] 2.91ns  loc: acceleartor_hls_padding/components.cpp:485
_ifconv1:16  %tmp_132 = icmp sgt i8 %result_1, 0


 <State 14>: 5.32ns
ST_14: p_s (136)  [1/1] 2.07ns  loc: acceleartor_hls_padding/components.cpp:485
_ifconv1:17  %p_s = select i1 %tmp_132, i7 %tmp_176, i7 0

ST_14: p_cast (137)  [1/1] 0.00ns  loc: acceleartor_hls_padding/components.cpp:485
_ifconv1:18  %p_cast = zext i7 %p_s to i8

ST_14: StgValue_147 (138)  [1/1] 3.25ns  loc: acceleartor_hls_padding/components.cpp:485
_ifconv1:19  store i8 %p_cast, i8* %output_V_addr, align 1

ST_14: StgValue_148 (140)  [1/1] 0.00ns  loc: acceleartor_hls_padding/components.cpp:479
_ifconv1:21  br label %.preheader



============================================================
+ Verbose Summary: Timing violations
============================================================
Target clock period: 10ns, clock uncertainty: 1.25ns.

 <State 1>: 1.59ns
The critical path consists of the following:
	multiplexor before 'phi' operation ('co') with incoming values : ('co', acceleartor_hls_padding/components.cpp:477) [7]  (1.59 ns)

 <State 2>: 2.91ns
The critical path consists of the following:
	'phi' operation ('co') with incoming values : ('co', acceleartor_hls_padding/components.cpp:477) [7]  (0 ns)
	'icmp' operation ('exitcond4', acceleartor_hls_padding/components.cpp:477) [8]  (2.91 ns)

 <State 3>: 4.66ns
The critical path consists of the following:
	'phi' operation ('h') with incoming values : ('h', acceleartor_hls_padding/components.cpp:478) [28]  (0 ns)
	'add' operation ('tmp_170', acceleartor_hls_padding/components.cpp:485) [34]  (2.33 ns)
	'sub' operation ('tmp_172', acceleartor_hls_padding/components.cpp:485) [38]  (2.34 ns)

 <State 4>: 2.34ns
The critical path consists of the following:
	'phi' operation ('w') with incoming values : ('w', acceleartor_hls_padding/components.cpp:479) [41]  (0 ns)
	'add' operation ('tmp_173', acceleartor_hls_padding/components.cpp:485) [47]  (2.34 ns)

 <State 5>: 8.46ns
The critical path consists of the following:
	'phi' operation ('ci') with incoming values : ('ci', acceleartor_hls_padding/components.cpp:481) [53]  (0 ns)
	'sub' operation ('tmp_177', acceleartor_hls_padding/components.cpp:482) [64]  (2.32 ns)
	'add' operation ('tmp_178', acceleartor_hls_padding/components.cpp:482) [66]  (2.33 ns)
	'sub' operation ('tmp_180', acceleartor_hls_padding/components.cpp:482) [70]  (1.91 ns)
	'add' operation ('tmp_181', acceleartor_hls_padding/components.cpp:482) [71]  (1.91 ns)

 <State 6>: 3.25ns
The critical path consists of the following:
	'getelementptr' operation ('input_V_addr', acceleartor_hls_padding/components.cpp:482) [73]  (0 ns)
	'load' operation ('input_V_load', acceleartor_hls_padding/components.cpp:482) on array 'input_V' [79]  (3.25 ns)

 <State 7>: 3.25ns
The critical path consists of the following:
	'load' operation ('input_V_load', acceleartor_hls_padding/components.cpp:482) on array 'input_V' [79]  (3.25 ns)

 <State 8>: 6.43ns
The critical path consists of the following:
	'mul' operation ('__Val2__', acceleartor_hls_padding/components.cpp:482) [81]  (6.43 ns)

 <State 9>: 6.78ns
The critical path consists of the following:
	'add' operation ('__Val2__', acceleartor_hls_padding/components.cpp:482) [84]  (2.39 ns)
	'add' operation ('__Val2__', acceleartor_hls_padding/components.cpp:482) [90]  (2.32 ns)
	'xor' operation ('tmp_136', acceleartor_hls_padding/components.cpp:482) [92]  (0 ns)
	'and' operation ('carry', acceleartor_hls_padding/components.cpp:482) [93]  (2.07 ns)

 <State 10>: 8.28ns
The critical path consists of the following:
	'icmp' operation ('Range1_all_ones', acceleartor_hls_padding/components.cpp:482) [96]  (2.07 ns)
	'and' operation ('p_38_i_i', acceleartor_hls_padding/components.cpp:482) [102]  (2.07 ns)
	'or' operation ('tmp2_demorgan', acceleartor_hls_padding/components.cpp:482) [108]  (0 ns)
	'xor' operation ('tmp2', acceleartor_hls_padding/components.cpp:482) [109]  (0 ns)
	'and' operation ('underflow', acceleartor_hls_padding/components.cpp:482) [110]  (2.07 ns)
	'or' operation ('brmerge_i_i_i', acceleartor_hls_padding/components.cpp:482) [111]  (2.07 ns)

 <State 11>: 4.14ns
The critical path consists of the following:
	'select' operation ('p_Val2_69_mux', acceleartor_hls_padding/components.cpp:482) [114]  (2.07 ns)
	'select' operation ('sum.V', acceleartor_hls_padding/components.cpp:482) [116]  (2.07 ns)

 <State 12>: 4.62ns
The critical path consists of the following:
	'load' operation ('__Val2__', acceleartor_hls_padding/components.cpp:484) on array 'bias_V' [120]  (2.3 ns)
	'add' operation ('__Val2__', acceleartor_hls_padding/components.cpp:484) [122]  (2.32 ns)

 <State 13>: 7.05ns
The critical path consists of the following:
	'xor' operation ('tmp_131', acceleartor_hls_padding/components.cpp:484) [126]  (0 ns)
	'and' operation ('underflow', acceleartor_hls_padding/components.cpp:484) [127]  (0 ns)
	'select' operation ('p_result_V', acceleartor_hls_padding/components.cpp:484) [132]  (2.07 ns)
	'select' operation ('result_1', acceleartor_hls_padding/components.cpp:484) [133]  (2.07 ns)
	'icmp' operation ('tmp_132', acceleartor_hls_padding/components.cpp:485) [135]  (2.91 ns)

 <State 14>: 5.32ns
The critical path consists of the following:
	'select' operation ('p_s', acceleartor_hls_padding/components.cpp:485) [136]  (2.07 ns)
	'store' operation (acceleartor_hls_padding/components.cpp:485) of variable 'p_cast', acceleartor_hls_padding/components.cpp:485 on array 'output_V' [138]  (3.25 ns)


============================================================
+ Verbose Summary: Binding
============================================================
N/A
* FSMD analyzer results:
  - Output states:
 - Input state : 
  - Chain level:
	State 1
	State 2
	State 3
	State 4
	State 5
	State 6
	State 7
	State 8
	State 9
	State 10
	State 11
	State 12
	State 13
	State 14


============================================================
+ Verbose Summary: Datapath Resource usage 
============================================================
N/A
