

================================================================
== Vivado HLS Report for 'subconv_1x1_16p_p'
================================================================
* Date:           Thu Dec 13 17:50:47 2018

* Version:        2017.2 (Build 1909853 on Thu Jun 15 18:55:24 MDT 2017)
* Project:        acceleartor_hls_padding
* Solution:       naive
* Product family: zynq
* Target device:  xc7z020clg484-1


================================================================
== Performance Estimates
================================================================
+ Timing (ns): 
    * Summary: 
    +--------+-------+----------+------------+
    |  Clock | Target| Estimated| Uncertainty|
    +--------+-------+----------+------------+
    |ap_clk  |  10.00|      8.53|        1.25|
    +--------+-------+----------+------------+

+ Latency (clock cycles): 
    * Summary: 
    +---------+---------+---------+---------+---------+
    |      Latency      |      Interval     | Pipeline|
    |   min   |   max   |   min   |   max   |   Type  |
    +---------+---------+---------+---------+---------+
    |  7202401|  7202401|  7202401|  7202401|   none  |
    +---------+---------+---------+---------+---------+

    + Detail: 
        * Instance: 
        N/A

        * Loop: 
        +---------------------+---------+---------+----------+-----------+-----------+------+----------+
        |                     |      Latency      | Iteration|  Initiation Interval  | Trip |          |
        |      Loop Name      |   min   |   max   |  Latency |  achieved |   target  | Count| Pipelined|
        +---------------------+---------+---------+----------+-----------+-----------+------+----------+
        |- Loop 1             |  7202400|  7202400|    150050|          -|          -|    48|    no    |
        | + Loop 1.1          |   150048|   150048|      9378|          -|          -|    16|    no    |
        |  ++ Loop 1.1.1      |     9376|     9376|       586|          -|          -|    16|    no    |
        |   +++ Loop 1.1.1.1  |      576|      576|        12|          -|          -|    48|    no    |
        +---------------------+---------+---------+----------+-----------+-----------+------+----------+



================================================================
== Utilization Estimates
================================================================
* Summary: 
+-----------------+---------+-------+--------+-------+
|       Name      | BRAM_18K| DSP48E|   FF   |  LUT  |
+-----------------+---------+-------+--------+-------+
|DSP              |        -|      -|       -|      -|
|Expression       |        -|      -|     350|    261|
|FIFO             |        -|      -|       -|      -|
|Instance         |        -|      5|     414|    950|
|Memory           |        -|      -|       -|      -|
|Multiplexer      |        -|      -|       -|    173|
|Register         |        -|      -|     347|      -|
+-----------------+---------+-------+--------+-------+
|Total            |        0|      5|    1111|   1384|
+-----------------+---------+-------+--------+-------+
|Available        |      280|    220|  106400|  53200|
+-----------------+---------+-------+--------+-------+
|Utilization (%)  |        0|      2|       1|      2|
+-----------------+---------+-------+--------+-------+

+ Detail: 
    * Instance: 
    +----------------------------+----------------------+---------+-------+-----+-----+
    |          Instance          |        Module        | BRAM_18K| DSP48E|  FF | LUT |
    +----------------------------+----------------------+---------+-------+-----+-----+
    |ShuffleNetV2_faddbkb_x_U41  |ShuffleNetV2_faddbkb  |        0|      2|  205|  390|
    |ShuffleNetV2_fcmpdEe_x_U43  |ShuffleNetV2_fcmpdEe  |        0|      0|   66|  239|
    |ShuffleNetV2_fmulcud_x_U42  |ShuffleNetV2_fmulcud  |        0|      3|  143|  321|
    +----------------------------+----------------------+---------+-------+-----+-----+
    |Total                       |                      |        0|      5|  414|  950|
    +----------------------------+----------------------+---------+-------+-----+-----+

    * DSP48: 
    N/A

    * Memory: 
    N/A

    * FIFO: 
    N/A

    * Expression: 
    +-------------------------+----------+-------+----+----+------------+------------+
    |      Variable Name      | Operation| DSP48E| FF | LUT| Bitwidth P0| Bitwidth P1|
    +-------------------------+----------+-------+----+----+------------+------------+
    |ci_5_fu_312_p2           |     +    |      0|  23|  11|           6|           1|
    |co_11_fu_176_p2          |     +    |      0|  23|  11|           6|           1|
    |h_11_fu_300_p2           |     +    |      0|  20|  10|           5|           1|
    |tmp_159_fu_233_p2        |     +    |      0|  38|  16|          11|          11|
    |tmp_160_fu_249_p2        |     +    |      0|  38|  16|          11|          11|
    |tmp_161_fu_274_p2        |     +    |      0|  50|  20|          15|          15|
    |tmp_162_fu_290_p2        |     +    |      0|  50|  20|          15|          15|
    |tmp_163_fu_322_p2        |     +    |      0|  44|  18|          13|          13|
    |tmp_166_fu_351_p2        |     +    |      0|   0|  12|          11|          11|
    |tmp_167_fu_357_p2        |     +    |      0|   0|  12|          11|          11|
    |tmp_168_fu_382_p2        |     +    |      0|   0|  12|          15|          15|
    |tmp_169_fu_388_p2        |     +    |      0|   0|  12|          15|          15|
    |w_11_fu_393_p2           |     +    |      0|  20|  10|           1|           5|
    |tmp_157_fu_215_p2        |     -    |      0|  44|  18|          13|          13|
    |tmp_25_fu_442_p2         |    and   |      0|   0|   2|           1|           1|
    |exitcond1_fu_280_p2      |   icmp   |      0|   0|   2|           5|           5|
    |exitcond2_fu_239_p2      |   icmp   |      0|   0|   2|           5|           5|
    |exitcond3_fu_170_p2      |   icmp   |      0|   0|   3|           6|           6|
    |exitcond_fu_306_p2       |   icmp   |      0|   0|   3|           6|           6|
    |notlhs_fu_424_p2         |   icmp   |      0|   0|   4|           8|           2|
    |notrhs_fu_430_p2         |   icmp   |      0|   0|  13|          23|           1|
    |tmp_23_fu_436_p2         |    or    |      0|   0|   2|           1|           1|
    |ShuffleConvs_1_Downs_d0  |  select  |      0|   0|  32|           1|          32|
    +-------------------------+----------+-------+----+----+------------+------------+
    |Total                    |          |      0| 350| 261|         204|         197|
    +-------------------------+----------+-------+----+----+------------+------------+

    * Multiplexer: 
    +---------------+-----+-----------+-----+-----------+
    |      Name     | LUT | Input Size| Bits| Total Bits|
    +---------------+-----+-----------+-----+-----------+
    |ap_NS_fsm      |  113|         25|    1|         25|
    |ci_reg_145     |    9|          2|    6|         12|
    |co_reg_98      |    9|          2|    6|         12|
    |grp_fu_156_p1  |   15|          3|   32|         96|
    |h_reg_109      |    9|          2|    5|         10|
    |sum_reg_133    |    9|          2|   32|         64|
    |w_reg_121      |    9|          2|    5|         10|
    +---------------+-----+-----------+-----+-----------+
    |Total          |  173|         38|   87|        229|
    +---------------+-----+-----------+-----+-----------+

    * Register: 
    +--------------------------------+----+----+-----+-----------+
    |              Name              | FF | LUT| Bits| Const Bits|
    +--------------------------------+----+----+-----+-----------+
    |ShuffleConvs_1_Downs_reg_499    |  14|   0|   14|          0|
    |ap_CS_fsm                       |  24|   0|   24|          0|
    |bias_addr_reg_473               |   6|   0|    6|          0|
    |bias_load_reg_562               |  32|   0|   32|          0|
    |ci_5_reg_512                    |   6|   0|    6|          0|
    |ci_reg_145                      |   6|   0|    6|          0|
    |co_11_reg_458                   |   6|   0|    6|          0|
    |co_reg_98                       |   6|   0|    6|          0|
    |h_reg_109                       |   5|   0|    5|          0|
    |result_reg_567                  |  32|   0|   32|          0|
    |shuffleunit0_2_outpu_1_reg_547  |  32|   0|   32|          0|
    |sum_reg_133                     |  32|   0|   32|          0|
    |tmp_157_reg_463                 |   9|   0|   13|          4|
    |tmp_159_reg_468                 |  10|   0|   11|          1|
    |tmp_161_reg_486                 |  14|   0|   15|          1|
    |tmp_163_reg_517                 |  13|   0|   13|          0|
    |tmp_169_reg_522                 |  15|   0|   15|          0|
    |tmp_24_reg_574                  |   1|   0|    1|          0|
    |tmp_67_cast_reg_494             |   5|   0|   15|         10|
    |tmp_69_reg_552                  |  32|   0|   32|          0|
    |tmp_cast_reg_481                |   5|   0|   11|          6|
    |w_11_reg_527                    |   5|   0|    5|          0|
    |w_reg_121                       |   5|   0|    5|          0|
    |weight_load_reg_542             |  32|   0|   32|          0|
    +--------------------------------+----+----+-----+-----------+
    |Total                           | 347|   0|  369|         22|
    +--------------------------------+----+----+-----+-----------+



================================================================
== Interface
================================================================
* Summary: 
+-------------------------------+-----+-----+------------+----------------------+--------------+
|           RTL Ports           | Dir | Bits|  Protocol  |     Source Object    |    C Type    |
+-------------------------------+-----+-----+------------+----------------------+--------------+
|ap_clk                         |  in |    1| ap_ctrl_hs |   subconv_1x1_16p_p  | return value |
|ap_rst                         |  in |    1| ap_ctrl_hs |   subconv_1x1_16p_p  | return value |
|ap_start                       |  in |    1| ap_ctrl_hs |   subconv_1x1_16p_p  | return value |
|ap_done                        | out |    1| ap_ctrl_hs |   subconv_1x1_16p_p  | return value |
|ap_idle                        | out |    1| ap_ctrl_hs |   subconv_1x1_16p_p  | return value |
|ap_ready                       | out |    1| ap_ctrl_hs |   subconv_1x1_16p_p  | return value |
|weight_address0                | out |   12|  ap_memory |        weight        |     array    |
|weight_ce0                     | out |    1|  ap_memory |        weight        |     array    |
|weight_q0                      |  in |   32|  ap_memory |        weight        |     array    |
|bias_address0                  | out |    6|  ap_memory |         bias         |     array    |
|bias_ce0                       | out |    1|  ap_memory |         bias         |     array    |
|bias_q0                        |  in |   32|  ap_memory |         bias         |     array    |
|shuffleunit0_2_outpu_address0  | out |   14|  ap_memory | shuffleunit0_2_outpu |     array    |
|shuffleunit0_2_outpu_ce0       | out |    1|  ap_memory | shuffleunit0_2_outpu |     array    |
|shuffleunit0_2_outpu_q0        |  in |   32|  ap_memory | shuffleunit0_2_outpu |     array    |
|ShuffleConvs_1_Downs_address0  | out |   14|  ap_memory | ShuffleConvs_1_Downs |     array    |
|ShuffleConvs_1_Downs_ce0       | out |    1|  ap_memory | ShuffleConvs_1_Downs |     array    |
|ShuffleConvs_1_Downs_we0       | out |    1|  ap_memory | ShuffleConvs_1_Downs |     array    |
|ShuffleConvs_1_Downs_d0        | out |   32|  ap_memory | ShuffleConvs_1_Downs |     array    |
+-------------------------------+-----+-----+------------+----------------------+--------------+

============================================================
+ Verbose Summary: Synthesis Manager
============================================================
InlineROM: 1
ExposeGlobal: 0
============================================================
+ Verbose Summary: CDFG Model
============================================================
IsTopModel: 0
ResetActiveHigh: 1
IsCombinational: 2
IsDatapathOnly: 2
HasWiredReturn: 1
HasMFsm: 0
HasVarLatency: 1
IsPipeline: 0
IsRtlPipelined: 0
IsInstanceOverlapped: 0
IsDontTouch: 0
HasImplIP: 0
IsGatedGlobalClock: 0


============================================================
+ Verbose Summary: Schedule
============================================================
* Number of FSM states: 24
* Pipeline: 0
* Dataflow Pipeline: 0

* FSM state transitions: 
1 --> 
	2  / true
2 --> 
	3  / (!exitcond3)
3 --> 
	4  / (!exitcond2)
	2  / (exitcond2)
4 --> 
	5  / (!exitcond1)
	3  / (exitcond1)
5 --> 
	6  / (!exitcond)
	17  / (exitcond)
6 --> 
	7  / true
7 --> 
	8  / true
8 --> 
	9  / true
9 --> 
	10  / true
10 --> 
	11  / true
11 --> 
	12  / true
12 --> 
	13  / true
13 --> 
	14  / true
14 --> 
	15  / true
15 --> 
	16  / true
16 --> 
	5  / true
17 --> 
	18  / true
18 --> 
	19  / true
19 --> 
	20  / true
20 --> 
	21  / true
21 --> 
	22  / true
22 --> 
	23  / true
23 --> 
	24  / true
24 --> 
	4  / true
* FSM state operations: 

 <State 1>: 1.59ns
ST_1: StgValue_25 (5)  [1/1] 1.59ns  loc: acceleartor_hls_padding/components.cpp:387
:0  br label %.loopexit


 <State 2>: 3.88ns
ST_2: co (7)  [1/1] 0.00ns
.loopexit:0  %co = phi i6 [ 0, %0 ], [ %co_11, %.loopexit.loopexit ]

ST_2: exitcond3 (8)  [1/1] 3.88ns  loc: acceleartor_hls_padding/components.cpp:387
.loopexit:1  %exitcond3 = icmp eq i6 %co, -16

ST_2: empty (9)  [1/1] 0.00ns
.loopexit:2  %empty = call i32 (...)* @_ssdm_op_SpecLoopTripCount(i64 48, i64 48, i64 48)

ST_2: co_11 (10)  [1/1] 2.31ns  loc: acceleartor_hls_padding/components.cpp:387
.loopexit:3  %co_11 = add i6 %co, 1

ST_2: StgValue_30 (11)  [1/1] 0.00ns  loc: acceleartor_hls_padding/components.cpp:387
.loopexit:4  br i1 %exitcond3, label %4, label %.preheader5.preheader

ST_2: tmp (13)  [1/1] 0.00ns  loc: acceleartor_hls_padding/components.cpp:392
.preheader5.preheader:0  %tmp = zext i6 %co to i64

ST_2: tmp_s (14)  [1/1] 0.00ns  loc: acceleartor_hls_padding/components.cpp:387
.preheader5.preheader:1  %tmp_s = call i12 @_ssdm_op_BitConcatenate.i12.i6.i6(i6 %co, i6 0)

ST_2: p_shl2_cast (15)  [1/1] 0.00ns  loc: acceleartor_hls_padding/components.cpp:387
.preheader5.preheader:2  %p_shl2_cast = zext i12 %tmp_s to i13

ST_2: tmp_156 (16)  [1/1] 0.00ns  loc: acceleartor_hls_padding/components.cpp:387
.preheader5.preheader:3  %tmp_156 = call i10 @_ssdm_op_BitConcatenate.i10.i6.i4(i6 %co, i4 0)

ST_2: p_shl3_cast1 (17)  [1/1] 0.00ns  loc: acceleartor_hls_padding/components.cpp:392
.preheader5.preheader:4  %p_shl3_cast1 = zext i10 %tmp_156 to i11

ST_2: p_shl3_cast (18)  [1/1] 0.00ns  loc: acceleartor_hls_padding/components.cpp:392
.preheader5.preheader:5  %p_shl3_cast = zext i10 %tmp_156 to i13

ST_2: tmp_157 (19)  [1/1] 2.33ns  loc: acceleartor_hls_padding/components.cpp:392
.preheader5.preheader:6  %tmp_157 = sub i13 %p_shl2_cast, %p_shl3_cast

ST_2: tmp_158 (20)  [1/1] 0.00ns  loc: acceleartor_hls_padding/components.cpp:387
.preheader5.preheader:7  %tmp_158 = call i7 @_ssdm_op_BitConcatenate.i7.i6.i1(i6 %co, i1 false)

ST_2: p_shl1_cast (21)  [1/1] 0.00ns  loc: acceleartor_hls_padding/components.cpp:395
.preheader5.preheader:8  %p_shl1_cast = zext i7 %tmp_158 to i11

ST_2: tmp_159 (22)  [1/1] 2.32ns  loc: acceleartor_hls_padding/components.cpp:395
.preheader5.preheader:9  %tmp_159 = add i11 %p_shl1_cast, %p_shl3_cast1

ST_2: bias_addr (23)  [1/1] 0.00ns  loc: acceleartor_hls_padding/components.cpp:394
.preheader5.preheader:10  %bias_addr = getelementptr [48 x float]* %bias, i64 0, i64 %tmp

ST_2: StgValue_42 (24)  [1/1] 1.59ns  loc: acceleartor_hls_padding/components.cpp:388
.preheader5.preheader:11  br label %.preheader5

ST_2: StgValue_43 (100)  [1/1] 0.00ns  loc: acceleartor_hls_padding/components.cpp:399
:0  ret void


 <State 3>: 4.68ns
ST_3: h (26)  [1/1] 0.00ns
.preheader5:0  %h = phi i5 [ %h_11, %3 ], [ 1, %.preheader5.preheader ]

ST_3: exitcond2 (27)  [1/1] 3.31ns  loc: acceleartor_hls_padding/components.cpp:388
.preheader5:1  %exitcond2 = icmp eq i5 %h, -15

ST_3: empty_51 (28)  [1/1] 0.00ns
.preheader5:2  %empty_51 = call i32 (...)* @_ssdm_op_SpecLoopTripCount(i64 16, i64 16, i64 16)

ST_3: StgValue_47 (29)  [1/1] 0.00ns  loc: acceleartor_hls_padding/components.cpp:388
.preheader5:3  br i1 %exitcond2, label %.loopexit.loopexit, label %.preheader4.preheader

ST_3: tmp_cast (31)  [1/1] 0.00ns  loc: acceleartor_hls_padding/components.cpp:395
.preheader4.preheader:0  %tmp_cast = zext i5 %h to i11

ST_3: tmp_160 (32)  [1/1] 2.33ns  loc: acceleartor_hls_padding/components.cpp:395
.preheader4.preheader:1  %tmp_160 = add i11 %tmp_cast, %tmp_159

ST_3: p_shl4_cast (33)  [1/1] 0.00ns  loc: acceleartor_hls_padding/components.cpp:395
.preheader4.preheader:2  %p_shl4_cast = call i15 @_ssdm_op_BitConcatenate.i15.i11.i4(i11 %tmp_160, i4 0)

ST_3: tmp_70 (34)  [1/1] 0.00ns  loc: acceleartor_hls_padding/components.cpp:395
.preheader4.preheader:3  %tmp_70 = call i12 @_ssdm_op_BitConcatenate.i12.i11.i1(i11 %tmp_160, i1 false)

ST_3: p_shl5_cast (35)  [1/1] 0.00ns  loc: acceleartor_hls_padding/components.cpp:395
.preheader4.preheader:4  %p_shl5_cast = zext i12 %tmp_70 to i15

ST_3: tmp_161 (36)  [1/1] 2.35ns  loc: acceleartor_hls_padding/components.cpp:395
.preheader4.preheader:5  %tmp_161 = add i15 %p_shl4_cast, %p_shl5_cast

ST_3: StgValue_54 (37)  [1/1] 1.59ns  loc: acceleartor_hls_padding/components.cpp:389
.preheader4.preheader:6  br label %.preheader4

ST_3: StgValue_55 (98)  [1/1] 0.00ns
.loopexit.loopexit:0  br label %.loopexit


 <State 4>: 3.31ns
ST_4: w (39)  [1/1] 0.00ns
.preheader4:0  %w = phi i5 [ %w_11, %2 ], [ 1, %.preheader4.preheader ]

ST_4: exitcond1 (40)  [1/1] 3.31ns  loc: acceleartor_hls_padding/components.cpp:389
.preheader4:1  %exitcond1 = icmp eq i5 %w, -15

ST_4: empty_52 (41)  [1/1] 0.00ns
.preheader4:2  %empty_52 = call i32 (...)* @_ssdm_op_SpecLoopTripCount(i64 16, i64 16, i64 16)

ST_4: StgValue_59 (42)  [1/1] 0.00ns  loc: acceleartor_hls_padding/components.cpp:389
.preheader4:3  br i1 %exitcond1, label %3, label %.preheader.preheader

ST_4: tmp_67_cast (44)  [1/1] 0.00ns  loc: acceleartor_hls_padding/components.cpp:395
.preheader.preheader:0  %tmp_67_cast = zext i5 %w to i15

ST_4: tmp_162 (45)  [1/1] 2.35ns  loc: acceleartor_hls_padding/components.cpp:395
.preheader.preheader:1  %tmp_162 = add i15 %tmp_161, %tmp_67_cast

ST_4: tmp_224_cast (46)  [1/1] 0.00ns  loc: acceleartor_hls_padding/components.cpp:395
.preheader.preheader:2  %tmp_224_cast = zext i15 %tmp_162 to i64

ST_4: ShuffleConvs_1_Downs (47)  [1/1] 0.00ns  loc: acceleartor_hls_padding/components.cpp:395
.preheader.preheader:3  %ShuffleConvs_1_Downs = getelementptr [15552 x float]* @ShuffleConvs_1_Downs, i64 0, i64 %tmp_224_cast

ST_4: StgValue_64 (48)  [1/1] 1.59ns  loc: acceleartor_hls_padding/components.cpp:391
.preheader.preheader:4  br label %.preheader

ST_4: h_11 (95)  [1/1] 2.33ns  loc: acceleartor_hls_padding/components.cpp:388
:0  %h_11 = add i5 %h, 1

ST_4: StgValue_66 (96)  [1/1] 0.00ns  loc: acceleartor_hls_padding/components.cpp:388
:1  br label %.preheader5


 <State 5>: 7.63ns
ST_5: sum (50)  [1/1] 0.00ns
.preheader:0  %sum = phi float [ %sum_12, %1 ], [ 0.000000e+00, %.preheader.preheader ]

ST_5: ci (51)  [1/1] 0.00ns
.preheader:1  %ci = phi i6 [ %ci_5, %1 ], [ 0, %.preheader.preheader ]

ST_5: exitcond (52)  [1/1] 3.88ns  loc: acceleartor_hls_padding/components.cpp:391
.preheader:2  %exitcond = icmp eq i6 %ci, -16

ST_5: empty_53 (53)  [1/1] 0.00ns
.preheader:3  %empty_53 = call i32 (...)* @_ssdm_op_SpecLoopTripCount(i64 48, i64 48, i64 48)

ST_5: ci_5 (54)  [1/1] 2.31ns  loc: acceleartor_hls_padding/components.cpp:391
.preheader:4  %ci_5 = add i6 %ci, 1

ST_5: StgValue_72 (55)  [1/1] 0.00ns  loc: acceleartor_hls_padding/components.cpp:391
.preheader:5  br i1 %exitcond, label %2, label %1

ST_5: tmp_68_cast (57)  [1/1] 0.00ns  loc: acceleartor_hls_padding/components.cpp:392
:0  %tmp_68_cast = zext i6 %ci to i13

ST_5: tmp_163 (58)  [1/1] 2.34ns  loc: acceleartor_hls_padding/components.cpp:392
:1  %tmp_163 = add i13 %tmp_68_cast, %tmp_157

ST_5: tmp_164 (61)  [1/1] 0.00ns  loc: acceleartor_hls_padding/components.cpp:391
:4  %tmp_164 = call i10 @_ssdm_op_BitConcatenate.i10.i6.i4(i6 %ci, i4 0)

ST_5: p_shl8_cast (62)  [1/1] 0.00ns  loc: acceleartor_hls_padding/components.cpp:391
:5  %p_shl8_cast = zext i10 %tmp_164 to i11

ST_5: tmp_165 (63)  [1/1] 0.00ns  loc: acceleartor_hls_padding/components.cpp:391
:6  %tmp_165 = call i7 @_ssdm_op_BitConcatenate.i7.i6.i1(i6 %ci, i1 false)

ST_5: p_shl9_cast (64)  [1/1] 0.00ns  loc: acceleartor_hls_padding/components.cpp:392
:7  %p_shl9_cast = zext i7 %tmp_165 to i11

ST_5: tmp_166 (65)  [1/1] 1.88ns  loc: acceleartor_hls_padding/components.cpp:392
:8  %tmp_166 = add i11 %p_shl8_cast, %p_shl9_cast

ST_5: tmp_167 (66)  [1/1] 1.88ns  loc: acceleartor_hls_padding/components.cpp:392
:9  %tmp_167 = add i11 %tmp_cast, %tmp_166

ST_5: p_shl6_cast (67)  [1/1] 0.00ns  loc: acceleartor_hls_padding/components.cpp:392
:10  %p_shl6_cast = call i15 @_ssdm_op_BitConcatenate.i15.i11.i4(i11 %tmp_167, i4 0)

ST_5: tmp_72 (68)  [1/1] 0.00ns  loc: acceleartor_hls_padding/components.cpp:392
:11  %tmp_72 = call i12 @_ssdm_op_BitConcatenate.i12.i11.i1(i11 %tmp_167, i1 false)

ST_5: p_shl7_cast (69)  [1/1] 0.00ns  loc: acceleartor_hls_padding/components.cpp:392
:12  %p_shl7_cast = zext i12 %tmp_72 to i15

ST_5: tmp_168 (70)  [1/1] 1.94ns  loc: acceleartor_hls_padding/components.cpp:392
:13  %tmp_168 = add i15 %p_shl6_cast, %p_shl7_cast

ST_5: tmp_169 (71)  [1/1] 1.94ns  loc: acceleartor_hls_padding/components.cpp:392
:14  %tmp_169 = add i15 %tmp_67_cast, %tmp_168

ST_5: bias_load (80)  [2/2] 3.25ns  loc: acceleartor_hls_padding/components.cpp:394
:0  %bias_load = load float* %bias_addr, align 4

ST_5: w_11 (92)  [1/1] 2.33ns  loc: acceleartor_hls_padding/components.cpp:389
:12  %w_11 = add i5 1, %w


 <State 6>: 3.25ns
ST_6: tmp_225_cast (59)  [1/1] 0.00ns  loc: acceleartor_hls_padding/components.cpp:392
:2  %tmp_225_cast = sext i13 %tmp_163 to i64

ST_6: weight_addr (60)  [1/1] 0.00ns  loc: acceleartor_hls_padding/components.cpp:392
:3  %weight_addr = getelementptr [2304 x float]* %weight, i64 0, i64 %tmp_225_cast

ST_6: tmp_233_cast (72)  [1/1] 0.00ns  loc: acceleartor_hls_padding/components.cpp:392
:15  %tmp_233_cast = zext i15 %tmp_169 to i64

ST_6: shuffleunit0_2_outpu (73)  [1/1] 0.00ns  loc: acceleartor_hls_padding/components.cpp:392
:16  %shuffleunit0_2_outpu = getelementptr [15552 x float]* @shuffleunit0_2_outpu, i64 0, i64 %tmp_233_cast

ST_6: weight_load (74)  [2/2] 3.25ns  loc: acceleartor_hls_padding/components.cpp:392
:17  %weight_load = load float* %weight_addr, align 4

ST_6: shuffleunit0_2_outpu_1 (75)  [2/2] 3.25ns  loc: acceleartor_hls_padding/components.cpp:392
:18  %shuffleunit0_2_outpu_1 = load float* %shuffleunit0_2_outpu, align 4


 <State 7>: 3.25ns
ST_7: weight_load (74)  [1/2] 3.25ns  loc: acceleartor_hls_padding/components.cpp:392
:17  %weight_load = load float* %weight_addr, align 4

ST_7: shuffleunit0_2_outpu_1 (75)  [1/2] 3.25ns  loc: acceleartor_hls_padding/components.cpp:392
:18  %shuffleunit0_2_outpu_1 = load float* %shuffleunit0_2_outpu, align 4


 <State 8>: 5.70ns
ST_8: tmp_69 (76)  [4/4] 5.70ns  loc: acceleartor_hls_padding/components.cpp:392
:19  %tmp_69 = fmul float %weight_load, %shuffleunit0_2_outpu_1


 <State 9>: 5.70ns
ST_9: tmp_69 (76)  [3/4] 5.70ns  loc: acceleartor_hls_padding/components.cpp:392
:19  %tmp_69 = fmul float %weight_load, %shuffleunit0_2_outpu_1


 <State 10>: 5.70ns
ST_10: tmp_69 (76)  [2/4] 5.70ns  loc: acceleartor_hls_padding/components.cpp:392
:19  %tmp_69 = fmul float %weight_load, %shuffleunit0_2_outpu_1


 <State 11>: 5.70ns
ST_11: tmp_69 (76)  [1/4] 5.70ns  loc: acceleartor_hls_padding/components.cpp:392
:19  %tmp_69 = fmul float %weight_load, %shuffleunit0_2_outpu_1


 <State 12>: 7.26ns
ST_12: sum_12 (77)  [5/5] 7.26ns  loc: acceleartor_hls_padding/components.cpp:392
:20  %sum_12 = fadd float %sum, %tmp_69


 <State 13>: 7.26ns
ST_13: sum_12 (77)  [4/5] 7.26ns  loc: acceleartor_hls_padding/components.cpp:392
:20  %sum_12 = fadd float %sum, %tmp_69


 <State 14>: 7.26ns
ST_14: sum_12 (77)  [3/5] 7.26ns  loc: acceleartor_hls_padding/components.cpp:392
:20  %sum_12 = fadd float %sum, %tmp_69


 <State 15>: 7.26ns
ST_15: sum_12 (77)  [2/5] 7.26ns  loc: acceleartor_hls_padding/components.cpp:392
:20  %sum_12 = fadd float %sum, %tmp_69


 <State 16>: 7.26ns
ST_16: sum_12 (77)  [1/5] 7.26ns  loc: acceleartor_hls_padding/components.cpp:392
:20  %sum_12 = fadd float %sum, %tmp_69

ST_16: StgValue_105 (78)  [1/1] 0.00ns  loc: acceleartor_hls_padding/components.cpp:391
:21  br label %.preheader


 <State 17>: 3.25ns
ST_17: bias_load (80)  [1/2] 3.25ns  loc: acceleartor_hls_padding/components.cpp:394
:0  %bias_load = load float* %bias_addr, align 4


 <State 18>: 7.26ns
ST_18: result (81)  [5/5] 7.26ns  loc: acceleartor_hls_padding/components.cpp:394
:1  %result = fadd float %sum, %bias_load


 <State 19>: 7.26ns
ST_19: result (81)  [4/5] 7.26ns  loc: acceleartor_hls_padding/components.cpp:394
:1  %result = fadd float %sum, %bias_load


 <State 20>: 7.26ns
ST_20: result (81)  [3/5] 7.26ns  loc: acceleartor_hls_padding/components.cpp:394
:1  %result = fadd float %sum, %bias_load


 <State 21>: 7.26ns
ST_21: result (81)  [2/5] 7.26ns  loc: acceleartor_hls_padding/components.cpp:394
:1  %result = fadd float %sum, %bias_load


 <State 22>: 7.26ns
ST_22: result (81)  [1/5] 7.26ns  loc: acceleartor_hls_padding/components.cpp:394
:1  %result = fadd float %sum, %bias_load


 <State 23>: 6.79ns
ST_23: tmp_24 (88)  [1/1] 6.79ns  loc: acceleartor_hls_padding/components.cpp:395
:8  %tmp_24 = fcmp ogt float %result, 0.000000e+00


 <State 24>: 8.53ns
ST_24: result_to_int (82)  [1/1] 0.00ns  loc: acceleartor_hls_padding/components.cpp:394
:2  %result_to_int = bitcast float %result to i32

ST_24: tmp_21 (83)  [1/1] 0.00ns  loc: acceleartor_hls_padding/components.cpp:394
:3  %tmp_21 = call i8 @_ssdm_op_PartSelect.i8.i32.i32.i32(i32 %result_to_int, i32 23, i32 30)

ST_24: tmp_71 (84)  [1/1] 0.00ns  loc: acceleartor_hls_padding/components.cpp:394
:4  %tmp_71 = trunc i32 %result_to_int to i23

ST_24: notlhs (85)  [1/1] 2.91ns  loc: acceleartor_hls_padding/components.cpp:394
:5  %notlhs = icmp ne i8 %tmp_21, -1

ST_24: notrhs (86)  [1/1] 3.20ns  loc: acceleartor_hls_padding/components.cpp:394
:6  %notrhs = icmp eq i23 %tmp_71, 0

ST_24: tmp_23 (87)  [1/1] 0.00ns  loc: acceleartor_hls_padding/components.cpp:394 (grouped into LUT with out node result_5)
:7  %tmp_23 = or i1 %notrhs, %notlhs

ST_24: tmp_25 (89)  [1/1] 0.00ns  loc: acceleartor_hls_padding/components.cpp:395 (grouped into LUT with out node result_5)
:9  %tmp_25 = and i1 %tmp_23, %tmp_24

ST_24: result_5 (90)  [1/1] 2.07ns  loc: acceleartor_hls_padding/components.cpp:395 (out node of the LUT)
:10  %result_5 = select i1 %tmp_25, float %result, float 0.000000e+00

ST_24: StgValue_121 (91)  [1/1] 3.25ns  loc: acceleartor_hls_padding/components.cpp:395
:11  store float %result_5, float* %ShuffleConvs_1_Downs, align 4

ST_24: StgValue_122 (93)  [1/1] 0.00ns  loc: acceleartor_hls_padding/components.cpp:389
:13  br label %.preheader4



============================================================
+ Verbose Summary: Binding
============================================================
STG Binding: 
---------------- STG Properties BEGIN ----------------
- Is combinational: 0
- Is one-state seq: 0
- Is datapath-only: 0
- Is pipelined: 0
- Is top level: 0
Port [ Return ] is wired: 1; IO mode=ap_ctrl_hs:ce=0
Port [ weight]:  wired=1; compound=1; hidden=0; nouse=0; global=0; static=0; extern=0; dir=0; type=1; pingpong=0; private_global=0; MemPort=[13]; IO mode=ap_memory:ce=0
Port [ bias]:  wired=1; compound=1; hidden=0; nouse=0; global=0; static=0; extern=0; dir=0; type=1; pingpong=0; private_global=0; MemPort=[13]; IO mode=ap_memory:ce=0
Port [ shuffleunit0_2_outpu]:  wired=1; compound=1; hidden=0; nouse=0; global=1; static=0; extern=0; dir=0; type=1; pingpong=0; private_global=0; linkage=0; visibility=0; MemPort=[13]; IO mode=ap_memory:ce=0
Port [ ShuffleConvs_1_Downs]:  wired=1; compound=1; hidden=0; nouse=0; global=1; static=0; extern=0; dir=1; type=1; pingpong=0; private_global=0; linkage=0; visibility=0; MemPort=[03]; IO mode=ap_memory:ce=0
---------------- STG Properties END ------------------

---------------- Datapath Model BEGIN ----------------

<LifeTime>
<method=bitvector/>
StgValue_25            (br               ) [ 0111111111111111111111111]
co                     (phi              ) [ 0010000000000000000000000]
exitcond3              (icmp             ) [ 0011111111111111111111111]
empty                  (speclooptripcount) [ 0000000000000000000000000]
co_11                  (add              ) [ 0111111111111111111111111]
StgValue_30            (br               ) [ 0000000000000000000000000]
tmp                    (zext             ) [ 0000000000000000000000000]
tmp_s                  (bitconcatenate   ) [ 0000000000000000000000000]
p_shl2_cast            (zext             ) [ 0000000000000000000000000]
tmp_156                (bitconcatenate   ) [ 0000000000000000000000000]
p_shl3_cast1           (zext             ) [ 0000000000000000000000000]
p_shl3_cast            (zext             ) [ 0000000000000000000000000]
tmp_157                (sub              ) [ 0001111111111111111111111]
tmp_158                (bitconcatenate   ) [ 0000000000000000000000000]
p_shl1_cast            (zext             ) [ 0000000000000000000000000]
tmp_159                (add              ) [ 0001111111111111111111111]
bias_addr              (getelementptr    ) [ 0001111111111111111111111]
StgValue_42            (br               ) [ 0011111111111111111111111]
StgValue_43            (ret              ) [ 0000000000000000000000000]
h                      (phi              ) [ 0001111111111111111111111]
exitcond2              (icmp             ) [ 0011111111111111111111111]
empty_51               (speclooptripcount) [ 0000000000000000000000000]
StgValue_47            (br               ) [ 0000000000000000000000000]
tmp_cast               (zext             ) [ 0000111111111111111111111]
tmp_160                (add              ) [ 0000000000000000000000000]
p_shl4_cast            (bitconcatenate   ) [ 0000000000000000000000000]
tmp_70                 (bitconcatenate   ) [ 0000000000000000000000000]
p_shl5_cast            (zext             ) [ 0000000000000000000000000]
tmp_161                (add              ) [ 0000111111111111111111111]
StgValue_54            (br               ) [ 0011111111111111111111111]
StgValue_55            (br               ) [ 0111111111111111111111111]
w                      (phi              ) [ 0000111111111111100000000]
exitcond1              (icmp             ) [ 0011111111111111111111111]
empty_52               (speclooptripcount) [ 0000000000000000000000000]
StgValue_59            (br               ) [ 0000000000000000000000000]
tmp_67_cast            (zext             ) [ 0000011111111111100000000]
tmp_162                (add              ) [ 0000000000000000000000000]
tmp_224_cast           (zext             ) [ 0000000000000000000000000]
ShuffleConvs_1_Downs   (getelementptr    ) [ 0000011111111111111111111]
StgValue_64            (br               ) [ 0011111111111111111111111]
h_11                   (add              ) [ 0011111111111111111111111]
StgValue_66            (br               ) [ 0011111111111111111111111]
sum                    (phi              ) [ 0000011111111111111111100]
ci                     (phi              ) [ 0000010000000000000000000]
exitcond               (icmp             ) [ 0011111111111111111111111]
empty_53               (speclooptripcount) [ 0000000000000000000000000]
ci_5                   (add              ) [ 0011111111111111111111111]
StgValue_72            (br               ) [ 0000000000000000000000000]
tmp_68_cast            (zext             ) [ 0000000000000000000000000]
tmp_163                (add              ) [ 0000001000000000000000000]
tmp_164                (bitconcatenate   ) [ 0000000000000000000000000]
p_shl8_cast            (zext             ) [ 0000000000000000000000000]
tmp_165                (bitconcatenate   ) [ 0000000000000000000000000]
p_shl9_cast            (zext             ) [ 0000000000000000000000000]
tmp_166                (add              ) [ 0000000000000000000000000]
tmp_167                (add              ) [ 0000000000000000000000000]
p_shl6_cast            (bitconcatenate   ) [ 0000000000000000000000000]
tmp_72                 (bitconcatenate   ) [ 0000000000000000000000000]
p_shl7_cast            (zext             ) [ 0000000000000000000000000]
tmp_168                (add              ) [ 0000000000000000000000000]
tmp_169                (add              ) [ 0000001000000000000000000]
w_11                   (add              ) [ 0011100000000000011111111]
tmp_225_cast           (sext             ) [ 0000000000000000000000000]
weight_addr            (getelementptr    ) [ 0000000100000000000000000]
tmp_233_cast           (zext             ) [ 0000000000000000000000000]
shuffleunit0_2_outpu   (getelementptr    ) [ 0000000100000000000000000]
weight_load            (load             ) [ 0000000011110000000000000]
shuffleunit0_2_outpu_1 (load             ) [ 0000000011110000000000000]
tmp_69                 (fmul             ) [ 0000000000001111100000000]
sum_12                 (fadd             ) [ 0011111111111111111111111]
StgValue_105           (br               ) [ 0011111111111111111111111]
bias_load              (load             ) [ 0000000000000000001111100]
result                 (fadd             ) [ 0000000000000000000000011]
tmp_24                 (fcmp             ) [ 0000000000000000000000001]
result_to_int          (bitcast          ) [ 0000000000000000000000000]
tmp_21                 (partselect       ) [ 0000000000000000000000000]
tmp_71                 (trunc            ) [ 0000000000000000000000000]
notlhs                 (icmp             ) [ 0000000000000000000000000]
notrhs                 (icmp             ) [ 0000000000000000000000000]
tmp_23                 (or               ) [ 0000000000000000000000000]
tmp_25                 (and              ) [ 0000000000000000000000000]
result_5               (select           ) [ 0000000000000000000000000]
StgValue_121           (store            ) [ 0000000000000000000000000]
StgValue_122           (br               ) [ 0011111111111111111111111]
</LifeTime>

<model>

<comp_list>
<comp id="0" class="1000" name="weight">
<pin_list>
<pin id="1" dir="1" index="0" bw="1" slack="0"/>
</pin_list>
<bind>
<StgValue><ssdm name="weight"/><MemPortTyVec>1 3 </MemPortTyVec>
</StgValue>
</bind>
</comp>

<comp id="2" class="1000" name="bias">
<pin_list>
<pin id="3" dir="1" index="0" bw="1" slack="0"/>
</pin_list>
<bind>
<StgValue><ssdm name="bias"/><MemPortTyVec>1 3 </MemPortTyVec>
</StgValue>
</bind>
</comp>

<comp id="4" class="1000" name="shuffleunit0_2_outpu">
<pin_list>
<pin id="5" dir="1" index="0" bw="1" slack="0"/>
</pin_list>
<bind>
<StgValue><ssdm name="shuffleunit0_2_outpu"/><MemPortTyVec>1 3 </MemPortTyVec>
</StgValue>
</bind>
</comp>

<comp id="6" class="1000" name="ShuffleConvs_1_Downs">
<pin_list>
<pin id="7" dir="1" index="0" bw="1" slack="0"/>
</pin_list>
<bind>
<StgValue><ssdm name="ShuffleConvs_1_Downs"/><MemPortTyVec>0 3 </MemPortTyVec>
</StgValue>
</bind>
</comp>

<comp id="8" class="1001" name="const_8">
<pin_list>
<pin id="9" dir="1" index="0" bw="1" slack="0"/>
</pin_list>
<bind>
<StgValue><ssdm name=""/></StgValue>
</bind>
</comp>

<comp id="10" class="1001" name="const_10">
<pin_list>
<pin id="11" dir="1" index="0" bw="1" slack="0"/>
</pin_list>
<bind>
<StgValue><ssdm name=""/></StgValue>
</bind>
</comp>

<comp id="12" class="1001" name="const_12">
<pin_list>
<pin id="13" dir="1" index="0" bw="1" slack="2147483647"/>
</pin_list>
<bind>
<StgValue><ssdm name="_ssdm_op_SpecLoopTripCount"/></StgValue>
</bind>
</comp>

<comp id="14" class="1001" name="const_14">
<pin_list>
<pin id="15" dir="1" index="0" bw="1" slack="2147483647"/>
</pin_list>
<bind>
<StgValue><ssdm name=""/></StgValue>
</bind>
</comp>

<comp id="16" class="1001" name="const_16">
<pin_list>
<pin id="17" dir="1" index="0" bw="1" slack="0"/>
</pin_list>
<bind>
<StgValue><ssdm name=""/></StgValue>
</bind>
</comp>

<comp id="18" class="1001" name="const_18">
<pin_list>
<pin id="19" dir="1" index="0" bw="1" slack="0"/>
</pin_list>
<bind>
<StgValue><ssdm name="_ssdm_op_BitConcatenate.i12.i6.i6"/></StgValue>
</bind>
</comp>

<comp id="20" class="1001" name="const_20">
<pin_list>
<pin id="21" dir="1" index="0" bw="1" slack="0"/>
</pin_list>
<bind>
<StgValue><ssdm name="_ssdm_op_BitConcatenate.i10.i6.i4"/></StgValue>
</bind>
</comp>

<comp id="22" class="1001" name="const_22">
<pin_list>
<pin id="23" dir="1" index="0" bw="1" slack="0"/>
</pin_list>
<bind>
<StgValue><ssdm name=""/></StgValue>
</bind>
</comp>

<comp id="24" class="1001" name="const_24">
<pin_list>
<pin id="25" dir="1" index="0" bw="1" slack="0"/>
</pin_list>
<bind>
<StgValue><ssdm name="_ssdm_op_BitConcatenate.i7.i6.i1"/></StgValue>
</bind>
</comp>

<comp id="26" class="1001" name="const_26">
<pin_list>
<pin id="27" dir="1" index="0" bw="1" slack="0"/>
</pin_list>
<bind>
<StgValue><ssdm name=""/></StgValue>
</bind>
</comp>

<comp id="28" class="1001" name="const_28">
<pin_list>
<pin id="29" dir="1" index="0" bw="1" slack="0"/>
</pin_list>
<bind>
<StgValue><ssdm name=""/></StgValue>
</bind>
</comp>

<comp id="30" class="1001" name="const_30">
<pin_list>
<pin id="31" dir="1" index="0" bw="1" slack="0"/>
</pin_list>
<bind>
<StgValue><ssdm name=""/></StgValue>
</bind>
</comp>

<comp id="32" class="1001" name="const_32">
<pin_list>
<pin id="33" dir="1" index="0" bw="1" slack="0"/>
</pin_list>
<bind>
<StgValue><ssdm name=""/></StgValue>
</bind>
</comp>

<comp id="34" class="1001" name="const_34">
<pin_list>
<pin id="35" dir="1" index="0" bw="1" slack="2147483647"/>
</pin_list>
<bind>
<StgValue><ssdm name=""/></StgValue>
</bind>
</comp>

<comp id="36" class="1001" name="const_36">
<pin_list>
<pin id="37" dir="1" index="0" bw="1" slack="0"/>
</pin_list>
<bind>
<StgValue><ssdm name="_ssdm_op_BitConcatenate.i15.i11.i4"/></StgValue>
</bind>
</comp>

<comp id="38" class="1001" name="const_38">
<pin_list>
<pin id="39" dir="1" index="0" bw="1" slack="0"/>
</pin_list>
<bind>
<StgValue><ssdm name="_ssdm_op_BitConcatenate.i12.i11.i1"/></StgValue>
</bind>
</comp>

<comp id="40" class="1001" name="const_40">
<pin_list>
<pin id="41" dir="1" index="0" bw="1" slack="0"/>
</pin_list>
<bind>
<StgValue><ssdm name=""/></StgValue>
</bind>
</comp>

<comp id="42" class="1001" name="const_42">
<pin_list>
<pin id="43" dir="1" index="0" bw="1" slack="0"/>
</pin_list>
<bind>
<StgValue><ssdm name="_ssdm_op_PartSelect.i8.i32.i32.i32"/></StgValue>
</bind>
</comp>

<comp id="44" class="1001" name="const_44">
<pin_list>
<pin id="45" dir="1" index="0" bw="1" slack="0"/>
</pin_list>
<bind>
<StgValue><ssdm name=""/></StgValue>
</bind>
</comp>

<comp id="46" class="1001" name="const_46">
<pin_list>
<pin id="47" dir="1" index="0" bw="1" slack="0"/>
</pin_list>
<bind>
<StgValue><ssdm name=""/></StgValue>
</bind>
</comp>

<comp id="48" class="1001" name="const_48">
<pin_list>
<pin id="49" dir="1" index="0" bw="1" slack="0"/>
</pin_list>
<bind>
<StgValue><ssdm name=""/></StgValue>
</bind>
</comp>

<comp id="50" class="1001" name="const_50">
<pin_list>
<pin id="51" dir="1" index="0" bw="1" slack="0"/>
</pin_list>
<bind>
<StgValue><ssdm name=""/></StgValue>
</bind>
</comp>

<comp id="52" class="1004" name="bias_addr_gep_fu_52">
<pin_list>
<pin id="53" dir="0" index="0" bw="32" slack="0"/>
<pin id="54" dir="0" index="1" bw="1" slack="0"/>
<pin id="55" dir="0" index="2" bw="6" slack="0"/>
<pin id="56" dir="1" index="3" bw="6" slack="3"/>
</pin_list>
<bind>
<opcode="getelementptr(29) " fcode="getelementptr"/>
<opset="bias_addr/2 "/>
</bind>
</comp>

<comp id="59" class="1004" name="ShuffleConvs_1_Downs_gep_fu_59">
<pin_list>
<pin id="60" dir="0" index="0" bw="32" slack="0"/>
<pin id="61" dir="0" index="1" bw="1" slack="0"/>
<pin id="62" dir="0" index="2" bw="15" slack="0"/>
<pin id="63" dir="1" index="3" bw="14" slack="9"/>
</pin_list>
<bind>
<opcode="getelementptr(29) " fcode="getelementptr"/>
<opset="ShuffleConvs_1_Downs/4 "/>
</bind>
</comp>

<comp id="66" class="1004" name="grp_access_fu_66">
<pin_list>
<pin id="67" dir="0" index="0" bw="6" slack="3"/>
<pin id="68" dir="0" index="1" bw="32" slack="2147483647"/>
<pin id="69" dir="1" index="2" bw="32" slack="1"/>
</pin_list>
<bind>
<opcode="load(27) " fcode="load"/>
<opset="bias_load/5 "/>
</bind>
</comp>

<comp id="70" class="1004" name="weight_addr_gep_fu_70">
<pin_list>
<pin id="71" dir="0" index="0" bw="32" slack="0"/>
<pin id="72" dir="0" index="1" bw="1" slack="0"/>
<pin id="73" dir="0" index="2" bw="13" slack="0"/>
<pin id="74" dir="1" index="3" bw="12" slack="0"/>
</pin_list>
<bind>
<opcode="getelementptr(29) " fcode="getelementptr"/>
<opset="weight_addr/6 "/>
</bind>
</comp>

<comp id="77" class="1004" name="shuffleunit0_2_outpu_gep_fu_77">
<pin_list>
<pin id="78" dir="0" index="0" bw="32" slack="0"/>
<pin id="79" dir="0" index="1" bw="1" slack="0"/>
<pin id="80" dir="0" index="2" bw="15" slack="0"/>
<pin id="81" dir="1" index="3" bw="14" slack="0"/>
</pin_list>
<bind>
<opcode="getelementptr(29) " fcode="getelementptr"/>
<opset="shuffleunit0_2_outpu/6 "/>
</bind>
</comp>

<comp id="84" class="1004" name="grp_access_fu_84">
<pin_list>
<pin id="85" dir="0" index="0" bw="12" slack="0"/>
<pin id="86" dir="0" index="1" bw="32" slack="2147483647"/>
<pin id="87" dir="1" index="2" bw="32" slack="1"/>
</pin_list>
<bind>
<opcode="load(27) " fcode="load"/>
<opset="weight_load/6 "/>
</bind>
</comp>

<comp id="89" class="1004" name="grp_access_fu_89">
<pin_list>
<pin id="90" dir="0" index="0" bw="14" slack="0"/>
<pin id="91" dir="0" index="1" bw="32" slack="2147483647"/>
<pin id="92" dir="1" index="2" bw="32" slack="1"/>
</pin_list>
<bind>
<opcode="load(27) " fcode="load"/>
<opset="shuffleunit0_2_outpu_1/6 "/>
</bind>
</comp>

<comp id="94" class="1004" name="StgValue_121_access_fu_94">
<pin_list>
<pin id="95" dir="0" index="0" bw="14" slack="9"/>
<pin id="96" dir="0" index="1" bw="32" slack="0"/>
<pin id="97" dir="1" index="2" bw="32" slack="2147483647"/>
</pin_list>
<bind>
<opcode="store(28) " fcode="store"/>
<opset="StgValue_121/24 "/>
</bind>
</comp>

<comp id="98" class="1005" name="co_reg_98">
<pin_list>
<pin id="99" dir="0" index="0" bw="6" slack="1"/>
<pin id="100" dir="1" index="1" bw="6" slack="1"/>
</pin_list>
<bind>
<opset="co (phireg) "/>
</bind>
</comp>

<comp id="102" class="1004" name="co_phi_fu_102">
<pin_list>
<pin id="103" dir="0" index="0" bw="1" slack="1"/>
<pin id="104" dir="0" index="1" bw="0" slack="2147483647"/>
<pin id="105" dir="0" index="2" bw="6" slack="0"/>
<pin id="106" dir="0" index="3" bw="0" slack="2147483647"/>
<pin id="107" dir="1" index="4" bw="6" slack="0"/>
</pin_list>
<bind>
<opcode="phi(47) " fcode="phi"/>
<opset="co/2 "/>
</bind>
</comp>

<comp id="109" class="1005" name="h_reg_109">
<pin_list>
<pin id="110" dir="0" index="0" bw="5" slack="1"/>
<pin id="111" dir="1" index="1" bw="5" slack="1"/>
</pin_list>
<bind>
<opset="h (phireg) "/>
</bind>
</comp>

<comp id="113" class="1004" name="h_phi_fu_113">
<pin_list>
<pin id="114" dir="0" index="0" bw="5" slack="1"/>
<pin id="115" dir="0" index="1" bw="0" slack="2147483647"/>
<pin id="116" dir="0" index="2" bw="1" slack="1"/>
<pin id="117" dir="0" index="3" bw="0" slack="2147483647"/>
<pin id="118" dir="1" index="4" bw="5" slack="0"/>
</pin_list>
<bind>
<opcode="phi(47) " fcode="phi"/>
<opset="h/3 "/>
</bind>
</comp>

<comp id="121" class="1005" name="w_reg_121">
<pin_list>
<pin id="122" dir="0" index="0" bw="5" slack="1"/>
<pin id="123" dir="1" index="1" bw="5" slack="1"/>
</pin_list>
<bind>
<opset="w (phireg) "/>
</bind>
</comp>

<comp id="125" class="1004" name="w_phi_fu_125">
<pin_list>
<pin id="126" dir="0" index="0" bw="5" slack="1"/>
<pin id="127" dir="0" index="1" bw="0" slack="2147483647"/>
<pin id="128" dir="0" index="2" bw="1" slack="1"/>
<pin id="129" dir="0" index="3" bw="0" slack="2147483647"/>
<pin id="130" dir="1" index="4" bw="5" slack="0"/>
</pin_list>
<bind>
<opcode="phi(47) " fcode="phi"/>
<opset="w/4 "/>
</bind>
</comp>

<comp id="133" class="1005" name="sum_reg_133">
<pin_list>
<pin id="134" dir="0" index="0" bw="32" slack="1"/>
<pin id="135" dir="1" index="1" bw="32" slack="1"/>
</pin_list>
<bind>
<opset="sum (phireg) "/>
</bind>
</comp>

<comp id="137" class="1004" name="sum_phi_fu_137">
<pin_list>
<pin id="138" dir="0" index="0" bw="32" slack="1"/>
<pin id="139" dir="0" index="1" bw="0" slack="2147483647"/>
<pin id="140" dir="0" index="2" bw="32" slack="1"/>
<pin id="141" dir="0" index="3" bw="0" slack="2147483647"/>
<pin id="142" dir="1" index="4" bw="32" slack="2"/>
</pin_list>
<bind>
<opcode="phi(47) " fcode="phi"/>
<opset="sum/5 "/>
</bind>
</comp>

<comp id="145" class="1005" name="ci_reg_145">
<pin_list>
<pin id="146" dir="0" index="0" bw="6" slack="1"/>
<pin id="147" dir="1" index="1" bw="6" slack="1"/>
</pin_list>
<bind>
<opset="ci (phireg) "/>
</bind>
</comp>

<comp id="149" class="1004" name="ci_phi_fu_149">
<pin_list>
<pin id="150" dir="0" index="0" bw="6" slack="0"/>
<pin id="151" dir="0" index="1" bw="0" slack="2147483647"/>
<pin id="152" dir="0" index="2" bw="1" slack="1"/>
<pin id="153" dir="0" index="3" bw="0" slack="2147483647"/>
<pin id="154" dir="1" index="4" bw="6" slack="0"/>
</pin_list>
<bind>
<opcode="phi(47) " fcode="phi"/>
<opset="ci/5 "/>
</bind>
</comp>

<comp id="156" class="1004" name="grp_fu_156">
<pin_list>
<pin id="157" dir="0" index="0" bw="32" slack="2"/>
<pin id="158" dir="0" index="1" bw="32" slack="1"/>
<pin id="159" dir="1" index="2" bw="32" slack="1"/>
</pin_list>
<bind>
<opcode="fadd(9) " fcode="fadd"/>
<opset="sum_12/12 result/18 "/>
</bind>
</comp>

<comp id="161" class="1004" name="grp_fu_161">
<pin_list>
<pin id="162" dir="0" index="0" bw="32" slack="1"/>
<pin id="163" dir="0" index="1" bw="32" slack="1"/>
<pin id="164" dir="1" index="2" bw="32" slack="1"/>
</pin_list>
<bind>
<opcode="fmul(13) " fcode="fmul"/>
<opset="tmp_69/8 "/>
</bind>
</comp>

<comp id="165" class="1004" name="tmp_24_fu_165">
<pin_list>
<pin id="166" dir="0" index="0" bw="32" slack="1"/>
<pin id="167" dir="0" index="1" bw="32" slack="0"/>
<pin id="168" dir="1" index="2" bw="1" slack="1"/>
</pin_list>
<bind>
<opcode="fcmp(46) " fcode="fcmp"/>
<opset="tmp_24/23 "/>
</bind>
</comp>

<comp id="170" class="1004" name="exitcond3_fu_170">
<pin_list>
<pin id="171" dir="0" index="0" bw="6" slack="0"/>
<pin id="172" dir="0" index="1" bw="6" slack="0"/>
<pin id="173" dir="1" index="2" bw="1" slack="2147483647"/>
</pin_list>
<bind>
<opcode="icmp(45) " fcode="icmp"/>
<opset="exitcond3/2 "/>
</bind>
</comp>

<comp id="176" class="1004" name="co_11_fu_176">
<pin_list>
<pin id="177" dir="0" index="0" bw="6" slack="0"/>
<pin id="178" dir="0" index="1" bw="1" slack="0"/>
<pin id="179" dir="1" index="2" bw="6" slack="0"/>
</pin_list>
<bind>
<opcode="add(8) " fcode="add"/>
<opset="co_11/2 "/>
</bind>
</comp>

<comp id="182" class="1004" name="tmp_fu_182">
<pin_list>
<pin id="183" dir="0" index="0" bw="6" slack="0"/>
<pin id="184" dir="1" index="1" bw="64" slack="0"/>
</pin_list>
<bind>
<opcode="zext(34) " fcode="zext"/>
<opset="tmp/2 "/>
</bind>
</comp>

<comp id="187" class="1004" name="tmp_s_fu_187">
<pin_list>
<pin id="188" dir="0" index="0" bw="12" slack="0"/>
<pin id="189" dir="0" index="1" bw="6" slack="0"/>
<pin id="190" dir="0" index="2" bw="1" slack="0"/>
<pin id="191" dir="1" index="3" bw="12" slack="0"/>
</pin_list>
<bind>
<opcode="bitconcatenate(1004) " fcode="bitconcatenate"/>
<opset="tmp_s/2 "/>
</bind>
</comp>

<comp id="195" class="1004" name="p_shl2_cast_fu_195">
<pin_list>
<pin id="196" dir="0" index="0" bw="12" slack="0"/>
<pin id="197" dir="1" index="1" bw="13" slack="0"/>
</pin_list>
<bind>
<opcode="zext(34) " fcode="zext"/>
<opset="p_shl2_cast/2 "/>
</bind>
</comp>

<comp id="199" class="1004" name="tmp_156_fu_199">
<pin_list>
<pin id="200" dir="0" index="0" bw="10" slack="0"/>
<pin id="201" dir="0" index="1" bw="6" slack="0"/>
<pin id="202" dir="0" index="2" bw="1" slack="0"/>
<pin id="203" dir="1" index="3" bw="10" slack="0"/>
</pin_list>
<bind>
<opcode="bitconcatenate(1004) " fcode="bitconcatenate"/>
<opset="tmp_156/2 "/>
</bind>
</comp>

<comp id="207" class="1004" name="p_shl3_cast1_fu_207">
<pin_list>
<pin id="208" dir="0" index="0" bw="10" slack="0"/>
<pin id="209" dir="1" index="1" bw="11" slack="0"/>
</pin_list>
<bind>
<opcode="zext(34) " fcode="zext"/>
<opset="p_shl3_cast1/2 "/>
</bind>
</comp>

<comp id="211" class="1004" name="p_shl3_cast_fu_211">
<pin_list>
<pin id="212" dir="0" index="0" bw="10" slack="0"/>
<pin id="213" dir="1" index="1" bw="13" slack="0"/>
</pin_list>
<bind>
<opcode="zext(34) " fcode="zext"/>
<opset="p_shl3_cast/2 "/>
</bind>
</comp>

<comp id="215" class="1004" name="tmp_157_fu_215">
<pin_list>
<pin id="216" dir="0" index="0" bw="12" slack="0"/>
<pin id="217" dir="0" index="1" bw="10" slack="0"/>
<pin id="218" dir="1" index="2" bw="13" slack="3"/>
</pin_list>
<bind>
<opcode="sub(10) " fcode="sub"/>
<opset="tmp_157/2 "/>
</bind>
</comp>

<comp id="221" class="1004" name="tmp_158_fu_221">
<pin_list>
<pin id="222" dir="0" index="0" bw="7" slack="0"/>
<pin id="223" dir="0" index="1" bw="6" slack="0"/>
<pin id="224" dir="0" index="2" bw="1" slack="0"/>
<pin id="225" dir="1" index="3" bw="7" slack="0"/>
</pin_list>
<bind>
<opcode="bitconcatenate(1004) " fcode="bitconcatenate"/>
<opset="tmp_158/2 "/>
</bind>
</comp>

<comp id="229" class="1004" name="p_shl1_cast_fu_229">
<pin_list>
<pin id="230" dir="0" index="0" bw="7" slack="0"/>
<pin id="231" dir="1" index="1" bw="11" slack="0"/>
</pin_list>
<bind>
<opcode="zext(34) " fcode="zext"/>
<opset="p_shl1_cast/2 "/>
</bind>
</comp>

<comp id="233" class="1004" name="tmp_159_fu_233">
<pin_list>
<pin id="234" dir="0" index="0" bw="7" slack="0"/>
<pin id="235" dir="0" index="1" bw="10" slack="0"/>
<pin id="236" dir="1" index="2" bw="11" slack="1"/>
</pin_list>
<bind>
<opcode="add(8) " fcode="add"/>
<opset="tmp_159/2 "/>
</bind>
</comp>

<comp id="239" class="1004" name="exitcond2_fu_239">
<pin_list>
<pin id="240" dir="0" index="0" bw="5" slack="0"/>
<pin id="241" dir="0" index="1" bw="5" slack="0"/>
<pin id="242" dir="1" index="2" bw="1" slack="2147483647"/>
</pin_list>
<bind>
<opcode="icmp(45) " fcode="icmp"/>
<opset="exitcond2/3 "/>
</bind>
</comp>

<comp id="245" class="1004" name="tmp_cast_fu_245">
<pin_list>
<pin id="246" dir="0" index="0" bw="5" slack="0"/>
<pin id="247" dir="1" index="1" bw="11" slack="0"/>
</pin_list>
<bind>
<opcode="zext(34) " fcode="zext"/>
<opset="tmp_cast/3 "/>
</bind>
</comp>

<comp id="249" class="1004" name="tmp_160_fu_249">
<pin_list>
<pin id="250" dir="0" index="0" bw="5" slack="0"/>
<pin id="251" dir="0" index="1" bw="11" slack="1"/>
<pin id="252" dir="1" index="2" bw="11" slack="0"/>
</pin_list>
<bind>
<opcode="add(8) " fcode="add"/>
<opset="tmp_160/3 "/>
</bind>
</comp>

<comp id="254" class="1004" name="p_shl4_cast_fu_254">
<pin_list>
<pin id="255" dir="0" index="0" bw="15" slack="0"/>
<pin id="256" dir="0" index="1" bw="11" slack="0"/>
<pin id="257" dir="0" index="2" bw="1" slack="0"/>
<pin id="258" dir="1" index="3" bw="15" slack="0"/>
</pin_list>
<bind>
<opcode="bitconcatenate(1004) " fcode="bitconcatenate"/>
<opset="p_shl4_cast/3 "/>
</bind>
</comp>

<comp id="262" class="1004" name="tmp_70_fu_262">
<pin_list>
<pin id="263" dir="0" index="0" bw="12" slack="0"/>
<pin id="264" dir="0" index="1" bw="11" slack="0"/>
<pin id="265" dir="0" index="2" bw="1" slack="0"/>
<pin id="266" dir="1" index="3" bw="12" slack="0"/>
</pin_list>
<bind>
<opcode="bitconcatenate(1004) " fcode="bitconcatenate"/>
<opset="tmp_70/3 "/>
</bind>
</comp>

<comp id="270" class="1004" name="p_shl5_cast_fu_270">
<pin_list>
<pin id="271" dir="0" index="0" bw="12" slack="0"/>
<pin id="272" dir="1" index="1" bw="15" slack="0"/>
</pin_list>
<bind>
<opcode="zext(34) " fcode="zext"/>
<opset="p_shl5_cast/3 "/>
</bind>
</comp>

<comp id="274" class="1004" name="tmp_161_fu_274">
<pin_list>
<pin id="275" dir="0" index="0" bw="15" slack="0"/>
<pin id="276" dir="0" index="1" bw="12" slack="0"/>
<pin id="277" dir="1" index="2" bw="15" slack="1"/>
</pin_list>
<bind>
<opcode="add(8) " fcode="add"/>
<opset="tmp_161/3 "/>
</bind>
</comp>

<comp id="280" class="1004" name="exitcond1_fu_280">
<pin_list>
<pin id="281" dir="0" index="0" bw="5" slack="0"/>
<pin id="282" dir="0" index="1" bw="5" slack="0"/>
<pin id="283" dir="1" index="2" bw="1" slack="2147483647"/>
</pin_list>
<bind>
<opcode="icmp(45) " fcode="icmp"/>
<opset="exitcond1/4 "/>
</bind>
</comp>

<comp id="286" class="1004" name="tmp_67_cast_fu_286">
<pin_list>
<pin id="287" dir="0" index="0" bw="5" slack="0"/>
<pin id="288" dir="1" index="1" bw="15" slack="0"/>
</pin_list>
<bind>
<opcode="zext(34) " fcode="zext"/>
<opset="tmp_67_cast/4 "/>
</bind>
</comp>

<comp id="290" class="1004" name="tmp_162_fu_290">
<pin_list>
<pin id="291" dir="0" index="0" bw="15" slack="1"/>
<pin id="292" dir="0" index="1" bw="5" slack="0"/>
<pin id="293" dir="1" index="2" bw="15" slack="0"/>
</pin_list>
<bind>
<opcode="add(8) " fcode="add"/>
<opset="tmp_162/4 "/>
</bind>
</comp>

<comp id="295" class="1004" name="tmp_224_cast_fu_295">
<pin_list>
<pin id="296" dir="0" index="0" bw="15" slack="0"/>
<pin id="297" dir="1" index="1" bw="64" slack="0"/>
</pin_list>
<bind>
<opcode="zext(34) " fcode="zext"/>
<opset="tmp_224_cast/4 "/>
</bind>
</comp>

<comp id="300" class="1004" name="h_11_fu_300">
<pin_list>
<pin id="301" dir="0" index="0" bw="5" slack="1"/>
<pin id="302" dir="0" index="1" bw="1" slack="0"/>
<pin id="303" dir="1" index="2" bw="5" slack="1"/>
</pin_list>
<bind>
<opcode="add(8) " fcode="add"/>
<opset="h_11/4 "/>
</bind>
</comp>

<comp id="306" class="1004" name="exitcond_fu_306">
<pin_list>
<pin id="307" dir="0" index="0" bw="6" slack="0"/>
<pin id="308" dir="0" index="1" bw="6" slack="0"/>
<pin id="309" dir="1" index="2" bw="1" slack="2147483647"/>
</pin_list>
<bind>
<opcode="icmp(45) " fcode="icmp"/>
<opset="exitcond/5 "/>
</bind>
</comp>

<comp id="312" class="1004" name="ci_5_fu_312">
<pin_list>
<pin id="313" dir="0" index="0" bw="6" slack="0"/>
<pin id="314" dir="0" index="1" bw="1" slack="0"/>
<pin id="315" dir="1" index="2" bw="6" slack="0"/>
</pin_list>
<bind>
<opcode="add(8) " fcode="add"/>
<opset="ci_5/5 "/>
</bind>
</comp>

<comp id="318" class="1004" name="tmp_68_cast_fu_318">
<pin_list>
<pin id="319" dir="0" index="0" bw="6" slack="0"/>
<pin id="320" dir="1" index="1" bw="13" slack="0"/>
</pin_list>
<bind>
<opcode="zext(34) " fcode="zext"/>
<opset="tmp_68_cast/5 "/>
</bind>
</comp>

<comp id="322" class="1004" name="tmp_163_fu_322">
<pin_list>
<pin id="323" dir="0" index="0" bw="6" slack="0"/>
<pin id="324" dir="0" index="1" bw="13" slack="3"/>
<pin id="325" dir="1" index="2" bw="13" slack="1"/>
</pin_list>
<bind>
<opcode="add(8) " fcode="add"/>
<opset="tmp_163/5 "/>
</bind>
</comp>

<comp id="327" class="1004" name="tmp_164_fu_327">
<pin_list>
<pin id="328" dir="0" index="0" bw="10" slack="0"/>
<pin id="329" dir="0" index="1" bw="6" slack="0"/>
<pin id="330" dir="0" index="2" bw="1" slack="0"/>
<pin id="331" dir="1" index="3" bw="10" slack="0"/>
</pin_list>
<bind>
<opcode="bitconcatenate(1004) " fcode="bitconcatenate"/>
<opset="tmp_164/5 "/>
</bind>
</comp>

<comp id="335" class="1004" name="p_shl8_cast_fu_335">
<pin_list>
<pin id="336" dir="0" index="0" bw="10" slack="0"/>
<pin id="337" dir="1" index="1" bw="11" slack="0"/>
</pin_list>
<bind>
<opcode="zext(34) " fcode="zext"/>
<opset="p_shl8_cast/5 "/>
</bind>
</comp>

<comp id="339" class="1004" name="tmp_165_fu_339">
<pin_list>
<pin id="340" dir="0" index="0" bw="7" slack="0"/>
<pin id="341" dir="0" index="1" bw="6" slack="0"/>
<pin id="342" dir="0" index="2" bw="1" slack="0"/>
<pin id="343" dir="1" index="3" bw="7" slack="0"/>
</pin_list>
<bind>
<opcode="bitconcatenate(1004) " fcode="bitconcatenate"/>
<opset="tmp_165/5 "/>
</bind>
</comp>

<comp id="347" class="1004" name="p_shl9_cast_fu_347">
<pin_list>
<pin id="348" dir="0" index="0" bw="7" slack="0"/>
<pin id="349" dir="1" index="1" bw="11" slack="0"/>
</pin_list>
<bind>
<opcode="zext(34) " fcode="zext"/>
<opset="p_shl9_cast/5 "/>
</bind>
</comp>

<comp id="351" class="1004" name="tmp_166_fu_351">
<pin_list>
<pin id="352" dir="0" index="0" bw="10" slack="0"/>
<pin id="353" dir="0" index="1" bw="7" slack="0"/>
<pin id="354" dir="1" index="2" bw="11" slack="0"/>
</pin_list>
<bind>
<opcode="add(8) " fcode="add"/>
<opset="tmp_166/5 "/>
</bind>
</comp>

<comp id="357" class="1004" name="tmp_167_fu_357">
<pin_list>
<pin id="358" dir="0" index="0" bw="5" slack="2"/>
<pin id="359" dir="0" index="1" bw="11" slack="0"/>
<pin id="360" dir="1" index="2" bw="11" slack="0"/>
</pin_list>
<bind>
<opcode="add(8) " fcode="add"/>
<opset="tmp_167/5 "/>
</bind>
</comp>

<comp id="362" class="1004" name="p_shl6_cast_fu_362">
<pin_list>
<pin id="363" dir="0" index="0" bw="15" slack="0"/>
<pin id="364" dir="0" index="1" bw="11" slack="0"/>
<pin id="365" dir="0" index="2" bw="1" slack="0"/>
<pin id="366" dir="1" index="3" bw="15" slack="0"/>
</pin_list>
<bind>
<opcode="bitconcatenate(1004) " fcode="bitconcatenate"/>
<opset="p_shl6_cast/5 "/>
</bind>
</comp>

<comp id="370" class="1004" name="tmp_72_fu_370">
<pin_list>
<pin id="371" dir="0" index="0" bw="12" slack="0"/>
<pin id="372" dir="0" index="1" bw="11" slack="0"/>
<pin id="373" dir="0" index="2" bw="1" slack="0"/>
<pin id="374" dir="1" index="3" bw="12" slack="0"/>
</pin_list>
<bind>
<opcode="bitconcatenate(1004) " fcode="bitconcatenate"/>
<opset="tmp_72/5 "/>
</bind>
</comp>

<comp id="378" class="1004" name="p_shl7_cast_fu_378">
<pin_list>
<pin id="379" dir="0" index="0" bw="12" slack="0"/>
<pin id="380" dir="1" index="1" bw="15" slack="0"/>
</pin_list>
<bind>
<opcode="zext(34) " fcode="zext"/>
<opset="p_shl7_cast/5 "/>
</bind>
</comp>

<comp id="382" class="1004" name="tmp_168_fu_382">
<pin_list>
<pin id="383" dir="0" index="0" bw="15" slack="0"/>
<pin id="384" dir="0" index="1" bw="12" slack="0"/>
<pin id="385" dir="1" index="2" bw="15" slack="0"/>
</pin_list>
<bind>
<opcode="add(8) " fcode="add"/>
<opset="tmp_168/5 "/>
</bind>
</comp>

<comp id="388" class="1004" name="tmp_169_fu_388">
<pin_list>
<pin id="389" dir="0" index="0" bw="5" slack="1"/>
<pin id="390" dir="0" index="1" bw="15" slack="0"/>
<pin id="391" dir="1" index="2" bw="15" slack="1"/>
</pin_list>
<bind>
<opcode="add(8) " fcode="add"/>
<opset="tmp_169/5 "/>
</bind>
</comp>

<comp id="393" class="1004" name="w_11_fu_393">
<pin_list>
<pin id="394" dir="0" index="0" bw="1" slack="0"/>
<pin id="395" dir="0" index="1" bw="5" slack="1"/>
<pin id="396" dir="1" index="2" bw="5" slack="1"/>
</pin_list>
<bind>
<opcode="add(8) " fcode="add"/>
<opset="w_11/5 "/>
</bind>
</comp>

<comp id="399" class="1004" name="tmp_225_cast_fu_399">
<pin_list>
<pin id="400" dir="0" index="0" bw="13" slack="1"/>
<pin id="401" dir="1" index="1" bw="64" slack="0"/>
</pin_list>
<bind>
<opcode="sext(35) " fcode="sext"/>
<opset="tmp_225_cast/6 "/>
</bind>
</comp>

<comp id="403" class="1004" name="tmp_233_cast_fu_403">
<pin_list>
<pin id="404" dir="0" index="0" bw="15" slack="1"/>
<pin id="405" dir="1" index="1" bw="64" slack="0"/>
</pin_list>
<bind>
<opcode="zext(34) " fcode="zext"/>
<opset="tmp_233_cast/6 "/>
</bind>
</comp>

<comp id="407" class="1004" name="result_to_int_fu_407">
<pin_list>
<pin id="408" dir="0" index="0" bw="32" slack="2"/>
<pin id="409" dir="1" index="1" bw="32" slack="0"/>
</pin_list>
<bind>
<opcode="bitcast(44) " fcode="bitcast"/>
<opset="result_to_int/24 "/>
</bind>
</comp>

<comp id="410" class="1004" name="tmp_21_fu_410">
<pin_list>
<pin id="411" dir="0" index="0" bw="8" slack="0"/>
<pin id="412" dir="0" index="1" bw="32" slack="0"/>
<pin id="413" dir="0" index="2" bw="6" slack="0"/>
<pin id="414" dir="0" index="3" bw="6" slack="0"/>
<pin id="415" dir="1" index="4" bw="8" slack="0"/>
</pin_list>
<bind>
<opcode="partselect(1002) " fcode="partselect"/>
<opset="tmp_21/24 "/>
</bind>
</comp>

<comp id="420" class="1004" name="tmp_71_fu_420">
<pin_list>
<pin id="421" dir="0" index="0" bw="32" slack="0"/>
<pin id="422" dir="1" index="1" bw="23" slack="0"/>
</pin_list>
<bind>
<opcode="trunc(33) " fcode="trunc"/>
<opset="tmp_71/24 "/>
</bind>
</comp>

<comp id="424" class="1004" name="notlhs_fu_424">
<pin_list>
<pin id="425" dir="0" index="0" bw="8" slack="0"/>
<pin id="426" dir="0" index="1" bw="8" slack="0"/>
<pin id="427" dir="1" index="2" bw="1" slack="0"/>
</pin_list>
<bind>
<opcode="icmp(45) " fcode="icmp"/>
<opset="notlhs/24 "/>
</bind>
</comp>

<comp id="430" class="1004" name="notrhs_fu_430">
<pin_list>
<pin id="431" dir="0" index="0" bw="23" slack="0"/>
<pin id="432" dir="0" index="1" bw="23" slack="0"/>
<pin id="433" dir="1" index="2" bw="1" slack="0"/>
</pin_list>
<bind>
<opcode="icmp(45) " fcode="icmp"/>
<opset="notrhs/24 "/>
</bind>
</comp>

<comp id="436" class="1004" name="tmp_23_fu_436">
<pin_list>
<pin id="437" dir="0" index="0" bw="1" slack="0"/>
<pin id="438" dir="0" index="1" bw="1" slack="0"/>
<pin id="439" dir="1" index="2" bw="1" slack="0"/>
</pin_list>
<bind>
<opcode="or(24) " fcode="or"/>
<opset="tmp_23/24 "/>
</bind>
</comp>

<comp id="442" class="1004" name="tmp_25_fu_442">
<pin_list>
<pin id="443" dir="0" index="0" bw="1" slack="0"/>
<pin id="444" dir="0" index="1" bw="1" slack="1"/>
<pin id="445" dir="1" index="2" bw="1" slack="0"/>
</pin_list>
<bind>
<opcode="and(23) " fcode="and"/>
<opset="tmp_25/24 "/>
</bind>
</comp>

<comp id="447" class="1004" name="result_5_fu_447">
<pin_list>
<pin id="448" dir="0" index="0" bw="1" slack="0"/>
<pin id="449" dir="0" index="1" bw="32" slack="2"/>
<pin id="450" dir="0" index="2" bw="32" slack="0"/>
<pin id="451" dir="1" index="3" bw="32" slack="0"/>
</pin_list>
<bind>
<opcode="select(49) " fcode="select"/>
<opset="result_5/24 "/>
</bind>
</comp>

<comp id="458" class="1005" name="co_11_reg_458">
<pin_list>
<pin id="459" dir="0" index="0" bw="6" slack="0"/>
<pin id="460" dir="1" index="1" bw="6" slack="0"/>
</pin_list>
<bind>
<opset="co_11 "/>
</bind>
</comp>

<comp id="463" class="1005" name="tmp_157_reg_463">
<pin_list>
<pin id="464" dir="0" index="0" bw="13" slack="3"/>
<pin id="465" dir="1" index="1" bw="13" slack="3"/>
</pin_list>
<bind>
<opset="tmp_157 "/>
</bind>
</comp>

<comp id="468" class="1005" name="tmp_159_reg_468">
<pin_list>
<pin id="469" dir="0" index="0" bw="11" slack="1"/>
<pin id="470" dir="1" index="1" bw="11" slack="1"/>
</pin_list>
<bind>
<opset="tmp_159 "/>
</bind>
</comp>

<comp id="473" class="1005" name="bias_addr_reg_473">
<pin_list>
<pin id="474" dir="0" index="0" bw="6" slack="3"/>
<pin id="475" dir="1" index="1" bw="6" slack="3"/>
</pin_list>
<bind>
<opset="bias_addr "/>
</bind>
</comp>

<comp id="481" class="1005" name="tmp_cast_reg_481">
<pin_list>
<pin id="482" dir="0" index="0" bw="11" slack="2"/>
<pin id="483" dir="1" index="1" bw="11" slack="2"/>
</pin_list>
<bind>
<opset="tmp_cast "/>
</bind>
</comp>

<comp id="486" class="1005" name="tmp_161_reg_486">
<pin_list>
<pin id="487" dir="0" index="0" bw="15" slack="1"/>
<pin id="488" dir="1" index="1" bw="15" slack="1"/>
</pin_list>
<bind>
<opset="tmp_161 "/>
</bind>
</comp>

<comp id="494" class="1005" name="tmp_67_cast_reg_494">
<pin_list>
<pin id="495" dir="0" index="0" bw="15" slack="1"/>
<pin id="496" dir="1" index="1" bw="15" slack="1"/>
</pin_list>
<bind>
<opset="tmp_67_cast "/>
</bind>
</comp>

<comp id="499" class="1005" name="ShuffleConvs_1_Downs_reg_499">
<pin_list>
<pin id="500" dir="0" index="0" bw="14" slack="9"/>
<pin id="501" dir="1" index="1" bw="14" slack="9"/>
</pin_list>
<bind>
<opset="ShuffleConvs_1_Downs "/>
</bind>
</comp>

<comp id="504" class="1005" name="h_11_reg_504">
<pin_list>
<pin id="505" dir="0" index="0" bw="5" slack="1"/>
<pin id="506" dir="1" index="1" bw="5" slack="1"/>
</pin_list>
<bind>
<opset="h_11 "/>
</bind>
</comp>

<comp id="512" class="1005" name="ci_5_reg_512">
<pin_list>
<pin id="513" dir="0" index="0" bw="6" slack="0"/>
<pin id="514" dir="1" index="1" bw="6" slack="0"/>
</pin_list>
<bind>
<opset="ci_5 "/>
</bind>
</comp>

<comp id="517" class="1005" name="tmp_163_reg_517">
<pin_list>
<pin id="518" dir="0" index="0" bw="13" slack="1"/>
<pin id="519" dir="1" index="1" bw="13" slack="1"/>
</pin_list>
<bind>
<opset="tmp_163 "/>
</bind>
</comp>

<comp id="522" class="1005" name="tmp_169_reg_522">
<pin_list>
<pin id="523" dir="0" index="0" bw="15" slack="1"/>
<pin id="524" dir="1" index="1" bw="15" slack="1"/>
</pin_list>
<bind>
<opset="tmp_169 "/>
</bind>
</comp>

<comp id="527" class="1005" name="w_11_reg_527">
<pin_list>
<pin id="528" dir="0" index="0" bw="5" slack="1"/>
<pin id="529" dir="1" index="1" bw="5" slack="1"/>
</pin_list>
<bind>
<opset="w_11 "/>
</bind>
</comp>

<comp id="532" class="1005" name="weight_addr_reg_532">
<pin_list>
<pin id="533" dir="0" index="0" bw="12" slack="1"/>
<pin id="534" dir="1" index="1" bw="12" slack="1"/>
</pin_list>
<bind>
<opset="weight_addr "/>
</bind>
</comp>

<comp id="537" class="1005" name="shuffleunit0_2_outpu_reg_537">
<pin_list>
<pin id="538" dir="0" index="0" bw="14" slack="1"/>
<pin id="539" dir="1" index="1" bw="14" slack="1"/>
</pin_list>
<bind>
<opset="shuffleunit0_2_outpu "/>
</bind>
</comp>

<comp id="542" class="1005" name="weight_load_reg_542">
<pin_list>
<pin id="543" dir="0" index="0" bw="32" slack="1"/>
<pin id="544" dir="1" index="1" bw="32" slack="1"/>
</pin_list>
<bind>
<opset="weight_load "/>
</bind>
</comp>

<comp id="547" class="1005" name="shuffleunit0_2_outpu_1_reg_547">
<pin_list>
<pin id="548" dir="0" index="0" bw="32" slack="1"/>
<pin id="549" dir="1" index="1" bw="32" slack="1"/>
</pin_list>
<bind>
<opset="shuffleunit0_2_outpu_1 "/>
</bind>
</comp>

<comp id="552" class="1005" name="tmp_69_reg_552">
<pin_list>
<pin id="553" dir="0" index="0" bw="32" slack="1"/>
<pin id="554" dir="1" index="1" bw="32" slack="1"/>
</pin_list>
<bind>
<opset="tmp_69 "/>
</bind>
</comp>

<comp id="557" class="1005" name="sum_12_reg_557">
<pin_list>
<pin id="558" dir="0" index="0" bw="32" slack="1"/>
<pin id="559" dir="1" index="1" bw="32" slack="1"/>
</pin_list>
<bind>
<opset="sum_12 "/>
</bind>
</comp>

<comp id="562" class="1005" name="bias_load_reg_562">
<pin_list>
<pin id="563" dir="0" index="0" bw="32" slack="1"/>
<pin id="564" dir="1" index="1" bw="32" slack="1"/>
</pin_list>
<bind>
<opset="bias_load "/>
</bind>
</comp>

<comp id="567" class="1005" name="result_reg_567">
<pin_list>
<pin id="568" dir="0" index="0" bw="32" slack="1"/>
<pin id="569" dir="1" index="1" bw="32" slack="1"/>
</pin_list>
<bind>
<opset="result "/>
</bind>
</comp>

<comp id="574" class="1005" name="tmp_24_reg_574">
<pin_list>
<pin id="575" dir="0" index="0" bw="1" slack="1"/>
<pin id="576" dir="1" index="1" bw="1" slack="1"/>
</pin_list>
<bind>
<opset="tmp_24 "/>
</bind>
</comp>

</comp_list>

<net_list>
<net id="57"><net_src comp="2" pin="0"/><net_sink comp="52" pin=0"/></net>

<net id="58"><net_src comp="28" pin="0"/><net_sink comp="52" pin=1"/></net>

<net id="64"><net_src comp="6" pin="0"/><net_sink comp="59" pin=0"/></net>

<net id="65"><net_src comp="28" pin="0"/><net_sink comp="59" pin=1"/></net>

<net id="75"><net_src comp="0" pin="0"/><net_sink comp="70" pin=0"/></net>

<net id="76"><net_src comp="28" pin="0"/><net_sink comp="70" pin=1"/></net>

<net id="82"><net_src comp="4" pin="0"/><net_sink comp="77" pin=0"/></net>

<net id="83"><net_src comp="28" pin="0"/><net_sink comp="77" pin=1"/></net>

<net id="88"><net_src comp="70" pin="3"/><net_sink comp="84" pin=0"/></net>

<net id="93"><net_src comp="77" pin="3"/><net_sink comp="89" pin=0"/></net>

<net id="101"><net_src comp="8" pin="0"/><net_sink comp="98" pin=0"/></net>

<net id="108"><net_src comp="98" pin="1"/><net_sink comp="102" pin=0"/></net>

<net id="112"><net_src comp="30" pin="0"/><net_sink comp="109" pin=0"/></net>

<net id="119"><net_src comp="109" pin="1"/><net_sink comp="113" pin=2"/></net>

<net id="120"><net_src comp="113" pin="4"/><net_sink comp="109" pin=0"/></net>

<net id="124"><net_src comp="30" pin="0"/><net_sink comp="121" pin=0"/></net>

<net id="131"><net_src comp="121" pin="1"/><net_sink comp="125" pin=2"/></net>

<net id="132"><net_src comp="125" pin="4"/><net_sink comp="121" pin=0"/></net>

<net id="136"><net_src comp="40" pin="0"/><net_sink comp="133" pin=0"/></net>

<net id="143"><net_src comp="133" pin="1"/><net_sink comp="137" pin=2"/></net>

<net id="144"><net_src comp="137" pin="4"/><net_sink comp="133" pin=0"/></net>

<net id="148"><net_src comp="8" pin="0"/><net_sink comp="145" pin=0"/></net>

<net id="155"><net_src comp="145" pin="1"/><net_sink comp="149" pin=2"/></net>

<net id="160"><net_src comp="133" pin="1"/><net_sink comp="156" pin=0"/></net>

<net id="169"><net_src comp="40" pin="0"/><net_sink comp="165" pin=1"/></net>

<net id="174"><net_src comp="102" pin="4"/><net_sink comp="170" pin=0"/></net>

<net id="175"><net_src comp="10" pin="0"/><net_sink comp="170" pin=1"/></net>

<net id="180"><net_src comp="102" pin="4"/><net_sink comp="176" pin=0"/></net>

<net id="181"><net_src comp="16" pin="0"/><net_sink comp="176" pin=1"/></net>

<net id="185"><net_src comp="102" pin="4"/><net_sink comp="182" pin=0"/></net>

<net id="186"><net_src comp="182" pin="1"/><net_sink comp="52" pin=2"/></net>

<net id="192"><net_src comp="18" pin="0"/><net_sink comp="187" pin=0"/></net>

<net id="193"><net_src comp="102" pin="4"/><net_sink comp="187" pin=1"/></net>

<net id="194"><net_src comp="8" pin="0"/><net_sink comp="187" pin=2"/></net>

<net id="198"><net_src comp="187" pin="3"/><net_sink comp="195" pin=0"/></net>

<net id="204"><net_src comp="20" pin="0"/><net_sink comp="199" pin=0"/></net>

<net id="205"><net_src comp="102" pin="4"/><net_sink comp="199" pin=1"/></net>

<net id="206"><net_src comp="22" pin="0"/><net_sink comp="199" pin=2"/></net>

<net id="210"><net_src comp="199" pin="3"/><net_sink comp="207" pin=0"/></net>

<net id="214"><net_src comp="199" pin="3"/><net_sink comp="211" pin=0"/></net>

<net id="219"><net_src comp="195" pin="1"/><net_sink comp="215" pin=0"/></net>

<net id="220"><net_src comp="211" pin="1"/><net_sink comp="215" pin=1"/></net>

<net id="226"><net_src comp="24" pin="0"/><net_sink comp="221" pin=0"/></net>

<net id="227"><net_src comp="102" pin="4"/><net_sink comp="221" pin=1"/></net>

<net id="228"><net_src comp="26" pin="0"/><net_sink comp="221" pin=2"/></net>

<net id="232"><net_src comp="221" pin="3"/><net_sink comp="229" pin=0"/></net>

<net id="237"><net_src comp="229" pin="1"/><net_sink comp="233" pin=0"/></net>

<net id="238"><net_src comp="207" pin="1"/><net_sink comp="233" pin=1"/></net>

<net id="243"><net_src comp="113" pin="4"/><net_sink comp="239" pin=0"/></net>

<net id="244"><net_src comp="32" pin="0"/><net_sink comp="239" pin=1"/></net>

<net id="248"><net_src comp="113" pin="4"/><net_sink comp="245" pin=0"/></net>

<net id="253"><net_src comp="245" pin="1"/><net_sink comp="249" pin=0"/></net>

<net id="259"><net_src comp="36" pin="0"/><net_sink comp="254" pin=0"/></net>

<net id="260"><net_src comp="249" pin="2"/><net_sink comp="254" pin=1"/></net>

<net id="261"><net_src comp="22" pin="0"/><net_sink comp="254" pin=2"/></net>

<net id="267"><net_src comp="38" pin="0"/><net_sink comp="262" pin=0"/></net>

<net id="268"><net_src comp="249" pin="2"/><net_sink comp="262" pin=1"/></net>

<net id="269"><net_src comp="26" pin="0"/><net_sink comp="262" pin=2"/></net>

<net id="273"><net_src comp="262" pin="3"/><net_sink comp="270" pin=0"/></net>

<net id="278"><net_src comp="254" pin="3"/><net_sink comp="274" pin=0"/></net>

<net id="279"><net_src comp="270" pin="1"/><net_sink comp="274" pin=1"/></net>

<net id="284"><net_src comp="125" pin="4"/><net_sink comp="280" pin=0"/></net>

<net id="285"><net_src comp="32" pin="0"/><net_sink comp="280" pin=1"/></net>

<net id="289"><net_src comp="125" pin="4"/><net_sink comp="286" pin=0"/></net>

<net id="294"><net_src comp="286" pin="1"/><net_sink comp="290" pin=1"/></net>

<net id="298"><net_src comp="290" pin="2"/><net_sink comp="295" pin=0"/></net>

<net id="299"><net_src comp="295" pin="1"/><net_sink comp="59" pin=2"/></net>

<net id="304"><net_src comp="109" pin="1"/><net_sink comp="300" pin=0"/></net>

<net id="305"><net_src comp="30" pin="0"/><net_sink comp="300" pin=1"/></net>

<net id="310"><net_src comp="149" pin="4"/><net_sink comp="306" pin=0"/></net>

<net id="311"><net_src comp="10" pin="0"/><net_sink comp="306" pin=1"/></net>

<net id="316"><net_src comp="149" pin="4"/><net_sink comp="312" pin=0"/></net>

<net id="317"><net_src comp="16" pin="0"/><net_sink comp="312" pin=1"/></net>

<net id="321"><net_src comp="149" pin="4"/><net_sink comp="318" pin=0"/></net>

<net id="326"><net_src comp="318" pin="1"/><net_sink comp="322" pin=0"/></net>

<net id="332"><net_src comp="20" pin="0"/><net_sink comp="327" pin=0"/></net>

<net id="333"><net_src comp="149" pin="4"/><net_sink comp="327" pin=1"/></net>

<net id="334"><net_src comp="22" pin="0"/><net_sink comp="327" pin=2"/></net>

<net id="338"><net_src comp="327" pin="3"/><net_sink comp="335" pin=0"/></net>

<net id="344"><net_src comp="24" pin="0"/><net_sink comp="339" pin=0"/></net>

<net id="345"><net_src comp="149" pin="4"/><net_sink comp="339" pin=1"/></net>

<net id="346"><net_src comp="26" pin="0"/><net_sink comp="339" pin=2"/></net>

<net id="350"><net_src comp="339" pin="3"/><net_sink comp="347" pin=0"/></net>

<net id="355"><net_src comp="335" pin="1"/><net_sink comp="351" pin=0"/></net>

<net id="356"><net_src comp="347" pin="1"/><net_sink comp="351" pin=1"/></net>

<net id="361"><net_src comp="351" pin="2"/><net_sink comp="357" pin=1"/></net>

<net id="367"><net_src comp="36" pin="0"/><net_sink comp="362" pin=0"/></net>

<net id="368"><net_src comp="357" pin="2"/><net_sink comp="362" pin=1"/></net>

<net id="369"><net_src comp="22" pin="0"/><net_sink comp="362" pin=2"/></net>

<net id="375"><net_src comp="38" pin="0"/><net_sink comp="370" pin=0"/></net>

<net id="376"><net_src comp="357" pin="2"/><net_sink comp="370" pin=1"/></net>

<net id="377"><net_src comp="26" pin="0"/><net_sink comp="370" pin=2"/></net>

<net id="381"><net_src comp="370" pin="3"/><net_sink comp="378" pin=0"/></net>

<net id="386"><net_src comp="362" pin="3"/><net_sink comp="382" pin=0"/></net>

<net id="387"><net_src comp="378" pin="1"/><net_sink comp="382" pin=1"/></net>

<net id="392"><net_src comp="382" pin="2"/><net_sink comp="388" pin=1"/></net>

<net id="397"><net_src comp="30" pin="0"/><net_sink comp="393" pin=0"/></net>

<net id="398"><net_src comp="121" pin="1"/><net_sink comp="393" pin=1"/></net>

<net id="402"><net_src comp="399" pin="1"/><net_sink comp="70" pin=2"/></net>

<net id="406"><net_src comp="403" pin="1"/><net_sink comp="77" pin=2"/></net>

<net id="416"><net_src comp="42" pin="0"/><net_sink comp="410" pin=0"/></net>

<net id="417"><net_src comp="407" pin="1"/><net_sink comp="410" pin=1"/></net>

<net id="418"><net_src comp="44" pin="0"/><net_sink comp="410" pin=2"/></net>

<net id="419"><net_src comp="46" pin="0"/><net_sink comp="410" pin=3"/></net>

<net id="423"><net_src comp="407" pin="1"/><net_sink comp="420" pin=0"/></net>

<net id="428"><net_src comp="410" pin="4"/><net_sink comp="424" pin=0"/></net>

<net id="429"><net_src comp="48" pin="0"/><net_sink comp="424" pin=1"/></net>

<net id="434"><net_src comp="420" pin="1"/><net_sink comp="430" pin=0"/></net>

<net id="435"><net_src comp="50" pin="0"/><net_sink comp="430" pin=1"/></net>

<net id="440"><net_src comp="430" pin="2"/><net_sink comp="436" pin=0"/></net>

<net id="441"><net_src comp="424" pin="2"/><net_sink comp="436" pin=1"/></net>

<net id="446"><net_src comp="436" pin="2"/><net_sink comp="442" pin=0"/></net>

<net id="452"><net_src comp="442" pin="2"/><net_sink comp="447" pin=0"/></net>

<net id="453"><net_src comp="40" pin="0"/><net_sink comp="447" pin=2"/></net>

<net id="454"><net_src comp="447" pin="3"/><net_sink comp="94" pin=1"/></net>

<net id="461"><net_src comp="176" pin="2"/><net_sink comp="458" pin=0"/></net>

<net id="462"><net_src comp="458" pin="1"/><net_sink comp="102" pin=2"/></net>

<net id="466"><net_src comp="215" pin="2"/><net_sink comp="463" pin=0"/></net>

<net id="467"><net_src comp="463" pin="1"/><net_sink comp="322" pin=1"/></net>

<net id="471"><net_src comp="233" pin="2"/><net_sink comp="468" pin=0"/></net>

<net id="472"><net_src comp="468" pin="1"/><net_sink comp="249" pin=1"/></net>

<net id="476"><net_src comp="52" pin="3"/><net_sink comp="473" pin=0"/></net>

<net id="477"><net_src comp="473" pin="1"/><net_sink comp="66" pin=0"/></net>

<net id="484"><net_src comp="245" pin="1"/><net_sink comp="481" pin=0"/></net>

<net id="485"><net_src comp="481" pin="1"/><net_sink comp="357" pin=0"/></net>

<net id="489"><net_src comp="274" pin="2"/><net_sink comp="486" pin=0"/></net>

<net id="490"><net_src comp="486" pin="1"/><net_sink comp="290" pin=0"/></net>

<net id="497"><net_src comp="286" pin="1"/><net_sink comp="494" pin=0"/></net>

<net id="498"><net_src comp="494" pin="1"/><net_sink comp="388" pin=0"/></net>

<net id="502"><net_src comp="59" pin="3"/><net_sink comp="499" pin=0"/></net>

<net id="503"><net_src comp="499" pin="1"/><net_sink comp="94" pin=0"/></net>

<net id="507"><net_src comp="300" pin="2"/><net_sink comp="504" pin=0"/></net>

<net id="508"><net_src comp="504" pin="1"/><net_sink comp="113" pin=0"/></net>

<net id="515"><net_src comp="312" pin="2"/><net_sink comp="512" pin=0"/></net>

<net id="516"><net_src comp="512" pin="1"/><net_sink comp="149" pin=0"/></net>

<net id="520"><net_src comp="322" pin="2"/><net_sink comp="517" pin=0"/></net>

<net id="521"><net_src comp="517" pin="1"/><net_sink comp="399" pin=0"/></net>

<net id="525"><net_src comp="388" pin="2"/><net_sink comp="522" pin=0"/></net>

<net id="526"><net_src comp="522" pin="1"/><net_sink comp="403" pin=0"/></net>

<net id="530"><net_src comp="393" pin="2"/><net_sink comp="527" pin=0"/></net>

<net id="531"><net_src comp="527" pin="1"/><net_sink comp="125" pin=0"/></net>

<net id="535"><net_src comp="70" pin="3"/><net_sink comp="532" pin=0"/></net>

<net id="536"><net_src comp="532" pin="1"/><net_sink comp="84" pin=0"/></net>

<net id="540"><net_src comp="77" pin="3"/><net_sink comp="537" pin=0"/></net>

<net id="541"><net_src comp="537" pin="1"/><net_sink comp="89" pin=0"/></net>

<net id="545"><net_src comp="84" pin="2"/><net_sink comp="542" pin=0"/></net>

<net id="546"><net_src comp="542" pin="1"/><net_sink comp="161" pin=0"/></net>

<net id="550"><net_src comp="89" pin="2"/><net_sink comp="547" pin=0"/></net>

<net id="551"><net_src comp="547" pin="1"/><net_sink comp="161" pin=1"/></net>

<net id="555"><net_src comp="161" pin="2"/><net_sink comp="552" pin=0"/></net>

<net id="556"><net_src comp="552" pin="1"/><net_sink comp="156" pin=1"/></net>

<net id="560"><net_src comp="156" pin="2"/><net_sink comp="557" pin=0"/></net>

<net id="561"><net_src comp="557" pin="1"/><net_sink comp="137" pin=0"/></net>

<net id="565"><net_src comp="66" pin="2"/><net_sink comp="562" pin=0"/></net>

<net id="566"><net_src comp="562" pin="1"/><net_sink comp="156" pin=1"/></net>

<net id="570"><net_src comp="156" pin="2"/><net_sink comp="567" pin=0"/></net>

<net id="571"><net_src comp="567" pin="1"/><net_sink comp="165" pin=0"/></net>

<net id="572"><net_src comp="567" pin="1"/><net_sink comp="407" pin=0"/></net>

<net id="573"><net_src comp="567" pin="1"/><net_sink comp="447" pin=1"/></net>

<net id="577"><net_src comp="165" pin="2"/><net_sink comp="574" pin=0"/></net>

<net id="578"><net_src comp="574" pin="1"/><net_sink comp="442" pin=1"/></net>

</net_list>

</model> 
---------------- Datapath Model END ------------------

* FSMD analyzer results:
  - Output states:
	Port: weight | {}
	Port: bias | {}
	Port: shuffleunit0_2_outpu | {}
	Port: ShuffleConvs_1_Downs | {24 }
 - Input state : 
	Port: subconv_1x1_16p_p : weight | {6 7 }
	Port: subconv_1x1_16p_p : bias | {5 17 }
	Port: subconv_1x1_16p_p : shuffleunit0_2_outpu | {6 7 }
	Port: subconv_1x1_16p_p : ShuffleConvs_1_Downs | {}
  - Chain level:
	State 1
	State 2
		exitcond3 : 1
		co_11 : 1
		StgValue_30 : 2
		tmp : 1
		tmp_s : 1
		p_shl2_cast : 2
		tmp_156 : 1
		p_shl3_cast1 : 2
		p_shl3_cast : 2
		tmp_157 : 3
		tmp_158 : 1
		p_shl1_cast : 2
		tmp_159 : 3
		bias_addr : 2
	State 3
		exitcond2 : 1
		StgValue_47 : 2
		tmp_cast : 1
		tmp_160 : 2
		p_shl4_cast : 3
		tmp_70 : 3
		p_shl5_cast : 4
		tmp_161 : 5
	State 4
		exitcond1 : 1
		StgValue_59 : 2
		tmp_67_cast : 1
		tmp_162 : 2
		tmp_224_cast : 3
		ShuffleConvs_1_Downs : 4
	State 5
		exitcond : 1
		ci_5 : 1
		StgValue_72 : 2
		tmp_68_cast : 1
		tmp_163 : 2
		tmp_164 : 1
		p_shl8_cast : 2
		tmp_165 : 1
		p_shl9_cast : 2
		tmp_166 : 3
		tmp_167 : 4
		p_shl6_cast : 5
		tmp_72 : 5
		p_shl7_cast : 6
		tmp_168 : 7
		tmp_169 : 8
	State 6
		weight_addr : 1
		shuffleunit0_2_outpu : 1
		weight_load : 2
		shuffleunit0_2_outpu_1 : 2
	State 7
	State 8
	State 9
	State 10
	State 11
	State 12
	State 13
	State 14
	State 15
	State 16
	State 17
	State 18
	State 19
	State 20
	State 21
	State 22
	State 23
	State 24
		tmp_21 : 1
		tmp_71 : 1
		notlhs : 2
		notrhs : 2
		tmp_23 : 3
		tmp_25 : 3
		result_5 : 3
		StgValue_121 : 4


============================================================
+ Verbose Summary: Datapath Resource usage 
============================================================

* Functional unit list:
|----------|---------------------|---------|---------|---------|
| Operation|   Functional Unit   |  DSP48E |    FF   |   LUT   |
|----------|---------------------|---------|---------|---------|
|   fadd   |      grp_fu_156     |    2    |   205   |   390   |
|----------|---------------------|---------|---------|---------|
|          |     co_11_fu_176    |    0    |    23   |    11   |
|          |    tmp_159_fu_233   |    0    |    35   |    15   |
|          |    tmp_160_fu_249   |    0    |    38   |    16   |
|          |    tmp_161_fu_274   |    0    |    50   |    20   |
|          |    tmp_162_fu_290   |    0    |    50   |    20   |
|          |     h_11_fu_300     |    0    |    20   |    10   |
|    add   |     ci_5_fu_312     |    0    |    23   |    11   |
|          |    tmp_163_fu_322   |    0    |    44   |    18   |
|          |    tmp_166_fu_351   |    0    |    0    |    12   |
|          |    tmp_167_fu_357   |    0    |    0    |    12   |
|          |    tmp_168_fu_382   |    0    |    0    |    12   |
|          |    tmp_169_fu_388   |    0    |    0    |    12   |
|          |     w_11_fu_393     |    0    |    20   |    10   |
|----------|---------------------|---------|---------|---------|
|   fmul   |      grp_fu_161     |    3    |   143   |   321   |
|----------|---------------------|---------|---------|---------|
|   fcmp   |    tmp_24_fu_165    |    0    |    66   |   239   |
|----------|---------------------|---------|---------|---------|
|    sub   |    tmp_157_fu_215   |    0    |    41   |    17   |
|----------|---------------------|---------|---------|---------|
|  select  |   result_5_fu_447   |    0    |    0    |    32   |
|----------|---------------------|---------|---------|---------|
|          |   exitcond3_fu_170  |    0    |    0    |    3    |
|          |   exitcond2_fu_239  |    0    |    0    |    2    |
|   icmp   |   exitcond1_fu_280  |    0    |    0    |    2    |
|          |   exitcond_fu_306   |    0    |    0    |    3    |
|          |    notlhs_fu_424    |    0    |    0    |    4    |
|          |    notrhs_fu_430    |    0    |    0    |    13   |
|----------|---------------------|---------|---------|---------|
|    or    |    tmp_23_fu_436    |    0    |    0    |    2    |
|----------|---------------------|---------|---------|---------|
|    and   |    tmp_25_fu_442    |    0    |    0    |    2    |
|----------|---------------------|---------|---------|---------|
|          |      tmp_fu_182     |    0    |    0    |    0    |
|          |  p_shl2_cast_fu_195 |    0    |    0    |    0    |
|          | p_shl3_cast1_fu_207 |    0    |    0    |    0    |
|          |  p_shl3_cast_fu_211 |    0    |    0    |    0    |
|          |  p_shl1_cast_fu_229 |    0    |    0    |    0    |
|          |   tmp_cast_fu_245   |    0    |    0    |    0    |
|   zext   |  p_shl5_cast_fu_270 |    0    |    0    |    0    |
|          |  tmp_67_cast_fu_286 |    0    |    0    |    0    |
|          | tmp_224_cast_fu_295 |    0    |    0    |    0    |
|          |  tmp_68_cast_fu_318 |    0    |    0    |    0    |
|          |  p_shl8_cast_fu_335 |    0    |    0    |    0    |
|          |  p_shl9_cast_fu_347 |    0    |    0    |    0    |
|          |  p_shl7_cast_fu_378 |    0    |    0    |    0    |
|          | tmp_233_cast_fu_403 |    0    |    0    |    0    |
|----------|---------------------|---------|---------|---------|
|          |     tmp_s_fu_187    |    0    |    0    |    0    |
|          |    tmp_156_fu_199   |    0    |    0    |    0    |
|          |    tmp_158_fu_221   |    0    |    0    |    0    |
|          |  p_shl4_cast_fu_254 |    0    |    0    |    0    |
|bitconcatenate|    tmp_70_fu_262    |    0    |    0    |    0    |
|          |    tmp_164_fu_327   |    0    |    0    |    0    |
|          |    tmp_165_fu_339   |    0    |    0    |    0    |
|          |  p_shl6_cast_fu_362 |    0    |    0    |    0    |
|          |    tmp_72_fu_370    |    0    |    0    |    0    |
|----------|---------------------|---------|---------|---------|
|   sext   | tmp_225_cast_fu_399 |    0    |    0    |    0    |
|----------|---------------------|---------|---------|---------|
|partselect|    tmp_21_fu_410    |    0    |    0    |    0    |
|----------|---------------------|---------|---------|---------|
|   trunc  |    tmp_71_fu_420    |    0    |    0    |    0    |
|----------|---------------------|---------|---------|---------|
|   Total  |                     |    5    |   758   |   1209  |
|----------|---------------------|---------|---------|---------|

Memories:
N/A

* Register list:
+------------------------------+--------+
|                              |   FF   |
+------------------------------+--------+
| ShuffleConvs_1_Downs_reg_499 |   14   |
|       bias_addr_reg_473      |    6   |
|       bias_load_reg_562      |   32   |
|         ci_5_reg_512         |    6   |
|          ci_reg_145          |    6   |
|         co_11_reg_458        |    6   |
|           co_reg_98          |    6   |
|         h_11_reg_504         |    5   |
|           h_reg_109          |    5   |
|        result_reg_567        |   32   |
|shuffleunit0_2_outpu_1_reg_547|   32   |
| shuffleunit0_2_outpu_reg_537 |   14   |
|        sum_12_reg_557        |   32   |
|          sum_reg_133         |   32   |
|        tmp_157_reg_463       |   13   |
|        tmp_159_reg_468       |   11   |
|        tmp_161_reg_486       |   15   |
|        tmp_163_reg_517       |   13   |
|        tmp_169_reg_522       |   15   |
|        tmp_24_reg_574        |    1   |
|      tmp_67_cast_reg_494     |   15   |
|        tmp_69_reg_552        |   32   |
|       tmp_cast_reg_481       |   11   |
|         w_11_reg_527         |    5   |
|           w_reg_121          |    5   |
|      weight_addr_reg_532     |   12   |
|      weight_load_reg_542     |   32   |
+------------------------------+--------+
|             Total            |   408  |
+------------------------------+--------+

* Multiplexer (MUX) list: 
|------------------|------|------|------|--------||---------||---------|
|       Comp       |  Pin | Size |  BW  | S x BW ||  Delay  ||   LUT   |
|------------------|------|------|------|--------||---------||---------|
| grp_access_fu_84 |  p0  |   2  |  12  |   24   ||    9    |
| grp_access_fu_89 |  p0  |   2  |  14  |   28   ||    9    |
|     h_reg_109    |  p0  |   2  |   5  |   10   ||    9    |
|     w_reg_121    |  p0  |   2  |   5  |   10   ||    9    |
|    sum_reg_133   |  p0  |   2  |  32  |   64   ||    9    |
|    grp_fu_156    |  p1  |   2  |  32  |   64   ||    9    |
|------------------|------|------|------|--------||---------||---------|
|       Total      |      |      |      |   200  ||  9.528  ||    54   |
|------------------|------|------|------|--------||---------||---------|



* Summary:
+-----------+--------+--------+--------+--------+
|           | DSP48E |  Delay |   FF   |   LUT  |
+-----------+--------+--------+--------+--------+
|  Function |    5   |    -   |   758  |  1209  |
|   Memory  |    -   |    -   |    -   |    -   |
|Multiplexer|    -   |    9   |    -   |   54   |
|  Register |    -   |    -   |   408  |    -   |
+-----------+--------+--------+--------+--------+
|   Total   |    5   |    9   |  1166  |  1263  |
+-----------+--------+--------+--------+--------+
