

================================================================
== Vivado HLS Report for 'fc'
================================================================
* Date:           Fri Dec 21 19:45:39 2018

* Version:        2017.2 (Build 1909853 on Thu Jun 15 18:55:24 MDT 2017)
* Project:        acceleartor_hls_padding
* Solution:       try_single_function
* Product family: zynq
* Target device:  xc7z020clg484-1


================================================================
== Performance Estimates
================================================================
+ Timing (ns): 
    * Summary: 
    +--------+-------+----------+------------+
    |  Clock | Target| Estimated| Uncertainty|
    +--------+-------+----------+------------+
    |ap_clk  |  10.00|      8.75|        1.25|
    +--------+-------+----------+------------+

+ Latency (clock cycles): 
    * Summary: 
    +-------+-------+-------+-------+---------+
    |    Latency    |    Interval   | Pipeline|
    |  min  |  max  |  min  |  max  |   Type  |
    +-------+-------+-------+-------+---------+
    |  30845|  30845|  30845|  30845|   none  |
    +-------+-------+-------+-------+---------+

    + Detail: 
        * Instance: 
        N/A

        * Loop: 
        +-------------+-------+-------+----------+-----------+-----------+------+----------+
        |             |    Latency    | Iteration|  Initiation Interval  | Trip |          |
        |  Loop Name  |  min  |  max  |  Latency |  achieved |   target  | Count| Pipelined|
        +-------------+-------+-------+----------+-----------+-----------+------+----------+
        |- Loop 1     |  30840|  30840|      3084|          -|          -|    10|    no    |
        | + Loop 1.1  |   3072|   3072|         6|          -|          -|   512|    no    |
        +-------------+-------+-------+----------+-----------+-----------+------+----------+

============================================================
+ Verbose Summary: Synthesis Manager
============================================================
InlineROM: 1
ExposeGlobal: 0
============================================================
+ Verbose Summary: CDFG Model
============================================================
IsTopModel: 0
ResetActiveHigh: 1
IsCombinational: 0
IsDatapathOnly: 0
HasWiredReturn: 1
HasMFsm: 0
HasVarLatency: 1
IsPipeline: 0
IsRtlPipelined: 0
IsInstanceOverlapped: 0
IsDontTouch: 0
HasImplIP: 0
IsGatedGlobalClock: 0


============================================================
+ Verbose Summary: Schedule
============================================================
* Number of FSM states: 22
* Pipeline: 0
* Dataflow Pipeline: 0

* FSM state transitions: 
1 --> 
	2  / true
2 --> 
	3  / (!exitcond42)
	19  / (exitcond42)
3 --> 
	4  / true
4 --> 
	5  / true
5 --> 
	6  / true
6 --> 
	7  / true
7 --> 
	8  / true
8 --> 
	9  / true
9 --> 
	10  / true
10 --> 
	11  / (!exitcond)
	16  / (exitcond)
11 --> 
	12  / true
12 --> 
	13  / true
13 --> 
	14  / true
14 --> 
	15  / true
15 --> 
	10  / true
16 --> 
	17  / true
17 --> 
	18  / true
18 --> 
	2  / true
19 --> 
	20  / true
20 --> 
	21  / true
21 --> 
	22  / true
22 --> 
* FSM state operations: 

 <State 1>: 8.75ns
ST_1: fc_output_V15_read (7)  [1/1] 0.00ns
:0  %fc_output_V15_read = call i32 @_ssdm_op_Read.ap_auto.i32(i32 %fc_output_V15)

ST_1: fc_weight_V11_read (8)  [1/1] 0.00ns
:1  %fc_weight_V11_read = call i32 @_ssdm_op_Read.ap_auto.i32(i32 %fc_weight_V11)

ST_1: output_V_addr (9)  [1/1] 0.00ns
:2  %output_V_addr = getelementptr i8* %output_V, i32 %fc_output_V15_read

ST_1: StgValue_26 (10)  [1/1] 0.00ns
:3  call void (...)* @_ssdm_op_SpecInterface(i8* %output_V, [6 x i8]* @p_str, i32 0, i32 0, [1 x i8]* @p_str30, i32 0, i32 1000, [18 x i8]* @p_str31, [6 x i8]* @p_str32, [1 x i8]* @p_str30, i32 16, i32 16, i32 16, i32 16, [1 x i8]* @p_str30, [1 x i8]* @p_str30)

ST_1: StgValue_27 (11)  [1/1] 0.00ns
:4  call void (...)* @_ssdm_op_SpecInterface(i8* %weight_V, [6 x i8]* @p_str, i32 0, i32 0, [1 x i8]* @p_str30, i32 0, i32 5120, [19 x i8]* @p_str33, [6 x i8]* @p_str32, [1 x i8]* @p_str30, i32 16, i32 16, i32 16, i32 16, [1 x i8]* @p_str30, [1 x i8]* @p_str30)

ST_1: output_V_addr_wr_req (12)  [1/1] 8.75ns  loc: acceleartor_hls_padding/components.cpp:1451
:5  %output_V_addr_wr_req = call i1 @_ssdm_op_WriteReq.m_axi.i8P(i8* %output_V_addr, i32 10)

ST_1: StgValue_29 (13)  [1/1] 1.59ns  loc: acceleartor_hls_padding/components.cpp:1444
:6  br label %1


 <State 2>: 8.75ns
ST_2: co (15)  [1/1] 0.00ns
:0  %co = phi i4 [ 0, %0 ], [ %co_33, %_ifconv1 ]

ST_2: co_cast5 (16)  [1/1] 0.00ns  loc: acceleartor_hls_padding/components.cpp:1444
:1  %co_cast5 = zext i4 %co to i32

ST_2: tmp_564 (17)  [1/1] 0.00ns  loc: acceleartor_hls_padding/components.cpp:1444
:2  %tmp_564 = call i13 @_ssdm_op_BitConcatenate.i13.i4.i9(i4 %co, i9 0)

ST_2: exitcond42 (18)  [1/1] 3.10ns  loc: acceleartor_hls_padding/components.cpp:1444
:3  %exitcond42 = icmp eq i4 %co, -6

ST_2: empty (19)  [1/1] 0.00ns
:4  %empty = call i32 (...)* @_ssdm_op_SpecLoopTripCount(i64 10, i64 10, i64 10)

ST_2: co_33 (20)  [1/1] 2.35ns  loc: acceleartor_hls_padding/components.cpp:1444
:5  %co_33 = add i4 %co, 1

ST_2: StgValue_36 (21)  [1/1] 0.00ns  loc: acceleartor_hls_padding/components.cpp:1444
:6  br i1 %exitcond42, label %2, label %_ZrsILi32ELb0EE11ap_int_baseIXT_EXT0_EXleT_Li64EEERKS1_i.exit1._crit_edge.i.i.preheader

ST_2: tmp_2066 (23)  [1/1] 0.00ns  loc: acceleartor_hls_padding/components.cpp:1447
_ZrsILi32ELb0EE11ap_int_baseIXT_EXT0_EXleT_Li64EEERKS1_i.exit1._crit_edge.i.i.preheader:0  %tmp_2066 = zext i13 %tmp_564 to i32

ST_2: tmp_2067 (24)  [1/1] 2.90ns  loc: acceleartor_hls_padding/components.cpp:1447
_ZrsILi32ELb0EE11ap_int_baseIXT_EXT0_EXleT_Li64EEERKS1_i.exit1._crit_edge.i.i.preheader:1  %tmp_2067 = add i32 %tmp_2066, %fc_weight_V11_read

ST_2: weight_V_addr (25)  [1/1] 0.00ns  loc: acceleartor_hls_padding/components.cpp:1447
_ZrsILi32ELb0EE11ap_int_baseIXT_EXT0_EXleT_Li64EEERKS1_i.exit1._crit_edge.i.i.preheader:2  %weight_V_addr = getelementptr i8* %weight_V, i32 %tmp_2067

ST_2: output_V_addr_wr_res (99)  [5/5] 8.75ns  loc: acceleartor_hls_padding/components.cpp:1451
:0  %output_V_addr_wr_res = call i1 @_ssdm_op_WriteResp.m_axi.i8P(i8* %output_V_addr)


 <State 3>: 8.75ns
ST_3: p_rd_req (26)  [7/7] 8.75ns  loc: acceleartor_hls_padding/components.cpp:1447
_ZrsILi32ELb0EE11ap_int_baseIXT_EXT0_EXleT_Li64EEERKS1_i.exit1._crit_edge.i.i.preheader:3  %p_rd_req = call i1 @_ssdm_op_ReadReq.m_axi.i8P(i8* %weight_V_addr, i32 512)


 <State 4>: 8.75ns
ST_4: p_rd_req (26)  [6/7] 8.75ns  loc: acceleartor_hls_padding/components.cpp:1447
_ZrsILi32ELb0EE11ap_int_baseIXT_EXT0_EXleT_Li64EEERKS1_i.exit1._crit_edge.i.i.preheader:3  %p_rd_req = call i1 @_ssdm_op_ReadReq.m_axi.i8P(i8* %weight_V_addr, i32 512)


 <State 5>: 8.75ns
ST_5: p_rd_req (26)  [5/7] 8.75ns  loc: acceleartor_hls_padding/components.cpp:1447
_ZrsILi32ELb0EE11ap_int_baseIXT_EXT0_EXleT_Li64EEERKS1_i.exit1._crit_edge.i.i.preheader:3  %p_rd_req = call i1 @_ssdm_op_ReadReq.m_axi.i8P(i8* %weight_V_addr, i32 512)


 <State 6>: 8.75ns
ST_6: p_rd_req (26)  [4/7] 8.75ns  loc: acceleartor_hls_padding/components.cpp:1447
_ZrsILi32ELb0EE11ap_int_baseIXT_EXT0_EXleT_Li64EEERKS1_i.exit1._crit_edge.i.i.preheader:3  %p_rd_req = call i1 @_ssdm_op_ReadReq.m_axi.i8P(i8* %weight_V_addr, i32 512)


 <State 7>: 8.75ns
ST_7: p_rd_req (26)  [3/7] 8.75ns  loc: acceleartor_hls_padding/components.cpp:1447
_ZrsILi32ELb0EE11ap_int_baseIXT_EXT0_EXleT_Li64EEERKS1_i.exit1._crit_edge.i.i.preheader:3  %p_rd_req = call i1 @_ssdm_op_ReadReq.m_axi.i8P(i8* %weight_V_addr, i32 512)


 <State 8>: 8.75ns
ST_8: p_rd_req (26)  [2/7] 8.75ns  loc: acceleartor_hls_padding/components.cpp:1447
_ZrsILi32ELb0EE11ap_int_baseIXT_EXT0_EXleT_Li64EEERKS1_i.exit1._crit_edge.i.i.preheader:3  %p_rd_req = call i1 @_ssdm_op_ReadReq.m_axi.i8P(i8* %weight_V_addr, i32 512)


 <State 9>: 8.75ns
ST_9: p_rd_req (26)  [1/7] 8.75ns  loc: acceleartor_hls_padding/components.cpp:1447
_ZrsILi32ELb0EE11ap_int_baseIXT_EXT0_EXleT_Li64EEERKS1_i.exit1._crit_edge.i.i.preheader:3  %p_rd_req = call i1 @_ssdm_op_ReadReq.m_axi.i8P(i8* %weight_V_addr, i32 512)

ST_9: StgValue_48 (27)  [1/1] 1.59ns  loc: acceleartor_hls_padding/components.cpp:1446
_ZrsILi32ELb0EE11ap_int_baseIXT_EXT0_EXleT_Li64EEERKS1_i.exit1._crit_edge.i.i.preheader:4  br label %_ZrsILi32ELb0EE11ap_int_baseIXT_EXT0_EXleT_Li64EEERKS1_i.exit1._crit_edge.i.i


 <State 10>: 3.25ns
ST_10: p_Val2_s (29)  [1/1] 0.00ns
_ZrsILi32ELb0EE11ap_int_baseIXT_EXT0_EXleT_Li64EEERKS1_i.exit1._crit_edge.i.i:0  %p_Val2_s = phi i8 [ %sum_V, %_ifconv ], [ 0, %_ZrsILi32ELb0EE11ap_int_baseIXT_EXT0_EXleT_Li64EEERKS1_i.exit1._crit_edge.i.i.preheader ]

ST_10: ci (30)  [1/1] 0.00ns
_ZrsILi32ELb0EE11ap_int_baseIXT_EXT0_EXleT_Li64EEERKS1_i.exit1._crit_edge.i.i:1  %ci = phi i10 [ %ci_14, %_ifconv ], [ 0, %_ZrsILi32ELb0EE11ap_int_baseIXT_EXT0_EXleT_Li64EEERKS1_i.exit1._crit_edge.i.i.preheader ]

ST_10: ci_cast4 (31)  [1/1] 0.00ns  loc: acceleartor_hls_padding/components.cpp:1446
_ZrsILi32ELb0EE11ap_int_baseIXT_EXT0_EXleT_Li64EEERKS1_i.exit1._crit_edge.i.i:2  %ci_cast4 = zext i10 %ci to i32

ST_10: exitcond (32)  [1/1] 3.02ns  loc: acceleartor_hls_padding/components.cpp:1446
_ZrsILi32ELb0EE11ap_int_baseIXT_EXT0_EXleT_Li64EEERKS1_i.exit1._crit_edge.i.i:3  %exitcond = icmp eq i10 %ci, -512

ST_10: empty_471 (33)  [1/1] 0.00ns
_ZrsILi32ELb0EE11ap_int_baseIXT_EXT0_EXleT_Li64EEERKS1_i.exit1._crit_edge.i.i:4  %empty_471 = call i32 (...)* @_ssdm_op_SpecLoopTripCount(i64 512, i64 512, i64 512)

ST_10: ci_14 (34)  [1/1] 2.32ns  loc: acceleartor_hls_padding/components.cpp:1446
_ZrsILi32ELb0EE11ap_int_baseIXT_EXT0_EXleT_Li64EEERKS1_i.exit1._crit_edge.i.i:5  %ci_14 = add i10 %ci, 1

ST_10: StgValue_55 (35)  [1/1] 0.00ns  loc: acceleartor_hls_padding/components.cpp:1446
_ZrsILi32ELb0EE11ap_int_baseIXT_EXT0_EXleT_Li64EEERKS1_i.exit1._crit_edge.i.i:6  br i1 %exitcond, label %_ifconv1, label %_ifconv

ST_10: avgpool_output_V_add (39)  [1/1] 0.00ns  loc: acceleartor_hls_padding/components.cpp:1447
_ifconv:2  %avgpool_output_V_add = getelementptr [512 x i8]* @avgpool_output_V, i32 0, i32 %ci_cast4

ST_10: avgpool_output_V_loa (40)  [2/2] 3.25ns  loc: acceleartor_hls_padding/components.cpp:1447
_ifconv:3  %avgpool_output_V_loa = load i8* %avgpool_output_V_add, align 1

ST_10: bias_V_addr (81)  [1/1] 0.00ns  loc: acceleartor_hls_padding/components.cpp:1450
_ifconv1:1  %bias_V_addr = getelementptr [10 x i8]* %bias_V, i32 0, i32 %co_cast5

ST_10: p_Val2_53 (82)  [2/2] 2.32ns  loc: acceleartor_hls_padding/components.cpp:1450
_ifconv1:2  %p_Val2_53 = load i8* %bias_V_addr, align 1


 <State 11>: 8.75ns
ST_11: weight_V_addr_read (37)  [1/1] 8.75ns  loc: acceleartor_hls_padding/components.cpp:1447
_ifconv:0  %weight_V_addr_read = call i8 @_ssdm_op_Read.m_axi.i8P(i8* %weight_V_addr)

ST_11: avgpool_output_V_loa (40)  [1/2] 3.25ns  loc: acceleartor_hls_padding/components.cpp:1447
_ifconv:3  %avgpool_output_V_loa = load i8* %avgpool_output_V_add, align 1


 <State 12>: 6.43ns
ST_12: OP1_V (38)  [1/1] 0.00ns  loc: acceleartor_hls_padding/components.cpp:1447
_ifconv:1  %OP1_V = sext i8 %weight_V_addr_read to i16

ST_12: OP2_V (41)  [1/1] 0.00ns  loc: acceleartor_hls_padding/components.cpp:1447
_ifconv:4  %OP2_V = sext i8 %avgpool_output_V_loa to i16

ST_12: p_Val2_56 (42)  [1/1] 6.43ns  loc: acceleartor_hls_padding/components.cpp:1447
_ifconv:5  %p_Val2_56 = mul i16 %OP2_V, %OP1_V

ST_12: tmp_2071 (48)  [1/1] 0.00ns  loc: acceleartor_hls_padding/components.cpp:1447
_ifconv:11  %tmp_2071 = call i1 @_ssdm_op_BitSelect.i1.i16.i32(i16 %p_Val2_56, i32 5)


 <State 13>: 6.78ns
ST_13: tmp_126 (43)  [1/1] 0.00ns  loc: acceleartor_hls_padding/components.cpp:1447
_ifconv:6  %tmp_126 = call i14 @_ssdm_op_BitConcatenate.i14.i8.i6(i8 %p_Val2_s, i6 0)

ST_13: tmp_126_cast (44)  [1/1] 0.00ns  loc: acceleartor_hls_padding/components.cpp:1447
_ifconv:7  %tmp_126_cast = sext i14 %tmp_126 to i16

ST_13: p_Val2_57 (45)  [1/1] 2.39ns  loc: acceleartor_hls_padding/components.cpp:1447
_ifconv:8  %p_Val2_57 = add i16 %p_Val2_56, %tmp_126_cast

ST_13: signbit (46)  [1/1] 0.00ns  loc: acceleartor_hls_padding/components.cpp:1447
_ifconv:9  %signbit = call i1 @_ssdm_op_BitSelect.i1.i16.i32(i16 %p_Val2_57, i32 15)

ST_13: p_Val2_58 (47)  [1/1] 0.00ns  loc: acceleartor_hls_padding/components.cpp:1447
_ifconv:10  %p_Val2_58 = call i8 @_ssdm_op_PartSelect.i8.i16.i32.i32(i16 %p_Val2_57, i32 6, i32 13)

ST_13: tmp_129 (49)  [1/1] 0.00ns  loc: acceleartor_hls_padding/components.cpp:1447
_ifconv:12  %tmp_129 = zext i1 %tmp_2071 to i8

ST_13: tmp_2072 (50)  [1/1] 0.00ns  loc: acceleartor_hls_padding/components.cpp:1447 (grouped into LUT with out node carry)
_ifconv:13  %tmp_2072 = call i1 @_ssdm_op_BitSelect.i1.i16.i32(i16 %p_Val2_57, i32 13)

ST_13: p_Val2_59 (51)  [1/1] 2.32ns  loc: acceleartor_hls_padding/components.cpp:1447
_ifconv:14  %p_Val2_59 = add i8 %tmp_129, %p_Val2_58

ST_13: newsignbit (52)  [1/1] 0.00ns  loc: acceleartor_hls_padding/components.cpp:1447
_ifconv:15  %newsignbit = call i1 @_ssdm_op_BitSelect.i1.i8.i32(i8 %p_Val2_59, i32 7)

ST_13: tmp_132 (53)  [1/1] 0.00ns  loc: acceleartor_hls_padding/components.cpp:1447 (grouped into LUT with out node carry)
_ifconv:16  %tmp_132 = xor i1 %newsignbit, true

ST_13: carry (54)  [1/1] 2.07ns  loc: acceleartor_hls_padding/components.cpp:1447 (out node of the LUT)
_ifconv:17  %carry = and i1 %tmp_2072, %tmp_132

ST_13: tmp_242 (56)  [1/1] 0.00ns  loc: acceleartor_hls_padding/components.cpp:1447
_ifconv:19  %tmp_242 = call i2 @_ssdm_op_PartSelect.i2.i16.i32.i32(i16 %p_Val2_57, i32 14, i32 15)


 <State 14>: 8.28ns
ST_14: tmp_2074 (55)  [1/1] 0.00ns  loc: acceleartor_hls_padding/components.cpp:1447 (grouped into LUT with out node brmerge40_demorgan_i)
_ifconv:18  %tmp_2074 = call i1 @_ssdm_op_BitSelect.i1.i16.i32(i16 %p_Val2_57, i32 14)

ST_14: Range1_all_ones (57)  [1/1] 2.07ns  loc: acceleartor_hls_padding/components.cpp:1447
_ifconv:20  %Range1_all_ones = icmp eq i2 %tmp_242, -1

ST_14: Range1_all_zeros (58)  [1/1] 2.07ns  loc: acceleartor_hls_padding/components.cpp:1447
_ifconv:21  %Range1_all_zeros = icmp eq i2 %tmp_242, 0

ST_14: deleted_zeros (59)  [1/1] 0.00ns  loc: acceleartor_hls_padding/components.cpp:1447 (grouped into LUT with out node brmerge_i_i_i)
_ifconv:22  %deleted_zeros = select i1 %carry, i1 %Range1_all_ones, i1 %Range1_all_zeros

ST_14: tmp_133 (60)  [1/1] 0.00ns  loc: acceleartor_hls_padding/components.cpp:1447 (grouped into LUT with out node brmerge40_demorgan_i)
_ifconv:23  %tmp_133 = xor i1 %tmp_2074, true

ST_14: p_41_i_i (61)  [1/1] 0.00ns  loc: acceleartor_hls_padding/components.cpp:1447 (grouped into LUT with out node brmerge40_demorgan_i)
_ifconv:24  %p_41_i_i = and i1 %signbit, %tmp_133

ST_14: deleted_ones (62)  [1/1] 0.00ns  loc: acceleartor_hls_padding/components.cpp:1447 (grouped into LUT with out node brmerge40_demorgan_i)
_ifconv:25  %deleted_ones = select i1 %carry, i1 %p_41_i_i, i1 %Range1_all_ones

ST_14: p_38_i_i (63)  [1/1] 2.07ns  loc: acceleartor_hls_padding/components.cpp:1447
_ifconv:26  %p_38_i_i = and i1 %carry, %Range1_all_ones

ST_14: p_not_i_i (64)  [1/1] 0.00ns  loc: acceleartor_hls_padding/components.cpp:1447 (grouped into LUT with out node brmerge_i_i_i)
_ifconv:27  %p_not_i_i = xor i1 %deleted_zeros, true

ST_14: brmerge_i_i1 (65)  [1/1] 0.00ns  loc: acceleartor_hls_padding/components.cpp:1447 (grouped into LUT with out node brmerge_i_i_i)
_ifconv:28  %brmerge_i_i1 = or i1 %newsignbit, %p_not_i_i

ST_14: tmp_135 (66)  [1/1] 2.07ns  loc: acceleartor_hls_padding/components.cpp:1447
_ifconv:29  %tmp_135 = xor i1 %signbit, true

ST_14: overflow (67)  [1/1] 0.00ns  loc: acceleartor_hls_padding/components.cpp:1447 (grouped into LUT with out node brmerge_i_i_i)
_ifconv:30  %overflow = and i1 %brmerge_i_i1, %tmp_135

ST_14: brmerge40_demorgan_i (68)  [1/1] 2.07ns  loc: acceleartor_hls_padding/components.cpp:1447 (out node of the LUT)
_ifconv:31  %brmerge40_demorgan_i = and i1 %newsignbit, %deleted_ones

ST_14: tmp2_demorgan (69)  [1/1] 0.00ns  loc: acceleartor_hls_padding/components.cpp:1447 (grouped into LUT with out node underflow)
_ifconv:32  %tmp2_demorgan = or i1 %p_38_i_i, %brmerge40_demorgan_i

ST_14: tmp2 (70)  [1/1] 0.00ns  loc: acceleartor_hls_padding/components.cpp:1447 (grouped into LUT with out node underflow)
_ifconv:33  %tmp2 = xor i1 %tmp2_demorgan, true

ST_14: underflow (71)  [1/1] 2.07ns  loc: acceleartor_hls_padding/components.cpp:1447 (out node of the LUT)
_ifconv:34  %underflow = and i1 %signbit, %tmp2

ST_14: brmerge_i_i_i (72)  [1/1] 2.07ns  loc: acceleartor_hls_padding/components.cpp:1447 (out node of the LUT)
_ifconv:35  %brmerge_i_i_i = or i1 %underflow, %overflow


 <State 15>: 4.14ns
ST_15: tmp3 (73)  [1/1] 0.00ns  loc: acceleartor_hls_padding/components.cpp:1447 (grouped into LUT with out node sum_V)
_ifconv:36  %tmp3 = or i1 %brmerge40_demorgan_i, %tmp_135

ST_15: underflow_not (74)  [1/1] 0.00ns  loc: acceleartor_hls_padding/components.cpp:1447 (grouped into LUT with out node sum_V)
_ifconv:37  %underflow_not = or i1 %tmp3, %p_38_i_i

ST_15: p_Val2_179_mux (75)  [1/1] 2.07ns  loc: acceleartor_hls_padding/components.cpp:1447 (out node of the LUT)
_ifconv:38  %p_Val2_179_mux = select i1 %brmerge_i_i_i, i8 127, i8 %p_Val2_59

ST_15: p_Val2_s_472 (76)  [1/1] 0.00ns  loc: acceleartor_hls_padding/components.cpp:1447 (grouped into LUT with out node sum_V)
_ifconv:39  %p_Val2_s_472 = select i1 %underflow, i8 -128, i8 %p_Val2_59

ST_15: sum_V (77)  [1/1] 2.07ns  loc: acceleartor_hls_padding/components.cpp:1447 (out node of the LUT)
_ifconv:40  %sum_V = select i1 %underflow_not, i8 %p_Val2_179_mux, i8 %p_Val2_s_472

ST_15: StgValue_100 (78)  [1/1] 0.00ns  loc: acceleartor_hls_padding/components.cpp:1446
_ifconv:41  br label %_ZrsILi32ELb0EE11ap_int_baseIXT_EXT0_EXleT_Li64EEERKS1_i.exit1._crit_edge.i.i


 <State 16>: 2.32ns
ST_16: p_Val2_53 (82)  [1/2] 2.32ns  loc: acceleartor_hls_padding/components.cpp:1450
_ifconv1:2  %p_Val2_53 = load i8* %bias_V_addr, align 1


 <State 17>: 6.46ns
ST_17: tmp (80)  [1/1] 0.00ns  loc: acceleartor_hls_padding/components.cpp:1450
_ifconv1:0  %tmp = sext i8 %p_Val2_s to i9

ST_17: tmp_s (83)  [1/1] 0.00ns  loc: acceleartor_hls_padding/components.cpp:1450
_ifconv1:3  %tmp_s = sext i8 %p_Val2_53 to i9

ST_17: p_Val2_54 (84)  [1/1] 2.32ns  loc: acceleartor_hls_padding/components.cpp:1450
_ifconv1:4  %p_Val2_54 = add i9 %tmp_s, %tmp

ST_17: isneg (85)  [1/1] 0.00ns  loc: acceleartor_hls_padding/components.cpp:1450
_ifconv1:5  %isneg = call i1 @_ssdm_op_BitSelect.i1.i9.i32(i9 %p_Val2_54, i32 8)

ST_17: result_V (86)  [1/1] 2.32ns  loc: acceleartor_hls_padding/components.cpp:1450
_ifconv1:6  %result_V = add i8 %p_Val2_53, %p_Val2_s

ST_17: newsignbit_9 (87)  [1/1] 0.00ns  loc: acceleartor_hls_padding/components.cpp:1450
_ifconv1:7  %newsignbit_9 = call i1 @_ssdm_op_BitSelect.i1.i8.i32(i8 %result_V, i32 7)

ST_17: tmp_131 (88)  [1/1] 0.00ns  loc: acceleartor_hls_padding/components.cpp:1450 (grouped into LUT with out node p_result_V)
_ifconv1:8  %tmp_131 = xor i1 %newsignbit_9, true

ST_17: underflow_9 (89)  [1/1] 0.00ns  loc: acceleartor_hls_padding/components.cpp:1450 (grouped into LUT with out node p_result_V)
_ifconv1:9  %underflow_9 = and i1 %isneg, %tmp_131

ST_17: brmerge_i_i (90)  [1/1] 0.00ns  loc: acceleartor_hls_padding/components.cpp:1450 (grouped into LUT with out node result_1)
_ifconv1:10  %brmerge_i_i = xor i1 %isneg, %newsignbit_9

ST_17: isneg_not (91)  [1/1] 0.00ns  loc: acceleartor_hls_padding/components.cpp:1450 (grouped into LUT with out node result_1)
_ifconv1:11  %isneg_not = xor i1 %isneg, true

ST_17: brmerge1 (92)  [1/1] 0.00ns  loc: acceleartor_hls_padding/components.cpp:1450 (grouped into LUT with out node result_1)
_ifconv1:12  %brmerge1 = or i1 %newsignbit_9, %isneg_not

ST_17: result_V_mux (93)  [1/1] 0.00ns  loc: acceleartor_hls_padding/components.cpp:1450 (grouped into LUT with out node result_1)
_ifconv1:13  %result_V_mux = select i1 %brmerge_i_i, i8 127, i8 %result_V

ST_17: p_result_V (94)  [1/1] 2.07ns  loc: acceleartor_hls_padding/components.cpp:1450 (out node of the LUT)
_ifconv1:14  %p_result_V = select i1 %underflow_9, i8 -128, i8 %result_V

ST_17: result_1 (95)  [1/1] 2.07ns  loc: acceleartor_hls_padding/components.cpp:1450 (out node of the LUT)
_ifconv1:15  %result_1 = select i1 %brmerge1, i8 %result_V_mux, i8 %p_result_V


 <State 18>: 8.75ns
ST_18: StgValue_116 (96)  [1/1] 8.75ns  loc: acceleartor_hls_padding/components.cpp:1451
_ifconv1:16  call void @_ssdm_op_Write.m_axi.i8P(i8* %output_V_addr, i8 %result_1, i1 true)

ST_18: StgValue_117 (97)  [1/1] 0.00ns  loc: acceleartor_hls_padding/components.cpp:1444
_ifconv1:17  br label %1


 <State 19>: 8.75ns
ST_19: output_V_addr_wr_res (99)  [4/5] 8.75ns  loc: acceleartor_hls_padding/components.cpp:1451
:0  %output_V_addr_wr_res = call i1 @_ssdm_op_WriteResp.m_axi.i8P(i8* %output_V_addr)


 <State 20>: 8.75ns
ST_20: output_V_addr_wr_res (99)  [3/5] 8.75ns  loc: acceleartor_hls_padding/components.cpp:1451
:0  %output_V_addr_wr_res = call i1 @_ssdm_op_WriteResp.m_axi.i8P(i8* %output_V_addr)


 <State 21>: 8.75ns
ST_21: output_V_addr_wr_res (99)  [2/5] 8.75ns  loc: acceleartor_hls_padding/components.cpp:1451
:0  %output_V_addr_wr_res = call i1 @_ssdm_op_WriteResp.m_axi.i8P(i8* %output_V_addr)


 <State 22>: 8.75ns
ST_22: output_V_addr_wr_res (99)  [1/5] 8.75ns  loc: acceleartor_hls_padding/components.cpp:1451
:0  %output_V_addr_wr_res = call i1 @_ssdm_op_WriteResp.m_axi.i8P(i8* %output_V_addr)

ST_22: StgValue_122 (100)  [1/1] 0.00ns  loc: acceleartor_hls_padding/components.cpp:1453
:1  ret void



============================================================
+ Verbose Summary: Timing violations
============================================================
Target clock period: 10ns, clock uncertainty: 1.25ns.

 <State 1>: 8.75ns
The critical path consists of the following:
	wire read on port 'fc_output_V15' [7]  (0 ns)
	'getelementptr' operation ('output_V_addr') [9]  (0 ns)
	bus request on port 'output_V' (acceleartor_hls_padding/components.cpp:1451) [12]  (8.75 ns)

 <State 2>: 8.75ns
The critical path consists of the following:
	bus access on port 'output_V' (acceleartor_hls_padding/components.cpp:1451) [99]  (8.75 ns)

 <State 3>: 8.75ns
The critical path consists of the following:
	bus request on port 'weight_V' (acceleartor_hls_padding/components.cpp:1447) [26]  (8.75 ns)

 <State 4>: 8.75ns
The critical path consists of the following:
	bus request on port 'weight_V' (acceleartor_hls_padding/components.cpp:1447) [26]  (8.75 ns)

 <State 5>: 8.75ns
The critical path consists of the following:
	bus request on port 'weight_V' (acceleartor_hls_padding/components.cpp:1447) [26]  (8.75 ns)

 <State 6>: 8.75ns
The critical path consists of the following:
	bus request on port 'weight_V' (acceleartor_hls_padding/components.cpp:1447) [26]  (8.75 ns)

 <State 7>: 8.75ns
The critical path consists of the following:
	bus request on port 'weight_V' (acceleartor_hls_padding/components.cpp:1447) [26]  (8.75 ns)

 <State 8>: 8.75ns
The critical path consists of the following:
	bus request on port 'weight_V' (acceleartor_hls_padding/components.cpp:1447) [26]  (8.75 ns)

 <State 9>: 8.75ns
The critical path consists of the following:
	bus request on port 'weight_V' (acceleartor_hls_padding/components.cpp:1447) [26]  (8.75 ns)

 <State 10>: 3.25ns
The critical path consists of the following:
	'phi' operation ('ci') with incoming values : ('ci', acceleartor_hls_padding/components.cpp:1446) [30]  (0 ns)
	'getelementptr' operation ('avgpool_output_V_add', acceleartor_hls_padding/components.cpp:1447) [39]  (0 ns)
	'load' operation ('avgpool_output_V_loa', acceleartor_hls_padding/components.cpp:1447) on array 'avgpool_output_V' [40]  (3.25 ns)

 <State 11>: 8.75ns
The critical path consists of the following:
	bus read on port 'weight_V' (acceleartor_hls_padding/components.cpp:1447) [37]  (8.75 ns)

 <State 12>: 6.43ns
The critical path consists of the following:
	'mul' operation ('__Val2__', acceleartor_hls_padding/components.cpp:1447) [42]  (6.43 ns)

 <State 13>: 6.78ns
The critical path consists of the following:
	'add' operation ('__Val2__', acceleartor_hls_padding/components.cpp:1447) [45]  (2.39 ns)
	'add' operation ('__Val2__', acceleartor_hls_padding/components.cpp:1447) [51]  (2.32 ns)
	'xor' operation ('tmp_132', acceleartor_hls_padding/components.cpp:1447) [53]  (0 ns)
	'and' operation ('carry', acceleartor_hls_padding/components.cpp:1447) [54]  (2.07 ns)

 <State 14>: 8.28ns
The critical path consists of the following:
	'icmp' operation ('Range1_all_ones', acceleartor_hls_padding/components.cpp:1447) [57]  (2.07 ns)
	'and' operation ('p_38_i_i', acceleartor_hls_padding/components.cpp:1447) [63]  (2.07 ns)
	'or' operation ('tmp2_demorgan', acceleartor_hls_padding/components.cpp:1447) [69]  (0 ns)
	'xor' operation ('tmp2', acceleartor_hls_padding/components.cpp:1447) [70]  (0 ns)
	'and' operation ('underflow', acceleartor_hls_padding/components.cpp:1447) [71]  (2.07 ns)
	'or' operation ('brmerge_i_i_i', acceleartor_hls_padding/components.cpp:1447) [72]  (2.07 ns)

 <State 15>: 4.14ns
The critical path consists of the following:
	'select' operation ('p_Val2_179_mux', acceleartor_hls_padding/components.cpp:1447) [75]  (2.07 ns)
	'select' operation ('sum.V', acceleartor_hls_padding/components.cpp:1447) [77]  (2.07 ns)

 <State 16>: 2.32ns
The critical path consists of the following:
	'load' operation ('__Val2__', acceleartor_hls_padding/components.cpp:1450) on array 'bias_V' [82]  (2.32 ns)

 <State 17>: 6.46ns
The critical path consists of the following:
	'add' operation ('__Val2__', acceleartor_hls_padding/components.cpp:1450) [84]  (2.32 ns)
	'and' operation ('underflow', acceleartor_hls_padding/components.cpp:1450) [89]  (0 ns)
	'select' operation ('p_result_V', acceleartor_hls_padding/components.cpp:1450) [94]  (2.07 ns)
	'select' operation ('result_1', acceleartor_hls_padding/components.cpp:1450) [95]  (2.07 ns)

 <State 18>: 8.75ns
The critical path consists of the following:
	bus write on port 'output_V' (acceleartor_hls_padding/components.cpp:1451) [96]  (8.75 ns)

 <State 19>: 8.75ns
The critical path consists of the following:
	bus access on port 'output_V' (acceleartor_hls_padding/components.cpp:1451) [99]  (8.75 ns)

 <State 20>: 8.75ns
The critical path consists of the following:
	bus access on port 'output_V' (acceleartor_hls_padding/components.cpp:1451) [99]  (8.75 ns)

 <State 21>: 8.75ns
The critical path consists of the following:
	bus access on port 'output_V' (acceleartor_hls_padding/components.cpp:1451) [99]  (8.75 ns)

 <State 22>: 8.75ns
The critical path consists of the following:
	bus access on port 'output_V' (acceleartor_hls_padding/components.cpp:1451) [99]  (8.75 ns)


============================================================
+ Verbose Summary: Binding
============================================================
N/A
* FSMD analyzer results:
  - Output states:
 - Input state : 
  - Chain level:
	State 1
	State 2
	State 3
	State 4
	State 5
	State 6
	State 7
	State 8
	State 9
	State 10
	State 11
	State 12
	State 13
	State 14
	State 15
	State 16
	State 17
	State 18
	State 19
	State 20
	State 21
	State 22


============================================================
+ Verbose Summary: Datapath Resource usage 
============================================================
N/A
