

================================================================
== Vivado HLS Report for 'subconv_1x1_16_p'
================================================================
* Date:           Sun Dec 16 05:17:17 2018

* Version:        2017.2 (Build 1909853 on Thu Jun 15 18:55:24 MDT 2017)
* Project:        acceleartor_hls_padding
* Solution:       add_adding_engine
* Product family: zynq
* Target device:  xc7z020clg484-1


================================================================
== Performance Estimates
================================================================
+ Timing (ns): 
    * Summary: 
    +--------+-------+----------+------------+
    |  Clock | Target| Estimated| Uncertainty|
    +--------+-------+----------+------------+
    |ap_clk  |  10.00|      8.74|        1.25|
    +--------+-------+----------+------------+

+ Latency (clock cycles): 
    * Summary: 
    +--------+--------+--------+--------+---------+
    |     Latency     |     Interval    | Pipeline|
    |   min  |   max  |   min  |   max  |   Type  |
    +--------+--------+--------+--------+---------+
    |  135720|  135720|  135720|  135720|   none  |
    +--------+--------+--------+--------+---------+

    + Detail: 
        * Instance: 
        N/A

        * Loop: 
        +---------------------+--------+--------+----------+-----------+-----------+------+----------+
        |                     |     Latency     | Iteration|  Initiation Interval  | Trip |          |
        |      Loop Name      |   min  |   max  |  Latency |  achieved |   target  | Count| Pipelined|
        +---------------------+--------+--------+----------+-----------+-----------+------+----------+
        |- Loop 1             |    6145|    6145|         3|          1|          1|  6144|    yes   |
        |- Loop 2             |  123424|  123424|      7714|          -|          -|    16|    no    |
        | + Loop 2.1          |    7712|    7712|       482|          -|          -|    16|    no    |
        |  ++ Loop 2.1.1      |     480|     480|        20|          -|          -|    24|    no    |
        |   +++ Loop 2.1.1.1  |      18|      18|         6|          -|          -|     3|    no    |
        |- Loop 3             |    6146|    6146|         4|          1|          1|  6144|    yes   |
        +---------------------+--------+--------+----------+-----------+-----------+------+----------+



================================================================
== Utilization Estimates
================================================================
* Summary: 
+-----------------+---------+-------+--------+-------+
|       Name      | BRAM_18K| DSP48E|   FF   |  LUT  |
+-----------------+---------+-------+--------+-------+
|DSP              |        -|      -|       -|      -|
|Expression       |        -|      0|    1014|   1770|
|FIFO             |        -|      -|       -|      -|
|Instance         |        -|      -|     150|     45|
|Memory           |        -|      -|       -|      -|
|Multiplexer      |        -|      -|       -|    617|
|Register         |        -|      -|     958|     32|
+-----------------+---------+-------+--------+-------+
|Total            |        0|      0|    2122|   2464|
+-----------------+---------+-------+--------+-------+
|Available        |      280|    220|  106400|  53200|
+-----------------+---------+-------+--------+-------+
|Utilization (%)  |        0|      0|       1|      4|
+-----------------+---------+-------+--------+-------+

+ Detail: 
    * Instance: 
    +----------------------------+----------------------+---------+-------+-----+----+
    |          Instance          |        Module        | BRAM_18K| DSP48E|  FF | LUT|
    +----------------------------+----------------------+---------+-------+-----+----+
    |ShuffleNetV2_mux_jbC_x_U88  |ShuffleNetV2_mux_jbC  |        0|      0|  150|  45|
    +----------------------------+----------------------+---------+-------+-----+----+
    |Total                       |                      |        0|      0|  150|  45|
    +----------------------------+----------------------+---------+-------+-----+----+

    * DSP48: 
    N/A

    * Memory: 
    N/A

    * FIFO: 
    N/A

    * Expression: 
    +------------------------------------+----------+-------+----+----+------------+------------+
    |            Variable Name           | Operation| DSP48E| FF | LUT| Bitwidth P0| Bitwidth P1|
    +------------------------------------+----------+-------+----+----+------------+------------+
    |p_Val2_68_1_fu_1216_p2              |     *    |      0|   0|  62|           8|           8|
    |p_Val2_68_2_fu_1234_p2              |     *    |      0|   0|  62|           8|           8|
    |p_Val2_68_3_fu_1252_p2              |     *    |      0|   0|  62|           8|           8|
    |p_Val2_68_4_fu_1270_p2              |     *    |      0|   0|  62|           8|           8|
    |p_Val2_68_5_fu_1288_p2              |     *    |      0|   0|  62|           8|           8|
    |p_Val2_68_6_fu_1306_p2              |     *    |      0|   0|  62|           8|           8|
    |p_Val2_68_7_fu_1324_p2              |     *    |      0|   0|  62|           8|           8|
    |p_Val2_s_fu_1198_p2                 |     *    |      0|   0|  62|           8|           8|
    |ci_5_fu_959_p2                      |     +    |      0|  20|  10|           5|           1|
    |co_23_fu_777_p2                     |     +    |      0|  20|  10|           1|           5|
    |co_24_7_fu_1163_p2                  |     +    |      0|  20|  10|           5|           4|
    |co_24_fu_3066_p2                    |     +    |      0|  20|  10|           1|           5|
    |h_20_fu_846_p2                      |     +    |      0|  20|  10|           1|           5|
    |h_7_fu_3130_p2                      |     +    |      0|  20|  10|           1|           5|
    |h_8_fu_947_p2                       |     +    |      0|  20|  10|           5|           1|
    |indvar_flatten21_op_fu_3052_p2      |     +    |      0|  35|  15|          10|           1|
    |indvar_flatten_next1_4_fu_3008_p2   |     +    |      0|  44|  18|          13|           1|
    |indvar_flatten_next1_fu_719_p2      |     +    |      0|  44|  18|          13|           1|
    |indvar_flatten_op_fu_763_p2         |     +    |      0|  35|  15|          10|           1|
    |p_Val2_4_fu_1349_p2                 |     +    |      0|  53|  21|          16|          16|
    |p_Val2_69_1_fu_1430_p2              |     +    |      0|  53|  21|          16|          16|
    |p_Val2_69_2_fu_1511_p2              |     +    |      0|  53|  21|          16|          16|
    |p_Val2_69_3_fu_1592_p2              |     +    |      0|  53|  21|          16|          16|
    |p_Val2_69_4_fu_1673_p2              |     +    |      0|  53|  21|          16|          16|
    |p_Val2_69_5_fu_1754_p2              |     +    |      0|  53|  21|          16|          16|
    |p_Val2_69_6_fu_1835_p2              |     +    |      0|  53|  21|          16|          16|
    |p_Val2_69_7_fu_1916_p2              |     +    |      0|  53|  21|          16|          16|
    |p_Val2_6_fu_1383_p2                 |     +    |      0|  29|  13|           8|           8|
    |p_Val2_71_1_fu_1464_p2              |     +    |      0|  29|  13|           8|           8|
    |p_Val2_71_2_fu_1545_p2              |     +    |      0|  29|  13|           8|           8|
    |p_Val2_71_3_fu_1626_p2              |     +    |      0|  29|  13|           8|           8|
    |p_Val2_71_4_fu_1707_p2              |     +    |      0|  29|  13|           8|           8|
    |p_Val2_71_5_fu_1788_p2              |     +    |      0|  29|  13|           8|           8|
    |p_Val2_71_6_fu_1869_p2              |     +    |      0|  29|  13|           8|           8|
    |p_Val2_71_7_fu_1950_p2              |     +    |      0|  29|  13|           8|           8|
    |tmp_370_fu_840_p2                   |     +    |      0|   0|  12|           7|           7|
    |tmp_372_fu_863_p2                   |     +    |      0|   0|  12|           7|           7|
    |tmp_373_fu_892_p2                   |     +    |      0|   0|  12|          11|          11|
    |tmp_374_fu_901_p2                   |     +    |      0|   0|  12|          11|          11|
    |tmp_377_fu_3124_p2                  |     +    |      0|   0|  12|           7|           7|
    |tmp_379_fu_3147_p2                  |     +    |      0|   0|  12|           7|           7|
    |tmp_380_fu_3176_p2                  |     +    |      0|   0|  12|          11|          11|
    |tmp_381_fu_3185_p2                  |     +    |      0|   0|  12|          11|          11|
    |tmp_384_fu_993_p2                   |     +    |      0|   0|  12|          10|          10|
    |tmp_385_fu_999_p2                   |     +    |      0|   0|  12|          10|          10|
    |tmp_386_fu_1024_p2                  |     +    |      0|   0|  12|          14|          14|
    |tmp_387_fu_1030_p2                  |     +    |      0|   0|  12|          14|          14|
    |tmp_391_fu_1092_p2                  |     +    |      0|   0|  12|           8|           8|
    |tmp_394_fu_1121_p2                  |     +    |      0|   0|  12|           7|           7|
    |tmp_395_fu_1127_p2                  |     +    |      0|   0|  12|           7|           7|
    |tmp_396_fu_1152_p2                  |     +    |      0|   0|  12|          11|          11|
    |tmp_397_fu_1158_p2                  |     +    |      0|   0|  12|          11|          11|
    |w_22_fu_869_p2                      |     +    |      0|  20|  10|           5|           1|
    |w_23_fu_1040_p2                     |     +    |      0|  20|  10|           5|           1|
    |w_24_fu_3153_p2                     |     +    |      0|  20|  10|           5|           1|
    |tmp_390_fu_1086_p2                  |     -    |      0|   0|  12|           8|           8|
    |brmerge40_demorgan_i_17_fu_2249_p2  |    and   |      0|   0|   2|           1|           1|
    |brmerge40_demorgan_i_18_fu_2346_p2  |    and   |      0|   0|   2|           1|           1|
    |brmerge40_demorgan_i_19_fu_2443_p2  |    and   |      0|   0|   2|           1|           1|
    |brmerge40_demorgan_i_20_fu_2540_p2  |    and   |      0|   0|   2|           1|           1|
    |brmerge40_demorgan_i_21_fu_2637_p2  |    and   |      0|   0|   2|           1|           1|
    |brmerge40_demorgan_i_22_fu_2734_p2  |    and   |      0|   0|   2|           1|           1|
    |brmerge40_demorgan_i_23_fu_2152_p2  |    and   |      0|   0|   2|           1|           1|
    |brmerge40_demorgan_i_fu_2055_p2     |    and   |      0|   0|   2|           1|           1|
    |carry_11_1_fu_1484_p2               |    and   |      0|   0|   2|           1|           1|
    |carry_11_2_fu_1565_p2               |    and   |      0|   0|   2|           1|           1|
    |carry_11_3_fu_1646_p2               |    and   |      0|   0|   2|           1|           1|
    |carry_11_4_fu_1727_p2               |    and   |      0|   0|   2|           1|           1|
    |carry_11_5_fu_1808_p2               |    and   |      0|   0|   2|           1|           1|
    |carry_11_6_fu_1889_p2               |    and   |      0|   0|   2|           1|           1|
    |carry_11_7_fu_1970_p2               |    and   |      0|   0|   2|           1|           1|
    |carry_s_fu_1403_p2                  |    and   |      0|   0|   2|           1|           1|
    |exitcond41_mid_fu_743_p2            |    and   |      0|   0|   2|           1|           1|
    |exitcond_mid_fu_3032_p2             |    and   |      0|   0|   2|           1|           1|
    |overflow_1_fu_2146_p2               |    and   |      0|   0|   2|           1|           1|
    |overflow_2_fu_2243_p2               |    and   |      0|   0|   2|           1|           1|
    |overflow_3_fu_2340_p2               |    and   |      0|   0|   2|           1|           1|
    |overflow_4_fu_2437_p2               |    and   |      0|   0|   2|           1|           1|
    |overflow_5_fu_2534_p2               |    and   |      0|   0|   2|           1|           1|
    |overflow_6_fu_2631_p2               |    and   |      0|   0|   2|           1|           1|
    |overflow_7_fu_2728_p2               |    and   |      0|   0|   2|           1|           1|
    |overflow_fu_2049_p2                 |    and   |      0|   0|   2|           1|           1|
    |p_38_i_i_1_fu_2125_p2               |    and   |      0|   0|   2|           1|           1|
    |p_38_i_i_2_fu_2222_p2               |    and   |      0|   0|   2|           1|           1|
    |p_38_i_i_3_fu_2319_p2               |    and   |      0|   0|   2|           1|           1|
    |p_38_i_i_4_fu_2416_p2               |    and   |      0|   0|   2|           1|           1|
    |p_38_i_i_5_fu_2513_p2               |    and   |      0|   0|   2|           1|           1|
    |p_38_i_i_6_fu_2610_p2               |    and   |      0|   0|   2|           1|           1|
    |p_38_i_i_7_fu_2707_p2               |    and   |      0|   0|   2|           1|           1|
    |p_38_i_i_fu_2028_p2                 |    and   |      0|   0|   2|           1|           1|
    |p_41_i_i_1_fu_2113_p2               |    and   |      0|   0|   2|           1|           1|
    |p_41_i_i_2_fu_2210_p2               |    and   |      0|   0|   2|           1|           1|
    |p_41_i_i_3_fu_2307_p2               |    and   |      0|   0|   2|           1|           1|
    |p_41_i_i_4_fu_2404_p2               |    and   |      0|   0|   2|           1|           1|
    |p_41_i_i_5_fu_2501_p2               |    and   |      0|   0|   2|           1|           1|
    |p_41_i_i_6_fu_2598_p2               |    and   |      0|   0|   2|           1|           1|
    |p_41_i_i_7_fu_2695_p2               |    and   |      0|   0|   2|           1|           1|
    |p_41_i_i_fu_2016_p2                 |    and   |      0|   0|   2|           1|           1|
    |underflow_1_fu_2169_p2              |    and   |      0|   0|   2|           1|           1|
    |underflow_2_fu_2266_p2              |    and   |      0|   0|   2|           1|           1|
    |underflow_3_fu_2363_p2              |    and   |      0|   0|   2|           1|           1|
    |underflow_4_fu_2460_p2              |    and   |      0|   0|   2|           1|           1|
    |underflow_5_fu_2557_p2              |    and   |      0|   0|   2|           1|           1|
    |underflow_6_fu_2654_p2              |    and   |      0|   0|   2|           1|           1|
    |underflow_7_fu_2751_p2              |    and   |      0|   0|   2|           1|           1|
    |underflow_fu_2072_p2                |    and   |      0|   0|   2|           1|           1|
    |Range1_all_ones_1_fu_2090_p2        |   icmp   |      0|   0|   1|           2|           2|
    |Range1_all_ones_2_fu_2187_p2        |   icmp   |      0|   0|   1|           2|           2|
    |Range1_all_ones_3_fu_2284_p2        |   icmp   |      0|   0|   1|           2|           2|
    |Range1_all_ones_4_fu_2381_p2        |   icmp   |      0|   0|   1|           2|           2|
    |Range1_all_ones_5_fu_2478_p2        |   icmp   |      0|   0|   1|           2|           2|
    |Range1_all_ones_6_fu_2575_p2        |   icmp   |      0|   0|   1|           2|           2|
    |Range1_all_ones_7_fu_2672_p2        |   icmp   |      0|   0|   1|           2|           2|
    |Range1_all_ones_fu_1993_p2          |   icmp   |      0|   0|   1|           2|           2|
    |Range1_all_zeros_1_fu_2095_p2       |   icmp   |      0|   0|   1|           2|           1|
    |Range1_all_zeros_2_fu_2192_p2       |   icmp   |      0|   0|   1|           2|           1|
    |Range1_all_zeros_3_fu_2289_p2       |   icmp   |      0|   0|   1|           2|           1|
    |Range1_all_zeros_4_fu_2386_p2       |   icmp   |      0|   0|   1|           2|           1|
    |Range1_all_zeros_5_fu_2483_p2       |   icmp   |      0|   0|   1|           2|           1|
    |Range1_all_zeros_6_fu_2580_p2       |   icmp   |      0|   0|   1|           2|           1|
    |Range1_all_zeros_7_fu_2677_p2       |   icmp   |      0|   0|   1|           2|           1|
    |Range1_all_zeros_fu_1998_p2         |   icmp   |      0|   0|   1|           2|           1|
    |exitcond19_fu_919_p2                |   icmp   |      0|   0|   2|           5|           5|
    |exitcond20_fu_933_p2                |   icmp   |      0|   0|   2|           5|           5|
    |exitcond21_fu_3026_p2               |   icmp   |      0|   0|   2|           5|           5|
    |exitcond22_fu_953_p2                |   icmp   |      0|   0|   2|           5|           5|
    |exitcond23_fu_1046_p2               |   icmp   |      0|   0|   2|           5|           5|
    |exitcond_flatten10_fu_3014_p2       |   icmp   |      0|   0|   5|          10|           9|
    |exitcond_flatten8_fu_725_p2         |   icmp   |      0|   0|   5|          10|           9|
    |exitcond_flatten9_fu_3002_p2        |   icmp   |      0|   0|   7|          13|          13|
    |exitcond_flatten_fu_713_p2          |   icmp   |      0|   0|   7|          13|          13|
    |exitcond_fu_737_p2                  |   icmp   |      0|   0|   2|           5|           5|
    |brmerge_i_i_1_fu_2136_p2            |    or    |      0|   0|   2|           1|           1|
    |brmerge_i_i_2_fu_2233_p2            |    or    |      0|   0|   2|           1|           1|
    |brmerge_i_i_3_fu_2330_p2            |    or    |      0|   0|   2|           1|           1|
    |brmerge_i_i_4_fu_2427_p2            |    or    |      0|   0|   2|           1|           1|
    |brmerge_i_i_5_fu_2524_p2            |    or    |      0|   0|   2|           1|           1|
    |brmerge_i_i_6_fu_2621_p2            |    or    |      0|   0|   2|           1|           1|
    |brmerge_i_i_7_fu_2718_p2            |    or    |      0|   0|   2|           1|           1|
    |brmerge_i_i_fu_2039_p2              |    or    |      0|   0|   2|           1|           1|
    |brmerge_i_i_i_1_fu_2174_p2          |    or    |      0|   0|   2|           1|           1|
    |brmerge_i_i_i_2_fu_2271_p2          |    or    |      0|   0|   2|           1|           1|
    |brmerge_i_i_i_3_fu_2368_p2          |    or    |      0|   0|   2|           1|           1|
    |brmerge_i_i_i_4_fu_2465_p2          |    or    |      0|   0|   2|           1|           1|
    |brmerge_i_i_i_5_fu_2562_p2          |    or    |      0|   0|   2|           1|           1|
    |brmerge_i_i_i_6_fu_2659_p2          |    or    |      0|   0|   2|           1|           1|
    |brmerge_i_i_i_7_fu_2756_p2          |    or    |      0|   0|   2|           1|           1|
    |brmerge_i_i_i_fu_2077_p2            |    or    |      0|   0|   2|           1|           1|
    |tmp10_fu_2882_p2                    |    or    |      0|   0|   2|           1|           1|
    |tmp11_demorgan_fu_2545_p2           |    or    |      0|   0|   2|           1|           1|
    |tmp12_fu_2912_p2                    |    or    |      0|   0|   2|           1|           1|
    |tmp13_demorgan_fu_2642_p2           |    or    |      0|   0|   2|           1|           1|
    |tmp14_fu_2942_p2                    |    or    |      0|   0|   2|           1|           1|
    |tmp15_demorgan_fu_2739_p2           |    or    |      0|   0|   2|           1|           1|
    |tmp16_fu_2972_p2                    |    or    |      0|   0|   2|           1|           1|
    |tmp1_demorgan_fu_2060_p2            |    or    |      0|   0|   2|           1|           1|
    |tmp2_fu_2762_p2                     |    or    |      0|   0|   2|           1|           1|
    |tmp3_demorgan_fu_2157_p2            |    or    |      0|   0|   2|           1|           1|
    |tmp4_fu_2792_p2                     |    or    |      0|   0|   2|           1|           1|
    |tmp5_demorgan_fu_2254_p2            |    or    |      0|   0|   2|           1|           1|
    |tmp6_fu_2822_p2                     |    or    |      0|   0|   2|           1|           1|
    |tmp7_demorgan_fu_2351_p2            |    or    |      0|   0|   2|           1|           1|
    |tmp8_fu_2852_p2                     |    or    |      0|   0|   2|           1|           1|
    |tmp9_demorgan_fu_2448_p2            |    or    |      0|   0|   2|           1|           1|
    |tmp_371_fu_749_p2                   |    or    |      0|   0|   2|           1|           1|
    |tmp_378_fu_3038_p2                  |    or    |      0|   0|   2|           1|           1|
    |underflow_not_1_fu_2796_p2          |    or    |      0|   0|   2|           1|           1|
    |underflow_not_2_fu_2826_p2          |    or    |      0|   0|   2|           1|           1|
    |underflow_not_3_fu_2856_p2          |    or    |      0|   0|   2|           1|           1|
    |underflow_not_4_fu_2886_p2          |    or    |      0|   0|   2|           1|           1|
    |underflow_not_5_fu_2916_p2          |    or    |      0|   0|   2|           1|           1|
    |underflow_not_6_fu_2946_p2          |    or    |      0|   0|   2|           1|           1|
    |underflow_not_7_fu_2976_p2          |    or    |      0|   0|   2|           1|           1|
    |underflow_not_fu_2766_p2            |    or    |      0|   0|   2|           1|           1|
    |arrayNo_mid2_v_fu_3079_p3           |  select  |      0|   0|   5|           1|           5|
    |deleted_ones_1_fu_2118_p3           |  select  |      0|   0|   2|           1|           1|
    |deleted_ones_2_fu_2215_p3           |  select  |      0|   0|   2|           1|           1|
    |deleted_ones_3_fu_2312_p3           |  select  |      0|   0|   2|           1|           1|
    |deleted_ones_4_fu_2409_p3           |  select  |      0|   0|   2|           1|           1|
    |deleted_ones_5_fu_2506_p3           |  select  |      0|   0|   2|           1|           1|
    |deleted_ones_6_fu_2603_p3           |  select  |      0|   0|   2|           1|           1|
    |deleted_ones_7_fu_2700_p3           |  select  |      0|   0|   2|           1|           1|
    |deleted_ones_fu_2021_p3             |  select  |      0|   0|   2|           1|           1|
    |deleted_zeros_1_fu_2100_p3          |  select  |      0|   0|   2|           1|           1|
    |deleted_zeros_2_fu_2197_p3          |  select  |      0|   0|   2|           1|           1|
    |deleted_zeros_3_fu_2294_p3          |  select  |      0|   0|   2|           1|           1|
    |deleted_zeros_4_fu_2391_p3          |  select  |      0|   0|   2|           1|           1|
    |deleted_zeros_5_fu_2488_p3          |  select  |      0|   0|   2|           1|           1|
    |deleted_zeros_6_fu_2585_p3          |  select  |      0|   0|   2|           1|           1|
    |deleted_zeros_7_fu_2682_p3          |  select  |      0|   0|   2|           1|           1|
    |deleted_zeros_fu_2003_p3            |  select  |      0|   0|   2|           1|           1|
    |h5_mid_fu_3072_p3                   |  select  |      0|   0|   5|           1|           1|
    |h_mid_fu_783_p3                     |  select  |      0|   0|   5|           1|           1|
    |indvar_flatten_next1_3_fu_3058_p3   |  select  |      0|   0|  10|           1|           1|
    |indvar_flatten_next_fu_769_p3       |  select  |      0|   0|  10|           1|           1|
    |p_Val2_71_1_142_fu_2807_p3          |  select  |      0|   0|   9|           1|           9|
    |p_Val2_71_2_143_fu_2837_p3          |  select  |      0|   0|   9|           1|           9|
    |p_Val2_71_3_144_fu_2867_p3          |  select  |      0|   0|   9|           1|           9|
    |p_Val2_71_4_145_fu_2897_p3          |  select  |      0|   0|   9|           1|           9|
    |p_Val2_71_5_146_fu_2927_p3          |  select  |      0|   0|   9|           1|           9|
    |p_Val2_71_6_147_fu_2957_p3          |  select  |      0|   0|   9|           1|           9|
    |p_Val2_71_7_148_fu_2987_p3          |  select  |      0|   0|   9|           1|           9|
    |p_Val2_71_mux_1_fu_2801_p3          |  select  |      0|   0|   8|           1|           7|
    |p_Val2_71_mux_2_fu_2831_p3          |  select  |      0|   0|   8|           1|           7|
    |p_Val2_71_mux_3_fu_2861_p3          |  select  |      0|   0|   8|           1|           7|
    |p_Val2_71_mux_4_fu_2891_p3          |  select  |      0|   0|   8|           1|           7|
    |p_Val2_71_mux_5_fu_2921_p3          |  select  |      0|   0|   8|           1|           7|
    |p_Val2_71_mux_6_fu_2951_p3          |  select  |      0|   0|   8|           1|           7|
    |p_Val2_71_mux_7_fu_2981_p3          |  select  |      0|   0|   8|           1|           7|
    |p_Val2_71_mux_fu_2771_p3            |  select  |      0|   0|   8|           1|           7|
    |p_Val2_s_141_fu_2777_p3             |  select  |      0|   0|   9|           1|           9|
    |this_assign_1_1_fu_2813_p3          |  select  |      0|   0|   8|           1|           8|
    |this_assign_1_2_fu_2843_p3          |  select  |      0|   0|   8|           1|           8|
    |this_assign_1_3_fu_2873_p3          |  select  |      0|   0|   8|           1|           8|
    |this_assign_1_4_fu_2903_p3          |  select  |      0|   0|   8|           1|           8|
    |this_assign_1_5_fu_2933_p3          |  select  |      0|   0|   8|           1|           8|
    |this_assign_1_6_fu_2963_p3          |  select  |      0|   0|   8|           1|           8|
    |this_assign_1_7_fu_2993_p3          |  select  |      0|   0|   8|           1|           8|
    |this_assign_1_fu_2783_p3            |  select  |      0|   0|   8|           1|           8|
    |tmp_213_mid2_fu_852_p3              |  select  |      0|   0|   5|           1|           5|
    |tmp_214_mid2_fu_3136_p3             |  select  |      0|   0|   5|           1|           5|
    |tmp_mid2_v_fu_790_p3                |  select  |      0|   0|   5|           1|           5|
    |w6_mid2_fu_3044_p3                  |  select  |      0|   0|   5|           1|           1|
    |w_mid2_fu_755_p3                    |  select  |      0|   0|   5|           1|           1|
    |ap_enable_pp0                       |    xor   |      0|   0|   2|           1|           2|
    |ap_enable_pp1                       |    xor   |      0|   0|   2|           1|           2|
    |ap_enable_reg_pp0_iter1             |    xor   |      0|   0|   2|           1|           2|
    |ap_enable_reg_pp1_iter1             |    xor   |      0|   0|   2|           1|           2|
    |not_exitcond_flatten_1_fu_3020_p2   |    xor   |      0|   0|   2|           1|           2|
    |not_exitcond_flatten_fu_731_p2      |    xor   |      0|   0|   2|           1|           2|
    |p_not_i_i_1_fu_2130_p2              |    xor   |      0|   0|   2|           1|           2|
    |p_not_i_i_2_fu_2227_p2              |    xor   |      0|   0|   2|           1|           2|
    |p_not_i_i_3_fu_2324_p2              |    xor   |      0|   0|   2|           1|           2|
    |p_not_i_i_4_fu_2421_p2              |    xor   |      0|   0|   2|           1|           2|
    |p_not_i_i_5_fu_2518_p2              |    xor   |      0|   0|   2|           1|           2|
    |p_not_i_i_6_fu_2615_p2              |    xor   |      0|   0|   2|           1|           2|
    |p_not_i_i_7_fu_2712_p2              |    xor   |      0|   0|   2|           1|           2|
    |p_not_i_i_fu_2033_p2                |    xor   |      0|   0|   2|           1|           2|
    |tmp11_fu_2551_p2                    |    xor   |      0|   0|   2|           1|           2|
    |tmp13_fu_2648_p2                    |    xor   |      0|   0|   2|           1|           2|
    |tmp15_fu_2745_p2                    |    xor   |      0|   0|   2|           1|           2|
    |tmp1_fu_2066_p2                     |    xor   |      0|   0|   2|           1|           2|
    |tmp3_fu_2163_p2                     |    xor   |      0|   0|   2|           1|           2|
    |tmp5_fu_2260_p2                     |    xor   |      0|   0|   2|           1|           2|
    |tmp7_fu_2357_p2                     |    xor   |      0|   0|   2|           1|           2|
    |tmp9_fu_2454_p2                     |    xor   |      0|   0|   2|           1|           2|
    |tmp_222_fu_1397_p2                  |    xor   |      0|   0|   2|           1|           2|
    |tmp_223_fu_2010_p2                  |    xor   |      0|   0|   2|           1|           2|
    |tmp_224_fu_2044_p2                  |    xor   |      0|   0|   2|           1|           2|
    |tmp_315_1_fu_1478_p2                |    xor   |      0|   0|   2|           1|           2|
    |tmp_315_2_fu_1559_p2                |    xor   |      0|   0|   2|           1|           2|
    |tmp_315_3_fu_1640_p2                |    xor   |      0|   0|   2|           1|           2|
    |tmp_315_4_fu_1721_p2                |    xor   |      0|   0|   2|           1|           2|
    |tmp_315_5_fu_1802_p2                |    xor   |      0|   0|   2|           1|           2|
    |tmp_315_6_fu_1883_p2                |    xor   |      0|   0|   2|           1|           2|
    |tmp_315_7_fu_1964_p2                |    xor   |      0|   0|   2|           1|           2|
    |tmp_318_1_fu_2107_p2                |    xor   |      0|   0|   2|           1|           2|
    |tmp_318_2_fu_2204_p2                |    xor   |      0|   0|   2|           1|           2|
    |tmp_318_3_fu_2301_p2                |    xor   |      0|   0|   2|           1|           2|
    |tmp_318_4_fu_2398_p2                |    xor   |      0|   0|   2|           1|           2|
    |tmp_318_5_fu_2495_p2                |    xor   |      0|   0|   2|           1|           2|
    |tmp_318_6_fu_2592_p2                |    xor   |      0|   0|   2|           1|           2|
    |tmp_318_7_fu_2689_p2                |    xor   |      0|   0|   2|           1|           2|
    |tmp_320_1_fu_2141_p2                |    xor   |      0|   0|   2|           1|           2|
    |tmp_320_2_fu_2238_p2                |    xor   |      0|   0|   2|           1|           2|
    |tmp_320_3_fu_2335_p2                |    xor   |      0|   0|   2|           1|           2|
    |tmp_320_4_fu_2432_p2                |    xor   |      0|   0|   2|           1|           2|
    |tmp_320_5_fu_2529_p2                |    xor   |      0|   0|   2|           1|           2|
    |tmp_320_6_fu_2626_p2                |    xor   |      0|   0|   2|           1|           2|
    |tmp_320_7_fu_2723_p2                |    xor   |      0|   0|   2|           1|           2|
    +------------------------------------+----------+-------+----+----+------------+------------+
    |Total                               |          |      0|1014|1770|         804|         977|
    +------------------------------------+----------+-------+----+----+------------+------------+

    * Multiplexer: 
    +---------------------------------+----+-----------+-----+-----------+
    |               Name              | LUT| Input Size| Bits| Total Bits|
    +---------------------------------+----+-----------+-----+-----------+
    |ap_NS_fsm                        |  65|         15|    1|         15|
    |ap_enable_reg_pp0_iter1          |   9|          2|    1|          2|
    |ap_enable_reg_pp0_iter2          |   9|          2|    1|          2|
    |ap_enable_reg_pp1_iter1          |   9|          2|    1|          2|
    |ap_enable_reg_pp1_iter3          |   9|          2|    1|          2|
    |buffer1_1_24_16x16_p_1_address0  |  27|          5|   10|         50|
    |buffer1_1_24_16x16_p_1_d0        |  15|          3|    8|         24|
    |buffer1_1_24_16x16_p_2_address0  |  27|          5|   10|         50|
    |buffer1_1_24_16x16_p_2_d0        |  15|          3|    8|         24|
    |buffer1_1_24_16x16_p_3_address0  |  27|          5|   10|         50|
    |buffer1_1_24_16x16_p_3_d0        |  15|          3|    8|         24|
    |buffer1_1_24_16x16_p_4_address0  |  27|          5|   10|         50|
    |buffer1_1_24_16x16_p_4_d0        |  15|          3|    8|         24|
    |buffer1_1_24_16x16_p_5_address0  |  27|          5|   10|         50|
    |buffer1_1_24_16x16_p_5_d0        |  15|          3|    8|         24|
    |buffer1_1_24_16x16_p_6_address0  |  27|          5|   10|         50|
    |buffer1_1_24_16x16_p_6_d0        |  15|          3|    8|         24|
    |buffer1_1_24_16x16_p_7_address0  |  27|          5|   10|         50|
    |buffer1_1_24_16x16_p_7_d0        |  15|          3|    8|         24|
    |buffer1_1_24_16x16_p_address0    |  27|          5|   10|         50|
    |buffer1_1_24_16x16_p_d0          |  15|          3|    8|         24|
    |ci_reg_634                       |   9|          2|    5|         10|
    |co3_reg_645                      |   9|          2|    5|         10|
    |co4_phi_fu_671_p4                |   9|          2|    5|         10|
    |co4_reg_667                      |   9|          2|    5|         10|
    |co_phi_fu_568_p4                 |   9|          2|    5|         10|
    |co_reg_564                       |   9|          2|    5|         10|
    |h1_reg_610                       |   9|          2|    5|         10|
    |h5_phi_fu_694_p4                 |   9|          2|    5|         10|
    |h5_reg_690                       |   9|          2|    5|         10|
    |h_phi_fu_591_p4                  |   9|          2|    5|         10|
    |h_reg_587                        |   9|          2|    5|         10|
    |indvar_flatten4_reg_553          |   9|          2|   13|         26|
    |indvar_flatten5_reg_656          |   9|          2|   13|         26|
    |indvar_flatten6_reg_679          |   9|          2|   10|         20|
    |indvar_flatten_reg_576           |   9|          2|   10|         20|
    |w2_reg_622                       |   9|          2|    5|         10|
    |w6_phi_fu_706_p4                 |   9|          2|    5|         10|
    |w6_reg_702                       |   9|          2|    5|         10|
    |w_phi_fu_603_p4                  |   9|          2|    5|         10|
    |w_reg_599                        |   9|          2|    5|         10|
    +---------------------------------+----+-----------+-----+-----------+
    |Total                            | 617|        127|  275|        867|
    +---------------------------------+----+-----------+-----+-----------+

    * Register: 
    +--------------------------------------------+----+----+-----+-----------+
    |                    Name                    | FF | LUT| Bits| Const Bits|
    +--------------------------------------------+----+----+-----+-----------+
    |ap_CS_fsm                                   |  14|   0|   14|          0|
    |ap_enable_reg_pp0_iter0                     |   1|   0|    1|          0|
    |ap_enable_reg_pp0_iter1                     |   1|   0|    1|          0|
    |ap_enable_reg_pp0_iter2                     |   1|   0|    1|          0|
    |ap_enable_reg_pp1_iter0                     |   1|   0|    1|          0|
    |ap_enable_reg_pp1_iter1                     |   1|   0|    1|          0|
    |ap_enable_reg_pp1_iter2                     |   1|   0|    1|          0|
    |ap_enable_reg_pp1_iter3                     |   1|   0|    1|          0|
    |ap_reg_pp0_iter1_exitcond_flatten_reg_3232  |   1|   0|    1|          0|
    |ap_reg_pp0_iter1_w_mid2_reg_3252            |   5|   0|    5|          0|
    |ap_reg_pp1_iter1_w6_mid2_reg_4087           |   5|   0|    5|          0|
    |ap_reg_pp1_iter2_tmp_463_reg_4103           |   3|   0|    3|          0|
    |arrayNo_mid2_v_reg_4098                     |   5|   0|    5|          0|
    |brmerge40_demorgan_i_17_reg_3927            |   1|   0|    1|          0|
    |brmerge40_demorgan_i_18_reg_3952            |   1|   0|    1|          0|
    |brmerge40_demorgan_i_19_reg_3977            |   1|   0|    1|          0|
    |brmerge40_demorgan_i_20_reg_4002            |   1|   0|    1|          0|
    |brmerge40_demorgan_i_21_reg_4027            |   1|   0|    1|          0|
    |brmerge40_demorgan_i_22_reg_4052            |   1|   0|    1|          0|
    |brmerge40_demorgan_i_23_reg_3902            |   1|   0|    1|          0|
    |brmerge40_demorgan_i_reg_3877               |   1|   0|    1|          0|
    |brmerge_i_i_i_1_reg_3912                    |   1|   0|    1|          0|
    |brmerge_i_i_i_2_reg_3937                    |   1|   0|    1|          0|
    |brmerge_i_i_i_3_reg_3962                    |   1|   0|    1|          0|
    |brmerge_i_i_i_4_reg_3987                    |   1|   0|    1|          0|
    |brmerge_i_i_i_5_reg_4012                    |   1|   0|    1|          0|
    |brmerge_i_i_i_6_reg_4037                    |   1|   0|    1|          0|
    |brmerge_i_i_i_7_reg_4062                    |   1|   0|    1|          0|
    |brmerge_i_i_i_reg_3887                      |   1|   0|    1|          0|
    |buffer1_1_24_16x16_p_31_reg_3406            |  10|   0|   10|          0|
    |buffer1_1_24_16x16_p_32_reg_3411            |  10|   0|   10|          0|
    |buffer1_1_24_16x16_p_33_reg_3416            |  10|   0|   10|          0|
    |buffer1_1_24_16x16_p_34_reg_3421            |  10|   0|   10|          0|
    |buffer1_1_24_16x16_p_35_reg_3426            |  10|   0|   10|          0|
    |buffer1_1_24_16x16_p_36_reg_3431            |  10|   0|   10|          0|
    |buffer1_1_24_16x16_p_37_reg_3436            |  10|   0|   10|          0|
    |buffer1_1_24_16x16_p_38_reg_3441            |  10|   0|   10|          0|
    |buffer1_1_24_16x16_p_39_reg_3456            |   8|   0|    8|          0|
    |buffer1_1_24_16x16_p_40_reg_3471            |   8|   0|    8|          0|
    |buffer1_1_24_16x16_p_41_reg_3486            |   8|   0|    8|          0|
    |buffer1_1_24_16x16_p_42_reg_3501            |   8|   0|    8|          0|
    |buffer1_1_24_16x16_p_43_reg_3516            |   8|   0|    8|          0|
    |buffer1_1_24_16x16_p_44_reg_3531            |   8|   0|    8|          0|
    |buffer1_1_24_16x16_p_45_reg_3546            |   8|   0|    8|          0|
    |buffer1_1_24_16x16_p_46_reg_3561            |   8|   0|    8|          0|
    |buffer1_1_24_16x16_p_47_reg_4124            |  10|   0|   10|          0|
    |buffer1_1_24_16x16_p_48_reg_4130            |  10|   0|   10|          0|
    |buffer1_1_24_16x16_p_49_reg_4136            |  10|   0|   10|          0|
    |buffer1_1_24_16x16_p_50_reg_4142            |  10|   0|   10|          0|
    |buffer1_1_24_16x16_p_51_reg_4148            |  10|   0|   10|          0|
    |buffer1_1_24_16x16_p_52_reg_4154            |  10|   0|   10|          0|
    |buffer1_1_24_16x16_p_53_reg_4160            |  10|   0|   10|          0|
    |buffer1_1_24_16x16_p_54_reg_4166            |  10|   0|   10|          0|
    |carry_11_1_reg_3632                         |   1|   0|    1|          0|
    |carry_11_2_reg_3669                         |   1|   0|    1|          0|
    |carry_11_3_reg_3706                         |   1|   0|    1|          0|
    |carry_11_4_reg_3743                         |   1|   0|    1|          0|
    |carry_11_5_reg_3780                         |   1|   0|    1|          0|
    |carry_11_6_reg_3817                         |   1|   0|    1|          0|
    |carry_11_7_reg_3854                         |   1|   0|    1|          0|
    |carry_s_reg_3595                            |   1|   0|    1|          0|
    |ci_5_reg_3328                               |   5|   0|    5|          0|
    |ci_reg_634                                  |   5|   0|    5|          0|
    |co3_reg_645                                 |   5|   0|    5|          0|
    |co4_reg_667                                 |   5|   0|    5|          0|
    |co_24_7_reg_3361                            |   5|   0|    5|          0|
    |co_reg_564                                  |   5|   0|    5|          0|
    |exitcond41_mid_reg_3247                     |   1|   0|    1|          0|
    |exitcond_flatten10_reg_4076                 |   1|   0|    1|          0|
    |exitcond_flatten8_reg_3241                  |   1|   0|    1|          0|
    |exitcond_flatten9_reg_4067                  |   1|   0|    1|          0|
    |exitcond_flatten_reg_3232                   |   1|   0|    1|          0|
    |exitcond_mid_reg_4082                       |   1|   0|    1|          0|
    |h1_reg_610                                  |   5|   0|    5|          0|
    |h5_reg_690                                  |   5|   0|    5|          0|
    |h_reg_587                                   |   5|   0|    5|          0|
    |indvar_flatten4_reg_553                     |  13|   0|   13|          0|
    |indvar_flatten5_reg_656                     |  13|   0|   13|          0|
    |indvar_flatten6_reg_679                     |  10|   0|   10|          0|
    |indvar_flatten_reg_576                      |  10|   0|   10|          0|
    |input_V_addr_reg_3338                       |  13|   0|   13|          0|
    |input_V_load_reg_3446                       |   8|   0|    8|          0|
    |p_38_i_i_1_reg_3892                         |   1|   0|    1|          0|
    |p_38_i_i_2_reg_3917                         |   1|   0|    1|          0|
    |p_38_i_i_3_reg_3942                         |   1|   0|    1|          0|
    |p_38_i_i_4_reg_3967                         |   1|   0|    1|          0|
    |p_38_i_i_5_reg_3992                         |   1|   0|    1|          0|
    |p_38_i_i_6_reg_4017                         |   1|   0|    1|          0|
    |p_38_i_i_7_reg_4042                         |   1|   0|    1|          0|
    |p_38_i_i_reg_3867                           |   1|   0|    1|          0|
    |p_Val2_4_reg_3571                           |  16|   0|   16|          0|
    |p_Val2_68_1_reg_3466                        |  16|   0|   16|          0|
    |p_Val2_68_2_reg_3481                        |  16|   0|   16|          0|
    |p_Val2_68_3_reg_3496                        |  16|   0|   16|          0|
    |p_Val2_68_4_reg_3511                        |  16|   0|   16|          0|
    |p_Val2_68_5_reg_3526                        |  16|   0|   16|          0|
    |p_Val2_68_6_reg_3541                        |  16|   0|   16|          0|
    |p_Val2_68_7_reg_3556                        |  16|   0|   16|          0|
    |p_Val2_69_1_reg_3608                        |  16|   0|   16|          0|
    |p_Val2_69_2_reg_3645                        |  16|   0|   16|          0|
    |p_Val2_69_3_reg_3682                        |  16|   0|   16|          0|
    |p_Val2_69_4_reg_3719                        |  16|   0|   16|          0|
    |p_Val2_69_5_reg_3756                        |  16|   0|   16|          0|
    |p_Val2_69_6_reg_3793                        |  16|   0|   16|          0|
    |p_Val2_69_7_reg_3830                        |  16|   0|   16|          0|
    |p_Val2_6_reg_3583                           |   8|   0|    8|          0|
    |p_Val2_71_1_reg_3620                        |   8|   0|    8|          0|
    |p_Val2_71_2_reg_3657                        |   8|   0|    8|          0|
    |p_Val2_71_3_reg_3694                        |   8|   0|    8|          0|
    |p_Val2_71_4_reg_3731                        |   8|   0|    8|          0|
    |p_Val2_71_5_reg_3768                        |   8|   0|    8|          0|
    |p_Val2_71_6_reg_3805                        |   8|   0|    8|          0|
    |p_Val2_71_7_reg_3842                        |   8|   0|    8|          0|
    |p_Val2_s_reg_3451                           |  16|   0|   16|          0|
    |tmp_213_mid2_reg_3272                       |   5|   0|    5|          0|
    |tmp_214_mid2_reg_4108                       |   5|   0|    5|          0|
    |tmp_215_cast1_reg_3310                      |   5|   0|   11|          6|
    |tmp_215_cast_reg_3315                       |   5|   0|   14|          9|
    |tmp_219_cast_reg_3333                       |   5|   0|    8|          3|
    |tmp_224_reg_3872                            |   1|   0|    1|          0|
    |tmp_235_reg_3602                            |   2|   0|    2|          0|
    |tmp_236_reg_3639                            |   2|   0|    2|          0|
    |tmp_237_reg_3676                            |   2|   0|    2|          0|
    |tmp_238_reg_3713                            |   2|   0|    2|          0|
    |tmp_239_reg_3750                            |   2|   0|    2|          0|
    |tmp_240_reg_3787                            |   2|   0|    2|          0|
    |tmp_241_reg_3824                            |   2|   0|    2|          0|
    |tmp_242_reg_3861                            |   2|   0|    2|          0|
    |tmp_320_1_reg_3897                          |   1|   0|    1|          0|
    |tmp_320_2_reg_3922                          |   1|   0|    1|          0|
    |tmp_320_3_reg_3947                          |   1|   0|    1|          0|
    |tmp_320_4_reg_3972                          |   1|   0|    1|          0|
    |tmp_320_5_reg_3997                          |   1|   0|    1|          0|
    |tmp_320_6_reg_4022                          |   1|   0|    1|          0|
    |tmp_320_7_reg_4047                          |   1|   0|    1|          0|
    |tmp_372_reg_3277                            |   7|   0|    7|          0|
    |tmp_379_reg_4113                            |   7|   0|    7|          0|
    |tmp_391_reg_3351                            |   8|   0|    8|          0|
    |tmp_397_reg_3356                            |  11|   0|   11|          0|
    |tmp_461_reg_3268                            |   3|   0|    3|          0|
    |tmp_463_reg_4103                            |   3|   0|    3|          0|
    |tmp_468_reg_3576                            |   1|   0|    1|          0|
    |tmp_469_reg_3461                            |   1|   0|    1|          0|
    |tmp_471_reg_3589                            |   1|   0|    1|          0|
    |tmp_473_reg_3613                            |   1|   0|    1|          0|
    |tmp_474_reg_3476                            |   1|   0|    1|          0|
    |tmp_476_reg_3626                            |   1|   0|    1|          0|
    |tmp_478_reg_3650                            |   1|   0|    1|          0|
    |tmp_479_reg_3491                            |   1|   0|    1|          0|
    |tmp_481_reg_3663                            |   1|   0|    1|          0|
    |tmp_483_reg_3687                            |   1|   0|    1|          0|
    |tmp_484_reg_3506                            |   1|   0|    1|          0|
    |tmp_486_reg_3700                            |   1|   0|    1|          0|
    |tmp_488_reg_3724                            |   1|   0|    1|          0|
    |tmp_489_reg_3521                            |   1|   0|    1|          0|
    |tmp_491_reg_3737                            |   1|   0|    1|          0|
    |tmp_493_reg_3761                            |   1|   0|    1|          0|
    |tmp_494_reg_3536                            |   1|   0|    1|          0|
    |tmp_496_reg_3774                            |   1|   0|    1|          0|
    |tmp_498_reg_3798                            |   1|   0|    1|          0|
    |tmp_499_reg_3551                            |   1|   0|    1|          0|
    |tmp_501_reg_3811                            |   1|   0|    1|          0|
    |tmp_503_reg_3835                            |   1|   0|    1|          0|
    |tmp_504_reg_3566                            |   1|   0|    1|          0|
    |tmp_506_reg_3848                            |   1|   0|    1|          0|
    |tmp_cast5_reg_3297                          |   5|   0|    7|          2|
    |tmp_cast_reg_3302                           |   5|   0|   10|          5|
    |tmp_mid2_v_reg_3263                         |   5|   0|    5|          0|
    |underflow_1_reg_3907                        |   1|   0|    1|          0|
    |underflow_2_reg_3932                        |   1|   0|    1|          0|
    |underflow_3_reg_3957                        |   1|   0|    1|          0|
    |underflow_4_reg_3982                        |   1|   0|    1|          0|
    |underflow_5_reg_4007                        |   1|   0|    1|          0|
    |underflow_6_reg_4032                        |   1|   0|    1|          0|
    |underflow_7_reg_4057                        |   1|   0|    1|          0|
    |underflow_reg_3882                          |   1|   0|    1|          0|
    |w2_reg_622                                  |   5|   0|    5|          0|
    |w6_mid2_reg_4087                            |   5|   0|    5|          0|
    |w6_reg_702                                  |   5|   0|    5|          0|
    |w_mid2_reg_3252                             |   5|   0|    5|          0|
    |w_reg_599                                   |   5|   0|    5|          0|
    |exitcond_flatten9_reg_4067                  |  64|  32|    1|          0|
    +--------------------------------------------+----+----+-----+-----------+
    |Total                                       | 958|  32|  920|         25|
    +--------------------------------------------+----+----+-----+-----------+



================================================================
== Interface
================================================================
* Summary: 
+---------------------------------+-----+-----+------------+------------------------+--------------+
|            RTL Ports            | Dir | Bits|  Protocol  |      Source Object     |    C Type    |
+---------------------------------+-----+-----+------------+------------------------+--------------+
|ap_clk                           |  in |    1| ap_ctrl_hs |    subconv_1x1_16_p    | return value |
|ap_rst                           |  in |    1| ap_ctrl_hs |    subconv_1x1_16_p    | return value |
|ap_start                         |  in |    1| ap_ctrl_hs |    subconv_1x1_16_p    | return value |
|ap_done                          | out |    1| ap_ctrl_hs |    subconv_1x1_16_p    | return value |
|ap_idle                          | out |    1| ap_ctrl_hs |    subconv_1x1_16_p    | return value |
|ap_ready                         | out |    1| ap_ctrl_hs |    subconv_1x1_16_p    | return value |
|input_V_address0                 | out |   13|  ap_memory |         input_V        |     array    |
|input_V_ce0                      | out |    1|  ap_memory |         input_V        |     array    |
|input_V_q0                       |  in |    8|  ap_memory |         input_V        |     array    |
|weight_0_V_address0              | out |    7|  ap_memory |       weight_0_V       |     array    |
|weight_0_V_ce0                   | out |    1|  ap_memory |       weight_0_V       |     array    |
|weight_0_V_q0                    |  in |    8|  ap_memory |       weight_0_V       |     array    |
|weight_1_V_address0              | out |    7|  ap_memory |       weight_1_V       |     array    |
|weight_1_V_ce0                   | out |    1|  ap_memory |       weight_1_V       |     array    |
|weight_1_V_q0                    |  in |    8|  ap_memory |       weight_1_V       |     array    |
|weight_2_V_address0              | out |    7|  ap_memory |       weight_2_V       |     array    |
|weight_2_V_ce0                   | out |    1|  ap_memory |       weight_2_V       |     array    |
|weight_2_V_q0                    |  in |    8|  ap_memory |       weight_2_V       |     array    |
|weight_3_V_address0              | out |    7|  ap_memory |       weight_3_V       |     array    |
|weight_3_V_ce0                   | out |    1|  ap_memory |       weight_3_V       |     array    |
|weight_3_V_q0                    |  in |    8|  ap_memory |       weight_3_V       |     array    |
|weight_4_V_address0              | out |    7|  ap_memory |       weight_4_V       |     array    |
|weight_4_V_ce0                   | out |    1|  ap_memory |       weight_4_V       |     array    |
|weight_4_V_q0                    |  in |    8|  ap_memory |       weight_4_V       |     array    |
|weight_5_V_address0              | out |    7|  ap_memory |       weight_5_V       |     array    |
|weight_5_V_ce0                   | out |    1|  ap_memory |       weight_5_V       |     array    |
|weight_5_V_q0                    |  in |    8|  ap_memory |       weight_5_V       |     array    |
|weight_6_V_address0              | out |    7|  ap_memory |       weight_6_V       |     array    |
|weight_6_V_ce0                   | out |    1|  ap_memory |       weight_6_V       |     array    |
|weight_6_V_q0                    |  in |    8|  ap_memory |       weight_6_V       |     array    |
|weight_7_V_address0              | out |    7|  ap_memory |       weight_7_V       |     array    |
|weight_7_V_ce0                   | out |    1|  ap_memory |       weight_7_V       |     array    |
|weight_7_V_q0                    |  in |    8|  ap_memory |       weight_7_V       |     array    |
|bias_V_address0                  | out |    5|  ap_memory |         bias_V         |     array    |
|bias_V_ce0                       | out |    1|  ap_memory |         bias_V         |     array    |
|bias_V_q0                        |  in |    8|  ap_memory |         bias_V         |     array    |
|buffer1_1_24_16x16_p_7_address0  | out |   10|  ap_memory | buffer1_1_24_16x16_p_7 |     array    |
|buffer1_1_24_16x16_p_7_ce0       | out |    1|  ap_memory | buffer1_1_24_16x16_p_7 |     array    |
|buffer1_1_24_16x16_p_7_we0       | out |    1|  ap_memory | buffer1_1_24_16x16_p_7 |     array    |
|buffer1_1_24_16x16_p_7_d0        | out |    8|  ap_memory | buffer1_1_24_16x16_p_7 |     array    |
|buffer1_1_24_16x16_p_7_q0        |  in |    8|  ap_memory | buffer1_1_24_16x16_p_7 |     array    |
|buffer1_1_24_16x16_p_7_address1  | out |   10|  ap_memory | buffer1_1_24_16x16_p_7 |     array    |
|buffer1_1_24_16x16_p_7_ce1       | out |    1|  ap_memory | buffer1_1_24_16x16_p_7 |     array    |
|buffer1_1_24_16x16_p_7_we1       | out |    1|  ap_memory | buffer1_1_24_16x16_p_7 |     array    |
|buffer1_1_24_16x16_p_7_d1        | out |    8|  ap_memory | buffer1_1_24_16x16_p_7 |     array    |
|buffer1_1_24_16x16_p_6_address0  | out |   10|  ap_memory | buffer1_1_24_16x16_p_6 |     array    |
|buffer1_1_24_16x16_p_6_ce0       | out |    1|  ap_memory | buffer1_1_24_16x16_p_6 |     array    |
|buffer1_1_24_16x16_p_6_we0       | out |    1|  ap_memory | buffer1_1_24_16x16_p_6 |     array    |
|buffer1_1_24_16x16_p_6_d0        | out |    8|  ap_memory | buffer1_1_24_16x16_p_6 |     array    |
|buffer1_1_24_16x16_p_6_q0        |  in |    8|  ap_memory | buffer1_1_24_16x16_p_6 |     array    |
|buffer1_1_24_16x16_p_6_address1  | out |   10|  ap_memory | buffer1_1_24_16x16_p_6 |     array    |
|buffer1_1_24_16x16_p_6_ce1       | out |    1|  ap_memory | buffer1_1_24_16x16_p_6 |     array    |
|buffer1_1_24_16x16_p_6_we1       | out |    1|  ap_memory | buffer1_1_24_16x16_p_6 |     array    |
|buffer1_1_24_16x16_p_6_d1        | out |    8|  ap_memory | buffer1_1_24_16x16_p_6 |     array    |
|buffer1_1_24_16x16_p_5_address0  | out |   10|  ap_memory | buffer1_1_24_16x16_p_5 |     array    |
|buffer1_1_24_16x16_p_5_ce0       | out |    1|  ap_memory | buffer1_1_24_16x16_p_5 |     array    |
|buffer1_1_24_16x16_p_5_we0       | out |    1|  ap_memory | buffer1_1_24_16x16_p_5 |     array    |
|buffer1_1_24_16x16_p_5_d0        | out |    8|  ap_memory | buffer1_1_24_16x16_p_5 |     array    |
|buffer1_1_24_16x16_p_5_q0        |  in |    8|  ap_memory | buffer1_1_24_16x16_p_5 |     array    |
|buffer1_1_24_16x16_p_5_address1  | out |   10|  ap_memory | buffer1_1_24_16x16_p_5 |     array    |
|buffer1_1_24_16x16_p_5_ce1       | out |    1|  ap_memory | buffer1_1_24_16x16_p_5 |     array    |
|buffer1_1_24_16x16_p_5_we1       | out |    1|  ap_memory | buffer1_1_24_16x16_p_5 |     array    |
|buffer1_1_24_16x16_p_5_d1        | out |    8|  ap_memory | buffer1_1_24_16x16_p_5 |     array    |
|buffer1_1_24_16x16_p_4_address0  | out |   10|  ap_memory | buffer1_1_24_16x16_p_4 |     array    |
|buffer1_1_24_16x16_p_4_ce0       | out |    1|  ap_memory | buffer1_1_24_16x16_p_4 |     array    |
|buffer1_1_24_16x16_p_4_we0       | out |    1|  ap_memory | buffer1_1_24_16x16_p_4 |     array    |
|buffer1_1_24_16x16_p_4_d0        | out |    8|  ap_memory | buffer1_1_24_16x16_p_4 |     array    |
|buffer1_1_24_16x16_p_4_q0        |  in |    8|  ap_memory | buffer1_1_24_16x16_p_4 |     array    |
|buffer1_1_24_16x16_p_4_address1  | out |   10|  ap_memory | buffer1_1_24_16x16_p_4 |     array    |
|buffer1_1_24_16x16_p_4_ce1       | out |    1|  ap_memory | buffer1_1_24_16x16_p_4 |     array    |
|buffer1_1_24_16x16_p_4_we1       | out |    1|  ap_memory | buffer1_1_24_16x16_p_4 |     array    |
|buffer1_1_24_16x16_p_4_d1        | out |    8|  ap_memory | buffer1_1_24_16x16_p_4 |     array    |
|buffer1_1_24_16x16_p_3_address0  | out |   10|  ap_memory | buffer1_1_24_16x16_p_3 |     array    |
|buffer1_1_24_16x16_p_3_ce0       | out |    1|  ap_memory | buffer1_1_24_16x16_p_3 |     array    |
|buffer1_1_24_16x16_p_3_we0       | out |    1|  ap_memory | buffer1_1_24_16x16_p_3 |     array    |
|buffer1_1_24_16x16_p_3_d0        | out |    8|  ap_memory | buffer1_1_24_16x16_p_3 |     array    |
|buffer1_1_24_16x16_p_3_q0        |  in |    8|  ap_memory | buffer1_1_24_16x16_p_3 |     array    |
|buffer1_1_24_16x16_p_3_address1  | out |   10|  ap_memory | buffer1_1_24_16x16_p_3 |     array    |
|buffer1_1_24_16x16_p_3_ce1       | out |    1|  ap_memory | buffer1_1_24_16x16_p_3 |     array    |
|buffer1_1_24_16x16_p_3_we1       | out |    1|  ap_memory | buffer1_1_24_16x16_p_3 |     array    |
|buffer1_1_24_16x16_p_3_d1        | out |    8|  ap_memory | buffer1_1_24_16x16_p_3 |     array    |
|buffer1_1_24_16x16_p_2_address0  | out |   10|  ap_memory | buffer1_1_24_16x16_p_2 |     array    |
|buffer1_1_24_16x16_p_2_ce0       | out |    1|  ap_memory | buffer1_1_24_16x16_p_2 |     array    |
|buffer1_1_24_16x16_p_2_we0       | out |    1|  ap_memory | buffer1_1_24_16x16_p_2 |     array    |
|buffer1_1_24_16x16_p_2_d0        | out |    8|  ap_memory | buffer1_1_24_16x16_p_2 |     array    |
|buffer1_1_24_16x16_p_2_q0        |  in |    8|  ap_memory | buffer1_1_24_16x16_p_2 |     array    |
|buffer1_1_24_16x16_p_2_address1  | out |   10|  ap_memory | buffer1_1_24_16x16_p_2 |     array    |
|buffer1_1_24_16x16_p_2_ce1       | out |    1|  ap_memory | buffer1_1_24_16x16_p_2 |     array    |
|buffer1_1_24_16x16_p_2_we1       | out |    1|  ap_memory | buffer1_1_24_16x16_p_2 |     array    |
|buffer1_1_24_16x16_p_2_d1        | out |    8|  ap_memory | buffer1_1_24_16x16_p_2 |     array    |
|buffer1_1_24_16x16_p_1_address0  | out |   10|  ap_memory | buffer1_1_24_16x16_p_1 |     array    |
|buffer1_1_24_16x16_p_1_ce0       | out |    1|  ap_memory | buffer1_1_24_16x16_p_1 |     array    |
|buffer1_1_24_16x16_p_1_we0       | out |    1|  ap_memory | buffer1_1_24_16x16_p_1 |     array    |
|buffer1_1_24_16x16_p_1_d0        | out |    8|  ap_memory | buffer1_1_24_16x16_p_1 |     array    |
|buffer1_1_24_16x16_p_1_q0        |  in |    8|  ap_memory | buffer1_1_24_16x16_p_1 |     array    |
|buffer1_1_24_16x16_p_1_address1  | out |   10|  ap_memory | buffer1_1_24_16x16_p_1 |     array    |
|buffer1_1_24_16x16_p_1_ce1       | out |    1|  ap_memory | buffer1_1_24_16x16_p_1 |     array    |
|buffer1_1_24_16x16_p_1_we1       | out |    1|  ap_memory | buffer1_1_24_16x16_p_1 |     array    |
|buffer1_1_24_16x16_p_1_d1        | out |    8|  ap_memory | buffer1_1_24_16x16_p_1 |     array    |
|buffer1_1_24_16x16_p_address0    | out |   10|  ap_memory |  buffer1_1_24_16x16_p  |     array    |
|buffer1_1_24_16x16_p_ce0         | out |    1|  ap_memory |  buffer1_1_24_16x16_p  |     array    |
|buffer1_1_24_16x16_p_we0         | out |    1|  ap_memory |  buffer1_1_24_16x16_p  |     array    |
|buffer1_1_24_16x16_p_d0          | out |    8|  ap_memory |  buffer1_1_24_16x16_p  |     array    |
|buffer1_1_24_16x16_p_q0          |  in |    8|  ap_memory |  buffer1_1_24_16x16_p  |     array    |
|buffer1_1_24_16x16_p_address1    | out |   10|  ap_memory |  buffer1_1_24_16x16_p  |     array    |
|buffer1_1_24_16x16_p_ce1         | out |    1|  ap_memory |  buffer1_1_24_16x16_p  |     array    |
|buffer1_1_24_16x16_p_we1         | out |    1|  ap_memory |  buffer1_1_24_16x16_p  |     array    |
|buffer1_1_24_16x16_p_d1          | out |    8|  ap_memory |  buffer1_1_24_16x16_p  |     array    |
+---------------------------------+-----+-----+------------+------------------------+--------------+

