

================================================================
== Vivado HLS Report for 'DownsampleUnit1'
================================================================
* Date:           Mon Dec 10 14:57:11 2018

* Version:        2017.2 (Build 1909853 on Thu Jun 15 18:55:24 MDT 2017)
* Project:        accelerator_hls
* Solution:       naive
* Product family: zynq
* Target device:  xc7z020clg484-1


================================================================
== Performance Estimates
================================================================
+ Timing (ns): 
    * Summary: 
    +--------+-------+----------+------------+
    |  Clock | Target| Estimated| Uncertainty|
    +--------+-------+----------+------------+
    |ap_clk  |  10.00|      8.53|        1.25|
    +--------+-------+----------+------------+

+ Latency (clock cycles): 
    * Summary: 
    +----------+----------+----------+----------+---------+
    |       Latency       |       Interval      | Pipeline|
    |    min   |    max   |    min   |    max   |   Type  |
    +----------+----------+----------+----------+---------+
    |  10339646|  10339646|  10339646|  10339646|   none  |
    +----------+----------+----------+----------+---------+

    + Detail: 
        * Instance: 
        N/A

        * Loop: 
        +---------------------------+-------+-------+----------+-----------+-----------+------+----------+
        |                           |    Latency    | Iteration|  Initiation Interval  | Trip |          |
        |         Loop Name         |  min  |  max  |  Latency |  achieved |   target  | Count| Pipelined|
        +---------------------------+-------+-------+----------+-----------+-----------+------+----------+
        |- memset_conv1r_output     |  13103|  13103|       273|          -|          -|    48|    no    |
        | + memset_conv1r_output    |    271|    271|        17|          -|          -|    16|    no    |
        |  ++ memset_conv1r_output  |     15|     15|         1|          -|          -|    16|    no    |
        |- memset_conv2r_ourput     |   3503|   3503|        73|          -|          -|    48|    no    |
        | + memset_conv2r_ourput    |     71|     71|         9|          -|          -|     8|    no    |
        |  ++ memset_conv2r_ourput  |      7|      7|         1|          -|          -|     8|    no    |
        |- memset_conv3r_ourput     |   3503|   3503|        73|          -|          -|    48|    no    |
        | + memset_conv3r_ourput    |     71|     71|         9|          -|          -|     8|    no    |
        |  ++ memset_conv3r_ourput  |      7|      7|         1|          -|          -|     8|    no    |
        |- memset_conv1l_output     |   3503|   3503|        73|          -|          -|    48|    no    |
        | + memset_conv1l_output    |     71|     71|         9|          -|          -|     8|    no    |
        |  ++ memset_conv1l_output  |      7|      7|         1|          -|          -|     8|    no    |
        |- memset_conv2l_output     |   3503|   3503|        73|          -|          -|    48|    no    |
        | + memset_conv2l_output    |     71|     71|         9|          -|          -|     8|    no    |
        |  ++ memset_conv2l_output  |      7|      7|         1|          -|          -|     8|    no    |
        +---------------------------+-------+-------+----------+-----------+-----------+------+----------+

============================================================
+ Verbose Summary: Synthesis Manager
============================================================
InlineROM: 1
ExposeGlobal: 0
============================================================
+ Verbose Summary: CDFG Model
============================================================
IsTopModel: 0
ResetActiveHigh: 1
IsCombinational: 0
IsDatapathOnly: 0
HasWiredReturn: 1
HasMFsm: 0
HasVarLatency: 1
IsPipeline: 0
IsRtlPipelined: 0
IsInstanceOverlapped: 0
IsDontTouch: 0
HasImplIP: 0
IsGatedGlobalClock: 0


============================================================
+ Verbose Summary: Schedule
============================================================
* Number of FSM states: 25
* Pipeline: 0
* Dataflow Pipeline: 0

* FSM state transitions: 
1 --> 
	2  / true
2 --> 
	3  / true
3 --> 
	4  / true
4 --> 
	4  / (!tmp_s)
	3  / (tmp_s & !tmp_409)
	2  / (tmp_s & tmp_409 & !tmp_410)
	5  / (tmp_s & tmp_409 & tmp_410)
5 --> 
	6  / true
6 --> 
	7  / true
7 --> 
	7  / (!tmp_411)
	6  / (tmp_411 & !tmp_412)
	5  / (tmp_411 & tmp_412 & !tmp_413)
	8  / (tmp_411 & tmp_412 & tmp_413)
8 --> 
	9  / true
9 --> 
	10  / true
10 --> 
	10  / (!tmp_414)
	9  / (tmp_414 & !tmp_415)
	8  / (tmp_414 & tmp_415 & !tmp_416)
	11  / (tmp_414 & tmp_415 & tmp_416)
11 --> 
	12  / true
12 --> 
	13  / true
13 --> 
	13  / (!tmp_417)
	12  / (tmp_417 & !tmp_418)
	11  / (tmp_417 & tmp_418 & !tmp_419)
	14  / (tmp_417 & tmp_418 & tmp_419)
14 --> 
	15  / true
15 --> 
	16  / true
16 --> 
	16  / (!tmp_420)
	15  / (tmp_420 & !tmp_421)
	14  / (tmp_420 & tmp_421 & !tmp_422)
	17  / (tmp_420 & tmp_421 & tmp_422)
17 --> 
	18  / true
18 --> 
	19  / true
19 --> 
	20  / true
20 --> 
	21  / true
21 --> 
	22  / true
22 --> 
	23  / true
23 --> 
	24  / true
24 --> 
	25  / true
25 --> 
* FSM state operations: 

 <State 1>: 1.59ns
ST_1: conv1r_output (13)  [1/1] 0.00ns  loc: accelerator_hls/components.cpp:317
meminst.0:0  %conv1r_output = alloca [12288 x float], align 4

ST_1: conv2r_ourput_0 (14)  [1/1] 0.00ns  loc: accelerator_hls/components.cpp:318
meminst.0:1  %conv2r_ourput_0 = alloca [3072 x float], align 4

ST_1: conv3r_ourput_0 (15)  [1/1] 0.00ns  loc: accelerator_hls/components.cpp:319
meminst.0:2  %conv3r_ourput_0 = alloca [3072 x float], align 4

ST_1: conv1l_output_0 (16)  [1/1] 0.00ns  loc: accelerator_hls/components.cpp:320
meminst.0:3  %conv1l_output_0 = alloca [3072 x float], align 4

ST_1: conv2l_output_0 (17)  [1/1] 0.00ns  loc: accelerator_hls/components.cpp:321
meminst.0:4  %conv2l_output_0 = alloca [3072 x float], align 4

ST_1: StgValue_31 (18)  [1/1] 1.59ns
meminst.0:5  br label %meminst2.0


 <State 2>: 2.31ns
ST_2: invdar3 (20)  [1/1] 0.00ns  loc: accelerator_hls/components.cpp:317
meminst2.0:0  %invdar3 = phi i6 [ 0, %meminst.0 ], [ %indvarinc4, %meminst25.0 ]

ST_2: indvarinc4 (21)  [1/1] 2.31ns  loc: accelerator_hls/components.cpp:317
meminst2.0:1  %indvarinc4 = add i6 %invdar3, 1

ST_2: empty_453 (22)  [1/1] 0.00ns
meminst2.0:2  %empty_453 = call i32 (...)* @_ssdm_op_SpecLoopTripCount(i64 48, i64 48, i64 48)

ST_2: StgValue_35 (23)  [1/1] 1.59ns
meminst2.0:3  br label %meminst6.0


 <State 3>: 2.35ns
ST_3: invdar7 (25)  [1/1] 0.00ns  loc: accelerator_hls/components.cpp:317
meminst6.0:0  %invdar7 = phi i4 [ 0, %meminst2.0 ], [ %indvarinc8, %meminst69.0 ]

ST_3: indvarinc8 (26)  [1/1] 2.35ns  loc: accelerator_hls/components.cpp:317
meminst6.0:1  %indvarinc8 = add i4 %invdar7, 1

ST_3: empty_452 (27)  [1/1] 0.00ns
meminst6.0:2  %empty_452 = call i32 (...)* @_ssdm_op_SpecLoopTripCount(i64 16, i64 16, i64 16)

ST_3: StgValue_39 (28)  [1/1] 1.59ns
meminst6.0:3  br label %meminst10.0


 <State 4>: 3.88ns
ST_4: invdar11 (30)  [1/1] 0.00ns  loc: accelerator_hls/components.cpp:317
meminst10.0:0  %invdar11 = phi i4 [ 0, %meminst6.0 ], [ %indvarinc12, %meminst10.0 ]

ST_4: indvarinc12 (31)  [1/1] 2.35ns  loc: accelerator_hls/components.cpp:317
meminst10.0:1  %indvarinc12 = add i4 %invdar11, 1

ST_4: tmp (32)  [1/1] 0.00ns  loc: accelerator_hls/components.cpp:317
meminst10.0:2  %tmp = call i14 @_ssdm_op_BitConcatenate.i14.i6.i4.i4(i6 %invdar3, i4 %invdar7, i4 %invdar11)

ST_4: tmp_659 (33)  [1/1] 0.00ns  loc: accelerator_hls/components.cpp:317
meminst10.0:3  %tmp_659 = zext i14 %tmp to i64

ST_4: conv1r_output_addr (34)  [1/1] 0.00ns  loc: accelerator_hls/components.cpp:317
meminst10.0:4  %conv1r_output_addr = getelementptr [12288 x float]* %conv1r_output, i64 0, i64 %tmp_659

ST_4: StgValue_45 (35)  [1/1] 3.25ns  loc: accelerator_hls/components.cpp:317
meminst10.0:5  store float 0.000000e+00, float* %conv1r_output_addr, align 4

ST_4: tmp_s (36)  [1/1] 3.10ns  loc: accelerator_hls/components.cpp:317
meminst10.0:6  %tmp_s = icmp eq i4 %invdar11, -1

ST_4: empty_450 (37)  [1/1] 0.00ns
meminst10.0:7  %empty_450 = call i32 (...)* @_ssdm_op_SpecLoopName([21 x i8]* @memset_conv1r_output) nounwind

ST_4: empty_451 (38)  [1/1] 0.00ns
meminst10.0:8  %empty_451 = call i32 (...)* @_ssdm_op_SpecLoopTripCount(i64 16, i64 16, i64 16)

ST_4: StgValue_49 (39)  [1/1] 0.00ns  loc: accelerator_hls/components.cpp:317
meminst10.0:9  br i1 %tmp_s, label %meminst69.0, label %meminst10.0

ST_4: tmp_409 (41)  [1/1] 3.10ns  loc: accelerator_hls/components.cpp:317
meminst69.0:0  %tmp_409 = icmp eq i4 %invdar7, -1

ST_4: empty_449 (42)  [1/1] 0.00ns
meminst69.0:1  %empty_449 = call i32 (...)* @_ssdm_op_SpecLoopName([21 x i8]* @memset_conv1r_output) nounwind

ST_4: StgValue_52 (43)  [1/1] 0.00ns  loc: accelerator_hls/components.cpp:317
meminst69.0:2  br i1 %tmp_409, label %meminst25.0, label %meminst6.0

ST_4: tmp_410 (45)  [1/1] 3.88ns  loc: accelerator_hls/components.cpp:317
meminst25.0:0  %tmp_410 = icmp eq i6 %invdar3, -17

ST_4: empty (46)  [1/1] 0.00ns
meminst25.0:1  %empty = call i32 (...)* @_ssdm_op_SpecLoopName([21 x i8]* @memset_conv1r_output) nounwind

ST_4: StgValue_55 (47)  [1/1] 0.00ns  loc: accelerator_hls/components.cpp:317
meminst25.0:2  br i1 %tmp_410, label %meminst17.0.preheader, label %meminst2.0

ST_4: StgValue_56 (49)  [1/1] 1.59ns  loc: accelerator_hls/components.cpp:318
meminst17.0.preheader:0  br label %meminst17.0


 <State 5>: 2.31ns
ST_5: invdar18 (51)  [1/1] 0.00ns  loc: accelerator_hls/components.cpp:318
meminst17.0:0  %invdar18 = phi i6 [ %indvarinc19, %meminst1720.0 ], [ 0, %meminst17.0.preheader ]

ST_5: indvarinc19 (52)  [1/1] 2.31ns  loc: accelerator_hls/components.cpp:318
meminst17.0:1  %indvarinc19 = add i6 %invdar18, 1

ST_5: empty_459 (53)  [1/1] 0.00ns
meminst17.0:2  %empty_459 = call i32 (...)* @_ssdm_op_SpecLoopTripCount(i64 48, i64 48, i64 48)

ST_5: StgValue_60 (54)  [1/1] 1.59ns
meminst17.0:3  br label %meminst21.0


 <State 6>: 2.26ns
ST_6: invdar22 (56)  [1/1] 0.00ns  loc: accelerator_hls/components.cpp:318
meminst21.0:0  %invdar22 = phi i3 [ 0, %meminst17.0 ], [ %indvarinc23, %meminst2124.0 ]

ST_6: indvarinc23 (57)  [1/1] 2.26ns  loc: accelerator_hls/components.cpp:318
meminst21.0:1  %indvarinc23 = add i3 %invdar22, 1

ST_6: empty_458 (58)  [1/1] 0.00ns
meminst21.0:2  %empty_458 = call i32 (...)* @_ssdm_op_SpecLoopTripCount(i64 8, i64 8, i64 8)

ST_6: StgValue_64 (59)  [1/1] 1.59ns
meminst21.0:3  br label %meminst26.0


 <State 7>: 3.88ns
ST_7: invdar27 (61)  [1/1] 0.00ns  loc: accelerator_hls/components.cpp:318
meminst26.0:0  %invdar27 = phi i3 [ 0, %meminst21.0 ], [ %indvarinc28, %meminst26.0 ]

ST_7: indvarinc28 (62)  [1/1] 2.26ns  loc: accelerator_hls/components.cpp:318
meminst26.0:1  %indvarinc28 = add i3 %invdar27, 1

ST_7: tmp_151 (63)  [1/1] 0.00ns  loc: accelerator_hls/components.cpp:318
meminst26.0:2  %tmp_151 = call i12 @_ssdm_op_BitConcatenate.i12.i6.i3.i3(i6 %invdar18, i3 %invdar22, i3 %invdar27)

ST_7: tmp_660 (64)  [1/1] 0.00ns  loc: accelerator_hls/components.cpp:318
meminst26.0:3  %tmp_660 = zext i12 %tmp_151 to i64

ST_7: conv2r_ourput_0_add (65)  [1/1] 0.00ns  loc: accelerator_hls/components.cpp:318
meminst26.0:4  %conv2r_ourput_0_add = getelementptr [3072 x float]* %conv2r_ourput_0, i64 0, i64 %tmp_660

ST_7: StgValue_70 (66)  [1/1] 3.25ns  loc: accelerator_hls/components.cpp:318
meminst26.0:5  store float 0.000000e+00, float* %conv2r_ourput_0_add, align 4

ST_7: tmp_411 (67)  [1/1] 2.07ns  loc: accelerator_hls/components.cpp:318
meminst26.0:6  %tmp_411 = icmp eq i3 %invdar27, -1

ST_7: empty_456 (68)  [1/1] 0.00ns
meminst26.0:7  %empty_456 = call i32 (...)* @_ssdm_op_SpecLoopName([21 x i8]* @memset_conv2r_ourput) nounwind

ST_7: empty_457 (69)  [1/1] 0.00ns
meminst26.0:8  %empty_457 = call i32 (...)* @_ssdm_op_SpecLoopTripCount(i64 8, i64 8, i64 8)

ST_7: StgValue_74 (70)  [1/1] 0.00ns  loc: accelerator_hls/components.cpp:318
meminst26.0:9  br i1 %tmp_411, label %meminst2124.0, label %meminst26.0

ST_7: tmp_412 (72)  [1/1] 2.07ns  loc: accelerator_hls/components.cpp:318
meminst2124.0:0  %tmp_412 = icmp eq i3 %invdar22, -1

ST_7: empty_455 (73)  [1/1] 0.00ns
meminst2124.0:1  %empty_455 = call i32 (...)* @_ssdm_op_SpecLoopName([21 x i8]* @memset_conv2r_ourput) nounwind

ST_7: StgValue_77 (74)  [1/1] 0.00ns  loc: accelerator_hls/components.cpp:318
meminst2124.0:2  br i1 %tmp_412, label %meminst1720.0, label %meminst21.0

ST_7: tmp_413 (76)  [1/1] 3.88ns  loc: accelerator_hls/components.cpp:318
meminst1720.0:0  %tmp_413 = icmp eq i6 %invdar18, -17

ST_7: empty_454 (77)  [1/1] 0.00ns
meminst1720.0:1  %empty_454 = call i32 (...)* @_ssdm_op_SpecLoopName([21 x i8]* @memset_conv2r_ourput) nounwind

ST_7: StgValue_80 (78)  [1/1] 0.00ns  loc: accelerator_hls/components.cpp:318
meminst1720.0:2  br i1 %tmp_413, label %meminst33.0.preheader, label %meminst17.0

ST_7: StgValue_81 (80)  [1/1] 1.59ns  loc: accelerator_hls/components.cpp:319
meminst33.0.preheader:0  br label %meminst33.0


 <State 8>: 2.31ns
ST_8: invdar34 (82)  [1/1] 0.00ns  loc: accelerator_hls/components.cpp:319
meminst33.0:0  %invdar34 = phi i6 [ %indvarinc35, %meminst3336.0 ], [ 0, %meminst33.0.preheader ]

ST_8: indvarinc35 (83)  [1/1] 2.31ns  loc: accelerator_hls/components.cpp:319
meminst33.0:1  %indvarinc35 = add i6 %invdar34, 1

ST_8: empty_465 (84)  [1/1] 0.00ns
meminst33.0:2  %empty_465 = call i32 (...)* @_ssdm_op_SpecLoopTripCount(i64 48, i64 48, i64 48)

ST_8: StgValue_85 (85)  [1/1] 1.59ns
meminst33.0:3  br label %meminst37.0


 <State 9>: 2.26ns
ST_9: invdar38 (87)  [1/1] 0.00ns  loc: accelerator_hls/components.cpp:319
meminst37.0:0  %invdar38 = phi i3 [ 0, %meminst33.0 ], [ %indvarinc39, %meminst3740.0 ]

ST_9: indvarinc39 (88)  [1/1] 2.26ns  loc: accelerator_hls/components.cpp:319
meminst37.0:1  %indvarinc39 = add i3 %invdar38, 1

ST_9: empty_464 (89)  [1/1] 0.00ns
meminst37.0:2  %empty_464 = call i32 (...)* @_ssdm_op_SpecLoopTripCount(i64 8, i64 8, i64 8)

ST_9: StgValue_89 (90)  [1/1] 1.59ns
meminst37.0:3  br label %meminst41.0


 <State 10>: 3.88ns
ST_10: invdar (92)  [1/1] 0.00ns  loc: accelerator_hls/components.cpp:319
meminst41.0:0  %invdar = phi i3 [ 0, %meminst37.0 ], [ %indvarinc, %meminst41.0 ]

ST_10: indvarinc (93)  [1/1] 2.26ns  loc: accelerator_hls/components.cpp:319
meminst41.0:1  %indvarinc = add i3 %invdar, 1

ST_10: tmp_152 (94)  [1/1] 0.00ns  loc: accelerator_hls/components.cpp:319
meminst41.0:2  %tmp_152 = call i12 @_ssdm_op_BitConcatenate.i12.i6.i3.i3(i6 %invdar34, i3 %invdar38, i3 %invdar)

ST_10: tmp_661 (95)  [1/1] 0.00ns  loc: accelerator_hls/components.cpp:319
meminst41.0:3  %tmp_661 = zext i12 %tmp_152 to i64

ST_10: conv3r_ourput_0_add (96)  [1/1] 0.00ns  loc: accelerator_hls/components.cpp:319
meminst41.0:4  %conv3r_ourput_0_add = getelementptr [3072 x float]* %conv3r_ourput_0, i64 0, i64 %tmp_661

ST_10: StgValue_95 (97)  [1/1] 3.25ns  loc: accelerator_hls/components.cpp:319
meminst41.0:5  store float 0.000000e+00, float* %conv3r_ourput_0_add, align 4

ST_10: tmp_414 (98)  [1/1] 2.07ns  loc: accelerator_hls/components.cpp:319
meminst41.0:6  %tmp_414 = icmp eq i3 %invdar, -1

ST_10: empty_462 (99)  [1/1] 0.00ns
meminst41.0:7  %empty_462 = call i32 (...)* @_ssdm_op_SpecLoopName([21 x i8]* @memset_conv3r_ourput) nounwind

ST_10: empty_463 (100)  [1/1] 0.00ns
meminst41.0:8  %empty_463 = call i32 (...)* @_ssdm_op_SpecLoopTripCount(i64 8, i64 8, i64 8)

ST_10: StgValue_99 (101)  [1/1] 0.00ns  loc: accelerator_hls/components.cpp:319
meminst41.0:9  br i1 %tmp_414, label %meminst3740.0, label %meminst41.0

ST_10: tmp_415 (103)  [1/1] 2.07ns  loc: accelerator_hls/components.cpp:319
meminst3740.0:0  %tmp_415 = icmp eq i3 %invdar38, -1

ST_10: empty_461 (104)  [1/1] 0.00ns
meminst3740.0:1  %empty_461 = call i32 (...)* @_ssdm_op_SpecLoopName([21 x i8]* @memset_conv3r_ourput) nounwind

ST_10: StgValue_102 (105)  [1/1] 0.00ns  loc: accelerator_hls/components.cpp:319
meminst3740.0:2  br i1 %tmp_415, label %meminst3336.0, label %meminst37.0

ST_10: tmp_416 (107)  [1/1] 3.88ns  loc: accelerator_hls/components.cpp:319
meminst3336.0:0  %tmp_416 = icmp eq i6 %invdar34, -17

ST_10: empty_460 (108)  [1/1] 0.00ns
meminst3336.0:1  %empty_460 = call i32 (...)* @_ssdm_op_SpecLoopName([21 x i8]* @memset_conv3r_ourput) nounwind

ST_10: StgValue_105 (109)  [1/1] 0.00ns  loc: accelerator_hls/components.cpp:319
meminst3336.0:2  br i1 %tmp_416, label %meminst48.0.preheader, label %meminst33.0

ST_10: StgValue_106 (111)  [1/1] 1.59ns  loc: accelerator_hls/components.cpp:320
meminst48.0.preheader:0  br label %meminst48.0


 <State 11>: 2.31ns
ST_11: invdar42 (113)  [1/1] 0.00ns  loc: accelerator_hls/components.cpp:320
meminst48.0:0  %invdar42 = phi i6 [ %indvarinc43, %meminst4851.0 ], [ 0, %meminst48.0.preheader ]

ST_11: indvarinc43 (114)  [1/1] 2.31ns  loc: accelerator_hls/components.cpp:320
meminst48.0:1  %indvarinc43 = add i6 %invdar42, 1

ST_11: empty_471 (115)  [1/1] 0.00ns
meminst48.0:2  %empty_471 = call i32 (...)* @_ssdm_op_SpecLoopTripCount(i64 48, i64 48, i64 48)

ST_11: StgValue_110 (116)  [1/1] 1.59ns
meminst48.0:3  br label %meminst52.0


 <State 12>: 2.26ns
ST_12: invdar43 (118)  [1/1] 0.00ns  loc: accelerator_hls/components.cpp:320
meminst52.0:0  %invdar43 = phi i3 [ 0, %meminst48.0 ], [ %indvarinc44, %meminst5255.0 ]

ST_12: indvarinc44 (119)  [1/1] 2.26ns  loc: accelerator_hls/components.cpp:320
meminst52.0:1  %indvarinc44 = add i3 %invdar43, 1

ST_12: empty_470 (120)  [1/1] 0.00ns
meminst52.0:2  %empty_470 = call i32 (...)* @_ssdm_op_SpecLoopTripCount(i64 8, i64 8, i64 8)

ST_12: StgValue_114 (121)  [1/1] 1.59ns
meminst52.0:3  br label %meminst56.0


 <State 13>: 3.88ns
ST_13: invdar44 (123)  [1/1] 0.00ns  loc: accelerator_hls/components.cpp:320
meminst56.0:0  %invdar44 = phi i3 [ 0, %meminst52.0 ], [ %indvarinc45, %meminst56.0 ]

ST_13: indvarinc45 (124)  [1/1] 2.26ns  loc: accelerator_hls/components.cpp:320
meminst56.0:1  %indvarinc45 = add i3 %invdar44, 1

ST_13: tmp_153 (125)  [1/1] 0.00ns  loc: accelerator_hls/components.cpp:320
meminst56.0:2  %tmp_153 = call i12 @_ssdm_op_BitConcatenate.i12.i6.i3.i3(i6 %invdar42, i3 %invdar43, i3 %invdar44)

ST_13: tmp_662 (126)  [1/1] 0.00ns  loc: accelerator_hls/components.cpp:320
meminst56.0:3  %tmp_662 = zext i12 %tmp_153 to i64

ST_13: conv1l_output_0_add (127)  [1/1] 0.00ns  loc: accelerator_hls/components.cpp:320
meminst56.0:4  %conv1l_output_0_add = getelementptr [3072 x float]* %conv1l_output_0, i64 0, i64 %tmp_662

ST_13: StgValue_120 (128)  [1/1] 3.25ns  loc: accelerator_hls/components.cpp:320
meminst56.0:5  store float 0.000000e+00, float* %conv1l_output_0_add, align 4

ST_13: tmp_417 (129)  [1/1] 2.07ns  loc: accelerator_hls/components.cpp:320
meminst56.0:6  %tmp_417 = icmp eq i3 %invdar44, -1

ST_13: empty_468 (130)  [1/1] 0.00ns
meminst56.0:7  %empty_468 = call i32 (...)* @_ssdm_op_SpecLoopName([21 x i8]* @memset_conv1l_output) nounwind

ST_13: empty_469 (131)  [1/1] 0.00ns
meminst56.0:8  %empty_469 = call i32 (...)* @_ssdm_op_SpecLoopTripCount(i64 8, i64 8, i64 8)

ST_13: StgValue_124 (132)  [1/1] 0.00ns  loc: accelerator_hls/components.cpp:320
meminst56.0:9  br i1 %tmp_417, label %meminst5255.0, label %meminst56.0

ST_13: tmp_418 (134)  [1/1] 2.07ns  loc: accelerator_hls/components.cpp:320
meminst5255.0:0  %tmp_418 = icmp eq i3 %invdar43, -1

ST_13: empty_467 (135)  [1/1] 0.00ns
meminst5255.0:1  %empty_467 = call i32 (...)* @_ssdm_op_SpecLoopName([21 x i8]* @memset_conv1l_output) nounwind

ST_13: StgValue_127 (136)  [1/1] 0.00ns  loc: accelerator_hls/components.cpp:320
meminst5255.0:2  br i1 %tmp_418, label %meminst4851.0, label %meminst52.0

ST_13: tmp_419 (138)  [1/1] 3.88ns  loc: accelerator_hls/components.cpp:320
meminst4851.0:0  %tmp_419 = icmp eq i6 %invdar42, -17

ST_13: empty_466 (139)  [1/1] 0.00ns
meminst4851.0:1  %empty_466 = call i32 (...)* @_ssdm_op_SpecLoopName([21 x i8]* @memset_conv1l_output) nounwind

ST_13: StgValue_130 (140)  [1/1] 0.00ns  loc: accelerator_hls/components.cpp:320
meminst4851.0:2  br i1 %tmp_419, label %meminst63.0.preheader, label %meminst48.0

ST_13: StgValue_131 (142)  [1/1] 1.59ns  loc: accelerator_hls/components.cpp:321
meminst63.0.preheader:0  br label %meminst63.0


 <State 14>: 2.31ns
ST_14: invdar45 (144)  [1/1] 0.00ns  loc: accelerator_hls/components.cpp:321
meminst63.0:0  %invdar45 = phi i6 [ %indvarinc46, %meminst6366.0 ], [ 0, %meminst63.0.preheader ]

ST_14: indvarinc46 (145)  [1/1] 2.31ns  loc: accelerator_hls/components.cpp:321
meminst63.0:1  %indvarinc46 = add i6 %invdar45, 1

ST_14: empty_477 (146)  [1/1] 0.00ns
meminst63.0:2  %empty_477 = call i32 (...)* @_ssdm_op_SpecLoopTripCount(i64 48, i64 48, i64 48)

ST_14: StgValue_135 (147)  [1/1] 1.59ns
meminst63.0:3  br label %meminst67.0


 <State 15>: 2.26ns
ST_15: invdar46 (149)  [1/1] 0.00ns  loc: accelerator_hls/components.cpp:321
meminst67.0:0  %invdar46 = phi i3 [ 0, %meminst63.0 ], [ %indvarinc47, %meminst6770.0 ]

ST_15: indvarinc47 (150)  [1/1] 2.26ns  loc: accelerator_hls/components.cpp:321
meminst67.0:1  %indvarinc47 = add i3 %invdar46, 1

ST_15: empty_476 (151)  [1/1] 0.00ns
meminst67.0:2  %empty_476 = call i32 (...)* @_ssdm_op_SpecLoopTripCount(i64 8, i64 8, i64 8)

ST_15: StgValue_139 (152)  [1/1] 1.59ns
meminst67.0:3  br label %meminst71.0


 <State 16>: 3.88ns
ST_16: invdar47 (154)  [1/1] 0.00ns  loc: accelerator_hls/components.cpp:321
meminst71.0:0  %invdar47 = phi i3 [ 0, %meminst67.0 ], [ %indvarinc48, %meminst71.0 ]

ST_16: indvarinc48 (155)  [1/1] 2.26ns  loc: accelerator_hls/components.cpp:321
meminst71.0:1  %indvarinc48 = add i3 %invdar47, 1

ST_16: tmp_154 (156)  [1/1] 0.00ns  loc: accelerator_hls/components.cpp:321
meminst71.0:2  %tmp_154 = call i12 @_ssdm_op_BitConcatenate.i12.i6.i3.i3(i6 %invdar45, i3 %invdar46, i3 %invdar47)

ST_16: tmp_663 (157)  [1/1] 0.00ns  loc: accelerator_hls/components.cpp:321
meminst71.0:3  %tmp_663 = zext i12 %tmp_154 to i64

ST_16: conv2l_output_0_add (158)  [1/1] 0.00ns  loc: accelerator_hls/components.cpp:321
meminst71.0:4  %conv2l_output_0_add = getelementptr [3072 x float]* %conv2l_output_0, i64 0, i64 %tmp_663

ST_16: StgValue_145 (159)  [1/1] 3.25ns  loc: accelerator_hls/components.cpp:321
meminst71.0:5  store float 0.000000e+00, float* %conv2l_output_0_add, align 4

ST_16: tmp_420 (160)  [1/1] 2.07ns  loc: accelerator_hls/components.cpp:321
meminst71.0:6  %tmp_420 = icmp eq i3 %invdar47, -1

ST_16: empty_474 (161)  [1/1] 0.00ns
meminst71.0:7  %empty_474 = call i32 (...)* @_ssdm_op_SpecLoopName([21 x i8]* @memset_conv2l_output) nounwind

ST_16: empty_475 (162)  [1/1] 0.00ns
meminst71.0:8  %empty_475 = call i32 (...)* @_ssdm_op_SpecLoopTripCount(i64 8, i64 8, i64 8)

ST_16: StgValue_149 (163)  [1/1] 0.00ns  loc: accelerator_hls/components.cpp:321
meminst71.0:9  br i1 %tmp_420, label %meminst6770.0, label %meminst71.0

ST_16: tmp_421 (165)  [1/1] 2.07ns  loc: accelerator_hls/components.cpp:321
meminst6770.0:0  %tmp_421 = icmp eq i3 %invdar46, -1

ST_16: empty_473 (166)  [1/1] 0.00ns
meminst6770.0:1  %empty_473 = call i32 (...)* @_ssdm_op_SpecLoopName([21 x i8]* @memset_conv2l_output) nounwind

ST_16: StgValue_152 (167)  [1/1] 0.00ns  loc: accelerator_hls/components.cpp:321
meminst6770.0:2  br i1 %tmp_421, label %meminst6366.0, label %meminst67.0

ST_16: tmp_422 (169)  [1/1] 3.88ns  loc: accelerator_hls/components.cpp:321
meminst6366.0:0  %tmp_422 = icmp eq i6 %invdar45, -17

ST_16: empty_472 (170)  [1/1] 0.00ns
meminst6366.0:1  %empty_472 = call i32 (...)* @_ssdm_op_SpecLoopName([21 x i8]* @memset_conv2l_output) nounwind

ST_16: StgValue_155 (171)  [1/1] 0.00ns  loc: accelerator_hls/components.cpp:321
meminst6366.0:2  br i1 %tmp_422, label %meminst5962.0, label %meminst63.0

ST_16: StgValue_156 (173)  [2/2] 0.00ns  loc: accelerator_hls/components.cpp:325
meminst5962.0:0  call fastcc void @subconv_1x1_16p16([2304 x float]* %conv1r_weight, [48 x float]* %conv1r_bias, [12288 x float]* %conv1r_output)


 <State 17>: 0.00ns
ST_17: StgValue_157 (173)  [1/2] 0.00ns  loc: accelerator_hls/components.cpp:325
meminst5962.0:0  call fastcc void @subconv_1x1_16p16([2304 x float]* %conv1r_weight, [48 x float]* %conv1r_bias, [12288 x float]* %conv1r_output)


 <State 18>: 1.59ns
ST_18: StgValue_158 (174)  [2/2] 1.59ns  loc: accelerator_hls/components.cpp:327
meminst5962.0:1  call fastcc void @subconv_3x3_16_strid([12288 x float]* %conv1r_output, [432 x float]* %conv2r_weight, [48 x float]* %conv2r_bias, [3072 x float]* %conv2r_ourput_0)


 <State 19>: 0.00ns
ST_19: StgValue_159 (174)  [1/2] 0.00ns  loc: accelerator_hls/components.cpp:327
meminst5962.0:1  call fastcc void @subconv_3x3_16_strid([12288 x float]* %conv1r_output, [432 x float]* %conv2r_weight, [48 x float]* %conv2r_bias, [3072 x float]* %conv2r_ourput_0)


 <State 20>: 1.59ns
ST_20: StgValue_160 (175)  [2/2] 1.59ns  loc: accelerator_hls/components.cpp:329
meminst5962.0:2  call fastcc void @subconv_1x1_89([3072 x float]* %conv2r_ourput_0, [2304 x float]* %conv3r_weight, [48 x float]* %conv3r_bias, [3072 x float]* %conv3r_ourput_0)

ST_20: StgValue_161 (176)  [2/2] 1.59ns  loc: accelerator_hls/components.cpp:331
meminst5962.0:3  call fastcc void @subconv_3x3_16_strid([12288 x float]* @shuffleunit0_2_outpu, [432 x float]* %conv1l_weight, [48 x float]* %conv1l_bias, [3072 x float]* %conv1l_output_0)


 <State 21>: 0.00ns
ST_21: StgValue_162 (175)  [1/2] 0.00ns  loc: accelerator_hls/components.cpp:329
meminst5962.0:2  call fastcc void @subconv_1x1_89([3072 x float]* %conv2r_ourput_0, [2304 x float]* %conv3r_weight, [48 x float]* %conv3r_bias, [3072 x float]* %conv3r_ourput_0)

ST_21: StgValue_163 (176)  [1/2] 0.00ns  loc: accelerator_hls/components.cpp:331
meminst5962.0:3  call fastcc void @subconv_3x3_16_strid([12288 x float]* @shuffleunit0_2_outpu, [432 x float]* %conv1l_weight, [48 x float]* %conv1l_bias, [3072 x float]* %conv1l_output_0)


 <State 22>: 1.59ns
ST_22: StgValue_164 (177)  [2/2] 1.59ns  loc: accelerator_hls/components.cpp:333
meminst5962.0:4  call fastcc void @subconv_1x1_89([3072 x float]* %conv1l_output_0, [2304 x float]* %conv2l_weight, [48 x float]* %conv2l_bias, [3072 x float]* %conv2l_output_0)


 <State 23>: 0.00ns
ST_23: StgValue_165 (177)  [1/2] 0.00ns  loc: accelerator_hls/components.cpp:333
meminst5962.0:4  call fastcc void @subconv_1x1_89([3072 x float]* %conv1l_output_0, [2304 x float]* %conv2l_weight, [48 x float]* %conv2l_bias, [3072 x float]* %conv2l_output_0)


 <State 24>: 0.00ns
ST_24: StgValue_166 (178)  [2/2] 0.00ns  loc: accelerator_hls/components.cpp:336
meminst5962.0:5  call fastcc void @shuffle_4811([3072 x float]* %conv3r_ourput_0, [3072 x float]* %conv2l_output_0, [6144 x float]* @downsampleunit1_outp)


 <State 25>: 0.00ns
ST_25: StgValue_167 (178)  [1/2] 0.00ns  loc: accelerator_hls/components.cpp:336
meminst5962.0:5  call fastcc void @shuffle_4811([3072 x float]* %conv3r_ourput_0, [3072 x float]* %conv2l_output_0, [6144 x float]* @downsampleunit1_outp)

ST_25: StgValue_168 (179)  [1/1] 0.00ns  loc: accelerator_hls/components.cpp:339
meminst5962.0:6  ret void



============================================================
+ Verbose Summary: Timing violations
============================================================
Target clock period: 10ns, clock uncertainty: 1.25ns.

 <State 1>: 1.59ns
The critical path consists of the following:
	multiplexor before 'phi' operation ('invdar3', accelerator_hls/components.cpp:317) with incoming values : ('indvarinc4', accelerator_hls/components.cpp:317) [20]  (1.59 ns)

 <State 2>: 2.31ns
The critical path consists of the following:
	'phi' operation ('invdar3', accelerator_hls/components.cpp:317) with incoming values : ('indvarinc4', accelerator_hls/components.cpp:317) [20]  (0 ns)
	'add' operation ('indvarinc4', accelerator_hls/components.cpp:317) [21]  (2.31 ns)

 <State 3>: 2.35ns
The critical path consists of the following:
	'phi' operation ('invdar7', accelerator_hls/components.cpp:317) with incoming values : ('indvarinc8', accelerator_hls/components.cpp:317) [25]  (0 ns)
	'add' operation ('indvarinc8', accelerator_hls/components.cpp:317) [26]  (2.35 ns)

 <State 4>: 3.88ns
The critical path consists of the following:
	'icmp' operation ('tmp_410', accelerator_hls/components.cpp:317) [45]  (3.88 ns)

 <State 5>: 2.31ns
The critical path consists of the following:
	'phi' operation ('invdar18', accelerator_hls/components.cpp:318) with incoming values : ('indvarinc19', accelerator_hls/components.cpp:318) [51]  (0 ns)
	'add' operation ('indvarinc19', accelerator_hls/components.cpp:318) [52]  (2.31 ns)

 <State 6>: 2.26ns
The critical path consists of the following:
	'phi' operation ('invdar22', accelerator_hls/components.cpp:318) with incoming values : ('indvarinc23', accelerator_hls/components.cpp:318) [56]  (0 ns)
	'add' operation ('indvarinc23', accelerator_hls/components.cpp:318) [57]  (2.26 ns)

 <State 7>: 3.88ns
The critical path consists of the following:
	'icmp' operation ('tmp_413', accelerator_hls/components.cpp:318) [76]  (3.88 ns)

 <State 8>: 2.31ns
The critical path consists of the following:
	'phi' operation ('invdar34', accelerator_hls/components.cpp:319) with incoming values : ('indvarinc35', accelerator_hls/components.cpp:319) [82]  (0 ns)
	'add' operation ('indvarinc35', accelerator_hls/components.cpp:319) [83]  (2.31 ns)

 <State 9>: 2.26ns
The critical path consists of the following:
	'phi' operation ('invdar38', accelerator_hls/components.cpp:319) with incoming values : ('indvarinc39', accelerator_hls/components.cpp:319) [87]  (0 ns)
	'add' operation ('indvarinc39', accelerator_hls/components.cpp:319) [88]  (2.26 ns)

 <State 10>: 3.88ns
The critical path consists of the following:
	'icmp' operation ('tmp_416', accelerator_hls/components.cpp:319) [107]  (3.88 ns)

 <State 11>: 2.31ns
The critical path consists of the following:
	'phi' operation ('invdar42', accelerator_hls/components.cpp:320) with incoming values : ('indvarinc43', accelerator_hls/components.cpp:320) [113]  (0 ns)
	'add' operation ('indvarinc43', accelerator_hls/components.cpp:320) [114]  (2.31 ns)

 <State 12>: 2.26ns
The critical path consists of the following:
	'phi' operation ('invdar43', accelerator_hls/components.cpp:320) with incoming values : ('indvarinc44', accelerator_hls/components.cpp:320) [118]  (0 ns)
	'add' operation ('indvarinc44', accelerator_hls/components.cpp:320) [119]  (2.26 ns)

 <State 13>: 3.88ns
The critical path consists of the following:
	'icmp' operation ('tmp_419', accelerator_hls/components.cpp:320) [138]  (3.88 ns)

 <State 14>: 2.31ns
The critical path consists of the following:
	'phi' operation ('invdar45', accelerator_hls/components.cpp:321) with incoming values : ('indvarinc46', accelerator_hls/components.cpp:321) [144]  (0 ns)
	'add' operation ('indvarinc46', accelerator_hls/components.cpp:321) [145]  (2.31 ns)

 <State 15>: 2.26ns
The critical path consists of the following:
	'phi' operation ('invdar46', accelerator_hls/components.cpp:321) with incoming values : ('indvarinc47', accelerator_hls/components.cpp:321) [149]  (0 ns)
	'add' operation ('indvarinc47', accelerator_hls/components.cpp:321) [150]  (2.26 ns)

 <State 16>: 3.88ns
The critical path consists of the following:
	'icmp' operation ('tmp_422', accelerator_hls/components.cpp:321) [169]  (3.88 ns)

 <State 17>: 0ns
The critical path consists of the following:

 <State 18>: 1.59ns
The critical path consists of the following:
	'call' operation (accelerator_hls/components.cpp:327) to 'subconv_3x3_16_strid' [174]  (1.59 ns)

 <State 19>: 0ns
The critical path consists of the following:

 <State 20>: 1.59ns
The critical path consists of the following:
	'call' operation (accelerator_hls/components.cpp:329) to 'subconv_1x1_89' [175]  (1.59 ns)

 <State 21>: 0ns
The critical path consists of the following:

 <State 22>: 1.59ns
The critical path consists of the following:
	'call' operation (accelerator_hls/components.cpp:333) to 'subconv_1x1_89' [177]  (1.59 ns)

 <State 23>: 0ns
The critical path consists of the following:

 <State 24>: 0ns
The critical path consists of the following:

 <State 25>: 0ns
The critical path consists of the following:


============================================================
+ Verbose Summary: Binding
============================================================
N/A
* FSMD analyzer results:
  - Output states:
 - Input state : 
  - Chain level:
	State 1
	State 2
	State 3
	State 4
	State 5
	State 6
	State 7
	State 8
	State 9
	State 10
	State 11
	State 12
	State 13
	State 14
	State 15
	State 16
	State 17
	State 18
	State 19
	State 20
	State 21
	State 22
	State 23
	State 24
	State 25


============================================================
+ Verbose Summary: Datapath Resource usage 
============================================================
N/A
