

================================================================
== Vivado HLS Report for 'shuffle_96_r'
================================================================
* Date:           Tue Dec 11 23:52:41 2018

* Version:        2017.2 (Build 1909853 on Thu Jun 15 18:55:24 MDT 2017)
* Project:        accelerator_hls
* Solution:       naive
* Product family: zynq
* Target device:  xc7z020clg484-1


================================================================
== Performance Estimates
================================================================
+ Timing (ns): 
    * Summary: 
    +--------+-------+----------+------------+
    |  Clock | Target| Estimated| Uncertainty|
    +--------+-------+----------+------------+
    |ap_clk  |  10.00|      6.51|        1.25|
    +--------+-------+----------+------------+

+ Latency (clock cycles): 
    * Summary: 
    +------+------+------+------+---------+
    |   Latency   |   Interval  | Pipeline|
    |  min |  max |  min |  max |   Type  |
    +------+------+------+------+---------+
    |  8065|  8065|  8065|  8065|   none  |
    +------+------+------+------+---------+

    + Detail: 
        * Instance: 
        N/A

        * Loop: 
        +-----------------+------+------+----------+-----------+-----------+------+----------+
        |                 |   Latency   | Iteration|  Initiation Interval  | Trip |          |
        |    Loop Name    |  min |  max |  Latency |  achieved |   target  | Count| Pipelined|
        +-----------------+------+------+----------+-----------+-----------+------+----------+
        |- Loop 1         |  8064|  8064|        42|          -|          -|   192|    no    |
        | + Loop 1.1      |    40|    40|        10|          -|          -|     4|    no    |
        |  ++ Loop 1.1.1  |     8|     8|         2|          -|          -|     4|    no    |
        +-----------------+------+------+----------+-----------+-----------+------+----------+

============================================================
+ Verbose Summary: Synthesis Manager
============================================================
InlineROM: 1
ExposeGlobal: 0
============================================================
+ Verbose Summary: CDFG Model
============================================================
IsTopModel: 0
ResetActiveHigh: 1
IsCombinational: 0
IsDatapathOnly: 0
HasWiredReturn: 1
HasMFsm: 0
HasVarLatency: 1
IsPipeline: 0
IsRtlPipelined: 0
IsInstanceOverlapped: 0
IsDontTouch: 0
HasImplIP: 0
IsGatedGlobalClock: 0


============================================================
+ Verbose Summary: Schedule
============================================================
* Number of FSM states: 5
* Pipeline: 0
* Dataflow Pipeline: 0

* FSM state transitions: 
1 --> 
	2  / true
2 --> 
	3  / (!exitcond2)
3 --> 
	4  / (!exitcond1)
	2  / (exitcond1)
4 --> 
	5  / (!exitcond)
	3  / (exitcond)
5 --> 
	4  / true
* FSM state operations: 

 <State 1>: 1.59ns
ST_1: StgValue_6 (3)  [1/1] 1.59ns  loc: accelerator_hls/components.cpp:529
:0  br label %.loopexit


 <State 2>: 2.91ns
ST_2: co (5)  [1/1] 0.00ns
.loopexit:0  %co = phi i8 [ 0, %0 ], [ %co_13, %.loopexit.loopexit ]

ST_2: tmp_94 (6)  [1/1] 0.00ns  loc: accelerator_hls/components.cpp:529
.loopexit:1  %tmp_94 = trunc i8 %co to i1

ST_2: exitcond2 (7)  [1/1] 2.91ns  loc: accelerator_hls/components.cpp:529
.loopexit:2  %exitcond2 = icmp eq i8 %co, -64

ST_2: empty (8)  [1/1] 0.00ns
.loopexit:3  %empty = call i32 (...)* @_ssdm_op_SpecLoopTripCount(i64 192, i64 192, i64 192)

ST_2: co_13 (9)  [1/1] 2.32ns  loc: accelerator_hls/components.cpp:529
.loopexit:4  %co_13 = add i8 1, %co

ST_2: StgValue_12 (10)  [1/1] 0.00ns  loc: accelerator_hls/components.cpp:529
.loopexit:5  br i1 %exitcond2, label %3, label %.preheader3.preheader

ST_2: tmp (12)  [1/1] 0.00ns  loc: accelerator_hls/components.cpp:529
.preheader3.preheader:0  %tmp = call i7 @_ssdm_op_PartSelect.i7.i8.i32.i32(i8 %co, i32 1, i32 7)

ST_2: tmp_s (13)  [1/1] 0.00ns  loc: accelerator_hls/components.cpp:529
.preheader3.preheader:1  %tmp_s = call i9 @_ssdm_op_BitConcatenate.i9.i7.i2(i7 %tmp, i2 0)

ST_2: tmp_219_cast (14)  [1/1] 0.00ns  loc: accelerator_hls/components.cpp:529
.preheader3.preheader:2  %tmp_219_cast = zext i9 %tmp_s to i10

ST_2: tmp_141 (15)  [1/1] 0.00ns  loc: accelerator_hls/components.cpp:529
.preheader3.preheader:3  %tmp_141 = call i10 @_ssdm_op_BitConcatenate.i10.i8.i2(i8 %co, i2 0)

ST_2: tmp_221_cast (16)  [1/1] 0.00ns  loc: accelerator_hls/components.cpp:530
.preheader3.preheader:4  %tmp_221_cast = zext i10 %tmp_141 to i11

ST_2: StgValue_18 (17)  [1/1] 1.59ns  loc: accelerator_hls/components.cpp:530
.preheader3.preheader:5  br label %.preheader3

ST_2: StgValue_19 (59)  [1/1] 0.00ns  loc: accelerator_hls/components.cpp:537
:0  ret void


 <State 3>: 2.32ns
ST_3: h (19)  [1/1] 0.00ns
.preheader3:0  %h = phi i3 [ 0, %.preheader3.preheader ], [ %h_13, %.preheader3.loopexit ]

ST_3: exitcond1 (20)  [1/1] 2.07ns  loc: accelerator_hls/components.cpp:530
.preheader3:1  %exitcond1 = icmp eq i3 %h, -4

ST_3: empty_62 (21)  [1/1] 0.00ns
.preheader3:2  %empty_62 = call i32 (...)* @_ssdm_op_SpecLoopTripCount(i64 4, i64 4, i64 4)

ST_3: h_13 (22)  [1/1] 2.26ns  loc: accelerator_hls/components.cpp:530
.preheader3:3  %h_13 = add i3 %h, 1

ST_3: StgValue_24 (23)  [1/1] 0.00ns  loc: accelerator_hls/components.cpp:530
.preheader3:4  br i1 %exitcond1, label %.loopexit.loopexit, label %.preheader.preheader

ST_3: tmp_cast2 (25)  [1/1] 0.00ns  loc: accelerator_hls/components.cpp:533
.preheader.preheader:0  %tmp_cast2 = zext i3 %h to i11

ST_3: tmp_cast (26)  [1/1] 0.00ns  loc: accelerator_hls/components.cpp:533
.preheader.preheader:1  %tmp_cast = zext i3 %h to i10

ST_3: tmp_142 (27)  [1/1] 2.32ns  loc: accelerator_hls/components.cpp:533
.preheader.preheader:2  %tmp_142 = add i10 %tmp_cast, %tmp_219_cast

ST_3: tmp_224_cast (28)  [1/1] 0.00ns  loc: accelerator_hls/components.cpp:533
.preheader.preheader:3  %tmp_224_cast = call i12 @_ssdm_op_BitConcatenate.i12.i10.i2(i10 %tmp_142, i2 0)

ST_3: tmp_143 (29)  [1/1] 2.32ns  loc: accelerator_hls/components.cpp:533
.preheader.preheader:4  %tmp_143 = add i11 %tmp_cast2, %tmp_221_cast

ST_3: tmp_227_cast (30)  [1/1] 0.00ns  loc: accelerator_hls/components.cpp:531
.preheader.preheader:5  %tmp_227_cast = call i13 @_ssdm_op_BitConcatenate.i13.i11.i2(i11 %tmp_143, i2 0)

ST_3: StgValue_31 (31)  [1/1] 1.59ns  loc: accelerator_hls/components.cpp:531
.preheader.preheader:6  br label %.preheader

ST_3: StgValue_32 (57)  [1/1] 0.00ns
.loopexit.loopexit:0  br label %.loopexit


 <State 4>: 5.58ns
ST_4: w (33)  [1/1] 0.00ns
.preheader:0  %w = phi i3 [ %w_13, %._crit_edge ], [ 0, %.preheader.preheader ]

ST_4: exitcond (34)  [1/1] 2.07ns  loc: accelerator_hls/components.cpp:531
.preheader:1  %exitcond = icmp eq i3 %w, -4

ST_4: empty_63 (35)  [1/1] 0.00ns
.preheader:2  %empty_63 = call i32 (...)* @_ssdm_op_SpecLoopTripCount(i64 4, i64 4, i64 4)

ST_4: w_13 (36)  [1/1] 2.26ns  loc: accelerator_hls/components.cpp:531
.preheader:3  %w_13 = add i3 %w, 1

ST_4: StgValue_37 (37)  [1/1] 0.00ns  loc: accelerator_hls/components.cpp:531
.preheader:4  br i1 %exitcond, label %.preheader3.loopexit, label %1

ST_4: StgValue_38 (39)  [1/1] 0.00ns  loc: accelerator_hls/components.cpp:533
:0  br i1 %tmp_94, label %2, label %._crit_edge

ST_4: tmp_97_cast1 (41)  [1/1] 0.00ns  loc: accelerator_hls/components.cpp:533
:0  %tmp_97_cast1 = zext i3 %w to i13

ST_4: tmp_97_cast (42)  [1/1] 0.00ns  loc: accelerator_hls/components.cpp:533
:1  %tmp_97_cast = zext i3 %w to i12

ST_4: tmp_144 (43)  [1/1] 2.33ns  loc: accelerator_hls/components.cpp:533
:2  %tmp_144 = add i12 %tmp_224_cast, %tmp_97_cast

ST_4: tmp_228_cast (44)  [1/1] 0.00ns  loc: accelerator_hls/components.cpp:533
:3  %tmp_228_cast = zext i12 %tmp_144 to i64

ST_4: right_addr (45)  [1/1] 0.00ns  loc: accelerator_hls/components.cpp:533
:4  %right_addr = getelementptr [1536 x float]* %right_r, i64 0, i64 %tmp_228_cast

ST_4: tmp_145 (46)  [1/1] 2.34ns  loc: accelerator_hls/components.cpp:533
:5  %tmp_145 = add i13 %tmp_227_cast, %tmp_97_cast1

ST_4: right_load (49)  [2/2] 3.25ns  loc: accelerator_hls/components.cpp:533
:8  %right_load = load float* %right_addr, align 4

ST_4: StgValue_46 (55)  [1/1] 0.00ns
.preheader3.loopexit:0  br label %.preheader3


 <State 5>: 6.51ns
ST_5: tmp_229_cast (47)  [1/1] 0.00ns  loc: accelerator_hls/components.cpp:533
:6  %tmp_229_cast = zext i13 %tmp_145 to i64

ST_5: output_addr (48)  [1/1] 0.00ns  loc: accelerator_hls/components.cpp:533
:7  %output_addr = getelementptr [3072 x float]* %output_r, i64 0, i64 %tmp_229_cast

ST_5: right_load (49)  [1/2] 3.25ns  loc: accelerator_hls/components.cpp:533
:8  %right_load = load float* %right_addr, align 4

ST_5: StgValue_50 (50)  [1/1] 3.25ns  loc: accelerator_hls/components.cpp:533
:9  store float %right_load, float* %output_addr, align 4

ST_5: StgValue_51 (51)  [1/1] 0.00ns  loc: accelerator_hls/components.cpp:533
:10  br label %._crit_edge

ST_5: StgValue_52 (53)  [1/1] 0.00ns  loc: accelerator_hls/components.cpp:531
._crit_edge:0  br label %.preheader



============================================================
+ Verbose Summary: Timing violations
============================================================
Target clock period: 10ns, clock uncertainty: 1.25ns.

 <State 1>: 1.59ns
The critical path consists of the following:
	multiplexor before 'phi' operation ('co') with incoming values : ('co', accelerator_hls/components.cpp:529) [5]  (1.59 ns)

 <State 2>: 2.91ns
The critical path consists of the following:
	'phi' operation ('co') with incoming values : ('co', accelerator_hls/components.cpp:529) [5]  (0 ns)
	'icmp' operation ('exitcond2', accelerator_hls/components.cpp:529) [7]  (2.91 ns)

 <State 3>: 2.32ns
The critical path consists of the following:
	'phi' operation ('h') with incoming values : ('h', accelerator_hls/components.cpp:530) [19]  (0 ns)
	'add' operation ('tmp_143', accelerator_hls/components.cpp:533) [29]  (2.32 ns)

 <State 4>: 5.58ns
The critical path consists of the following:
	'phi' operation ('w') with incoming values : ('w', accelerator_hls/components.cpp:531) [33]  (0 ns)
	'add' operation ('tmp_144', accelerator_hls/components.cpp:533) [43]  (2.33 ns)
	'getelementptr' operation ('right_addr', accelerator_hls/components.cpp:533) [45]  (0 ns)
	'load' operation ('right_load', accelerator_hls/components.cpp:533) on array 'right_r' [49]  (3.25 ns)

 <State 5>: 6.51ns
The critical path consists of the following:
	'load' operation ('right_load', accelerator_hls/components.cpp:533) on array 'right_r' [49]  (3.25 ns)
	'store' operation (accelerator_hls/components.cpp:533) of variable 'right_load', accelerator_hls/components.cpp:533 on array 'output_r' [50]  (3.25 ns)


============================================================
+ Verbose Summary: Binding
============================================================
N/A
* FSMD analyzer results:
  - Output states:
 - Input state : 
  - Chain level:
	State 1
	State 2
	State 3
	State 4
	State 5


============================================================
+ Verbose Summary: Datapath Resource usage 
============================================================
N/A
