

================================================================
== Vivado HLS Report for 'subconv_3x3_16_strid'
================================================================
* Date:           Sat Dec 15 03:40:11 2018

* Version:        2017.2 (Build 1909853 on Thu Jun 15 18:55:24 MDT 2017)
* Project:        acceleartor_hls_padding
* Solution:       naive
* Product family: zynq
* Target device:  xc7z020clg484-1


================================================================
== Performance Estimates
================================================================
+ Timing (ns): 
    * Summary: 
    +--------+-------+----------+------------+
    |  Clock | Target| Estimated| Uncertainty|
    +--------+-------+----------+------------+
    |ap_clk  |  10.00|      8.28|        1.25|
    +--------+-------+----------+------------+

+ Latency (clock cycles): 
    * Summary: 
    +--------+--------+--------+--------+---------+
    |     Latency     |     Interval    | Pipeline|
    |   min  |   max  |   min  |   max  |   Type  |
    +--------+--------+--------+--------+---------+
    |  197473|  197473|  197473|  197473|   none  |
    +--------+--------+--------+--------+---------+

    + Detail: 
        * Instance: 
        N/A

        * Loop: 
        +-------------------------+--------+--------+----------+-----------+-----------+------+----------+
        |                         |     Latency     | Iteration|  Initiation Interval  | Trip |          |
        |        Loop Name        |   min  |   max  |  Latency |  achieved |   target  | Count| Pipelined|
        +-------------------------+--------+--------+----------+-----------+-----------+------+----------+
        |- Loop 1                 |  197472|  197472|      4114|          -|          -|    48|    no    |
        | + Loop 1.1              |    4112|    4112|       514|          -|          -|     8|    no    |
        |  ++ Loop 1.1.1          |     512|     512|        64|          -|          -|     8|    no    |
        |   +++ Loop 1.1.1.1      |      60|      60|        20|          -|          -|     3|    no    |
        |    ++++ Loop 1.1.1.1.1  |      18|      18|         6|          -|          -|     3|    no    |
        +-------------------------+--------+--------+----------+-----------+-----------+------+----------+

============================================================
+ Verbose Summary: Synthesis Manager
============================================================
InlineROM: 1
ExposeGlobal: 0
============================================================
+ Verbose Summary: CDFG Model
============================================================
IsTopModel: 0
ResetActiveHigh: 1
IsCombinational: 0
IsDatapathOnly: 0
HasWiredReturn: 1
HasMFsm: 0
HasVarLatency: 1
IsPipeline: 0
IsRtlPipelined: 0
IsInstanceOverlapped: 0
IsDontTouch: 0
HasImplIP: 0
IsGatedGlobalClock: 0


============================================================
+ Verbose Summary: Schedule
============================================================
* Number of FSM states: 13
* Pipeline: 0
* Dataflow Pipeline: 0

* FSM state transitions: 
1 --> 
	2  / true
2 --> 
	3  / (!exitcond8)
3 --> 
	4  / (!exitcond9)
	2  / (exitcond9)
4 --> 
	5  / (!exitcond1)
	3  / (exitcond1)
5 --> 
	12  / (exitcond2)
	6  / (!exitcond2)
6 --> 
	7  / (!exitcond)
	5  / (exitcond)
7 --> 
	8  / true
8 --> 
	9  / true
9 --> 
	10  / true
10 --> 
	11  / true
11 --> 
	6  / true
12 --> 
	13  / true
13 --> 
	4  / true
* FSM state operations: 

 <State 1>: 1.59ns
ST_1: StgValue_14 (5)  [1/1] 1.59ns  loc: acceleartor_hls_padding/components.cpp:284
:0  br label %.loopexit11


 <State 2>: 3.88ns
ST_2: co (7)  [1/1] 0.00ns
.loopexit11:0  %co = phi i6 [ 0, %0 ], [ %co_5, %.loopexit11.loopexit ]

ST_2: exitcond8 (8)  [1/1] 3.88ns  loc: acceleartor_hls_padding/components.cpp:284
.loopexit11:1  %exitcond8 = icmp eq i6 %co, -16

ST_2: empty (9)  [1/1] 0.00ns
.loopexit11:2  %empty = call i32 (...)* @_ssdm_op_SpecLoopTripCount(i64 48, i64 48, i64 48)

ST_2: co_5 (10)  [1/1] 2.31ns  loc: acceleartor_hls_padding/components.cpp:284
.loopexit11:3  %co_5 = add i6 %co, 1

ST_2: StgValue_19 (11)  [1/1] 0.00ns  loc: acceleartor_hls_padding/components.cpp:284
.loopexit11:4  br i1 %exitcond8, label %2, label %.preheader47.preheader

ST_2: tmp (13)  [1/1] 0.00ns  loc: acceleartor_hls_padding/components.cpp:290
.preheader47.preheader:0  %tmp = zext i6 %co to i64

ST_2: tmp_cast (14)  [1/1] 0.00ns  loc: acceleartor_hls_padding/components.cpp:284
.preheader47.preheader:1  %tmp_cast = zext i6 %co to i9

ST_2: tmp_89 (15)  [1/1] 0.00ns  loc: acceleartor_hls_padding/components.cpp:284
.preheader47.preheader:2  %tmp_89 = call i10 @_ssdm_op_BitConcatenate.i10.i6.i4(i6 %co, i4 0)

ST_2: p_shl3_cast (16)  [1/1] 0.00ns  loc: acceleartor_hls_padding/components.cpp:284
.preheader47.preheader:3  %p_shl3_cast = zext i10 %tmp_89 to i11

ST_2: tmp_90 (17)  [1/1] 0.00ns  loc: acceleartor_hls_padding/components.cpp:284
.preheader47.preheader:4  %tmp_90 = call i7 @_ssdm_op_BitConcatenate.i7.i6.i1(i6 %co, i1 false)

ST_2: p_shl4_cast2 (18)  [1/1] 0.00ns  loc: acceleartor_hls_padding/components.cpp:290
.preheader47.preheader:5  %p_shl4_cast2 = zext i7 %tmp_90 to i10

ST_2: p_shl4_cast (19)  [1/1] 0.00ns  loc: acceleartor_hls_padding/components.cpp:290
.preheader47.preheader:6  %p_shl4_cast = zext i7 %tmp_90 to i11

ST_2: tmp_91 (20)  [1/1] 2.32ns  loc: acceleartor_hls_padding/components.cpp:290
.preheader47.preheader:7  %tmp_91 = add i11 %p_shl4_cast, %p_shl3_cast

ST_2: tmp_92 (21)  [1/1] 0.00ns  loc: acceleartor_hls_padding/components.cpp:284
.preheader47.preheader:8  %tmp_92 = call i8 @_ssdm_op_BitConcatenate.i8.i6.i2(i6 %co, i2 0)

ST_2: p_shl2_cast (22)  [1/1] 0.00ns  loc: acceleartor_hls_padding/components.cpp:290
.preheader47.preheader:9  %p_shl2_cast = zext i8 %tmp_92 to i9

ST_2: tmp_93 (23)  [1/1] 2.32ns  loc: acceleartor_hls_padding/components.cpp:290
.preheader47.preheader:10  %tmp_93 = sub i9 %p_shl2_cast, %tmp_cast

ST_2: tmp_105_cast (24)  [1/1] 0.00ns  loc: acceleartor_hls_padding/components.cpp:290
.preheader47.preheader:11  %tmp_105_cast = sext i9 %tmp_93 to i10

ST_2: tmp_94 (25)  [1/1] 0.00ns  loc: acceleartor_hls_padding/components.cpp:284
.preheader47.preheader:12  %tmp_94 = call i9 @_ssdm_op_BitConcatenate.i9.i6.i3(i6 %co, i3 0)

ST_2: p_shl_cast (26)  [1/1] 0.00ns  loc: acceleartor_hls_padding/components.cpp:295
.preheader47.preheader:13  %p_shl_cast = zext i9 %tmp_94 to i10

ST_2: tmp_95 (27)  [1/1] 2.32ns  loc: acceleartor_hls_padding/components.cpp:295
.preheader47.preheader:14  %tmp_95 = add i10 %p_shl4_cast2, %p_shl_cast

ST_2: bias_V_addr (28)  [1/1] 0.00ns  loc: acceleartor_hls_padding/components.cpp:294
.preheader47.preheader:15  %bias_V_addr = getelementptr [48 x i8]* %bias_V, i64 0, i64 %tmp

ST_2: StgValue_36 (29)  [1/1] 1.59ns  loc: acceleartor_hls_padding/components.cpp:285
.preheader47.preheader:16  br label %.preheader47

ST_2: StgValue_37 (166)  [1/1] 0.00ns  loc: acceleartor_hls_padding/components.cpp:299
:0  ret void


 <State 3>: 4.66ns
ST_3: h (31)  [1/1] 0.00ns
.preheader47:0  %h = phi i4 [ %h_5, %1 ], [ 1, %.preheader47.preheader ]

ST_3: exitcond9 (32)  [1/1] 3.10ns  loc: acceleartor_hls_padding/components.cpp:285
.preheader47:1  %exitcond9 = icmp eq i4 %h, -7

ST_3: empty_37 (33)  [1/1] 0.00ns
.preheader47:2  %empty_37 = call i32 (...)* @_ssdm_op_SpecLoopTripCount(i64 8, i64 8, i64 8)

ST_3: StgValue_41 (34)  [1/1] 0.00ns  loc: acceleartor_hls_padding/components.cpp:285
.preheader47:3  br i1 %exitcond9, label %.loopexit11.loopexit, label %.preheader46.preheader

ST_3: tmp_s (36)  [1/1] 0.00ns  loc: acceleartor_hls_padding/components.cpp:290
.preheader46.preheader:0  %tmp_s = call i5 @_ssdm_op_BitConcatenate.i5.i4.i1(i4 %h, i1 false)

ST_3: tmp_70_cast (37)  [1/1] 0.00ns  loc: acceleartor_hls_padding/components.cpp:295
.preheader46.preheader:1  %tmp_70_cast = zext i4 %h to i10

ST_3: tmp_96 (38)  [1/1] 2.32ns  loc: acceleartor_hls_padding/components.cpp:295
.preheader46.preheader:2  %tmp_96 = add i10 %tmp_95, %tmp_70_cast

ST_3: tmp_97 (39)  [1/1] 0.00ns  loc: acceleartor_hls_padding/components.cpp:295
.preheader46.preheader:3  %tmp_97 = call i13 @_ssdm_op_BitConcatenate.i13.i10.i3(i10 %tmp_96, i3 0)

ST_3: p_shl5_cast (40)  [1/1] 0.00ns  loc: acceleartor_hls_padding/components.cpp:295
.preheader46.preheader:4  %p_shl5_cast = zext i13 %tmp_97 to i14

ST_3: tmp_98 (41)  [1/1] 0.00ns  loc: acceleartor_hls_padding/components.cpp:295
.preheader46.preheader:5  %tmp_98 = call i11 @_ssdm_op_BitConcatenate.i11.i10.i1(i10 %tmp_96, i1 false)

ST_3: p_shl6_cast (42)  [1/1] 0.00ns  loc: acceleartor_hls_padding/components.cpp:295
.preheader46.preheader:6  %p_shl6_cast = zext i11 %tmp_98 to i14

ST_3: tmp_99 (43)  [1/1] 2.34ns  loc: acceleartor_hls_padding/components.cpp:295
.preheader46.preheader:7  %tmp_99 = add i14 %p_shl6_cast, %p_shl5_cast

ST_3: StgValue_50 (44)  [1/1] 1.59ns  loc: acceleartor_hls_padding/components.cpp:286
.preheader46.preheader:8  br label %.preheader46

ST_3: StgValue_51 (164)  [1/1] 0.00ns
.loopexit11.loopexit:0  br label %.loopexit11


 <State 4>: 3.10ns
ST_4: w (46)  [1/1] 0.00ns
.preheader46:0  %w = phi i4 [ %w_5, %_ifconv1 ], [ 1, %.preheader46.preheader ]

ST_4: exitcond1 (47)  [1/1] 3.10ns  loc: acceleartor_hls_padding/components.cpp:286
.preheader46:1  %exitcond1 = icmp eq i4 %w, -7

ST_4: empty_38 (48)  [1/1] 0.00ns
.preheader46:2  %empty_38 = call i32 (...)* @_ssdm_op_SpecLoopTripCount(i64 8, i64 8, i64 8)

ST_4: StgValue_55 (49)  [1/1] 0.00ns  loc: acceleartor_hls_padding/components.cpp:286
.preheader46:3  br i1 %exitcond1, label %1, label %_ZrsILi32ELb0EE11ap_int_baseIXT_EXT0_EXleT_Li64EEERKS1_i.exit1._crit_edge.i.i

ST_4: tmp_71 (51)  [1/1] 0.00ns  loc: acceleartor_hls_padding/components.cpp:290
_ZrsILi32ELb0EE11ap_int_baseIXT_EXT0_EXleT_Li64EEERKS1_i.exit1._crit_edge.i.i:0  %tmp_71 = call i5 @_ssdm_op_BitConcatenate.i5.i4.i1(i4 %w, i1 false)

ST_4: StgValue_57 (52)  [1/1] 1.59ns  loc: acceleartor_hls_padding/components.cpp:288
_ZrsILi32ELb0EE11ap_int_baseIXT_EXT0_EXleT_Li64EEERKS1_i.exit1._crit_edge.i.i:1  br label %.loopexit

ST_4: h_5 (161)  [1/1] 2.35ns  loc: acceleartor_hls_padding/components.cpp:285
:0  %h_5 = add i4 %h, 1

ST_4: StgValue_59 (162)  [1/1] 0.00ns  loc: acceleartor_hls_padding/components.cpp:285
:1  br label %.preheader47


 <State 5>: 7.01ns
ST_5: p_Val2_s (54)  [1/1] 0.00ns
.loopexit:0  %p_Val2_s = phi i8 [ 0, %_ZrsILi32ELb0EE11ap_int_baseIXT_EXT0_EXleT_Li64EEERKS1_i.exit1._crit_edge.i.i ], [ %p_Val2_33, %.loopexit.loopexit ]

ST_5: m (55)  [1/1] 0.00ns
.loopexit:1  %m = phi i2 [ 0, %_ZrsILi32ELb0EE11ap_int_baseIXT_EXT0_EXleT_Li64EEERKS1_i.exit1._crit_edge.i.i ], [ %m_5, %.loopexit.loopexit ]

ST_5: exitcond2 (56)  [1/1] 2.07ns  loc: acceleartor_hls_padding/components.cpp:288
.loopexit:2  %exitcond2 = icmp eq i2 %m, -1

ST_5: empty_39 (57)  [1/1] 0.00ns
.loopexit:3  %empty_39 = call i32 (...)* @_ssdm_op_SpecLoopTripCount(i64 3, i64 3, i64 3)

ST_5: m_5 (58)  [1/1] 2.17ns  loc: acceleartor_hls_padding/components.cpp:288
.loopexit:4  %m_5 = add i2 %m, 1

ST_5: StgValue_65 (59)  [1/1] 0.00ns  loc: acceleartor_hls_padding/components.cpp:288
.loopexit:5  br i1 %exitcond2, label %_ifconv1, label %.preheader.preheader

ST_5: tmp_76_cast (61)  [1/1] 0.00ns  loc: acceleartor_hls_padding/components.cpp:290
.preheader.preheader:0  %tmp_76_cast = zext i2 %m to i10

ST_5: tmp_101 (62)  [1/1] 2.32ns  loc: acceleartor_hls_padding/components.cpp:290
.preheader.preheader:1  %tmp_101 = add i10 %tmp_105_cast, %tmp_76_cast

ST_5: tmp_102 (63)  [1/1] 0.00ns  loc: acceleartor_hls_padding/components.cpp:290 (grouped into LUT with out node tmp_103)
.preheader.preheader:2  %tmp_102 = shl i10 %tmp_101, 2

ST_5: tmp_103 (64)  [1/1] 2.32ns  loc: acceleartor_hls_padding/components.cpp:290 (out node of the LUT)
.preheader.preheader:3  %tmp_103 = sub i10 %tmp_102, %tmp_101

ST_5: tmp2 (65)  [1/1] 0.00ns  loc: acceleartor_hls_padding/components.cpp:290 (grouped into LUT with out node tmp_77)
.preheader.preheader:4  %tmp2 = xor i2 %m, -2

ST_5: tmp2_cast (66)  [1/1] 0.00ns  loc: acceleartor_hls_padding/components.cpp:290 (grouped into LUT with out node tmp_77)
.preheader.preheader:5  %tmp2_cast = sext i2 %tmp2 to i5

ST_5: tmp_77 (67)  [1/1] 2.33ns  loc: acceleartor_hls_padding/components.cpp:290 (out node of the LUT)
.preheader.preheader:6  %tmp_77 = add i5 %tmp_s, %tmp2_cast

ST_5: tmp_78_cast (68)  [1/1] 0.00ns  loc: acceleartor_hls_padding/components.cpp:290
.preheader.preheader:7  %tmp_78_cast = zext i5 %tmp_77 to i11

ST_5: tmp_104 (69)  [1/1] 2.33ns  loc: acceleartor_hls_padding/components.cpp:290
.preheader.preheader:8  %tmp_104 = add i11 %tmp_91, %tmp_78_cast

ST_5: p_shl7_cast (70)  [1/1] 0.00ns  loc: acceleartor_hls_padding/components.cpp:290
.preheader.preheader:9  %p_shl7_cast = call i15 @_ssdm_op_BitConcatenate.i15.i11.i4(i11 %tmp_104, i4 0)

ST_5: tmp_105 (71)  [1/1] 0.00ns  loc: acceleartor_hls_padding/components.cpp:290
.preheader.preheader:10  %tmp_105 = call i12 @_ssdm_op_BitConcatenate.i12.i11.i1(i11 %tmp_104, i1 false)

ST_5: p_shl8_cast (72)  [1/1] 0.00ns  loc: acceleartor_hls_padding/components.cpp:290
.preheader.preheader:11  %p_shl8_cast = zext i12 %tmp_105 to i15

ST_5: tmp_106 (73)  [1/1] 2.35ns  loc: acceleartor_hls_padding/components.cpp:290
.preheader.preheader:12  %tmp_106 = add i15 %p_shl8_cast, %p_shl7_cast

ST_5: StgValue_79 (74)  [1/1] 1.59ns  loc: acceleartor_hls_padding/components.cpp:289
.preheader.preheader:13  br label %.preheader

ST_5: p_Val2_30 (139)  [2/2] 2.32ns  loc: acceleartor_hls_padding/components.cpp:294
_ifconv1:1  %p_Val2_30 = load i8* %bias_V_addr, align 1

ST_5: tmp_75_cast (153)  [1/1] 0.00ns  loc: acceleartor_hls_padding/components.cpp:295
_ifconv1:15  %tmp_75_cast = zext i4 %w to i14

ST_5: tmp_100 (154)  [1/1] 2.34ns  loc: acceleartor_hls_padding/components.cpp:295
_ifconv1:16  %tmp_100 = add i14 %tmp_99, %tmp_75_cast

ST_5: w_5 (158)  [1/1] 2.35ns  loc: acceleartor_hls_padding/components.cpp:286
_ifconv1:20  %w_5 = add i4 %w, 1


 <State 6>: 7.94ns
ST_6: p_Val2_33 (76)  [1/1] 0.00ns
.preheader:0  %p_Val2_33 = phi i8 [ %p_Val2_s, %.preheader.preheader ], [ %sum_V, %_ifconv ]

ST_6: n (77)  [1/1] 0.00ns
.preheader:1  %n = phi i2 [ 0, %.preheader.preheader ], [ %n_5, %_ifconv ]

ST_6: exitcond (78)  [1/1] 2.07ns  loc: acceleartor_hls_padding/components.cpp:289
.preheader:2  %exitcond = icmp eq i2 %n, -1

ST_6: empty_40 (79)  [1/1] 0.00ns
.preheader:3  %empty_40 = call i32 (...)* @_ssdm_op_SpecLoopTripCount(i64 3, i64 3, i64 3)

ST_6: n_5 (80)  [1/1] 2.17ns  loc: acceleartor_hls_padding/components.cpp:289
.preheader:4  %n_5 = add i2 %n, 1

ST_6: StgValue_89 (81)  [1/1] 0.00ns  loc: acceleartor_hls_padding/components.cpp:289
.preheader:5  br i1 %exitcond, label %.loopexit.loopexit, label %_ifconv

ST_6: tmp_79_cast (83)  [1/1] 0.00ns  loc: acceleartor_hls_padding/components.cpp:290
_ifconv:0  %tmp_79_cast = zext i2 %n to i10

ST_6: tmp_107 (84)  [1/1] 2.32ns  loc: acceleartor_hls_padding/components.cpp:290
_ifconv:1  %tmp_107 = add i10 %tmp_79_cast, %tmp_103

ST_6: tmp_121_cast (85)  [1/1] 0.00ns  loc: acceleartor_hls_padding/components.cpp:290
_ifconv:2  %tmp_121_cast = zext i10 %tmp_107 to i64

ST_6: weight_V_addr (86)  [1/1] 0.00ns  loc: acceleartor_hls_padding/components.cpp:290
_ifconv:3  %weight_V_addr = getelementptr [432 x i8]* %weight_V, i64 0, i64 %tmp_121_cast

ST_6: tmp3 (87)  [1/1] 0.00ns  loc: acceleartor_hls_padding/components.cpp:290 (grouped into LUT with out node tmp_80)
_ifconv:4  %tmp3 = xor i2 %n, -2

ST_6: tmp3_cast (88)  [1/1] 0.00ns  loc: acceleartor_hls_padding/components.cpp:290 (grouped into LUT with out node tmp_80)
_ifconv:5  %tmp3_cast = sext i2 %tmp3 to i5

ST_6: tmp_80 (89)  [1/1] 2.33ns  loc: acceleartor_hls_padding/components.cpp:290 (out node of the LUT)
_ifconv:6  %tmp_80 = add i5 %tmp3_cast, %tmp_71

ST_6: tmp_81_cast (90)  [1/1] 0.00ns  loc: acceleartor_hls_padding/components.cpp:290
_ifconv:7  %tmp_81_cast = zext i5 %tmp_80 to i15

ST_6: tmp_108 (91)  [1/1] 2.35ns  loc: acceleartor_hls_padding/components.cpp:290
_ifconv:8  %tmp_108 = add i15 %tmp_81_cast, %tmp_106

ST_6: tmp_122_cast (92)  [1/1] 0.00ns  loc: acceleartor_hls_padding/components.cpp:290
_ifconv:9  %tmp_122_cast = zext i15 %tmp_108 to i64

ST_6: input_V_addr (93)  [1/1] 0.00ns  loc: acceleartor_hls_padding/components.cpp:290
_ifconv:10  %input_V_addr = getelementptr [15552 x i8]* %input_V, i64 0, i64 %tmp_122_cast

ST_6: weight_V_load (94)  [2/2] 3.25ns  loc: acceleartor_hls_padding/components.cpp:290
_ifconv:11  %weight_V_load = load i8* %weight_V_addr, align 1

ST_6: input_V_load (96)  [2/2] 3.25ns  loc: acceleartor_hls_padding/components.cpp:290
_ifconv:13  %input_V_load = load i8* %input_V_addr, align 1

ST_6: StgValue_103 (136)  [1/1] 0.00ns
.loopexit.loopexit:0  br label %.loopexit


 <State 7>: 3.25ns
ST_7: weight_V_load (94)  [1/2] 3.25ns  loc: acceleartor_hls_padding/components.cpp:290
_ifconv:11  %weight_V_load = load i8* %weight_V_addr, align 1

ST_7: input_V_load (96)  [1/2] 3.25ns  loc: acceleartor_hls_padding/components.cpp:290
_ifconv:13  %input_V_load = load i8* %input_V_addr, align 1


 <State 8>: 6.43ns
ST_8: OP1_V (95)  [1/1] 0.00ns  loc: acceleartor_hls_padding/components.cpp:290
_ifconv:12  %OP1_V = sext i8 %weight_V_load to i16

ST_8: OP2_V (97)  [1/1] 0.00ns  loc: acceleartor_hls_padding/components.cpp:290
_ifconv:14  %OP2_V = sext i8 %input_V_load to i16

ST_8: p_Val2_4 (98)  [1/1] 6.43ns  loc: acceleartor_hls_padding/components.cpp:290
_ifconv:15  %p_Val2_4 = mul i16 %OP1_V, %OP2_V

ST_8: tmp_110 (104)  [1/1] 0.00ns  loc: acceleartor_hls_padding/components.cpp:290
_ifconv:21  %tmp_110 = call i1 @_ssdm_op_BitSelect.i1.i16.i32(i16 %p_Val2_4, i32 5)


 <State 9>: 6.78ns
ST_9: tmp_82 (99)  [1/1] 0.00ns  loc: acceleartor_hls_padding/components.cpp:290
_ifconv:16  %tmp_82 = call i14 @_ssdm_op_BitConcatenate.i14.i8.i6(i8 %p_Val2_33, i6 0)

ST_9: tmp_108_cast (100)  [1/1] 0.00ns  loc: acceleartor_hls_padding/components.cpp:290
_ifconv:17  %tmp_108_cast = sext i14 %tmp_82 to i16

ST_9: p_Val2_34 (101)  [1/1] 2.39ns  loc: acceleartor_hls_padding/components.cpp:290
_ifconv:18  %p_Val2_34 = add i16 %tmp_108_cast, %p_Val2_4

ST_9: signbit (102)  [1/1] 0.00ns  loc: acceleartor_hls_padding/components.cpp:290
_ifconv:19  %signbit = call i1 @_ssdm_op_BitSelect.i1.i16.i32(i16 %p_Val2_34, i32 15)

ST_9: p_Val2_35 (103)  [1/1] 0.00ns  loc: acceleartor_hls_padding/components.cpp:290
_ifconv:20  %p_Val2_35 = call i8 @_ssdm_op_PartSelect.i8.i16.i32.i32(i16 %p_Val2_34, i32 6, i32 13)

ST_9: tmp_83 (105)  [1/1] 0.00ns  loc: acceleartor_hls_padding/components.cpp:290
_ifconv:22  %tmp_83 = zext i1 %tmp_110 to i8

ST_9: tmp_111 (106)  [1/1] 0.00ns  loc: acceleartor_hls_padding/components.cpp:290 (grouped into LUT with out node carry)
_ifconv:23  %tmp_111 = call i1 @_ssdm_op_BitSelect.i1.i16.i32(i16 %p_Val2_34, i32 13)

ST_9: p_Val2_36 (107)  [1/1] 2.32ns  loc: acceleartor_hls_padding/components.cpp:290
_ifconv:24  %p_Val2_36 = add i8 %p_Val2_35, %tmp_83

ST_9: newsignbit (108)  [1/1] 0.00ns  loc: acceleartor_hls_padding/components.cpp:290
_ifconv:25  %newsignbit = call i1 @_ssdm_op_BitSelect.i1.i8.i32(i8 %p_Val2_36, i32 7)

ST_9: tmp_84 (109)  [1/1] 0.00ns  loc: acceleartor_hls_padding/components.cpp:290 (grouped into LUT with out node carry)
_ifconv:26  %tmp_84 = xor i1 %newsignbit, true

ST_9: carry (110)  [1/1] 2.07ns  loc: acceleartor_hls_padding/components.cpp:290 (out node of the LUT)
_ifconv:27  %carry = and i1 %tmp_111, %tmp_84

ST_9: tmp_86 (112)  [1/1] 0.00ns  loc: acceleartor_hls_padding/components.cpp:290
_ifconv:29  %tmp_86 = call i2 @_ssdm_op_PartSelect.i2.i16.i32.i32(i16 %p_Val2_34, i32 14, i32 15)


 <State 10>: 8.28ns
ST_10: tmp_113 (111)  [1/1] 0.00ns  loc: acceleartor_hls_padding/components.cpp:290 (grouped into LUT with out node brmerge40_demorgan_i)
_ifconv:28  %tmp_113 = call i1 @_ssdm_op_BitSelect.i1.i16.i32(i16 %p_Val2_34, i32 14)

ST_10: Range1_all_ones (113)  [1/1] 2.07ns  loc: acceleartor_hls_padding/components.cpp:290
_ifconv:30  %Range1_all_ones = icmp eq i2 %tmp_86, -1

ST_10: Range1_all_zeros (114)  [1/1] 2.07ns  loc: acceleartor_hls_padding/components.cpp:290
_ifconv:31  %Range1_all_zeros = icmp eq i2 %tmp_86, 0

ST_10: deleted_zeros (115)  [1/1] 0.00ns  loc: acceleartor_hls_padding/components.cpp:290 (grouped into LUT with out node brmerge_i_i_i)
_ifconv:32  %deleted_zeros = select i1 %carry, i1 %Range1_all_ones, i1 %Range1_all_zeros

ST_10: tmp_85 (116)  [1/1] 0.00ns  loc: acceleartor_hls_padding/components.cpp:290 (grouped into LUT with out node brmerge40_demorgan_i)
_ifconv:33  %tmp_85 = xor i1 %tmp_113, true

ST_10: p_41_i_i (117)  [1/1] 0.00ns  loc: acceleartor_hls_padding/components.cpp:290 (grouped into LUT with out node brmerge40_demorgan_i)
_ifconv:34  %p_41_i_i = and i1 %signbit, %tmp_85

ST_10: deleted_ones (118)  [1/1] 0.00ns  loc: acceleartor_hls_padding/components.cpp:290 (grouped into LUT with out node brmerge40_demorgan_i)
_ifconv:35  %deleted_ones = select i1 %carry, i1 %p_41_i_i, i1 %Range1_all_ones

ST_10: p_38_i_i (119)  [1/1] 2.07ns  loc: acceleartor_hls_padding/components.cpp:290
_ifconv:36  %p_38_i_i = and i1 %carry, %Range1_all_ones

ST_10: p_not_i_i (120)  [1/1] 0.00ns  loc: acceleartor_hls_padding/components.cpp:290 (grouped into LUT with out node brmerge_i_i_i)
_ifconv:37  %p_not_i_i = xor i1 %deleted_zeros, true

ST_10: brmerge_i_i5 (121)  [1/1] 0.00ns  loc: acceleartor_hls_padding/components.cpp:290 (grouped into LUT with out node brmerge_i_i_i)
_ifconv:38  %brmerge_i_i5 = or i1 %newsignbit, %p_not_i_i

ST_10: tmp_87 (122)  [1/1] 2.07ns  loc: acceleartor_hls_padding/components.cpp:290
_ifconv:39  %tmp_87 = xor i1 %signbit, true

ST_10: overflow (123)  [1/1] 0.00ns  loc: acceleartor_hls_padding/components.cpp:290 (grouped into LUT with out node brmerge_i_i_i)
_ifconv:40  %overflow = and i1 %brmerge_i_i5, %tmp_87

ST_10: brmerge40_demorgan_i (124)  [1/1] 2.07ns  loc: acceleartor_hls_padding/components.cpp:290 (out node of the LUT)
_ifconv:41  %brmerge40_demorgan_i = and i1 %newsignbit, %deleted_ones

ST_10: tmp4_demorgan (125)  [1/1] 0.00ns  loc: acceleartor_hls_padding/components.cpp:290 (grouped into LUT with out node underflow)
_ifconv:42  %tmp4_demorgan = or i1 %p_38_i_i, %brmerge40_demorgan_i

ST_10: tmp4 (126)  [1/1] 0.00ns  loc: acceleartor_hls_padding/components.cpp:290 (grouped into LUT with out node underflow)
_ifconv:43  %tmp4 = xor i1 %tmp4_demorgan, true

ST_10: underflow (127)  [1/1] 2.07ns  loc: acceleartor_hls_padding/components.cpp:290 (out node of the LUT)
_ifconv:44  %underflow = and i1 %signbit, %tmp4

ST_10: brmerge_i_i_i (128)  [1/1] 2.07ns  loc: acceleartor_hls_padding/components.cpp:290 (out node of the LUT)
_ifconv:45  %brmerge_i_i_i = or i1 %underflow, %overflow


 <State 11>: 4.14ns
ST_11: tmp5 (129)  [1/1] 0.00ns  loc: acceleartor_hls_padding/components.cpp:290 (grouped into LUT with out node sum_V)
_ifconv:46  %tmp5 = or i1 %brmerge40_demorgan_i, %tmp_87

ST_11: underflow_not (130)  [1/1] 0.00ns  loc: acceleartor_hls_padding/components.cpp:290 (grouped into LUT with out node sum_V)
_ifconv:47  %underflow_not = or i1 %tmp5, %p_38_i_i

ST_11: p_Val2_40_mux (131)  [1/1] 2.07ns  loc: acceleartor_hls_padding/components.cpp:290 (out node of the LUT)
_ifconv:48  %p_Val2_40_mux = select i1 %brmerge_i_i_i, i8 127, i8 %p_Val2_36

ST_11: p_Val2_s_41 (132)  [1/1] 0.00ns  loc: acceleartor_hls_padding/components.cpp:290 (grouped into LUT with out node sum_V)
_ifconv:49  %p_Val2_s_41 = select i1 %underflow, i8 -128, i8 %p_Val2_36

ST_11: sum_V (133)  [1/1] 2.07ns  loc: acceleartor_hls_padding/components.cpp:290 (out node of the LUT)
_ifconv:50  %sum_V = select i1 %underflow_not, i8 %p_Val2_40_mux, i8 %p_Val2_s_41

ST_11: StgValue_144 (134)  [1/1] 0.00ns  loc: acceleartor_hls_padding/components.cpp:289
_ifconv:51  br label %.preheader


 <State 12>: 4.64ns
ST_12: tmp_72 (138)  [1/1] 0.00ns  loc: acceleartor_hls_padding/components.cpp:294
_ifconv1:0  %tmp_72 = sext i8 %p_Val2_s to i9

ST_12: p_Val2_30 (139)  [1/2] 2.32ns  loc: acceleartor_hls_padding/components.cpp:294
_ifconv1:1  %p_Val2_30 = load i8* %bias_V_addr, align 1

ST_12: tmp_73 (140)  [1/1] 0.00ns  loc: acceleartor_hls_padding/components.cpp:294
_ifconv1:2  %tmp_73 = sext i8 %p_Val2_30 to i9

ST_12: p_Val2_31 (141)  [1/1] 2.32ns  loc: acceleartor_hls_padding/components.cpp:294
_ifconv1:3  %p_Val2_31 = add i9 %tmp_72, %tmp_73

ST_12: isneg (142)  [1/1] 0.00ns  loc: acceleartor_hls_padding/components.cpp:294
_ifconv1:4  %isneg = call i1 @_ssdm_op_BitSelect.i1.i9.i32(i9 %p_Val2_31, i32 8)

ST_12: result_V (143)  [1/1] 2.32ns  loc: acceleartor_hls_padding/components.cpp:294
_ifconv1:5  %result_V = add i8 %p_Val2_s, %p_Val2_30

ST_12: newsignbit_5 (144)  [1/1] 0.00ns  loc: acceleartor_hls_padding/components.cpp:294
_ifconv1:6  %newsignbit_5 = call i1 @_ssdm_op_BitSelect.i1.i8.i32(i8 %result_V, i32 7)


 <State 13>: 7.39ns
ST_13: tmp_74 (145)  [1/1] 0.00ns  loc: acceleartor_hls_padding/components.cpp:294 (grouped into LUT with out node p_result_V)
_ifconv1:7  %tmp_74 = xor i1 %newsignbit_5, true

ST_13: underflow_5 (146)  [1/1] 0.00ns  loc: acceleartor_hls_padding/components.cpp:294 (grouped into LUT with out node p_result_V)
_ifconv1:8  %underflow_5 = and i1 %isneg, %tmp_74

ST_13: brmerge_i_i (147)  [1/1] 0.00ns  loc: acceleartor_hls_padding/components.cpp:294 (grouped into LUT with out node result_1)
_ifconv1:9  %brmerge_i_i = xor i1 %isneg, %newsignbit_5

ST_13: isneg_not (148)  [1/1] 0.00ns  loc: acceleartor_hls_padding/components.cpp:294 (grouped into LUT with out node result_1)
_ifconv1:10  %isneg_not = xor i1 %isneg, true

ST_13: brmerge9 (149)  [1/1] 0.00ns  loc: acceleartor_hls_padding/components.cpp:294 (grouped into LUT with out node result_1)
_ifconv1:11  %brmerge9 = or i1 %newsignbit_5, %isneg_not

ST_13: result_V_mux (150)  [1/1] 0.00ns  loc: acceleartor_hls_padding/components.cpp:294 (grouped into LUT with out node result_1)
_ifconv1:12  %result_V_mux = select i1 %brmerge_i_i, i8 127, i8 %result_V

ST_13: p_result_V (151)  [1/1] 2.07ns  loc: acceleartor_hls_padding/components.cpp:294 (out node of the LUT)
_ifconv1:13  %p_result_V = select i1 %underflow_5, i8 -128, i8 %result_V

ST_13: result_1 (152)  [1/1] 2.07ns  loc: acceleartor_hls_padding/components.cpp:294 (out node of the LUT)
_ifconv1:14  %result_1 = select i1 %brmerge9, i8 %result_V_mux, i8 %p_result_V

ST_13: tmp_113_cast (155)  [1/1] 0.00ns  loc: acceleartor_hls_padding/components.cpp:295
_ifconv1:17  %tmp_113_cast = zext i14 %tmp_100 to i64

ST_13: output_V_addr (156)  [1/1] 0.00ns  loc: acceleartor_hls_padding/components.cpp:295
_ifconv1:18  %output_V_addr = getelementptr [4800 x i8]* %output_V, i64 0, i64 %tmp_113_cast

ST_13: StgValue_162 (157)  [1/1] 3.25ns  loc: acceleartor_hls_padding/components.cpp:295
_ifconv1:19  store i8 %result_1, i8* %output_V_addr, align 1

ST_13: StgValue_163 (159)  [1/1] 0.00ns  loc: acceleartor_hls_padding/components.cpp:286
_ifconv1:21  br label %.preheader46



============================================================
+ Verbose Summary: Timing violations
============================================================
Target clock period: 10ns, clock uncertainty: 1.25ns.

 <State 1>: 1.59ns
The critical path consists of the following:
	multiplexor before 'phi' operation ('co') with incoming values : ('co', acceleartor_hls_padding/components.cpp:284) [7]  (1.59 ns)

 <State 2>: 3.88ns
The critical path consists of the following:
	'phi' operation ('co') with incoming values : ('co', acceleartor_hls_padding/components.cpp:284) [7]  (0 ns)
	'icmp' operation ('exitcond8', acceleartor_hls_padding/components.cpp:284) [8]  (3.88 ns)

 <State 3>: 4.66ns
The critical path consists of the following:
	'phi' operation ('h') with incoming values : ('h', acceleartor_hls_padding/components.cpp:285) [31]  (0 ns)
	'add' operation ('tmp_96', acceleartor_hls_padding/components.cpp:295) [38]  (2.32 ns)
	'add' operation ('tmp_99', acceleartor_hls_padding/components.cpp:295) [43]  (2.34 ns)

 <State 4>: 3.1ns
The critical path consists of the following:
	'phi' operation ('w') with incoming values : ('w', acceleartor_hls_padding/components.cpp:286) [46]  (0 ns)
	'icmp' operation ('exitcond1', acceleartor_hls_padding/components.cpp:286) [47]  (3.1 ns)

 <State 5>: 7.01ns
The critical path consists of the following:
	'phi' operation ('m') with incoming values : ('m', acceleartor_hls_padding/components.cpp:288) [55]  (0 ns)
	'xor' operation ('tmp2', acceleartor_hls_padding/components.cpp:290) [65]  (0 ns)
	'add' operation ('tmp_77', acceleartor_hls_padding/components.cpp:290) [67]  (2.33 ns)
	'add' operation ('tmp_104', acceleartor_hls_padding/components.cpp:290) [69]  (2.33 ns)
	'add' operation ('tmp_106', acceleartor_hls_padding/components.cpp:290) [73]  (2.35 ns)

 <State 6>: 7.94ns
The critical path consists of the following:
	'phi' operation ('n') with incoming values : ('n', acceleartor_hls_padding/components.cpp:289) [77]  (0 ns)
	'xor' operation ('tmp3', acceleartor_hls_padding/components.cpp:290) [87]  (0 ns)
	'add' operation ('tmp_80', acceleartor_hls_padding/components.cpp:290) [89]  (2.33 ns)
	'add' operation ('tmp_108', acceleartor_hls_padding/components.cpp:290) [91]  (2.35 ns)
	'getelementptr' operation ('input_V_addr', acceleartor_hls_padding/components.cpp:290) [93]  (0 ns)
	'load' operation ('input_V_load', acceleartor_hls_padding/components.cpp:290) on array 'input_V' [96]  (3.25 ns)

 <State 7>: 3.25ns
The critical path consists of the following:
	'load' operation ('weight_V_load', acceleartor_hls_padding/components.cpp:290) on array 'weight_V' [94]  (3.25 ns)

 <State 8>: 6.43ns
The critical path consists of the following:
	'mul' operation ('__Val2__', acceleartor_hls_padding/components.cpp:290) [98]  (6.43 ns)

 <State 9>: 6.78ns
The critical path consists of the following:
	'add' operation ('__Val2__', acceleartor_hls_padding/components.cpp:290) [101]  (2.39 ns)
	'add' operation ('__Val2__', acceleartor_hls_padding/components.cpp:290) [107]  (2.32 ns)
	'xor' operation ('tmp_84', acceleartor_hls_padding/components.cpp:290) [109]  (0 ns)
	'and' operation ('carry', acceleartor_hls_padding/components.cpp:290) [110]  (2.07 ns)

 <State 10>: 8.28ns
The critical path consists of the following:
	'icmp' operation ('Range1_all_ones', acceleartor_hls_padding/components.cpp:290) [113]  (2.07 ns)
	'and' operation ('p_38_i_i', acceleartor_hls_padding/components.cpp:290) [119]  (2.07 ns)
	'or' operation ('tmp4_demorgan', acceleartor_hls_padding/components.cpp:290) [125]  (0 ns)
	'xor' operation ('tmp4', acceleartor_hls_padding/components.cpp:290) [126]  (0 ns)
	'and' operation ('underflow', acceleartor_hls_padding/components.cpp:290) [127]  (2.07 ns)
	'or' operation ('brmerge_i_i_i', acceleartor_hls_padding/components.cpp:290) [128]  (2.07 ns)

 <State 11>: 4.14ns
The critical path consists of the following:
	'select' operation ('p_Val2_40_mux', acceleartor_hls_padding/components.cpp:290) [131]  (2.07 ns)
	'select' operation ('sum.V', acceleartor_hls_padding/components.cpp:290) [133]  (2.07 ns)

 <State 12>: 4.64ns
The critical path consists of the following:
	'load' operation ('__Val2__', acceleartor_hls_padding/components.cpp:294) on array 'bias_V' [139]  (2.32 ns)
	'add' operation ('__Val2__', acceleartor_hls_padding/components.cpp:294) [141]  (2.32 ns)

 <State 13>: 7.39ns
The critical path consists of the following:
	'xor' operation ('tmp_74', acceleartor_hls_padding/components.cpp:294) [145]  (0 ns)
	'and' operation ('underflow', acceleartor_hls_padding/components.cpp:294) [146]  (0 ns)
	'select' operation ('p_result_V', acceleartor_hls_padding/components.cpp:294) [151]  (2.07 ns)
	'select' operation ('result_1', acceleartor_hls_padding/components.cpp:294) [152]  (2.07 ns)
	'store' operation (acceleartor_hls_padding/components.cpp:295) of variable 'result_1', acceleartor_hls_padding/components.cpp:294 on array 'output_V' [157]  (3.25 ns)


============================================================
+ Verbose Summary: Binding
============================================================
N/A
* FSMD analyzer results:
  - Output states:
 - Input state : 
  - Chain level:
	State 1
	State 2
	State 3
	State 4
	State 5
	State 6
	State 7
	State 8
	State 9
	State 10
	State 11
	State 12
	State 13


============================================================
+ Verbose Summary: Datapath Resource usage 
============================================================
N/A
