INFO: [SIM 2] *************** CSIM start ***************
INFO: [SIM 4] CSIM will launch CLANG as the compiler.
   Compiling ../../../components.cpp in debug mode
   Generating csim.exe
initialize pic
initialize bias
initialize shuffle_conv_1x1
initialize shuffle_conv_3x3
initialize conv1_weight
initialize conv_last_weight
initialize fc_weight
-0.234375 -0.232433
0.046875
0.25
0.453125
0.5625
-0.140625
-0.453125
-0.546875
-1
-0.09375
0.484375
result above
INFO: [SIM 1] CSim done with 0 errors.
INFO: [SIM 3] *************** CSIM finish ***************
