

================================================================
== Vivado HLS Report for 'shuffle_24_l_p'
================================================================
* Date:           Sat Dec 15 03:40:50 2018

* Version:        2017.2 (Build 1909853 on Thu Jun 15 18:55:24 MDT 2017)
* Project:        acceleartor_hls_padding
* Solution:       naive
* Product family: zynq
* Target device:  xc7z020clg484-1


================================================================
== Performance Estimates
================================================================
+ Timing (ns): 
    * Summary: 
    +--------+-------+----------+------------+
    |  Clock | Target| Estimated| Uncertainty|
    +--------+-------+----------+------------+
    |ap_clk  |  10.00|      6.51|        1.25|
    +--------+-------+----------+------------+

+ Latency (clock cycles): 
    * Summary: 
    +-------+-------+-------+-------+---------+
    |    Latency    |    Interval   | Pipeline|
    |  min  |  max  |  min  |  max  |   Type  |
    +-------+-------+-------+-------+---------+
    |  32929|  32929|  32929|  32929|   none  |
    +-------+-------+-------+-------+---------+

    + Detail: 
        * Instance: 
        N/A

        * Loop: 
        +-----------------+-------+-------+----------+-----------+-----------+------+----------+
        |                 |    Latency    | Iteration|  Initiation Interval  | Trip |          |
        |    Loop Name    |  min  |  max  |  Latency |  achieved |   target  | Count| Pipelined|
        +-----------------+-------+-------+----------+-----------+-----------+------+----------+
        |- Loop 1         |  32928|  32928|       686|          -|          -|    48|    no    |
        | + Loop 1.1      |    684|    684|        38|          -|          -|    18|    no    |
        |  ++ Loop 1.1.1  |     36|     36|         2|          -|          -|    18|    no    |
        +-----------------+-------+-------+----------+-----------+-----------+------+----------+



================================================================
== Utilization Estimates
================================================================
* Summary: 
+-----------------+---------+-------+--------+-------+
|       Name      | BRAM_18K| DSP48E|   FF   |  LUT  |
+-----------------+---------+-------+--------+-------+
|DSP              |        -|      -|       -|      -|
|Expression       |        -|      -|     403|    178|
|FIFO             |        -|      -|       -|      -|
|Instance         |        -|      -|       -|      -|
|Memory           |        -|      -|       -|      -|
|Multiplexer      |        -|      -|       -|     60|
|Register         |        -|      -|      99|      -|
+-----------------+---------+-------+--------+-------+
|Total            |        0|      0|     502|    238|
+-----------------+---------+-------+--------+-------+
|Available        |      280|    220|  106400|  53200|
+-----------------+---------+-------+--------+-------+
|Utilization (%)  |        0|      0|   ~0   |   ~0  |
+-----------------+---------+-------+--------+-------+

+ Detail: 
    * Instance: 
    N/A

    * DSP48: 
    N/A

    * Memory: 
    N/A

    * FIFO: 
    N/A

    * Expression: 
    +---------------------+----------+-------+----+----+------------+------------+
    |    Variable Name    | Operation| DSP48E| FF | LUT| Bitwidth P0| Bitwidth P1|
    +---------------------+----------+-------+----+----+------------+------------+
    |co_21_fu_118_p2      |     +    |      0|  23|  11|           1|           6|
    |h_21_fu_200_p2       |     +    |      0|  20|  10|           5|           1|
    |tmp_326_fu_148_p2    |     +    |      0|  38|  16|          11|          11|
    |tmp_330_fu_188_p2    |     +    |      0|  35|  15|          10|          10|
    |tmp_331_fu_214_p2    |     +    |      0|  35|  15|          10|          10|
    |tmp_332_fu_239_p2    |     +    |      0|  47|  19|          14|          14|
    |tmp_333_fu_245_p2    |     +    |      0|  38|  16|          11|          11|
    |tmp_334_fu_270_p2    |     +    |      0|  50|  20|          15|          15|
    |tmp_335_fu_296_p2    |     +    |      0|  47|  19|          14|          14|
    |tmp_336_fu_306_p2    |     +    |      0|  50|  20|          15|          15|
    |w_21_fu_282_p2       |     +    |      0|  20|  10|           5|           1|
    |exitcond2_fu_194_p2  |   icmp   |      0|   0|   2|           5|           5|
    |exitcond3_fu_112_p2  |   icmp   |      0|   0|   3|           6|           6|
    |exitcond_fu_276_p2   |   icmp   |      0|   0|   2|           5|           5|
    +---------------------+----------+-------+----+----+------------+------------+
    |Total                |          |      0| 403| 178|         127|         124|
    +---------------------+----------+-------+----+----+------------+------------+

    * Multiplexer: 
    +-----------+----+-----------+-----+-----------+
    |    Name   | LUT| Input Size| Bits| Total Bits|
    +-----------+----+-----------+-----+-----------+
    |ap_NS_fsm  |  33|          6|    1|          6|
    |co_reg_75  |   9|          2|    6|         12|
    |h_reg_86   |   9|          2|    5|         10|
    |w_reg_97   |   9|          2|    5|         10|
    +-----------+----+-----------+-----+-----------+
    |Total      |  60|         12|   17|         38|
    +-----------+----+-----------+-----+-----------+

    * Register: 
    +-----------------+----+----+-----+-----------+
    |       Name      | FF | LUT| Bits| Const Bits|
    +-----------------+----+----+-----+-----------+
    |ap_CS_fsm        |   5|   0|    5|          0|
    |co_21_reg_322    |   6|   0|    6|          0|
    |co_reg_75        |   6|   0|    6|          0|
    |h_21_reg_340     |   5|   0|    5|          0|
    |h_reg_86         |   5|   0|    5|          0|
    |tmp_273_reg_315  |   1|   0|    1|          0|
    |tmp_326_reg_327  |  10|   0|   11|          1|
    |tmp_330_reg_332  |   9|   0|   10|          1|
    |tmp_332_reg_345  |  13|   0|   14|          1|
    |tmp_334_reg_350  |  14|   0|   15|          1|
    |tmp_336_reg_368  |  15|   0|   15|          0|
    |w_21_reg_358     |   5|   0|    5|          0|
    |w_reg_97         |   5|   0|    5|          0|
    +-----------------+----+----+-----+-----------+
    |Total            |  99|   0|  103|          4|
    +-----------------+----+----+-----+-----------+



================================================================
== Interface
================================================================
* Summary: 
+-------------------+-----+-----+------------+----------------+--------------+
|     RTL Ports     | Dir | Bits|  Protocol  |  Source Object |    C Type    |
+-------------------+-----+-----+------------+----------------+--------------+
|ap_clk             |  in |    1| ap_ctrl_hs | shuffle_24_l_p | return value |
|ap_rst             |  in |    1| ap_ctrl_hs | shuffle_24_l_p | return value |
|ap_start           |  in |    1| ap_ctrl_hs | shuffle_24_l_p | return value |
|ap_done            | out |    1| ap_ctrl_hs | shuffle_24_l_p | return value |
|ap_idle            | out |    1| ap_ctrl_hs | shuffle_24_l_p | return value |
|ap_ready           | out |    1| ap_ctrl_hs | shuffle_24_l_p | return value |
|left_V_address0    | out |   13|  ap_memory |     left_V     |     array    |
|left_V_ce0         | out |    1|  ap_memory |     left_V     |     array    |
|left_V_q0          |  in |    8|  ap_memory |     left_V     |     array    |
|output_V_address0  | out |   14|  ap_memory |    output_V    |     array    |
|output_V_ce0       | out |    1|  ap_memory |    output_V    |     array    |
|output_V_we0       | out |    1|  ap_memory |    output_V    |     array    |
|output_V_d0        | out |    8|  ap_memory |    output_V    |     array    |
+-------------------+-----+-----+------------+----------------+--------------+

