

================================================================
== Vivado HLS Report for 'subconv_3x3_8_stride'
================================================================
* Date:           Thu Dec 13 17:50:49 2018

* Version:        2017.2 (Build 1909853 on Thu Jun 15 18:55:24 MDT 2017)
* Project:        acceleartor_hls_padding
* Solution:       naive
* Product family: zynq
* Target device:  xc7z020clg484-1


================================================================
== Performance Estimates
================================================================
+ Timing (ns): 
    * Summary: 
    +--------+-------+----------+------------+
    |  Clock | Target| Estimated| Uncertainty|
    +--------+-------+----------+------------+
    |ap_clk  |  10.00|      7.96|        1.25|
    +--------+-------+----------+------------+

+ Latency (clock cycles): 
    * Summary: 
    +--------+--------+--------+--------+---------+
    |     Latency     |     Interval    | Pipeline|
    |   min  |   max  |   min  |   max  |   Type  |
    +--------+--------+--------+--------+---------+
    |  176065|  176065|  176065|  176065|   none  |
    +--------+--------+--------+--------+---------+

    + Detail: 
        * Instance: 
        N/A

        * Loop: 
        +-------------------------+--------+--------+----------+-----------+-----------+------+----------+
        |                         |     Latency     | Iteration|  Initiation Interval  | Trip |          |
        |        Loop Name        |   min  |   max  |  Latency |  achieved |   target  | Count| Pipelined|
        +-------------------------+--------+--------+----------+-----------+-----------+------+----------+
        |- Loop 1                 |  176064|  176064|      1834|          -|          -|    96|    no    |
        | + Loop 1.1              |    1832|    1832|       458|          -|          -|     4|    no    |
        |  ++ Loop 1.1.1          |     456|     456|       114|          -|          -|     4|    no    |
        |   +++ Loop 1.1.1.1      |     105|     105|        35|          -|          -|     3|    no    |
        |    ++++ Loop 1.1.1.1.1  |      33|      33|        11|          -|          -|     3|    no    |
        +-------------------------+--------+--------+----------+-----------+-----------+------+----------+



================================================================
== Utilization Estimates
================================================================
* Summary: 
+-----------------+---------+-------+--------+-------+
|       Name      | BRAM_18K| DSP48E|   FF   |  LUT  |
+-----------------+---------+-------+--------+-------+
|DSP              |        -|      -|       -|      -|
|Expression       |        -|      -|     602|    282|
|FIFO             |        -|      -|       -|      -|
|Instance         |        -|      5|     348|    711|
|Memory           |        -|      -|       -|      -|
|Multiplexer      |        -|      -|       -|    206|
|Register         |        -|      -|     373|      -|
+-----------------+---------+-------+--------+-------+
|Total            |        0|      5|    1323|   1199|
+-----------------+---------+-------+--------+-------+
|Available        |      280|    220|  106400|  53200|
+-----------------+---------+-------+--------+-------+
|Utilization (%)  |        0|      2|       1|      2|
+-----------------+---------+-------+--------+-------+

+ Detail: 
    * Instance: 
    +----------------------------+----------------------+---------+-------+-----+-----+
    |          Instance          |        Module        | BRAM_18K| DSP48E|  FF | LUT |
    +----------------------------+----------------------+---------+-------+-----+-----+
    |ShuffleNetV2_faddbkb_x_U81  |ShuffleNetV2_faddbkb  |        0|      2|  205|  390|
    |ShuffleNetV2_fmulcud_x_U82  |ShuffleNetV2_fmulcud  |        0|      3|  143|  321|
    +----------------------------+----------------------+---------+-------+-----+-----+
    |Total                       |                      |        0|      5|  348|  711|
    +----------------------------+----------------------+---------+-------+-----+-----+

    * DSP48: 
    N/A

    * Memory: 
    N/A

    * FIFO: 
    N/A

    * Expression: 
    +---------------------+----------+-------+----+----+------------+------------+
    |    Variable Name    | Operation| DSP48E| FF | LUT| Bitwidth P0| Bitwidth P1|
    +---------------------+----------+-------+----+----+------------+------------+
    |co_1_fu_204_p2       |     +    |      0|  26|  12|           7|           1|
    |h_1_fu_344_p2        |     +    |      0|  14|   9|           3|           1|
    |m_1_fu_356_p2        |     +    |      0|  11|   8|           2|           1|
    |n_1_fu_458_p2        |     +    |      0|  11|   8|           2|           1|
    |tmp_11_fu_299_p2     |     +    |      0|  41|  17|          12|          12|
    |tmp_14_fu_441_p2     |     +    |      0|  44|  18|          13|          13|
    |tmp_15_fu_366_p2     |     +    |      0|  38|  16|          11|          11|
    |tmp_18_fu_402_p2     |     +    |      0|  38|  16|          11|          11|
    |tmp_21_fu_431_p2     |     +    |      0|  50|  20|          15|          15|
    |tmp_22_fu_468_p2     |     +    |      0|  38|  16|          11|          11|
    |tmp_23_fu_497_p2     |     +    |      0|  50|  20|          15|          15|
    |tmp_4_fu_243_p2      |     +    |      0|  38|  16|          11|          11|
    |tmp_7_fu_488_p2      |     +    |      0|  17|   9|           4|           4|
    |tmp_s_fu_393_p2      |     +    |      0|  17|   9|           4|           4|
    |w_1_fu_446_p2        |     +    |      0|  14|   9|           3|           1|
    |tmp_13_fu_324_p2     |     -    |      0|  44|  18|          13|          13|
    |tmp_17_fu_377_p2     |     -    |      0|  38|  16|          11|          11|
    |tmp_8_fu_261_p2      |     -    |      0|  35|  15|          10|          10|
    |tmp_9_fu_271_p2      |     -    |      0|  38|  16|          11|          11|
    |exitcond1_fu_350_p2  |   icmp   |      0|   0|   1|           2|           2|
    |exitcond2_fu_330_p2  |   icmp   |      0|   0|   1|           3|           3|
    |exitcond3_fu_281_p2  |   icmp   |      0|   0|   1|           3|           3|
    |exitcond4_fu_198_p2  |   icmp   |      0|   0|   4|           7|           7|
    |exitcond_fu_452_p2   |   icmp   |      0|   0|   1|           2|           2|
    |tmp1_fu_383_p2       |    xor   |      0|   0|   3|           2|           3|
    |tmp2_fu_478_p2       |    xor   |      0|   0|   3|           2|           3|
    +---------------------+----------+-------+----+----+------------+------------+
    |Total                |          |      0| 602| 282|         190|         180|
    +---------------------+----------+-------+----+----+------------+------------+

    * Multiplexer: 
    +---------------+-----+-----------+-----+-----------+
    |      Name     | LUT | Input Size| Bits| Total Bits|
    +---------------+-----+-----------+-----+-----------+
    |ap_NS_fsm      |  113|         24|    1|         24|
    |co_reg_107     |    9|          2|    7|         14|
    |grp_fu_188_p0  |   15|          3|   32|         96|
    |grp_fu_188_p1  |   15|          3|   32|         96|
    |h_reg_118      |    9|          2|    3|          6|
    |m_reg_154      |    9|          2|    2|          4|
    |n_reg_177      |    9|          2|    2|          4|
    |sum_1_reg_165  |    9|          2|   32|         64|
    |sum_reg_142    |    9|          2|   32|         64|
    |w_reg_130      |    9|          2|    3|          6|
    +---------------+-----+-----------+-----+-----------+
    |Total          |  206|         44|  146|        378|
    +---------------+-----+-----------+-----+-----------+

    * Register: 
    +---------------------+----+----+-----+-----------+
    |         Name        | FF | LUT| Bits| Const Bits|
    +---------------------+----+----+-----+-----------+
    |ap_CS_fsm            |  23|   0|   23|          0|
    |bias_addr_reg_534    |   7|   0|    7|          0|
    |bias_load_reg_631    |  32|   0|   32|          0|
    |co_1_reg_514         |   7|   0|    7|          0|
    |co_reg_107           |   7|   0|    7|          0|
    |h_reg_118            |   3|   0|    3|          0|
    |input_load_reg_616   |  32|   0|   32|          0|
    |m_1_reg_568          |   2|   0|    2|          0|
    |m_reg_154            |   2|   0|    2|          0|
    |n_1_reg_596          |   2|   0|    2|          0|
    |n_reg_177            |   2|   0|    2|          0|
    |result_reg_636       |  32|   0|   32|          0|
    |sum_1_reg_165        |  32|   0|   32|          0|
    |sum_reg_142          |  32|   0|   32|          0|
    |tmp_10_reg_621       |  32|   0|   32|          0|
    |tmp_13_reg_547       |  12|   0|   13|          1|
    |tmp_14_reg_583       |  13|   0|   13|          0|
    |tmp_15_cast_reg_524  |  11|   0|   11|          0|
    |tmp_17_reg_573       |  11|   0|   11|          0|
    |tmp_18_cast_reg_529  |  11|   0|   12|          1|
    |tmp_21_reg_578       |  14|   0|   15|          1|
    |tmp_2_reg_542        |   3|   0|    4|          1|
    |tmp_4_reg_519        |  10|   0|   11|          1|
    |tmp_5_reg_555        |   3|   0|    4|          1|
    |w_1_reg_588          |   3|   0|    3|          0|
    |w_reg_130            |   3|   0|    3|          0|
    |weight_load_reg_611  |  32|   0|   32|          0|
    +---------------------+----+----+-----+-----------+
    |Total                | 373|   0|  379|          6|
    +---------------------+----+----+-----+-----------+



================================================================
== Interface
================================================================
* Summary: 
+-------------------+-----+-----+------------+----------------------+--------------+
|     RTL Ports     | Dir | Bits|  Protocol  |     Source Object    |    C Type    |
+-------------------+-----+-----+------------+----------------------+--------------+
|ap_clk             |  in |    1| ap_ctrl_hs | subconv_3x3_8_stride | return value |
|ap_rst             |  in |    1| ap_ctrl_hs | subconv_3x3_8_stride | return value |
|ap_start           |  in |    1| ap_ctrl_hs | subconv_3x3_8_stride | return value |
|ap_done            | out |    1| ap_ctrl_hs | subconv_3x3_8_stride | return value |
|ap_idle            | out |    1| ap_ctrl_hs | subconv_3x3_8_stride | return value |
|ap_ready           | out |    1| ap_ctrl_hs | subconv_3x3_8_stride | return value |
|input_r_address0   | out |   14|  ap_memory |        input_r       |     array    |
|input_r_ce0        | out |    1|  ap_memory |        input_r       |     array    |
|input_r_q0         |  in |   32|  ap_memory |        input_r       |     array    |
|weight_address0    | out |   10|  ap_memory |        weight        |     array    |
|weight_ce0         | out |    1|  ap_memory |        weight        |     array    |
|weight_q0          |  in |   32|  ap_memory |        weight        |     array    |
|bias_address0      | out |    7|  ap_memory |         bias         |     array    |
|bias_ce0           | out |    1|  ap_memory |         bias         |     array    |
|bias_q0            |  in |   32|  ap_memory |         bias         |     array    |
|output_r_address0  | out |   12|  ap_memory |       output_r       |     array    |
|output_r_ce0       | out |    1|  ap_memory |       output_r       |     array    |
|output_r_we0       | out |    1|  ap_memory |       output_r       |     array    |
|output_r_d0        | out |   32|  ap_memory |       output_r       |     array    |
+-------------------+-----+-----+------------+----------------------+--------------+

