

================================================================
== Vivado HLS Report for 'subconv_3x3_8_no_rel'
================================================================
* Date:           Thu Dec 13 17:50:48 2018

* Version:        2017.2 (Build 1909853 on Thu Jun 15 18:55:24 MDT 2017)
* Project:        acceleartor_hls_padding
* Solution:       naive
* Product family: zynq
* Target device:  xc7z020clg484-1


================================================================
== Performance Estimates
================================================================
+ Timing (ns): 
    * Summary: 
    +--------+-------+----------+------------+
    |  Clock | Target| Estimated| Uncertainty|
    +--------+-------+----------+------------+
    |ap_clk  |  10.00|      7.26|        1.25|
    +--------+-------+----------+------------+

+ Latency (clock cycles): 
    * Summary: 
    +--------+--------+--------+--------+---------+
    |     Latency     |     Interval    | Pipeline|
    |   min  |   max  |   min  |   max  |   Type  |
    +--------+--------+--------+--------+---------+
    |  387937|  387937|  387937|  387937|   none  |
    +--------+--------+--------+--------+---------+

    + Detail: 
        * Instance: 
        N/A

        * Loop: 
        +-------------------------+--------+--------+----------+-----------+-----------+------+----------+
        |                         |     Latency     | Iteration|  Initiation Interval  | Trip |          |
        |        Loop Name        |   min  |   max  |  Latency |  achieved |   target  | Count| Pipelined|
        +-------------------------+--------+--------+----------+-----------+-----------+------+----------+
        |- Loop 1                 |  387936|  387936|      8082|          -|          -|    48|    no    |
        | + Loop 1.1              |    8080|    8080|      1010|          -|          -|     8|    no    |
        |  ++ Loop 1.1.1          |    1008|    1008|       126|          -|          -|     8|    no    |
        |   +++ Loop 1.1.1.1      |     117|     117|        39|          -|          -|     3|    no    |
        |    ++++ Loop 1.1.1.1.1  |      36|      36|        12|          -|          -|     3|    no    |
        +-------------------------+--------+--------+----------+-----------+-----------+------+----------+



================================================================
== Utilization Estimates
================================================================
* Summary: 
+-----------------+---------+-------+--------+-------+
|       Name      | BRAM_18K| DSP48E|   FF   |  LUT  |
+-----------------+---------+-------+--------+-------+
|DSP              |        -|      -|       -|      -|
|Expression       |        -|      -|     565|    268|
|FIFO             |        -|      -|       -|      -|
|Instance         |        -|      5|     348|    711|
|Memory           |        -|      -|       -|      -|
|Multiplexer      |        -|      -|       -|    214|
|Register         |        -|      -|     400|      -|
+-----------------+---------+-------+--------+-------+
|Total            |        0|      5|    1313|   1193|
+-----------------+---------+-------+--------+-------+
|Available        |      280|    220|  106400|  53200|
+-----------------+---------+-------+--------+-------+
|Utilization (%)  |        0|      2|       1|      2|
+-----------------+---------+-------+--------+-------+

+ Detail: 
    * Instance: 
    +----------------------------+----------------------+---------+-------+-----+-----+
    |          Instance          |        Module        | BRAM_18K| DSP48E|  FF | LUT |
    +----------------------------+----------------------+---------+-------+-----+-----+
    |ShuffleNetV2_faddbkb_x_U65  |ShuffleNetV2_faddbkb  |        0|      2|  205|  390|
    |ShuffleNetV2_fmulcud_x_U66  |ShuffleNetV2_fmulcud  |        0|      3|  143|  321|
    +----------------------------+----------------------+---------+-------+-----+-----+
    |Total                       |                      |        0|      5|  348|  711|
    +----------------------------+----------------------+---------+-------+-----+-----+

    * DSP48: 
    N/A

    * Memory: 
    N/A

    * FIFO: 
    N/A

    * Expression: 
    +---------------------+----------+-------+----+----+------------+------------+
    |    Variable Name    | Operation| DSP48E| FF | LUT| Bitwidth P0| Bitwidth P1|
    +---------------------+----------+-------+----+----+------------+------------+
    |co_2_fu_196_p2       |     +    |      0|  23|  11|           6|           1|
    |h_2_fu_314_p2        |     +    |      0|  17|   9|           4|           1|
    |m_2_fu_326_p2        |     +    |      0|  11|   8|           2|           1|
    |n_2_fu_410_p2        |     +    |      0|  11|   8|           2|           1|
    |tmp1_fu_341_p2       |     +    |      0|  11|   8|           2|           2|
    |tmp2_fu_425_p2       |     +    |      0|  11|   8|           2|           2|
    |tmp_13_fu_351_p2     |     +    |      0|  17|   9|           4|           4|
    |tmp_16_fu_435_p2     |     +    |      0|  17|   9|           4|           4|
    |tmp_25_fu_235_p2     |     +    |      0|  35|  15|          10|          10|
    |tmp_28_fu_273_p2     |     +    |      0|  35|  15|          10|          10|
    |tmp_29_fu_302_p2     |     +    |      0|  47|  19|          14|          14|
    |tmp_30_fu_462_p2     |     +    |      0|  47|  19|          14|          14|
    |tmp_31_fu_336_p2     |     +    |      0|  35|  15|          10|          10|
    |tmp_33_fu_361_p2     |     +    |      0|  35|  15|          10|          10|
    |tmp_36_fu_398_p2     |     +    |      0|  47|  19|          14|          14|
    |tmp_37_fu_420_p2     |     +    |      0|  35|  15|          10|          10|
    |tmp_38_fu_445_p2     |     +    |      0|  47|  19|          14|          14|
    |w_2_fu_467_p2        |     +    |      0|  17|   9|           4|           1|
    |tmp_27_fu_253_p2     |     -    |      0|  32|  14|           9|           9|
    |tmp_32_fu_371_p2     |     -    |      0|  35|  15|          10|          10|
    |exitcond1_fu_320_p2  |   icmp   |      0|   0|   1|           2|           2|
    |exitcond2_fu_308_p2  |   icmp   |      0|   0|   2|           4|           4|
    |exitcond3_fu_263_p2  |   icmp   |      0|   0|   2|           4|           4|
    |exitcond4_fu_190_p2  |   icmp   |      0|   0|   3|           6|           6|
    |exitcond_fu_404_p2   |   icmp   |      0|   0|   1|           2|           2|
    +---------------------+----------+-------+----+----+------------+------------+
    |Total                |          |      0| 565| 268|         173|         160|
    +---------------------+----------+-------+----+----+------------+------------+

    * Multiplexer: 
    +---------------+-----+-----------+-----+-----------+
    |      Name     | LUT | Input Size| Bits| Total Bits|
    +---------------+-----+-----------+-----+-----------+
    |ap_NS_fsm      |  121|         26|    1|         26|
    |co_reg_99      |    9|          2|    6|         12|
    |grp_fu_180_p0  |   15|          3|   32|         96|
    |grp_fu_180_p1  |   15|          3|   32|         96|
    |h_reg_110      |    9|          2|    4|          8|
    |m_reg_146      |    9|          2|    2|          4|
    |n_reg_169      |    9|          2|    2|          4|
    |sum_1_reg_157  |    9|          2|   32|         64|
    |sum_reg_134    |    9|          2|   32|         64|
    |w_reg_122      |    9|          2|    4|          8|
    +---------------+-----+-----------+-----+-----------+
    |Total          |  214|         46|  147|        382|
    +---------------+-----+-----------+-----+-----------+

    * Register: 
    +---------------------+----+----+-----+-----------+
    |         Name        | FF | LUT| Bits| Const Bits|
    +---------------------+----+----+-----+-----------+
    |ap_CS_fsm            |  25|   0|   25|          0|
    |bias_addr_reg_496    |   6|   0|    6|          0|
    |bias_load_reg_595    |  32|   0|   32|          0|
    |co_2_reg_480         |   6|   0|    6|          0|
    |co_reg_99            |   6|   0|    6|          0|
    |h_reg_110            |   4|   0|    4|          0|
    |input_load_reg_580   |  32|   0|   32|          0|
    |m_2_reg_520          |   2|   0|    2|          0|
    |m_reg_146            |   2|   0|    2|          0|
    |n_2_reg_550          |   2|   0|    2|          0|
    |n_reg_169            |   2|   0|    2|          0|
    |result_reg_610       |  32|   0|   32|          0|
    |sum_1_reg_157        |  32|   0|   32|          0|
    |sum_reg_134          |  32|   0|   32|          0|
    |tmp_18_reg_585       |  32|   0|   32|          0|
    |tmp_25_reg_485       |   9|   0|   10|          1|
    |tmp_29_reg_504       |  13|   0|   14|          1|
    |tmp_30_reg_600       |  14|   0|   14|          0|
    |tmp_31_reg_525       |  10|   0|   10|          0|
    |tmp_32_reg_537       |  10|   0|   10|          0|
    |tmp_33_reg_531       |  10|   0|   10|          0|
    |tmp_36_reg_542       |  13|   0|   14|          1|
    |tmp_37_cast_reg_491  |  10|   0|   10|          0|
    |tmp_37_reg_555       |  10|   0|   10|          0|
    |tmp_38_reg_560       |  14|   0|   14|          0|
    |w_2_reg_605          |   4|   0|    4|          0|
    |w_reg_122            |   4|   0|    4|          0|
    |weight_load_reg_575  |  32|   0|   32|          0|
    +---------------------+----+----+-----+-----------+
    |Total                | 400|   0|  403|          3|
    +---------------------+----+----+-----+-----------+



================================================================
== Interface
================================================================
* Summary: 
+-------------------+-----+-----+------------+----------------------+--------------+
|     RTL Ports     | Dir | Bits|  Protocol  |     Source Object    |    C Type    |
+-------------------+-----+-----+------------+----------------------+--------------+
|ap_clk             |  in |    1| ap_ctrl_hs | subconv_3x3_8_no_rel | return value |
|ap_rst             |  in |    1| ap_ctrl_hs | subconv_3x3_8_no_rel | return value |
|ap_start           |  in |    1| ap_ctrl_hs | subconv_3x3_8_no_rel | return value |
|ap_done            | out |    1| ap_ctrl_hs | subconv_3x3_8_no_rel | return value |
|ap_idle            | out |    1| ap_ctrl_hs | subconv_3x3_8_no_rel | return value |
|ap_ready           | out |    1| ap_ctrl_hs | subconv_3x3_8_no_rel | return value |
|input_r_address0   | out |   13|  ap_memory |        input_r       |     array    |
|input_r_ce0        | out |    1|  ap_memory |        input_r       |     array    |
|input_r_q0         |  in |   32|  ap_memory |        input_r       |     array    |
|weight_address0    | out |    9|  ap_memory |        weight        |     array    |
|weight_ce0         | out |    1|  ap_memory |        weight        |     array    |
|weight_q0          |  in |   32|  ap_memory |        weight        |     array    |
|bias_address0      | out |    6|  ap_memory |         bias         |     array    |
|bias_ce0           | out |    1|  ap_memory |         bias         |     array    |
|bias_q0            |  in |   32|  ap_memory |         bias         |     array    |
|output_r_address0  | out |   13|  ap_memory |       output_r       |     array    |
|output_r_ce0       | out |    1|  ap_memory |       output_r       |     array    |
|output_r_we0       | out |    1|  ap_memory |       output_r       |     array    |
|output_r_d0        | out |   32|  ap_memory |       output_r       |     array    |
+-------------------+-----+-----+------------+----------------------+--------------+

