

================================================================
== Vivado HLS Report for 'shuffle_96_l_p'
================================================================
* Date:           Fri Dec 14 14:26:18 2018

* Version:        2017.2 (Build 1909853 on Thu Jun 15 18:55:24 MDT 2017)
* Project:        accelerator_newone
* Solution:       solution1
* Product family: zynq
* Target device:  xc7z020clg484-1


================================================================
== Performance Estimates
================================================================
+ Timing (ns): 
    * Summary: 
    +--------+-------+----------+------------+
    |  Clock | Target| Estimated| Uncertainty|
    +--------+-------+----------+------------+
    |ap_clk  |  10.00|      6.51|        1.25|
    +--------+-------+----------+------------+

+ Latency (clock cycles): 
    * Summary: 
    +-------+-------+-------+-------+---------+
    |    Latency    |    Interval   | Pipeline|
    |  min  |  max  |  min  |  max  |   Type  |
    +-------+-------+-------+-------+---------+
    |  16513|  16513|  16513|  16513|   none  |
    +-------+-------+-------+-------+---------+

    + Detail: 
        * Instance: 
        N/A

        * Loop: 
        +-----------------+-------+-------+----------+-----------+-----------+------+----------+
        |                 |    Latency    | Iteration|  Initiation Interval  | Trip |          |
        |    Loop Name    |  min  |  max  |  Latency |  achieved |   target  | Count| Pipelined|
        +-----------------+-------+-------+----------+-----------+-----------+------+----------+
        |- Loop 1         |  16512|  16512|        86|          -|          -|   192|    no    |
        | + Loop 1.1      |     84|     84|        14|          -|          -|     6|    no    |
        |  ++ Loop 1.1.1  |     12|     12|         2|          -|          -|     6|    no    |
        +-----------------+-------+-------+----------+-----------+-----------+------+----------+

============================================================
+ Verbose Summary: Synthesis Manager
============================================================
InlineROM: 1
ExposeGlobal: 0
============================================================
+ Verbose Summary: CDFG Model
============================================================
IsTopModel: 0
ResetActiveHigh: 1
IsCombinational: 0
IsDatapathOnly: 0
HasWiredReturn: 1
HasMFsm: 0
HasVarLatency: 1
IsPipeline: 0
IsRtlPipelined: 0
IsInstanceOverlapped: 0
IsDontTouch: 0
HasImplIP: 0
IsGatedGlobalClock: 0


============================================================
+ Verbose Summary: Schedule
============================================================
* Number of FSM states: 5
* Pipeline: 0
* Dataflow Pipeline: 0

* FSM state transitions: 
1 --> 
	2  / true
2 --> 
	3  / (!exitcond2)
3 --> 
	4  / (!exitcond1)
	2  / (exitcond1)
4 --> 
	5  / (!exitcond)
	3  / (exitcond)
5 --> 
	4  / true
* FSM state operations: 

 <State 1>: 1.59ns
ST_1: StgValue_6 (3)  [1/1] 1.59ns  loc: accelerator_newone/components.cpp:684
:0  br label %.loopexit


 <State 2>: 2.91ns
ST_2: co (5)  [1/1] 0.00ns
.loopexit:0  %co = phi i8 [ 0, %0 ], [ %co_33, %.loopexit.loopexit ]

ST_2: tmp_327 (6)  [1/1] 0.00ns  loc: accelerator_newone/components.cpp:684
.loopexit:1  %tmp_327 = trunc i8 %co to i1

ST_2: exitcond2 (7)  [1/1] 2.91ns  loc: accelerator_newone/components.cpp:684
.loopexit:2  %exitcond2 = icmp eq i8 %co, -64

ST_2: empty (8)  [1/1] 0.00ns
.loopexit:3  %empty = call i32 (...)* @_ssdm_op_SpecLoopTripCount(i64 192, i64 192, i64 192)

ST_2: co_33 (9)  [1/1] 2.32ns  loc: accelerator_newone/components.cpp:684
.loopexit:4  %co_33 = add i8 1, %co

ST_2: StgValue_12 (10)  [1/1] 0.00ns  loc: accelerator_newone/components.cpp:684
.loopexit:5  br i1 %exitcond2, label %3, label %.preheader3.preheader

ST_2: tmp (12)  [1/1] 0.00ns  loc: accelerator_newone/components.cpp:684
.preheader3.preheader:0  %tmp = call i7 @_ssdm_op_PartSelect.i7.i8.i32.i32(i8 %co, i32 1, i32 7)

ST_2: tmp_s (13)  [1/1] 0.00ns  loc: accelerator_newone/components.cpp:684
.preheader3.preheader:1  %tmp_s = call i10 @_ssdm_op_BitConcatenate.i10.i7.i3(i7 %tmp, i3 0)

ST_2: p_shl2_cast (14)  [1/1] 0.00ns  loc: accelerator_newone/components.cpp:684
.preheader3.preheader:2  %p_shl2_cast = zext i10 %tmp_s to i11

ST_2: tmp_346 (15)  [1/1] 0.00ns  loc: accelerator_newone/components.cpp:684
.preheader3.preheader:3  %tmp_346 = call i8 @_ssdm_op_BitConcatenate.i8.i7.i1(i7 %tmp, i1 false)

ST_2: p_shl3_cast (16)  [1/1] 0.00ns  loc: accelerator_newone/components.cpp:687
.preheader3.preheader:4  %p_shl3_cast = zext i8 %tmp_346 to i11

ST_2: tmp_347 (17)  [1/1] 2.32ns  loc: accelerator_newone/components.cpp:687
.preheader3.preheader:5  %tmp_347 = sub i11 %p_shl2_cast, %p_shl3_cast

ST_2: tmp_439_cast (18)  [1/1] 0.00ns  loc: accelerator_newone/components.cpp:687
.preheader3.preheader:6  %tmp_439_cast = sext i11 %tmp_347 to i12

ST_2: tmp_348 (19)  [1/1] 0.00ns  loc: accelerator_newone/components.cpp:684
.preheader3.preheader:7  %tmp_348 = call i11 @_ssdm_op_BitConcatenate.i11.i8.i3(i8 %co, i3 0)

ST_2: p_shl_cast (20)  [1/1] 0.00ns  loc: accelerator_newone/components.cpp:684
.preheader3.preheader:8  %p_shl_cast = zext i11 %tmp_348 to i12

ST_2: tmp_349 (21)  [1/1] 0.00ns  loc: accelerator_newone/components.cpp:684
.preheader3.preheader:9  %tmp_349 = call i9 @_ssdm_op_BitConcatenate.i9.i8.i1(i8 %co, i1 false)

ST_2: p_shl1_cast (22)  [1/1] 0.00ns  loc: accelerator_newone/components.cpp:687
.preheader3.preheader:10  %p_shl1_cast = zext i9 %tmp_349 to i12

ST_2: tmp_350 (23)  [1/1] 2.33ns  loc: accelerator_newone/components.cpp:687
.preheader3.preheader:11  %tmp_350 = sub i12 %p_shl_cast, %p_shl1_cast

ST_2: tmp_442_cast (24)  [1/1] 0.00ns  loc: accelerator_newone/components.cpp:687
.preheader3.preheader:12  %tmp_442_cast = sext i12 %tmp_350 to i13

ST_2: StgValue_26 (25)  [1/1] 1.59ns  loc: accelerator_newone/components.cpp:685
.preheader3.preheader:13  br label %.preheader3

ST_2: StgValue_27 (73)  [1/1] 0.00ns  loc: accelerator_newone/components.cpp:692
:0  ret void


 <State 3>: 4.67ns
ST_3: h (27)  [1/1] 0.00ns
.preheader3:0  %h = phi i3 [ 0, %.preheader3.preheader ], [ %h_33, %.preheader3.loopexit ]

ST_3: exitcond1 (28)  [1/1] 2.07ns  loc: accelerator_newone/components.cpp:685
.preheader3:1  %exitcond1 = icmp eq i3 %h, -2

ST_3: empty_112 (29)  [1/1] 0.00ns
.preheader3:2  %empty_112 = call i32 (...)* @_ssdm_op_SpecLoopTripCount(i64 6, i64 6, i64 6)

ST_3: h_33 (30)  [1/1] 2.26ns  loc: accelerator_newone/components.cpp:685
.preheader3:3  %h_33 = add i3 %h, 1

ST_3: StgValue_32 (31)  [1/1] 0.00ns  loc: accelerator_newone/components.cpp:685
.preheader3:4  br i1 %exitcond1, label %.loopexit.loopexit, label %.preheader.preheader

ST_3: tmp_cast9 (33)  [1/1] 0.00ns  loc: accelerator_newone/components.cpp:687
.preheader.preheader:0  %tmp_cast9 = zext i3 %h to i13

ST_3: tmp_cast (34)  [1/1] 0.00ns  loc: accelerator_newone/components.cpp:687
.preheader.preheader:1  %tmp_cast = zext i3 %h to i12

ST_3: tmp_351 (35)  [1/1] 2.33ns  loc: accelerator_newone/components.cpp:687
.preheader.preheader:2  %tmp_351 = add i12 %tmp_cast, %tmp_439_cast

ST_3: tmp_328 (36)  [1/1] 0.00ns  loc: accelerator_newone/components.cpp:687
.preheader.preheader:3  %tmp_328 = trunc i12 %tmp_351 to i10

ST_3: p_shl6_cast (37)  [1/1] 0.00ns  loc: accelerator_newone/components.cpp:687
.preheader.preheader:4  %p_shl6_cast = call i13 @_ssdm_op_BitConcatenate.i13.i10.i3(i10 %tmp_328, i3 0)

ST_3: p_shl7_cast (38)  [1/1] 0.00ns  loc: accelerator_newone/components.cpp:687
.preheader.preheader:5  %p_shl7_cast = call i13 @_ssdm_op_BitConcatenate.i13.i12.i1(i12 %tmp_351, i1 false)

ST_3: tmp_352 (39)  [1/1] 2.34ns  loc: accelerator_newone/components.cpp:687
.preheader.preheader:6  %tmp_352 = sub i13 %p_shl6_cast, %p_shl7_cast

ST_3: tmp_353 (40)  [1/1] 2.33ns  loc: accelerator_newone/components.cpp:687
.preheader.preheader:7  %tmp_353 = add i13 %tmp_cast9, %tmp_442_cast

ST_3: tmp_329 (41)  [1/1] 0.00ns  loc: accelerator_newone/components.cpp:687
.preheader.preheader:8  %tmp_329 = trunc i13 %tmp_353 to i11

ST_3: p_shl4_cast (42)  [1/1] 0.00ns  loc: accelerator_newone/components.cpp:687
.preheader.preheader:9  %p_shl4_cast = call i14 @_ssdm_op_BitConcatenate.i14.i11.i3(i11 %tmp_329, i3 0)

ST_3: p_shl5_cast (43)  [1/1] 0.00ns  loc: accelerator_newone/components.cpp:687
.preheader.preheader:10  %p_shl5_cast = call i14 @_ssdm_op_BitConcatenate.i14.i13.i1(i13 %tmp_353, i1 false)

ST_3: tmp_354 (44)  [1/1] 2.34ns  loc: accelerator_newone/components.cpp:687
.preheader.preheader:11  %tmp_354 = sub i14 %p_shl4_cast, %p_shl5_cast

ST_3: StgValue_45 (45)  [1/1] 1.59ns  loc: accelerator_newone/components.cpp:686
.preheader.preheader:12  br label %.preheader

ST_3: StgValue_46 (71)  [1/1] 0.00ns
.loopexit.loopexit:0  br label %.loopexit


 <State 4>: 5.59ns
ST_4: w (47)  [1/1] 0.00ns
.preheader:0  %w = phi i3 [ %w_33, %._crit_edge ], [ 0, %.preheader.preheader ]

ST_4: exitcond (48)  [1/1] 2.07ns  loc: accelerator_newone/components.cpp:686
.preheader:1  %exitcond = icmp eq i3 %w, -2

ST_4: empty_113 (49)  [1/1] 0.00ns
.preheader:2  %empty_113 = call i32 (...)* @_ssdm_op_SpecLoopTripCount(i64 6, i64 6, i64 6)

ST_4: w_33 (50)  [1/1] 2.26ns  loc: accelerator_newone/components.cpp:686
.preheader:3  %w_33 = add i3 %w, 1

ST_4: StgValue_51 (51)  [1/1] 0.00ns  loc: accelerator_newone/components.cpp:686
.preheader:4  br i1 %exitcond, label %.preheader3.loopexit, label %1

ST_4: StgValue_52 (53)  [1/1] 0.00ns  loc: accelerator_newone/components.cpp:687
:0  br i1 %tmp_327, label %._crit_edge, label %2

ST_4: tmp_129_cast8 (55)  [1/1] 0.00ns  loc: accelerator_newone/components.cpp:687
:0  %tmp_129_cast8 = zext i3 %w to i14

ST_4: tmp_129_cast (56)  [1/1] 0.00ns  loc: accelerator_newone/components.cpp:687
:1  %tmp_129_cast = zext i3 %w to i13

ST_4: tmp_355 (57)  [1/1] 2.34ns  loc: accelerator_newone/components.cpp:687
:2  %tmp_355 = add i13 %tmp_352, %tmp_129_cast

ST_4: tmp_451_cast (58)  [1/1] 0.00ns  loc: accelerator_newone/components.cpp:687
:3  %tmp_451_cast = zext i13 %tmp_355 to i64

ST_4: left_addr (59)  [1/1] 0.00ns  loc: accelerator_newone/components.cpp:687
:4  %left_addr = getelementptr [3456 x float]* %left_r, i64 0, i64 %tmp_451_cast

ST_4: tmp_356 (60)  [1/1] 2.34ns  loc: accelerator_newone/components.cpp:687
:5  %tmp_356 = add i14 %tmp_354, %tmp_129_cast8

ST_4: left_load (63)  [2/2] 3.25ns  loc: accelerator_newone/components.cpp:687
:8  %left_load = load float* %left_addr, align 4

ST_4: StgValue_60 (69)  [1/1] 0.00ns
.preheader3.loopexit:0  br label %.preheader3


 <State 5>: 6.51ns
ST_5: tmp_452_cast (61)  [1/1] 0.00ns  loc: accelerator_newone/components.cpp:687
:6  %tmp_452_cast = zext i14 %tmp_356 to i64

ST_5: output_addr (62)  [1/1] 0.00ns  loc: accelerator_newone/components.cpp:687
:7  %output_addr = getelementptr [6912 x float]* %output_r, i64 0, i64 %tmp_452_cast

ST_5: left_load (63)  [1/2] 3.25ns  loc: accelerator_newone/components.cpp:687
:8  %left_load = load float* %left_addr, align 4

ST_5: StgValue_64 (64)  [1/1] 3.25ns  loc: accelerator_newone/components.cpp:687
:9  store float %left_load, float* %output_addr, align 4

ST_5: StgValue_65 (65)  [1/1] 0.00ns  loc: accelerator_newone/components.cpp:687
:10  br label %._crit_edge

ST_5: StgValue_66 (67)  [1/1] 0.00ns  loc: accelerator_newone/components.cpp:686
._crit_edge:0  br label %.preheader



============================================================
+ Verbose Summary: Timing violations
============================================================
Target clock period: 10ns, clock uncertainty: 1.25ns.

 <State 1>: 1.59ns
The critical path consists of the following:
	multiplexor before 'phi' operation ('co') with incoming values : ('co', accelerator_newone/components.cpp:684) [5]  (1.59 ns)

 <State 2>: 2.91ns
The critical path consists of the following:
	'phi' operation ('co') with incoming values : ('co', accelerator_newone/components.cpp:684) [5]  (0 ns)
	'icmp' operation ('exitcond2', accelerator_newone/components.cpp:684) [7]  (2.91 ns)

 <State 3>: 4.67ns
The critical path consists of the following:
	'phi' operation ('h') with incoming values : ('h', accelerator_newone/components.cpp:685) [27]  (0 ns)
	'add' operation ('tmp_353', accelerator_newone/components.cpp:687) [40]  (2.33 ns)
	'sub' operation ('tmp_354', accelerator_newone/components.cpp:687) [44]  (2.34 ns)

 <State 4>: 5.59ns
The critical path consists of the following:
	'phi' operation ('w') with incoming values : ('w', accelerator_newone/components.cpp:686) [47]  (0 ns)
	'add' operation ('tmp_355', accelerator_newone/components.cpp:687) [57]  (2.34 ns)
	'getelementptr' operation ('left_addr', accelerator_newone/components.cpp:687) [59]  (0 ns)
	'load' operation ('left_load', accelerator_newone/components.cpp:687) on array 'left_r' [63]  (3.25 ns)

 <State 5>: 6.51ns
The critical path consists of the following:
	'load' operation ('left_load', accelerator_newone/components.cpp:687) on array 'left_r' [63]  (3.25 ns)
	'store' operation (accelerator_newone/components.cpp:687) of variable 'left_load', accelerator_newone/components.cpp:687 on array 'output_r' [64]  (3.25 ns)


============================================================
+ Verbose Summary: Binding
============================================================
N/A
* FSMD analyzer results:
  - Output states:
 - Input state : 
  - Chain level:
	State 1
	State 2
	State 3
	State 4
	State 5


============================================================
+ Verbose Summary: Datapath Resource usage 
============================================================
N/A
