

================================================================
== Vivado HLS Report for 'subconv_3x3_16_strid'
================================================================
* Date:           Fri Dec 14 14:26:15 2018

* Version:        2017.2 (Build 1909853 on Thu Jun 15 18:55:24 MDT 2017)
* Project:        accelerator_newone
* Solution:       solution1
* Product family: zynq
* Target device:  xc7z020clg484-1


================================================================
== Performance Estimates
================================================================
+ Timing (ns): 
    * Summary: 
    +--------+-------+----------+------------+
    |  Clock | Target| Estimated| Uncertainty|
    +--------+-------+----------+------------+
    |ap_clk  |  10.00|      7.94|        1.25|
    +--------+-------+----------+------------+

+ Latency (clock cycles): 
    * Summary: 
    +--------+--------+--------+--------+---------+
    |     Latency     |     Interval    | Pipeline|
    |   min  |   max  |   min  |   max  |   Type  |
    +--------+--------+--------+--------+---------+
    |  358082|  358082|  358082|  358082|   none  |
    +--------+--------+--------+--------+---------+

    + Detail: 
        * Instance: 
        N/A

        * Loop: 
        +-------------------------+--------+--------+----------+-----------+-----------+------+----------+
        |                         |     Latency     | Iteration|  Initiation Interval  | Trip |          |
        |        Loop Name        |   min  |   max  |  Latency |  achieved |   target  | Count| Pipelined|
        +-------------------------+--------+--------+----------+-----------+-----------+------+----------+
        |- Loop 1                 |    7008|    7008|       146|          -|          -|    48|    no    |
        | + Loop 1.1              |     144|     144|        18|          -|          -|     8|    no    |
        |  ++ Loop 1.1.1          |      16|      16|         2|          -|          -|     8|    no    |
        |- Loop 2                 |  351072|  351072|      7314|          -|          -|    48|    no    |
        | + Loop 2.1              |    7312|    7312|       914|          -|          -|     8|    no    |
        |  ++ Loop 2.1.1          |     912|     912|       114|          -|          -|     8|    no    |
        |   +++ Loop 2.1.1.1      |     105|     105|        35|          -|          -|     3|    no    |
        |    ++++ Loop 2.1.1.1.1  |      33|      33|        11|          -|          -|     3|    no    |
        +-------------------------+--------+--------+----------+-----------+-----------+------+----------+

============================================================
+ Verbose Summary: Synthesis Manager
============================================================
InlineROM: 1
ExposeGlobal: 0
============================================================
+ Verbose Summary: CDFG Model
============================================================
IsTopModel: 0
ResetActiveHigh: 1
IsCombinational: 0
IsDatapathOnly: 0
HasWiredReturn: 1
HasMFsm: 0
HasVarLatency: 1
IsPipeline: 0
IsRtlPipelined: 0
IsInstanceOverlapped: 0
IsDontTouch: 0
HasImplIP: 0
IsGatedGlobalClock: 0


============================================================
+ Verbose Summary: Schedule
============================================================
* Number of FSM states: 27
* Pipeline: 0
* Dataflow Pipeline: 0

* FSM state transitions: 
1 --> 
	2  / true
2 --> 
	3  / (!exitcond7)
	6  / (exitcond7)
3 --> 
	4  / (!exitcond6)
	2  / (exitcond6)
4 --> 
	5  / (!exitcond5)
	3  / (exitcond5)
5 --> 
	4  / true
6 --> 
	7  / (!exitcond4)
7 --> 
	8  / (!exitcond3)
	6  / (exitcond3)
8 --> 
	9  / (!exitcond2)
	7  / (exitcond2)
9 --> 
	21  / (exitcond1)
	10  / (!exitcond1)
10 --> 
	11  / (!exitcond)
	9  / (exitcond)
11 --> 
	12  / true
12 --> 
	13  / true
13 --> 
	14  / true
14 --> 
	15  / true
15 --> 
	16  / true
16 --> 
	17  / true
17 --> 
	18  / true
18 --> 
	19  / true
19 --> 
	20  / true
20 --> 
	10  / true
21 --> 
	22  / true
22 --> 
	23  / true
23 --> 
	24  / true
24 --> 
	25  / true
25 --> 
	26  / true
26 --> 
	27  / true
27 --> 
	8  / true
* FSM state operations: 

 <State 1>: 1.59ns
ST_1: StgValue_28 (5)  [1/1] 1.59ns  loc: accelerator_newone/components.cpp:368
:0  br label %.loopexit


 <State 2>: 3.88ns
ST_2: co (7)  [1/1] 0.00ns
.loopexit:0  %co = phi i6 [ 0, %0 ], [ %co_9, %.loopexit.loopexit ]

ST_2: exitcond7 (8)  [1/1] 3.88ns  loc: accelerator_newone/components.cpp:368
.loopexit:1  %exitcond7 = icmp eq i6 %co, -16

ST_2: empty (9)  [1/1] 0.00ns
.loopexit:2  %empty = call i32 (...)* @_ssdm_op_SpecLoopTripCount(i64 48, i64 48, i64 48)

ST_2: co_9 (10)  [1/1] 2.31ns  loc: accelerator_newone/components.cpp:368
.loopexit:3  %co_9 = add i6 %co, 1

ST_2: StgValue_33 (11)  [1/1] 0.00ns  loc: accelerator_newone/components.cpp:368
.loopexit:4  br i1 %exitcond7, label %.preheader11.preheader, label %.preheader13.preheader

ST_2: tmp (13)  [1/1] 0.00ns  loc: accelerator_newone/components.cpp:371
.preheader13.preheader:0  %tmp = zext i6 %co to i64

ST_2: tmp_s (14)  [1/1] 0.00ns  loc: accelerator_newone/components.cpp:368
.preheader13.preheader:1  %tmp_s = call i9 @_ssdm_op_BitConcatenate.i9.i6.i3(i6 %co, i3 0)

ST_2: p_shl_cast (15)  [1/1] 0.00ns  loc: accelerator_newone/components.cpp:368
.preheader13.preheader:2  %p_shl_cast = zext i9 %tmp_s to i10

ST_2: tmp_97 (16)  [1/1] 0.00ns  loc: accelerator_newone/components.cpp:368
.preheader13.preheader:3  %tmp_97 = call i7 @_ssdm_op_BitConcatenate.i7.i6.i1(i6 %co, i1 false)

ST_2: p_shl1_cast (17)  [1/1] 0.00ns  loc: accelerator_newone/components.cpp:371
.preheader13.preheader:4  %p_shl1_cast = zext i7 %tmp_97 to i10

ST_2: tmp_98 (18)  [1/1] 2.32ns  loc: accelerator_newone/components.cpp:371
.preheader13.preheader:5  %tmp_98 = add i10 %p_shl1_cast, %p_shl_cast

ST_2: bias_addr (19)  [1/1] 0.00ns  loc: accelerator_newone/components.cpp:371
.preheader13.preheader:6  %bias_addr = getelementptr [48 x float]* %bias, i64 0, i64 %tmp

ST_2: StgValue_41 (20)  [1/1] 1.59ns  loc: accelerator_newone/components.cpp:369
.preheader13.preheader:7  br label %.preheader13

ST_2: StgValue_42 (55)  [1/1] 1.59ns  loc: accelerator_newone/components.cpp:376
.preheader11.preheader:0  br label %.preheader11


 <State 3>: 4.66ns
ST_3: h (22)  [1/1] 0.00ns
.preheader13:0  %h = phi i4 [ %h_9, %2 ], [ 1, %.preheader13.preheader ]

ST_3: exitcond6 (23)  [1/1] 3.10ns  loc: accelerator_newone/components.cpp:369
.preheader13:1  %exitcond6 = icmp eq i4 %h, -7

ST_3: empty_40 (24)  [1/1] 0.00ns
.preheader13:2  %empty_40 = call i32 (...)* @_ssdm_op_SpecLoopTripCount(i64 8, i64 8, i64 8)

ST_3: StgValue_46 (25)  [1/1] 0.00ns  loc: accelerator_newone/components.cpp:369
.preheader13:3  br i1 %exitcond6, label %.loopexit.loopexit, label %.preheader12.preheader

ST_3: tmp_53_cast (27)  [1/1] 0.00ns  loc: accelerator_newone/components.cpp:371
.preheader12.preheader:0  %tmp_53_cast = zext i4 %h to i10

ST_3: tmp_106 (28)  [1/1] 2.32ns  loc: accelerator_newone/components.cpp:371
.preheader12.preheader:1  %tmp_106 = add i10 %tmp_53_cast, %tmp_98

ST_3: tmp_94 (29)  [1/1] 0.00ns  loc: accelerator_newone/components.cpp:371
.preheader12.preheader:2  %tmp_94 = call i13 @_ssdm_op_BitConcatenate.i13.i10.i3(i10 %tmp_106, i3 0)

ST_3: p_shl2_cast (30)  [1/1] 0.00ns  loc: accelerator_newone/components.cpp:371
.preheader12.preheader:3  %p_shl2_cast = zext i13 %tmp_94 to i14

ST_3: tmp_95 (31)  [1/1] 0.00ns  loc: accelerator_newone/components.cpp:371
.preheader12.preheader:4  %tmp_95 = call i11 @_ssdm_op_BitConcatenate.i11.i10.i1(i10 %tmp_106, i1 false)

ST_3: p_shl3_cast (32)  [1/1] 0.00ns  loc: accelerator_newone/components.cpp:371
.preheader12.preheader:5  %p_shl3_cast = zext i11 %tmp_95 to i14

ST_3: tmp_107 (33)  [1/1] 2.34ns  loc: accelerator_newone/components.cpp:371
.preheader12.preheader:6  %tmp_107 = add i14 %p_shl2_cast, %p_shl3_cast

ST_3: StgValue_54 (34)  [1/1] 1.59ns  loc: accelerator_newone/components.cpp:370
.preheader12.preheader:7  br label %.preheader12

ST_3: StgValue_55 (53)  [1/1] 0.00ns
.loopexit.loopexit:0  br label %.loopexit


 <State 4>: 3.25ns
ST_4: w (36)  [1/1] 0.00ns
.preheader12:0  %w = phi i4 [ %w_9, %1 ], [ 1, %.preheader12.preheader ]

ST_4: exitcond5 (37)  [1/1] 3.10ns  loc: accelerator_newone/components.cpp:370
.preheader12:1  %exitcond5 = icmp eq i4 %w, -7

ST_4: empty_41 (38)  [1/1] 0.00ns
.preheader12:2  %empty_41 = call i32 (...)* @_ssdm_op_SpecLoopTripCount(i64 8, i64 8, i64 8)

ST_4: StgValue_59 (39)  [1/1] 0.00ns  loc: accelerator_newone/components.cpp:370
.preheader12:3  br i1 %exitcond5, label %2, label %1

ST_4: bias_load (41)  [2/2] 3.25ns  loc: accelerator_newone/components.cpp:371
:0  %bias_load = load float* %bias_addr, align 4

ST_4: tmp_56_cast (42)  [1/1] 0.00ns  loc: accelerator_newone/components.cpp:371
:1  %tmp_56_cast = zext i4 %w to i14

ST_4: tmp_111 (43)  [1/1] 2.34ns  loc: accelerator_newone/components.cpp:371
:2  %tmp_111 = add i14 %tmp_107, %tmp_56_cast

ST_4: w_9 (47)  [1/1] 2.35ns  loc: accelerator_newone/components.cpp:370
:6  %w_9 = add i4 %w, 1

ST_4: h_9 (50)  [1/1] 2.35ns  loc: accelerator_newone/components.cpp:369
:0  %h_9 = add i4 %h, 1

ST_4: StgValue_65 (51)  [1/1] 0.00ns  loc: accelerator_newone/components.cpp:369
:1  br label %.preheader13


 <State 5>: 6.51ns
ST_5: bias_load (41)  [1/2] 3.25ns  loc: accelerator_newone/components.cpp:371
:0  %bias_load = load float* %bias_addr, align 4

ST_5: tmp_148_cast (44)  [1/1] 0.00ns  loc: accelerator_newone/components.cpp:371
:3  %tmp_148_cast = zext i14 %tmp_111 to i64

ST_5: output_addr (45)  [1/1] 0.00ns  loc: accelerator_newone/components.cpp:371
:4  %output_addr = getelementptr [4800 x float]* %output_r, i64 0, i64 %tmp_148_cast

ST_5: StgValue_69 (46)  [1/1] 3.25ns  loc: accelerator_newone/components.cpp:371
:5  store float %bias_load, float* %output_addr, align 4

ST_5: StgValue_70 (48)  [1/1] 0.00ns  loc: accelerator_newone/components.cpp:370
:7  br label %.preheader12


 <State 6>: 3.88ns
ST_6: co1 (57)  [1/1] 0.00ns
.preheader11:0  %co1 = phi i6 [ %co_10, %.preheader11.loopexit ], [ 0, %.preheader11.preheader ]

ST_6: exitcond4 (58)  [1/1] 3.88ns  loc: accelerator_newone/components.cpp:376
.preheader11:1  %exitcond4 = icmp eq i6 %co1, -16

ST_6: empty_42 (59)  [1/1] 0.00ns
.preheader11:2  %empty_42 = call i32 (...)* @_ssdm_op_SpecLoopTripCount(i64 48, i64 48, i64 48)

ST_6: co_10 (60)  [1/1] 2.31ns  loc: accelerator_newone/components.cpp:376
.preheader11:3  %co_10 = add i6 %co1, 1

ST_6: StgValue_75 (61)  [1/1] 0.00ns  loc: accelerator_newone/components.cpp:376
.preheader11:4  br i1 %exitcond4, label %6, label %.preheader10.preheader

ST_6: tmp_cast (63)  [1/1] 0.00ns  loc: accelerator_newone/components.cpp:376
.preheader10.preheader:0  %tmp_cast = zext i6 %co1 to i9

ST_6: tmp_99 (64)  [1/1] 0.00ns  loc: accelerator_newone/components.cpp:376
.preheader10.preheader:1  %tmp_99 = call i10 @_ssdm_op_BitConcatenate.i10.i6.i4(i6 %co1, i4 0)

ST_6: p_shl7_cast (65)  [1/1] 0.00ns  loc: accelerator_newone/components.cpp:376
.preheader10.preheader:2  %p_shl7_cast = zext i10 %tmp_99 to i11

ST_6: tmp_100 (66)  [1/1] 0.00ns  loc: accelerator_newone/components.cpp:376
.preheader10.preheader:3  %tmp_100 = call i7 @_ssdm_op_BitConcatenate.i7.i6.i1(i6 %co1, i1 false)

ST_6: p_shl8_cast2 (67)  [1/1] 0.00ns  loc: accelerator_newone/components.cpp:382
.preheader10.preheader:4  %p_shl8_cast2 = zext i7 %tmp_100 to i10

ST_6: p_shl8_cast (68)  [1/1] 0.00ns  loc: accelerator_newone/components.cpp:382
.preheader10.preheader:5  %p_shl8_cast = zext i7 %tmp_100 to i11

ST_6: tmp_101 (69)  [1/1] 2.32ns  loc: accelerator_newone/components.cpp:382
.preheader10.preheader:6  %tmp_101 = add i11 %p_shl8_cast, %p_shl7_cast

ST_6: tmp_102 (70)  [1/1] 0.00ns  loc: accelerator_newone/components.cpp:376
.preheader10.preheader:7  %tmp_102 = call i8 @_ssdm_op_BitConcatenate.i8.i6.i2(i6 %co1, i2 0)

ST_6: p_shl6_cast (71)  [1/1] 0.00ns  loc: accelerator_newone/components.cpp:382
.preheader10.preheader:8  %p_shl6_cast = zext i8 %tmp_102 to i9

ST_6: tmp_103 (72)  [1/1] 2.32ns  loc: accelerator_newone/components.cpp:382
.preheader10.preheader:9  %tmp_103 = sub i9 %p_shl6_cast, %tmp_cast

ST_6: tmp_136_cast (73)  [1/1] 0.00ns  loc: accelerator_newone/components.cpp:382
.preheader10.preheader:10  %tmp_136_cast = sext i9 %tmp_103 to i10

ST_6: tmp_104 (74)  [1/1] 0.00ns  loc: accelerator_newone/components.cpp:376
.preheader10.preheader:11  %tmp_104 = call i9 @_ssdm_op_BitConcatenate.i9.i6.i3(i6 %co1, i3 0)

ST_6: p_shl4_cast (75)  [1/1] 0.00ns  loc: accelerator_newone/components.cpp:386
.preheader10.preheader:12  %p_shl4_cast = zext i9 %tmp_104 to i10

ST_6: tmp_105 (76)  [1/1] 2.32ns  loc: accelerator_newone/components.cpp:386
.preheader10.preheader:13  %tmp_105 = add i10 %p_shl8_cast2, %p_shl4_cast

ST_6: StgValue_90 (77)  [1/1] 1.59ns  loc: accelerator_newone/components.cpp:377
.preheader10.preheader:14  br label %.preheader10

ST_6: StgValue_91 (165)  [1/1] 0.00ns  loc: accelerator_newone/components.cpp:390
:0  ret void


 <State 7>: 4.66ns
ST_7: h2 (79)  [1/1] 0.00ns
.preheader10:0  %h2 = phi i4 [ %h_10, %5 ], [ 1, %.preheader10.preheader ]

ST_7: exitcond3 (80)  [1/1] 3.10ns  loc: accelerator_newone/components.cpp:377
.preheader10:1  %exitcond3 = icmp eq i4 %h2, -7

ST_7: empty_43 (81)  [1/1] 0.00ns
.preheader10:2  %empty_43 = call i32 (...)* @_ssdm_op_SpecLoopTripCount(i64 8, i64 8, i64 8)

ST_7: StgValue_95 (82)  [1/1] 0.00ns  loc: accelerator_newone/components.cpp:377
.preheader10:3  br i1 %exitcond3, label %.preheader11.loopexit, label %.preheader9.preheader

ST_7: tmp_54 (84)  [1/1] 0.00ns  loc: accelerator_newone/components.cpp:382
.preheader9.preheader:0  %tmp_54 = call i5 @_ssdm_op_BitConcatenate.i5.i4.i1(i4 %h2, i1 false)

ST_7: tmp_55_cast (85)  [1/1] 0.00ns  loc: accelerator_newone/components.cpp:386
.preheader9.preheader:1  %tmp_55_cast = zext i4 %h2 to i10

ST_7: tmp_108 (86)  [1/1] 2.32ns  loc: accelerator_newone/components.cpp:386
.preheader9.preheader:2  %tmp_108 = add i10 %tmp_105, %tmp_55_cast

ST_7: tmp_96 (87)  [1/1] 0.00ns  loc: accelerator_newone/components.cpp:386
.preheader9.preheader:3  %tmp_96 = call i13 @_ssdm_op_BitConcatenate.i13.i10.i3(i10 %tmp_108, i3 0)

ST_7: p_shl9_cast (88)  [1/1] 0.00ns  loc: accelerator_newone/components.cpp:386
.preheader9.preheader:4  %p_shl9_cast = zext i13 %tmp_96 to i14

ST_7: tmp_109 (89)  [1/1] 0.00ns  loc: accelerator_newone/components.cpp:386
.preheader9.preheader:5  %tmp_109 = call i11 @_ssdm_op_BitConcatenate.i11.i10.i1(i10 %tmp_108, i1 false)

ST_7: p_shl10_cast (90)  [1/1] 0.00ns  loc: accelerator_newone/components.cpp:386
.preheader9.preheader:6  %p_shl10_cast = zext i11 %tmp_109 to i14

ST_7: tmp_110 (91)  [1/1] 2.34ns  loc: accelerator_newone/components.cpp:386
.preheader9.preheader:7  %tmp_110 = add i14 %p_shl10_cast, %p_shl9_cast

ST_7: StgValue_104 (92)  [1/1] 1.59ns  loc: accelerator_newone/components.cpp:378
.preheader9.preheader:8  br label %.preheader9

ST_7: StgValue_105 (163)  [1/1] 0.00ns
.preheader11.loopexit:0  br label %.preheader11


 <State 8>: 3.10ns
ST_8: w3 (94)  [1/1] 0.00ns
.preheader9:0  %w3 = phi i4 [ %w_10, %4 ], [ 1, %.preheader9.preheader ]

ST_8: exitcond2 (95)  [1/1] 3.10ns  loc: accelerator_newone/components.cpp:378
.preheader9:1  %exitcond2 = icmp eq i4 %w3, -7

ST_8: empty_44 (96)  [1/1] 0.00ns
.preheader9:2  %empty_44 = call i32 (...)* @_ssdm_op_SpecLoopTripCount(i64 8, i64 8, i64 8)

ST_8: StgValue_109 (97)  [1/1] 0.00ns  loc: accelerator_newone/components.cpp:378
.preheader9:3  br i1 %exitcond2, label %5, label %.preheader8.preheader

ST_8: tmp_57 (99)  [1/1] 0.00ns  loc: accelerator_newone/components.cpp:382
.preheader8.preheader:0  %tmp_57 = call i5 @_ssdm_op_BitConcatenate.i5.i4.i1(i4 %w3, i1 false)

ST_8: StgValue_111 (100)  [1/1] 1.59ns  loc: accelerator_newone/components.cpp:380
.preheader8.preheader:1  br label %.preheader8

ST_8: h_10 (160)  [1/1] 2.35ns  loc: accelerator_newone/components.cpp:377
:0  %h_10 = add i4 %h2, 1

ST_8: StgValue_113 (161)  [1/1] 0.00ns  loc: accelerator_newone/components.cpp:377
:1  br label %.preheader10


 <State 9>: 7.01ns
ST_9: sum (102)  [1/1] 0.00ns  loc: accelerator_newone/components.cpp:382
.preheader8:0  %sum = phi float [ 0.000000e+00, %.preheader8.preheader ], [ %sum_1, %.preheader8.loopexit ]

ST_9: m (103)  [1/1] 0.00ns
.preheader8:1  %m = phi i2 [ 0, %.preheader8.preheader ], [ %m_5, %.preheader8.loopexit ]

ST_9: exitcond1 (104)  [1/1] 2.07ns  loc: accelerator_newone/components.cpp:380
.preheader8:2  %exitcond1 = icmp eq i2 %m, -1

ST_9: empty_45 (105)  [1/1] 0.00ns
.preheader8:3  %empty_45 = call i32 (...)* @_ssdm_op_SpecLoopTripCount(i64 3, i64 3, i64 3)

ST_9: m_5 (106)  [1/1] 2.17ns  loc: accelerator_newone/components.cpp:380
.preheader8:4  %m_5 = add i2 %m, 1

ST_9: StgValue_119 (107)  [1/1] 0.00ns  loc: accelerator_newone/components.cpp:380
.preheader8:5  br i1 %exitcond1, label %4, label %.preheader.preheader

ST_9: tmp_60_cast (109)  [1/1] 0.00ns  loc: accelerator_newone/components.cpp:382
.preheader.preheader:0  %tmp_60_cast = zext i2 %m to i10

ST_9: tmp_113 (110)  [1/1] 2.32ns  loc: accelerator_newone/components.cpp:382
.preheader.preheader:1  %tmp_113 = add i10 %tmp_136_cast, %tmp_60_cast

ST_9: tmp_114 (111)  [1/1] 0.00ns  loc: accelerator_newone/components.cpp:382 (grouped into LUT with out node tmp_115)
.preheader.preheader:2  %tmp_114 = shl i10 %tmp_113, 2

ST_9: tmp_115 (112)  [1/1] 2.32ns  loc: accelerator_newone/components.cpp:382 (out node of the LUT)
.preheader.preheader:3  %tmp_115 = sub i10 %tmp_114, %tmp_113

ST_9: tmp1 (113)  [1/1] 0.00ns  loc: accelerator_newone/components.cpp:382 (grouped into LUT with out node tmp_61)
.preheader.preheader:4  %tmp1 = xor i2 %m, -2

ST_9: tmp1_cast (114)  [1/1] 0.00ns  loc: accelerator_newone/components.cpp:382 (grouped into LUT with out node tmp_61)
.preheader.preheader:5  %tmp1_cast = sext i2 %tmp1 to i5

ST_9: tmp_61 (115)  [1/1] 2.33ns  loc: accelerator_newone/components.cpp:382 (out node of the LUT)
.preheader.preheader:6  %tmp_61 = add i5 %tmp_54, %tmp1_cast

ST_9: tmp_62_cast (116)  [1/1] 0.00ns  loc: accelerator_newone/components.cpp:382
.preheader.preheader:7  %tmp_62_cast = zext i5 %tmp_61 to i11

ST_9: tmp_116 (117)  [1/1] 2.33ns  loc: accelerator_newone/components.cpp:382
.preheader.preheader:8  %tmp_116 = add i11 %tmp_101, %tmp_62_cast

ST_9: p_shl11_cast (118)  [1/1] 0.00ns  loc: accelerator_newone/components.cpp:382
.preheader.preheader:9  %p_shl11_cast = call i15 @_ssdm_op_BitConcatenate.i15.i11.i4(i11 %tmp_116, i4 0)

ST_9: tmp_117 (119)  [1/1] 0.00ns  loc: accelerator_newone/components.cpp:382
.preheader.preheader:10  %tmp_117 = call i12 @_ssdm_op_BitConcatenate.i12.i11.i1(i11 %tmp_116, i1 false)

ST_9: p_shl12_cast (120)  [1/1] 0.00ns  loc: accelerator_newone/components.cpp:382
.preheader.preheader:11  %p_shl12_cast = zext i12 %tmp_117 to i15

ST_9: tmp_118 (121)  [1/1] 2.35ns  loc: accelerator_newone/components.cpp:382
.preheader.preheader:12  %tmp_118 = add i15 %p_shl12_cast, %p_shl11_cast

ST_9: StgValue_133 (122)  [1/1] 1.59ns  loc: accelerator_newone/components.cpp:381
.preheader.preheader:13  br label %.preheader

ST_9: tmp_58_cast (150)  [1/1] 0.00ns  loc: accelerator_newone/components.cpp:386
:0  %tmp_58_cast = zext i4 %w3 to i14

ST_9: tmp_112 (151)  [1/1] 2.34ns  loc: accelerator_newone/components.cpp:386
:1  %tmp_112 = add i14 %tmp_110, %tmp_58_cast

ST_9: tmp_149_cast (152)  [1/1] 0.00ns  loc: accelerator_newone/components.cpp:386
:2  %tmp_149_cast = zext i14 %tmp_112 to i64

ST_9: output_addr_5 (153)  [1/1] 0.00ns  loc: accelerator_newone/components.cpp:386
:3  %output_addr_5 = getelementptr [4800 x float]* %output_r, i64 0, i64 %tmp_149_cast

ST_9: output_load (154)  [2/2] 3.25ns  loc: accelerator_newone/components.cpp:386
:4  %output_load = load float* %output_addr_5, align 4

ST_9: w_10 (157)  [1/1] 2.35ns  loc: accelerator_newone/components.cpp:378
:7  %w_10 = add i4 %w3, 1


 <State 10>: 7.94ns
ST_10: sum_1 (124)  [1/1] 0.00ns
.preheader:0  %sum_1 = phi float [ %sum_6, %3 ], [ %sum, %.preheader.preheader ]

ST_10: n (125)  [1/1] 0.00ns
.preheader:1  %n = phi i2 [ %n_5, %3 ], [ 0, %.preheader.preheader ]

ST_10: exitcond (126)  [1/1] 2.07ns  loc: accelerator_newone/components.cpp:381
.preheader:2  %exitcond = icmp eq i2 %n, -1

ST_10: empty_46 (127)  [1/1] 0.00ns
.preheader:3  %empty_46 = call i32 (...)* @_ssdm_op_SpecLoopTripCount(i64 3, i64 3, i64 3)

ST_10: n_5 (128)  [1/1] 2.17ns  loc: accelerator_newone/components.cpp:381
.preheader:4  %n_5 = add i2 %n, 1

ST_10: StgValue_145 (129)  [1/1] 0.00ns  loc: accelerator_newone/components.cpp:381
.preheader:5  br i1 %exitcond, label %.preheader8.loopexit, label %3

ST_10: tmp_63_cast (131)  [1/1] 0.00ns  loc: accelerator_newone/components.cpp:382
:0  %tmp_63_cast = zext i2 %n to i10

ST_10: tmp_119 (132)  [1/1] 2.32ns  loc: accelerator_newone/components.cpp:382
:1  %tmp_119 = add i10 %tmp_115, %tmp_63_cast

ST_10: tmp_157_cast (133)  [1/1] 0.00ns  loc: accelerator_newone/components.cpp:382
:2  %tmp_157_cast = zext i10 %tmp_119 to i64

ST_10: weight_addr (134)  [1/1] 0.00ns  loc: accelerator_newone/components.cpp:382
:3  %weight_addr = getelementptr [432 x float]* %weight, i64 0, i64 %tmp_157_cast

ST_10: weight_load (135)  [2/2] 3.25ns  loc: accelerator_newone/components.cpp:382
:4  %weight_load = load float* %weight_addr, align 4

ST_10: tmp2 (136)  [1/1] 0.00ns  loc: accelerator_newone/components.cpp:382 (grouped into LUT with out node tmp_64)
:5  %tmp2 = xor i2 %n, -2

ST_10: tmp2_cast (137)  [1/1] 0.00ns  loc: accelerator_newone/components.cpp:382 (grouped into LUT with out node tmp_64)
:6  %tmp2_cast = sext i2 %tmp2 to i5

ST_10: tmp_64 (138)  [1/1] 2.33ns  loc: accelerator_newone/components.cpp:382 (out node of the LUT)
:7  %tmp_64 = add i5 %tmp_57, %tmp2_cast

ST_10: tmp_65_cast (139)  [1/1] 0.00ns  loc: accelerator_newone/components.cpp:382
:8  %tmp_65_cast = zext i5 %tmp_64 to i15

ST_10: tmp_120 (140)  [1/1] 2.35ns  loc: accelerator_newone/components.cpp:382
:9  %tmp_120 = add i15 %tmp_118, %tmp_65_cast

ST_10: tmp_158_cast (141)  [1/1] 0.00ns  loc: accelerator_newone/components.cpp:382
:10  %tmp_158_cast = zext i15 %tmp_120 to i64

ST_10: input_addr (142)  [1/1] 0.00ns  loc: accelerator_newone/components.cpp:382
:11  %input_addr = getelementptr [15552 x float]* %input_r, i64 0, i64 %tmp_158_cast

ST_10: input_load (143)  [2/2] 3.25ns  loc: accelerator_newone/components.cpp:382
:12  %input_load = load float* %input_addr, align 4

ST_10: StgValue_159 (148)  [1/1] 0.00ns
.preheader8.loopexit:0  br label %.preheader8


 <State 11>: 3.25ns
ST_11: weight_load (135)  [1/2] 3.25ns  loc: accelerator_newone/components.cpp:382
:4  %weight_load = load float* %weight_addr, align 4

ST_11: input_load (143)  [1/2] 3.25ns  loc: accelerator_newone/components.cpp:382
:12  %input_load = load float* %input_addr, align 4


 <State 12>: 5.70ns
ST_12: tmp_66 (144)  [4/4] 5.70ns  loc: accelerator_newone/components.cpp:382
:13  %tmp_66 = fmul float %weight_load, %input_load


 <State 13>: 5.70ns
ST_13: tmp_66 (144)  [3/4] 5.70ns  loc: accelerator_newone/components.cpp:382
:13  %tmp_66 = fmul float %weight_load, %input_load


 <State 14>: 5.70ns
ST_14: tmp_66 (144)  [2/4] 5.70ns  loc: accelerator_newone/components.cpp:382
:13  %tmp_66 = fmul float %weight_load, %input_load


 <State 15>: 5.70ns
ST_15: tmp_66 (144)  [1/4] 5.70ns  loc: accelerator_newone/components.cpp:382
:13  %tmp_66 = fmul float %weight_load, %input_load


 <State 16>: 7.26ns
ST_16: sum_6 (145)  [5/5] 7.26ns  loc: accelerator_newone/components.cpp:382
:14  %sum_6 = fadd float %sum_1, %tmp_66


 <State 17>: 7.26ns
ST_17: sum_6 (145)  [4/5] 7.26ns  loc: accelerator_newone/components.cpp:382
:14  %sum_6 = fadd float %sum_1, %tmp_66


 <State 18>: 7.26ns
ST_18: sum_6 (145)  [3/5] 7.26ns  loc: accelerator_newone/components.cpp:382
:14  %sum_6 = fadd float %sum_1, %tmp_66


 <State 19>: 7.26ns
ST_19: sum_6 (145)  [2/5] 7.26ns  loc: accelerator_newone/components.cpp:382
:14  %sum_6 = fadd float %sum_1, %tmp_66


 <State 20>: 7.26ns
ST_20: sum_6 (145)  [1/5] 7.26ns  loc: accelerator_newone/components.cpp:382
:14  %sum_6 = fadd float %sum_1, %tmp_66

ST_20: StgValue_171 (146)  [1/1] 0.00ns  loc: accelerator_newone/components.cpp:381
:15  br label %.preheader


 <State 21>: 3.25ns
ST_21: output_load (154)  [1/2] 3.25ns  loc: accelerator_newone/components.cpp:386
:4  %output_load = load float* %output_addr_5, align 4


 <State 22>: 7.26ns
ST_22: tmp_59 (155)  [5/5] 7.26ns  loc: accelerator_newone/components.cpp:386
:5  %tmp_59 = fadd float %output_load, %sum


 <State 23>: 7.26ns
ST_23: tmp_59 (155)  [4/5] 7.26ns  loc: accelerator_newone/components.cpp:386
:5  %tmp_59 = fadd float %output_load, %sum


 <State 24>: 7.26ns
ST_24: tmp_59 (155)  [3/5] 7.26ns  loc: accelerator_newone/components.cpp:386
:5  %tmp_59 = fadd float %output_load, %sum


 <State 25>: 7.26ns
ST_25: tmp_59 (155)  [2/5] 7.26ns  loc: accelerator_newone/components.cpp:386
:5  %tmp_59 = fadd float %output_load, %sum


 <State 26>: 7.26ns
ST_26: tmp_59 (155)  [1/5] 7.26ns  loc: accelerator_newone/components.cpp:386
:5  %tmp_59 = fadd float %output_load, %sum


 <State 27>: 3.25ns
ST_27: StgValue_178 (156)  [1/1] 3.25ns  loc: accelerator_newone/components.cpp:386
:6  store float %tmp_59, float* %output_addr_5, align 4

ST_27: StgValue_179 (158)  [1/1] 0.00ns  loc: accelerator_newone/components.cpp:378
:8  br label %.preheader9



============================================================
+ Verbose Summary: Timing violations
============================================================
Target clock period: 10ns, clock uncertainty: 1.25ns.

 <State 1>: 1.59ns
The critical path consists of the following:
	multiplexor before 'phi' operation ('co') with incoming values : ('co', accelerator_newone/components.cpp:368) [7]  (1.59 ns)

 <State 2>: 3.88ns
The critical path consists of the following:
	'phi' operation ('co') with incoming values : ('co', accelerator_newone/components.cpp:368) [7]  (0 ns)
	'icmp' operation ('exitcond7', accelerator_newone/components.cpp:368) [8]  (3.88 ns)

 <State 3>: 4.66ns
The critical path consists of the following:
	'phi' operation ('h') with incoming values : ('h', accelerator_newone/components.cpp:369) [22]  (0 ns)
	'add' operation ('tmp_106', accelerator_newone/components.cpp:371) [28]  (2.32 ns)
	'add' operation ('tmp_107', accelerator_newone/components.cpp:371) [33]  (2.34 ns)

 <State 4>: 3.25ns
The critical path consists of the following:
	'load' operation ('bias_load', accelerator_newone/components.cpp:371) on array 'bias' [41]  (3.25 ns)

 <State 5>: 6.51ns
The critical path consists of the following:
	'load' operation ('bias_load', accelerator_newone/components.cpp:371) on array 'bias' [41]  (3.25 ns)
	'store' operation (accelerator_newone/components.cpp:371) of variable 'bias_load', accelerator_newone/components.cpp:371 on array 'output_r' [46]  (3.25 ns)

 <State 6>: 3.88ns
The critical path consists of the following:
	'phi' operation ('co') with incoming values : ('co', accelerator_newone/components.cpp:376) [57]  (0 ns)
	'icmp' operation ('exitcond4', accelerator_newone/components.cpp:376) [58]  (3.88 ns)

 <State 7>: 4.66ns
The critical path consists of the following:
	'phi' operation ('h') with incoming values : ('h', accelerator_newone/components.cpp:377) [79]  (0 ns)
	'add' operation ('tmp_108', accelerator_newone/components.cpp:386) [86]  (2.32 ns)
	'add' operation ('tmp_110', accelerator_newone/components.cpp:386) [91]  (2.34 ns)

 <State 8>: 3.1ns
The critical path consists of the following:
	'phi' operation ('w') with incoming values : ('w', accelerator_newone/components.cpp:378) [94]  (0 ns)
	'icmp' operation ('exitcond2', accelerator_newone/components.cpp:378) [95]  (3.1 ns)

 <State 9>: 7.01ns
The critical path consists of the following:
	'phi' operation ('m') with incoming values : ('m', accelerator_newone/components.cpp:380) [103]  (0 ns)
	'xor' operation ('tmp1', accelerator_newone/components.cpp:382) [113]  (0 ns)
	'add' operation ('tmp_61', accelerator_newone/components.cpp:382) [115]  (2.33 ns)
	'add' operation ('tmp_116', accelerator_newone/components.cpp:382) [117]  (2.33 ns)
	'add' operation ('tmp_118', accelerator_newone/components.cpp:382) [121]  (2.35 ns)

 <State 10>: 7.94ns
The critical path consists of the following:
	'phi' operation ('n') with incoming values : ('n', accelerator_newone/components.cpp:381) [125]  (0 ns)
	'xor' operation ('tmp2', accelerator_newone/components.cpp:382) [136]  (0 ns)
	'add' operation ('tmp_64', accelerator_newone/components.cpp:382) [138]  (2.33 ns)
	'add' operation ('tmp_120', accelerator_newone/components.cpp:382) [140]  (2.35 ns)
	'getelementptr' operation ('input_addr', accelerator_newone/components.cpp:382) [142]  (0 ns)
	'load' operation ('input_load', accelerator_newone/components.cpp:382) on array 'input_r' [143]  (3.25 ns)

 <State 11>: 3.25ns
The critical path consists of the following:
	'load' operation ('weight_load', accelerator_newone/components.cpp:382) on array 'weight' [135]  (3.25 ns)

 <State 12>: 5.7ns
The critical path consists of the following:
	'fmul' operation ('tmp_66', accelerator_newone/components.cpp:382) [144]  (5.7 ns)

 <State 13>: 5.7ns
The critical path consists of the following:
	'fmul' operation ('tmp_66', accelerator_newone/components.cpp:382) [144]  (5.7 ns)

 <State 14>: 5.7ns
The critical path consists of the following:
	'fmul' operation ('tmp_66', accelerator_newone/components.cpp:382) [144]  (5.7 ns)

 <State 15>: 5.7ns
The critical path consists of the following:
	'fmul' operation ('tmp_66', accelerator_newone/components.cpp:382) [144]  (5.7 ns)

 <State 16>: 7.26ns
The critical path consists of the following:
	'fadd' operation ('sum', accelerator_newone/components.cpp:382) [145]  (7.26 ns)

 <State 17>: 7.26ns
The critical path consists of the following:
	'fadd' operation ('sum', accelerator_newone/components.cpp:382) [145]  (7.26 ns)

 <State 18>: 7.26ns
The critical path consists of the following:
	'fadd' operation ('sum', accelerator_newone/components.cpp:382) [145]  (7.26 ns)

 <State 19>: 7.26ns
The critical path consists of the following:
	'fadd' operation ('sum', accelerator_newone/components.cpp:382) [145]  (7.26 ns)

 <State 20>: 7.26ns
The critical path consists of the following:
	'fadd' operation ('sum', accelerator_newone/components.cpp:382) [145]  (7.26 ns)

 <State 21>: 3.25ns
The critical path consists of the following:
	'load' operation ('output_load', accelerator_newone/components.cpp:386) on array 'output_r' [154]  (3.25 ns)

 <State 22>: 7.26ns
The critical path consists of the following:
	'fadd' operation ('tmp_59', accelerator_newone/components.cpp:386) [155]  (7.26 ns)

 <State 23>: 7.26ns
The critical path consists of the following:
	'fadd' operation ('tmp_59', accelerator_newone/components.cpp:386) [155]  (7.26 ns)

 <State 24>: 7.26ns
The critical path consists of the following:
	'fadd' operation ('tmp_59', accelerator_newone/components.cpp:386) [155]  (7.26 ns)

 <State 25>: 7.26ns
The critical path consists of the following:
	'fadd' operation ('tmp_59', accelerator_newone/components.cpp:386) [155]  (7.26 ns)

 <State 26>: 7.26ns
The critical path consists of the following:
	'fadd' operation ('tmp_59', accelerator_newone/components.cpp:386) [155]  (7.26 ns)

 <State 27>: 3.25ns
The critical path consists of the following:
	'store' operation (accelerator_newone/components.cpp:386) of variable 'tmp_59', accelerator_newone/components.cpp:386 on array 'output_r' [156]  (3.25 ns)


============================================================
+ Verbose Summary: Binding
============================================================
N/A
* FSMD analyzer results:
  - Output states:
 - Input state : 
  - Chain level:
	State 1
	State 2
	State 3
	State 4
	State 5
	State 6
	State 7
	State 8
	State 9
	State 10
	State 11
	State 12
	State 13
	State 14
	State 15
	State 16
	State 17
	State 18
	State 19
	State 20
	State 21
	State 22
	State 23
	State 24
	State 25
	State 26
	State 27


============================================================
+ Verbose Summary: Datapath Resource usage 
============================================================
N/A
