

================================================================
== Vivado HLS Report for 'subconv_3x3_8_stride'
================================================================
* Date:           Fri Dec 14 14:26:17 2018

* Version:        2017.2 (Build 1909853 on Thu Jun 15 18:55:24 MDT 2017)
* Project:        accelerator_newone
* Solution:       solution1
* Product family: zynq
* Target device:  xc7z020clg484-1


================================================================
== Performance Estimates
================================================================
+ Timing (ns): 
    * Summary: 
    +--------+-------+----------+------------+
    |  Clock | Target| Estimated| Uncertainty|
    +--------+-------+----------+------------+
    |ap_clk  |  10.00|      7.96|        1.25|
    +--------+-------+----------+------------+

+ Latency (clock cycles): 
    * Summary: 
    +--------+--------+--------+--------+---------+
    |     Latency     |     Interval    | Pipeline|
    |   min  |   max  |   min  |   max  |   Type  |
    +--------+--------+--------+--------+---------+
    |  180098|  180098|  180098|  180098|   none  |
    +--------+--------+--------+--------+---------+

    + Detail: 
        * Instance: 
        N/A

        * Loop: 
        +-------------------------+--------+--------+----------+-----------+-----------+------+----------+
        |                         |     Latency     | Iteration|  Initiation Interval  | Trip |          |
        |        Loop Name        |   min  |   max  |  Latency |  achieved |   target  | Count| Pipelined|
        +-------------------------+--------+--------+----------+-----------+-----------+------+----------+
        |- Loop 1                 |    4032|    4032|        42|          -|          -|    96|    no    |
        | + Loop 1.1              |      40|      40|        10|          -|          -|     4|    no    |
        |  ++ Loop 1.1.1          |       8|       8|         2|          -|          -|     4|    no    |
        |- Loop 2                 |  176064|  176064|      1834|          -|          -|    96|    no    |
        | + Loop 2.1              |    1832|    1832|       458|          -|          -|     4|    no    |
        |  ++ Loop 2.1.1          |     456|     456|       114|          -|          -|     4|    no    |
        |   +++ Loop 2.1.1.1      |     105|     105|        35|          -|          -|     3|    no    |
        |    ++++ Loop 2.1.1.1.1  |      33|      33|        11|          -|          -|     3|    no    |
        +-------------------------+--------+--------+----------+-----------+-----------+------+----------+

============================================================
+ Verbose Summary: Synthesis Manager
============================================================
InlineROM: 1
ExposeGlobal: 0
============================================================
+ Verbose Summary: CDFG Model
============================================================
IsTopModel: 0
ResetActiveHigh: 1
IsCombinational: 0
IsDatapathOnly: 0
HasWiredReturn: 1
HasMFsm: 0
HasVarLatency: 1
IsPipeline: 0
IsRtlPipelined: 0
IsInstanceOverlapped: 0
IsDontTouch: 0
HasImplIP: 0
IsGatedGlobalClock: 0


============================================================
+ Verbose Summary: Schedule
============================================================
* Number of FSM states: 27
* Pipeline: 0
* Dataflow Pipeline: 0

* FSM state transitions: 
1 --> 
	2  / true
2 --> 
	3  / (!exitcond7)
	6  / (exitcond7)
3 --> 
	4  / (!exitcond6)
	2  / (exitcond6)
4 --> 
	5  / (!exitcond5)
	3  / (exitcond5)
5 --> 
	4  / true
6 --> 
	7  / (!exitcond4)
7 --> 
	8  / (!exitcond3)
	6  / (exitcond3)
8 --> 
	9  / (!exitcond2)
	7  / (exitcond2)
9 --> 
	21  / (exitcond1)
	10  / (!exitcond1)
10 --> 
	11  / (!exitcond)
	9  / (exitcond)
11 --> 
	12  / true
12 --> 
	13  / true
13 --> 
	14  / true
14 --> 
	15  / true
15 --> 
	16  / true
16 --> 
	17  / true
17 --> 
	18  / true
18 --> 
	19  / true
19 --> 
	20  / true
20 --> 
	10  / true
21 --> 
	22  / true
22 --> 
	23  / true
23 --> 
	24  / true
24 --> 
	25  / true
25 --> 
	26  / true
26 --> 
	27  / true
27 --> 
	8  / true
* FSM state operations: 

 <State 1>: 1.59ns
ST_1: StgValue_28 (5)  [1/1] 1.59ns  loc: accelerator_newone/components.cpp:612
:0  br label %.loopexit


 <State 2>: 2.91ns
ST_2: co (7)  [1/1] 0.00ns
.loopexit:0  %co = phi i7 [ 0, %0 ], [ %co_1, %.loopexit.loopexit ]

ST_2: exitcond7 (8)  [1/1] 2.91ns  loc: accelerator_newone/components.cpp:612
.loopexit:1  %exitcond7 = icmp eq i7 %co, -32

ST_2: empty (9)  [1/1] 0.00ns
.loopexit:2  %empty = call i32 (...)* @_ssdm_op_SpecLoopTripCount(i64 96, i64 96, i64 96)

ST_2: co_1 (10)  [1/1] 2.32ns  loc: accelerator_newone/components.cpp:612
.loopexit:3  %co_1 = add i7 %co, 1

ST_2: StgValue_33 (11)  [1/1] 0.00ns  loc: accelerator_newone/components.cpp:612
.loopexit:4  br i1 %exitcond7, label %.preheader11.preheader, label %.preheader13.preheader

ST_2: tmp (13)  [1/1] 0.00ns  loc: accelerator_newone/components.cpp:615
.preheader13.preheader:0  %tmp = zext i7 %co to i64

ST_2: tmp_1 (14)  [1/1] 0.00ns  loc: accelerator_newone/components.cpp:612
.preheader13.preheader:1  %tmp_1 = call i10 @_ssdm_op_BitConcatenate.i10.i7.i3(i7 %co, i3 0)

ST_2: p_shl_cast (15)  [1/1] 0.00ns  loc: accelerator_newone/components.cpp:612
.preheader13.preheader:2  %p_shl_cast = zext i10 %tmp_1 to i11

ST_2: tmp_2 (16)  [1/1] 0.00ns  loc: accelerator_newone/components.cpp:612
.preheader13.preheader:3  %tmp_2 = call i8 @_ssdm_op_BitConcatenate.i8.i7.i1(i7 %co, i1 false)

ST_2: p_shl1_cast (17)  [1/1] 0.00ns  loc: accelerator_newone/components.cpp:615
.preheader13.preheader:4  %p_shl1_cast = zext i8 %tmp_2 to i11

ST_2: tmp_3 (18)  [1/1] 2.32ns  loc: accelerator_newone/components.cpp:615
.preheader13.preheader:5  %tmp_3 = sub i11 %p_shl_cast, %p_shl1_cast

ST_2: tmp_17_cast (19)  [1/1] 0.00ns  loc: accelerator_newone/components.cpp:615
.preheader13.preheader:6  %tmp_17_cast = sext i11 %tmp_3 to i12

ST_2: bias_addr (20)  [1/1] 0.00ns  loc: accelerator_newone/components.cpp:615
.preheader13.preheader:7  %bias_addr = getelementptr [96 x float]* %bias, i64 0, i64 %tmp

ST_2: StgValue_42 (21)  [1/1] 1.59ns  loc: accelerator_newone/components.cpp:613
.preheader13.preheader:8  br label %.preheader13

ST_2: StgValue_43 (55)  [1/1] 1.59ns  loc: accelerator_newone/components.cpp:620
.preheader11.preheader:0  br label %.preheader11


 <State 3>: 4.66ns
ST_3: h (23)  [1/1] 0.00ns
.preheader13:0  %h = phi i3 [ %h_1, %2 ], [ 1, %.preheader13.preheader ]

ST_3: exitcond6 (24)  [1/1] 2.07ns  loc: accelerator_newone/components.cpp:613
.preheader13:1  %exitcond6 = icmp eq i3 %h, -3

ST_3: empty_12 (25)  [1/1] 0.00ns
.preheader13:2  %empty_12 = call i32 (...)* @_ssdm_op_SpecLoopTripCount(i64 4, i64 4, i64 4)

ST_3: StgValue_47 (26)  [1/1] 0.00ns  loc: accelerator_newone/components.cpp:613
.preheader13:3  br i1 %exitcond6, label %.loopexit.loopexit, label %.preheader12.preheader

ST_3: tmp_3_cast (28)  [1/1] 0.00ns  loc: accelerator_newone/components.cpp:615
.preheader12.preheader:0  %tmp_3_cast = zext i3 %h to i12

ST_3: tmp_15 (29)  [1/1] 2.33ns  loc: accelerator_newone/components.cpp:615
.preheader12.preheader:1  %tmp_15 = add i12 %tmp_3_cast, %tmp_17_cast

ST_3: tmp_16 (30)  [1/1] 0.00ns  loc: accelerator_newone/components.cpp:615
.preheader12.preheader:2  %tmp_16 = trunc i12 %tmp_15 to i10

ST_3: p_shl2_cast (31)  [1/1] 0.00ns  loc: accelerator_newone/components.cpp:615
.preheader12.preheader:3  %p_shl2_cast = call i13 @_ssdm_op_BitConcatenate.i13.i10.i3(i10 %tmp_16, i3 0)

ST_3: p_shl3_cast (32)  [1/1] 0.00ns  loc: accelerator_newone/components.cpp:615
.preheader12.preheader:4  %p_shl3_cast = call i13 @_ssdm_op_BitConcatenate.i13.i12.i1(i12 %tmp_15, i1 false)

ST_3: tmp_17 (33)  [1/1] 2.34ns  loc: accelerator_newone/components.cpp:615
.preheader12.preheader:5  %tmp_17 = sub i13 %p_shl2_cast, %p_shl3_cast

ST_3: StgValue_54 (34)  [1/1] 1.59ns  loc: accelerator_newone/components.cpp:614
.preheader12.preheader:6  br label %.preheader12

ST_3: StgValue_55 (53)  [1/1] 0.00ns
.loopexit.loopexit:0  br label %.loopexit


 <State 4>: 3.25ns
ST_4: w (36)  [1/1] 0.00ns
.preheader12:0  %w = phi i3 [ %w_1, %1 ], [ 1, %.preheader12.preheader ]

ST_4: exitcond5 (37)  [1/1] 2.07ns  loc: accelerator_newone/components.cpp:614
.preheader12:1  %exitcond5 = icmp eq i3 %w, -3

ST_4: empty_13 (38)  [1/1] 0.00ns
.preheader12:2  %empty_13 = call i32 (...)* @_ssdm_op_SpecLoopTripCount(i64 4, i64 4, i64 4)

ST_4: StgValue_59 (39)  [1/1] 0.00ns  loc: accelerator_newone/components.cpp:614
.preheader12:3  br i1 %exitcond5, label %2, label %1

ST_4: bias_load (41)  [2/2] 3.25ns  loc: accelerator_newone/components.cpp:615
:0  %bias_load = load float* %bias_addr, align 4

ST_4: tmp_8_cast (42)  [1/1] 0.00ns  loc: accelerator_newone/components.cpp:615
:1  %tmp_8_cast = zext i3 %w to i13

ST_4: tmp_21 (43)  [1/1] 2.34ns  loc: accelerator_newone/components.cpp:615
:2  %tmp_21 = add i13 %tmp_17, %tmp_8_cast

ST_4: w_1 (47)  [1/1] 2.26ns  loc: accelerator_newone/components.cpp:614
:6  %w_1 = add i3 %w, 1

ST_4: h_1 (50)  [1/1] 2.26ns  loc: accelerator_newone/components.cpp:613
:0  %h_1 = add i3 %h, 1

ST_4: StgValue_65 (51)  [1/1] 0.00ns  loc: accelerator_newone/components.cpp:613
:1  br label %.preheader13


 <State 5>: 6.51ns
ST_5: bias_load (41)  [1/2] 3.25ns  loc: accelerator_newone/components.cpp:615
:0  %bias_load = load float* %bias_addr, align 4

ST_5: tmp_34_cast (44)  [1/1] 0.00ns  loc: accelerator_newone/components.cpp:615
:3  %tmp_34_cast = zext i13 %tmp_21 to i64

ST_5: output_addr (45)  [1/1] 0.00ns  loc: accelerator_newone/components.cpp:615
:4  %output_addr = getelementptr [3456 x float]* %output_r, i64 0, i64 %tmp_34_cast

ST_5: StgValue_69 (46)  [1/1] 3.25ns  loc: accelerator_newone/components.cpp:615
:5  store float %bias_load, float* %output_addr, align 4

ST_5: StgValue_70 (48)  [1/1] 0.00ns  loc: accelerator_newone/components.cpp:614
:7  br label %.preheader12


 <State 6>: 2.91ns
ST_6: co1 (57)  [1/1] 0.00ns
.preheader11:0  %co1 = phi i7 [ %co_2, %.preheader11.loopexit ], [ 0, %.preheader11.preheader ]

ST_6: exitcond4 (58)  [1/1] 2.91ns  loc: accelerator_newone/components.cpp:620
.preheader11:1  %exitcond4 = icmp eq i7 %co1, -32

ST_6: empty_14 (59)  [1/1] 0.00ns
.preheader11:2  %empty_14 = call i32 (...)* @_ssdm_op_SpecLoopTripCount(i64 96, i64 96, i64 96)

ST_6: co_2 (60)  [1/1] 2.32ns  loc: accelerator_newone/components.cpp:620
.preheader11:3  %co_2 = add i7 %co1, 1

ST_6: StgValue_75 (61)  [1/1] 0.00ns  loc: accelerator_newone/components.cpp:620
.preheader11:4  br i1 %exitcond4, label %6, label %.preheader10.preheader

ST_6: tmp_1_cast (63)  [1/1] 0.00ns  loc: accelerator_newone/components.cpp:620
.preheader10.preheader:0  %tmp_1_cast = zext i7 %co1 to i10

ST_6: tmp_6 (64)  [1/1] 0.00ns  loc: accelerator_newone/components.cpp:620
.preheader10.preheader:1  %tmp_6 = call i10 @_ssdm_op_BitConcatenate.i10.i7.i3(i7 %co1, i3 0)

ST_6: p_shl7_cast (65)  [1/1] 0.00ns  loc: accelerator_newone/components.cpp:620
.preheader10.preheader:2  %p_shl7_cast = zext i10 %tmp_6 to i11

ST_6: tmp_7 (66)  [1/1] 0.00ns  loc: accelerator_newone/components.cpp:620
.preheader10.preheader:3  %tmp_7 = call i8 @_ssdm_op_BitConcatenate.i8.i7.i1(i7 %co1, i1 false)

ST_6: p_shl8_cast (67)  [1/1] 0.00ns  loc: accelerator_newone/components.cpp:626
.preheader10.preheader:4  %p_shl8_cast = zext i8 %tmp_7 to i11

ST_6: tmp_8 (68)  [1/1] 2.32ns  loc: accelerator_newone/components.cpp:626
.preheader10.preheader:5  %tmp_8 = add i11 %p_shl8_cast, %p_shl7_cast

ST_6: tmp_10 (69)  [1/1] 0.00ns  loc: accelerator_newone/components.cpp:620
.preheader10.preheader:6  %tmp_10 = call i9 @_ssdm_op_BitConcatenate.i9.i7.i2(i7 %co1, i2 0)

ST_6: p_shl6_cast (70)  [1/1] 0.00ns  loc: accelerator_newone/components.cpp:626
.preheader10.preheader:7  %p_shl6_cast = zext i9 %tmp_10 to i10

ST_6: tmp_11 (71)  [1/1] 2.32ns  loc: accelerator_newone/components.cpp:626
.preheader10.preheader:8  %tmp_11 = sub i10 %p_shl6_cast, %tmp_1_cast

ST_6: tmp_22_cast (72)  [1/1] 0.00ns  loc: accelerator_newone/components.cpp:626
.preheader10.preheader:9  %tmp_22_cast = sext i10 %tmp_11 to i11

ST_6: tmp_13 (73)  [1/1] 2.32ns  loc: accelerator_newone/components.cpp:629
.preheader10.preheader:10  %tmp_13 = sub i11 %p_shl7_cast, %p_shl8_cast

ST_6: tmp_25_cast (74)  [1/1] 0.00ns  loc: accelerator_newone/components.cpp:629
.preheader10.preheader:11  %tmp_25_cast = sext i11 %tmp_13 to i12

ST_6: StgValue_88 (75)  [1/1] 1.59ns  loc: accelerator_newone/components.cpp:621
.preheader10.preheader:12  br label %.preheader10

ST_6: StgValue_89 (163)  [1/1] 0.00ns  loc: accelerator_newone/components.cpp:634
:0  ret void


 <State 7>: 4.66ns
ST_7: h2 (77)  [1/1] 0.00ns
.preheader10:0  %h2 = phi i3 [ %h_2, %5 ], [ 1, %.preheader10.preheader ]

ST_7: exitcond3 (78)  [1/1] 2.07ns  loc: accelerator_newone/components.cpp:621
.preheader10:1  %exitcond3 = icmp eq i3 %h2, -3

ST_7: empty_15 (79)  [1/1] 0.00ns
.preheader10:2  %empty_15 = call i32 (...)* @_ssdm_op_SpecLoopTripCount(i64 4, i64 4, i64 4)

ST_7: StgValue_93 (80)  [1/1] 0.00ns  loc: accelerator_newone/components.cpp:621
.preheader10:3  br i1 %exitcond3, label %.preheader11.loopexit, label %.preheader9.preheader

ST_7: tmp_5 (82)  [1/1] 0.00ns  loc: accelerator_newone/components.cpp:626
.preheader9.preheader:0  %tmp_5 = call i4 @_ssdm_op_BitConcatenate.i4.i3.i1(i3 %h2, i1 false)

ST_7: tmp_6_cast (83)  [1/1] 0.00ns  loc: accelerator_newone/components.cpp:629
.preheader9.preheader:1  %tmp_6_cast = zext i3 %h2 to i12

ST_7: tmp_18 (84)  [1/1] 2.33ns  loc: accelerator_newone/components.cpp:629
.preheader9.preheader:2  %tmp_18 = add i12 %tmp_25_cast, %tmp_6_cast

ST_7: tmp_19 (85)  [1/1] 0.00ns  loc: accelerator_newone/components.cpp:629
.preheader9.preheader:3  %tmp_19 = trunc i12 %tmp_18 to i10

ST_7: p_shl9_cast (86)  [1/1] 0.00ns  loc: accelerator_newone/components.cpp:629
.preheader9.preheader:4  %p_shl9_cast = call i13 @_ssdm_op_BitConcatenate.i13.i10.i3(i10 %tmp_19, i3 0)

ST_7: p_shl10_cast (87)  [1/1] 0.00ns  loc: accelerator_newone/components.cpp:629
.preheader9.preheader:5  %p_shl10_cast = call i13 @_ssdm_op_BitConcatenate.i13.i12.i1(i12 %tmp_18, i1 false)

ST_7: tmp_20 (88)  [1/1] 2.34ns  loc: accelerator_newone/components.cpp:629
.preheader9.preheader:6  %tmp_20 = sub i13 %p_shl9_cast, %p_shl10_cast

ST_7: StgValue_101 (89)  [1/1] 1.59ns  loc: accelerator_newone/components.cpp:622
.preheader9.preheader:7  br label %.preheader9

ST_7: StgValue_102 (161)  [1/1] 0.00ns
.preheader11.loopexit:0  br label %.preheader11


 <State 8>: 2.26ns
ST_8: w3 (91)  [1/1] 0.00ns
.preheader9:0  %w3 = phi i3 [ %w_2, %4 ], [ 1, %.preheader9.preheader ]

ST_8: exitcond2 (92)  [1/1] 2.07ns  loc: accelerator_newone/components.cpp:622
.preheader9:1  %exitcond2 = icmp eq i3 %w3, -3

ST_8: empty_16 (93)  [1/1] 0.00ns
.preheader9:2  %empty_16 = call i32 (...)* @_ssdm_op_SpecLoopTripCount(i64 4, i64 4, i64 4)

ST_8: StgValue_106 (94)  [1/1] 0.00ns  loc: accelerator_newone/components.cpp:622
.preheader9:3  br i1 %exitcond2, label %5, label %.preheader8.preheader

ST_8: tmp_s (96)  [1/1] 0.00ns  loc: accelerator_newone/components.cpp:626
.preheader8.preheader:0  %tmp_s = call i4 @_ssdm_op_BitConcatenate.i4.i3.i1(i3 %w3, i1 false)

ST_8: StgValue_108 (97)  [1/1] 1.59ns  loc: accelerator_newone/components.cpp:624
.preheader8.preheader:1  br label %.preheader8

ST_8: h_2 (158)  [1/1] 2.26ns  loc: accelerator_newone/components.cpp:621
:0  %h_2 = add i3 %h2, 1

ST_8: StgValue_110 (159)  [1/1] 0.00ns  loc: accelerator_newone/components.cpp:621
:1  br label %.preheader10


 <State 9>: 7.02ns
ST_9: sum (99)  [1/1] 0.00ns  loc: accelerator_newone/components.cpp:626
.preheader8:0  %sum = phi float [ 0.000000e+00, %.preheader8.preheader ], [ %sum_1, %.preheader8.loopexit ]

ST_9: m (100)  [1/1] 0.00ns
.preheader8:1  %m = phi i2 [ 0, %.preheader8.preheader ], [ %m_1, %.preheader8.loopexit ]

ST_9: exitcond1 (101)  [1/1] 2.07ns  loc: accelerator_newone/components.cpp:624
.preheader8:2  %exitcond1 = icmp eq i2 %m, -1

ST_9: empty_17 (102)  [1/1] 0.00ns
.preheader8:3  %empty_17 = call i32 (...)* @_ssdm_op_SpecLoopTripCount(i64 3, i64 3, i64 3)

ST_9: m_1 (103)  [1/1] 2.17ns  loc: accelerator_newone/components.cpp:624
.preheader8:4  %m_1 = add i2 %m, 1

ST_9: StgValue_116 (104)  [1/1] 0.00ns  loc: accelerator_newone/components.cpp:624
.preheader8:5  br i1 %exitcond1, label %4, label %.preheader.preheader

ST_9: tmp_7_cast (106)  [1/1] 0.00ns  loc: accelerator_newone/components.cpp:626
.preheader.preheader:0  %tmp_7_cast = zext i2 %m to i11

ST_9: tmp_23 (107)  [1/1] 2.32ns  loc: accelerator_newone/components.cpp:626
.preheader.preheader:1  %tmp_23 = add i11 %tmp_22_cast, %tmp_7_cast

ST_9: tmp_24 (108)  [1/1] 0.00ns  loc: accelerator_newone/components.cpp:626 (grouped into LUT with out node tmp_25)
.preheader.preheader:2  %tmp_24 = shl i11 %tmp_23, 2

ST_9: tmp_25 (109)  [1/1] 2.33ns  loc: accelerator_newone/components.cpp:626 (out node of the LUT)
.preheader.preheader:3  %tmp_25 = sub i11 %tmp_24, %tmp_23

ST_9: tmp1 (110)  [1/1] 0.00ns  loc: accelerator_newone/components.cpp:626 (grouped into LUT with out node tmp_9)
.preheader.preheader:4  %tmp1 = xor i2 %m, -2

ST_9: tmp1_cast (111)  [1/1] 0.00ns  loc: accelerator_newone/components.cpp:626 (grouped into LUT with out node tmp_9)
.preheader.preheader:5  %tmp1_cast = sext i2 %tmp1 to i4

ST_9: tmp_9 (112)  [1/1] 2.35ns  loc: accelerator_newone/components.cpp:626 (out node of the LUT)
.preheader.preheader:6  %tmp_9 = add i4 %tmp_5, %tmp1_cast

ST_9: tmp_10_cast (113)  [1/1] 0.00ns  loc: accelerator_newone/components.cpp:626
.preheader.preheader:7  %tmp_10_cast = zext i4 %tmp_9 to i11

ST_9: tmp_26 (114)  [1/1] 2.33ns  loc: accelerator_newone/components.cpp:626
.preheader.preheader:8  %tmp_26 = add i11 %tmp_8, %tmp_10_cast

ST_9: tmp_27 (115)  [1/1] 0.00ns  loc: accelerator_newone/components.cpp:626
.preheader.preheader:9  %tmp_27 = call i14 @_ssdm_op_BitConcatenate.i14.i11.i3(i11 %tmp_26, i3 0)

ST_9: p_shl11_cast (116)  [1/1] 0.00ns  loc: accelerator_newone/components.cpp:626
.preheader.preheader:10  %p_shl11_cast = zext i14 %tmp_27 to i15

ST_9: tmp_28 (117)  [1/1] 0.00ns  loc: accelerator_newone/components.cpp:626
.preheader.preheader:11  %tmp_28 = call i12 @_ssdm_op_BitConcatenate.i12.i11.i1(i11 %tmp_26, i1 false)

ST_9: p_shl12_cast (118)  [1/1] 0.00ns  loc: accelerator_newone/components.cpp:626
.preheader.preheader:12  %p_shl12_cast = zext i12 %tmp_28 to i15

ST_9: tmp_29 (119)  [1/1] 2.34ns  loc: accelerator_newone/components.cpp:626
.preheader.preheader:13  %tmp_29 = add i15 %p_shl12_cast, %p_shl11_cast

ST_9: StgValue_131 (120)  [1/1] 1.59ns  loc: accelerator_newone/components.cpp:625
.preheader.preheader:14  br label %.preheader

ST_9: tmp_2_cast (148)  [1/1] 0.00ns  loc: accelerator_newone/components.cpp:629
:0  %tmp_2_cast = zext i3 %w3 to i13

ST_9: tmp_22 (149)  [1/1] 2.34ns  loc: accelerator_newone/components.cpp:629
:1  %tmp_22 = add i13 %tmp_20, %tmp_2_cast

ST_9: tmp_35_cast (150)  [1/1] 0.00ns  loc: accelerator_newone/components.cpp:629
:2  %tmp_35_cast = zext i13 %tmp_22 to i64

ST_9: output_addr_1 (151)  [1/1] 0.00ns  loc: accelerator_newone/components.cpp:629
:3  %output_addr_1 = getelementptr [3456 x float]* %output_r, i64 0, i64 %tmp_35_cast

ST_9: output_load (152)  [2/2] 3.25ns  loc: accelerator_newone/components.cpp:629
:4  %output_load = load float* %output_addr_1, align 4

ST_9: w_2 (155)  [1/1] 2.26ns  loc: accelerator_newone/components.cpp:622
:7  %w_2 = add i3 %w3, 1


 <State 10>: 7.96ns
ST_10: sum_1 (122)  [1/1] 0.00ns
.preheader:0  %sum_1 = phi float [ %sum_2, %3 ], [ %sum, %.preheader.preheader ]

ST_10: n (123)  [1/1] 0.00ns
.preheader:1  %n = phi i2 [ %n_1, %3 ], [ 0, %.preheader.preheader ]

ST_10: exitcond (124)  [1/1] 2.07ns  loc: accelerator_newone/components.cpp:625
.preheader:2  %exitcond = icmp eq i2 %n, -1

ST_10: empty_18 (125)  [1/1] 0.00ns
.preheader:3  %empty_18 = call i32 (...)* @_ssdm_op_SpecLoopTripCount(i64 3, i64 3, i64 3)

ST_10: n_1 (126)  [1/1] 2.17ns  loc: accelerator_newone/components.cpp:625
.preheader:4  %n_1 = add i2 %n, 1

ST_10: StgValue_143 (127)  [1/1] 0.00ns  loc: accelerator_newone/components.cpp:625
.preheader:5  br i1 %exitcond, label %.preheader8.loopexit, label %3

ST_10: tmp_11_cast (129)  [1/1] 0.00ns  loc: accelerator_newone/components.cpp:626
:0  %tmp_11_cast = zext i2 %n to i11

ST_10: tmp_30 (130)  [1/1] 2.33ns  loc: accelerator_newone/components.cpp:626
:1  %tmp_30 = add i11 %tmp_25, %tmp_11_cast

ST_10: tmp_43_cast (131)  [1/1] 0.00ns  loc: accelerator_newone/components.cpp:626
:2  %tmp_43_cast = zext i11 %tmp_30 to i64

ST_10: weight_addr (132)  [1/1] 0.00ns  loc: accelerator_newone/components.cpp:626
:3  %weight_addr = getelementptr [864 x float]* %weight, i64 0, i64 %tmp_43_cast

ST_10: weight_load (133)  [2/2] 3.25ns  loc: accelerator_newone/components.cpp:626
:4  %weight_load = load float* %weight_addr, align 4

ST_10: tmp2 (134)  [1/1] 0.00ns  loc: accelerator_newone/components.cpp:626 (grouped into LUT with out node tmp_12)
:5  %tmp2 = xor i2 %n, -2

ST_10: tmp2_cast (135)  [1/1] 0.00ns  loc: accelerator_newone/components.cpp:626 (grouped into LUT with out node tmp_12)
:6  %tmp2_cast = sext i2 %tmp2 to i4

ST_10: tmp_12 (136)  [1/1] 2.35ns  loc: accelerator_newone/components.cpp:626 (out node of the LUT)
:7  %tmp_12 = add i4 %tmp_s, %tmp2_cast

ST_10: tmp_13_cast (137)  [1/1] 0.00ns  loc: accelerator_newone/components.cpp:626
:8  %tmp_13_cast = zext i4 %tmp_12 to i15

ST_10: tmp_31 (138)  [1/1] 2.35ns  loc: accelerator_newone/components.cpp:626
:9  %tmp_31 = add i15 %tmp_29, %tmp_13_cast

ST_10: tmp_44_cast (139)  [1/1] 0.00ns  loc: accelerator_newone/components.cpp:626
:10  %tmp_44_cast = zext i15 %tmp_31 to i64

ST_10: input_addr (140)  [1/1] 0.00ns  loc: accelerator_newone/components.cpp:626
:11  %input_addr = getelementptr [9600 x float]* %input_r, i64 0, i64 %tmp_44_cast

ST_10: input_load (141)  [2/2] 3.25ns  loc: accelerator_newone/components.cpp:626
:12  %input_load = load float* %input_addr, align 4

ST_10: StgValue_157 (146)  [1/1] 0.00ns
.preheader8.loopexit:0  br label %.preheader8


 <State 11>: 3.25ns
ST_11: weight_load (133)  [1/2] 3.25ns  loc: accelerator_newone/components.cpp:626
:4  %weight_load = load float* %weight_addr, align 4

ST_11: input_load (141)  [1/2] 3.25ns  loc: accelerator_newone/components.cpp:626
:12  %input_load = load float* %input_addr, align 4


 <State 12>: 5.70ns
ST_12: tmp_14 (142)  [4/4] 5.70ns  loc: accelerator_newone/components.cpp:626
:13  %tmp_14 = fmul float %weight_load, %input_load


 <State 13>: 5.70ns
ST_13: tmp_14 (142)  [3/4] 5.70ns  loc: accelerator_newone/components.cpp:626
:13  %tmp_14 = fmul float %weight_load, %input_load


 <State 14>: 5.70ns
ST_14: tmp_14 (142)  [2/4] 5.70ns  loc: accelerator_newone/components.cpp:626
:13  %tmp_14 = fmul float %weight_load, %input_load


 <State 15>: 5.70ns
ST_15: tmp_14 (142)  [1/4] 5.70ns  loc: accelerator_newone/components.cpp:626
:13  %tmp_14 = fmul float %weight_load, %input_load


 <State 16>: 7.26ns
ST_16: sum_2 (143)  [5/5] 7.26ns  loc: accelerator_newone/components.cpp:626
:14  %sum_2 = fadd float %sum_1, %tmp_14


 <State 17>: 7.26ns
ST_17: sum_2 (143)  [4/5] 7.26ns  loc: accelerator_newone/components.cpp:626
:14  %sum_2 = fadd float %sum_1, %tmp_14


 <State 18>: 7.26ns
ST_18: sum_2 (143)  [3/5] 7.26ns  loc: accelerator_newone/components.cpp:626
:14  %sum_2 = fadd float %sum_1, %tmp_14


 <State 19>: 7.26ns
ST_19: sum_2 (143)  [2/5] 7.26ns  loc: accelerator_newone/components.cpp:626
:14  %sum_2 = fadd float %sum_1, %tmp_14


 <State 20>: 7.26ns
ST_20: sum_2 (143)  [1/5] 7.26ns  loc: accelerator_newone/components.cpp:626
:14  %sum_2 = fadd float %sum_1, %tmp_14

ST_20: StgValue_169 (144)  [1/1] 0.00ns  loc: accelerator_newone/components.cpp:625
:15  br label %.preheader


 <State 21>: 3.25ns
ST_21: output_load (152)  [1/2] 3.25ns  loc: accelerator_newone/components.cpp:629
:4  %output_load = load float* %output_addr_1, align 4


 <State 22>: 7.26ns
ST_22: tmp_4 (153)  [5/5] 7.26ns  loc: accelerator_newone/components.cpp:629
:5  %tmp_4 = fadd float %output_load, %sum


 <State 23>: 7.26ns
ST_23: tmp_4 (153)  [4/5] 7.26ns  loc: accelerator_newone/components.cpp:629
:5  %tmp_4 = fadd float %output_load, %sum


 <State 24>: 7.26ns
ST_24: tmp_4 (153)  [3/5] 7.26ns  loc: accelerator_newone/components.cpp:629
:5  %tmp_4 = fadd float %output_load, %sum


 <State 25>: 7.26ns
ST_25: tmp_4 (153)  [2/5] 7.26ns  loc: accelerator_newone/components.cpp:629
:5  %tmp_4 = fadd float %output_load, %sum


 <State 26>: 7.26ns
ST_26: tmp_4 (153)  [1/5] 7.26ns  loc: accelerator_newone/components.cpp:629
:5  %tmp_4 = fadd float %output_load, %sum


 <State 27>: 3.25ns
ST_27: StgValue_176 (154)  [1/1] 3.25ns  loc: accelerator_newone/components.cpp:629
:6  store float %tmp_4, float* %output_addr_1, align 4

ST_27: StgValue_177 (156)  [1/1] 0.00ns  loc: accelerator_newone/components.cpp:622
:8  br label %.preheader9



============================================================
+ Verbose Summary: Timing violations
============================================================
Target clock period: 10ns, clock uncertainty: 1.25ns.

 <State 1>: 1.59ns
The critical path consists of the following:
	multiplexor before 'phi' operation ('co') with incoming values : ('co', accelerator_newone/components.cpp:612) [7]  (1.59 ns)

 <State 2>: 2.91ns
The critical path consists of the following:
	'phi' operation ('co') with incoming values : ('co', accelerator_newone/components.cpp:612) [7]  (0 ns)
	'icmp' operation ('exitcond7', accelerator_newone/components.cpp:612) [8]  (2.91 ns)

 <State 3>: 4.66ns
The critical path consists of the following:
	'phi' operation ('h') with incoming values : ('h', accelerator_newone/components.cpp:613) [23]  (0 ns)
	'add' operation ('tmp_15', accelerator_newone/components.cpp:615) [29]  (2.33 ns)
	'sub' operation ('tmp_17', accelerator_newone/components.cpp:615) [33]  (2.34 ns)

 <State 4>: 3.25ns
The critical path consists of the following:
	'load' operation ('bias_load', accelerator_newone/components.cpp:615) on array 'bias' [41]  (3.25 ns)

 <State 5>: 6.51ns
The critical path consists of the following:
	'load' operation ('bias_load', accelerator_newone/components.cpp:615) on array 'bias' [41]  (3.25 ns)
	'store' operation (accelerator_newone/components.cpp:615) of variable 'bias_load', accelerator_newone/components.cpp:615 on array 'output_r' [46]  (3.25 ns)

 <State 6>: 2.91ns
The critical path consists of the following:
	'phi' operation ('co') with incoming values : ('co', accelerator_newone/components.cpp:620) [57]  (0 ns)
	'icmp' operation ('exitcond4', accelerator_newone/components.cpp:620) [58]  (2.91 ns)

 <State 7>: 4.66ns
The critical path consists of the following:
	'phi' operation ('h') with incoming values : ('h', accelerator_newone/components.cpp:621) [77]  (0 ns)
	'add' operation ('tmp_18', accelerator_newone/components.cpp:629) [84]  (2.33 ns)
	'sub' operation ('tmp_20', accelerator_newone/components.cpp:629) [88]  (2.34 ns)

 <State 8>: 2.26ns
The critical path consists of the following:
	'add' operation ('h', accelerator_newone/components.cpp:621) [158]  (2.26 ns)

 <State 9>: 7.02ns
The critical path consists of the following:
	'phi' operation ('m') with incoming values : ('m', accelerator_newone/components.cpp:624) [100]  (0 ns)
	'xor' operation ('tmp1', accelerator_newone/components.cpp:626) [110]  (0 ns)
	'add' operation ('tmp_9', accelerator_newone/components.cpp:626) [112]  (2.35 ns)
	'add' operation ('tmp_26', accelerator_newone/components.cpp:626) [114]  (2.33 ns)
	'add' operation ('tmp_29', accelerator_newone/components.cpp:626) [119]  (2.34 ns)

 <State 10>: 7.96ns
The critical path consists of the following:
	'phi' operation ('n') with incoming values : ('n', accelerator_newone/components.cpp:625) [123]  (0 ns)
	'xor' operation ('tmp2', accelerator_newone/components.cpp:626) [134]  (0 ns)
	'add' operation ('tmp_12', accelerator_newone/components.cpp:626) [136]  (2.35 ns)
	'add' operation ('tmp_31', accelerator_newone/components.cpp:626) [138]  (2.35 ns)
	'getelementptr' operation ('input_addr', accelerator_newone/components.cpp:626) [140]  (0 ns)
	'load' operation ('input_load', accelerator_newone/components.cpp:626) on array 'input_r' [141]  (3.25 ns)

 <State 11>: 3.25ns
The critical path consists of the following:
	'load' operation ('weight_load', accelerator_newone/components.cpp:626) on array 'weight' [133]  (3.25 ns)

 <State 12>: 5.7ns
The critical path consists of the following:
	'fmul' operation ('tmp_14', accelerator_newone/components.cpp:626) [142]  (5.7 ns)

 <State 13>: 5.7ns
The critical path consists of the following:
	'fmul' operation ('tmp_14', accelerator_newone/components.cpp:626) [142]  (5.7 ns)

 <State 14>: 5.7ns
The critical path consists of the following:
	'fmul' operation ('tmp_14', accelerator_newone/components.cpp:626) [142]  (5.7 ns)

 <State 15>: 5.7ns
The critical path consists of the following:
	'fmul' operation ('tmp_14', accelerator_newone/components.cpp:626) [142]  (5.7 ns)

 <State 16>: 7.26ns
The critical path consists of the following:
	'fadd' operation ('sum', accelerator_newone/components.cpp:626) [143]  (7.26 ns)

 <State 17>: 7.26ns
The critical path consists of the following:
	'fadd' operation ('sum', accelerator_newone/components.cpp:626) [143]  (7.26 ns)

 <State 18>: 7.26ns
The critical path consists of the following:
	'fadd' operation ('sum', accelerator_newone/components.cpp:626) [143]  (7.26 ns)

 <State 19>: 7.26ns
The critical path consists of the following:
	'fadd' operation ('sum', accelerator_newone/components.cpp:626) [143]  (7.26 ns)

 <State 20>: 7.26ns
The critical path consists of the following:
	'fadd' operation ('sum', accelerator_newone/components.cpp:626) [143]  (7.26 ns)

 <State 21>: 3.25ns
The critical path consists of the following:
	'load' operation ('output_load', accelerator_newone/components.cpp:629) on array 'output_r' [152]  (3.25 ns)

 <State 22>: 7.26ns
The critical path consists of the following:
	'fadd' operation ('tmp_4', accelerator_newone/components.cpp:629) [153]  (7.26 ns)

 <State 23>: 7.26ns
The critical path consists of the following:
	'fadd' operation ('tmp_4', accelerator_newone/components.cpp:629) [153]  (7.26 ns)

 <State 24>: 7.26ns
The critical path consists of the following:
	'fadd' operation ('tmp_4', accelerator_newone/components.cpp:629) [153]  (7.26 ns)

 <State 25>: 7.26ns
The critical path consists of the following:
	'fadd' operation ('tmp_4', accelerator_newone/components.cpp:629) [153]  (7.26 ns)

 <State 26>: 7.26ns
The critical path consists of the following:
	'fadd' operation ('tmp_4', accelerator_newone/components.cpp:629) [153]  (7.26 ns)

 <State 27>: 3.25ns
The critical path consists of the following:
	'store' operation (accelerator_newone/components.cpp:629) of variable 'tmp_4', accelerator_newone/components.cpp:629 on array 'output_r' [154]  (3.25 ns)


============================================================
+ Verbose Summary: Binding
============================================================
N/A
* FSMD analyzer results:
  - Output states:
 - Input state : 
  - Chain level:
	State 1
	State 2
	State 3
	State 4
	State 5
	State 6
	State 7
	State 8
	State 9
	State 10
	State 11
	State 12
	State 13
	State 14
	State 15
	State 16
	State 17
	State 18
	State 19
	State 20
	State 21
	State 22
	State 23
	State 24
	State 25
	State 26
	State 27


============================================================
+ Verbose Summary: Datapath Resource usage 
============================================================
N/A
