

================================================================
== Vivado HLS Report for 'subconv_3x3_8_no_rel'
================================================================
* Date:           Fri Dec 14 14:26:16 2018

* Version:        2017.2 (Build 1909853 on Thu Jun 15 18:55:24 MDT 2017)
* Project:        accelerator_newone
* Solution:       solution1
* Product family: zynq
* Target device:  xc7z020clg484-1


================================================================
== Performance Estimates
================================================================
+ Timing (ns): 
    * Summary: 
    +--------+-------+----------+------------+
    |  Clock | Target| Estimated| Uncertainty|
    +--------+-------+----------+------------+
    |ap_clk  |  10.00|      7.26|        1.25|
    +--------+-------+----------+------------+

+ Latency (clock cycles): 
    * Summary: 
    +--------+--------+--------+--------+---------+
    |     Latency     |     Interval    | Pipeline|
    |   min  |   max  |   min  |   max  |   Type  |
    +--------+--------+--------+--------+---------+
    |  394946|  394946|  394946|  394946|   none  |
    +--------+--------+--------+--------+---------+

    + Detail: 
        * Instance: 
        N/A

        * Loop: 
        +-------------------------+--------+--------+----------+-----------+-----------+------+----------+
        |                         |     Latency     | Iteration|  Initiation Interval  | Trip |          |
        |        Loop Name        |   min  |   max  |  Latency |  achieved |   target  | Count| Pipelined|
        +-------------------------+--------+--------+----------+-----------+-----------+------+----------+
        |- Loop 1                 |    7008|    7008|       146|          -|          -|    48|    no    |
        | + Loop 1.1              |     144|     144|        18|          -|          -|     8|    no    |
        |  ++ Loop 1.1.1          |      16|      16|         2|          -|          -|     8|    no    |
        |- Loop 2                 |  387936|  387936|      8082|          -|          -|    48|    no    |
        | + Loop 2.1              |    8080|    8080|      1010|          -|          -|     8|    no    |
        |  ++ Loop 2.1.1          |    1008|    1008|       126|          -|          -|     8|    no    |
        |   +++ Loop 2.1.1.1      |     117|     117|        39|          -|          -|     3|    no    |
        |    ++++ Loop 2.1.1.1.1  |      36|      36|        12|          -|          -|     3|    no    |
        +-------------------------+--------+--------+----------+-----------+-----------+------+----------+

============================================================
+ Verbose Summary: Synthesis Manager
============================================================
InlineROM: 1
ExposeGlobal: 0
============================================================
+ Verbose Summary: CDFG Model
============================================================
IsTopModel: 0
ResetActiveHigh: 1
IsCombinational: 0
IsDatapathOnly: 0
HasWiredReturn: 1
HasMFsm: 0
HasVarLatency: 1
IsPipeline: 0
IsRtlPipelined: 0
IsInstanceOverlapped: 0
IsDontTouch: 0
HasImplIP: 0
IsGatedGlobalClock: 0


============================================================
+ Verbose Summary: Schedule
============================================================
* Number of FSM states: 29
* Pipeline: 0
* Dataflow Pipeline: 0

* FSM state transitions: 
1 --> 
	2  / true
2 --> 
	3  / (!exitcond7)
	6  / (exitcond7)
3 --> 
	4  / (!exitcond6)
	2  / (exitcond6)
4 --> 
	5  / (!exitcond5)
	3  / (exitcond5)
5 --> 
	4  / true
6 --> 
	7  / (!exitcond4)
7 --> 
	8  / (!exitcond3)
	6  / (exitcond3)
8 --> 
	9  / (!exitcond2)
	7  / (exitcond2)
9 --> 
	10  / (!exitcond1)
	23  / (exitcond1)
10 --> 
	11  / true
11 --> 
	12  / (!exitcond)
	9  / (exitcond)
12 --> 
	13  / true
13 --> 
	14  / true
14 --> 
	15  / true
15 --> 
	16  / true
16 --> 
	17  / true
17 --> 
	18  / true
18 --> 
	19  / true
19 --> 
	20  / true
20 --> 
	21  / true
21 --> 
	22  / true
22 --> 
	11  / true
23 --> 
	24  / true
24 --> 
	25  / true
25 --> 
	26  / true
26 --> 
	27  / true
27 --> 
	28  / true
28 --> 
	29  / true
29 --> 
	8  / true
* FSM state operations: 

 <State 1>: 1.59ns
ST_1: StgValue_30 (5)  [1/1] 1.59ns  loc: accelerator_newone/components.cpp:398
:0  br label %.loopexit


 <State 2>: 3.88ns
ST_2: co (7)  [1/1] 0.00ns
.loopexit:0  %co = phi i6 [ 0, %0 ], [ %co_3, %.loopexit.loopexit ]

ST_2: exitcond7 (8)  [1/1] 3.88ns  loc: accelerator_newone/components.cpp:398
.loopexit:1  %exitcond7 = icmp eq i6 %co, -16

ST_2: empty (9)  [1/1] 0.00ns
.loopexit:2  %empty = call i32 (...)* @_ssdm_op_SpecLoopTripCount(i64 48, i64 48, i64 48)

ST_2: co_3 (10)  [1/1] 2.31ns  loc: accelerator_newone/components.cpp:398
.loopexit:3  %co_3 = add i6 %co, 1

ST_2: StgValue_35 (11)  [1/1] 0.00ns  loc: accelerator_newone/components.cpp:398
.loopexit:4  br i1 %exitcond7, label %.preheader11.preheader, label %.preheader13.preheader

ST_2: tmp (13)  [1/1] 0.00ns  loc: accelerator_newone/components.cpp:401
.preheader13.preheader:0  %tmp = zext i6 %co to i64

ST_2: tmp_s (14)  [1/1] 0.00ns  loc: accelerator_newone/components.cpp:398
.preheader13.preheader:1  %tmp_s = call i9 @_ssdm_op_BitConcatenate.i9.i6.i3(i6 %co, i3 0)

ST_2: p_shl_cast (15)  [1/1] 0.00ns  loc: accelerator_newone/components.cpp:398
.preheader13.preheader:2  %p_shl_cast = zext i9 %tmp_s to i10

ST_2: tmp_32 (16)  [1/1] 0.00ns  loc: accelerator_newone/components.cpp:398
.preheader13.preheader:3  %tmp_32 = call i7 @_ssdm_op_BitConcatenate.i7.i6.i1(i6 %co, i1 false)

ST_2: p_shl1_cast (17)  [1/1] 0.00ns  loc: accelerator_newone/components.cpp:401
.preheader13.preheader:4  %p_shl1_cast = zext i7 %tmp_32 to i10

ST_2: tmp_33 (18)  [1/1] 2.32ns  loc: accelerator_newone/components.cpp:401
.preheader13.preheader:5  %tmp_33 = add i10 %p_shl1_cast, %p_shl_cast

ST_2: bias_addr (19)  [1/1] 0.00ns  loc: accelerator_newone/components.cpp:401
.preheader13.preheader:6  %bias_addr = getelementptr [48 x float]* %bias, i64 0, i64 %tmp

ST_2: StgValue_43 (20)  [1/1] 1.59ns  loc: accelerator_newone/components.cpp:399
.preheader13.preheader:7  br label %.preheader13

ST_2: StgValue_44 (55)  [1/1] 1.59ns  loc: accelerator_newone/components.cpp:406
.preheader11.preheader:0  br label %.preheader11


 <State 3>: 4.66ns
ST_3: h (22)  [1/1] 0.00ns
.preheader13:0  %h = phi i4 [ %h_3, %2 ], [ 1, %.preheader13.preheader ]

ST_3: exitcond6 (23)  [1/1] 3.10ns  loc: accelerator_newone/components.cpp:399
.preheader13:1  %exitcond6 = icmp eq i4 %h, -7

ST_3: empty_19 (24)  [1/1] 0.00ns
.preheader13:2  %empty_19 = call i32 (...)* @_ssdm_op_SpecLoopTripCount(i64 8, i64 8, i64 8)

ST_3: StgValue_48 (25)  [1/1] 0.00ns  loc: accelerator_newone/components.cpp:399
.preheader13:3  br i1 %exitcond6, label %.loopexit.loopexit, label %.preheader12.preheader

ST_3: tmp_15_cast (27)  [1/1] 0.00ns  loc: accelerator_newone/components.cpp:401
.preheader12.preheader:0  %tmp_15_cast = zext i4 %h to i10

ST_3: tmp_39 (28)  [1/1] 2.32ns  loc: accelerator_newone/components.cpp:401
.preheader12.preheader:1  %tmp_39 = add i10 %tmp_15_cast, %tmp_33

ST_3: tmp_29 (29)  [1/1] 0.00ns  loc: accelerator_newone/components.cpp:401
.preheader12.preheader:2  %tmp_29 = call i13 @_ssdm_op_BitConcatenate.i13.i10.i3(i10 %tmp_39, i3 0)

ST_3: p_shl2_cast (30)  [1/1] 0.00ns  loc: accelerator_newone/components.cpp:401
.preheader12.preheader:3  %p_shl2_cast = zext i13 %tmp_29 to i14

ST_3: tmp_30 (31)  [1/1] 0.00ns  loc: accelerator_newone/components.cpp:401
.preheader12.preheader:4  %tmp_30 = call i11 @_ssdm_op_BitConcatenate.i11.i10.i1(i10 %tmp_39, i1 false)

ST_3: p_shl3_cast (32)  [1/1] 0.00ns  loc: accelerator_newone/components.cpp:401
.preheader12.preheader:5  %p_shl3_cast = zext i11 %tmp_30 to i14

ST_3: tmp_40 (33)  [1/1] 2.34ns  loc: accelerator_newone/components.cpp:401
.preheader12.preheader:6  %tmp_40 = add i14 %p_shl2_cast, %p_shl3_cast

ST_3: StgValue_56 (34)  [1/1] 1.59ns  loc: accelerator_newone/components.cpp:400
.preheader12.preheader:7  br label %.preheader12

ST_3: StgValue_57 (53)  [1/1] 0.00ns
.loopexit.loopexit:0  br label %.loopexit


 <State 4>: 3.25ns
ST_4: w (36)  [1/1] 0.00ns
.preheader12:0  %w = phi i4 [ %w_3, %1 ], [ 1, %.preheader12.preheader ]

ST_4: exitcond5 (37)  [1/1] 3.10ns  loc: accelerator_newone/components.cpp:400
.preheader12:1  %exitcond5 = icmp eq i4 %w, -7

ST_4: empty_20 (38)  [1/1] 0.00ns
.preheader12:2  %empty_20 = call i32 (...)* @_ssdm_op_SpecLoopTripCount(i64 8, i64 8, i64 8)

ST_4: StgValue_61 (39)  [1/1] 0.00ns  loc: accelerator_newone/components.cpp:400
.preheader12:3  br i1 %exitcond5, label %2, label %1

ST_4: bias_load (41)  [2/2] 3.25ns  loc: accelerator_newone/components.cpp:401
:0  %bias_load = load float* %bias_addr, align 4

ST_4: tmp_17_cast (42)  [1/1] 0.00ns  loc: accelerator_newone/components.cpp:401
:1  %tmp_17_cast = zext i4 %w to i14

ST_4: tmp_44 (43)  [1/1] 2.34ns  loc: accelerator_newone/components.cpp:401
:2  %tmp_44 = add i14 %tmp_40, %tmp_17_cast

ST_4: w_3 (47)  [1/1] 2.35ns  loc: accelerator_newone/components.cpp:400
:6  %w_3 = add i4 %w, 1

ST_4: h_3 (50)  [1/1] 2.35ns  loc: accelerator_newone/components.cpp:399
:0  %h_3 = add i4 %h, 1

ST_4: StgValue_67 (51)  [1/1] 0.00ns  loc: accelerator_newone/components.cpp:399
:1  br label %.preheader13


 <State 5>: 6.51ns
ST_5: bias_load (41)  [1/2] 3.25ns  loc: accelerator_newone/components.cpp:401
:0  %bias_load = load float* %bias_addr, align 4

ST_5: tmp_61_cast (44)  [1/1] 0.00ns  loc: accelerator_newone/components.cpp:401
:3  %tmp_61_cast = zext i14 %tmp_44 to i64

ST_5: output_addr (45)  [1/1] 0.00ns  loc: accelerator_newone/components.cpp:401
:4  %output_addr = getelementptr [4800 x float]* %output_r, i64 0, i64 %tmp_61_cast

ST_5: StgValue_71 (46)  [1/1] 3.25ns  loc: accelerator_newone/components.cpp:401
:5  store float %bias_load, float* %output_addr, align 4

ST_5: StgValue_72 (48)  [1/1] 0.00ns  loc: accelerator_newone/components.cpp:400
:7  br label %.preheader12


 <State 6>: 3.88ns
ST_6: co1 (57)  [1/1] 0.00ns
.preheader11:0  %co1 = phi i6 [ %co_4, %.preheader11.loopexit ], [ 0, %.preheader11.preheader ]

ST_6: exitcond4 (58)  [1/1] 3.88ns  loc: accelerator_newone/components.cpp:406
.preheader11:1  %exitcond4 = icmp eq i6 %co1, -16

ST_6: empty_21 (59)  [1/1] 0.00ns
.preheader11:2  %empty_21 = call i32 (...)* @_ssdm_op_SpecLoopTripCount(i64 48, i64 48, i64 48)

ST_6: co_4 (60)  [1/1] 2.31ns  loc: accelerator_newone/components.cpp:406
.preheader11:3  %co_4 = add i6 %co1, 1

ST_6: StgValue_77 (61)  [1/1] 0.00ns  loc: accelerator_newone/components.cpp:406
.preheader11:4  br i1 %exitcond4, label %6, label %.preheader10.preheader

ST_6: tmp_cast (63)  [1/1] 0.00ns  loc: accelerator_newone/components.cpp:406
.preheader10.preheader:0  %tmp_cast = zext i6 %co1 to i9

ST_6: tmp_34 (64)  [1/1] 0.00ns  loc: accelerator_newone/components.cpp:406
.preheader10.preheader:1  %tmp_34 = call i9 @_ssdm_op_BitConcatenate.i9.i6.i3(i6 %co1, i3 0)

ST_6: p_shl5_cast (65)  [1/1] 0.00ns  loc: accelerator_newone/components.cpp:406
.preheader10.preheader:2  %p_shl5_cast = zext i9 %tmp_34 to i10

ST_6: tmp_35 (66)  [1/1] 0.00ns  loc: accelerator_newone/components.cpp:406
.preheader10.preheader:3  %tmp_35 = call i7 @_ssdm_op_BitConcatenate.i7.i6.i1(i6 %co1, i1 false)

ST_6: p_shl6_cast (67)  [1/1] 0.00ns  loc: accelerator_newone/components.cpp:412
.preheader10.preheader:4  %p_shl6_cast = zext i7 %tmp_35 to i10

ST_6: tmp_36 (68)  [1/1] 2.32ns  loc: accelerator_newone/components.cpp:412
.preheader10.preheader:5  %tmp_36 = add i10 %p_shl6_cast, %p_shl5_cast

ST_6: tmp_37 (69)  [1/1] 0.00ns  loc: accelerator_newone/components.cpp:406
.preheader10.preheader:6  %tmp_37 = call i8 @_ssdm_op_BitConcatenate.i8.i6.i2(i6 %co1, i2 0)

ST_6: p_shl4_cast (70)  [1/1] 0.00ns  loc: accelerator_newone/components.cpp:412
.preheader10.preheader:7  %p_shl4_cast = zext i8 %tmp_37 to i9

ST_6: tmp_38 (71)  [1/1] 2.32ns  loc: accelerator_newone/components.cpp:412
.preheader10.preheader:8  %tmp_38 = sub i9 %p_shl4_cast, %tmp_cast

ST_6: tmp_52_cast (72)  [1/1] 0.00ns  loc: accelerator_newone/components.cpp:412
.preheader10.preheader:9  %tmp_52_cast = sext i9 %tmp_38 to i10

ST_6: StgValue_88 (73)  [1/1] 1.59ns  loc: accelerator_newone/components.cpp:407
.preheader10.preheader:10  br label %.preheader10

ST_6: StgValue_89 (160)  [1/1] 0.00ns  loc: accelerator_newone/components.cpp:419
:0  ret void


 <State 7>: 4.66ns
ST_7: h2 (75)  [1/1] 0.00ns
.preheader10:0  %h2 = phi i4 [ %h_4, %5 ], [ 1, %.preheader10.preheader ]

ST_7: exitcond3 (76)  [1/1] 3.10ns  loc: accelerator_newone/components.cpp:407
.preheader10:1  %exitcond3 = icmp eq i4 %h2, -7

ST_7: empty_22 (77)  [1/1] 0.00ns
.preheader10:2  %empty_22 = call i32 (...)* @_ssdm_op_SpecLoopTripCount(i64 8, i64 8, i64 8)

ST_7: StgValue_93 (78)  [1/1] 0.00ns  loc: accelerator_newone/components.cpp:407
.preheader10:3  br i1 %exitcond3, label %.preheader11.loopexit, label %.preheader9.preheader

ST_7: tmp_16_cast (80)  [1/1] 0.00ns  loc: accelerator_newone/components.cpp:415
.preheader9.preheader:0  %tmp_16_cast = zext i4 %h2 to i10

ST_7: tmp_41 (81)  [1/1] 2.32ns  loc: accelerator_newone/components.cpp:415
.preheader9.preheader:1  %tmp_41 = add i10 %tmp_16_cast, %tmp_36

ST_7: tmp_31 (82)  [1/1] 0.00ns  loc: accelerator_newone/components.cpp:415
.preheader9.preheader:2  %tmp_31 = call i13 @_ssdm_op_BitConcatenate.i13.i10.i3(i10 %tmp_41, i3 0)

ST_7: p_shl7_cast (83)  [1/1] 0.00ns  loc: accelerator_newone/components.cpp:415
.preheader9.preheader:3  %p_shl7_cast = zext i13 %tmp_31 to i14

ST_7: tmp_42 (84)  [1/1] 0.00ns  loc: accelerator_newone/components.cpp:415
.preheader9.preheader:4  %tmp_42 = call i11 @_ssdm_op_BitConcatenate.i11.i10.i1(i10 %tmp_41, i1 false)

ST_7: p_shl8_cast (85)  [1/1] 0.00ns  loc: accelerator_newone/components.cpp:415
.preheader9.preheader:5  %p_shl8_cast = zext i11 %tmp_42 to i14

ST_7: tmp_43 (86)  [1/1] 2.34ns  loc: accelerator_newone/components.cpp:415
.preheader9.preheader:6  %tmp_43 = add i14 %p_shl7_cast, %p_shl8_cast

ST_7: StgValue_101 (87)  [1/1] 1.59ns  loc: accelerator_newone/components.cpp:408
.preheader9.preheader:7  br label %.preheader9

ST_7: StgValue_102 (158)  [1/1] 0.00ns
.preheader11.loopexit:0  br label %.preheader11


 <State 8>: 3.10ns
ST_8: w3 (89)  [1/1] 0.00ns
.preheader9:0  %w3 = phi i4 [ %w_4, %4 ], [ 1, %.preheader9.preheader ]

ST_8: exitcond2 (90)  [1/1] 3.10ns  loc: accelerator_newone/components.cpp:408
.preheader9:1  %exitcond2 = icmp eq i4 %w3, -7

ST_8: empty_23 (91)  [1/1] 0.00ns
.preheader9:2  %empty_23 = call i32 (...)* @_ssdm_op_SpecLoopTripCount(i64 8, i64 8, i64 8)

ST_8: StgValue_106 (92)  [1/1] 0.00ns  loc: accelerator_newone/components.cpp:408
.preheader9:3  br i1 %exitcond2, label %5, label %.preheader8.preheader

ST_8: StgValue_107 (94)  [1/1] 1.59ns  loc: accelerator_newone/components.cpp:410
.preheader8.preheader:0  br label %.preheader8

ST_8: h_4 (155)  [1/1] 2.35ns  loc: accelerator_newone/components.cpp:407
:0  %h_4 = add i4 %h2, 1

ST_8: StgValue_109 (156)  [1/1] 0.00ns  loc: accelerator_newone/components.cpp:407
:1  br label %.preheader10


 <State 9>: 6.85ns
ST_9: sum (96)  [1/1] 0.00ns  loc: accelerator_newone/components.cpp:412
.preheader8:0  %sum = phi float [ %sum_1, %.preheader8.loopexit ], [ 0.000000e+00, %.preheader8.preheader ]

ST_9: m (97)  [1/1] 0.00ns
.preheader8:1  %m = phi i2 [ %m_2, %.preheader8.loopexit ], [ 0, %.preheader8.preheader ]

ST_9: exitcond1 (98)  [1/1] 2.07ns  loc: accelerator_newone/components.cpp:410
.preheader8:2  %exitcond1 = icmp eq i2 %m, -1

ST_9: empty_24 (99)  [1/1] 0.00ns
.preheader8:3  %empty_24 = call i32 (...)* @_ssdm_op_SpecLoopTripCount(i64 3, i64 3, i64 3)

ST_9: m_2 (100)  [1/1] 2.17ns  loc: accelerator_newone/components.cpp:410
.preheader8:4  %m_2 = add i2 %m, 1

ST_9: StgValue_115 (101)  [1/1] 0.00ns  loc: accelerator_newone/components.cpp:410
.preheader8:5  br i1 %exitcond1, label %4, label %.preheader.preheader

ST_9: tmp_20_cast (103)  [1/1] 0.00ns  loc: accelerator_newone/components.cpp:412
.preheader.preheader:0  %tmp_20_cast = zext i2 %m to i10

ST_9: tmp_46 (104)  [1/1] 2.32ns  loc: accelerator_newone/components.cpp:412
.preheader.preheader:1  %tmp_46 = add i10 %tmp_52_cast, %tmp_20_cast

ST_9: tmp1 (107)  [1/1] 2.17ns  loc: accelerator_newone/components.cpp:412
.preheader.preheader:4  %tmp1 = add i2 -1, %m

ST_9: tmp1_cast (108)  [1/1] 0.00ns  loc: accelerator_newone/components.cpp:412
.preheader.preheader:5  %tmp1_cast = sext i2 %tmp1 to i4

ST_9: tmp_21 (109)  [1/1] 2.35ns  loc: accelerator_newone/components.cpp:412
.preheader.preheader:6  %tmp_21 = add i4 %h2, %tmp1_cast

ST_9: tmp_22_cast (110)  [1/1] 0.00ns  loc: accelerator_newone/components.cpp:412
.preheader.preheader:7  %tmp_22_cast = zext i4 %tmp_21 to i10

ST_9: tmp_49 (111)  [1/1] 2.32ns  loc: accelerator_newone/components.cpp:412
.preheader.preheader:8  %tmp_49 = add i10 %tmp_36, %tmp_22_cast

ST_9: tmp_18_cast (145)  [1/1] 0.00ns  loc: accelerator_newone/components.cpp:415
:0  %tmp_18_cast = zext i4 %w3 to i14

ST_9: tmp_45 (146)  [1/1] 2.34ns  loc: accelerator_newone/components.cpp:415
:1  %tmp_45 = add i14 %tmp_43, %tmp_18_cast

ST_9: tmp_62_cast (147)  [1/1] 0.00ns  loc: accelerator_newone/components.cpp:415
:2  %tmp_62_cast = zext i14 %tmp_45 to i64

ST_9: output_addr_2 (148)  [1/1] 0.00ns  loc: accelerator_newone/components.cpp:415
:3  %output_addr_2 = getelementptr [4800 x float]* %output_r, i64 0, i64 %tmp_62_cast

ST_9: output_load (149)  [2/2] 3.25ns  loc: accelerator_newone/components.cpp:415
:4  %output_load = load float* %output_addr_2, align 4


 <State 10>: 2.34ns
ST_10: tmp_47 (105)  [1/1] 0.00ns  loc: accelerator_newone/components.cpp:412 (grouped into LUT with out node tmp_48)
.preheader.preheader:2  %tmp_47 = shl i10 %tmp_46, 2

ST_10: tmp_48 (106)  [1/1] 2.32ns  loc: accelerator_newone/components.cpp:412 (out node of the LUT)
.preheader.preheader:3  %tmp_48 = sub i10 %tmp_47, %tmp_46

ST_10: tmp_50 (112)  [1/1] 0.00ns  loc: accelerator_newone/components.cpp:412
.preheader.preheader:9  %tmp_50 = call i13 @_ssdm_op_BitConcatenate.i13.i10.i3(i10 %tmp_49, i3 0)

ST_10: p_shl9_cast (113)  [1/1] 0.00ns  loc: accelerator_newone/components.cpp:412
.preheader.preheader:10  %p_shl9_cast = zext i13 %tmp_50 to i14

ST_10: tmp_51 (114)  [1/1] 0.00ns  loc: accelerator_newone/components.cpp:412
.preheader.preheader:11  %tmp_51 = call i11 @_ssdm_op_BitConcatenate.i11.i10.i1(i10 %tmp_49, i1 false)

ST_10: p_shl10_cast (115)  [1/1] 0.00ns  loc: accelerator_newone/components.cpp:412
.preheader.preheader:12  %p_shl10_cast = zext i11 %tmp_51 to i14

ST_10: tmp_52 (116)  [1/1] 2.34ns  loc: accelerator_newone/components.cpp:412
.preheader.preheader:13  %tmp_52 = add i14 %p_shl10_cast, %p_shl9_cast

ST_10: StgValue_135 (117)  [1/1] 1.59ns  loc: accelerator_newone/components.cpp:411
.preheader.preheader:14  br label %.preheader


 <State 11>: 6.87ns
ST_11: sum_1 (119)  [1/1] 0.00ns
.preheader:0  %sum_1 = phi float [ %sum_3, %3 ], [ %sum, %.preheader.preheader ]

ST_11: n (120)  [1/1] 0.00ns
.preheader:1  %n = phi i2 [ %n_2, %3 ], [ 0, %.preheader.preheader ]

ST_11: exitcond (121)  [1/1] 2.07ns  loc: accelerator_newone/components.cpp:411
.preheader:2  %exitcond = icmp eq i2 %n, -1

ST_11: empty_25 (122)  [1/1] 0.00ns
.preheader:3  %empty_25 = call i32 (...)* @_ssdm_op_SpecLoopTripCount(i64 3, i64 3, i64 3)

ST_11: n_2 (123)  [1/1] 2.17ns  loc: accelerator_newone/components.cpp:411
.preheader:4  %n_2 = add i2 %n, 1

ST_11: StgValue_141 (124)  [1/1] 0.00ns  loc: accelerator_newone/components.cpp:411
.preheader:5  br i1 %exitcond, label %.preheader8.loopexit, label %3

ST_11: tmp_23_cast (126)  [1/1] 0.00ns  loc: accelerator_newone/components.cpp:412
:0  %tmp_23_cast = zext i2 %n to i10

ST_11: tmp_53 (127)  [1/1] 2.32ns  loc: accelerator_newone/components.cpp:412
:1  %tmp_53 = add i10 %tmp_48, %tmp_23_cast

ST_11: tmp2 (131)  [1/1] 2.17ns  loc: accelerator_newone/components.cpp:412
:5  %tmp2 = add i2 %n, -1

ST_11: tmp2_cast (132)  [1/1] 0.00ns  loc: accelerator_newone/components.cpp:412
:6  %tmp2_cast = sext i2 %tmp2 to i4

ST_11: tmp_24 (133)  [1/1] 2.35ns  loc: accelerator_newone/components.cpp:412
:7  %tmp_24 = add i4 %w3, %tmp2_cast

ST_11: tmp_25_cast (134)  [1/1] 0.00ns  loc: accelerator_newone/components.cpp:412
:8  %tmp_25_cast = zext i4 %tmp_24 to i14

ST_11: tmp_54 (135)  [1/1] 2.34ns  loc: accelerator_newone/components.cpp:412
:9  %tmp_54 = add i14 %tmp_52, %tmp_25_cast

ST_11: StgValue_149 (143)  [1/1] 0.00ns
.preheader8.loopexit:0  br label %.preheader8


 <State 12>: 3.25ns
ST_12: tmp_70_cast (128)  [1/1] 0.00ns  loc: accelerator_newone/components.cpp:412
:2  %tmp_70_cast = zext i10 %tmp_53 to i64

ST_12: weight_addr (129)  [1/1] 0.00ns  loc: accelerator_newone/components.cpp:412
:3  %weight_addr = getelementptr [432 x float]* %weight, i64 0, i64 %tmp_70_cast

ST_12: weight_load (130)  [2/2] 3.25ns  loc: accelerator_newone/components.cpp:412
:4  %weight_load = load float* %weight_addr, align 4

ST_12: tmp_71_cast (136)  [1/1] 0.00ns  loc: accelerator_newone/components.cpp:412
:10  %tmp_71_cast = zext i14 %tmp_54 to i64

ST_12: input_addr (137)  [1/1] 0.00ns  loc: accelerator_newone/components.cpp:412
:11  %input_addr = getelementptr [4800 x float]* %input_r, i64 0, i64 %tmp_71_cast

ST_12: input_load (138)  [2/2] 3.25ns  loc: accelerator_newone/components.cpp:412
:12  %input_load = load float* %input_addr, align 4


 <State 13>: 3.25ns
ST_13: weight_load (130)  [1/2] 3.25ns  loc: accelerator_newone/components.cpp:412
:4  %weight_load = load float* %weight_addr, align 4

ST_13: input_load (138)  [1/2] 3.25ns  loc: accelerator_newone/components.cpp:412
:12  %input_load = load float* %input_addr, align 4


 <State 14>: 5.70ns
ST_14: tmp_26 (139)  [4/4] 5.70ns  loc: accelerator_newone/components.cpp:412
:13  %tmp_26 = fmul float %weight_load, %input_load


 <State 15>: 5.70ns
ST_15: tmp_26 (139)  [3/4] 5.70ns  loc: accelerator_newone/components.cpp:412
:13  %tmp_26 = fmul float %weight_load, %input_load


 <State 16>: 5.70ns
ST_16: tmp_26 (139)  [2/4] 5.70ns  loc: accelerator_newone/components.cpp:412
:13  %tmp_26 = fmul float %weight_load, %input_load


 <State 17>: 5.70ns
ST_17: tmp_26 (139)  [1/4] 5.70ns  loc: accelerator_newone/components.cpp:412
:13  %tmp_26 = fmul float %weight_load, %input_load


 <State 18>: 7.26ns
ST_18: sum_3 (140)  [5/5] 7.26ns  loc: accelerator_newone/components.cpp:412
:14  %sum_3 = fadd float %sum_1, %tmp_26


 <State 19>: 7.26ns
ST_19: sum_3 (140)  [4/5] 7.26ns  loc: accelerator_newone/components.cpp:412
:14  %sum_3 = fadd float %sum_1, %tmp_26


 <State 20>: 7.26ns
ST_20: sum_3 (140)  [3/5] 7.26ns  loc: accelerator_newone/components.cpp:412
:14  %sum_3 = fadd float %sum_1, %tmp_26


 <State 21>: 7.26ns
ST_21: sum_3 (140)  [2/5] 7.26ns  loc: accelerator_newone/components.cpp:412
:14  %sum_3 = fadd float %sum_1, %tmp_26


 <State 22>: 7.26ns
ST_22: sum_3 (140)  [1/5] 7.26ns  loc: accelerator_newone/components.cpp:412
:14  %sum_3 = fadd float %sum_1, %tmp_26

ST_22: StgValue_167 (141)  [1/1] 0.00ns  loc: accelerator_newone/components.cpp:411
:15  br label %.preheader


 <State 23>: 3.25ns
ST_23: output_load (149)  [1/2] 3.25ns  loc: accelerator_newone/components.cpp:415
:4  %output_load = load float* %output_addr_2, align 4


 <State 24>: 7.26ns
ST_24: tmp_19 (150)  [5/5] 7.26ns  loc: accelerator_newone/components.cpp:415
:5  %tmp_19 = fadd float %output_load, %sum

ST_24: w_4 (152)  [1/1] 2.35ns  loc: accelerator_newone/components.cpp:408
:7  %w_4 = add i4 %w3, 1


 <State 25>: 7.26ns
ST_25: tmp_19 (150)  [4/5] 7.26ns  loc: accelerator_newone/components.cpp:415
:5  %tmp_19 = fadd float %output_load, %sum


 <State 26>: 7.26ns
ST_26: tmp_19 (150)  [3/5] 7.26ns  loc: accelerator_newone/components.cpp:415
:5  %tmp_19 = fadd float %output_load, %sum


 <State 27>: 7.26ns
ST_27: tmp_19 (150)  [2/5] 7.26ns  loc: accelerator_newone/components.cpp:415
:5  %tmp_19 = fadd float %output_load, %sum


 <State 28>: 7.26ns
ST_28: tmp_19 (150)  [1/5] 7.26ns  loc: accelerator_newone/components.cpp:415
:5  %tmp_19 = fadd float %output_load, %sum


 <State 29>: 3.25ns
ST_29: StgValue_175 (151)  [1/1] 3.25ns  loc: accelerator_newone/components.cpp:415
:6  store float %tmp_19, float* %output_addr_2, align 4

ST_29: StgValue_176 (153)  [1/1] 0.00ns  loc: accelerator_newone/components.cpp:408
:8  br label %.preheader9



============================================================
+ Verbose Summary: Timing violations
============================================================
Target clock period: 10ns, clock uncertainty: 1.25ns.

 <State 1>: 1.59ns
The critical path consists of the following:
	multiplexor before 'phi' operation ('co') with incoming values : ('co', accelerator_newone/components.cpp:398) [7]  (1.59 ns)

 <State 2>: 3.88ns
The critical path consists of the following:
	'phi' operation ('co') with incoming values : ('co', accelerator_newone/components.cpp:398) [7]  (0 ns)
	'icmp' operation ('exitcond7', accelerator_newone/components.cpp:398) [8]  (3.88 ns)

 <State 3>: 4.66ns
The critical path consists of the following:
	'phi' operation ('h') with incoming values : ('h', accelerator_newone/components.cpp:399) [22]  (0 ns)
	'add' operation ('tmp_39', accelerator_newone/components.cpp:401) [28]  (2.32 ns)
	'add' operation ('tmp_40', accelerator_newone/components.cpp:401) [33]  (2.34 ns)

 <State 4>: 3.25ns
The critical path consists of the following:
	'load' operation ('bias_load', accelerator_newone/components.cpp:401) on array 'bias' [41]  (3.25 ns)

 <State 5>: 6.51ns
The critical path consists of the following:
	'load' operation ('bias_load', accelerator_newone/components.cpp:401) on array 'bias' [41]  (3.25 ns)
	'store' operation (accelerator_newone/components.cpp:401) of variable 'bias_load', accelerator_newone/components.cpp:401 on array 'output_r' [46]  (3.25 ns)

 <State 6>: 3.88ns
The critical path consists of the following:
	'phi' operation ('co') with incoming values : ('co', accelerator_newone/components.cpp:406) [57]  (0 ns)
	'icmp' operation ('exitcond4', accelerator_newone/components.cpp:406) [58]  (3.88 ns)

 <State 7>: 4.66ns
The critical path consists of the following:
	'phi' operation ('h') with incoming values : ('h', accelerator_newone/components.cpp:407) [75]  (0 ns)
	'add' operation ('tmp_41', accelerator_newone/components.cpp:415) [81]  (2.32 ns)
	'add' operation ('tmp_43', accelerator_newone/components.cpp:415) [86]  (2.34 ns)

 <State 8>: 3.1ns
The critical path consists of the following:
	'phi' operation ('w') with incoming values : ('w', accelerator_newone/components.cpp:408) [89]  (0 ns)
	'icmp' operation ('exitcond2', accelerator_newone/components.cpp:408) [90]  (3.1 ns)

 <State 9>: 6.85ns
The critical path consists of the following:
	'phi' operation ('m') with incoming values : ('m', accelerator_newone/components.cpp:410) [97]  (0 ns)
	'add' operation ('tmp1', accelerator_newone/components.cpp:412) [107]  (2.17 ns)
	'add' operation ('tmp_21', accelerator_newone/components.cpp:412) [109]  (2.35 ns)
	'add' operation ('tmp_49', accelerator_newone/components.cpp:412) [111]  (2.32 ns)

 <State 10>: 2.34ns
The critical path consists of the following:
	'add' operation ('tmp_52', accelerator_newone/components.cpp:412) [116]  (2.34 ns)

 <State 11>: 6.87ns
The critical path consists of the following:
	'phi' operation ('n') with incoming values : ('n', accelerator_newone/components.cpp:411) [120]  (0 ns)
	'add' operation ('tmp2', accelerator_newone/components.cpp:412) [131]  (2.17 ns)
	'add' operation ('tmp_24', accelerator_newone/components.cpp:412) [133]  (2.35 ns)
	'add' operation ('tmp_54', accelerator_newone/components.cpp:412) [135]  (2.34 ns)

 <State 12>: 3.25ns
The critical path consists of the following:
	'getelementptr' operation ('weight_addr', accelerator_newone/components.cpp:412) [129]  (0 ns)
	'load' operation ('weight_load', accelerator_newone/components.cpp:412) on array 'weight' [130]  (3.25 ns)

 <State 13>: 3.25ns
The critical path consists of the following:
	'load' operation ('weight_load', accelerator_newone/components.cpp:412) on array 'weight' [130]  (3.25 ns)

 <State 14>: 5.7ns
The critical path consists of the following:
	'fmul' operation ('tmp_26', accelerator_newone/components.cpp:412) [139]  (5.7 ns)

 <State 15>: 5.7ns
The critical path consists of the following:
	'fmul' operation ('tmp_26', accelerator_newone/components.cpp:412) [139]  (5.7 ns)

 <State 16>: 5.7ns
The critical path consists of the following:
	'fmul' operation ('tmp_26', accelerator_newone/components.cpp:412) [139]  (5.7 ns)

 <State 17>: 5.7ns
The critical path consists of the following:
	'fmul' operation ('tmp_26', accelerator_newone/components.cpp:412) [139]  (5.7 ns)

 <State 18>: 7.26ns
The critical path consists of the following:
	'fadd' operation ('sum', accelerator_newone/components.cpp:412) [140]  (7.26 ns)

 <State 19>: 7.26ns
The critical path consists of the following:
	'fadd' operation ('sum', accelerator_newone/components.cpp:412) [140]  (7.26 ns)

 <State 20>: 7.26ns
The critical path consists of the following:
	'fadd' operation ('sum', accelerator_newone/components.cpp:412) [140]  (7.26 ns)

 <State 21>: 7.26ns
The critical path consists of the following:
	'fadd' operation ('sum', accelerator_newone/components.cpp:412) [140]  (7.26 ns)

 <State 22>: 7.26ns
The critical path consists of the following:
	'fadd' operation ('sum', accelerator_newone/components.cpp:412) [140]  (7.26 ns)

 <State 23>: 3.25ns
The critical path consists of the following:
	'load' operation ('output_load', accelerator_newone/components.cpp:415) on array 'output_r' [149]  (3.25 ns)

 <State 24>: 7.26ns
The critical path consists of the following:
	'fadd' operation ('tmp_19', accelerator_newone/components.cpp:415) [150]  (7.26 ns)

 <State 25>: 7.26ns
The critical path consists of the following:
	'fadd' operation ('tmp_19', accelerator_newone/components.cpp:415) [150]  (7.26 ns)

 <State 26>: 7.26ns
The critical path consists of the following:
	'fadd' operation ('tmp_19', accelerator_newone/components.cpp:415) [150]  (7.26 ns)

 <State 27>: 7.26ns
The critical path consists of the following:
	'fadd' operation ('tmp_19', accelerator_newone/components.cpp:415) [150]  (7.26 ns)

 <State 28>: 7.26ns
The critical path consists of the following:
	'fadd' operation ('tmp_19', accelerator_newone/components.cpp:415) [150]  (7.26 ns)

 <State 29>: 3.25ns
The critical path consists of the following:
	'store' operation (accelerator_newone/components.cpp:415) of variable 'tmp_19', accelerator_newone/components.cpp:415 on array 'output_r' [151]  (3.25 ns)


============================================================
+ Verbose Summary: Binding
============================================================
N/A
* FSMD analyzer results:
  - Output states:
 - Input state : 
  - Chain level:
	State 1
	State 2
	State 3
	State 4
	State 5
	State 6
	State 7
	State 8
	State 9
	State 10
	State 11
	State 12
	State 13
	State 14
	State 15
	State 16
	State 17
	State 18
	State 19
	State 20
	State 21
	State 22
	State 23
	State 24
	State 25
	State 26
	State 27
	State 28
	State 29


============================================================
+ Verbose Summary: Datapath Resource usage 
============================================================
N/A
