

================================================================
== Vivado HLS Report for 'subconv_1x1_16p_p'
================================================================
* Date:           Fri Dec 14 14:26:15 2018

* Version:        2017.2 (Build 1909853 on Thu Jun 15 18:55:24 MDT 2017)
* Project:        accelerator_newone
* Solution:       solution1
* Product family: zynq
* Target device:  xc7z020clg484-1


================================================================
== Performance Estimates
================================================================
+ Timing (ns): 
    * Summary: 
    +--------+-------+----------+------------+
    |  Clock | Target| Estimated| Uncertainty|
    +--------+-------+----------+------------+
    |ap_clk  |  10.00|      7.63|        1.25|
    +--------+-------+----------+------------+

+ Latency (clock cycles): 
    * Summary: 
    +---------+---------+---------+---------+---------+
    |      Latency      |      Interval     | Pipeline|
    |   min   |   max   |   min   |   max   |   Type  |
    +---------+---------+---------+---------+---------+
    |  7267107|  7267107|  7267107|  7267107|   none  |
    +---------+---------+---------+---------+---------+

    + Detail: 
        * Instance: 
        N/A

        * Loop: 
        +---------------------+---------+---------+----------+-----------+-----------+------+----------+
        |                     |      Latency      | Iteration|  Initiation Interval  | Trip |          |
        |      Loop Name      |   min   |   max   |  Latency |  achieved |   target  | Count| Pipelined|
        +---------------------+---------+---------+----------+-----------+-----------+------+----------+
        |- Loop 1             |    26208|    26208|       546|          -|          -|    48|    no    |
        | + Loop 1.1          |      544|      544|        34|          -|          -|    16|    no    |
        |  ++ Loop 1.1.1      |       32|       32|         2|          -|          -|    16|    no    |
        |- Loop 2             |  7190112|  7190112|    149794|          -|          -|    48|    no    |
        | + Loop 2.1          |   149792|   149792|      9362|          -|          -|    16|    no    |
        |  ++ Loop 2.1.1      |     9360|     9360|       585|          -|          -|    16|    no    |
        |   +++ Loop 2.1.1.1  |      576|      576|        12|          -|          -|    48|    no    |
        |- Loop 3             |    50784|    50784|      1058|          -|          -|    48|    no    |
        | + Loop 3.1          |     1056|     1056|        66|          -|          -|    16|    no    |
        |  ++ Loop 3.1.1      |       64|       64|         4|          -|          -|    16|    no    |
        +---------------------+---------+---------+----------+-----------+-----------+------+----------+

============================================================
+ Verbose Summary: Synthesis Manager
============================================================
InlineROM: 1
ExposeGlobal: 0
============================================================
+ Verbose Summary: CDFG Model
============================================================
IsTopModel: 0
ResetActiveHigh: 1
IsCombinational: 0
IsDatapathOnly: 0
HasWiredReturn: 1
HasMFsm: 0
HasVarLatency: 1
IsPipeline: 0
IsRtlPipelined: 0
IsInstanceOverlapped: 0
IsDontTouch: 0
HasImplIP: 0
IsGatedGlobalClock: 0


============================================================
+ Verbose Summary: Schedule
============================================================
* Number of FSM states: 33
* Pipeline: 0
* Dataflow Pipeline: 0

* FSM state transitions: 
1 --> 
	2  / true
2 --> 
	3  / (!exitcond9)
	6  / (exitcond9)
3 --> 
	4  / (!exitcond8)
	2  / (exitcond8)
4 --> 
	5  / (!exitcond7)
	3  / (exitcond7)
5 --> 
	4  / true
6 --> 
	7  / (!exitcond6)
	28  / (exitcond6)
7 --> 
	8  / (!exitcond5)
	6  / (exitcond5)
8 --> 
	9  / (!exitcond4)
	7  / (exitcond4)
9 --> 
	10  / (!exitcond3)
	21  / (exitcond3)
10 --> 
	11  / true
11 --> 
	12  / true
12 --> 
	13  / true
13 --> 
	14  / true
14 --> 
	15  / true
15 --> 
	16  / true
16 --> 
	17  / true
17 --> 
	18  / true
18 --> 
	19  / true
19 --> 
	20  / true
20 --> 
	9  / true
21 --> 
	22  / true
22 --> 
	23  / true
23 --> 
	24  / true
24 --> 
	25  / true
25 --> 
	26  / true
26 --> 
	27  / true
27 --> 
	8  / true
28 --> 
	29  / (!exitcond2)
29 --> 
	30  / (!exitcond1)
	28  / (exitcond1)
30 --> 
	31  / (!exitcond)
	29  / (exitcond)
31 --> 
	32  / true
32 --> 
	33  / true
33 --> 
	30  / true
* FSM state operations: 

 <State 1>: 1.59ns
ST_1: StgValue_34 (5)  [1/1] 1.59ns  loc: accelerator_newone/components.cpp:294
:0  br label %.loopexit


 <State 2>: 3.88ns
ST_2: co (7)  [1/1] 0.00ns
.loopexit:0  %co = phi i6 [ 0, %0 ], [ %co_25, %.loopexit.loopexit ]

ST_2: exitcond9 (8)  [1/1] 3.88ns  loc: accelerator_newone/components.cpp:294
.loopexit:1  %exitcond9 = icmp eq i6 %co, -16

ST_2: empty (9)  [1/1] 0.00ns
.loopexit:2  %empty = call i32 (...)* @_ssdm_op_SpecLoopTripCount(i64 48, i64 48, i64 48)

ST_2: co_25 (10)  [1/1] 2.31ns  loc: accelerator_newone/components.cpp:294
.loopexit:3  %co_25 = add i6 %co, 1

ST_2: StgValue_39 (11)  [1/1] 0.00ns  loc: accelerator_newone/components.cpp:294
.loopexit:4  br i1 %exitcond9, label %.preheader15.preheader, label %.preheader17.preheader

ST_2: tmp (13)  [1/1] 0.00ns  loc: accelerator_newone/components.cpp:297
.preheader17.preheader:0  %tmp = zext i6 %co to i64

ST_2: tmp_s (14)  [1/1] 0.00ns  loc: accelerator_newone/components.cpp:294
.preheader17.preheader:1  %tmp_s = call i10 @_ssdm_op_BitConcatenate.i10.i6.i4(i6 %co, i4 0)

ST_2: p_shl_cast (15)  [1/1] 0.00ns  loc: accelerator_newone/components.cpp:294
.preheader17.preheader:2  %p_shl_cast = zext i10 %tmp_s to i11

ST_2: tmp_265 (16)  [1/1] 0.00ns  loc: accelerator_newone/components.cpp:294
.preheader17.preheader:3  %tmp_265 = call i7 @_ssdm_op_BitConcatenate.i7.i6.i1(i6 %co, i1 false)

ST_2: p_shl1_cast (17)  [1/1] 0.00ns  loc: accelerator_newone/components.cpp:297
.preheader17.preheader:4  %p_shl1_cast = zext i7 %tmp_265 to i11

ST_2: tmp_266 (18)  [1/1] 2.32ns  loc: accelerator_newone/components.cpp:297
.preheader17.preheader:5  %tmp_266 = add i11 %p_shl1_cast, %p_shl_cast

ST_2: bias_addr (19)  [1/1] 0.00ns  loc: accelerator_newone/components.cpp:297
.preheader17.preheader:6  %bias_addr = getelementptr [48 x float]* %bias, i64 0, i64 %tmp

ST_2: StgValue_47 (20)  [1/1] 1.59ns  loc: accelerator_newone/components.cpp:295
.preheader17.preheader:7  br label %.preheader17

ST_2: StgValue_48 (54)  [1/1] 1.59ns  loc: accelerator_newone/components.cpp:302
.preheader15.preheader:0  br label %.preheader15


 <State 3>: 4.68ns
ST_3: h (22)  [1/1] 0.00ns
.preheader17:0  %h = phi i5 [ %h_25, %2 ], [ 1, %.preheader17.preheader ]

ST_3: exitcond8 (23)  [1/1] 3.31ns  loc: accelerator_newone/components.cpp:295
.preheader17:1  %exitcond8 = icmp eq i5 %h, -15

ST_3: empty_90 (24)  [1/1] 0.00ns
.preheader17:2  %empty_90 = call i32 (...)* @_ssdm_op_SpecLoopTripCount(i64 16, i64 16, i64 16)

ST_3: StgValue_52 (25)  [1/1] 0.00ns  loc: accelerator_newone/components.cpp:295
.preheader17:3  br i1 %exitcond8, label %.loopexit.loopexit, label %.preheader16.preheader

ST_3: tmp_cast (27)  [1/1] 0.00ns  loc: accelerator_newone/components.cpp:297
.preheader16.preheader:0  %tmp_cast = zext i5 %h to i11

ST_3: tmp_272 (28)  [1/1] 2.33ns  loc: accelerator_newone/components.cpp:297
.preheader16.preheader:1  %tmp_272 = add i11 %tmp_cast, %tmp_266

ST_3: p_shl2_cast (29)  [1/1] 0.00ns  loc: accelerator_newone/components.cpp:297
.preheader16.preheader:2  %p_shl2_cast = call i15 @_ssdm_op_BitConcatenate.i15.i11.i4(i11 %tmp_272, i4 0)

ST_3: tmp_263 (30)  [1/1] 0.00ns  loc: accelerator_newone/components.cpp:297
.preheader16.preheader:3  %tmp_263 = call i12 @_ssdm_op_BitConcatenate.i12.i11.i1(i11 %tmp_272, i1 false)

ST_3: p_shl3_cast (31)  [1/1] 0.00ns  loc: accelerator_newone/components.cpp:297
.preheader16.preheader:4  %p_shl3_cast = zext i12 %tmp_263 to i15

ST_3: tmp_273 (32)  [1/1] 2.35ns  loc: accelerator_newone/components.cpp:297
.preheader16.preheader:5  %tmp_273 = add i15 %p_shl2_cast, %p_shl3_cast

ST_3: StgValue_59 (33)  [1/1] 1.59ns  loc: accelerator_newone/components.cpp:296
.preheader16.preheader:6  br label %.preheader16

ST_3: StgValue_60 (52)  [1/1] 0.00ns
.loopexit.loopexit:0  br label %.loopexit


 <State 4>: 3.31ns
ST_4: w (35)  [1/1] 0.00ns
.preheader16:0  %w = phi i5 [ %w_25, %1 ], [ 1, %.preheader16.preheader ]

ST_4: exitcond7 (36)  [1/1] 3.31ns  loc: accelerator_newone/components.cpp:296
.preheader16:1  %exitcond7 = icmp eq i5 %w, -15

ST_4: empty_91 (37)  [1/1] 0.00ns
.preheader16:2  %empty_91 = call i32 (...)* @_ssdm_op_SpecLoopTripCount(i64 16, i64 16, i64 16)

ST_4: StgValue_64 (38)  [1/1] 0.00ns  loc: accelerator_newone/components.cpp:296
.preheader16:3  br i1 %exitcond7, label %2, label %1

ST_4: bias_load (40)  [2/2] 3.25ns  loc: accelerator_newone/components.cpp:297
:0  %bias_load = load float* %bias_addr, align 4

ST_4: tmp_112_cast (41)  [1/1] 0.00ns  loc: accelerator_newone/components.cpp:297
:1  %tmp_112_cast = zext i5 %w to i15

ST_4: tmp_279 (42)  [1/1] 2.35ns  loc: accelerator_newone/components.cpp:297
:2  %tmp_279 = add i15 %tmp_273, %tmp_112_cast

ST_4: w_25 (46)  [1/1] 2.33ns  loc: accelerator_newone/components.cpp:296
:6  %w_25 = add i5 %w, 1

ST_4: h_25 (49)  [1/1] 2.33ns  loc: accelerator_newone/components.cpp:295
:0  %h_25 = add i5 %h, 1

ST_4: StgValue_70 (50)  [1/1] 0.00ns  loc: accelerator_newone/components.cpp:295
:1  br label %.preheader17


 <State 5>: 6.51ns
ST_5: bias_load (40)  [1/2] 3.25ns  loc: accelerator_newone/components.cpp:297
:0  %bias_load = load float* %bias_addr, align 4

ST_5: tmp_350_cast (43)  [1/1] 0.00ns  loc: accelerator_newone/components.cpp:297
:3  %tmp_350_cast = zext i15 %tmp_279 to i64

ST_5: ShuffleConvs_1_Downs (44)  [1/1] 0.00ns  loc: accelerator_newone/components.cpp:297
:4  %ShuffleConvs_1_Downs = getelementptr [15552 x float]* @ShuffleConvs_1_Downs, i64 0, i64 %tmp_350_cast

ST_5: StgValue_74 (45)  [1/1] 3.25ns  loc: accelerator_newone/components.cpp:297
:5  store float %bias_load, float* %ShuffleConvs_1_Downs, align 4

ST_5: StgValue_75 (47)  [1/1] 0.00ns  loc: accelerator_newone/components.cpp:296
:7  br label %.preheader16


 <State 6>: 3.88ns
ST_6: co1 (56)  [1/1] 0.00ns
.preheader15:0  %co1 = phi i6 [ %co_26, %.preheader15.loopexit ], [ 0, %.preheader15.preheader ]

ST_6: exitcond6 (57)  [1/1] 3.88ns  loc: accelerator_newone/components.cpp:302
.preheader15:1  %exitcond6 = icmp eq i6 %co1, -16

ST_6: empty_92 (58)  [1/1] 0.00ns
.preheader15:2  %empty_92 = call i32 (...)* @_ssdm_op_SpecLoopTripCount(i64 48, i64 48, i64 48)

ST_6: co_26 (59)  [1/1] 2.31ns  loc: accelerator_newone/components.cpp:302
.preheader15:3  %co_26 = add i6 %co1, 1

ST_6: StgValue_80 (60)  [1/1] 0.00ns  loc: accelerator_newone/components.cpp:302
.preheader15:4  br i1 %exitcond6, label %.preheader11.preheader, label %.preheader14.preheader

ST_6: tmp_267 (62)  [1/1] 0.00ns  loc: accelerator_newone/components.cpp:302
.preheader14.preheader:0  %tmp_267 = call i12 @_ssdm_op_BitConcatenate.i12.i6.i6(i6 %co1, i6 0)

ST_6: p_shl6_cast (63)  [1/1] 0.00ns  loc: accelerator_newone/components.cpp:302
.preheader14.preheader:1  %p_shl6_cast = zext i12 %tmp_267 to i13

ST_6: tmp_268 (64)  [1/1] 0.00ns  loc: accelerator_newone/components.cpp:302
.preheader14.preheader:2  %tmp_268 = call i10 @_ssdm_op_BitConcatenate.i10.i6.i4(i6 %co1, i4 0)

ST_6: p_shl7_cast1 (65)  [1/1] 0.00ns  loc: accelerator_newone/components.cpp:307
.preheader14.preheader:3  %p_shl7_cast1 = zext i10 %tmp_268 to i11

ST_6: p_shl7_cast (66)  [1/1] 0.00ns  loc: accelerator_newone/components.cpp:307
.preheader14.preheader:4  %p_shl7_cast = zext i10 %tmp_268 to i13

ST_6: tmp_269 (67)  [1/1] 2.33ns  loc: accelerator_newone/components.cpp:307
.preheader14.preheader:5  %tmp_269 = sub i13 %p_shl6_cast, %p_shl7_cast

ST_6: tmp_270 (68)  [1/1] 0.00ns  loc: accelerator_newone/components.cpp:302
.preheader14.preheader:6  %tmp_270 = call i7 @_ssdm_op_BitConcatenate.i7.i6.i1(i6 %co1, i1 false)

ST_6: p_shl5_cast (69)  [1/1] 0.00ns  loc: accelerator_newone/components.cpp:309
.preheader14.preheader:7  %p_shl5_cast = zext i7 %tmp_270 to i11

ST_6: tmp_271 (70)  [1/1] 2.32ns  loc: accelerator_newone/components.cpp:309
.preheader14.preheader:8  %tmp_271 = add i11 %p_shl5_cast, %p_shl7_cast1

ST_6: StgValue_90 (71)  [1/1] 1.59ns  loc: accelerator_newone/components.cpp:303
.preheader14.preheader:9  br label %.preheader14

ST_6: StgValue_91 (138)  [1/1] 1.59ns  loc: accelerator_newone/components.cpp:314
.preheader11.preheader:0  br label %.preheader11


 <State 7>: 4.68ns
ST_7: h2 (73)  [1/1] 0.00ns
.preheader14:0  %h2 = phi i5 [ %h_26, %5 ], [ 1, %.preheader14.preheader ]

ST_7: exitcond5 (74)  [1/1] 3.31ns  loc: accelerator_newone/components.cpp:303
.preheader14:1  %exitcond5 = icmp eq i5 %h2, -15

ST_7: empty_93 (75)  [1/1] 0.00ns
.preheader14:2  %empty_93 = call i32 (...)* @_ssdm_op_SpecLoopTripCount(i64 16, i64 16, i64 16)

ST_7: StgValue_95 (76)  [1/1] 0.00ns  loc: accelerator_newone/components.cpp:303
.preheader14:3  br i1 %exitcond5, label %.preheader15.loopexit, label %.preheader13.preheader

ST_7: tmp_111_cast (78)  [1/1] 0.00ns  loc: accelerator_newone/components.cpp:309
.preheader13.preheader:0  %tmp_111_cast = zext i5 %h2 to i11

ST_7: tmp_277 (79)  [1/1] 2.33ns  loc: accelerator_newone/components.cpp:309
.preheader13.preheader:1  %tmp_277 = add i11 %tmp_111_cast, %tmp_271

ST_7: p_shl8_cast (80)  [1/1] 0.00ns  loc: accelerator_newone/components.cpp:309
.preheader13.preheader:2  %p_shl8_cast = call i15 @_ssdm_op_BitConcatenate.i15.i11.i4(i11 %tmp_277, i4 0)

ST_7: tmp_264 (81)  [1/1] 0.00ns  loc: accelerator_newone/components.cpp:309
.preheader13.preheader:3  %tmp_264 = call i12 @_ssdm_op_BitConcatenate.i12.i11.i1(i11 %tmp_277, i1 false)

ST_7: p_shl9_cast (82)  [1/1] 0.00ns  loc: accelerator_newone/components.cpp:309
.preheader13.preheader:4  %p_shl9_cast = zext i12 %tmp_264 to i15

ST_7: tmp_278 (83)  [1/1] 2.35ns  loc: accelerator_newone/components.cpp:309
.preheader13.preheader:5  %tmp_278 = add i15 %p_shl8_cast, %p_shl9_cast

ST_7: StgValue_102 (84)  [1/1] 1.59ns  loc: accelerator_newone/components.cpp:304
.preheader13.preheader:6  br label %.preheader13

ST_7: StgValue_103 (136)  [1/1] 0.00ns
.preheader15.loopexit:0  br label %.preheader15


 <State 8>: 3.31ns
ST_8: w3 (86)  [1/1] 0.00ns
.preheader13:0  %w3 = phi i5 [ %w_26, %4 ], [ 1, %.preheader13.preheader ]

ST_8: exitcond4 (87)  [1/1] 3.31ns  loc: accelerator_newone/components.cpp:304
.preheader13:1  %exitcond4 = icmp eq i5 %w3, -15

ST_8: empty_94 (88)  [1/1] 0.00ns
.preheader13:2  %empty_94 = call i32 (...)* @_ssdm_op_SpecLoopTripCount(i64 16, i64 16, i64 16)

ST_8: StgValue_107 (89)  [1/1] 0.00ns  loc: accelerator_newone/components.cpp:304
.preheader13:3  br i1 %exitcond4, label %5, label %.preheader12.preheader

ST_8: tmp_114_cast (91)  [1/1] 0.00ns  loc: accelerator_newone/components.cpp:309
.preheader12.preheader:0  %tmp_114_cast = zext i5 %w3 to i15

ST_8: tmp_283 (92)  [1/1] 2.35ns  loc: accelerator_newone/components.cpp:309
.preheader12.preheader:1  %tmp_283 = add i15 %tmp_278, %tmp_114_cast

ST_8: tmp_355_cast (93)  [1/1] 0.00ns  loc: accelerator_newone/components.cpp:309
.preheader12.preheader:2  %tmp_355_cast = zext i15 %tmp_283 to i64

ST_8: ShuffleConvs_1_Downs_2 (94)  [1/1] 0.00ns  loc: accelerator_newone/components.cpp:309
.preheader12.preheader:3  %ShuffleConvs_1_Downs_2 = getelementptr [15552 x float]* @ShuffleConvs_1_Downs, i64 0, i64 %tmp_355_cast

ST_8: StgValue_112 (95)  [1/1] 1.59ns  loc: accelerator_newone/components.cpp:306
.preheader12.preheader:4  br label %.preheader12

ST_8: h_26 (133)  [1/1] 2.33ns  loc: accelerator_newone/components.cpp:303
:0  %h_26 = add i5 %h2, 1

ST_8: StgValue_114 (134)  [1/1] 0.00ns  loc: accelerator_newone/components.cpp:303
:1  br label %.preheader14


 <State 9>: 7.63ns
ST_9: sum (97)  [1/1] 0.00ns
.preheader12:0  %sum = phi float [ %sum_12, %3 ], [ 0.000000e+00, %.preheader12.preheader ]

ST_9: ci (98)  [1/1] 0.00ns
.preheader12:1  %ci = phi i6 [ %ci_5, %3 ], [ 0, %.preheader12.preheader ]

ST_9: exitcond3 (99)  [1/1] 3.88ns  loc: accelerator_newone/components.cpp:306
.preheader12:2  %exitcond3 = icmp eq i6 %ci, -16

ST_9: empty_95 (100)  [1/1] 0.00ns
.preheader12:3  %empty_95 = call i32 (...)* @_ssdm_op_SpecLoopTripCount(i64 48, i64 48, i64 48)

ST_9: ci_5 (101)  [1/1] 2.31ns  loc: accelerator_newone/components.cpp:306
.preheader12:4  %ci_5 = add i6 %ci, 1

ST_9: StgValue_120 (102)  [1/1] 0.00ns  loc: accelerator_newone/components.cpp:306
.preheader12:5  br i1 %exitcond3, label %4, label %3

ST_9: tmp_117_cast (104)  [1/1] 0.00ns  loc: accelerator_newone/components.cpp:307
:0  %tmp_117_cast = zext i6 %ci to i13

ST_9: tmp_286 (105)  [1/1] 2.34ns  loc: accelerator_newone/components.cpp:307
:1  %tmp_286 = add i13 %tmp_117_cast, %tmp_269

ST_9: tmp_287 (108)  [1/1] 0.00ns  loc: accelerator_newone/components.cpp:306
:4  %tmp_287 = call i10 @_ssdm_op_BitConcatenate.i10.i6.i4(i6 %ci, i4 0)

ST_9: p_shl12_cast (109)  [1/1] 0.00ns  loc: accelerator_newone/components.cpp:306
:5  %p_shl12_cast = zext i10 %tmp_287 to i11

ST_9: tmp_288 (110)  [1/1] 0.00ns  loc: accelerator_newone/components.cpp:306
:6  %tmp_288 = call i7 @_ssdm_op_BitConcatenate.i7.i6.i1(i6 %ci, i1 false)

ST_9: p_shl13_cast (111)  [1/1] 0.00ns  loc: accelerator_newone/components.cpp:307
:7  %p_shl13_cast = zext i7 %tmp_288 to i11

ST_9: tmp_289 (112)  [1/1] 1.88ns  loc: accelerator_newone/components.cpp:307
:8  %tmp_289 = add i11 %p_shl12_cast, %p_shl13_cast

ST_9: tmp_290 (113)  [1/1] 1.88ns  loc: accelerator_newone/components.cpp:307
:9  %tmp_290 = add i11 %tmp_111_cast, %tmp_289

ST_9: p_shl10_cast (114)  [1/1] 0.00ns  loc: accelerator_newone/components.cpp:307
:10  %p_shl10_cast = call i15 @_ssdm_op_BitConcatenate.i15.i11.i4(i11 %tmp_290, i4 0)

ST_9: tmp_291 (115)  [1/1] 0.00ns  loc: accelerator_newone/components.cpp:307
:11  %tmp_291 = call i12 @_ssdm_op_BitConcatenate.i12.i11.i1(i11 %tmp_290, i1 false)

ST_9: p_shl11_cast (116)  [1/1] 0.00ns  loc: accelerator_newone/components.cpp:307
:12  %p_shl11_cast = zext i12 %tmp_291 to i15

ST_9: tmp_292 (117)  [1/1] 1.94ns  loc: accelerator_newone/components.cpp:307
:13  %tmp_292 = add i15 %p_shl10_cast, %p_shl11_cast

ST_9: tmp_293 (118)  [1/1] 1.94ns  loc: accelerator_newone/components.cpp:307
:14  %tmp_293 = add i15 %tmp_114_cast, %tmp_292

ST_9: ShuffleConvs_1_Downs_3 (127)  [2/2] 3.25ns  loc: accelerator_newone/components.cpp:309
:0  %ShuffleConvs_1_Downs_3 = load float* %ShuffleConvs_1_Downs_2, align 4

ST_9: w_26 (130)  [1/1] 2.33ns  loc: accelerator_newone/components.cpp:304
:3  %w_26 = add i5 %w3, 1


 <State 10>: 3.25ns
ST_10: tmp_357_cast (106)  [1/1] 0.00ns  loc: accelerator_newone/components.cpp:307
:2  %tmp_357_cast = sext i13 %tmp_286 to i64

ST_10: weight_addr (107)  [1/1] 0.00ns  loc: accelerator_newone/components.cpp:307
:3  %weight_addr = getelementptr [2304 x float]* %weight, i64 0, i64 %tmp_357_cast

ST_10: tmp_365_cast (119)  [1/1] 0.00ns  loc: accelerator_newone/components.cpp:307
:15  %tmp_365_cast = zext i15 %tmp_293 to i64

ST_10: shuffleunit0_2_outpu (120)  [1/1] 0.00ns  loc: accelerator_newone/components.cpp:307
:16  %shuffleunit0_2_outpu = getelementptr [15552 x float]* @shuffleunit0_2_outpu, i64 0, i64 %tmp_365_cast

ST_10: weight_load (121)  [2/2] 3.25ns  loc: accelerator_newone/components.cpp:307
:17  %weight_load = load float* %weight_addr, align 4

ST_10: shuffleunit0_2_outpu_1 (122)  [2/2] 3.25ns  loc: accelerator_newone/components.cpp:307
:18  %shuffleunit0_2_outpu_1 = load float* %shuffleunit0_2_outpu, align 4


 <State 11>: 3.25ns
ST_11: weight_load (121)  [1/2] 3.25ns  loc: accelerator_newone/components.cpp:307
:17  %weight_load = load float* %weight_addr, align 4

ST_11: shuffleunit0_2_outpu_1 (122)  [1/2] 3.25ns  loc: accelerator_newone/components.cpp:307
:18  %shuffleunit0_2_outpu_1 = load float* %shuffleunit0_2_outpu, align 4


 <State 12>: 5.70ns
ST_12: tmp_118 (123)  [4/4] 5.70ns  loc: accelerator_newone/components.cpp:307
:19  %tmp_118 = fmul float %weight_load, %shuffleunit0_2_outpu_1


 <State 13>: 5.70ns
ST_13: tmp_118 (123)  [3/4] 5.70ns  loc: accelerator_newone/components.cpp:307
:19  %tmp_118 = fmul float %weight_load, %shuffleunit0_2_outpu_1


 <State 14>: 5.70ns
ST_14: tmp_118 (123)  [2/4] 5.70ns  loc: accelerator_newone/components.cpp:307
:19  %tmp_118 = fmul float %weight_load, %shuffleunit0_2_outpu_1


 <State 15>: 5.70ns
ST_15: tmp_118 (123)  [1/4] 5.70ns  loc: accelerator_newone/components.cpp:307
:19  %tmp_118 = fmul float %weight_load, %shuffleunit0_2_outpu_1


 <State 16>: 7.26ns
ST_16: sum_12 (124)  [5/5] 7.26ns  loc: accelerator_newone/components.cpp:307
:20  %sum_12 = fadd float %sum, %tmp_118


 <State 17>: 7.26ns
ST_17: sum_12 (124)  [4/5] 7.26ns  loc: accelerator_newone/components.cpp:307
:20  %sum_12 = fadd float %sum, %tmp_118


 <State 18>: 7.26ns
ST_18: sum_12 (124)  [3/5] 7.26ns  loc: accelerator_newone/components.cpp:307
:20  %sum_12 = fadd float %sum, %tmp_118


 <State 19>: 7.26ns
ST_19: sum_12 (124)  [2/5] 7.26ns  loc: accelerator_newone/components.cpp:307
:20  %sum_12 = fadd float %sum, %tmp_118


 <State 20>: 7.26ns
ST_20: sum_12 (124)  [1/5] 7.26ns  loc: accelerator_newone/components.cpp:307
:20  %sum_12 = fadd float %sum, %tmp_118

ST_20: StgValue_153 (125)  [1/1] 0.00ns  loc: accelerator_newone/components.cpp:306
:21  br label %.preheader12


 <State 21>: 3.25ns
ST_21: ShuffleConvs_1_Downs_3 (127)  [1/2] 3.25ns  loc: accelerator_newone/components.cpp:309
:0  %ShuffleConvs_1_Downs_3 = load float* %ShuffleConvs_1_Downs_2, align 4


 <State 22>: 7.26ns
ST_22: tmp_116 (128)  [5/5] 7.26ns  loc: accelerator_newone/components.cpp:309
:1  %tmp_116 = fadd float %ShuffleConvs_1_Downs_3, %sum


 <State 23>: 7.26ns
ST_23: tmp_116 (128)  [4/5] 7.26ns  loc: accelerator_newone/components.cpp:309
:1  %tmp_116 = fadd float %ShuffleConvs_1_Downs_3, %sum


 <State 24>: 7.26ns
ST_24: tmp_116 (128)  [3/5] 7.26ns  loc: accelerator_newone/components.cpp:309
:1  %tmp_116 = fadd float %ShuffleConvs_1_Downs_3, %sum


 <State 25>: 7.26ns
ST_25: tmp_116 (128)  [2/5] 7.26ns  loc: accelerator_newone/components.cpp:309
:1  %tmp_116 = fadd float %ShuffleConvs_1_Downs_3, %sum


 <State 26>: 7.26ns
ST_26: tmp_116 (128)  [1/5] 7.26ns  loc: accelerator_newone/components.cpp:309
:1  %tmp_116 = fadd float %ShuffleConvs_1_Downs_3, %sum


 <State 27>: 3.25ns
ST_27: StgValue_160 (129)  [1/1] 3.25ns  loc: accelerator_newone/components.cpp:309
:2  store float %tmp_116, float* %ShuffleConvs_1_Downs_2, align 4

ST_27: StgValue_161 (131)  [1/1] 0.00ns  loc: accelerator_newone/components.cpp:304
:4  br label %.preheader13


 <State 28>: 3.88ns
ST_28: co4 (140)  [1/1] 0.00ns
.preheader11:0  %co4 = phi i6 [ %co_27, %.preheader11.loopexit ], [ 0, %.preheader11.preheader ]

ST_28: exitcond2 (141)  [1/1] 3.88ns  loc: accelerator_newone/components.cpp:314
.preheader11:1  %exitcond2 = icmp eq i6 %co4, -16

ST_28: empty_96 (142)  [1/1] 0.00ns
.preheader11:2  %empty_96 = call i32 (...)* @_ssdm_op_SpecLoopTripCount(i64 48, i64 48, i64 48)

ST_28: co_27 (143)  [1/1] 2.31ns  loc: accelerator_newone/components.cpp:314
.preheader11:3  %co_27 = add i6 %co4, 1

ST_28: StgValue_166 (144)  [1/1] 0.00ns  loc: accelerator_newone/components.cpp:314
.preheader11:4  br i1 %exitcond2, label %9, label %.preheader10.preheader

ST_28: tmp_274 (146)  [1/1] 0.00ns  loc: accelerator_newone/components.cpp:314
.preheader10.preheader:0  %tmp_274 = call i10 @_ssdm_op_BitConcatenate.i10.i6.i4(i6 %co4, i4 0)

ST_28: p_shl14_cast (147)  [1/1] 0.00ns  loc: accelerator_newone/components.cpp:314
.preheader10.preheader:1  %p_shl14_cast = zext i10 %tmp_274 to i11

ST_28: tmp_275 (148)  [1/1] 0.00ns  loc: accelerator_newone/components.cpp:314
.preheader10.preheader:2  %tmp_275 = call i7 @_ssdm_op_BitConcatenate.i7.i6.i1(i6 %co4, i1 false)

ST_28: p_shl15_cast (149)  [1/1] 0.00ns  loc: accelerator_newone/components.cpp:317
.preheader10.preheader:3  %p_shl15_cast = zext i7 %tmp_275 to i11

ST_28: tmp_276 (150)  [1/1] 2.32ns  loc: accelerator_newone/components.cpp:317
.preheader10.preheader:4  %tmp_276 = add i11 %p_shl15_cast, %p_shl14_cast

ST_28: StgValue_172 (151)  [1/1] 1.59ns  loc: accelerator_newone/components.cpp:315
.preheader10.preheader:5  br label %.preheader10

ST_28: StgValue_173 (197)  [1/1] 0.00ns  loc: accelerator_newone/components.cpp:323
:0  ret void


 <State 29>: 4.68ns
ST_29: h5 (153)  [1/1] 0.00ns
.preheader10:0  %h5 = phi i5 [ %h_27, %8 ], [ 1, %.preheader10.preheader ]

ST_29: exitcond1 (154)  [1/1] 3.31ns  loc: accelerator_newone/components.cpp:315
.preheader10:1  %exitcond1 = icmp eq i5 %h5, -15

ST_29: empty_97 (155)  [1/1] 0.00ns
.preheader10:2  %empty_97 = call i32 (...)* @_ssdm_op_SpecLoopTripCount(i64 16, i64 16, i64 16)

ST_29: StgValue_177 (156)  [1/1] 0.00ns  loc: accelerator_newone/components.cpp:315
.preheader10:3  br i1 %exitcond1, label %.preheader11.loopexit, label %.preheader.preheader

ST_29: tmp_113_cast (158)  [1/1] 0.00ns  loc: accelerator_newone/components.cpp:317
.preheader.preheader:0  %tmp_113_cast = zext i5 %h5 to i11

ST_29: tmp_280 (159)  [1/1] 2.33ns  loc: accelerator_newone/components.cpp:317
.preheader.preheader:1  %tmp_280 = add i11 %tmp_113_cast, %tmp_276

ST_29: p_shl16_cast (160)  [1/1] 0.00ns  loc: accelerator_newone/components.cpp:317
.preheader.preheader:2  %p_shl16_cast = call i15 @_ssdm_op_BitConcatenate.i15.i11.i4(i11 %tmp_280, i4 0)

ST_29: tmp_281 (161)  [1/1] 0.00ns  loc: accelerator_newone/components.cpp:317
.preheader.preheader:3  %tmp_281 = call i12 @_ssdm_op_BitConcatenate.i12.i11.i1(i11 %tmp_280, i1 false)

ST_29: p_shl17_cast (162)  [1/1] 0.00ns  loc: accelerator_newone/components.cpp:317
.preheader.preheader:4  %p_shl17_cast = zext i12 %tmp_281 to i15

ST_29: tmp_282 (163)  [1/1] 2.35ns  loc: accelerator_newone/components.cpp:317
.preheader.preheader:5  %tmp_282 = add i15 %p_shl16_cast, %p_shl17_cast

ST_29: StgValue_184 (164)  [1/1] 1.59ns  loc: accelerator_newone/components.cpp:316
.preheader.preheader:6  br label %.preheader

ST_29: StgValue_185 (195)  [1/1] 0.00ns
.preheader11.loopexit:0  br label %.preheader11


 <State 30>: 5.61ns
ST_30: w6 (166)  [1/1] 0.00ns
.preheader:0  %w6 = phi i5 [ %w_27, %._crit_edge ], [ 1, %.preheader.preheader ]

ST_30: exitcond (167)  [1/1] 3.31ns  loc: accelerator_newone/components.cpp:316
.preheader:1  %exitcond = icmp eq i5 %w6, -15

ST_30: empty_98 (168)  [1/1] 0.00ns
.preheader:2  %empty_98 = call i32 (...)* @_ssdm_op_SpecLoopTripCount(i64 16, i64 16, i64 16)

ST_30: StgValue_189 (169)  [1/1] 0.00ns  loc: accelerator_newone/components.cpp:316
.preheader:3  br i1 %exitcond, label %8, label %6

ST_30: tmp_115_cast (171)  [1/1] 0.00ns  loc: accelerator_newone/components.cpp:317
:0  %tmp_115_cast = zext i5 %w6 to i15

ST_30: tmp_284 (172)  [1/1] 2.35ns  loc: accelerator_newone/components.cpp:317
:1  %tmp_284 = add i15 %tmp_282, %tmp_115_cast

ST_30: tmp_356_cast (173)  [1/1] 0.00ns  loc: accelerator_newone/components.cpp:317
:2  %tmp_356_cast = zext i15 %tmp_284 to i64

ST_30: ShuffleConvs_1_Downs_4 (174)  [1/1] 0.00ns  loc: accelerator_newone/components.cpp:317
:3  %ShuffleConvs_1_Downs_4 = getelementptr [15552 x float]* @ShuffleConvs_1_Downs, i64 0, i64 %tmp_356_cast

ST_30: ShuffleConvs_1_Downs_5 (175)  [2/2] 3.25ns  loc: accelerator_newone/components.cpp:317
:4  %ShuffleConvs_1_Downs_5 = load float* %ShuffleConvs_1_Downs_4, align 4

ST_30: h_27 (192)  [1/1] 2.33ns  loc: accelerator_newone/components.cpp:315
:0  %h_27 = add i5 %h5, 1

ST_30: StgValue_196 (193)  [1/1] 0.00ns  loc: accelerator_newone/components.cpp:315
:1  br label %.preheader10


 <State 31>: 3.25ns
ST_31: ShuffleConvs_1_Downs_5 (175)  [1/2] 3.25ns  loc: accelerator_newone/components.cpp:317
:4  %ShuffleConvs_1_Downs_5 = load float* %ShuffleConvs_1_Downs_4, align 4


 <State 32>: 6.79ns
ST_32: ShuffleConvs_1_Downs_7 (176)  [1/1] 0.00ns  loc: accelerator_newone/components.cpp:317
:5  %ShuffleConvs_1_Downs_7 = bitcast float %ShuffleConvs_1_Downs_5 to i32

ST_32: tmp_21 (177)  [1/1] 0.00ns  loc: accelerator_newone/components.cpp:317
:6  %tmp_21 = call i8 @_ssdm_op_PartSelect.i8.i32.i32.i32(i32 %ShuffleConvs_1_Downs_7, i32 23, i32 30)

ST_32: tmp_285 (178)  [1/1] 0.00ns  loc: accelerator_newone/components.cpp:317
:7  %tmp_285 = trunc i32 %ShuffleConvs_1_Downs_7 to i23

ST_32: notlhs (179)  [1/1] 2.91ns  loc: accelerator_newone/components.cpp:317
:8  %notlhs = icmp ne i8 %tmp_21, -1

ST_32: notrhs (180)  [1/1] 3.20ns  loc: accelerator_newone/components.cpp:317
:9  %notrhs = icmp eq i23 %tmp_285, 0

ST_32: tmp_24 (182)  [1/1] 6.79ns  loc: accelerator_newone/components.cpp:317
:11  %tmp_24 = fcmp olt float %ShuffleConvs_1_Downs_5, 0.000000e+00


 <State 33>: 3.25ns
ST_33: tmp_23 (181)  [1/1] 0.00ns  loc: accelerator_newone/components.cpp:317 (grouped into LUT with out node tmp_25)
:10  %tmp_23 = or i1 %notrhs, %notlhs

ST_33: tmp_25 (183)  [1/1] 2.07ns  loc: accelerator_newone/components.cpp:317 (out node of the LUT)
:12  %tmp_25 = and i1 %tmp_23, %tmp_24

ST_33: StgValue_206 (184)  [1/1] 0.00ns  loc: accelerator_newone/components.cpp:317
:13  br i1 %tmp_25, label %7, label %._crit_edge

ST_33: StgValue_207 (186)  [1/1] 3.25ns  loc: accelerator_newone/components.cpp:318
:0  store float 0.000000e+00, float* %ShuffleConvs_1_Downs_4, align 4

ST_33: StgValue_208 (187)  [1/1] 0.00ns  loc: accelerator_newone/components.cpp:319
:1  br label %._crit_edge

ST_33: w_27 (189)  [1/1] 2.33ns  loc: accelerator_newone/components.cpp:316
._crit_edge:0  %w_27 = add i5 %w6, 1

ST_33: StgValue_210 (190)  [1/1] 0.00ns  loc: accelerator_newone/components.cpp:316
._crit_edge:1  br label %.preheader



============================================================
+ Verbose Summary: Timing violations
============================================================
Target clock period: 10ns, clock uncertainty: 1.25ns.

 <State 1>: 1.59ns
The critical path consists of the following:
	multiplexor before 'phi' operation ('co') with incoming values : ('co', accelerator_newone/components.cpp:294) [7]  (1.59 ns)

 <State 2>: 3.88ns
The critical path consists of the following:
	'phi' operation ('co') with incoming values : ('co', accelerator_newone/components.cpp:294) [7]  (0 ns)
	'icmp' operation ('exitcond9', accelerator_newone/components.cpp:294) [8]  (3.88 ns)

 <State 3>: 4.68ns
The critical path consists of the following:
	'phi' operation ('h') with incoming values : ('h', accelerator_newone/components.cpp:295) [22]  (0 ns)
	'add' operation ('tmp_272', accelerator_newone/components.cpp:297) [28]  (2.33 ns)
	'add' operation ('tmp_273', accelerator_newone/components.cpp:297) [32]  (2.35 ns)

 <State 4>: 3.31ns
The critical path consists of the following:
	'phi' operation ('w') with incoming values : ('w', accelerator_newone/components.cpp:296) [35]  (0 ns)
	'icmp' operation ('exitcond7', accelerator_newone/components.cpp:296) [36]  (3.31 ns)

 <State 5>: 6.51ns
The critical path consists of the following:
	'load' operation ('bias_load', accelerator_newone/components.cpp:297) on array 'bias' [40]  (3.25 ns)
	'store' operation (accelerator_newone/components.cpp:297) of variable 'bias_load', accelerator_newone/components.cpp:297 on array 'ShuffleConvs_1_Downs' [45]  (3.25 ns)

 <State 6>: 3.88ns
The critical path consists of the following:
	'phi' operation ('co') with incoming values : ('co', accelerator_newone/components.cpp:302) [56]  (0 ns)
	'icmp' operation ('exitcond6', accelerator_newone/components.cpp:302) [57]  (3.88 ns)

 <State 7>: 4.68ns
The critical path consists of the following:
	'phi' operation ('h') with incoming values : ('h', accelerator_newone/components.cpp:303) [73]  (0 ns)
	'add' operation ('tmp_277', accelerator_newone/components.cpp:309) [79]  (2.33 ns)
	'add' operation ('tmp_278', accelerator_newone/components.cpp:309) [83]  (2.35 ns)

 <State 8>: 3.31ns
The critical path consists of the following:
	'phi' operation ('w') with incoming values : ('w', accelerator_newone/components.cpp:304) [86]  (0 ns)
	'icmp' operation ('exitcond4', accelerator_newone/components.cpp:304) [87]  (3.31 ns)

 <State 9>: 7.63ns
The critical path consists of the following:
	'phi' operation ('ci') with incoming values : ('ci', accelerator_newone/components.cpp:306) [98]  (0 ns)
	'add' operation ('tmp_289', accelerator_newone/components.cpp:307) [112]  (1.88 ns)
	'add' operation ('tmp_290', accelerator_newone/components.cpp:307) [113]  (1.88 ns)
	'add' operation ('tmp_292', accelerator_newone/components.cpp:307) [117]  (1.94 ns)
	'add' operation ('tmp_293', accelerator_newone/components.cpp:307) [118]  (1.94 ns)

 <State 10>: 3.25ns
The critical path consists of the following:
	'getelementptr' operation ('weight_addr', accelerator_newone/components.cpp:307) [107]  (0 ns)
	'load' operation ('weight_load', accelerator_newone/components.cpp:307) on array 'weight' [121]  (3.25 ns)

 <State 11>: 3.25ns
The critical path consists of the following:
	'load' operation ('weight_load', accelerator_newone/components.cpp:307) on array 'weight' [121]  (3.25 ns)

 <State 12>: 5.7ns
The critical path consists of the following:
	'fmul' operation ('tmp_118', accelerator_newone/components.cpp:307) [123]  (5.7 ns)

 <State 13>: 5.7ns
The critical path consists of the following:
	'fmul' operation ('tmp_118', accelerator_newone/components.cpp:307) [123]  (5.7 ns)

 <State 14>: 5.7ns
The critical path consists of the following:
	'fmul' operation ('tmp_118', accelerator_newone/components.cpp:307) [123]  (5.7 ns)

 <State 15>: 5.7ns
The critical path consists of the following:
	'fmul' operation ('tmp_118', accelerator_newone/components.cpp:307) [123]  (5.7 ns)

 <State 16>: 7.26ns
The critical path consists of the following:
	'fadd' operation ('sum', accelerator_newone/components.cpp:307) [124]  (7.26 ns)

 <State 17>: 7.26ns
The critical path consists of the following:
	'fadd' operation ('sum', accelerator_newone/components.cpp:307) [124]  (7.26 ns)

 <State 18>: 7.26ns
The critical path consists of the following:
	'fadd' operation ('sum', accelerator_newone/components.cpp:307) [124]  (7.26 ns)

 <State 19>: 7.26ns
The critical path consists of the following:
	'fadd' operation ('sum', accelerator_newone/components.cpp:307) [124]  (7.26 ns)

 <State 20>: 7.26ns
The critical path consists of the following:
	'fadd' operation ('sum', accelerator_newone/components.cpp:307) [124]  (7.26 ns)

 <State 21>: 3.25ns
The critical path consists of the following:
	'load' operation ('ShuffleConvs_1_Downs_3', accelerator_newone/components.cpp:309) on array 'ShuffleConvs_1_Downs' [127]  (3.25 ns)

 <State 22>: 7.26ns
The critical path consists of the following:
	'fadd' operation ('tmp_116', accelerator_newone/components.cpp:309) [128]  (7.26 ns)

 <State 23>: 7.26ns
The critical path consists of the following:
	'fadd' operation ('tmp_116', accelerator_newone/components.cpp:309) [128]  (7.26 ns)

 <State 24>: 7.26ns
The critical path consists of the following:
	'fadd' operation ('tmp_116', accelerator_newone/components.cpp:309) [128]  (7.26 ns)

 <State 25>: 7.26ns
The critical path consists of the following:
	'fadd' operation ('tmp_116', accelerator_newone/components.cpp:309) [128]  (7.26 ns)

 <State 26>: 7.26ns
The critical path consists of the following:
	'fadd' operation ('tmp_116', accelerator_newone/components.cpp:309) [128]  (7.26 ns)

 <State 27>: 3.25ns
The critical path consists of the following:
	'store' operation (accelerator_newone/components.cpp:309) of variable 'tmp_116', accelerator_newone/components.cpp:309 on array 'ShuffleConvs_1_Downs' [129]  (3.25 ns)

 <State 28>: 3.88ns
The critical path consists of the following:
	'phi' operation ('co') with incoming values : ('co', accelerator_newone/components.cpp:314) [140]  (0 ns)
	'icmp' operation ('exitcond2', accelerator_newone/components.cpp:314) [141]  (3.88 ns)

 <State 29>: 4.68ns
The critical path consists of the following:
	'phi' operation ('h') with incoming values : ('h', accelerator_newone/components.cpp:315) [153]  (0 ns)
	'add' operation ('tmp_280', accelerator_newone/components.cpp:317) [159]  (2.33 ns)
	'add' operation ('tmp_282', accelerator_newone/components.cpp:317) [163]  (2.35 ns)

 <State 30>: 5.61ns
The critical path consists of the following:
	'phi' operation ('w') with incoming values : ('w', accelerator_newone/components.cpp:316) [166]  (0 ns)
	'add' operation ('tmp_284', accelerator_newone/components.cpp:317) [172]  (2.35 ns)
	'getelementptr' operation ('ShuffleConvs_1_Downs_4', accelerator_newone/components.cpp:317) [174]  (0 ns)
	'load' operation ('ShuffleConvs_1_Downs_5', accelerator_newone/components.cpp:317) on array 'ShuffleConvs_1_Downs' [175]  (3.25 ns)

 <State 31>: 3.25ns
The critical path consists of the following:
	'load' operation ('ShuffleConvs_1_Downs_5', accelerator_newone/components.cpp:317) on array 'ShuffleConvs_1_Downs' [175]  (3.25 ns)

 <State 32>: 6.79ns
The critical path consists of the following:
	'fcmp' operation ('tmp_24', accelerator_newone/components.cpp:317) [182]  (6.79 ns)

 <State 33>: 3.25ns
The critical path consists of the following:
	'store' operation (accelerator_newone/components.cpp:318) of constant 0 on array 'ShuffleConvs_1_Downs' [186]  (3.25 ns)


============================================================
+ Verbose Summary: Binding
============================================================
N/A
* FSMD analyzer results:
  - Output states:
 - Input state : 
  - Chain level:
	State 1
	State 2
	State 3
	State 4
	State 5
	State 6
	State 7
	State 8
	State 9
	State 10
	State 11
	State 12
	State 13
	State 14
	State 15
	State 16
	State 17
	State 18
	State 19
	State 20
	State 21
	State 22
	State 23
	State 24
	State 25
	State 26
	State 27
	State 28
	State 29
	State 30
	State 31
	State 32
	State 33


============================================================
+ Verbose Summary: Datapath Resource usage 
============================================================
N/A
