

================================================================
== Vivado HLS Report for 'ShuffleUnit1'
================================================================
* Date:           Mon Dec 10 14:57:12 2018

* Version:        2017.2 (Build 1909853 on Thu Jun 15 18:55:24 MDT 2017)
* Project:        accelerator_hls
* Solution:       naive
* Product family: zynq
* Target device:  xc7z020clg484-1


================================================================
== Performance Estimates
================================================================
+ Timing (ns): 
    * Summary: 
    +--------+-------+----------+------------+
    |  Clock | Target| Estimated| Uncertainty|
    +--------+-------+----------+------------+
    |ap_clk  |  10.00|      8.53|        1.25|
    +--------+-------+----------+------------+

+ Latency (clock cycles): 
    * Summary: 
    +---------+---------+---------+---------+---------+
    |      Latency      |      Interval     | Pipeline|
    |   min   |   max   |   min   |   max   |   Type  |
    +---------+---------+---------+---------+---------+
    |  3724476|  3724476|  3724476|  3724476|   none  |
    +---------+---------+---------+---------+---------+

    + Detail: 
        * Instance: 
        N/A

        * Loop: 
        +--------------------------+------+------+----------+-----------+-----------+------+----------+
        |                          |   Latency   | Iteration|  Initiation Interval  | Trip |          |
        |         Loop Name        |  min |  max |  Latency |  achieved |   target  | Count| Pipelined|
        +--------------------------+------+------+----------+-----------+-----------+------+----------+
        |- memset_left_part        |  3503|  3503|        73|          -|          -|    48|    no    |
        | + memset_left_part       |    71|    71|         9|          -|          -|     8|    no    |
        |  ++ memset_left_part     |     7|     7|         1|          -|          -|     8|    no    |
        |- memset_right_part       |  3503|  3503|        73|          -|          -|    48|    no    |
        | + memset_right_part      |    71|    71|         9|          -|          -|     8|    no    |
        |  ++ memset_right_part    |     7|     7|         1|          -|          -|     8|    no    |
        |- memset_conv1_output     |  3503|  3503|        73|          -|          -|    48|    no    |
        | + memset_conv1_output    |    71|    71|         9|          -|          -|     8|    no    |
        |  ++ memset_conv1_output  |     7|     7|         1|          -|          -|     8|    no    |
        |- memset_conv2_output     |  3503|  3503|        73|          -|          -|    48|    no    |
        | + memset_conv2_output    |    71|    71|         9|          -|          -|     8|    no    |
        |  ++ memset_conv2_output  |     7|     7|         1|          -|          -|     8|    no    |
        |- memset_conv3_output     |  3503|  3503|        73|          -|          -|    48|    no    |
        | + memset_conv3_output    |    71|    71|         9|          -|          -|     8|    no    |
        |  ++ memset_conv3_output  |     7|     7|         1|          -|          -|     8|    no    |
        |- Loop 6                  |  7008|  7008|       146|          -|          -|    48|    no    |
        | + Loop 6.1               |   144|   144|        18|          -|          -|     8|    no    |
        |  ++ Loop 6.1.1           |    16|    16|         2|          -|          -|     8|    no    |
        +--------------------------+------+------+----------+-----------+-----------+------+----------+

============================================================
+ Verbose Summary: Synthesis Manager
============================================================
InlineROM: 1
ExposeGlobal: 0
============================================================
+ Verbose Summary: CDFG Model
============================================================
IsTopModel: 0
ResetActiveHigh: 1
IsCombinational: 0
IsDatapathOnly: 0
HasWiredReturn: 1
HasMFsm: 0
HasVarLatency: 1
IsPipeline: 0
IsRtlPipelined: 0
IsInstanceOverlapped: 0
IsDontTouch: 0
HasImplIP: 0
IsGatedGlobalClock: 0


============================================================
+ Verbose Summary: Schedule
============================================================
* Number of FSM states: 27
* Pipeline: 0
* Dataflow Pipeline: 0

* FSM state transitions: 
1 --> 
	2  / true
2 --> 
	3  / true
3 --> 
	4  / true
4 --> 
	4  / (!tmp_s)
	3  / (tmp_s & !tmp_136)
	2  / (tmp_s & tmp_136 & !tmp_137)
	5  / (tmp_s & tmp_136 & tmp_137)
5 --> 
	6  / true
6 --> 
	7  / true
7 --> 
	7  / (!tmp_138)
	6  / (tmp_138 & !tmp_139)
	5  / (tmp_138 & tmp_139 & !tmp_140)
	8  / (tmp_138 & tmp_139 & tmp_140)
8 --> 
	9  / true
9 --> 
	10  / true
10 --> 
	10  / (!tmp_141)
	9  / (tmp_141 & !tmp_142)
	8  / (tmp_141 & tmp_142 & !tmp_143)
	11  / (tmp_141 & tmp_142 & tmp_143)
11 --> 
	12  / true
12 --> 
	13  / true
13 --> 
	13  / (!tmp_144)
	12  / (tmp_144 & !tmp_145)
	11  / (tmp_144 & tmp_145 & !tmp_146)
	14  / (tmp_144 & tmp_145 & tmp_146)
14 --> 
	15  / true
15 --> 
	16  / true
16 --> 
	16  / (!tmp_147)
	15  / (tmp_147 & !tmp_148)
	14  / (tmp_147 & tmp_148 & !tmp_149)
	17  / (tmp_147 & tmp_148 & tmp_149)
17 --> 
	21  / (exitcond2)
	18  / (!exitcond2)
18 --> 
	19  / (!exitcond1)
	17  / (exitcond1)
19 --> 
	20  / (!exitcond)
	18  / (exitcond)
20 --> 
	19  / true
21 --> 
	22  / true
22 --> 
	23  / true
23 --> 
	24  / true
24 --> 
	25  / true
25 --> 
	26  / true
26 --> 
	27  / true
27 --> 
* FSM state operations: 

 <State 1>: 1.59ns
ST_1: left_part_0 (9)  [1/1] 0.00ns  loc: accelerator_hls/components.cpp:351
meminst.0:0  %left_part_0 = alloca [3072 x float], align 4

ST_1: right_part_0 (10)  [1/1] 0.00ns  loc: accelerator_hls/components.cpp:352
meminst.0:1  %right_part_0 = alloca [3072 x float], align 4

ST_1: conv1_output_0 (11)  [1/1] 0.00ns  loc: accelerator_hls/components.cpp:353
meminst.0:2  %conv1_output_0 = alloca [3072 x float], align 4

ST_1: conv2_output_0 (12)  [1/1] 0.00ns  loc: accelerator_hls/components.cpp:354
meminst.0:3  %conv2_output_0 = alloca [3072 x float], align 4

ST_1: conv3_output_0 (13)  [1/1] 0.00ns  loc: accelerator_hls/components.cpp:355
meminst.0:4  %conv3_output_0 = alloca [3072 x float], align 4

ST_1: StgValue_33 (14)  [1/1] 1.59ns
meminst.0:5  br label %meminst5.0


 <State 2>: 2.31ns
ST_2: invdar6 (16)  [1/1] 0.00ns  loc: accelerator_hls/components.cpp:351
meminst5.0:0  %invdar6 = phi i6 [ 0, %meminst.0 ], [ %indvarinc7, %meminst58.0 ]

ST_2: indvarinc7 (17)  [1/1] 2.31ns  loc: accelerator_hls/components.cpp:351
meminst5.0:1  %indvarinc7 = add i6 %invdar6, 1

ST_2: empty_344 (18)  [1/1] 0.00ns
meminst5.0:2  %empty_344 = call i32 (...)* @_ssdm_op_SpecLoopTripCount(i64 48, i64 48, i64 48)

ST_2: StgValue_37 (19)  [1/1] 1.59ns
meminst5.0:3  br label %meminst9.0


 <State 3>: 2.26ns
ST_3: invdar10 (21)  [1/1] 0.00ns  loc: accelerator_hls/components.cpp:351
meminst9.0:0  %invdar10 = phi i3 [ 0, %meminst5.0 ], [ %indvarinc11, %meminst912.0 ]

ST_3: indvarinc11 (22)  [1/1] 2.26ns  loc: accelerator_hls/components.cpp:351
meminst9.0:1  %indvarinc11 = add i3 %invdar10, 1

ST_3: empty_343 (23)  [1/1] 0.00ns
meminst9.0:2  %empty_343 = call i32 (...)* @_ssdm_op_SpecLoopTripCount(i64 8, i64 8, i64 8)

ST_3: StgValue_41 (24)  [1/1] 1.59ns
meminst9.0:3  br label %meminst13.0


 <State 4>: 3.88ns
ST_4: invdar14 (26)  [1/1] 0.00ns  loc: accelerator_hls/components.cpp:351
meminst13.0:0  %invdar14 = phi i3 [ 0, %meminst9.0 ], [ %indvarinc, %meminst13.0 ]

ST_4: indvarinc (27)  [1/1] 2.26ns  loc: accelerator_hls/components.cpp:351
meminst13.0:1  %indvarinc = add i3 %invdar14, 1

ST_4: tmp (28)  [1/1] 0.00ns  loc: accelerator_hls/components.cpp:351
meminst13.0:2  %tmp = call i12 @_ssdm_op_BitConcatenate.i12.i6.i3.i3(i6 %invdar6, i3 %invdar10, i3 %invdar14)

ST_4: tmp_191 (29)  [1/1] 0.00ns  loc: accelerator_hls/components.cpp:351
meminst13.0:3  %tmp_191 = zext i12 %tmp to i64

ST_4: left_part_0_addr (30)  [1/1] 0.00ns  loc: accelerator_hls/components.cpp:351
meminst13.0:4  %left_part_0_addr = getelementptr [3072 x float]* %left_part_0, i64 0, i64 %tmp_191

ST_4: StgValue_47 (31)  [1/1] 3.25ns  loc: accelerator_hls/components.cpp:351
meminst13.0:5  store float 0.000000e+00, float* %left_part_0_addr, align 4

ST_4: tmp_s (32)  [1/1] 2.07ns  loc: accelerator_hls/components.cpp:351
meminst13.0:6  %tmp_s = icmp eq i3 %invdar14, -1

ST_4: empty_341 (33)  [1/1] 0.00ns
meminst13.0:7  %empty_341 = call i32 (...)* @_ssdm_op_SpecLoopName([17 x i8]* @memset_left_part_str) nounwind

ST_4: empty_342 (34)  [1/1] 0.00ns
meminst13.0:8  %empty_342 = call i32 (...)* @_ssdm_op_SpecLoopTripCount(i64 8, i64 8, i64 8)

ST_4: StgValue_51 (35)  [1/1] 0.00ns  loc: accelerator_hls/components.cpp:351
meminst13.0:9  br i1 %tmp_s, label %meminst912.0, label %meminst13.0

ST_4: tmp_136 (37)  [1/1] 2.07ns  loc: accelerator_hls/components.cpp:351
meminst912.0:0  %tmp_136 = icmp eq i3 %invdar10, -1

ST_4: empty_340 (38)  [1/1] 0.00ns
meminst912.0:1  %empty_340 = call i32 (...)* @_ssdm_op_SpecLoopName([17 x i8]* @memset_left_part_str) nounwind

ST_4: StgValue_54 (39)  [1/1] 0.00ns  loc: accelerator_hls/components.cpp:351
meminst912.0:2  br i1 %tmp_136, label %meminst58.0, label %meminst9.0

ST_4: tmp_137 (41)  [1/1] 3.88ns  loc: accelerator_hls/components.cpp:351
meminst58.0:0  %tmp_137 = icmp eq i6 %invdar6, -17

ST_4: empty (42)  [1/1] 0.00ns
meminst58.0:1  %empty = call i32 (...)* @_ssdm_op_SpecLoopName([17 x i8]* @memset_left_part_str) nounwind

ST_4: StgValue_57 (43)  [1/1] 0.00ns  loc: accelerator_hls/components.cpp:351
meminst58.0:2  br i1 %tmp_137, label %meminst20.0.preheader, label %meminst5.0

ST_4: StgValue_58 (45)  [1/1] 1.59ns  loc: accelerator_hls/components.cpp:352
meminst20.0.preheader:0  br label %meminst20.0


 <State 5>: 2.31ns
ST_5: invdar (47)  [1/1] 0.00ns  loc: accelerator_hls/components.cpp:352
meminst20.0:0  %invdar = phi i6 [ %indvarinc15, %meminst2023.0 ], [ 0, %meminst20.0.preheader ]

ST_5: indvarinc15 (48)  [1/1] 2.31ns  loc: accelerator_hls/components.cpp:352
meminst20.0:1  %indvarinc15 = add i6 %invdar, 1

ST_5: empty_350 (49)  [1/1] 0.00ns
meminst20.0:2  %empty_350 = call i32 (...)* @_ssdm_op_SpecLoopTripCount(i64 48, i64 48, i64 48)

ST_5: StgValue_62 (50)  [1/1] 1.59ns
meminst20.0:3  br label %meminst24.0


 <State 6>: 2.26ns
ST_6: invdar15 (52)  [1/1] 0.00ns  loc: accelerator_hls/components.cpp:352
meminst24.0:0  %invdar15 = phi i3 [ 0, %meminst20.0 ], [ %indvarinc16, %meminst2427.0 ]

ST_6: indvarinc16 (53)  [1/1] 2.26ns  loc: accelerator_hls/components.cpp:352
meminst24.0:1  %indvarinc16 = add i3 %invdar15, 1

ST_6: empty_349 (54)  [1/1] 0.00ns
meminst24.0:2  %empty_349 = call i32 (...)* @_ssdm_op_SpecLoopTripCount(i64 8, i64 8, i64 8)

ST_6: StgValue_66 (55)  [1/1] 1.59ns
meminst24.0:3  br label %meminst28.0


 <State 7>: 3.88ns
ST_7: invdar16 (57)  [1/1] 0.00ns  loc: accelerator_hls/components.cpp:352
meminst28.0:0  %invdar16 = phi i3 [ 0, %meminst24.0 ], [ %indvarinc17, %meminst28.0 ]

ST_7: indvarinc17 (58)  [1/1] 2.26ns  loc: accelerator_hls/components.cpp:352
meminst28.0:1  %indvarinc17 = add i3 %invdar16, 1

ST_7: tmp_110 (59)  [1/1] 0.00ns  loc: accelerator_hls/components.cpp:352
meminst28.0:2  %tmp_110 = call i12 @_ssdm_op_BitConcatenate.i12.i6.i3.i3(i6 %invdar, i3 %invdar15, i3 %invdar16)

ST_7: tmp_192 (60)  [1/1] 0.00ns  loc: accelerator_hls/components.cpp:352
meminst28.0:3  %tmp_192 = zext i12 %tmp_110 to i64

ST_7: right_part_0_addr (61)  [1/1] 0.00ns  loc: accelerator_hls/components.cpp:352
meminst28.0:4  %right_part_0_addr = getelementptr [3072 x float]* %right_part_0, i64 0, i64 %tmp_192

ST_7: StgValue_72 (62)  [1/1] 3.25ns  loc: accelerator_hls/components.cpp:352
meminst28.0:5  store float 0.000000e+00, float* %right_part_0_addr, align 4

ST_7: tmp_138 (63)  [1/1] 2.07ns  loc: accelerator_hls/components.cpp:352
meminst28.0:6  %tmp_138 = icmp eq i3 %invdar16, -1

ST_7: empty_347 (64)  [1/1] 0.00ns
meminst28.0:7  %empty_347 = call i32 (...)* @_ssdm_op_SpecLoopName([18 x i8]* @memset_right_part_st) nounwind

ST_7: empty_348 (65)  [1/1] 0.00ns
meminst28.0:8  %empty_348 = call i32 (...)* @_ssdm_op_SpecLoopTripCount(i64 8, i64 8, i64 8)

ST_7: StgValue_76 (66)  [1/1] 0.00ns  loc: accelerator_hls/components.cpp:352
meminst28.0:9  br i1 %tmp_138, label %meminst2427.0, label %meminst28.0

ST_7: tmp_139 (68)  [1/1] 2.07ns  loc: accelerator_hls/components.cpp:352
meminst2427.0:0  %tmp_139 = icmp eq i3 %invdar15, -1

ST_7: empty_346 (69)  [1/1] 0.00ns
meminst2427.0:1  %empty_346 = call i32 (...)* @_ssdm_op_SpecLoopName([18 x i8]* @memset_right_part_st) nounwind

ST_7: StgValue_79 (70)  [1/1] 0.00ns  loc: accelerator_hls/components.cpp:352
meminst2427.0:2  br i1 %tmp_139, label %meminst2023.0, label %meminst24.0

ST_7: tmp_140 (72)  [1/1] 3.88ns  loc: accelerator_hls/components.cpp:352
meminst2023.0:0  %tmp_140 = icmp eq i6 %invdar, -17

ST_7: empty_345 (73)  [1/1] 0.00ns
meminst2023.0:1  %empty_345 = call i32 (...)* @_ssdm_op_SpecLoopName([18 x i8]* @memset_right_part_st) nounwind

ST_7: StgValue_82 (74)  [1/1] 0.00ns  loc: accelerator_hls/components.cpp:352
meminst2023.0:2  br i1 %tmp_140, label %meminst35.0.preheader, label %meminst20.0

ST_7: StgValue_83 (76)  [1/1] 1.59ns  loc: accelerator_hls/components.cpp:353
meminst35.0.preheader:0  br label %meminst35.0


 <State 8>: 2.31ns
ST_8: invdar17 (78)  [1/1] 0.00ns  loc: accelerator_hls/components.cpp:353
meminst35.0:0  %invdar17 = phi i6 [ %indvarinc18, %meminst3538.0 ], [ 0, %meminst35.0.preheader ]

ST_8: indvarinc18 (79)  [1/1] 2.31ns  loc: accelerator_hls/components.cpp:353
meminst35.0:1  %indvarinc18 = add i6 %invdar17, 1

ST_8: empty_356 (80)  [1/1] 0.00ns
meminst35.0:2  %empty_356 = call i32 (...)* @_ssdm_op_SpecLoopTripCount(i64 48, i64 48, i64 48)

ST_8: StgValue_87 (81)  [1/1] 1.59ns
meminst35.0:3  br label %meminst39.0


 <State 9>: 2.26ns
ST_9: invdar18 (83)  [1/1] 0.00ns  loc: accelerator_hls/components.cpp:353
meminst39.0:0  %invdar18 = phi i3 [ 0, %meminst35.0 ], [ %indvarinc19, %meminst3942.0 ]

ST_9: indvarinc19 (84)  [1/1] 2.26ns  loc: accelerator_hls/components.cpp:353
meminst39.0:1  %indvarinc19 = add i3 %invdar18, 1

ST_9: empty_355 (85)  [1/1] 0.00ns
meminst39.0:2  %empty_355 = call i32 (...)* @_ssdm_op_SpecLoopTripCount(i64 8, i64 8, i64 8)

ST_9: StgValue_91 (86)  [1/1] 1.59ns
meminst39.0:3  br label %meminst43.0


 <State 10>: 3.88ns
ST_10: invdar19 (88)  [1/1] 0.00ns  loc: accelerator_hls/components.cpp:353
meminst43.0:0  %invdar19 = phi i3 [ 0, %meminst39.0 ], [ %indvarinc20, %meminst43.0 ]

ST_10: indvarinc20 (89)  [1/1] 2.26ns  loc: accelerator_hls/components.cpp:353
meminst43.0:1  %indvarinc20 = add i3 %invdar19, 1

ST_10: tmp_111 (90)  [1/1] 0.00ns  loc: accelerator_hls/components.cpp:353
meminst43.0:2  %tmp_111 = call i12 @_ssdm_op_BitConcatenate.i12.i6.i3.i3(i6 %invdar17, i3 %invdar18, i3 %invdar19)

ST_10: tmp_193 (91)  [1/1] 0.00ns  loc: accelerator_hls/components.cpp:353
meminst43.0:3  %tmp_193 = zext i12 %tmp_111 to i64

ST_10: conv1_output_0_addr (92)  [1/1] 0.00ns  loc: accelerator_hls/components.cpp:353
meminst43.0:4  %conv1_output_0_addr = getelementptr [3072 x float]* %conv1_output_0, i64 0, i64 %tmp_193

ST_10: StgValue_97 (93)  [1/1] 3.25ns  loc: accelerator_hls/components.cpp:353
meminst43.0:5  store float 0.000000e+00, float* %conv1_output_0_addr, align 4

ST_10: tmp_141 (94)  [1/1] 2.07ns  loc: accelerator_hls/components.cpp:353
meminst43.0:6  %tmp_141 = icmp eq i3 %invdar19, -1

ST_10: empty_353 (95)  [1/1] 0.00ns
meminst43.0:7  %empty_353 = call i32 (...)* @_ssdm_op_SpecLoopName([20 x i8]* @memset_conv1_output_s) nounwind

ST_10: empty_354 (96)  [1/1] 0.00ns
meminst43.0:8  %empty_354 = call i32 (...)* @_ssdm_op_SpecLoopTripCount(i64 8, i64 8, i64 8)

ST_10: StgValue_101 (97)  [1/1] 0.00ns  loc: accelerator_hls/components.cpp:353
meminst43.0:9  br i1 %tmp_141, label %meminst3942.0, label %meminst43.0

ST_10: tmp_142 (99)  [1/1] 2.07ns  loc: accelerator_hls/components.cpp:353
meminst3942.0:0  %tmp_142 = icmp eq i3 %invdar18, -1

ST_10: empty_352 (100)  [1/1] 0.00ns
meminst3942.0:1  %empty_352 = call i32 (...)* @_ssdm_op_SpecLoopName([20 x i8]* @memset_conv1_output_s) nounwind

ST_10: StgValue_104 (101)  [1/1] 0.00ns  loc: accelerator_hls/components.cpp:353
meminst3942.0:2  br i1 %tmp_142, label %meminst3538.0, label %meminst39.0

ST_10: tmp_143 (103)  [1/1] 3.88ns  loc: accelerator_hls/components.cpp:353
meminst3538.0:0  %tmp_143 = icmp eq i6 %invdar17, -17

ST_10: empty_351 (104)  [1/1] 0.00ns
meminst3538.0:1  %empty_351 = call i32 (...)* @_ssdm_op_SpecLoopName([20 x i8]* @memset_conv1_output_s) nounwind

ST_10: StgValue_107 (105)  [1/1] 0.00ns  loc: accelerator_hls/components.cpp:353
meminst3538.0:2  br i1 %tmp_143, label %meminst50.0.preheader, label %meminst35.0

ST_10: StgValue_108 (107)  [1/1] 1.59ns  loc: accelerator_hls/components.cpp:354
meminst50.0.preheader:0  br label %meminst50.0


 <State 11>: 2.31ns
ST_11: invdar20 (109)  [1/1] 0.00ns  loc: accelerator_hls/components.cpp:354
meminst50.0:0  %invdar20 = phi i6 [ %indvarinc21, %meminst5053.0 ], [ 0, %meminst50.0.preheader ]

ST_11: indvarinc21 (110)  [1/1] 2.31ns  loc: accelerator_hls/components.cpp:354
meminst50.0:1  %indvarinc21 = add i6 %invdar20, 1

ST_11: empty_362 (111)  [1/1] 0.00ns
meminst50.0:2  %empty_362 = call i32 (...)* @_ssdm_op_SpecLoopTripCount(i64 48, i64 48, i64 48)

ST_11: StgValue_112 (112)  [1/1] 1.59ns
meminst50.0:3  br label %meminst54.0


 <State 12>: 2.26ns
ST_12: invdar21 (114)  [1/1] 0.00ns  loc: accelerator_hls/components.cpp:354
meminst54.0:0  %invdar21 = phi i3 [ 0, %meminst50.0 ], [ %indvarinc22, %meminst5457.0 ]

ST_12: indvarinc22 (115)  [1/1] 2.26ns  loc: accelerator_hls/components.cpp:354
meminst54.0:1  %indvarinc22 = add i3 %invdar21, 1

ST_12: empty_361 (116)  [1/1] 0.00ns
meminst54.0:2  %empty_361 = call i32 (...)* @_ssdm_op_SpecLoopTripCount(i64 8, i64 8, i64 8)

ST_12: StgValue_116 (117)  [1/1] 1.59ns
meminst54.0:3  br label %meminst59.0


 <State 13>: 3.88ns
ST_13: invdar22 (119)  [1/1] 0.00ns  loc: accelerator_hls/components.cpp:354
meminst59.0:0  %invdar22 = phi i3 [ 0, %meminst54.0 ], [ %indvarinc23, %meminst59.0 ]

ST_13: indvarinc23 (120)  [1/1] 2.26ns  loc: accelerator_hls/components.cpp:354
meminst59.0:1  %indvarinc23 = add i3 %invdar22, 1

ST_13: tmp_112 (121)  [1/1] 0.00ns  loc: accelerator_hls/components.cpp:354
meminst59.0:2  %tmp_112 = call i12 @_ssdm_op_BitConcatenate.i12.i6.i3.i3(i6 %invdar20, i3 %invdar21, i3 %invdar22)

ST_13: tmp_194 (122)  [1/1] 0.00ns  loc: accelerator_hls/components.cpp:354
meminst59.0:3  %tmp_194 = zext i12 %tmp_112 to i64

ST_13: conv2_output_0_addr (123)  [1/1] 0.00ns  loc: accelerator_hls/components.cpp:354
meminst59.0:4  %conv2_output_0_addr = getelementptr [3072 x float]* %conv2_output_0, i64 0, i64 %tmp_194

ST_13: StgValue_122 (124)  [1/1] 3.25ns  loc: accelerator_hls/components.cpp:354
meminst59.0:5  store float 0.000000e+00, float* %conv2_output_0_addr, align 4

ST_13: tmp_144 (125)  [1/1] 2.07ns  loc: accelerator_hls/components.cpp:354
meminst59.0:6  %tmp_144 = icmp eq i3 %invdar22, -1

ST_13: empty_359 (126)  [1/1] 0.00ns
meminst59.0:7  %empty_359 = call i32 (...)* @_ssdm_op_SpecLoopName([20 x i8]* @memset_conv2_output_s) nounwind

ST_13: empty_360 (127)  [1/1] 0.00ns
meminst59.0:8  %empty_360 = call i32 (...)* @_ssdm_op_SpecLoopTripCount(i64 8, i64 8, i64 8)

ST_13: StgValue_126 (128)  [1/1] 0.00ns  loc: accelerator_hls/components.cpp:354
meminst59.0:9  br i1 %tmp_144, label %meminst5457.0, label %meminst59.0

ST_13: tmp_145 (130)  [1/1] 2.07ns  loc: accelerator_hls/components.cpp:354
meminst5457.0:0  %tmp_145 = icmp eq i3 %invdar21, -1

ST_13: empty_358 (131)  [1/1] 0.00ns
meminst5457.0:1  %empty_358 = call i32 (...)* @_ssdm_op_SpecLoopName([20 x i8]* @memset_conv2_output_s) nounwind

ST_13: StgValue_129 (132)  [1/1] 0.00ns  loc: accelerator_hls/components.cpp:354
meminst5457.0:2  br i1 %tmp_145, label %meminst5053.0, label %meminst54.0

ST_13: tmp_146 (134)  [1/1] 3.88ns  loc: accelerator_hls/components.cpp:354
meminst5053.0:0  %tmp_146 = icmp eq i6 %invdar20, -17

ST_13: empty_357 (135)  [1/1] 0.00ns
meminst5053.0:1  %empty_357 = call i32 (...)* @_ssdm_op_SpecLoopName([20 x i8]* @memset_conv2_output_s) nounwind

ST_13: StgValue_132 (136)  [1/1] 0.00ns  loc: accelerator_hls/components.cpp:354
meminst5053.0:2  br i1 %tmp_146, label %meminst66.0.preheader, label %meminst50.0

ST_13: StgValue_133 (138)  [1/1] 1.59ns  loc: accelerator_hls/components.cpp:355
meminst66.0.preheader:0  br label %meminst66.0


 <State 14>: 2.31ns
ST_14: invdar23 (140)  [1/1] 0.00ns  loc: accelerator_hls/components.cpp:355
meminst66.0:0  %invdar23 = phi i6 [ %indvarinc24, %meminst6669.0 ], [ 0, %meminst66.0.preheader ]

ST_14: indvarinc24 (141)  [1/1] 2.31ns  loc: accelerator_hls/components.cpp:355
meminst66.0:1  %indvarinc24 = add i6 %invdar23, 1

ST_14: empty_368 (142)  [1/1] 0.00ns
meminst66.0:2  %empty_368 = call i32 (...)* @_ssdm_op_SpecLoopTripCount(i64 48, i64 48, i64 48)

ST_14: StgValue_137 (143)  [1/1] 1.59ns
meminst66.0:3  br label %meminst70.0


 <State 15>: 2.26ns
ST_15: invdar24 (145)  [1/1] 0.00ns  loc: accelerator_hls/components.cpp:355
meminst70.0:0  %invdar24 = phi i3 [ 0, %meminst66.0 ], [ %indvarinc25, %meminst7073.0 ]

ST_15: indvarinc25 (146)  [1/1] 2.26ns  loc: accelerator_hls/components.cpp:355
meminst70.0:1  %indvarinc25 = add i3 %invdar24, 1

ST_15: empty_367 (147)  [1/1] 0.00ns
meminst70.0:2  %empty_367 = call i32 (...)* @_ssdm_op_SpecLoopTripCount(i64 8, i64 8, i64 8)

ST_15: StgValue_141 (148)  [1/1] 1.59ns
meminst70.0:3  br label %meminst74.0


 <State 16>: 3.88ns
ST_16: invdar25 (150)  [1/1] 0.00ns  loc: accelerator_hls/components.cpp:355
meminst74.0:0  %invdar25 = phi i3 [ 0, %meminst70.0 ], [ %indvarinc26, %meminst74.0 ]

ST_16: indvarinc26 (151)  [1/1] 2.26ns  loc: accelerator_hls/components.cpp:355
meminst74.0:1  %indvarinc26 = add i3 %invdar25, 1

ST_16: tmp_113 (152)  [1/1] 0.00ns  loc: accelerator_hls/components.cpp:355
meminst74.0:2  %tmp_113 = call i12 @_ssdm_op_BitConcatenate.i12.i6.i3.i3(i6 %invdar23, i3 %invdar24, i3 %invdar25)

ST_16: tmp_195 (153)  [1/1] 0.00ns  loc: accelerator_hls/components.cpp:355
meminst74.0:3  %tmp_195 = zext i12 %tmp_113 to i64

ST_16: conv3_output_0_addr (154)  [1/1] 0.00ns  loc: accelerator_hls/components.cpp:355
meminst74.0:4  %conv3_output_0_addr = getelementptr [3072 x float]* %conv3_output_0, i64 0, i64 %tmp_195

ST_16: StgValue_147 (155)  [1/1] 3.25ns  loc: accelerator_hls/components.cpp:355
meminst74.0:5  store float 0.000000e+00, float* %conv3_output_0_addr, align 4

ST_16: tmp_147 (156)  [1/1] 2.07ns  loc: accelerator_hls/components.cpp:355
meminst74.0:6  %tmp_147 = icmp eq i3 %invdar25, -1

ST_16: empty_365 (157)  [1/1] 0.00ns
meminst74.0:7  %empty_365 = call i32 (...)* @_ssdm_op_SpecLoopName([20 x i8]* @memset_conv3_output_s) nounwind

ST_16: empty_366 (158)  [1/1] 0.00ns
meminst74.0:8  %empty_366 = call i32 (...)* @_ssdm_op_SpecLoopTripCount(i64 8, i64 8, i64 8)

ST_16: StgValue_151 (159)  [1/1] 0.00ns  loc: accelerator_hls/components.cpp:355
meminst74.0:9  br i1 %tmp_147, label %meminst7073.0, label %meminst74.0

ST_16: tmp_148 (161)  [1/1] 2.07ns  loc: accelerator_hls/components.cpp:355
meminst7073.0:0  %tmp_148 = icmp eq i3 %invdar24, -1

ST_16: empty_364 (162)  [1/1] 0.00ns
meminst7073.0:1  %empty_364 = call i32 (...)* @_ssdm_op_SpecLoopName([20 x i8]* @memset_conv3_output_s) nounwind

ST_16: StgValue_154 (163)  [1/1] 0.00ns  loc: accelerator_hls/components.cpp:355
meminst7073.0:2  br i1 %tmp_148, label %meminst6669.0, label %meminst70.0

ST_16: tmp_149 (165)  [1/1] 3.88ns  loc: accelerator_hls/components.cpp:355
meminst6669.0:0  %tmp_149 = icmp eq i6 %invdar23, -17

ST_16: empty_363 (166)  [1/1] 0.00ns
meminst6669.0:1  %empty_363 = call i32 (...)* @_ssdm_op_SpecLoopName([20 x i8]* @memset_conv3_output_s) nounwind

ST_16: StgValue_157 (167)  [1/1] 0.00ns  loc: accelerator_hls/components.cpp:355
meminst6669.0:2  br i1 %tmp_149, label %.preheader77.preheader, label %meminst66.0

ST_16: StgValue_158 (169)  [1/1] 1.59ns  loc: accelerator_hls/components.cpp:358
.preheader77.preheader:0  br label %.preheader77


 <State 17>: 3.88ns
ST_17: co (171)  [1/1] 0.00ns
.preheader77:0  %co = phi i6 [ %co_20, %.preheader77.loopexit ], [ 0, %.preheader77.preheader ]

ST_17: co_cast (172)  [1/1] 0.00ns  loc: accelerator_hls/components.cpp:358
.preheader77:1  %co_cast = zext i6 %co to i7

ST_17: exitcond2 (173)  [1/1] 3.88ns  loc: accelerator_hls/components.cpp:358
.preheader77:2  %exitcond2 = icmp eq i6 %co, -16

ST_17: empty_369 (174)  [1/1] 0.00ns
.preheader77:3  %empty_369 = call i32 (...)* @_ssdm_op_SpecLoopTripCount(i64 48, i64 48, i64 48)

ST_17: co_20 (175)  [1/1] 2.31ns  loc: accelerator_hls/components.cpp:358
.preheader77:4  %co_20 = add i6 %co, 1

ST_17: StgValue_164 (176)  [1/1] 0.00ns  loc: accelerator_hls/components.cpp:358
.preheader77:5  br i1 %exitcond2, label %1, label %.preheader3.preheader

ST_17: tmp_150 (178)  [1/1] 2.32ns  loc: accelerator_hls/components.cpp:361
.preheader3.preheader:0  %tmp_150 = add i7 %co_cast, 48

ST_17: tmp_196 (179)  [1/1] 0.00ns  loc: accelerator_hls/components.cpp:361
.preheader3.preheader:1  %tmp_196 = call i10 @_ssdm_op_BitConcatenate.i10.i7.i3(i7 %tmp_150, i3 0)

ST_17: tmp_328_cast (180)  [1/1] 0.00ns  loc: accelerator_hls/components.cpp:361
.preheader3.preheader:2  %tmp_328_cast = zext i10 %tmp_196 to i11

ST_17: tmp_197 (181)  [1/1] 0.00ns  loc: accelerator_hls/components.cpp:358
.preheader3.preheader:3  %tmp_197 = call i9 @_ssdm_op_BitConcatenate.i9.i6.i3(i6 %co, i3 0)

ST_17: tmp_330_cast (182)  [1/1] 0.00ns  loc: accelerator_hls/components.cpp:359
.preheader3.preheader:4  %tmp_330_cast = zext i9 %tmp_197 to i10

ST_17: StgValue_170 (183)  [1/1] 1.59ns  loc: accelerator_hls/components.cpp:359
.preheader3.preheader:5  br label %.preheader3

ST_17: StgValue_171 (225)  [2/2] 1.59ns  loc: accelerator_hls/components.cpp:367
:0  call fastcc void @subconv_1x1_89([3072 x float]* %right_part_0, [2304 x float]* %conv1_weight, [48 x float]* %conv1_bias, [3072 x float]* %conv1_output_0)


 <State 18>: 3.10ns
ST_18: h (185)  [1/1] 0.00ns
.preheader3:0  %h = phi i4 [ 0, %.preheader3.preheader ], [ %h_20, %.preheader3.loopexit ]

ST_18: exitcond1 (186)  [1/1] 3.10ns  loc: accelerator_hls/components.cpp:359
.preheader3:1  %exitcond1 = icmp eq i4 %h, -8

ST_18: empty_370 (187)  [1/1] 0.00ns
.preheader3:2  %empty_370 = call i32 (...)* @_ssdm_op_SpecLoopTripCount(i64 8, i64 8, i64 8)

ST_18: h_20 (188)  [1/1] 2.35ns  loc: accelerator_hls/components.cpp:359
.preheader3:3  %h_20 = add i4 %h, 1

ST_18: StgValue_176 (189)  [1/1] 0.00ns  loc: accelerator_hls/components.cpp:359
.preheader3:4  br i1 %exitcond1, label %.preheader77.loopexit, label %.preheader.preheader

ST_18: tmp_151_cast1 (191)  [1/1] 0.00ns  loc: accelerator_hls/components.cpp:361
.preheader.preheader:0  %tmp_151_cast1 = zext i4 %h to i10

ST_18: tmp_151_cast (192)  [1/1] 0.00ns  loc: accelerator_hls/components.cpp:361
.preheader.preheader:1  %tmp_151_cast = zext i4 %h to i11

ST_18: tmp_198 (193)  [1/1] 2.32ns  loc: accelerator_hls/components.cpp:361
.preheader.preheader:2  %tmp_198 = add i11 %tmp_328_cast, %tmp_151_cast

ST_18: tmp_333_cast (194)  [1/1] 0.00ns  loc: accelerator_hls/components.cpp:362
.preheader.preheader:3  %tmp_333_cast = call i14 @_ssdm_op_BitConcatenate.i14.i11.i3(i11 %tmp_198, i3 0)

ST_18: tmp_199 (195)  [1/1] 2.32ns  loc: accelerator_hls/components.cpp:362
.preheader.preheader:4  %tmp_199 = add i10 %tmp_330_cast, %tmp_151_cast1

ST_18: tmp_114 (196)  [1/1] 0.00ns  loc: accelerator_hls/components.cpp:362
.preheader.preheader:5  %tmp_114 = call i13 @_ssdm_op_BitConcatenate.i13.i10.i3(i10 %tmp_199, i3 0)

ST_18: tmp_336_cast (197)  [1/1] 0.00ns  loc: accelerator_hls/components.cpp:360
.preheader.preheader:6  %tmp_336_cast = zext i13 %tmp_114 to i14

ST_18: StgValue_184 (198)  [1/1] 1.59ns  loc: accelerator_hls/components.cpp:360
.preheader.preheader:7  br label %.preheader

ST_18: StgValue_185 (223)  [1/1] 0.00ns
.preheader77.loopexit:0  br label %.preheader77


 <State 19>: 5.60ns
ST_19: w (200)  [1/1] 0.00ns
.preheader:0  %w = phi i4 [ %w_20, %0 ], [ 0, %.preheader.preheader ]

ST_19: exitcond (201)  [1/1] 3.10ns  loc: accelerator_hls/components.cpp:360
.preheader:1  %exitcond = icmp eq i4 %w, -8

ST_19: empty_371 (202)  [1/1] 0.00ns
.preheader:2  %empty_371 = call i32 (...)* @_ssdm_op_SpecLoopTripCount(i64 8, i64 8, i64 8)

ST_19: w_20 (203)  [1/1] 2.35ns  loc: accelerator_hls/components.cpp:360
.preheader:3  %w_20 = add i4 %w, 1

ST_19: StgValue_190 (204)  [1/1] 0.00ns  loc: accelerator_hls/components.cpp:360
.preheader:4  br i1 %exitcond, label %.preheader3.loopexit, label %0

ST_19: tmp_152_cast (206)  [1/1] 0.00ns  loc: accelerator_hls/components.cpp:361
:0  %tmp_152_cast = zext i4 %w to i14

ST_19: tmp_200 (207)  [1/1] 2.34ns  loc: accelerator_hls/components.cpp:361
:1  %tmp_200 = add i14 %tmp_333_cast, %tmp_152_cast

ST_19: tmp_337_cast (208)  [1/1] 0.00ns  loc: accelerator_hls/components.cpp:361
:2  %tmp_337_cast = zext i14 %tmp_200 to i64

ST_19: input_addr (209)  [1/1] 0.00ns  loc: accelerator_hls/components.cpp:361
:3  %input_addr = getelementptr [6144 x float]* %input_r, i64 0, i64 %tmp_337_cast

ST_19: tmp_201 (210)  [1/1] 2.34ns  loc: accelerator_hls/components.cpp:362
:4  %tmp_201 = add i14 %tmp_336_cast, %tmp_152_cast

ST_19: tmp_338_cast (211)  [1/1] 0.00ns  loc: accelerator_hls/components.cpp:362
:5  %tmp_338_cast = zext i14 %tmp_201 to i64

ST_19: input_addr_2 (212)  [1/1] 0.00ns  loc: accelerator_hls/components.cpp:362
:6  %input_addr_2 = getelementptr [6144 x float]* %input_r, i64 0, i64 %tmp_338_cast

ST_19: input_load (215)  [2/2] 3.25ns  loc: accelerator_hls/components.cpp:361
:9  %input_load = load float* %input_addr, align 4

ST_19: input_load_2 (217)  [2/2] 3.25ns  loc: accelerator_hls/components.cpp:362
:11  %input_load_2 = load float* %input_addr_2, align 4

ST_19: StgValue_200 (221)  [1/1] 0.00ns
.preheader3.loopexit:0  br label %.preheader3


 <State 20>: 6.51ns
ST_20: right_part_0_addr_2 (213)  [1/1] 0.00ns  loc: accelerator_hls/components.cpp:361
:7  %right_part_0_addr_2 = getelementptr [3072 x float]* %right_part_0, i64 0, i64 %tmp_338_cast

ST_20: left_part_0_addr_2 (214)  [1/1] 0.00ns  loc: accelerator_hls/components.cpp:362
:8  %left_part_0_addr_2 = getelementptr [3072 x float]* %left_part_0, i64 0, i64 %tmp_338_cast

ST_20: input_load (215)  [1/2] 3.25ns  loc: accelerator_hls/components.cpp:361
:9  %input_load = load float* %input_addr, align 4

ST_20: StgValue_204 (216)  [1/1] 3.25ns  loc: accelerator_hls/components.cpp:361
:10  store float %input_load, float* %right_part_0_addr_2, align 4

ST_20: input_load_2 (217)  [1/2] 3.25ns  loc: accelerator_hls/components.cpp:362
:11  %input_load_2 = load float* %input_addr_2, align 4

ST_20: StgValue_206 (218)  [1/1] 3.25ns  loc: accelerator_hls/components.cpp:362
:12  store float %input_load_2, float* %left_part_0_addr_2, align 4

ST_20: StgValue_207 (219)  [1/1] 0.00ns  loc: accelerator_hls/components.cpp:360
:13  br label %.preheader


 <State 21>: 0.00ns
ST_21: StgValue_208 (225)  [1/2] 0.00ns  loc: accelerator_hls/components.cpp:367
:0  call fastcc void @subconv_1x1_89([3072 x float]* %right_part_0, [2304 x float]* %conv1_weight, [48 x float]* %conv1_bias, [3072 x float]* %conv1_output_0)


 <State 22>: 0.00ns
ST_22: StgValue_209 (226)  [2/2] 0.00ns  loc: accelerator_hls/components.cpp:371
:1  call fastcc void @subconv_3x3_8_no_rel([3072 x float]* %conv1_output_0, [432 x float]* %conv2_weight, [48 x float]* %conv2_bias, [3072 x float]* %conv2_output_0)


 <State 23>: 0.00ns
ST_23: StgValue_210 (226)  [1/2] 0.00ns  loc: accelerator_hls/components.cpp:371
:1  call fastcc void @subconv_3x3_8_no_rel([3072 x float]* %conv1_output_0, [432 x float]* %conv2_weight, [48 x float]* %conv2_bias, [3072 x float]* %conv2_output_0)


 <State 24>: 1.59ns
ST_24: StgValue_211 (227)  [2/2] 1.59ns  loc: accelerator_hls/components.cpp:373
:2  call fastcc void @subconv_1x1_89([3072 x float]* %conv2_output_0, [2304 x float]* %conv3_weight, [48 x float]* %conv3_bias, [3072 x float]* %conv3_output_0)


 <State 25>: 0.00ns
ST_25: StgValue_212 (227)  [1/2] 0.00ns  loc: accelerator_hls/components.cpp:373
:2  call fastcc void @subconv_1x1_89([3072 x float]* %conv2_output_0, [2304 x float]* %conv3_weight, [48 x float]* %conv3_bias, [3072 x float]* %conv3_output_0)


 <State 26>: 0.00ns
ST_26: StgValue_213 (228)  [2/2] 0.00ns  loc: accelerator_hls/components.cpp:375
:3  call fastcc void @shuffle_4811([3072 x float]* %left_part_0, [3072 x float]* %conv3_output_0, [6144 x float]* %output_r)


 <State 27>: 0.00ns
ST_27: StgValue_214 (228)  [1/2] 0.00ns  loc: accelerator_hls/components.cpp:375
:3  call fastcc void @shuffle_4811([3072 x float]* %left_part_0, [3072 x float]* %conv3_output_0, [6144 x float]* %output_r)

ST_27: StgValue_215 (229)  [1/1] 0.00ns  loc: accelerator_hls/components.cpp:376
:4  ret void



============================================================
+ Verbose Summary: Timing violations
============================================================
Target clock period: 10ns, clock uncertainty: 1.25ns.

 <State 1>: 1.59ns
The critical path consists of the following:
	multiplexor before 'phi' operation ('invdar6', accelerator_hls/components.cpp:351) with incoming values : ('indvarinc7', accelerator_hls/components.cpp:351) [16]  (1.59 ns)

 <State 2>: 2.31ns
The critical path consists of the following:
	'phi' operation ('invdar6', accelerator_hls/components.cpp:351) with incoming values : ('indvarinc7', accelerator_hls/components.cpp:351) [16]  (0 ns)
	'add' operation ('indvarinc7', accelerator_hls/components.cpp:351) [17]  (2.31 ns)

 <State 3>: 2.26ns
The critical path consists of the following:
	'phi' operation ('invdar10', accelerator_hls/components.cpp:351) with incoming values : ('indvarinc11', accelerator_hls/components.cpp:351) [21]  (0 ns)
	'add' operation ('indvarinc11', accelerator_hls/components.cpp:351) [22]  (2.26 ns)

 <State 4>: 3.88ns
The critical path consists of the following:
	'icmp' operation ('tmp_137', accelerator_hls/components.cpp:351) [41]  (3.88 ns)

 <State 5>: 2.31ns
The critical path consists of the following:
	'phi' operation ('invdar', accelerator_hls/components.cpp:352) with incoming values : ('indvarinc15', accelerator_hls/components.cpp:352) [47]  (0 ns)
	'add' operation ('indvarinc15', accelerator_hls/components.cpp:352) [48]  (2.31 ns)

 <State 6>: 2.26ns
The critical path consists of the following:
	'phi' operation ('invdar15', accelerator_hls/components.cpp:352) with incoming values : ('indvarinc16', accelerator_hls/components.cpp:352) [52]  (0 ns)
	'add' operation ('indvarinc16', accelerator_hls/components.cpp:352) [53]  (2.26 ns)

 <State 7>: 3.88ns
The critical path consists of the following:
	'icmp' operation ('tmp_140', accelerator_hls/components.cpp:352) [72]  (3.88 ns)

 <State 8>: 2.31ns
The critical path consists of the following:
	'phi' operation ('invdar17', accelerator_hls/components.cpp:353) with incoming values : ('indvarinc18', accelerator_hls/components.cpp:353) [78]  (0 ns)
	'add' operation ('indvarinc18', accelerator_hls/components.cpp:353) [79]  (2.31 ns)

 <State 9>: 2.26ns
The critical path consists of the following:
	'phi' operation ('invdar18', accelerator_hls/components.cpp:353) with incoming values : ('indvarinc19', accelerator_hls/components.cpp:353) [83]  (0 ns)
	'add' operation ('indvarinc19', accelerator_hls/components.cpp:353) [84]  (2.26 ns)

 <State 10>: 3.88ns
The critical path consists of the following:
	'icmp' operation ('tmp_143', accelerator_hls/components.cpp:353) [103]  (3.88 ns)

 <State 11>: 2.31ns
The critical path consists of the following:
	'phi' operation ('invdar20', accelerator_hls/components.cpp:354) with incoming values : ('indvarinc21', accelerator_hls/components.cpp:354) [109]  (0 ns)
	'add' operation ('indvarinc21', accelerator_hls/components.cpp:354) [110]  (2.31 ns)

 <State 12>: 2.26ns
The critical path consists of the following:
	'phi' operation ('invdar21', accelerator_hls/components.cpp:354) with incoming values : ('indvarinc22', accelerator_hls/components.cpp:354) [114]  (0 ns)
	'add' operation ('indvarinc22', accelerator_hls/components.cpp:354) [115]  (2.26 ns)

 <State 13>: 3.88ns
The critical path consists of the following:
	'icmp' operation ('tmp_146', accelerator_hls/components.cpp:354) [134]  (3.88 ns)

 <State 14>: 2.31ns
The critical path consists of the following:
	'phi' operation ('invdar23', accelerator_hls/components.cpp:355) with incoming values : ('indvarinc24', accelerator_hls/components.cpp:355) [140]  (0 ns)
	'add' operation ('indvarinc24', accelerator_hls/components.cpp:355) [141]  (2.31 ns)

 <State 15>: 2.26ns
The critical path consists of the following:
	'phi' operation ('invdar24', accelerator_hls/components.cpp:355) with incoming values : ('indvarinc25', accelerator_hls/components.cpp:355) [145]  (0 ns)
	'add' operation ('indvarinc25', accelerator_hls/components.cpp:355) [146]  (2.26 ns)

 <State 16>: 3.88ns
The critical path consists of the following:
	'icmp' operation ('tmp_149', accelerator_hls/components.cpp:355) [165]  (3.88 ns)

 <State 17>: 3.88ns
The critical path consists of the following:
	'phi' operation ('co') with incoming values : ('co', accelerator_hls/components.cpp:358) [171]  (0 ns)
	'icmp' operation ('exitcond2', accelerator_hls/components.cpp:358) [173]  (3.88 ns)

 <State 18>: 3.1ns
The critical path consists of the following:
	'phi' operation ('h') with incoming values : ('h', accelerator_hls/components.cpp:359) [185]  (0 ns)
	'icmp' operation ('exitcond1', accelerator_hls/components.cpp:359) [186]  (3.1 ns)

 <State 19>: 5.6ns
The critical path consists of the following:
	'phi' operation ('w') with incoming values : ('w', accelerator_hls/components.cpp:360) [200]  (0 ns)
	'add' operation ('tmp_200', accelerator_hls/components.cpp:361) [207]  (2.34 ns)
	'getelementptr' operation ('input_addr', accelerator_hls/components.cpp:361) [209]  (0 ns)
	'load' operation ('input_load', accelerator_hls/components.cpp:361) on array 'input_r' [215]  (3.25 ns)

 <State 20>: 6.51ns
The critical path consists of the following:
	'load' operation ('input_load', accelerator_hls/components.cpp:361) on array 'input_r' [215]  (3.25 ns)
	'store' operation (accelerator_hls/components.cpp:361) of variable 'input_load', accelerator_hls/components.cpp:361 on array 'right_part[0]', accelerator_hls/components.cpp:352 [216]  (3.25 ns)

 <State 21>: 0ns
The critical path consists of the following:

 <State 22>: 0ns
The critical path consists of the following:

 <State 23>: 0ns
The critical path consists of the following:

 <State 24>: 1.59ns
The critical path consists of the following:
	'call' operation (accelerator_hls/components.cpp:373) to 'subconv_1x1_89' [227]  (1.59 ns)

 <State 25>: 0ns
The critical path consists of the following:

 <State 26>: 0ns
The critical path consists of the following:

 <State 27>: 0ns
The critical path consists of the following:


============================================================
+ Verbose Summary: Binding
============================================================
N/A
* FSMD analyzer results:
  - Output states:
 - Input state : 
  - Chain level:
	State 1
	State 2
	State 3
	State 4
	State 5
	State 6
	State 7
	State 8
	State 9
	State 10
	State 11
	State 12
	State 13
	State 14
	State 15
	State 16
	State 17
	State 18
	State 19
	State 20
	State 21
	State 22
	State 23
	State 24
	State 25
	State 26
	State 27


============================================================
+ Verbose Summary: Datapath Resource usage 
============================================================
N/A
