

================================================================
== Vivado HLS Report for 'subconv_1x1_32_p'
================================================================
* Date:           Fri Dec 21 00:11:44 2018

* Version:        2017.2 (Build 1909853 on Thu Jun 15 18:55:24 MDT 2017)
* Project:        acceleartor_hls_padding
* Solution:       optimization_sub_1x1+3x3
* Product family: zynq
* Target device:  xc7z020clg484-1


================================================================
== Performance Estimates
================================================================
+ Timing (ns): 
    * Summary: 
    +--------+-------+----------+------------+
    |  Clock | Target| Estimated| Uncertainty|
    +--------+-------+----------+------------+
    |ap_clk  |  10.00|      8.75|        1.25|
    +--------+-------+----------+------------+

+ Latency (clock cycles): 
    * Summary: 
    +--------+--------+--------+--------+---------+
    |     Latency     |     Interval    | Pipeline|
    |   min  |   max  |   min  |   max  |   Type  |
    +--------+--------+--------+--------+---------+
    |  198728|  198728|  198728|  198728|   none  |
    +--------+--------+--------+--------+---------+

    + Detail: 
        * Instance: 
        +--------------------+--------+-----+-----+-----+-----+----------+
        |                    |        |  Latency  |  Interval | Pipeline |
        |      Instance      | Module | min | max | min | max |   Type   |
        +--------------------+--------+-----+-----+-----+-----+----------+
        |grp_MUL_DP_fu_1422  |MUL_DP  |    3|    3|    1|    1| function |
        |grp_MUL_DP_fu_1432  |MUL_DP  |    3|    3|    1|    1| function |
        |grp_MUL_DP_fu_1442  |MUL_DP  |    3|    3|    1|    1| function |
        |grp_MUL_DP_fu_1452  |MUL_DP  |    3|    3|    1|    1| function |
        |grp_MUL_DP_fu_1462  |MUL_DP  |    3|    3|    1|    1| function |
        |grp_MUL_DP_fu_1472  |MUL_DP  |    3|    3|    1|    1| function |
        |grp_MUL_DP_fu_1482  |MUL_DP  |    3|    3|    1|    1| function |
        |grp_MUL_DP_fu_1492  |MUL_DP  |    3|    3|    1|    1| function |
        |grp_MUL_DP_fu_1502  |MUL_DP  |    3|    3|    1|    1| function |
        |grp_MUL_DP_fu_1512  |MUL_DP  |    3|    3|    1|    1| function |
        |grp_MUL_DP_fu_1522  |MUL_DP  |    3|    3|    1|    1| function |
        |grp_MUL_DP_fu_1532  |MUL_DP  |    3|    3|    1|    1| function |
        +--------------------+--------+-----+-----+-----+-----+----------+

        * Loop: 
        +-----------------+--------+--------+----------+-----------+-----------+-------+----------+
        |                 |     Latency     | Iteration|  Initiation Interval  |  Trip |          |
        |    Loop Name    |   min  |   max  |  Latency |  achieved |   target  | Count | Pipelined|
        +-----------------+--------+--------+----------+-----------+-----------+-------+----------+
        |- Loop 1         |   24577|   24577|         3|          1|          1|  24576|    yes   |
        |- Loop 2         |  149568|  149568|      4674|          -|          -|     32|    no    |
        | + Loop 2.1      |    4672|    4672|       146|          -|          -|     32|    no    |
        |  ++ Loop 2.1.1  |     144|     144|         6|          -|          -|     24|    no    |
        |- Loop 3         |   24578|   24578|         4|          1|          1|  24576|    yes   |
        +-----------------+--------+--------+----------+-----------+-----------+-------+----------+



================================================================
== Utilization Estimates
================================================================
* Summary: 
+-----------------+---------+-------+--------+-------+
|       Name      | BRAM_18K| DSP48E|   FF   |  LUT  |
+-----------------+---------+-------+--------+-------+
|DSP              |        -|      -|       -|      -|
|Expression       |        -|      -|    1158|    744|
|FIFO             |        -|      -|       -|      -|
|Instance         |        -|     36|    4302|   1761|
|Memory           |        -|      -|       -|      -|
|Multiplexer      |        -|      -|       -|   1136|
|Register         |        -|      -|    1116|     32|
+-----------------+---------+-------+--------+-------+
|Total            |        0|     36|    6576|   3673|
+-----------------+---------+-------+--------+-------+
|Available        |      280|    220|  106400|  53200|
+-----------------+---------+-------+--------+-------+
|Utilization (%)  |        0|     16|       6|      6|
+-----------------+---------+-------+--------+-------+

+ Detail: 
    * Instance: 
    +--------------------------+----------------------+---------+-------+-----+-----+
    |         Instance         |        Module        | BRAM_18K| DSP48E|  FF | LUT |
    +--------------------------+----------------------+---------+-------+-----+-----+
    |grp_MUL_DP_fu_1422        |MUL_DP                |        0|      3|  346|  143|
    |grp_MUL_DP_fu_1432        |MUL_DP                |        0|      3|  346|  143|
    |grp_MUL_DP_fu_1442        |MUL_DP                |        0|      3|  346|  143|
    |grp_MUL_DP_fu_1452        |MUL_DP                |        0|      3|  346|  143|
    |grp_MUL_DP_fu_1462        |MUL_DP                |        0|      3|  346|  143|
    |grp_MUL_DP_fu_1472        |MUL_DP                |        0|      3|  346|  143|
    |grp_MUL_DP_fu_1482        |MUL_DP                |        0|      3|  346|  143|
    |grp_MUL_DP_fu_1492        |MUL_DP                |        0|      3|  346|  143|
    |grp_MUL_DP_fu_1502        |MUL_DP                |        0|      3|  346|  143|
    |grp_MUL_DP_fu_1512        |MUL_DP                |        0|      3|  346|  143|
    |grp_MUL_DP_fu_1522        |MUL_DP                |        0|      3|  346|  143|
    |grp_MUL_DP_fu_1532        |MUL_DP                |        0|      3|  346|  143|
    |ShuffleNetV2_mux_eOg_U11  |ShuffleNetV2_mux_eOg  |        0|      0|  150|   45|
    +--------------------------+----------------------+---------+-------+-----+-----+
    |Total                     |                      |        0|     36| 4302| 1761|
    +--------------------------+----------------------+---------+-------+-----+-----+

    * DSP48: 
    N/A

    * Memory: 
    N/A

    * FIFO: 
    N/A

    * Expression: 
    +-----------------------------------+----------+-------+----+----+------------+------------+
    |           Variable Name           | Operation| DSP48E| FF | LUT| Bitwidth P0| Bitwidth P1|
    +-----------------------------------+----------+-------+----+----+------------+------------+
    |ci_8_fu_1911_p2                    |     +    |      0|  20|  10|           5|           1|
    |co_17_fu_1574_p2                   |     +    |      0|  20|  10|           5|           1|
    |co_18_fu_2291_p2                   |     +    |      0|  20|  10|           5|           1|
    |h_19_fu_1616_p2                    |     +    |      0|  23|  11|           6|           1|
    |h_7_fu_2328_p2                     |     +    |      0|  23|  11|           6|           1|
    |h_8_fu_1800_p2                     |     +    |      0|  23|  11|           6|           1|
    |indvar_flatten21_op_fu_2277_p2     |     +    |      0|  41|  17|          12|           1|
    |indvar_flatten_next1_2_fu_2265_p2  |     +    |      0|  50|  20|          15|           1|
    |indvar_flatten_next1_fu_1548_p2    |     +    |      0|  50|  20|          15|           1|
    |indvar_flatten_op_fu_1560_p2       |     +    |      0|  41|  17|          12|           1|
    |tmp_247_fu_1665_p2                 |     +    |      0|   0|  12|          12|          12|
    |tmp_248_fu_1674_p2                 |     +    |      0|   0|  12|          12|          12|
    |tmp_251_fu_1741_p2                 |     +    |      0|  41|  17|          12|          12|
    |tmp_252_fu_1761_p2                 |     +    |      0|  41|  17|          12|          12|
    |tmp_254_fu_2377_p2                 |     +    |      0|   0|  12|          12|          12|
    |tmp_255_fu_2386_p2                 |     +    |      0|   0|  12|          12|          12|
    |tmp_258_fu_1858_p2                 |     +    |      0|   0|  12|          11|          11|
    |tmp_259_fu_1864_p2                 |     +    |      0|   0|  12|          11|          11|
    |tmp_260_fu_1889_p2                 |     +    |      0|   0|  12|          16|          16|
    |tmp_261_fu_1895_p2                 |     +    |      0|   0|  12|          16|          16|
    |tmp_30_fu_1935_p2                  |     +    |      0|  29|  13|           8|           8|
    |tmp_32_fu_1945_p2                  |     +    |      0|  29|  13|           8|           8|
    |tmp_53_10_fu_2243_p2               |     +    |      0|  29|  13|           8|           8|
    |tmp_53_1_fu_1963_p2                |     +    |      0|  29|  13|           8|           8|
    |tmp_53_2_fu_1991_p2                |     +    |      0|  29|  13|           8|           8|
    |tmp_53_3_fu_2019_p2                |     +    |      0|  29|  13|           8|           8|
    |tmp_53_4_fu_2047_p2                |     +    |      0|  29|  13|           8|           8|
    |tmp_53_5_fu_2075_p2                |     +    |      0|  29|  13|           8|           8|
    |tmp_53_6_fu_2103_p2                |     +    |      0|  29|  13|           8|           8|
    |tmp_53_7_fu_2131_p2                |     +    |      0|  29|  13|           8|           8|
    |tmp_53_8_fu_2159_p2                |     +    |      0|  29|  13|           8|           8|
    |tmp_53_9_fu_2187_p2                |     +    |      0|  29|  13|           8|           8|
    |tmp_53_s_fu_2215_p2                |     +    |      0|  29|  13|           8|           8|
    |tmp_55_10_fu_2253_p2               |     +    |      0|  29|  13|           8|           8|
    |tmp_55_1_fu_1973_p2                |     +    |      0|  29|  13|           8|           8|
    |tmp_55_2_fu_2001_p2                |     +    |      0|  29|  13|           8|           8|
    |tmp_55_3_fu_2029_p2                |     +    |      0|  29|  13|           8|           8|
    |tmp_55_4_fu_2057_p2                |     +    |      0|  29|  13|           8|           8|
    |tmp_55_5_fu_2085_p2                |     +    |      0|  29|  13|           8|           8|
    |tmp_55_6_fu_2113_p2                |     +    |      0|  29|  13|           8|           8|
    |tmp_55_7_fu_2141_p2                |     +    |      0|  29|  13|           8|           8|
    |tmp_55_8_fu_2169_p2                |     +    |      0|  29|  13|           8|           8|
    |tmp_55_9_fu_2197_p2                |     +    |      0|  29|  13|           8|           8|
    |tmp_55_s_fu_2225_p2                |     +    |      0|  29|  13|           8|           8|
    |w_22_fu_1708_p2                    |     +    |      0|  23|  11|           6|           1|
    |w_23_fu_1917_p2                    |     +    |      0|  23|  11|           6|           1|
    |w_24_fu_2420_p2                    |     +    |      0|  23|  11|           6|           1|
    |exitcond36_mid_fu_1610_p2          |    and   |      0|   0|   2|           1|           1|
    |exitcond_mid_fu_2315_p2            |    and   |      0|   0|   2|           1|           1|
    |exitcond25_fu_1747_p2              |   icmp   |      0|   0|   3|           6|           6|
    |exitcond26_fu_1794_p2              |   icmp   |      0|   0|   3|           6|           6|
    |exitcond27_fu_2309_p2              |   icmp   |      0|   0|   3|           6|           6|
    |exitcond28_fu_1905_p2              |   icmp   |      0|   0|   2|           5|           5|
    |exitcond_flatten5_fu_1554_p2       |   icmp   |      0|   0|   6|          12|          11|
    |exitcond_flatten6_fu_2259_p2       |   icmp   |      0|   0|   8|          15|          15|
    |exitcond_flatten7_fu_2271_p2       |   icmp   |      0|   0|   6|          12|          11|
    |exitcond_flatten_fu_1542_p2        |   icmp   |      0|   0|   8|          15|          15|
    |exitcond_fu_1604_p2                |   icmp   |      0|   0|   3|           6|           6|
    |tmp_253_fu_2334_p2                 |    or    |      0|   0|   2|           1|           1|
    |tmp_s_fu_1622_p2                   |    or    |      0|   0|   2|           1|           1|
    |co4_mid2_fu_2321_p3                |  select  |      0|   0|   5|           1|           5|
    |co_cast9_mid2_v_fu_1587_p3         |  select  |      0|   0|   5|           1|           5|
    |h5_cast2_mid2_fu_2347_p3           |  select  |      0|   0|   6|           1|           6|
    |h5_mid_fu_2297_p3                  |  select  |      0|   0|   6|           1|           1|
    |h_cast8_mid2_fu_1635_p3            |  select  |      0|   0|   6|           1|           6|
    |h_mid_fu_1580_p3                   |  select  |      0|   0|   6|           1|           1|
    |indvar_flatten_next1_1_fu_2283_p3  |  select  |      0|   0|  12|           1|           1|
    |indvar_flatten_next_fu_1566_p3     |  select  |      0|   0|  12|           1|           1|
    |w6_mid2_fu_2339_p3                 |  select  |      0|   0|   6|           1|           1|
    |w_mid2_fu_1627_p3                  |  select  |      0|   0|   6|           1|           1|
    |ap_enable_pp0                      |    xor   |      0|   0|   2|           1|           2|
    |ap_enable_pp1                      |    xor   |      0|   0|   2|           1|           2|
    |ap_enable_reg_pp0_iter1            |    xor   |      0|   0|   2|           1|           2|
    |ap_enable_reg_pp1_iter1            |    xor   |      0|   0|   2|           1|           2|
    |not_exitcond_flatten_8_fu_2304_p2  |    xor   |      0|   0|   2|           1|           2|
    |not_exitcond_flatten_fu_1599_p2    |    xor   |      0|   0|   2|           1|           2|
    +-----------------------------------+----------+-------+----+----+------------+------------+
    |Total                              |          |      0|1158| 744|         526|         456|
    +-----------------------------------+----------+-------+----+----+------------+------------+

    * Multiplexer: 
    +----------------------------------+----+-----------+-----+-----------+
    |               Name               | LUT| Input Size| Bits| Total Bits|
    +----------------------------------+----+-----------+-----+-----------+
    |ShuffleConvs_0_Downs_10_address0  |  21|          4|   11|         44|
    |ShuffleConvs_0_Downs_10_d0        |  15|          3|    8|         24|
    |ShuffleConvs_0_Downs_11_address0  |  21|          4|   11|         44|
    |ShuffleConvs_0_Downs_11_d0        |  15|          3|    8|         24|
    |ShuffleConvs_0_Downs_12_address0  |  21|          4|   11|         44|
    |ShuffleConvs_0_Downs_12_d0        |  15|          3|    8|         24|
    |ShuffleConvs_0_Downs_13_address0  |  21|          4|   11|         44|
    |ShuffleConvs_0_Downs_13_d0        |  15|          3|    8|         24|
    |ShuffleConvs_0_Downs_14_address0  |  21|          4|   11|         44|
    |ShuffleConvs_0_Downs_14_d0        |  15|          3|    8|         24|
    |ShuffleConvs_0_Downs_15_address0  |  21|          4|   11|         44|
    |ShuffleConvs_0_Downs_15_d0        |  15|          3|    8|         24|
    |ShuffleConvs_0_Downs_16_address0  |  21|          4|   11|         44|
    |ShuffleConvs_0_Downs_16_d0        |  15|          3|    8|         24|
    |ShuffleConvs_0_Downs_17_address0  |  21|          4|   11|         44|
    |ShuffleConvs_0_Downs_17_d0        |  15|          3|    8|         24|
    |ShuffleConvs_0_Downs_18_address0  |  21|          4|   11|         44|
    |ShuffleConvs_0_Downs_18_d0        |  15|          3|    8|         24|
    |ShuffleConvs_0_Downs_19_address0  |  21|          4|   11|         44|
    |ShuffleConvs_0_Downs_19_d0        |  15|          3|    8|         24|
    |ShuffleConvs_0_Downs_1_address0   |  21|          4|   11|         44|
    |ShuffleConvs_0_Downs_1_d0         |  15|          3|    8|         24|
    |ShuffleConvs_0_Downs_20_address0  |  21|          4|   11|         44|
    |ShuffleConvs_0_Downs_20_d0        |  15|          3|    8|         24|
    |ShuffleConvs_0_Downs_21_address0  |  21|          4|   11|         44|
    |ShuffleConvs_0_Downs_21_d0        |  15|          3|    8|         24|
    |ShuffleConvs_0_Downs_22_address0  |  21|          4|   11|         44|
    |ShuffleConvs_0_Downs_22_d0        |  15|          3|    8|         24|
    |ShuffleConvs_0_Downs_23_address0  |  21|          4|   11|         44|
    |ShuffleConvs_0_Downs_23_d0        |  15|          3|    8|         24|
    |ShuffleConvs_0_Downs_2_address0   |  21|          4|   11|         44|
    |ShuffleConvs_0_Downs_2_d0         |  15|          3|    8|         24|
    |ShuffleConvs_0_Downs_3_address0   |  21|          4|   11|         44|
    |ShuffleConvs_0_Downs_3_d0         |  15|          3|    8|         24|
    |ShuffleConvs_0_Downs_4_address0   |  21|          4|   11|         44|
    |ShuffleConvs_0_Downs_4_d0         |  15|          3|    8|         24|
    |ShuffleConvs_0_Downs_5_address0   |  21|          4|   11|         44|
    |ShuffleConvs_0_Downs_5_d0         |  15|          3|    8|         24|
    |ShuffleConvs_0_Downs_6_address0   |  21|          4|   11|         44|
    |ShuffleConvs_0_Downs_6_d0         |  15|          3|    8|         24|
    |ShuffleConvs_0_Downs_7_address0   |  21|          4|   11|         44|
    |ShuffleConvs_0_Downs_7_d0         |  15|          3|    8|         24|
    |ShuffleConvs_0_Downs_8_address0   |  21|          4|   11|         44|
    |ShuffleConvs_0_Downs_8_d0         |  15|          3|    8|         24|
    |ShuffleConvs_0_Downs_9_address0   |  21|          4|   11|         44|
    |ShuffleConvs_0_Downs_9_d0         |  15|          3|    8|         24|
    |ShuffleConvs_0_Downs_address0     |  21|          4|   11|         44|
    |ShuffleConvs_0_Downs_d0           |  15|          3|    8|         24|
    |ap_NS_fsm                         |  65|         14|    1|         14|
    |ap_enable_reg_pp0_iter1           |   9|          2|    1|          2|
    |ap_enable_reg_pp0_iter2           |   9|          2|    1|          2|
    |ap_enable_reg_pp1_iter1           |   9|          2|    1|          2|
    |ap_enable_reg_pp1_iter3           |   9|          2|    1|          2|
    |ci_reg_1353                       |   9|          2|    5|         10|
    |co4_phi_fu_1379_p4                |   9|          2|    5|         10|
    |co4_reg_1375                      |   9|          2|    5|         10|
    |co_phi_fu_1286_p4                 |   9|          2|    5|         10|
    |co_reg_1282                       |   9|          2|    5|         10|
    |h1_reg_1329                       |   9|          2|    6|         12|
    |h5_phi_fu_1402_p4                 |   9|          2|    6|         12|
    |h5_reg_1398                       |   9|          2|    6|         12|
    |h_phi_fu_1309_p4                  |   9|          2|    6|         12|
    |h_reg_1305                        |   9|          2|    6|         12|
    |indvar_flatten1_reg_1271          |   9|          2|   15|         30|
    |indvar_flatten2_reg_1364          |   9|          2|   15|         30|
    |indvar_flatten3_reg_1387          |   9|          2|   12|         24|
    |indvar_flatten_reg_1294           |   9|          2|   12|         24|
    |w2_reg_1341                       |   9|          2|    6|         12|
    |w6_phi_fu_1414_p4                 |   9|          2|    6|         12|
    |w6_reg_1410                       |   9|          2|    6|         12|
    |w_phi_fu_1321_p4                  |   9|          2|    6|         12|
    |w_reg_1317                        |   9|          2|    6|         12|
    +----------------------------------+----+-----------+-----+-----------+
    |Total                             |1136|        228|  600|       1932|
    +----------------------------------+----+-----------+-----+-----------+

    * Register: 
    +--------------------------------------------+----+----+-----+-----------+
    |                    Name                    | FF | LUT| Bits| Const Bits|
    +--------------------------------------------+----+----+-----+-----------+
    |ShuffleConvs_0_Downs_100_reg_2580           |  11|   0|   11|          0|
    |ShuffleConvs_0_Downs_101_reg_2585           |  11|   0|   11|          0|
    |ShuffleConvs_0_Downs_102_reg_2590           |  11|   0|   11|          0|
    |ShuffleConvs_0_Downs_103_reg_2595           |  11|   0|   11|          0|
    |ShuffleConvs_0_Downs_104_reg_2600           |  11|   0|   11|          0|
    |ShuffleConvs_0_Downs_105_reg_2605           |  11|   0|   11|          0|
    |ShuffleConvs_0_Downs_106_reg_2610           |  11|   0|   11|          0|
    |ShuffleConvs_0_Downs_107_reg_2615           |  11|   0|   11|          0|
    |ShuffleConvs_0_Downs_108_reg_2620           |  11|   0|   11|          0|
    |ShuffleConvs_0_Downs_109_reg_2625           |  11|   0|   11|          0|
    |ShuffleConvs_0_Downs_110_reg_2630           |  11|   0|   11|          0|
    |ShuffleConvs_0_Downs_111_reg_2635           |  11|   0|   11|          0|
    |ShuffleConvs_0_Downs_112_reg_2640           |  11|   0|   11|          0|
    |ShuffleConvs_0_Downs_113_reg_2645           |  11|   0|   11|          0|
    |ShuffleConvs_0_Downs_114_reg_2650           |  11|   0|   11|          0|
    |ShuffleConvs_0_Downs_115_reg_2655           |  11|   0|   11|          0|
    |ShuffleConvs_0_Downs_116_reg_2660           |  11|   0|   11|          0|
    |ShuffleConvs_0_Downs_117_reg_2665           |  11|   0|   11|          0|
    |ShuffleConvs_0_Downs_118_reg_2670           |  11|   0|   11|          0|
    |ShuffleConvs_0_Downs_119_reg_2821           |   8|   0|    8|          0|
    |ShuffleConvs_0_Downs_120_reg_2826           |   8|   0|    8|          0|
    |ShuffleConvs_0_Downs_121_reg_2831           |   8|   0|    8|          0|
    |ShuffleConvs_0_Downs_122_reg_2836           |   8|   0|    8|          0|
    |ShuffleConvs_0_Downs_123_reg_2841           |   8|   0|    8|          0|
    |ShuffleConvs_0_Downs_124_reg_2846           |   8|   0|    8|          0|
    |ShuffleConvs_0_Downs_125_reg_2851           |   8|   0|    8|          0|
    |ShuffleConvs_0_Downs_126_reg_2856           |   8|   0|    8|          0|
    |ShuffleConvs_0_Downs_127_reg_2861           |   8|   0|    8|          0|
    |ShuffleConvs_0_Downs_128_reg_2866           |   8|   0|    8|          0|
    |ShuffleConvs_0_Downs_129_reg_2871           |   8|   0|    8|          0|
    |ShuffleConvs_0_Downs_130_reg_2876           |   8|   0|    8|          0|
    |ShuffleConvs_0_Downs_131_reg_2881           |   8|   0|    8|          0|
    |ShuffleConvs_0_Downs_132_reg_2886           |   8|   0|    8|          0|
    |ShuffleConvs_0_Downs_133_reg_2891           |   8|   0|    8|          0|
    |ShuffleConvs_0_Downs_134_reg_2896           |   8|   0|    8|          0|
    |ShuffleConvs_0_Downs_135_reg_2901           |   8|   0|    8|          0|
    |ShuffleConvs_0_Downs_136_reg_2906           |   8|   0|    8|          0|
    |ShuffleConvs_0_Downs_137_reg_2911           |   8|   0|    8|          0|
    |ShuffleConvs_0_Downs_138_reg_2916           |   8|   0|    8|          0|
    |ShuffleConvs_0_Downs_139_reg_2921           |   8|   0|    8|          0|
    |ShuffleConvs_0_Downs_140_reg_2926           |   8|   0|    8|          0|
    |ShuffleConvs_0_Downs_141_reg_2931           |   8|   0|    8|          0|
    |ShuffleConvs_0_Downs_142_reg_2936           |   8|   0|    8|          0|
    |ShuffleConvs_0_Downs_143_reg_2982           |  11|   0|   11|          0|
    |ShuffleConvs_0_Downs_144_reg_2988           |  11|   0|   11|          0|
    |ShuffleConvs_0_Downs_145_reg_2994           |  11|   0|   11|          0|
    |ShuffleConvs_0_Downs_146_reg_3000           |  11|   0|   11|          0|
    |ShuffleConvs_0_Downs_147_reg_3006           |  11|   0|   11|          0|
    |ShuffleConvs_0_Downs_148_reg_3012           |  11|   0|   11|          0|
    |ShuffleConvs_0_Downs_149_reg_3018           |  11|   0|   11|          0|
    |ShuffleConvs_0_Downs_150_reg_3024           |  11|   0|   11|          0|
    |ShuffleConvs_0_Downs_151_reg_3030           |  11|   0|   11|          0|
    |ShuffleConvs_0_Downs_152_reg_3036           |  11|   0|   11|          0|
    |ShuffleConvs_0_Downs_153_reg_3042           |  11|   0|   11|          0|
    |ShuffleConvs_0_Downs_154_reg_3048           |  11|   0|   11|          0|
    |ShuffleConvs_0_Downs_155_reg_3054           |  11|   0|   11|          0|
    |ShuffleConvs_0_Downs_156_reg_3060           |  11|   0|   11|          0|
    |ShuffleConvs_0_Downs_157_reg_3066           |  11|   0|   11|          0|
    |ShuffleConvs_0_Downs_158_reg_3072           |  11|   0|   11|          0|
    |ShuffleConvs_0_Downs_159_reg_3078           |  11|   0|   11|          0|
    |ShuffleConvs_0_Downs_160_reg_3084           |  11|   0|   11|          0|
    |ShuffleConvs_0_Downs_161_reg_3090           |  11|   0|   11|          0|
    |ShuffleConvs_0_Downs_162_reg_3096           |  11|   0|   11|          0|
    |ShuffleConvs_0_Downs_163_reg_3102           |  11|   0|   11|          0|
    |ShuffleConvs_0_Downs_164_reg_3108           |  11|   0|   11|          0|
    |ShuffleConvs_0_Downs_165_reg_3114           |  11|   0|   11|          0|
    |ShuffleConvs_0_Downs_166_reg_3120           |  11|   0|   11|          0|
    |ShuffleConvs_0_Downs_95_reg_2555            |  11|   0|   11|          0|
    |ShuffleConvs_0_Downs_96_reg_2560            |  11|   0|   11|          0|
    |ShuffleConvs_0_Downs_97_reg_2565            |  11|   0|   11|          0|
    |ShuffleConvs_0_Downs_98_reg_2570            |  11|   0|   11|          0|
    |ShuffleConvs_0_Downs_99_reg_2575            |  11|   0|   11|          0|
    |ap_CS_fsm                                   |  13|   0|   13|          0|
    |ap_enable_reg_pp0_iter0                     |   1|   0|    1|          0|
    |ap_enable_reg_pp0_iter1                     |   1|   0|    1|          0|
    |ap_enable_reg_pp0_iter2                     |   1|   0|    1|          0|
    |ap_enable_reg_pp1_iter0                     |   1|   0|    1|          0|
    |ap_enable_reg_pp1_iter1                     |   1|   0|    1|          0|
    |ap_enable_reg_pp1_iter2                     |   1|   0|    1|          0|
    |ap_enable_reg_pp1_iter3                     |   1|   0|    1|          0|
    |ap_reg_pp0_iter1_exitcond_flatten_reg_2486  |   1|   0|    1|          0|
    |ap_reg_pp1_iter2_co4_mid2_reg_2963          |   5|   0|    5|          0|
    |ci_8_reg_2811                               |   5|   0|    5|          0|
    |ci_reg_1353                                 |   5|   0|    5|          0|
    |co4_mid2_reg_2963                           |   5|   0|    5|          0|
    |co4_reg_1375                                |   5|   0|    5|          0|
    |co_cast9_mid2_v_reg_2508                    |   5|   0|    5|          0|
    |co_reg_1282                                 |   5|   0|    5|          0|
    |exitcond_flatten5_reg_2495                  |   1|   0|    1|          0|
    |exitcond_flatten6_reg_2941                  |   1|   0|    1|          0|
    |exitcond_flatten7_reg_2950                  |   1|   0|    1|          0|
    |exitcond_flatten_reg_2486                   |   1|   0|    1|          0|
    |h1_cast6_cast_reg_2536                      |   6|   0|   11|          5|
    |h1_reg_1329                                 |   6|   0|    6|          0|
    |h5_cast2_mid2_reg_2975                      |   6|   0|    6|          0|
    |h5_reg_1398                                 |   6|   0|    6|          0|
    |h_cast8_mid2_reg_2519                       |   6|   0|    6|          0|
    |h_reg_1305                                  |   6|   0|    6|          0|
    |indvar_flatten1_reg_1271                    |  15|   0|   15|          0|
    |indvar_flatten2_reg_1364                    |  15|   0|   15|          0|
    |indvar_flatten3_reg_1387                    |  12|   0|   12|          0|
    |indvar_flatten_reg_1294                     |  12|   0|   12|          0|
    |input_V_addr_reg_2683                       |  15|   0|   15|          0|
    |tmp_251_reg_2541                            |  11|   0|   12|          1|
    |w2_cast5_cast2_reg_2550                     |   6|   0|   16|         10|
    |w2_reg_1341                                 |   6|   0|    6|          0|
    |w6_mid2_reg_2969                            |   6|   0|    6|          0|
    |w6_reg_1410                                 |   6|   0|    6|          0|
    |w_mid2_reg_2513                             |   6|   0|    6|          0|
    |w_reg_1317                                  |   6|   0|    6|          0|
    |weight_0_V_addr_reg_2688                    |   5|   0|    5|          0|
    |weight_10_V_addr_reg_2738                   |   5|   0|    5|          0|
    |weight_11_V_addr_reg_2743                   |   5|   0|    5|          0|
    |weight_12_V_addr_reg_2748                   |   5|   0|    5|          0|
    |weight_13_V_addr_reg_2753                   |   5|   0|    5|          0|
    |weight_14_V_addr_reg_2758                   |   5|   0|    5|          0|
    |weight_15_V_addr_reg_2763                   |   5|   0|    5|          0|
    |weight_16_V_addr_reg_2768                   |   5|   0|    5|          0|
    |weight_17_V_addr_reg_2773                   |   5|   0|    5|          0|
    |weight_18_V_addr_reg_2778                   |   5|   0|    5|          0|
    |weight_19_V_addr_reg_2783                   |   5|   0|    5|          0|
    |weight_1_V_addr_reg_2693                    |   5|   0|    5|          0|
    |weight_20_V_addr_reg_2788                   |   5|   0|    5|          0|
    |weight_21_V_addr_reg_2793                   |   5|   0|    5|          0|
    |weight_22_V_addr_reg_2798                   |   5|   0|    5|          0|
    |weight_23_V_addr_reg_2803                   |   5|   0|    5|          0|
    |weight_2_V_addr_reg_2698                    |   5|   0|    5|          0|
    |weight_3_V_addr_reg_2703                    |   5|   0|    5|          0|
    |weight_4_V_addr_reg_2708                    |   5|   0|    5|          0|
    |weight_5_V_addr_reg_2713                    |   5|   0|    5|          0|
    |weight_6_V_addr_reg_2718                    |   5|   0|    5|          0|
    |weight_7_V_addr_reg_2723                    |   5|   0|    5|          0|
    |weight_8_V_addr_reg_2728                    |   5|   0|    5|          0|
    |weight_9_V_addr_reg_2733                    |   5|   0|    5|          0|
    |exitcond_flatten6_reg_2941                  |  64|  32|    1|          0|
    +--------------------------------------------+----+----+-----+-----------+
    |Total                                       |1116|  32| 1069|         16|
    +--------------------------------------------+----+----+-----+-----------+



================================================================
== Interface
================================================================
* Summary: 
+----------------------------------+-----+-----+------------+-------------------------+--------------+
|             RTL Ports            | Dir | Bits|  Protocol  |      Source Object      |    C Type    |
+----------------------------------+-----+-----+------------+-------------------------+--------------+
|ap_clk                            |  in |    1| ap_ctrl_hs |     subconv_1x1_32_p    | return value |
|ap_rst                            |  in |    1| ap_ctrl_hs |     subconv_1x1_32_p    | return value |
|ap_start                          |  in |    1| ap_ctrl_hs |     subconv_1x1_32_p    | return value |
|ap_done                           | out |    1| ap_ctrl_hs |     subconv_1x1_32_p    | return value |
|ap_idle                           | out |    1| ap_ctrl_hs |     subconv_1x1_32_p    | return value |
|ap_ready                          | out |    1| ap_ctrl_hs |     subconv_1x1_32_p    | return value |
|input_V_address0                  | out |   15|  ap_memory |         input_V         |     array    |
|input_V_ce0                       | out |    1|  ap_memory |         input_V         |     array    |
|input_V_q0                        |  in |    8|  ap_memory |         input_V         |     array    |
|weight_0_V_address0               | out |    5|  ap_memory |        weight_0_V       |     array    |
|weight_0_V_ce0                    | out |    1|  ap_memory |        weight_0_V       |     array    |
|weight_0_V_q0                     |  in |    8|  ap_memory |        weight_0_V       |     array    |
|weight_1_V_address0               | out |    5|  ap_memory |        weight_1_V       |     array    |
|weight_1_V_ce0                    | out |    1|  ap_memory |        weight_1_V       |     array    |
|weight_1_V_q0                     |  in |    8|  ap_memory |        weight_1_V       |     array    |
|weight_2_V_address0               | out |    5|  ap_memory |        weight_2_V       |     array    |
|weight_2_V_ce0                    | out |    1|  ap_memory |        weight_2_V       |     array    |
|weight_2_V_q0                     |  in |    8|  ap_memory |        weight_2_V       |     array    |
|weight_3_V_address0               | out |    5|  ap_memory |        weight_3_V       |     array    |
|weight_3_V_ce0                    | out |    1|  ap_memory |        weight_3_V       |     array    |
|weight_3_V_q0                     |  in |    8|  ap_memory |        weight_3_V       |     array    |
|weight_4_V_address0               | out |    5|  ap_memory |        weight_4_V       |     array    |
|weight_4_V_ce0                    | out |    1|  ap_memory |        weight_4_V       |     array    |
|weight_4_V_q0                     |  in |    8|  ap_memory |        weight_4_V       |     array    |
|weight_5_V_address0               | out |    5|  ap_memory |        weight_5_V       |     array    |
|weight_5_V_ce0                    | out |    1|  ap_memory |        weight_5_V       |     array    |
|weight_5_V_q0                     |  in |    8|  ap_memory |        weight_5_V       |     array    |
|weight_6_V_address0               | out |    5|  ap_memory |        weight_6_V       |     array    |
|weight_6_V_ce0                    | out |    1|  ap_memory |        weight_6_V       |     array    |
|weight_6_V_q0                     |  in |    8|  ap_memory |        weight_6_V       |     array    |
|weight_7_V_address0               | out |    5|  ap_memory |        weight_7_V       |     array    |
|weight_7_V_ce0                    | out |    1|  ap_memory |        weight_7_V       |     array    |
|weight_7_V_q0                     |  in |    8|  ap_memory |        weight_7_V       |     array    |
|weight_8_V_address0               | out |    5|  ap_memory |        weight_8_V       |     array    |
|weight_8_V_ce0                    | out |    1|  ap_memory |        weight_8_V       |     array    |
|weight_8_V_q0                     |  in |    8|  ap_memory |        weight_8_V       |     array    |
|weight_9_V_address0               | out |    5|  ap_memory |        weight_9_V       |     array    |
|weight_9_V_ce0                    | out |    1|  ap_memory |        weight_9_V       |     array    |
|weight_9_V_q0                     |  in |    8|  ap_memory |        weight_9_V       |     array    |
|weight_10_V_address0              | out |    5|  ap_memory |       weight_10_V       |     array    |
|weight_10_V_ce0                   | out |    1|  ap_memory |       weight_10_V       |     array    |
|weight_10_V_q0                    |  in |    8|  ap_memory |       weight_10_V       |     array    |
|weight_11_V_address0              | out |    5|  ap_memory |       weight_11_V       |     array    |
|weight_11_V_ce0                   | out |    1|  ap_memory |       weight_11_V       |     array    |
|weight_11_V_q0                    |  in |    8|  ap_memory |       weight_11_V       |     array    |
|weight_12_V_address0              | out |    5|  ap_memory |       weight_12_V       |     array    |
|weight_12_V_ce0                   | out |    1|  ap_memory |       weight_12_V       |     array    |
|weight_12_V_q0                    |  in |    8|  ap_memory |       weight_12_V       |     array    |
|weight_13_V_address0              | out |    5|  ap_memory |       weight_13_V       |     array    |
|weight_13_V_ce0                   | out |    1|  ap_memory |       weight_13_V       |     array    |
|weight_13_V_q0                    |  in |    8|  ap_memory |       weight_13_V       |     array    |
|weight_14_V_address0              | out |    5|  ap_memory |       weight_14_V       |     array    |
|weight_14_V_ce0                   | out |    1|  ap_memory |       weight_14_V       |     array    |
|weight_14_V_q0                    |  in |    8|  ap_memory |       weight_14_V       |     array    |
|weight_15_V_address0              | out |    5|  ap_memory |       weight_15_V       |     array    |
|weight_15_V_ce0                   | out |    1|  ap_memory |       weight_15_V       |     array    |
|weight_15_V_q0                    |  in |    8|  ap_memory |       weight_15_V       |     array    |
|weight_16_V_address0              | out |    5|  ap_memory |       weight_16_V       |     array    |
|weight_16_V_ce0                   | out |    1|  ap_memory |       weight_16_V       |     array    |
|weight_16_V_q0                    |  in |    8|  ap_memory |       weight_16_V       |     array    |
|weight_17_V_address0              | out |    5|  ap_memory |       weight_17_V       |     array    |
|weight_17_V_ce0                   | out |    1|  ap_memory |       weight_17_V       |     array    |
|weight_17_V_q0                    |  in |    8|  ap_memory |       weight_17_V       |     array    |
|weight_18_V_address0              | out |    5|  ap_memory |       weight_18_V       |     array    |
|weight_18_V_ce0                   | out |    1|  ap_memory |       weight_18_V       |     array    |
|weight_18_V_q0                    |  in |    8|  ap_memory |       weight_18_V       |     array    |
|weight_19_V_address0              | out |    5|  ap_memory |       weight_19_V       |     array    |
|weight_19_V_ce0                   | out |    1|  ap_memory |       weight_19_V       |     array    |
|weight_19_V_q0                    |  in |    8|  ap_memory |       weight_19_V       |     array    |
|weight_20_V_address0              | out |    5|  ap_memory |       weight_20_V       |     array    |
|weight_20_V_ce0                   | out |    1|  ap_memory |       weight_20_V       |     array    |
|weight_20_V_q0                    |  in |    8|  ap_memory |       weight_20_V       |     array    |
|weight_21_V_address0              | out |    5|  ap_memory |       weight_21_V       |     array    |
|weight_21_V_ce0                   | out |    1|  ap_memory |       weight_21_V       |     array    |
|weight_21_V_q0                    |  in |    8|  ap_memory |       weight_21_V       |     array    |
|weight_22_V_address0              | out |    5|  ap_memory |       weight_22_V       |     array    |
|weight_22_V_ce0                   | out |    1|  ap_memory |       weight_22_V       |     array    |
|weight_22_V_q0                    |  in |    8|  ap_memory |       weight_22_V       |     array    |
|weight_23_V_address0              | out |    5|  ap_memory |       weight_23_V       |     array    |
|weight_23_V_ce0                   | out |    1|  ap_memory |       weight_23_V       |     array    |
|weight_23_V_q0                    |  in |    8|  ap_memory |       weight_23_V       |     array    |
|bias_V_address0                   | out |    5|  ap_memory |          bias_V         |     array    |
|bias_V_ce0                        | out |    1|  ap_memory |          bias_V         |     array    |
|bias_V_q0                         |  in |    8|  ap_memory |          bias_V         |     array    |
|ShuffleConvs_0_Downs_23_address0  | out |   11|  ap_memory | ShuffleConvs_0_Downs_23 |     array    |
|ShuffleConvs_0_Downs_23_ce0       | out |    1|  ap_memory | ShuffleConvs_0_Downs_23 |     array    |
|ShuffleConvs_0_Downs_23_we0       | out |    1|  ap_memory | ShuffleConvs_0_Downs_23 |     array    |
|ShuffleConvs_0_Downs_23_d0        | out |    8|  ap_memory | ShuffleConvs_0_Downs_23 |     array    |
|ShuffleConvs_0_Downs_23_q0        |  in |    8|  ap_memory | ShuffleConvs_0_Downs_23 |     array    |
|ShuffleConvs_0_Downs_23_address1  | out |   11|  ap_memory | ShuffleConvs_0_Downs_23 |     array    |
|ShuffleConvs_0_Downs_23_ce1       | out |    1|  ap_memory | ShuffleConvs_0_Downs_23 |     array    |
|ShuffleConvs_0_Downs_23_we1       | out |    1|  ap_memory | ShuffleConvs_0_Downs_23 |     array    |
|ShuffleConvs_0_Downs_23_d1        | out |    8|  ap_memory | ShuffleConvs_0_Downs_23 |     array    |
|ShuffleConvs_0_Downs_19_address0  | out |   11|  ap_memory | ShuffleConvs_0_Downs_19 |     array    |
|ShuffleConvs_0_Downs_19_ce0       | out |    1|  ap_memory | ShuffleConvs_0_Downs_19 |     array    |
|ShuffleConvs_0_Downs_19_we0       | out |    1|  ap_memory | ShuffleConvs_0_Downs_19 |     array    |
|ShuffleConvs_0_Downs_19_d0        | out |    8|  ap_memory | ShuffleConvs_0_Downs_19 |     array    |
|ShuffleConvs_0_Downs_19_q0        |  in |    8|  ap_memory | ShuffleConvs_0_Downs_19 |     array    |
|ShuffleConvs_0_Downs_19_address1  | out |   11|  ap_memory | ShuffleConvs_0_Downs_19 |     array    |
|ShuffleConvs_0_Downs_19_ce1       | out |    1|  ap_memory | ShuffleConvs_0_Downs_19 |     array    |
|ShuffleConvs_0_Downs_19_we1       | out |    1|  ap_memory | ShuffleConvs_0_Downs_19 |     array    |
|ShuffleConvs_0_Downs_19_d1        | out |    8|  ap_memory | ShuffleConvs_0_Downs_19 |     array    |
|ShuffleConvs_0_Downs_22_address0  | out |   11|  ap_memory | ShuffleConvs_0_Downs_22 |     array    |
|ShuffleConvs_0_Downs_22_ce0       | out |    1|  ap_memory | ShuffleConvs_0_Downs_22 |     array    |
|ShuffleConvs_0_Downs_22_we0       | out |    1|  ap_memory | ShuffleConvs_0_Downs_22 |     array    |
|ShuffleConvs_0_Downs_22_d0        | out |    8|  ap_memory | ShuffleConvs_0_Downs_22 |     array    |
|ShuffleConvs_0_Downs_22_q0        |  in |    8|  ap_memory | ShuffleConvs_0_Downs_22 |     array    |
|ShuffleConvs_0_Downs_22_address1  | out |   11|  ap_memory | ShuffleConvs_0_Downs_22 |     array    |
|ShuffleConvs_0_Downs_22_ce1       | out |    1|  ap_memory | ShuffleConvs_0_Downs_22 |     array    |
|ShuffleConvs_0_Downs_22_we1       | out |    1|  ap_memory | ShuffleConvs_0_Downs_22 |     array    |
|ShuffleConvs_0_Downs_22_d1        | out |    8|  ap_memory | ShuffleConvs_0_Downs_22 |     array    |
|ShuffleConvs_0_Downs_18_address0  | out |   11|  ap_memory | ShuffleConvs_0_Downs_18 |     array    |
|ShuffleConvs_0_Downs_18_ce0       | out |    1|  ap_memory | ShuffleConvs_0_Downs_18 |     array    |
|ShuffleConvs_0_Downs_18_we0       | out |    1|  ap_memory | ShuffleConvs_0_Downs_18 |     array    |
|ShuffleConvs_0_Downs_18_d0        | out |    8|  ap_memory | ShuffleConvs_0_Downs_18 |     array    |
|ShuffleConvs_0_Downs_18_q0        |  in |    8|  ap_memory | ShuffleConvs_0_Downs_18 |     array    |
|ShuffleConvs_0_Downs_18_address1  | out |   11|  ap_memory | ShuffleConvs_0_Downs_18 |     array    |
|ShuffleConvs_0_Downs_18_ce1       | out |    1|  ap_memory | ShuffleConvs_0_Downs_18 |     array    |
|ShuffleConvs_0_Downs_18_we1       | out |    1|  ap_memory | ShuffleConvs_0_Downs_18 |     array    |
|ShuffleConvs_0_Downs_18_d1        | out |    8|  ap_memory | ShuffleConvs_0_Downs_18 |     array    |
|ShuffleConvs_0_Downs_11_address0  | out |   11|  ap_memory | ShuffleConvs_0_Downs_11 |     array    |
|ShuffleConvs_0_Downs_11_ce0       | out |    1|  ap_memory | ShuffleConvs_0_Downs_11 |     array    |
|ShuffleConvs_0_Downs_11_we0       | out |    1|  ap_memory | ShuffleConvs_0_Downs_11 |     array    |
|ShuffleConvs_0_Downs_11_d0        | out |    8|  ap_memory | ShuffleConvs_0_Downs_11 |     array    |
|ShuffleConvs_0_Downs_11_q0        |  in |    8|  ap_memory | ShuffleConvs_0_Downs_11 |     array    |
|ShuffleConvs_0_Downs_11_address1  | out |   11|  ap_memory | ShuffleConvs_0_Downs_11 |     array    |
|ShuffleConvs_0_Downs_11_ce1       | out |    1|  ap_memory | ShuffleConvs_0_Downs_11 |     array    |
|ShuffleConvs_0_Downs_11_we1       | out |    1|  ap_memory | ShuffleConvs_0_Downs_11 |     array    |
|ShuffleConvs_0_Downs_11_d1        | out |    8|  ap_memory | ShuffleConvs_0_Downs_11 |     array    |
|ShuffleConvs_0_Downs_17_address0  | out |   11|  ap_memory | ShuffleConvs_0_Downs_17 |     array    |
|ShuffleConvs_0_Downs_17_ce0       | out |    1|  ap_memory | ShuffleConvs_0_Downs_17 |     array    |
|ShuffleConvs_0_Downs_17_we0       | out |    1|  ap_memory | ShuffleConvs_0_Downs_17 |     array    |
|ShuffleConvs_0_Downs_17_d0        | out |    8|  ap_memory | ShuffleConvs_0_Downs_17 |     array    |
|ShuffleConvs_0_Downs_17_q0        |  in |    8|  ap_memory | ShuffleConvs_0_Downs_17 |     array    |
|ShuffleConvs_0_Downs_17_address1  | out |   11|  ap_memory | ShuffleConvs_0_Downs_17 |     array    |
|ShuffleConvs_0_Downs_17_ce1       | out |    1|  ap_memory | ShuffleConvs_0_Downs_17 |     array    |
|ShuffleConvs_0_Downs_17_we1       | out |    1|  ap_memory | ShuffleConvs_0_Downs_17 |     array    |
|ShuffleConvs_0_Downs_17_d1        | out |    8|  ap_memory | ShuffleConvs_0_Downs_17 |     array    |
|ShuffleConvs_0_Downs_6_address0   | out |   11|  ap_memory |  ShuffleConvs_0_Downs_6 |     array    |
|ShuffleConvs_0_Downs_6_ce0        | out |    1|  ap_memory |  ShuffleConvs_0_Downs_6 |     array    |
|ShuffleConvs_0_Downs_6_we0        | out |    1|  ap_memory |  ShuffleConvs_0_Downs_6 |     array    |
|ShuffleConvs_0_Downs_6_d0         | out |    8|  ap_memory |  ShuffleConvs_0_Downs_6 |     array    |
|ShuffleConvs_0_Downs_6_q0         |  in |    8|  ap_memory |  ShuffleConvs_0_Downs_6 |     array    |
|ShuffleConvs_0_Downs_6_address1   | out |   11|  ap_memory |  ShuffleConvs_0_Downs_6 |     array    |
|ShuffleConvs_0_Downs_6_ce1        | out |    1|  ap_memory |  ShuffleConvs_0_Downs_6 |     array    |
|ShuffleConvs_0_Downs_6_we1        | out |    1|  ap_memory |  ShuffleConvs_0_Downs_6 |     array    |
|ShuffleConvs_0_Downs_6_d1         | out |    8|  ap_memory |  ShuffleConvs_0_Downs_6 |     array    |
|ShuffleConvs_0_Downs_16_address0  | out |   11|  ap_memory | ShuffleConvs_0_Downs_16 |     array    |
|ShuffleConvs_0_Downs_16_ce0       | out |    1|  ap_memory | ShuffleConvs_0_Downs_16 |     array    |
|ShuffleConvs_0_Downs_16_we0       | out |    1|  ap_memory | ShuffleConvs_0_Downs_16 |     array    |
|ShuffleConvs_0_Downs_16_d0        | out |    8|  ap_memory | ShuffleConvs_0_Downs_16 |     array    |
|ShuffleConvs_0_Downs_16_q0        |  in |    8|  ap_memory | ShuffleConvs_0_Downs_16 |     array    |
|ShuffleConvs_0_Downs_16_address1  | out |   11|  ap_memory | ShuffleConvs_0_Downs_16 |     array    |
|ShuffleConvs_0_Downs_16_ce1       | out |    1|  ap_memory | ShuffleConvs_0_Downs_16 |     array    |
|ShuffleConvs_0_Downs_16_we1       | out |    1|  ap_memory | ShuffleConvs_0_Downs_16 |     array    |
|ShuffleConvs_0_Downs_16_d1        | out |    8|  ap_memory | ShuffleConvs_0_Downs_16 |     array    |
|ShuffleConvs_0_Downs_5_address0   | out |   11|  ap_memory |  ShuffleConvs_0_Downs_5 |     array    |
|ShuffleConvs_0_Downs_5_ce0        | out |    1|  ap_memory |  ShuffleConvs_0_Downs_5 |     array    |
|ShuffleConvs_0_Downs_5_we0        | out |    1|  ap_memory |  ShuffleConvs_0_Downs_5 |     array    |
|ShuffleConvs_0_Downs_5_d0         | out |    8|  ap_memory |  ShuffleConvs_0_Downs_5 |     array    |
|ShuffleConvs_0_Downs_5_q0         |  in |    8|  ap_memory |  ShuffleConvs_0_Downs_5 |     array    |
|ShuffleConvs_0_Downs_5_address1   | out |   11|  ap_memory |  ShuffleConvs_0_Downs_5 |     array    |
|ShuffleConvs_0_Downs_5_ce1        | out |    1|  ap_memory |  ShuffleConvs_0_Downs_5 |     array    |
|ShuffleConvs_0_Downs_5_we1        | out |    1|  ap_memory |  ShuffleConvs_0_Downs_5 |     array    |
|ShuffleConvs_0_Downs_5_d1         | out |    8|  ap_memory |  ShuffleConvs_0_Downs_5 |     array    |
|ShuffleConvs_0_Downs_15_address0  | out |   11|  ap_memory | ShuffleConvs_0_Downs_15 |     array    |
|ShuffleConvs_0_Downs_15_ce0       | out |    1|  ap_memory | ShuffleConvs_0_Downs_15 |     array    |
|ShuffleConvs_0_Downs_15_we0       | out |    1|  ap_memory | ShuffleConvs_0_Downs_15 |     array    |
|ShuffleConvs_0_Downs_15_d0        | out |    8|  ap_memory | ShuffleConvs_0_Downs_15 |     array    |
|ShuffleConvs_0_Downs_15_q0        |  in |    8|  ap_memory | ShuffleConvs_0_Downs_15 |     array    |
|ShuffleConvs_0_Downs_15_address1  | out |   11|  ap_memory | ShuffleConvs_0_Downs_15 |     array    |
|ShuffleConvs_0_Downs_15_ce1       | out |    1|  ap_memory | ShuffleConvs_0_Downs_15 |     array    |
|ShuffleConvs_0_Downs_15_we1       | out |    1|  ap_memory | ShuffleConvs_0_Downs_15 |     array    |
|ShuffleConvs_0_Downs_15_d1        | out |    8|  ap_memory | ShuffleConvs_0_Downs_15 |     array    |
|ShuffleConvs_0_Downs_4_address0   | out |   11|  ap_memory |  ShuffleConvs_0_Downs_4 |     array    |
|ShuffleConvs_0_Downs_4_ce0        | out |    1|  ap_memory |  ShuffleConvs_0_Downs_4 |     array    |
|ShuffleConvs_0_Downs_4_we0        | out |    1|  ap_memory |  ShuffleConvs_0_Downs_4 |     array    |
|ShuffleConvs_0_Downs_4_d0         | out |    8|  ap_memory |  ShuffleConvs_0_Downs_4 |     array    |
|ShuffleConvs_0_Downs_4_q0         |  in |    8|  ap_memory |  ShuffleConvs_0_Downs_4 |     array    |
|ShuffleConvs_0_Downs_4_address1   | out |   11|  ap_memory |  ShuffleConvs_0_Downs_4 |     array    |
|ShuffleConvs_0_Downs_4_ce1        | out |    1|  ap_memory |  ShuffleConvs_0_Downs_4 |     array    |
|ShuffleConvs_0_Downs_4_we1        | out |    1|  ap_memory |  ShuffleConvs_0_Downs_4 |     array    |
|ShuffleConvs_0_Downs_4_d1         | out |    8|  ap_memory |  ShuffleConvs_0_Downs_4 |     array    |
|ShuffleConvs_0_Downs_14_address0  | out |   11|  ap_memory | ShuffleConvs_0_Downs_14 |     array    |
|ShuffleConvs_0_Downs_14_ce0       | out |    1|  ap_memory | ShuffleConvs_0_Downs_14 |     array    |
|ShuffleConvs_0_Downs_14_we0       | out |    1|  ap_memory | ShuffleConvs_0_Downs_14 |     array    |
|ShuffleConvs_0_Downs_14_d0        | out |    8|  ap_memory | ShuffleConvs_0_Downs_14 |     array    |
|ShuffleConvs_0_Downs_14_q0        |  in |    8|  ap_memory | ShuffleConvs_0_Downs_14 |     array    |
|ShuffleConvs_0_Downs_14_address1  | out |   11|  ap_memory | ShuffleConvs_0_Downs_14 |     array    |
|ShuffleConvs_0_Downs_14_ce1       | out |    1|  ap_memory | ShuffleConvs_0_Downs_14 |     array    |
|ShuffleConvs_0_Downs_14_we1       | out |    1|  ap_memory | ShuffleConvs_0_Downs_14 |     array    |
|ShuffleConvs_0_Downs_14_d1        | out |    8|  ap_memory | ShuffleConvs_0_Downs_14 |     array    |
|ShuffleConvs_0_Downs_3_address0   | out |   11|  ap_memory |  ShuffleConvs_0_Downs_3 |     array    |
|ShuffleConvs_0_Downs_3_ce0        | out |    1|  ap_memory |  ShuffleConvs_0_Downs_3 |     array    |
|ShuffleConvs_0_Downs_3_we0        | out |    1|  ap_memory |  ShuffleConvs_0_Downs_3 |     array    |
|ShuffleConvs_0_Downs_3_d0         | out |    8|  ap_memory |  ShuffleConvs_0_Downs_3 |     array    |
|ShuffleConvs_0_Downs_3_q0         |  in |    8|  ap_memory |  ShuffleConvs_0_Downs_3 |     array    |
|ShuffleConvs_0_Downs_3_address1   | out |   11|  ap_memory |  ShuffleConvs_0_Downs_3 |     array    |
|ShuffleConvs_0_Downs_3_ce1        | out |    1|  ap_memory |  ShuffleConvs_0_Downs_3 |     array    |
|ShuffleConvs_0_Downs_3_we1        | out |    1|  ap_memory |  ShuffleConvs_0_Downs_3 |     array    |
|ShuffleConvs_0_Downs_3_d1         | out |    8|  ap_memory |  ShuffleConvs_0_Downs_3 |     array    |
|ShuffleConvs_0_Downs_13_address0  | out |   11|  ap_memory | ShuffleConvs_0_Downs_13 |     array    |
|ShuffleConvs_0_Downs_13_ce0       | out |    1|  ap_memory | ShuffleConvs_0_Downs_13 |     array    |
|ShuffleConvs_0_Downs_13_we0       | out |    1|  ap_memory | ShuffleConvs_0_Downs_13 |     array    |
|ShuffleConvs_0_Downs_13_d0        | out |    8|  ap_memory | ShuffleConvs_0_Downs_13 |     array    |
|ShuffleConvs_0_Downs_13_q0        |  in |    8|  ap_memory | ShuffleConvs_0_Downs_13 |     array    |
|ShuffleConvs_0_Downs_13_address1  | out |   11|  ap_memory | ShuffleConvs_0_Downs_13 |     array    |
|ShuffleConvs_0_Downs_13_ce1       | out |    1|  ap_memory | ShuffleConvs_0_Downs_13 |     array    |
|ShuffleConvs_0_Downs_13_we1       | out |    1|  ap_memory | ShuffleConvs_0_Downs_13 |     array    |
|ShuffleConvs_0_Downs_13_d1        | out |    8|  ap_memory | ShuffleConvs_0_Downs_13 |     array    |
|ShuffleConvs_0_Downs_2_address0   | out |   11|  ap_memory |  ShuffleConvs_0_Downs_2 |     array    |
|ShuffleConvs_0_Downs_2_ce0        | out |    1|  ap_memory |  ShuffleConvs_0_Downs_2 |     array    |
|ShuffleConvs_0_Downs_2_we0        | out |    1|  ap_memory |  ShuffleConvs_0_Downs_2 |     array    |
|ShuffleConvs_0_Downs_2_d0         | out |    8|  ap_memory |  ShuffleConvs_0_Downs_2 |     array    |
|ShuffleConvs_0_Downs_2_q0         |  in |    8|  ap_memory |  ShuffleConvs_0_Downs_2 |     array    |
|ShuffleConvs_0_Downs_2_address1   | out |   11|  ap_memory |  ShuffleConvs_0_Downs_2 |     array    |
|ShuffleConvs_0_Downs_2_ce1        | out |    1|  ap_memory |  ShuffleConvs_0_Downs_2 |     array    |
|ShuffleConvs_0_Downs_2_we1        | out |    1|  ap_memory |  ShuffleConvs_0_Downs_2 |     array    |
|ShuffleConvs_0_Downs_2_d1         | out |    8|  ap_memory |  ShuffleConvs_0_Downs_2 |     array    |
|ShuffleConvs_0_Downs_12_address0  | out |   11|  ap_memory | ShuffleConvs_0_Downs_12 |     array    |
|ShuffleConvs_0_Downs_12_ce0       | out |    1|  ap_memory | ShuffleConvs_0_Downs_12 |     array    |
|ShuffleConvs_0_Downs_12_we0       | out |    1|  ap_memory | ShuffleConvs_0_Downs_12 |     array    |
|ShuffleConvs_0_Downs_12_d0        | out |    8|  ap_memory | ShuffleConvs_0_Downs_12 |     array    |
|ShuffleConvs_0_Downs_12_q0        |  in |    8|  ap_memory | ShuffleConvs_0_Downs_12 |     array    |
|ShuffleConvs_0_Downs_12_address1  | out |   11|  ap_memory | ShuffleConvs_0_Downs_12 |     array    |
|ShuffleConvs_0_Downs_12_ce1       | out |    1|  ap_memory | ShuffleConvs_0_Downs_12 |     array    |
|ShuffleConvs_0_Downs_12_we1       | out |    1|  ap_memory | ShuffleConvs_0_Downs_12 |     array    |
|ShuffleConvs_0_Downs_12_d1        | out |    8|  ap_memory | ShuffleConvs_0_Downs_12 |     array    |
|ShuffleConvs_0_Downs_1_address0   | out |   11|  ap_memory |  ShuffleConvs_0_Downs_1 |     array    |
|ShuffleConvs_0_Downs_1_ce0        | out |    1|  ap_memory |  ShuffleConvs_0_Downs_1 |     array    |
|ShuffleConvs_0_Downs_1_we0        | out |    1|  ap_memory |  ShuffleConvs_0_Downs_1 |     array    |
|ShuffleConvs_0_Downs_1_d0         | out |    8|  ap_memory |  ShuffleConvs_0_Downs_1 |     array    |
|ShuffleConvs_0_Downs_1_q0         |  in |    8|  ap_memory |  ShuffleConvs_0_Downs_1 |     array    |
|ShuffleConvs_0_Downs_1_address1   | out |   11|  ap_memory |  ShuffleConvs_0_Downs_1 |     array    |
|ShuffleConvs_0_Downs_1_ce1        | out |    1|  ap_memory |  ShuffleConvs_0_Downs_1 |     array    |
|ShuffleConvs_0_Downs_1_we1        | out |    1|  ap_memory |  ShuffleConvs_0_Downs_1 |     array    |
|ShuffleConvs_0_Downs_1_d1         | out |    8|  ap_memory |  ShuffleConvs_0_Downs_1 |     array    |
|ShuffleConvs_0_Downs_10_address0  | out |   11|  ap_memory | ShuffleConvs_0_Downs_10 |     array    |
|ShuffleConvs_0_Downs_10_ce0       | out |    1|  ap_memory | ShuffleConvs_0_Downs_10 |     array    |
|ShuffleConvs_0_Downs_10_we0       | out |    1|  ap_memory | ShuffleConvs_0_Downs_10 |     array    |
|ShuffleConvs_0_Downs_10_d0        | out |    8|  ap_memory | ShuffleConvs_0_Downs_10 |     array    |
|ShuffleConvs_0_Downs_10_q0        |  in |    8|  ap_memory | ShuffleConvs_0_Downs_10 |     array    |
|ShuffleConvs_0_Downs_10_address1  | out |   11|  ap_memory | ShuffleConvs_0_Downs_10 |     array    |
|ShuffleConvs_0_Downs_10_ce1       | out |    1|  ap_memory | ShuffleConvs_0_Downs_10 |     array    |
|ShuffleConvs_0_Downs_10_we1       | out |    1|  ap_memory | ShuffleConvs_0_Downs_10 |     array    |
|ShuffleConvs_0_Downs_10_d1        | out |    8|  ap_memory | ShuffleConvs_0_Downs_10 |     array    |
|ShuffleConvs_0_Downs_address0     | out |   11|  ap_memory |   ShuffleConvs_0_Downs  |     array    |
|ShuffleConvs_0_Downs_ce0          | out |    1|  ap_memory |   ShuffleConvs_0_Downs  |     array    |
|ShuffleConvs_0_Downs_we0          | out |    1|  ap_memory |   ShuffleConvs_0_Downs  |     array    |
|ShuffleConvs_0_Downs_d0           | out |    8|  ap_memory |   ShuffleConvs_0_Downs  |     array    |
|ShuffleConvs_0_Downs_q0           |  in |    8|  ap_memory |   ShuffleConvs_0_Downs  |     array    |
|ShuffleConvs_0_Downs_address1     | out |   11|  ap_memory |   ShuffleConvs_0_Downs  |     array    |
|ShuffleConvs_0_Downs_ce1          | out |    1|  ap_memory |   ShuffleConvs_0_Downs  |     array    |
|ShuffleConvs_0_Downs_we1          | out |    1|  ap_memory |   ShuffleConvs_0_Downs  |     array    |
|ShuffleConvs_0_Downs_d1           | out |    8|  ap_memory |   ShuffleConvs_0_Downs  |     array    |
|ShuffleConvs_0_Downs_9_address0   | out |   11|  ap_memory |  ShuffleConvs_0_Downs_9 |     array    |
|ShuffleConvs_0_Downs_9_ce0        | out |    1|  ap_memory |  ShuffleConvs_0_Downs_9 |     array    |
|ShuffleConvs_0_Downs_9_we0        | out |    1|  ap_memory |  ShuffleConvs_0_Downs_9 |     array    |
|ShuffleConvs_0_Downs_9_d0         | out |    8|  ap_memory |  ShuffleConvs_0_Downs_9 |     array    |
|ShuffleConvs_0_Downs_9_q0         |  in |    8|  ap_memory |  ShuffleConvs_0_Downs_9 |     array    |
|ShuffleConvs_0_Downs_9_address1   | out |   11|  ap_memory |  ShuffleConvs_0_Downs_9 |     array    |
|ShuffleConvs_0_Downs_9_ce1        | out |    1|  ap_memory |  ShuffleConvs_0_Downs_9 |     array    |
|ShuffleConvs_0_Downs_9_we1        | out |    1|  ap_memory |  ShuffleConvs_0_Downs_9 |     array    |
|ShuffleConvs_0_Downs_9_d1         | out |    8|  ap_memory |  ShuffleConvs_0_Downs_9 |     array    |
|ShuffleConvs_0_Downs_21_address0  | out |   11|  ap_memory | ShuffleConvs_0_Downs_21 |     array    |
|ShuffleConvs_0_Downs_21_ce0       | out |    1|  ap_memory | ShuffleConvs_0_Downs_21 |     array    |
|ShuffleConvs_0_Downs_21_we0       | out |    1|  ap_memory | ShuffleConvs_0_Downs_21 |     array    |
|ShuffleConvs_0_Downs_21_d0        | out |    8|  ap_memory | ShuffleConvs_0_Downs_21 |     array    |
|ShuffleConvs_0_Downs_21_q0        |  in |    8|  ap_memory | ShuffleConvs_0_Downs_21 |     array    |
|ShuffleConvs_0_Downs_21_address1  | out |   11|  ap_memory | ShuffleConvs_0_Downs_21 |     array    |
|ShuffleConvs_0_Downs_21_ce1       | out |    1|  ap_memory | ShuffleConvs_0_Downs_21 |     array    |
|ShuffleConvs_0_Downs_21_we1       | out |    1|  ap_memory | ShuffleConvs_0_Downs_21 |     array    |
|ShuffleConvs_0_Downs_21_d1        | out |    8|  ap_memory | ShuffleConvs_0_Downs_21 |     array    |
|ShuffleConvs_0_Downs_8_address0   | out |   11|  ap_memory |  ShuffleConvs_0_Downs_8 |     array    |
|ShuffleConvs_0_Downs_8_ce0        | out |    1|  ap_memory |  ShuffleConvs_0_Downs_8 |     array    |
|ShuffleConvs_0_Downs_8_we0        | out |    1|  ap_memory |  ShuffleConvs_0_Downs_8 |     array    |
|ShuffleConvs_0_Downs_8_d0         | out |    8|  ap_memory |  ShuffleConvs_0_Downs_8 |     array    |
|ShuffleConvs_0_Downs_8_q0         |  in |    8|  ap_memory |  ShuffleConvs_0_Downs_8 |     array    |
|ShuffleConvs_0_Downs_8_address1   | out |   11|  ap_memory |  ShuffleConvs_0_Downs_8 |     array    |
|ShuffleConvs_0_Downs_8_ce1        | out |    1|  ap_memory |  ShuffleConvs_0_Downs_8 |     array    |
|ShuffleConvs_0_Downs_8_we1        | out |    1|  ap_memory |  ShuffleConvs_0_Downs_8 |     array    |
|ShuffleConvs_0_Downs_8_d1         | out |    8|  ap_memory |  ShuffleConvs_0_Downs_8 |     array    |
|ShuffleConvs_0_Downs_20_address0  | out |   11|  ap_memory | ShuffleConvs_0_Downs_20 |     array    |
|ShuffleConvs_0_Downs_20_ce0       | out |    1|  ap_memory | ShuffleConvs_0_Downs_20 |     array    |
|ShuffleConvs_0_Downs_20_we0       | out |    1|  ap_memory | ShuffleConvs_0_Downs_20 |     array    |
|ShuffleConvs_0_Downs_20_d0        | out |    8|  ap_memory | ShuffleConvs_0_Downs_20 |     array    |
|ShuffleConvs_0_Downs_20_q0        |  in |    8|  ap_memory | ShuffleConvs_0_Downs_20 |     array    |
|ShuffleConvs_0_Downs_20_address1  | out |   11|  ap_memory | ShuffleConvs_0_Downs_20 |     array    |
|ShuffleConvs_0_Downs_20_ce1       | out |    1|  ap_memory | ShuffleConvs_0_Downs_20 |     array    |
|ShuffleConvs_0_Downs_20_we1       | out |    1|  ap_memory | ShuffleConvs_0_Downs_20 |     array    |
|ShuffleConvs_0_Downs_20_d1        | out |    8|  ap_memory | ShuffleConvs_0_Downs_20 |     array    |
|ShuffleConvs_0_Downs_7_address0   | out |   11|  ap_memory |  ShuffleConvs_0_Downs_7 |     array    |
|ShuffleConvs_0_Downs_7_ce0        | out |    1|  ap_memory |  ShuffleConvs_0_Downs_7 |     array    |
|ShuffleConvs_0_Downs_7_we0        | out |    1|  ap_memory |  ShuffleConvs_0_Downs_7 |     array    |
|ShuffleConvs_0_Downs_7_d0         | out |    8|  ap_memory |  ShuffleConvs_0_Downs_7 |     array    |
|ShuffleConvs_0_Downs_7_q0         |  in |    8|  ap_memory |  ShuffleConvs_0_Downs_7 |     array    |
|ShuffleConvs_0_Downs_7_address1   | out |   11|  ap_memory |  ShuffleConvs_0_Downs_7 |     array    |
|ShuffleConvs_0_Downs_7_ce1        | out |    1|  ap_memory |  ShuffleConvs_0_Downs_7 |     array    |
|ShuffleConvs_0_Downs_7_we1        | out |    1|  ap_memory |  ShuffleConvs_0_Downs_7 |     array    |
|ShuffleConvs_0_Downs_7_d1         | out |    8|  ap_memory |  ShuffleConvs_0_Downs_7 |     array    |
+----------------------------------+-----+-----+------------+-------------------------+--------------+

