

================================================================
== Vivado HLS Report for 'subconv_3x3_8_no_rel'
================================================================
* Date:           Sun Dec 16 04:34:38 2018

* Version:        2017.2 (Build 1909853 on Thu Jun 15 18:55:24 MDT 2017)
* Project:        acceleartor_hls_padding
* Solution:       optimize_conv1
* Product family: zynq
* Target device:  xc7z020clg484-1


================================================================
== Performance Estimates
================================================================
+ Timing (ns): 
    * Summary: 
    +--------+-------+----------+------------+
    |  Clock | Target| Estimated| Uncertainty|
    +--------+-------+----------+------------+
    |ap_clk  |  10.00|      8.28|        1.25|
    +--------+-------+----------+------------+

+ Latency (clock cycles): 
    * Summary: 
    +--------+--------+--------+--------+---------+
    |     Latency     |     Interval    | Pipeline|
    |   min  |   max  |   min  |   max  |   Type  |
    +--------+--------+--------+--------+---------+
    |  234337|  234337|  234337|  234337|   none  |
    +--------+--------+--------+--------+---------+

    + Detail: 
        * Instance: 
        N/A

        * Loop: 
        +-------------------------+--------+--------+----------+-----------+-----------+------+----------+
        |                         |     Latency     | Iteration|  Initiation Interval  | Trip |          |
        |        Loop Name        |   min  |   max  |  Latency |  achieved |   target  | Count| Pipelined|
        +-------------------------+--------+--------+----------+-----------+-----------+------+----------+
        |- Loop 1                 |  234336|  234336|      4882|          -|          -|    48|    no    |
        | + Loop 1.1              |    4880|    4880|       610|          -|          -|     8|    no    |
        |  ++ Loop 1.1.1          |     608|     608|        76|          -|          -|     8|    no    |
        |   +++ Loop 1.1.1.1      |      72|      72|        24|          -|          -|     3|    no    |
        |    ++++ Loop 1.1.1.1.1  |      21|      21|         7|          -|          -|     3|    no    |
        +-------------------------+--------+--------+----------+-----------+-----------+------+----------+

============================================================
+ Verbose Summary: Synthesis Manager
============================================================
InlineROM: 1
ExposeGlobal: 0
============================================================
+ Verbose Summary: CDFG Model
============================================================
IsTopModel: 0
ResetActiveHigh: 1
IsCombinational: 0
IsDatapathOnly: 0
HasWiredReturn: 1
HasMFsm: 0
HasVarLatency: 1
IsPipeline: 0
IsRtlPipelined: 0
IsInstanceOverlapped: 0
IsDontTouch: 0
HasImplIP: 0
IsGatedGlobalClock: 0


============================================================
+ Verbose Summary: Schedule
============================================================
* Number of FSM states: 15
* Pipeline: 0
* Dataflow Pipeline: 0

* FSM state transitions: 
1 --> 
	2  / true
2 --> 
	3  / (!exitcond5)
3 --> 
	4  / (!exitcond6)
	2  / (exitcond6)
4 --> 
	5  / (!exitcond7)
	3  / (exitcond7)
5 --> 
	6  / (!exitcond8)
	14  / (exitcond8)
6 --> 
	7  / true
7 --> 
	8  / (!exitcond)
	5  / (exitcond)
8 --> 
	9  / true
9 --> 
	10  / true
10 --> 
	11  / true
11 --> 
	12  / true
12 --> 
	13  / true
13 --> 
	7  / true
14 --> 
	15  / true
15 --> 
	4  / true
* FSM state operations: 

 <State 1>: 1.59ns
ST_1: StgValue_16 (12)  [1/1] 1.59ns  loc: acceleartor_hls_padding/components.cpp:517
:0  br label %.loopexit


 <State 2>: 3.88ns
ST_2: co (14)  [1/1] 0.00ns
.loopexit:0  %co = phi i6 [ 0, %0 ], [ %co_2, %.loopexit.loopexit ]

ST_2: exitcond5 (15)  [1/1] 3.88ns  loc: acceleartor_hls_padding/components.cpp:517
.loopexit:1  %exitcond5 = icmp eq i6 %co, -16

ST_2: empty (16)  [1/1] 0.00ns
.loopexit:2  %empty = call i32 (...)* @_ssdm_op_SpecLoopTripCount(i64 48, i64 48, i64 48)

ST_2: co_2 (17)  [1/1] 2.31ns  loc: acceleartor_hls_padding/components.cpp:517
.loopexit:3  %co_2 = add i6 %co, 1

ST_2: StgValue_21 (18)  [1/1] 0.00ns  loc: acceleartor_hls_padding/components.cpp:517
.loopexit:4  br i1 %exitcond5, label %2, label %.preheader47.preheader

ST_2: tmp (20)  [1/1] 0.00ns  loc: acceleartor_hls_padding/components.cpp:523
.preheader47.preheader:0  %tmp = zext i6 %co to i64

ST_2: tmp_cast (21)  [1/1] 0.00ns  loc: acceleartor_hls_padding/components.cpp:517
.preheader47.preheader:1  %tmp_cast = zext i6 %co to i9

ST_2: tmp_s (22)  [1/1] 0.00ns  loc: acceleartor_hls_padding/components.cpp:517
.preheader47.preheader:2  %tmp_s = call i8 @_ssdm_op_BitConcatenate.i8.i6.i2(i6 %co, i2 0)

ST_2: p_shl4_cast (23)  [1/1] 0.00ns  loc: acceleartor_hls_padding/components.cpp:523
.preheader47.preheader:3  %p_shl4_cast = zext i8 %tmp_s to i9

ST_2: tmp_54 (24)  [1/1] 2.32ns  loc: acceleartor_hls_padding/components.cpp:523
.preheader47.preheader:4  %tmp_54 = sub i9 %p_shl4_cast, %tmp_cast

ST_2: tmp_65_cast (25)  [1/1] 0.00ns  loc: acceleartor_hls_padding/components.cpp:523
.preheader47.preheader:5  %tmp_65_cast = sext i9 %tmp_54 to i10

ST_2: tmp_55 (26)  [1/1] 0.00ns  loc: acceleartor_hls_padding/components.cpp:517
.preheader47.preheader:6  %tmp_55 = call i9 @_ssdm_op_BitConcatenate.i9.i6.i3(i6 %co, i3 0)

ST_2: p_shl2_cast (27)  [1/1] 0.00ns  loc: acceleartor_hls_padding/components.cpp:517
.preheader47.preheader:7  %p_shl2_cast = zext i9 %tmp_55 to i10

ST_2: tmp_56 (28)  [1/1] 0.00ns  loc: acceleartor_hls_padding/components.cpp:517
.preheader47.preheader:8  %tmp_56 = call i7 @_ssdm_op_BitConcatenate.i7.i6.i1(i6 %co, i1 false)

ST_2: p_shl3_cast (29)  [1/1] 0.00ns  loc: acceleartor_hls_padding/components.cpp:527
.preheader47.preheader:9  %p_shl3_cast = zext i7 %tmp_56 to i10

ST_2: tmp_57 (30)  [1/1] 2.32ns  loc: acceleartor_hls_padding/components.cpp:527
.preheader47.preheader:10  %tmp_57 = add i10 %p_shl2_cast, %p_shl3_cast

ST_2: tmp_59 (31)  [1/1] 0.00ns  loc: acceleartor_hls_padding/components.cpp:517
.preheader47.preheader:11  %tmp_59 = trunc i6 %co to i3

ST_2: newIndex (32)  [1/1] 0.00ns  loc: acceleartor_hls_padding/components.cpp:517
.preheader47.preheader:12  %newIndex = call i3 @_ssdm_op_PartSelect.i3.i6.i32.i32(i6 %co, i32 3, i32 5)

ST_2: tmp_58 (33)  [1/1] 0.00ns  loc: acceleartor_hls_padding/components.cpp:517
.preheader47.preheader:13  %tmp_58 = call i6 @_ssdm_op_BitConcatenate.i6.i3.i3(i3 %newIndex, i3 0)

ST_2: p_shl_cast (34)  [1/1] 0.00ns  loc: acceleartor_hls_padding/components.cpp:517
.preheader47.preheader:14  %p_shl_cast = zext i6 %tmp_58 to i7

ST_2: tmp_60 (35)  [1/1] 0.00ns  loc: acceleartor_hls_padding/components.cpp:517
.preheader47.preheader:15  %tmp_60 = call i4 @_ssdm_op_BitConcatenate.i4.i3.i1(i3 %newIndex, i1 false)

ST_2: p_shl1_cast (36)  [1/1] 0.00ns  loc: acceleartor_hls_padding/components.cpp:517
.preheader47.preheader:16  %p_shl1_cast = zext i4 %tmp_60 to i7

ST_2: tmp_61 (37)  [1/1] 2.31ns  loc: acceleartor_hls_padding/components.cpp:517
.preheader47.preheader:17  %tmp_61 = add i7 %p_shl_cast, %p_shl1_cast

ST_2: bias_V_addr (38)  [1/1] 0.00ns  loc: acceleartor_hls_padding/components.cpp:526
.preheader47.preheader:18  %bias_V_addr = getelementptr [48 x i8]* %bias_V, i64 0, i64 %tmp

ST_2: StgValue_41 (39)  [1/1] 1.59ns  loc: acceleartor_hls_padding/components.cpp:518
.preheader47.preheader:19  br label %.preheader47

ST_2: StgValue_42 (190)  [1/1] 0.00ns  loc: acceleartor_hls_padding/components.cpp:531
:0  ret void


 <State 3>: 4.66ns
ST_3: h (41)  [1/1] 0.00ns
.preheader47:0  %h = phi i4 [ %h_2, %1 ], [ 1, %.preheader47.preheader ]

ST_3: exitcond6 (42)  [1/1] 3.10ns  loc: acceleartor_hls_padding/components.cpp:518
.preheader47:1  %exitcond6 = icmp eq i4 %h, -7

ST_3: empty_29 (43)  [1/1] 0.00ns
.preheader47:2  %empty_29 = call i32 (...)* @_ssdm_op_SpecLoopTripCount(i64 8, i64 8, i64 8)

ST_3: StgValue_46 (44)  [1/1] 0.00ns  loc: acceleartor_hls_padding/components.cpp:518
.preheader47:3  br i1 %exitcond6, label %.loopexit.loopexit, label %.preheader46.preheader

ST_3: tmp_cast_30 (46)  [1/1] 0.00ns  loc: acceleartor_hls_padding/components.cpp:527
.preheader46.preheader:0  %tmp_cast_30 = zext i4 %h to i10

ST_3: tmp_62 (47)  [1/1] 2.32ns  loc: acceleartor_hls_padding/components.cpp:527
.preheader46.preheader:1  %tmp_62 = add i10 %tmp_cast_30, %tmp_57

ST_3: tmp_63 (48)  [1/1] 0.00ns  loc: acceleartor_hls_padding/components.cpp:527
.preheader46.preheader:2  %tmp_63 = call i13 @_ssdm_op_BitConcatenate.i13.i10.i3(i10 %tmp_62, i3 0)

ST_3: p_shl5_cast (49)  [1/1] 0.00ns  loc: acceleartor_hls_padding/components.cpp:527
.preheader46.preheader:3  %p_shl5_cast = zext i13 %tmp_63 to i14

ST_3: tmp_64 (50)  [1/1] 0.00ns  loc: acceleartor_hls_padding/components.cpp:527
.preheader46.preheader:4  %tmp_64 = call i11 @_ssdm_op_BitConcatenate.i11.i10.i1(i10 %tmp_62, i1 false)

ST_3: p_shl6_cast (51)  [1/1] 0.00ns  loc: acceleartor_hls_padding/components.cpp:527
.preheader46.preheader:5  %p_shl6_cast = zext i11 %tmp_64 to i14

ST_3: tmp_65 (52)  [1/1] 2.34ns  loc: acceleartor_hls_padding/components.cpp:527
.preheader46.preheader:6  %tmp_65 = add i14 %p_shl5_cast, %p_shl6_cast

ST_3: StgValue_54 (53)  [1/1] 1.59ns  loc: acceleartor_hls_padding/components.cpp:519
.preheader46.preheader:7  br label %.preheader46

ST_3: StgValue_55 (188)  [1/1] 0.00ns
.loopexit.loopexit:0  br label %.loopexit


 <State 4>: 3.10ns
ST_4: w (55)  [1/1] 0.00ns
.preheader46:0  %w = phi i4 [ %w_2, %_ifconv1 ], [ 1, %.preheader46.preheader ]

ST_4: exitcond7 (56)  [1/1] 3.10ns  loc: acceleartor_hls_padding/components.cpp:519
.preheader46:1  %exitcond7 = icmp eq i4 %w, -7

ST_4: empty_31 (57)  [1/1] 0.00ns
.preheader46:2  %empty_31 = call i32 (...)* @_ssdm_op_SpecLoopTripCount(i64 8, i64 8, i64 8)

ST_4: StgValue_59 (58)  [1/1] 0.00ns  loc: acceleartor_hls_padding/components.cpp:519
.preheader46:3  br i1 %exitcond7, label %1, label %_ZrsILi32ELb0EE11ap_int_baseIXT_EXT0_EXleT_Li64EEERKS1_i.exit1._crit_edge.i.i.preheader

ST_4: StgValue_60 (60)  [1/1] 1.59ns  loc: acceleartor_hls_padding/components.cpp:521
_ZrsILi32ELb0EE11ap_int_baseIXT_EXT0_EXleT_Li64EEERKS1_i.exit1._crit_edge.i.i.preheader:0  br label %_ZrsILi32ELb0EE11ap_int_baseIXT_EXT0_EXleT_Li64EEERKS1_i.exit1._crit_edge.i.i

ST_4: h_2 (185)  [1/1] 2.35ns  loc: acceleartor_hls_padding/components.cpp:518
:0  %h_2 = add i4 %h, 1

ST_4: StgValue_62 (186)  [1/1] 0.00ns  loc: acceleartor_hls_padding/components.cpp:518
:1  br label %.preheader47


 <State 5>: 6.84ns
ST_5: p_Val2_s (62)  [1/1] 0.00ns
_ZrsILi32ELb0EE11ap_int_baseIXT_EXT0_EXleT_Li64EEERKS1_i.exit1._crit_edge.i.i:0  %p_Val2_s = phi i8 [ %p_Val2_14, %_ZrsILi32ELb0EE11ap_int_baseIXT_EXT0_EXleT_Li64EEERKS1_i.exit1._crit_edge.i.i.loopexit ], [ 0, %_ZrsILi32ELb0EE11ap_int_baseIXT_EXT0_EXleT_Li64EEERKS1_i.exit1._crit_edge.i.i.preheader ]

ST_5: m (63)  [1/1] 0.00ns
_ZrsILi32ELb0EE11ap_int_baseIXT_EXT0_EXleT_Li64EEERKS1_i.exit1._crit_edge.i.i:1  %m = phi i2 [ %m_2, %_ZrsILi32ELb0EE11ap_int_baseIXT_EXT0_EXleT_Li64EEERKS1_i.exit1._crit_edge.i.i.loopexit ], [ 0, %_ZrsILi32ELb0EE11ap_int_baseIXT_EXT0_EXleT_Li64EEERKS1_i.exit1._crit_edge.i.i.preheader ]

ST_5: exitcond8 (64)  [1/1] 2.07ns  loc: acceleartor_hls_padding/components.cpp:521
_ZrsILi32ELb0EE11ap_int_baseIXT_EXT0_EXleT_Li64EEERKS1_i.exit1._crit_edge.i.i:2  %exitcond8 = icmp eq i2 %m, -1

ST_5: empty_32 (65)  [1/1] 0.00ns
_ZrsILi32ELb0EE11ap_int_baseIXT_EXT0_EXleT_Li64EEERKS1_i.exit1._crit_edge.i.i:3  %empty_32 = call i32 (...)* @_ssdm_op_SpecLoopTripCount(i64 3, i64 3, i64 3)

ST_5: m_2 (66)  [1/1] 2.17ns  loc: acceleartor_hls_padding/components.cpp:521
_ZrsILi32ELb0EE11ap_int_baseIXT_EXT0_EXleT_Li64EEERKS1_i.exit1._crit_edge.i.i:4  %m_2 = add i2 %m, 1

ST_5: StgValue_68 (67)  [1/1] 0.00ns  loc: acceleartor_hls_padding/components.cpp:521
_ZrsILi32ELb0EE11ap_int_baseIXT_EXT0_EXleT_Li64EEERKS1_i.exit1._crit_edge.i.i:5  br i1 %exitcond8, label %_ifconv1, label %.preheader.preheader

ST_5: tmp_30_cast (69)  [1/1] 0.00ns  loc: acceleartor_hls_padding/components.cpp:523
.preheader.preheader:0  %tmp_30_cast = zext i2 %m to i10

ST_5: tmp_67 (70)  [1/1] 2.32ns  loc: acceleartor_hls_padding/components.cpp:523
.preheader.preheader:1  %tmp_67 = add i10 %tmp_65_cast, %tmp_30_cast

ST_5: tmp2 (73)  [1/1] 2.17ns  loc: acceleartor_hls_padding/components.cpp:523
.preheader.preheader:4  %tmp2 = add i2 -1, %m

ST_5: tmp2_cast (74)  [1/1] 0.00ns  loc: acceleartor_hls_padding/components.cpp:523
.preheader.preheader:5  %tmp2_cast = sext i2 %tmp2 to i4

ST_5: tmp_31 (75)  [1/1] 2.35ns  loc: acceleartor_hls_padding/components.cpp:523
.preheader.preheader:6  %tmp_31 = add i4 %h, %tmp2_cast

ST_5: tmp_32_cast (76)  [1/1] 0.00ns  loc: acceleartor_hls_padding/components.cpp:523
.preheader.preheader:7  %tmp_32_cast = zext i4 %tmp_31 to i7

ST_5: tmp_70 (77)  [1/1] 2.32ns  loc: acceleartor_hls_padding/components.cpp:517
.preheader.preheader:8  %tmp_70 = add i7 %tmp_61, %tmp_32_cast

ST_5: p_Val2_11 (163)  [2/2] 2.32ns  loc: acceleartor_hls_padding/components.cpp:526
_ifconv1:1  %p_Val2_11 = load i8* %bias_V_addr, align 1


 <State 6>: 2.32ns
ST_6: tmp_68 (71)  [1/1] 0.00ns  loc: acceleartor_hls_padding/components.cpp:523 (grouped into LUT with out node tmp_69)
.preheader.preheader:2  %tmp_68 = shl i10 %tmp_67, 2

ST_6: tmp_69 (72)  [1/1] 2.32ns  loc: acceleartor_hls_padding/components.cpp:523 (out node of the LUT)
.preheader.preheader:3  %tmp_69 = sub i10 %tmp_68, %tmp_67

ST_6: tmp_71 (78)  [1/1] 0.00ns  loc: acceleartor_hls_padding/components.cpp:517
.preheader.preheader:9  %tmp_71 = call i10 @_ssdm_op_BitConcatenate.i10.i7.i3(i7 %tmp_70, i3 0)

ST_6: p_shl7_cast (79)  [1/1] 0.00ns  loc: acceleartor_hls_padding/components.cpp:517
.preheader.preheader:10  %p_shl7_cast = zext i10 %tmp_71 to i11

ST_6: tmp_72 (80)  [1/1] 0.00ns  loc: acceleartor_hls_padding/components.cpp:517
.preheader.preheader:11  %tmp_72 = call i8 @_ssdm_op_BitConcatenate.i8.i7.i1(i7 %tmp_70, i1 false)

ST_6: p_shl8_cast (81)  [1/1] 0.00ns  loc: acceleartor_hls_padding/components.cpp:517
.preheader.preheader:12  %p_shl8_cast = zext i8 %tmp_72 to i11

ST_6: tmp_73 (82)  [1/1] 2.32ns  loc: acceleartor_hls_padding/components.cpp:517
.preheader.preheader:13  %tmp_73 = add i11 %p_shl8_cast, %p_shl7_cast

ST_6: StgValue_84 (83)  [1/1] 1.59ns  loc: acceleartor_hls_padding/components.cpp:522
.preheader.preheader:14  br label %.preheader


 <State 7>: 6.85ns
ST_7: p_Val2_14 (85)  [1/1] 0.00ns
.preheader:0  %p_Val2_14 = phi i8 [ %p_Val2_s, %.preheader.preheader ], [ %sum_V, %_ifconv ]

ST_7: n (86)  [1/1] 0.00ns
.preheader:1  %n = phi i2 [ 0, %.preheader.preheader ], [ %n_2, %_ifconv ]

ST_7: exitcond (87)  [1/1] 2.07ns  loc: acceleartor_hls_padding/components.cpp:522
.preheader:2  %exitcond = icmp eq i2 %n, -1

ST_7: empty_33 (88)  [1/1] 0.00ns
.preheader:3  %empty_33 = call i32 (...)* @_ssdm_op_SpecLoopTripCount(i64 3, i64 3, i64 3)

ST_7: n_2 (89)  [1/1] 2.17ns  loc: acceleartor_hls_padding/components.cpp:522
.preheader:4  %n_2 = add i2 %n, 1

ST_7: StgValue_90 (90)  [1/1] 0.00ns  loc: acceleartor_hls_padding/components.cpp:522
.preheader:5  br i1 %exitcond, label %_ZrsILi32ELb0EE11ap_int_baseIXT_EXT0_EXleT_Li64EEERKS1_i.exit1._crit_edge.i.i.loopexit, label %_ifconv

ST_7: tmp_33_cast (92)  [1/1] 0.00ns  loc: acceleartor_hls_padding/components.cpp:523
_ifconv:0  %tmp_33_cast = zext i2 %n to i10

ST_7: tmp_74 (93)  [1/1] 2.32ns  loc: acceleartor_hls_padding/components.cpp:523
_ifconv:1  %tmp_74 = add i10 %tmp_33_cast, %tmp_69

ST_7: tmp_84_cast (94)  [1/1] 0.00ns  loc: acceleartor_hls_padding/components.cpp:523
_ifconv:2  %tmp_84_cast = zext i10 %tmp_74 to i64

ST_7: weight_V_addr (95)  [1/1] 0.00ns  loc: acceleartor_hls_padding/components.cpp:523
_ifconv:3  %weight_V_addr = getelementptr [432 x i8]* %weight_V, i64 0, i64 %tmp_84_cast

ST_7: tmp3 (96)  [1/1] 2.17ns  loc: acceleartor_hls_padding/components.cpp:523
_ifconv:4  %tmp3 = add i2 %n, -1

ST_7: tmp3_cast (97)  [1/1] 0.00ns  loc: acceleartor_hls_padding/components.cpp:523
_ifconv:5  %tmp3_cast = sext i2 %tmp3 to i4

ST_7: tmp_34 (98)  [1/1] 2.35ns  loc: acceleartor_hls_padding/components.cpp:523
_ifconv:6  %tmp_34 = add i4 %tmp3_cast, %w

ST_7: tmp_35_cast (99)  [1/1] 0.00ns  loc: acceleartor_hls_padding/components.cpp:523
_ifconv:7  %tmp_35_cast = zext i4 %tmp_34 to i11

ST_7: tmp_75 (100)  [1/1] 2.33ns  loc: acceleartor_hls_padding/components.cpp:523
_ifconv:8  %tmp_75 = add i11 %tmp_35_cast, %tmp_73

ST_7: weight_V_load (110)  [2/2] 3.25ns  loc: acceleartor_hls_padding/components.cpp:523
_ifconv:18  %weight_V_load = load i8* %weight_V_addr, align 1

ST_7: StgValue_101 (160)  [1/1] 0.00ns
_ZrsILi32ELb0EE11ap_int_baseIXT_EXT0_EXleT_Li64EEERKS1_i.exit1._crit_edge.i.i.loopexit:0  br label %_ZrsILi32ELb0EE11ap_int_baseIXT_EXT0_EXleT_Li64EEERKS1_i.exit1._crit_edge.i.i


 <State 8>: 3.25ns
ST_8: tmp_85_cast (101)  [1/1] 0.00ns  loc: acceleartor_hls_padding/components.cpp:523
_ifconv:9  %tmp_85_cast = zext i11 %tmp_75 to i64

ST_8: buffer1_1_48_8x8_p_V (102)  [1/1] 0.00ns  loc: acceleartor_hls_padding/components.cpp:523
_ifconv:10  %buffer1_1_48_8x8_p_V = getelementptr [600 x i8]* @buffer1_1_48_8x8_p_V_1, i64 0, i64 %tmp_85_cast

ST_8: buffer1_1_48_8x8_p_V_1 (103)  [1/1] 0.00ns  loc: acceleartor_hls_padding/components.cpp:523
_ifconv:11  %buffer1_1_48_8x8_p_V_1 = getelementptr [600 x i8]* @buffer1_1_48_8x8_p_V_5, i64 0, i64 %tmp_85_cast

ST_8: buffer1_1_48_8x8_p_V_2 (104)  [1/1] 0.00ns  loc: acceleartor_hls_padding/components.cpp:523
_ifconv:12  %buffer1_1_48_8x8_p_V_2 = getelementptr [600 x i8]* @buffer1_1_48_8x8_p_V_4, i64 0, i64 %tmp_85_cast

ST_8: buffer1_1_48_8x8_p_V_3 (105)  [1/1] 0.00ns  loc: acceleartor_hls_padding/components.cpp:523
_ifconv:13  %buffer1_1_48_8x8_p_V_3 = getelementptr [600 x i8]* @buffer1_1_48_8x8_p_V_3, i64 0, i64 %tmp_85_cast

ST_8: buffer1_1_48_8x8_p_V_4 (106)  [1/1] 0.00ns  loc: acceleartor_hls_padding/components.cpp:523
_ifconv:14  %buffer1_1_48_8x8_p_V_4 = getelementptr [600 x i8]* @buffer1_1_48_8x8_p_V_2, i64 0, i64 %tmp_85_cast

ST_8: buffer1_1_48_8x8_p_V_5 (107)  [1/1] 0.00ns  loc: acceleartor_hls_padding/components.cpp:523
_ifconv:15  %buffer1_1_48_8x8_p_V_5 = getelementptr [600 x i8]* @buffer1_1_48_8x8_p_V_6, i64 0, i64 %tmp_85_cast

ST_8: buffer1_1_48_8x8_p_V_6 (108)  [1/1] 0.00ns  loc: acceleartor_hls_padding/components.cpp:523
_ifconv:16  %buffer1_1_48_8x8_p_V_6 = getelementptr [600 x i8]* @buffer1_1_48_8x8_p_V_7, i64 0, i64 %tmp_85_cast

ST_8: buffer1_1_48_8x8_p_V_7 (109)  [1/1] 0.00ns  loc: acceleartor_hls_padding/components.cpp:523
_ifconv:17  %buffer1_1_48_8x8_p_V_7 = getelementptr [600 x i8]* @buffer1_1_48_8x8_p_V_8, i64 0, i64 %tmp_85_cast

ST_8: weight_V_load (110)  [1/2] 3.25ns  loc: acceleartor_hls_padding/components.cpp:523
_ifconv:18  %weight_V_load = load i8* %weight_V_addr, align 1

ST_8: buffer1_1_48_8x8_p_V_8 (112)  [2/2] 3.25ns  loc: acceleartor_hls_padding/components.cpp:523
_ifconv:20  %buffer1_1_48_8x8_p_V_8 = load i8* %buffer1_1_48_8x8_p_V_7, align 1

ST_8: buffer1_1_48_8x8_p_V_9 (113)  [2/2] 3.25ns  loc: acceleartor_hls_padding/components.cpp:523
_ifconv:21  %buffer1_1_48_8x8_p_V_9 = load i8* %buffer1_1_48_8x8_p_V, align 1

ST_8: buffer1_1_48_8x8_p_V_10 (114)  [2/2] 3.25ns  loc: acceleartor_hls_padding/components.cpp:523
_ifconv:22  %buffer1_1_48_8x8_p_V_10 = load i8* %buffer1_1_48_8x8_p_V_4, align 1

ST_8: buffer1_1_48_8x8_p_V_11 (115)  [2/2] 3.25ns  loc: acceleartor_hls_padding/components.cpp:523
_ifconv:23  %buffer1_1_48_8x8_p_V_11 = load i8* %buffer1_1_48_8x8_p_V_3, align 1

ST_8: buffer1_1_48_8x8_p_V_12 (116)  [2/2] 3.25ns  loc: acceleartor_hls_padding/components.cpp:523
_ifconv:24  %buffer1_1_48_8x8_p_V_12 = load i8* %buffer1_1_48_8x8_p_V_2, align 1

ST_8: buffer1_1_48_8x8_p_V_13 (117)  [2/2] 3.25ns  loc: acceleartor_hls_padding/components.cpp:523
_ifconv:25  %buffer1_1_48_8x8_p_V_13 = load i8* %buffer1_1_48_8x8_p_V_1, align 1

ST_8: buffer1_1_48_8x8_p_V_14 (118)  [2/2] 3.25ns  loc: acceleartor_hls_padding/components.cpp:523
_ifconv:26  %buffer1_1_48_8x8_p_V_14 = load i8* %buffer1_1_48_8x8_p_V_5, align 1

ST_8: buffer1_1_48_8x8_p_V_15 (119)  [2/2] 3.25ns  loc: acceleartor_hls_padding/components.cpp:523
_ifconv:27  %buffer1_1_48_8x8_p_V_15 = load i8* %buffer1_1_48_8x8_p_V_6, align 1


 <State 9>: 5.73ns
ST_9: buffer1_1_48_8x8_p_V_8 (112)  [1/2] 3.25ns  loc: acceleartor_hls_padding/components.cpp:523
_ifconv:20  %buffer1_1_48_8x8_p_V_8 = load i8* %buffer1_1_48_8x8_p_V_7, align 1

ST_9: buffer1_1_48_8x8_p_V_9 (113)  [1/2] 3.25ns  loc: acceleartor_hls_padding/components.cpp:523
_ifconv:21  %buffer1_1_48_8x8_p_V_9 = load i8* %buffer1_1_48_8x8_p_V, align 1

ST_9: buffer1_1_48_8x8_p_V_10 (114)  [1/2] 3.25ns  loc: acceleartor_hls_padding/components.cpp:523
_ifconv:22  %buffer1_1_48_8x8_p_V_10 = load i8* %buffer1_1_48_8x8_p_V_4, align 1

ST_9: buffer1_1_48_8x8_p_V_11 (115)  [1/2] 3.25ns  loc: acceleartor_hls_padding/components.cpp:523
_ifconv:23  %buffer1_1_48_8x8_p_V_11 = load i8* %buffer1_1_48_8x8_p_V_3, align 1

ST_9: buffer1_1_48_8x8_p_V_12 (116)  [1/2] 3.25ns  loc: acceleartor_hls_padding/components.cpp:523
_ifconv:24  %buffer1_1_48_8x8_p_V_12 = load i8* %buffer1_1_48_8x8_p_V_2, align 1

ST_9: buffer1_1_48_8x8_p_V_13 (117)  [1/2] 3.25ns  loc: acceleartor_hls_padding/components.cpp:523
_ifconv:25  %buffer1_1_48_8x8_p_V_13 = load i8* %buffer1_1_48_8x8_p_V_1, align 1

ST_9: buffer1_1_48_8x8_p_V_14 (118)  [1/2] 3.25ns  loc: acceleartor_hls_padding/components.cpp:523
_ifconv:26  %buffer1_1_48_8x8_p_V_14 = load i8* %buffer1_1_48_8x8_p_V_5, align 1

ST_9: buffer1_1_48_8x8_p_V_15 (119)  [1/2] 3.25ns  loc: acceleartor_hls_padding/components.cpp:523
_ifconv:27  %buffer1_1_48_8x8_p_V_15 = load i8* %buffer1_1_48_8x8_p_V_6, align 1

ST_9: tmp_25 (120)  [1/1] 2.48ns  loc: acceleartor_hls_padding/components.cpp:523
_ifconv:28  %tmp_25 = call i8 @_ssdm_op_Mux.ap_auto.8i8.i3(i8 %buffer1_1_48_8x8_p_V_8, i8 %buffer1_1_48_8x8_p_V_9, i8 %buffer1_1_48_8x8_p_V_10, i8 %buffer1_1_48_8x8_p_V_11, i8 %buffer1_1_48_8x8_p_V_12, i8 %buffer1_1_48_8x8_p_V_13, i8 %buffer1_1_48_8x8_p_V_14, i8 %buffer1_1_48_8x8_p_V_15, i3 %tmp_59)


 <State 10>: 6.43ns
ST_10: OP1_V (111)  [1/1] 0.00ns  loc: acceleartor_hls_padding/components.cpp:523
_ifconv:19  %OP1_V = sext i8 %weight_V_load to i16

ST_10: OP2_V (121)  [1/1] 0.00ns  loc: acceleartor_hls_padding/components.cpp:523
_ifconv:29  %OP2_V = sext i8 %tmp_25 to i16

ST_10: p_Val2_1 (122)  [1/1] 6.43ns  loc: acceleartor_hls_padding/components.cpp:523
_ifconv:30  %p_Val2_1 = mul i16 %OP1_V, %OP2_V

ST_10: tmp_77 (128)  [1/1] 0.00ns  loc: acceleartor_hls_padding/components.cpp:523
_ifconv:36  %tmp_77 = call i1 @_ssdm_op_BitSelect.i1.i16.i32(i16 %p_Val2_1, i32 5)


 <State 11>: 6.78ns
ST_11: tmp_36 (123)  [1/1] 0.00ns  loc: acceleartor_hls_padding/components.cpp:523
_ifconv:31  %tmp_36 = call i14 @_ssdm_op_BitConcatenate.i14.i8.i6(i8 %p_Val2_14, i6 0)

ST_11: tmp_43_cast (124)  [1/1] 0.00ns  loc: acceleartor_hls_padding/components.cpp:523
_ifconv:32  %tmp_43_cast = sext i14 %tmp_36 to i16

ST_11: p_Val2_15 (125)  [1/1] 2.39ns  loc: acceleartor_hls_padding/components.cpp:523
_ifconv:33  %p_Val2_15 = add i16 %tmp_43_cast, %p_Val2_1

ST_11: signbit (126)  [1/1] 0.00ns  loc: acceleartor_hls_padding/components.cpp:523
_ifconv:34  %signbit = call i1 @_ssdm_op_BitSelect.i1.i16.i32(i16 %p_Val2_15, i32 15)

ST_11: p_Val2_16 (127)  [1/1] 0.00ns  loc: acceleartor_hls_padding/components.cpp:523
_ifconv:35  %p_Val2_16 = call i8 @_ssdm_op_PartSelect.i8.i16.i32.i32(i16 %p_Val2_15, i32 6, i32 13)

ST_11: tmp_37 (129)  [1/1] 0.00ns  loc: acceleartor_hls_padding/components.cpp:523
_ifconv:37  %tmp_37 = zext i1 %tmp_77 to i8

ST_11: tmp_78 (130)  [1/1] 0.00ns  loc: acceleartor_hls_padding/components.cpp:523 (grouped into LUT with out node carry)
_ifconv:38  %tmp_78 = call i1 @_ssdm_op_BitSelect.i1.i16.i32(i16 %p_Val2_15, i32 13)

ST_11: p_Val2_17 (131)  [1/1] 2.32ns  loc: acceleartor_hls_padding/components.cpp:523
_ifconv:39  %p_Val2_17 = add i8 %p_Val2_16, %tmp_37

ST_11: newsignbit (132)  [1/1] 0.00ns  loc: acceleartor_hls_padding/components.cpp:523
_ifconv:40  %newsignbit = call i1 @_ssdm_op_BitSelect.i1.i8.i32(i8 %p_Val2_17, i32 7)

ST_11: tmp_38 (133)  [1/1] 0.00ns  loc: acceleartor_hls_padding/components.cpp:523 (grouped into LUT with out node carry)
_ifconv:41  %tmp_38 = xor i1 %newsignbit, true

ST_11: carry (134)  [1/1] 2.07ns  loc: acceleartor_hls_padding/components.cpp:523 (out node of the LUT)
_ifconv:42  %carry = and i1 %tmp_78, %tmp_38

ST_11: tmp_39 (136)  [1/1] 0.00ns  loc: acceleartor_hls_padding/components.cpp:523
_ifconv:44  %tmp_39 = call i2 @_ssdm_op_PartSelect.i2.i16.i32.i32(i16 %p_Val2_15, i32 14, i32 15)


 <State 12>: 8.28ns
ST_12: tmp_80 (135)  [1/1] 0.00ns  loc: acceleartor_hls_padding/components.cpp:523 (grouped into LUT with out node brmerge40_demorgan_i)
_ifconv:43  %tmp_80 = call i1 @_ssdm_op_BitSelect.i1.i16.i32(i16 %p_Val2_15, i32 14)

ST_12: Range1_all_ones (137)  [1/1] 2.07ns  loc: acceleartor_hls_padding/components.cpp:523
_ifconv:45  %Range1_all_ones = icmp eq i2 %tmp_39, -1

ST_12: Range1_all_zeros (138)  [1/1] 2.07ns  loc: acceleartor_hls_padding/components.cpp:523
_ifconv:46  %Range1_all_zeros = icmp eq i2 %tmp_39, 0

ST_12: deleted_zeros (139)  [1/1] 0.00ns  loc: acceleartor_hls_padding/components.cpp:523 (grouped into LUT with out node brmerge_i_i_i)
_ifconv:47  %deleted_zeros = select i1 %carry, i1 %Range1_all_ones, i1 %Range1_all_zeros

ST_12: tmp_40 (140)  [1/1] 0.00ns  loc: acceleartor_hls_padding/components.cpp:523 (grouped into LUT with out node brmerge40_demorgan_i)
_ifconv:48  %tmp_40 = xor i1 %tmp_80, true

ST_12: p_41_i_i (141)  [1/1] 0.00ns  loc: acceleartor_hls_padding/components.cpp:523 (grouped into LUT with out node brmerge40_demorgan_i)
_ifconv:49  %p_41_i_i = and i1 %signbit, %tmp_40

ST_12: deleted_ones (142)  [1/1] 0.00ns  loc: acceleartor_hls_padding/components.cpp:523 (grouped into LUT with out node brmerge40_demorgan_i)
_ifconv:50  %deleted_ones = select i1 %carry, i1 %p_41_i_i, i1 %Range1_all_ones

ST_12: p_38_i_i (143)  [1/1] 2.07ns  loc: acceleartor_hls_padding/components.cpp:523
_ifconv:51  %p_38_i_i = and i1 %carry, %Range1_all_ones

ST_12: p_not_i_i (144)  [1/1] 0.00ns  loc: acceleartor_hls_padding/components.cpp:523 (grouped into LUT with out node brmerge_i_i_i)
_ifconv:52  %p_not_i_i = xor i1 %deleted_zeros, true

ST_12: brmerge_i_i2 (145)  [1/1] 0.00ns  loc: acceleartor_hls_padding/components.cpp:523 (grouped into LUT with out node brmerge_i_i_i)
_ifconv:53  %brmerge_i_i2 = or i1 %newsignbit, %p_not_i_i

ST_12: tmp_41 (146)  [1/1] 2.07ns  loc: acceleartor_hls_padding/components.cpp:523
_ifconv:54  %tmp_41 = xor i1 %signbit, true

ST_12: overflow (147)  [1/1] 0.00ns  loc: acceleartor_hls_padding/components.cpp:523 (grouped into LUT with out node brmerge_i_i_i)
_ifconv:55  %overflow = and i1 %brmerge_i_i2, %tmp_41

ST_12: brmerge40_demorgan_i (148)  [1/1] 2.07ns  loc: acceleartor_hls_padding/components.cpp:523 (out node of the LUT)
_ifconv:56  %brmerge40_demorgan_i = and i1 %newsignbit, %deleted_ones

ST_12: tmp4_demorgan (149)  [1/1] 0.00ns  loc: acceleartor_hls_padding/components.cpp:523 (grouped into LUT with out node underflow)
_ifconv:57  %tmp4_demorgan = or i1 %p_38_i_i, %brmerge40_demorgan_i

ST_12: tmp4 (150)  [1/1] 0.00ns  loc: acceleartor_hls_padding/components.cpp:523 (grouped into LUT with out node underflow)
_ifconv:58  %tmp4 = xor i1 %tmp4_demorgan, true

ST_12: underflow (151)  [1/1] 2.07ns  loc: acceleartor_hls_padding/components.cpp:523 (out node of the LUT)
_ifconv:59  %underflow = and i1 %signbit, %tmp4

ST_12: brmerge_i_i_i (152)  [1/1] 2.07ns  loc: acceleartor_hls_padding/components.cpp:523 (out node of the LUT)
_ifconv:60  %brmerge_i_i_i = or i1 %underflow, %overflow


 <State 13>: 4.14ns
ST_13: tmp5 (153)  [1/1] 0.00ns  loc: acceleartor_hls_padding/components.cpp:523 (grouped into LUT with out node sum_V)
_ifconv:61  %tmp5 = or i1 %brmerge40_demorgan_i, %tmp_41

ST_13: underflow_not (154)  [1/1] 0.00ns  loc: acceleartor_hls_padding/components.cpp:523 (grouped into LUT with out node sum_V)
_ifconv:62  %underflow_not = or i1 %tmp5, %p_38_i_i

ST_13: p_Val2_16_mux (155)  [1/1] 2.07ns  loc: acceleartor_hls_padding/components.cpp:523 (out node of the LUT)
_ifconv:63  %p_Val2_16_mux = select i1 %brmerge_i_i_i, i8 127, i8 %p_Val2_17

ST_13: p_Val2_s_34 (156)  [1/1] 0.00ns  loc: acceleartor_hls_padding/components.cpp:523 (grouped into LUT with out node sum_V)
_ifconv:64  %p_Val2_s_34 = select i1 %underflow, i8 -128, i8 %p_Val2_17

ST_13: sum_V (157)  [1/1] 2.07ns  loc: acceleartor_hls_padding/components.cpp:523 (out node of the LUT)
_ifconv:65  %sum_V = select i1 %underflow_not, i8 %p_Val2_16_mux, i8 %p_Val2_s_34

ST_13: StgValue_167 (158)  [1/1] 0.00ns  loc: acceleartor_hls_padding/components.cpp:522
_ifconv:66  br label %.preheader


 <State 14>: 4.64ns
ST_14: tmp_26 (162)  [1/1] 0.00ns  loc: acceleartor_hls_padding/components.cpp:526
_ifconv1:0  %tmp_26 = sext i8 %p_Val2_s to i9

ST_14: p_Val2_11 (163)  [1/2] 2.32ns  loc: acceleartor_hls_padding/components.cpp:526
_ifconv1:1  %p_Val2_11 = load i8* %bias_V_addr, align 1

ST_14: tmp_27 (164)  [1/1] 0.00ns  loc: acceleartor_hls_padding/components.cpp:526
_ifconv1:2  %tmp_27 = sext i8 %p_Val2_11 to i9

ST_14: p_Val2_12 (165)  [1/1] 2.32ns  loc: acceleartor_hls_padding/components.cpp:526
_ifconv1:3  %p_Val2_12 = add i9 %tmp_26, %tmp_27

ST_14: isneg (166)  [1/1] 0.00ns  loc: acceleartor_hls_padding/components.cpp:526
_ifconv1:4  %isneg = call i1 @_ssdm_op_BitSelect.i1.i9.i32(i9 %p_Val2_12, i32 8)

ST_14: result_V (167)  [1/1] 2.32ns  loc: acceleartor_hls_padding/components.cpp:526
_ifconv1:5  %result_V = add i8 %p_Val2_s, %p_Val2_11

ST_14: newsignbit_3 (168)  [1/1] 0.00ns  loc: acceleartor_hls_padding/components.cpp:526
_ifconv1:6  %newsignbit_3 = call i1 @_ssdm_op_BitSelect.i1.i8.i32(i8 %result_V, i32 7)


 <State 15>: 7.39ns
ST_15: tmp_28 (169)  [1/1] 0.00ns  loc: acceleartor_hls_padding/components.cpp:526 (grouped into LUT with out node p_result_V)
_ifconv1:7  %tmp_28 = xor i1 %newsignbit_3, true

ST_15: underflow_3 (170)  [1/1] 0.00ns  loc: acceleartor_hls_padding/components.cpp:526 (grouped into LUT with out node p_result_V)
_ifconv1:8  %underflow_3 = and i1 %isneg, %tmp_28

ST_15: brmerge_i_i (171)  [1/1] 0.00ns  loc: acceleartor_hls_padding/components.cpp:526 (grouped into LUT with out node result_1)
_ifconv1:9  %brmerge_i_i = xor i1 %isneg, %newsignbit_3

ST_15: isneg_not (172)  [1/1] 0.00ns  loc: acceleartor_hls_padding/components.cpp:526 (grouped into LUT with out node result_1)
_ifconv1:10  %isneg_not = xor i1 %isneg, true

ST_15: brmerge9 (173)  [1/1] 0.00ns  loc: acceleartor_hls_padding/components.cpp:526 (grouped into LUT with out node result_1)
_ifconv1:11  %brmerge9 = or i1 %newsignbit_3, %isneg_not

ST_15: result_V_mux (174)  [1/1] 0.00ns  loc: acceleartor_hls_padding/components.cpp:526 (grouped into LUT with out node result_1)
_ifconv1:12  %result_V_mux = select i1 %brmerge_i_i, i8 127, i8 %result_V

ST_15: p_result_V (175)  [1/1] 2.07ns  loc: acceleartor_hls_padding/components.cpp:526 (out node of the LUT)
_ifconv1:13  %p_result_V = select i1 %underflow_3, i8 -128, i8 %result_V

ST_15: result_1 (176)  [1/1] 2.07ns  loc: acceleartor_hls_padding/components.cpp:526 (out node of the LUT)
_ifconv1:14  %result_1 = select i1 %brmerge9, i8 %result_V_mux, i8 %p_result_V

ST_15: tmp_29_cast (177)  [1/1] 0.00ns  loc: acceleartor_hls_padding/components.cpp:527
_ifconv1:15  %tmp_29_cast = zext i4 %w to i14

ST_15: tmp_66 (178)  [1/1] 2.34ns  loc: acceleartor_hls_padding/components.cpp:527
_ifconv1:16  %tmp_66 = add i14 %tmp_65, %tmp_29_cast

ST_15: tmp_76_cast (179)  [1/1] 0.00ns  loc: acceleartor_hls_padding/components.cpp:527
_ifconv1:17  %tmp_76_cast = zext i14 %tmp_66 to i64

ST_15: output_V_addr (180)  [1/1] 0.00ns  loc: acceleartor_hls_padding/components.cpp:527
_ifconv1:18  %output_V_addr = getelementptr [4800 x i8]* %output_V, i64 0, i64 %tmp_76_cast

ST_15: StgValue_187 (181)  [1/1] 3.25ns  loc: acceleartor_hls_padding/components.cpp:527
_ifconv1:19  store i8 %result_1, i8* %output_V_addr, align 1

ST_15: w_2 (182)  [1/1] 2.35ns  loc: acceleartor_hls_padding/components.cpp:519
_ifconv1:20  %w_2 = add i4 %w, 1

ST_15: StgValue_189 (183)  [1/1] 0.00ns  loc: acceleartor_hls_padding/components.cpp:519
_ifconv1:21  br label %.preheader46



============================================================
+ Verbose Summary: Timing violations
============================================================
Target clock period: 10ns, clock uncertainty: 1.25ns.

 <State 1>: 1.59ns
The critical path consists of the following:
	multiplexor before 'phi' operation ('co') with incoming values : ('co', acceleartor_hls_padding/components.cpp:517) [14]  (1.59 ns)

 <State 2>: 3.88ns
The critical path consists of the following:
	'phi' operation ('co') with incoming values : ('co', acceleartor_hls_padding/components.cpp:517) [14]  (0 ns)
	'icmp' operation ('exitcond5', acceleartor_hls_padding/components.cpp:517) [15]  (3.88 ns)

 <State 3>: 4.66ns
The critical path consists of the following:
	'phi' operation ('h') with incoming values : ('h', acceleartor_hls_padding/components.cpp:518) [41]  (0 ns)
	'add' operation ('tmp_62', acceleartor_hls_padding/components.cpp:527) [47]  (2.32 ns)
	'add' operation ('tmp_65', acceleartor_hls_padding/components.cpp:527) [52]  (2.34 ns)

 <State 4>: 3.1ns
The critical path consists of the following:
	'phi' operation ('w') with incoming values : ('w', acceleartor_hls_padding/components.cpp:519) [55]  (0 ns)
	'icmp' operation ('exitcond7', acceleartor_hls_padding/components.cpp:519) [56]  (3.1 ns)

 <State 5>: 6.84ns
The critical path consists of the following:
	'phi' operation ('m') with incoming values : ('m', acceleartor_hls_padding/components.cpp:521) [63]  (0 ns)
	'add' operation ('tmp2', acceleartor_hls_padding/components.cpp:523) [73]  (2.17 ns)
	'add' operation ('tmp_31', acceleartor_hls_padding/components.cpp:523) [75]  (2.35 ns)
	'add' operation ('tmp_70', acceleartor_hls_padding/components.cpp:517) [77]  (2.32 ns)

 <State 6>: 2.32ns
The critical path consists of the following:
	'shl' operation ('tmp_68', acceleartor_hls_padding/components.cpp:523) [71]  (0 ns)
	'sub' operation ('tmp_69', acceleartor_hls_padding/components.cpp:523) [72]  (2.32 ns)

 <State 7>: 6.85ns
The critical path consists of the following:
	'phi' operation ('n') with incoming values : ('n', acceleartor_hls_padding/components.cpp:522) [86]  (0 ns)
	'add' operation ('tmp3', acceleartor_hls_padding/components.cpp:523) [96]  (2.17 ns)
	'add' operation ('tmp_34', acceleartor_hls_padding/components.cpp:523) [98]  (2.35 ns)
	'add' operation ('tmp_75', acceleartor_hls_padding/components.cpp:523) [100]  (2.33 ns)

 <State 8>: 3.25ns
The critical path consists of the following:
	'getelementptr' operation ('buffer1_1_48_8x8_p_V_7', acceleartor_hls_padding/components.cpp:523) [109]  (0 ns)
	'load' operation ('buffer1_1_48_8x8_p_V_8', acceleartor_hls_padding/components.cpp:523) on array 'buffer1_1_48_8x8_p_V_8' [112]  (3.25 ns)

 <State 9>: 5.73ns
The critical path consists of the following:
	'load' operation ('buffer1_1_48_8x8_p_V_8', acceleartor_hls_padding/components.cpp:523) on array 'buffer1_1_48_8x8_p_V_8' [112]  (3.25 ns)
	'mux' operation ('tmp_25', acceleartor_hls_padding/components.cpp:523) [120]  (2.48 ns)

 <State 10>: 6.43ns
The critical path consists of the following:
	'mul' operation ('__Val2__', acceleartor_hls_padding/components.cpp:523) [122]  (6.43 ns)

 <State 11>: 6.78ns
The critical path consists of the following:
	'add' operation ('__Val2__', acceleartor_hls_padding/components.cpp:523) [125]  (2.39 ns)
	'add' operation ('__Val2__', acceleartor_hls_padding/components.cpp:523) [131]  (2.32 ns)
	'xor' operation ('tmp_38', acceleartor_hls_padding/components.cpp:523) [133]  (0 ns)
	'and' operation ('carry', acceleartor_hls_padding/components.cpp:523) [134]  (2.07 ns)

 <State 12>: 8.28ns
The critical path consists of the following:
	'icmp' operation ('Range1_all_ones', acceleartor_hls_padding/components.cpp:523) [137]  (2.07 ns)
	'and' operation ('p_38_i_i', acceleartor_hls_padding/components.cpp:523) [143]  (2.07 ns)
	'or' operation ('tmp4_demorgan', acceleartor_hls_padding/components.cpp:523) [149]  (0 ns)
	'xor' operation ('tmp4', acceleartor_hls_padding/components.cpp:523) [150]  (0 ns)
	'and' operation ('underflow', acceleartor_hls_padding/components.cpp:523) [151]  (2.07 ns)
	'or' operation ('brmerge_i_i_i', acceleartor_hls_padding/components.cpp:523) [152]  (2.07 ns)

 <State 13>: 4.14ns
The critical path consists of the following:
	'select' operation ('p_Val2_16_mux', acceleartor_hls_padding/components.cpp:523) [155]  (2.07 ns)
	'select' operation ('sum.V', acceleartor_hls_padding/components.cpp:523) [157]  (2.07 ns)

 <State 14>: 4.64ns
The critical path consists of the following:
	'load' operation ('__Val2__', acceleartor_hls_padding/components.cpp:526) on array 'bias_V' [163]  (2.32 ns)
	'add' operation ('__Val2__', acceleartor_hls_padding/components.cpp:526) [165]  (2.32 ns)

 <State 15>: 7.39ns
The critical path consists of the following:
	'xor' operation ('tmp_28', acceleartor_hls_padding/components.cpp:526) [169]  (0 ns)
	'and' operation ('underflow', acceleartor_hls_padding/components.cpp:526) [170]  (0 ns)
	'select' operation ('p_result_V', acceleartor_hls_padding/components.cpp:526) [175]  (2.07 ns)
	'select' operation ('result_1', acceleartor_hls_padding/components.cpp:526) [176]  (2.07 ns)
	'store' operation (acceleartor_hls_padding/components.cpp:527) of variable 'result_1', acceleartor_hls_padding/components.cpp:526 on array 'output_V' [181]  (3.25 ns)


============================================================
+ Verbose Summary: Binding
============================================================
N/A
* FSMD analyzer results:
  - Output states:
 - Input state : 
  - Chain level:
	State 1
	State 2
	State 3
	State 4
	State 5
	State 6
	State 7
	State 8
	State 9
	State 10
	State 11
	State 12
	State 13
	State 14
	State 15


============================================================
+ Verbose Summary: Datapath Resource usage 
============================================================
N/A
