

================================================================
== Vivado HLS Report for 'shuffle_48'
================================================================
* Date:           Tue Dec 11 23:53:05 2018

* Version:        2017.2 (Build 1909853 on Thu Jun 15 18:55:24 MDT 2017)
* Project:        accelerator_hls
* Solution:       naive
* Product family: zynq
* Target device:  xc7z020clg484-1


================================================================
== Performance Estimates
================================================================
+ Timing (ns): 
    * Summary: 
    +--------+-------+----------+------------+
    |  Clock | Target| Estimated| Uncertainty|
    +--------+-------+----------+------------+
    |ap_clk  |  10.00|      8.10|        1.25|
    +--------+-------+----------+------------+

+ Latency (clock cycles): 
    * Summary: 
    +-------+-------+-------+-------+---------+
    |    Latency    |    Interval   | Pipeline|
    |  min  |  max  |  min  |  max  |   Type  |
    +-------+-------+-------+-------+---------+
    |  14017|  14017|  14017|  14017|   none  |
    +-------+-------+-------+-------+---------+

    + Detail: 
        * Instance: 
        N/A

        * Loop: 
        +-----------------+-------+-------+----------+-----------+-----------+------+----------+
        |                 |    Latency    | Iteration|  Initiation Interval  | Trip |          |
        |    Loop Name    |  min  |  max  |  Latency |  achieved |   target  | Count| Pipelined|
        +-----------------+-------+-------+----------+-----------+-----------+------+----------+
        |- Loop 1         |  14016|  14016|       146|          -|          -|    96|    no    |
        | + Loop 1.1      |    144|    144|        18|          -|          -|     8|    no    |
        |  ++ Loop 1.1.1  |     16|     16|         2|          -|          -|     8|    no    |
        +-----------------+-------+-------+----------+-----------+-----------+------+----------+



================================================================
== Utilization Estimates
================================================================
* Summary: 
+-----------------+---------+-------+--------+-------+
|       Name      | BRAM_18K| DSP48E|   FF   |  LUT  |
+-----------------+---------+-------+--------+-------+
|DSP              |        -|      -|       -|      -|
|Expression       |        -|      -|     224|    106|
|FIFO             |        -|      -|       -|      -|
|Instance         |        -|      -|       -|      -|
|Memory           |        -|      -|       -|      -|
|Multiplexer      |        -|      -|       -|     75|
|Register         |        -|      -|      83|      -|
+-----------------+---------+-------+--------+-------+
|Total            |        0|      0|     307|    181|
+-----------------+---------+-------+--------+-------+
|Available        |      280|    220|  106400|  53200|
+-----------------+---------+-------+--------+-------+
|Utilization (%)  |        0|      0|   ~0   |   ~0  |
+-----------------+---------+-------+--------+-------+

+ Detail: 
    * Instance: 
    N/A

    * DSP48: 
    N/A

    * Memory: 
    N/A

    * FIFO: 
    N/A

    * Expression: 
    +---------------------+----------+-------+----+----+------------+------------+
    |    Variable Name    | Operation| DSP48E| FF | LUT| Bitwidth P0| Bitwidth P1|
    +---------------------+----------+-------+----+----+------------+------------+
    |co_18_fu_132_p2      |     +    |      0|  26|  12|           1|           7|
    |h_18_fu_178_p2       |     +    |      0|  17|   9|           4|           1|
    |tmp_167_fu_192_p2    |     +    |      0|  35|  15|          10|          10|
    |tmp_168_fu_205_p2    |     +    |      0|  38|  16|          11|          11|
    |tmp_169_fu_238_p2    |     +    |      0|  44|  18|          13|          13|
    |tmp_170_fu_249_p2    |     +    |      0|  47|  19|          14|          14|
    |w_18_fu_224_p2       |     +    |      0|  17|   9|           4|           1|
    |exitcond1_fu_172_p2  |   icmp   |      0|   0|   2|           4|           5|
    |exitcond2_fu_126_p2  |   icmp   |      0|   0|   4|           7|           7|
    |exitcond_fu_218_p2   |   icmp   |      0|   0|   2|           4|           5|
    +---------------------+----------+-------+----+----+------------+------------+
    |Total                |          |      0| 224| 106|          72|          74|
    +---------------------+----------+-------+----+----+------------+------------+

    * Multiplexer: 
    +--------------------------+----+-----------+-----+-----------+
    |           Name           | LUT| Input Size| Bits| Total Bits|
    +--------------------------+----+-----------+-----+-----------+
    |ap_NS_fsm                 |  33|          6|    1|          6|
    |co_reg_77                 |   9|          2|    7|         14|
    |h_reg_88                  |   9|          2|    4|          8|
    |storemerge_phi_fu_113_p4  |  15|          3|   32|         96|
    |w_reg_99                  |   9|          2|    4|          8|
    +--------------------------+----+-----------+-----+-----------+
    |Total                     |  75|         15|   48|        132|
    +--------------------------+----+-----------+-----+-----------+

    * Register: 
    +----------------------+----+----+-----+-----------+
    |         Name         | FF | LUT| Bits| Const Bits|
    +----------------------+----+----+-----+-----------+
    |ap_CS_fsm             |   5|   0|    5|          0|
    |co_18_reg_266         |   7|   0|    7|          0|
    |co_reg_77             |   7|   0|    7|          0|
    |h_18_reg_284          |   4|   0|    4|          0|
    |h_reg_88              |   4|   0|    4|          0|
    |output_addr_reg_312   |  13|   0|   13|          0|
    |tmp_279_cast_reg_271  |   6|   0|   10|          4|
    |tmp_281_cast_reg_276  |   7|   0|   11|          4|
    |tmp_284_cast_reg_289  |  10|   0|   13|          3|
    |tmp_287_cast_reg_294  |  11|   0|   14|          3|
    |tmp_99_reg_259        |   1|   0|    1|          0|
    |w_18_reg_302          |   4|   0|    4|          0|
    |w_reg_99              |   4|   0|    4|          0|
    +----------------------+----+----+-----+-----------+
    |Total                 |  83|   0|   97|         14|
    +----------------------+----+----+-----+-----------+



================================================================
== Interface
================================================================
* Summary: 
+---------------------------+-----+-----+------------+------------------+--------------+
|         RTL Ports         | Dir | Bits|  Protocol  |   Source Object  |    C Type    |
+---------------------------+-----+-----+------------+------------------+--------------+
|ap_clk                     |  in |    1| ap_ctrl_hs |    shuffle_48    | return value |
|ap_rst                     |  in |    1| ap_ctrl_hs |    shuffle_48    | return value |
|ap_start                   |  in |    1| ap_ctrl_hs |    shuffle_48    | return value |
|ap_done                    | out |    1| ap_ctrl_hs |    shuffle_48    | return value |
|ap_idle                    | out |    1| ap_ctrl_hs |    shuffle_48    | return value |
|ap_ready                   | out |    1| ap_ctrl_hs |    shuffle_48    | return value |
|left_r_address0            | out |   12|  ap_memory |      left_r      |     array    |
|left_r_ce0                 | out |    1|  ap_memory |      left_r      |     array    |
|left_r_q0                  |  in |   32|  ap_memory |      left_r      |     array    |
|output_r_address0          | out |   13|  ap_memory |     output_r     |     array    |
|output_r_ce0               | out |    1|  ap_memory |     output_r     |     array    |
|output_r_we0               | out |    1|  ap_memory |     output_r     |     array    |
|output_r_d0                | out |   32|  ap_memory |     output_r     |     array    |
|buffer1_1_48_8x8_address0  | out |   12|  ap_memory | buffer1_1_48_8x8 |     array    |
|buffer1_1_48_8x8_ce0       | out |    1|  ap_memory | buffer1_1_48_8x8 |     array    |
|buffer1_1_48_8x8_q0        |  in |   32|  ap_memory | buffer1_1_48_8x8 |     array    |
+---------------------------+-----+-----+------------+------------------+--------------+

