

================================================================
== Vivado HLS Report for 'subconv_3x3_8_no_rel'
================================================================
* Date:           Tue Dec 11 23:30:58 2018

* Version:        2017.2 (Build 1909853 on Thu Jun 15 18:55:24 MDT 2017)
* Project:        accelerator_hls
* Solution:       naive
* Product family: zynq
* Target device:  xc7z020clg484-1


================================================================
== Performance Estimates
================================================================
+ Timing (ns): 
    * Summary: 
    +--------+-------+----------+------------+
    |  Clock | Target| Estimated| Uncertainty|
    +--------+-------+----------+------------+
    |ap_clk  |  10.00|      7.26|        1.25|
    +--------+-------+----------+------------+

+ Latency (clock cycles): 
    * Summary: 
    +--------+--------+--------+--------+---------+
    |     Latency     |     Interval    | Pipeline|
    |   min  |   max  |   min  |   max  |   Type  |
    +--------+--------+--------+--------+---------+
    |  378721|  378721|  378721|  378721|   none  |
    +--------+--------+--------+--------+---------+

    + Detail: 
        * Instance: 
        N/A

        * Loop: 
        +-------------------------+--------+--------+----------+-----------+-----------+------+----------+
        |                         |     Latency     | Iteration|  Initiation Interval  | Trip |          |
        |        Loop Name        |   min  |   max  |  Latency |  achieved |   target  | Count| Pipelined|
        +-------------------------+--------+--------+----------+-----------+-----------+------+----------+
        |- Loop 1                 |  378720|  378720|      7890|          -|          -|    48|    no    |
        | + Loop 1.1              |    7888|    7888|       986|          -|          -|     8|    no    |
        |  ++ Loop 1.1.1          |     984|     984|       123|          -|          -|     8|    no    |
        |   +++ Loop 1.1.1.1      |     114|     114|        38|          -|          -|     3|    no    |
        |    ++++ Loop 1.1.1.1.1  |      36|      36|        12|          -|          -|     3|    no    |
        +-------------------------+--------+--------+----------+-----------+-----------+------+----------+



================================================================
== Utilization Estimates
================================================================
* Summary: 
+-----------------+---------+-------+--------+-------+
|       Name      | BRAM_18K| DSP48E|   FF   |  LUT  |
+-----------------+---------+-------+--------+-------+
|DSP              |        -|      -|       -|      -|
|Expression       |        -|      -|     467|    277|
|FIFO             |        -|      -|       -|      -|
|Instance         |        -|      5|     348|    711|
|Memory           |        -|      -|       -|      -|
|Multiplexer      |        -|      -|       -|    206|
|Register         |        -|      -|     394|      -|
+-----------------+---------+-------+--------+-------+
|Total            |        0|      5|    1209|   1194|
+-----------------+---------+-------+--------+-------+
|Available        |      280|    220|  106400|  53200|
+-----------------+---------+-------+--------+-------+
|Utilization (%)  |        0|      2|       1|      2|
+-----------------+---------+-------+--------+-------+

+ Detail: 
    * Instance: 
    +----------------------------+----------------------+---------+-------+-----+-----+
    |          Instance          |        Module        | BRAM_18K| DSP48E|  FF | LUT |
    +----------------------------+----------------------+---------+-------+-----+-----+
    |ShuffleNetV2_faddbkb_x_U65  |ShuffleNetV2_faddbkb  |        0|      2|  205|  390|
    |ShuffleNetV2_fmulcud_x_U66  |ShuffleNetV2_fmulcud  |        0|      3|  143|  321|
    +----------------------------+----------------------+---------+-------+-----+-----+
    |Total                       |                      |        0|      5|  348|  711|
    +----------------------------+----------------------+---------+-------+-----+-----+

    * DSP48: 
    N/A

    * Memory: 
    N/A

    * FIFO: 
    N/A

    * Expression: 
    +---------------------+----------+-------+----+----+------------+------------+
    |    Variable Name    | Operation| DSP48E| FF | LUT| Bitwidth P0| Bitwidth P1|
    +---------------------+----------+-------+----+----+------------+------------+
    |co_2_fu_198_p2       |     +    |      0|  23|  11|           6|           1|
    |h_2_fu_261_p2        |     +    |      0|  17|   9|           4|           1|
    |m_2_fu_316_p2        |     +    |      0|  11|   8|           2|           1|
    |n_2_fu_426_p2        |     +    |      0|  11|   8|           2|           1|
    |tmp4_fu_359_p2       |     +    |      0|  11|   8|           2|           2|
    |tmp5_fu_441_p2       |     +    |      0|  11|   8|           2|           2|
    |tmp_18_fu_369_p2     |     +    |      0|  20|  10|           5|           5|
    |tmp_21_fu_451_p2     |     +    |      0|  20|  10|           5|           5|
    |tmp_22_fu_271_p2     |     +    |      0|  35|  15|          10|          10|
    |tmp_24_fu_411_p2     |     +    |      0|  44|  18|          13|          13|
    |tmp_27_fu_326_p2     |     +    |      0|  35|  15|          10|          10|
    |tmp_29_fu_378_p2     |     +    |      0|  35|  15|          10|          10|
    |tmp_31_fu_436_p2     |     +    |      0|  35|  15|          10|          10|
    |tmp_33_fu_476_p2     |     +    |      0|  44|  18|          13|          13|
    |w_2_fu_294_p2        |     +    |      0|  17|   9|           4|           1|
    |tmp_16_fu_343_p2     |     -    |      0|  14|   9|           1|           3|
    |tmp_20_fu_241_p2     |     -    |      0|  32|  14|           9|           9|
    |tmp_23_fu_300_p2     |     -    |      0|  17|   9|           1|           4|
    |tmp_28_fu_337_p2     |     -    |      0|  35|  15|          10|          10|
    |sel_tmp2_fu_502_p2   |    and   |      0|   0|   2|           1|           1|
    |tmp6_fu_494_p2       |    and   |      0|   0|   2|           1|           1|
    |tmp7_fu_498_p2       |    and   |      0|   0|   2|           1|           1|
    |exitcond1_fu_310_p2  |   icmp   |      0|   0|   1|           2|           2|
    |exitcond2_fu_288_p2  |   icmp   |      0|   0|   2|           4|           5|
    |exitcond3_fu_255_p2  |   icmp   |      0|   0|   2|           4|           5|
    |exitcond4_fu_192_p2  |   icmp   |      0|   0|   3|           6|           6|
    |exitcond_fu_420_p2   |   icmp   |      0|   0|   1|           2|           2|
    |icmp5_fu_466_p2      |   icmp   |      0|   0|   1|           2|           1|
    |icmp_fu_401_p2       |   icmp   |      0|   0|   1|           2|           1|
    |notlhs_fu_481_p2     |   icmp   |      0|   0|   2|           4|           4|
    |tmp_17_fu_353_p2     |   icmp   |      0|   0|   2|           4|           4|
    |tmp_25_fu_508_p3     |  select  |      0|   0|  32|           1|          32|
    +---------------------+----------+-------+----+----+------------+------------+
    |Total                |          |      0| 467| 277|         153|         176|
    +---------------------+----------+-------+----+----+------------+------------+

    * Multiplexer: 
    +---------------+-----+-----------+-----+-----------+
    |      Name     | LUT | Input Size| Bits| Total Bits|
    +---------------+-----+-----------+-----+-----------+
    |ap_NS_fsm      |  113|         25|    1|         25|
    |co_reg_101     |    9|          2|    6|         12|
    |grp_fu_182_p0  |   15|          3|   32|         96|
    |grp_fu_182_p1  |   15|          3|   32|         96|
    |h_reg_112      |    9|          2|    4|          8|
    |m_reg_148      |    9|          2|    2|          4|
    |n_reg_171      |    9|          2|    2|          4|
    |sum_1_reg_159  |    9|          2|   32|         64|
    |sum_reg_136    |    9|          2|   32|         64|
    |w_reg_124      |    9|          2|    4|          8|
    +---------------+-----+-----------+-----+-----------+
    |Total          |  206|         45|  147|        381|
    +---------------+-----+-----------+-----+-----------+

    * Register: 
    +----------------------+----+----+-----+-----------+
    |         Name         | FF | LUT| Bits| Const Bits|
    +----------------------+----+----+-----+-----------+
    |ap_CS_fsm             |  24|   0|   24|          0|
    |bias_addr_reg_543     |   6|   0|    6|          0|
    |bias_load_reg_675     |  32|   0|   32|          0|
    |co_2_reg_523          |   6|   0|    6|          0|
    |co_reg_101            |   6|   0|    6|          0|
    |h_2_reg_556           |   4|   0|    4|          0|
    |h_cast_reg_548        |   4|   0|    5|          1|
    |h_reg_112             |   4|   0|    4|          0|
    |icmp5_reg_630         |   1|   0|    1|          0|
    |icmp_reg_607          |   1|   0|    1|          0|
    |m_2_reg_587           |   2|   0|    2|          0|
    |m_reg_148             |   2|   0|    2|          0|
    |n_2_reg_620           |   2|   0|    2|          0|
    |n_reg_171             |   2|   0|    2|          0|
    |notlhs_reg_640        |   1|   0|    1|          0|
    |result_reg_680        |  32|   0|   32|          0|
    |sum_1_reg_159         |  32|   0|   32|          0|
    |sum_reg_136           |  32|   0|   32|          0|
    |tmp_17_reg_597        |   1|   0|    1|          0|
    |tmp_23_reg_579        |   4|   0|    4|          0|
    |tmp_24_reg_612        |  13|   0|   13|          0|
    |tmp_25_reg_660        |  32|   0|   32|          0|
    |tmp_26_reg_665        |  32|   0|   32|          0|
    |tmp_28_reg_592        |  10|   0|   10|          0|
    |tmp_31_reg_625        |  10|   0|   10|          0|
    |tmp_33_reg_635        |  13|   0|   13|          0|
    |tmp_35_cast2_reg_528  |   6|   0|   10|          4|
    |tmp_35_cast_reg_533   |   6|   0|   10|          4|
    |tmp_37_cast_reg_538   |  10|   0|   10|          0|
    |tmp_40_cast_reg_561   |  10|   0|   13|          3|
    |tmp_47_cast_reg_602   |  10|   0|   13|          3|
    |w_2_reg_574           |   4|   0|    4|          0|
    |w_cast_reg_566        |   4|   0|    5|          1|
    |w_reg_124             |   4|   0|    4|          0|
    |weight_load_reg_655   |  32|   0|   32|          0|
    +----------------------+----+----+-----+-----------+
    |Total                 | 394|   0|  410|         16|
    +----------------------+----+----+-----+-----------+



================================================================
== Interface
================================================================
* Summary: 
+-------------------+-----+-----+------------+----------------------+--------------+
|     RTL Ports     | Dir | Bits|  Protocol  |     Source Object    |    C Type    |
+-------------------+-----+-----+------------+----------------------+--------------+
|ap_clk             |  in |    1| ap_ctrl_hs | subconv_3x3_8_no_rel | return value |
|ap_rst             |  in |    1| ap_ctrl_hs | subconv_3x3_8_no_rel | return value |
|ap_start           |  in |    1| ap_ctrl_hs | subconv_3x3_8_no_rel | return value |
|ap_done            | out |    1| ap_ctrl_hs | subconv_3x3_8_no_rel | return value |
|ap_idle            | out |    1| ap_ctrl_hs | subconv_3x3_8_no_rel | return value |
|ap_ready           | out |    1| ap_ctrl_hs | subconv_3x3_8_no_rel | return value |
|input_r_address0   | out |   12|  ap_memory |        input_r       |     array    |
|input_r_ce0        | out |    1|  ap_memory |        input_r       |     array    |
|input_r_q0         |  in |   32|  ap_memory |        input_r       |     array    |
|weight_address0    | out |    9|  ap_memory |        weight        |     array    |
|weight_ce0         | out |    1|  ap_memory |        weight        |     array    |
|weight_q0          |  in |   32|  ap_memory |        weight        |     array    |
|bias_address0      | out |    6|  ap_memory |         bias         |     array    |
|bias_ce0           | out |    1|  ap_memory |         bias         |     array    |
|bias_q0            |  in |   32|  ap_memory |         bias         |     array    |
|output_r_address0  | out |   12|  ap_memory |       output_r       |     array    |
|output_r_ce0       | out |    1|  ap_memory |       output_r       |     array    |
|output_r_we0       | out |    1|  ap_memory |       output_r       |     array    |
|output_r_d0        | out |   32|  ap_memory |       output_r       |     array    |
+-------------------+-----+-----+------------+----------------------+--------------+

