

================================================================
== Vivado HLS Report for 'shuffle_24_p'
================================================================
* Date:           Fri Dec 14 14:26:50 2018

* Version:        2017.2 (Build 1909853 on Thu Jun 15 18:55:24 MDT 2017)
* Project:        accelerator_newone
* Solution:       solution1
* Product family: zynq
* Target device:  xc7z020clg484-1


================================================================
== Performance Estimates
================================================================
+ Timing (ns): 
    * Summary: 
    +--------+-------+----------+------------+
    |  Clock | Target| Estimated| Uncertainty|
    +--------+-------+----------+------------+
    |ap_clk  |  10.00|      8.10|        1.25|
    +--------+-------+----------+------------+

+ Latency (clock cycles): 
    * Summary: 
    +-------+-------+-------+-------+---------+
    |    Latency    |    Interval   | Pipeline|
    |  min  |  max  |  min  |  max  |   Type  |
    +-------+-------+-------+-------+---------+
    |  32929|  32929|  32929|  32929|   none  |
    +-------+-------+-------+-------+---------+

    + Detail: 
        * Instance: 
        N/A

        * Loop: 
        +-----------------+-------+-------+----------+-----------+-----------+------+----------+
        |                 |    Latency    | Iteration|  Initiation Interval  | Trip |          |
        |    Loop Name    |  min  |  max  |  Latency |  achieved |   target  | Count| Pipelined|
        +-----------------+-------+-------+----------+-----------+-----------+------+----------+
        |- Loop 1         |  32928|  32928|       686|          -|          -|    48|    no    |
        | + Loop 1.1      |    684|    684|        38|          -|          -|    18|    no    |
        |  ++ Loop 1.1.1  |     36|     36|         2|          -|          -|    18|    no    |
        +-----------------+-------+-------+----------+-----------+-----------+------+----------+



================================================================
== Utilization Estimates
================================================================
* Summary: 
+-----------------+---------+-------+--------+-------+
|       Name      | BRAM_18K| DSP48E|   FF   |  LUT  |
+-----------------+---------+-------+--------+-------+
|DSP              |        -|      -|       -|      -|
|Expression       |        -|      -|     403|    178|
|FIFO             |        -|      -|       -|      -|
|Instance         |        -|      -|       -|      -|
|Memory           |        -|      -|       -|      -|
|Multiplexer      |        -|      -|       -|     75|
|Register         |        -|      -|      98|      -|
+-----------------+---------+-------+--------+-------+
|Total            |        0|      0|     501|    253|
+-----------------+---------+-------+--------+-------+
|Available        |      280|    220|  106400|  53200|
+-----------------+---------+-------+--------+-------+
|Utilization (%)  |        0|      0|   ~0   |   ~0  |
+-----------------+---------+-------+--------+-------+

+ Detail: 
    * Instance: 
    N/A

    * DSP48: 
    N/A

    * Memory: 
    N/A

    * FIFO: 
    N/A

    * Expression: 
    +---------------------+----------+-------+----+----+------------+------------+
    |    Variable Name    | Operation| DSP48E| FF | LUT| Bitwidth P0| Bitwidth P1|
    +---------------------+----------+-------+----+----+------------+------------+
    |co_38_fu_142_p2      |     +    |      0|  23|  11|           1|           6|
    |h_38_fu_224_p2       |     +    |      0|  20|  10|           5|           1|
    |tmp_402_fu_182_p2    |     +    |      0|  35|  15|          10|          10|
    |tmp_405_fu_212_p2    |     +    |      0|  38|  16|          11|          11|
    |tmp_406_fu_238_p2    |     +    |      0|  35|  15|          10|          10|
    |tmp_407_fu_263_p2    |     +    |      0|  47|  19|          14|          14|
    |tmp_408_fu_269_p2    |     +    |      0|  38|  16|          11|          11|
    |tmp_409_fu_294_p2    |     +    |      0|  50|  20|          15|          15|
    |tmp_410_fu_320_p2    |     +    |      0|  47|  19|          14|          14|
    |tmp_411_fu_331_p2    |     +    |      0|  50|  20|          15|          15|
    |w_38_fu_306_p2       |     +    |      0|  20|  10|           5|           1|
    |exitcond1_fu_218_p2  |   icmp   |      0|   0|   2|           5|           5|
    |exitcond2_fu_136_p2  |   icmp   |      0|   0|   3|           6|           6|
    |exitcond_fu_300_p2   |   icmp   |      0|   0|   2|           5|           5|
    +---------------------+----------+-------+----+----+------------+------------+
    |Total                |          |      0| 403| 178|         127|         124|
    +---------------------+----------+-------+----+----+------------+------------+

    * Multiplexer: 
    +--------------------------+----+-----------+-----+-----------+
    |           Name           | LUT| Input Size| Bits| Total Bits|
    +--------------------------+----+-----------+-----+-----------+
    |ap_NS_fsm                 |  33|          6|    1|          6|
    |co_reg_87                 |   9|          2|    6|         12|
    |h_reg_98                  |   9|          2|    5|         10|
    |storemerge_phi_fu_123_p4  |  15|          3|   32|         96|
    |w_reg_109                 |   9|          2|    5|         10|
    +--------------------------+----+-----------+-----+-----------+
    |Total                     |  75|         15|   49|        134|
    +--------------------------+----+-----------+-----+-----------+

    * Register: 
    +---------------------+----+----+-----+-----------+
    |         Name        | FF | LUT| Bits| Const Bits|
    +---------------------+----+----+-----+-----------+
    |ap_CS_fsm            |   5|   0|    5|          0|
    |co_38_reg_348        |   6|   0|    6|          0|
    |co_reg_87            |   6|   0|    6|          0|
    |h_38_reg_366         |   5|   0|    5|          0|
    |h_reg_98             |   5|   0|    5|          0|
    |output_addr_reg_394  |  14|   0|   14|          0|
    |tmp_348_reg_341      |   1|   0|    1|          0|
    |tmp_402_reg_353      |   9|   0|   10|          1|
    |tmp_405_reg_358      |  10|   0|   11|          1|
    |tmp_407_reg_371      |  13|   0|   14|          1|
    |tmp_409_reg_376      |  14|   0|   15|          1|
    |w_38_reg_384         |   5|   0|    5|          0|
    |w_reg_109            |   5|   0|    5|          0|
    +---------------------+----+----+-----+-----------+
    |Total                |  98|   0|  102|          4|
    +---------------------+----+----+-----+-----------+



================================================================
== Interface
================================================================
* Summary: 
+-------------------------------+-----+-----+------------+----------------------+--------------+
|           RTL Ports           | Dir | Bits|  Protocol  |     Source Object    |    C Type    |
+-------------------------------+-----+-----+------------+----------------------+--------------+
|ap_clk                         |  in |    1| ap_ctrl_hs |     shuffle_24_p     | return value |
|ap_rst                         |  in |    1| ap_ctrl_hs |     shuffle_24_p     | return value |
|ap_start                       |  in |    1| ap_ctrl_hs |     shuffle_24_p     | return value |
|ap_done                        | out |    1| ap_ctrl_hs |     shuffle_24_p     | return value |
|ap_idle                        | out |    1| ap_ctrl_hs |     shuffle_24_p     | return value |
|ap_ready                       | out |    1| ap_ctrl_hs |     shuffle_24_p     | return value |
|left_r_address0                | out |   13|  ap_memory |        left_r        |     array    |
|left_r_ce0                     | out |    1|  ap_memory |        left_r        |     array    |
|left_r_q0                      |  in |   32|  ap_memory |        left_r        |     array    |
|output_r_address0              | out |   14|  ap_memory |       output_r       |     array    |
|output_r_ce0                   | out |    1|  ap_memory |       output_r       |     array    |
|output_r_we0                   | out |    1|  ap_memory |       output_r       |     array    |
|output_r_d0                    | out |   32|  ap_memory |       output_r       |     array    |
|buffer1_1_24_16x16_p_address0  | out |   13|  ap_memory | buffer1_1_24_16x16_p |     array    |
|buffer1_1_24_16x16_p_ce0       | out |    1|  ap_memory | buffer1_1_24_16x16_p |     array    |
|buffer1_1_24_16x16_p_q0        |  in |   32|  ap_memory | buffer1_1_24_16x16_p |     array    |
+-------------------------------+-----+-----+------------+----------------------+--------------+

