

================================================================
== Vivado HLS Report for 'shuffle_96_p'
================================================================
* Date:           Fri Dec 14 14:26:53 2018

* Version:        2017.2 (Build 1909853 on Thu Jun 15 18:55:24 MDT 2017)
* Project:        accelerator_newone
* Solution:       solution1
* Product family: zynq
* Target device:  xc7z020clg484-1


================================================================
== Performance Estimates
================================================================
+ Timing (ns): 
    * Summary: 
    +--------+-------+----------+------------+
    |  Clock | Target| Estimated| Uncertainty|
    +--------+-------+----------+------------+
    |ap_clk  |  10.00|      8.10|        1.25|
    +--------+-------+----------+------------+

+ Latency (clock cycles): 
    * Summary: 
    +-------+-------+-------+-------+---------+
    |    Latency    |    Interval   | Pipeline|
    |  min  |  max  |  min  |  max  |   Type  |
    +-------+-------+-------+-------+---------+
    |  16513|  16513|  16513|  16513|   none  |
    +-------+-------+-------+-------+---------+

    + Detail: 
        * Instance: 
        N/A

        * Loop: 
        +-----------------+-------+-------+----------+-----------+-----------+------+----------+
        |                 |    Latency    | Iteration|  Initiation Interval  | Trip |          |
        |    Loop Name    |  min  |  max  |  Latency |  achieved |   target  | Count| Pipelined|
        +-----------------+-------+-------+----------+-----------+-----------+------+----------+
        |- Loop 1         |  16512|  16512|        86|          -|          -|   192|    no    |
        | + Loop 1.1      |     84|     84|        14|          -|          -|     6|    no    |
        |  ++ Loop 1.1.1  |     12|     12|         2|          -|          -|     6|    no    |
        +-----------------+-------+-------+----------+-----------+-----------+------+----------+



================================================================
== Utilization Estimates
================================================================
* Summary: 
+-----------------+---------+-------+--------+-------+
|       Name      | BRAM_18K| DSP48E|   FF   |  LUT  |
+-----------------+---------+-------+--------+-------+
|DSP              |        -|      -|       -|      -|
|Expression       |        -|      -|     403|    179|
|FIFO             |        -|      -|       -|      -|
|Instance         |        -|      -|       -|      -|
|Memory           |        -|      -|       -|      -|
|Multiplexer      |        -|      -|       -|     75|
|Register         |        -|      -|      95|      -|
+-----------------+---------+-------+--------+-------+
|Total            |        0|      0|     498|    254|
+-----------------+---------+-------+--------+-------+
|Available        |      280|    220|  106400|  53200|
+-----------------+---------+-------+--------+-------+
|Utilization (%)  |        0|      0|   ~0   |   ~0  |
+-----------------+---------+-------+--------+-------+

+ Detail: 
    * Instance: 
    N/A

    * DSP48: 
    N/A

    * Memory: 
    N/A

    * FIFO: 
    N/A

    * Expression: 
    +---------------------+----------+-------+----+----+------------+------------+
    |    Variable Name    | Operation| DSP48E| FF | LUT| Bitwidth P0| Bitwidth P1|
    +---------------------+----------+-------+----+----+------------+------------+
    |co_32_fu_140_p2      |     +    |      0|  29|  13|           1|           8|
    |h_32_fu_230_p2       |     +    |      0|  14|   9|           3|           1|
    |tmp_340_fu_244_p2    |     +    |      0|  41|  17|          12|          12|
    |tmp_342_fu_275_p2    |     +    |      0|  44|  18|          13|          13|
    |tmp_344_fu_326_p2    |     +    |      0|  44|  18|          13|          13|
    |tmp_345_fu_337_p2    |     +    |      0|  47|  19|          14|          14|
    |w_32_fu_312_p2       |     +    |      0|  14|   9|           3|           1|
    |tmp_336_fu_180_p2    |     -    |      0|  38|  16|          11|          11|
    |tmp_339_fu_214_p2    |     -    |      0|  41|  17|          12|          12|
    |tmp_341_fu_269_p2    |     -    |      0|  44|  18|          13|          13|
    |tmp_343_fu_300_p2    |     -    |      0|  47|  19|          14|          14|
    |exitcond1_fu_224_p2  |   icmp   |      0|   0|   1|           3|           3|
    |exitcond2_fu_134_p2  |   icmp   |      0|   0|   4|           8|           8|
    |exitcond_fu_306_p2   |   icmp   |      0|   0|   1|           3|           3|
    +---------------------+----------+-------+----+----+------------+------------+
    |Total                |          |      0| 403| 179|         123|         126|
    +---------------------+----------+-------+----+----+------------+------------+

    * Multiplexer: 
    +--------------------------+----+-----------+-----+-----------+
    |           Name           | LUT| Input Size| Bits| Total Bits|
    +--------------------------+----+-----------+-----+-----------+
    |ap_NS_fsm                 |  33|          6|    1|          6|
    |co_reg_85                 |   9|          2|    8|         16|
    |h_reg_96                  |   9|          2|    3|          6|
    |storemerge_phi_fu_121_p4  |  15|          3|   32|         96|
    |w_reg_107                 |   9|          2|    3|          6|
    +--------------------------+----+-----------+-----+-----------+
    |Total                     |  75|         15|   47|        130|
    +--------------------------+----+-----------+-----+-----------+

    * Register: 
    +----------------------+----+----+-----+-----------+
    |         Name         | FF | LUT| Bits| Const Bits|
    +----------------------+----+----+-----+-----------+
    |ap_CS_fsm             |   5|   0|    5|          0|
    |co_32_reg_354         |   8|   0|    8|          0|
    |co_reg_85             |   8|   0|    8|          0|
    |h_32_reg_372          |   3|   0|    3|          0|
    |h_reg_96              |   3|   0|    3|          0|
    |output_addr_reg_400   |  13|   0|   13|          0|
    |tmp_324_reg_347       |   1|   0|    1|          0|
    |tmp_341_reg_377       |  12|   0|   13|          1|
    |tmp_343_reg_382       |  13|   0|   14|          1|
    |tmp_422_cast_reg_359  |  11|   0|   12|          1|
    |tmp_425_cast_reg_364  |  12|   0|   13|          1|
    |w_32_reg_390          |   3|   0|    3|          0|
    |w_reg_107             |   3|   0|    3|          0|
    +----------------------+----+----+-----+-----------+
    |Total                 |  95|   0|   99|          4|
    +----------------------+----+----+-----+-----------+



================================================================
== Interface
================================================================
* Summary: 
+-----------------------------+-----+-----+------------+--------------------+--------------+
|          RTL Ports          | Dir | Bits|  Protocol  |    Source Object   |    C Type    |
+-----------------------------+-----+-----+------------+--------------------+--------------+
|ap_clk                       |  in |    1| ap_ctrl_hs |    shuffle_96_p    | return value |
|ap_rst                       |  in |    1| ap_ctrl_hs |    shuffle_96_p    | return value |
|ap_start                     |  in |    1| ap_ctrl_hs |    shuffle_96_p    | return value |
|ap_done                      | out |    1| ap_ctrl_hs |    shuffle_96_p    | return value |
|ap_idle                      | out |    1| ap_ctrl_hs |    shuffle_96_p    | return value |
|ap_ready                     | out |    1| ap_ctrl_hs |    shuffle_96_p    | return value |
|left_r_address0              | out |   12|  ap_memory |       left_r       |     array    |
|left_r_ce0                   | out |    1|  ap_memory |       left_r       |     array    |
|left_r_q0                    |  in |   32|  ap_memory |       left_r       |     array    |
|output_r_address0            | out |   13|  ap_memory |      output_r      |     array    |
|output_r_ce0                 | out |    1|  ap_memory |      output_r      |     array    |
|output_r_we0                 | out |    1|  ap_memory |      output_r      |     array    |
|output_r_d0                  | out |   32|  ap_memory |      output_r      |     array    |
|buffer1_1_96_4x4_p_address0  | out |   12|  ap_memory | buffer1_1_96_4x4_p |     array    |
|buffer1_1_96_4x4_p_ce0       | out |    1|  ap_memory | buffer1_1_96_4x4_p |     array    |
|buffer1_1_96_4x4_p_q0        |  in |   32|  ap_memory | buffer1_1_96_4x4_p |     array    |
+-----------------------------+-----+-----+------------+--------------------+--------------+

