

================================================================
== Vivado HLS Report for 'subconv_1x1_16p_p'
================================================================
* Date:           Fri Dec 14 14:26:50 2018

* Version:        2017.2 (Build 1909853 on Thu Jun 15 18:55:24 MDT 2017)
* Project:        accelerator_newone
* Solution:       solution1
* Product family: zynq
* Target device:  xc7z020clg484-1


================================================================
== Performance Estimates
================================================================
+ Timing (ns): 
    * Summary: 
    +--------+-------+----------+------------+
    |  Clock | Target| Estimated| Uncertainty|
    +--------+-------+----------+------------+
    |ap_clk  |  10.00|      7.63|        1.25|
    +--------+-------+----------+------------+

+ Latency (clock cycles): 
    * Summary: 
    +---------+---------+---------+---------+---------+
    |      Latency      |      Interval     | Pipeline|
    |   min   |   max   |   min   |   max   |   Type  |
    +---------+---------+---------+---------+---------+
    |  7267107|  7267107|  7267107|  7267107|   none  |
    +---------+---------+---------+---------+---------+

    + Detail: 
        * Instance: 
        N/A

        * Loop: 
        +---------------------+---------+---------+----------+-----------+-----------+------+----------+
        |                     |      Latency      | Iteration|  Initiation Interval  | Trip |          |
        |      Loop Name      |   min   |   max   |  Latency |  achieved |   target  | Count| Pipelined|
        +---------------------+---------+---------+----------+-----------+-----------+------+----------+
        |- Loop 1             |    26208|    26208|       546|          -|          -|    48|    no    |
        | + Loop 1.1          |      544|      544|        34|          -|          -|    16|    no    |
        |  ++ Loop 1.1.1      |       32|       32|         2|          -|          -|    16|    no    |
        |- Loop 2             |  7190112|  7190112|    149794|          -|          -|    48|    no    |
        | + Loop 2.1          |   149792|   149792|      9362|          -|          -|    16|    no    |
        |  ++ Loop 2.1.1      |     9360|     9360|       585|          -|          -|    16|    no    |
        |   +++ Loop 2.1.1.1  |      576|      576|        12|          -|          -|    48|    no    |
        |- Loop 3             |    50784|    50784|      1058|          -|          -|    48|    no    |
        | + Loop 3.1          |     1056|     1056|        66|          -|          -|    16|    no    |
        |  ++ Loop 3.1.1      |       64|       64|         4|          -|          -|    16|    no    |
        +---------------------+---------+---------+----------+-----------+-----------+------+----------+



================================================================
== Utilization Estimates
================================================================
* Summary: 
+-----------------+---------+-------+--------+-------+
|       Name      | BRAM_18K| DSP48E|   FF   |  LUT  |
+-----------------+---------+-------+--------+-------+
|DSP              |        -|      -|       -|      -|
|Expression       |        -|      -|     828|    449|
|FIFO             |        -|      -|       -|      -|
|Instance         |        -|      5|     414|    950|
|Memory           |        -|      -|       -|      -|
|Multiplexer      |        -|      -|       -|    330|
|Register         |        -|      -|     484|      -|
+-----------------+---------+-------+--------+-------+
|Total            |        0|      5|    1726|   1729|
+-----------------+---------+-------+--------+-------+
|Available        |      280|    220|  106400|  53200|
+-----------------+---------+-------+--------+-------+
|Utilization (%)  |        0|      2|       1|      3|
+-----------------+---------+-------+--------+-------+

+ Detail: 
    * Instance: 
    +----------------------------+----------------------+---------+-------+-----+-----+
    |          Instance          |        Module        | BRAM_18K| DSP48E|  FF | LUT |
    +----------------------------+----------------------+---------+-------+-----+-----+
    |ShuffleNetV2_faddbkb_x_U41  |ShuffleNetV2_faddbkb  |        0|      2|  205|  390|
    |ShuffleNetV2_fcmpdEe_x_U43  |ShuffleNetV2_fcmpdEe  |        0|      0|   66|  239|
    |ShuffleNetV2_fmulcud_x_U42  |ShuffleNetV2_fmulcud  |        0|      3|  143|  321|
    +----------------------------+----------------------+---------+-------+-----+-----+
    |Total                       |                      |        0|      5|  414|  950|
    +----------------------------+----------------------+---------+-------+-----+-----+

    * DSP48: 
    N/A

    * Memory: 
    N/A

    * FIFO: 
    N/A

    * Expression: 
    +---------------------+----------+-------+----+----+------------+------------+
    |    Variable Name    | Operation| DSP48E| FF | LUT| Bitwidth P0| Bitwidth P1|
    +---------------------+----------+-------+----+----+------------+------------+
    |ci_5_fu_520_p2       |     +    |      0|  23|  11|           6|           1|
    |co_25_fu_270_p2      |     +    |      0|  23|  11|           6|           1|
    |co_26_fu_389_p2      |     +    |      0|  23|  11|           6|           1|
    |co_27_fu_621_p2      |     +    |      0|  23|  11|           6|           1|
    |h_25_fu_373_p2       |     +    |      0|  20|  10|           5|           1|
    |h_26_fu_508_p2       |     +    |      0|  20|  10|           5|           1|
    |h_27_fu_718_p2       |     +    |      0|  20|  10|           5|           1|
    |tmp_266_fu_305_p2    |     +    |      0|  38|  16|          11|          11|
    |tmp_271_fu_441_p2    |     +    |      0|  38|  16|          11|          11|
    |tmp_272_fu_321_p2    |     +    |      0|  38|  16|          11|          11|
    |tmp_273_fu_346_p2    |     +    |      0|  50|  20|          15|          15|
    |tmp_276_fu_651_p2    |     +    |      0|  38|  16|          11|          11|
    |tmp_277_fu_457_p2    |     +    |      0|  38|  16|          11|          11|
    |tmp_278_fu_482_p2    |     +    |      0|  50|  20|          15|          15|
    |tmp_279_fu_362_p2    |     +    |      0|  50|  20|          15|          15|
    |tmp_280_fu_667_p2    |     +    |      0|  38|  16|          11|          11|
    |tmp_282_fu_692_p2    |     +    |      0|  50|  20|          15|          15|
    |tmp_283_fu_498_p2    |     +    |      0|  50|  20|          15|          15|
    |tmp_284_fu_708_p2    |     +    |      0|  50|  20|          15|          15|
    |tmp_286_fu_530_p2    |     +    |      0|  44|  18|          13|          13|
    |tmp_289_fu_559_p2    |     +    |      0|   0|  12|          11|          11|
    |tmp_290_fu_565_p2    |     +    |      0|   0|  12|          11|          11|
    |tmp_292_fu_590_p2    |     +    |      0|   0|  12|          15|          15|
    |tmp_293_fu_596_p2    |     +    |      0|   0|  12|          15|          15|
    |w_25_fu_367_p2       |     +    |      0|  20|  10|           5|           1|
    |w_26_fu_601_p2       |     +    |      0|  20|  10|           5|           1|
    |w_27_fu_763_p2       |     +    |      0|  20|  10|           5|           1|
    |tmp_269_fu_423_p2    |     -    |      0|  44|  18|          13|          13|
    |tmp_25_fu_758_p2     |    and   |      0|   0|   2|           1|           1|
    |exitcond1_fu_657_p2  |   icmp   |      0|   0|   2|           5|           5|
    |exitcond2_fu_615_p2  |   icmp   |      0|   0|   3|           6|           6|
    |exitcond3_fu_514_p2  |   icmp   |      0|   0|   3|           6|           6|
    |exitcond4_fu_488_p2  |   icmp   |      0|   0|   2|           5|           5|
    |exitcond5_fu_447_p2  |   icmp   |      0|   0|   2|           5|           5|
    |exitcond6_fu_383_p2  |   icmp   |      0|   0|   3|           6|           6|
    |exitcond7_fu_352_p2  |   icmp   |      0|   0|   2|           5|           5|
    |exitcond8_fu_311_p2  |   icmp   |      0|   0|   2|           5|           5|
    |exitcond9_fu_264_p2  |   icmp   |      0|   0|   3|           6|           6|
    |exitcond_fu_698_p2   |   icmp   |      0|   0|   2|           5|           5|
    |notlhs_fu_742_p2     |   icmp   |      0|   0|   4|           8|           2|
    |notrhs_fu_748_p2     |   icmp   |      0|   0|  13|          23|           1|
    |tmp_23_fu_754_p2     |    or    |      0|   0|   2|           1|           1|
    +---------------------+----------+-------+----+----+------------+------------+
    |Total                |          |      0| 828| 449|         375|         303|
    +---------------------+----------+-------+----+----+------------+------------+

    * Multiplexer: 
    +-------------------------------+-----+-----------+-----+-----------+
    |              Name             | LUT | Input Size| Bits| Total Bits|
    +-------------------------------+-----+-----------+-----+-----------+
    |ShuffleConvs_1_Downs_address0  |   27|          5|   14|         70|
    |ShuffleConvs_1_Downs_d0        |   21|          4|   32|        128|
    |ap_NS_fsm                      |  153|         34|    1|         34|
    |ci_reg_197                     |    9|          2|    6|         12|
    |co1_reg_150                    |    9|          2|    6|         12|
    |co4_reg_208                    |    9|          2|    6|         12|
    |co_reg_116                     |    9|          2|    6|         12|
    |grp_fu_243_p0                  |   15|          3|   32|         96|
    |grp_fu_243_p1                  |   15|          3|   32|         96|
    |h2_reg_161                     |    9|          2|    5|         10|
    |h5_reg_219                     |    9|          2|    5|         10|
    |h_reg_127                      |    9|          2|    5|         10|
    |sum_reg_185                    |    9|          2|   32|         64|
    |w3_reg_173                     |    9|          2|    5|         10|
    |w6_reg_231                     |    9|          2|    5|         10|
    |w_reg_139                      |    9|          2|    5|         10|
    +-------------------------------+-----+-----------+-----+-----------+
    |Total                          |  330|         71|  197|        596|
    +-------------------------------+-----+-----------+-----+-----------+

    * Register: 
    +--------------------------------+----+----+-----+-----------+
    |              Name              | FF | LUT| Bits| Const Bits|
    +--------------------------------+----+----+-----+-----------+
    |ShuffleConvs_1_Downs_2_reg_852  |  14|   0|   14|          0|
    |ShuffleConvs_1_Downs_4_reg_944  |  14|   0|   14|          0|
    |ap_CS_fsm                       |  33|   0|   33|          0|
    |bias_addr_reg_782               |   6|   0|    6|          0|
    |ci_5_reg_865                    |   6|   0|    6|          0|
    |ci_reg_197                      |   6|   0|    6|          0|
    |co1_reg_150                     |   6|   0|    6|          0|
    |co4_reg_208                     |   6|   0|    6|          0|
    |co_25_reg_772                   |   6|   0|    6|          0|
    |co_26_reg_816                   |   6|   0|    6|          0|
    |co_27_reg_923                   |   6|   0|    6|          0|
    |co_reg_116                      |   6|   0|    6|          0|
    |h2_reg_161                      |   5|   0|    5|          0|
    |h5_reg_219                      |   5|   0|    5|          0|
    |h_reg_127                       |   5|   0|    5|          0|
    |notlhs_reg_954                  |   1|   0|    1|          0|
    |notrhs_reg_959                  |   1|   0|    1|          0|
    |reg_258                         |  32|   0|   32|          0|
    |shuffleunit0_2_outpu_1_reg_900  |  32|   0|   32|          0|
    |sum_reg_185                     |  32|   0|   32|          0|
    |tmp_111_cast_reg_834            |   5|   0|   11|          6|
    |tmp_114_cast_reg_847            |   5|   0|   15|         10|
    |tmp_116_reg_915                 |  32|   0|   32|          0|
    |tmp_118_reg_905                 |  32|   0|   32|          0|
    |tmp_24_reg_964                  |   1|   0|    1|          0|
    |tmp_266_reg_777                 |  10|   0|   11|          1|
    |tmp_269_reg_821                 |   9|   0|   13|          4|
    |tmp_271_reg_826                 |  10|   0|   11|          1|
    |tmp_273_reg_790                 |  14|   0|   15|          1|
    |tmp_276_reg_928                 |  10|   0|   11|          1|
    |tmp_278_reg_839                 |  14|   0|   15|          1|
    |tmp_279_reg_798                 |  15|   0|   15|          0|
    |tmp_282_reg_936                 |  14|   0|   15|          1|
    |tmp_286_reg_870                 |  13|   0|   13|          0|
    |tmp_293_reg_875                 |  15|   0|   15|          0|
    |w3_reg_173                      |   5|   0|    5|          0|
    |w6_reg_231                      |   5|   0|    5|          0|
    |w_25_reg_803                    |   5|   0|    5|          0|
    |w_26_reg_880                    |   5|   0|    5|          0|
    |w_reg_139                       |   5|   0|    5|          0|
    |weight_load_reg_895             |  32|   0|   32|          0|
    +--------------------------------+----+----+-----+-----------+
    |Total                           | 484|   0|  510|         26|
    +--------------------------------+----+----+-----+-----------+



================================================================
== Interface
================================================================
* Summary: 
+-------------------------------+-----+-----+------------+----------------------+--------------+
|           RTL Ports           | Dir | Bits|  Protocol  |     Source Object    |    C Type    |
+-------------------------------+-----+-----+------------+----------------------+--------------+
|ap_clk                         |  in |    1| ap_ctrl_hs |   subconv_1x1_16p_p  | return value |
|ap_rst                         |  in |    1| ap_ctrl_hs |   subconv_1x1_16p_p  | return value |
|ap_start                       |  in |    1| ap_ctrl_hs |   subconv_1x1_16p_p  | return value |
|ap_done                        | out |    1| ap_ctrl_hs |   subconv_1x1_16p_p  | return value |
|ap_idle                        | out |    1| ap_ctrl_hs |   subconv_1x1_16p_p  | return value |
|ap_ready                       | out |    1| ap_ctrl_hs |   subconv_1x1_16p_p  | return value |
|weight_address0                | out |   12|  ap_memory |        weight        |     array    |
|weight_ce0                     | out |    1|  ap_memory |        weight        |     array    |
|weight_q0                      |  in |   32|  ap_memory |        weight        |     array    |
|bias_address0                  | out |    6|  ap_memory |         bias         |     array    |
|bias_ce0                       | out |    1|  ap_memory |         bias         |     array    |
|bias_q0                        |  in |   32|  ap_memory |         bias         |     array    |
|ShuffleConvs_1_Downs_address0  | out |   14|  ap_memory | ShuffleConvs_1_Downs |     array    |
|ShuffleConvs_1_Downs_ce0       | out |    1|  ap_memory | ShuffleConvs_1_Downs |     array    |
|ShuffleConvs_1_Downs_we0       | out |    1|  ap_memory | ShuffleConvs_1_Downs |     array    |
|ShuffleConvs_1_Downs_d0        | out |   32|  ap_memory | ShuffleConvs_1_Downs |     array    |
|ShuffleConvs_1_Downs_q0        |  in |   32|  ap_memory | ShuffleConvs_1_Downs |     array    |
|shuffleunit0_2_outpu_address0  | out |   14|  ap_memory | shuffleunit0_2_outpu |     array    |
|shuffleunit0_2_outpu_ce0       | out |    1|  ap_memory | shuffleunit0_2_outpu |     array    |
|shuffleunit0_2_outpu_q0        |  in |   32|  ap_memory | shuffleunit0_2_outpu |     array    |
+-------------------------------+-----+-----+------------+----------------------+--------------+

