

================================================================
== Vivado HLS Report for 'subconv_1x1_8_p'
================================================================
* Date:           Fri Dec 14 14:26:51 2018

* Version:        2017.2 (Build 1909853 on Thu Jun 15 18:55:24 MDT 2017)
* Project:        accelerator_newone
* Solution:       solution1
* Product family: zynq
* Target device:  xc7z020clg484-1


================================================================
== Performance Estimates
================================================================
+ Timing (ns): 
    * Summary: 
    +--------+-------+----------+------------+
    |  Clock | Target| Estimated| Uncertainty|
    +--------+-------+----------+------------+
    |ap_clk  |  10.00|      7.57|        1.25|
    +--------+-------+----------+------------+

+ Latency (clock cycles): 
    * Summary: 
    +---------+---------+---------+---------+---------+
    |      Latency      |      Interval     | Pipeline|
    |   min   |   max   |   min   |   max   |   Type  |
    +---------+---------+---------+---------+---------+
    |  1818147|  1818147|  1818147|  1818147|   none  |
    +---------+---------+---------+---------+---------+

    + Detail: 
        * Instance: 
        N/A

        * Loop: 
        +---------------------+---------+---------+----------+-----------+-----------+------+----------+
        |                     |      Latency      | Iteration|  Initiation Interval  | Trip |          |
        |      Loop Name      |   min   |   max   |  Latency |  achieved |   target  | Count| Pipelined|
        +---------------------+---------+---------+----------+-----------+-----------+------+----------+
        |- Loop 1             |     7008|     7008|       146|          -|          -|    48|    no    |
        | + Loop 1.1          |      144|      144|        18|          -|          -|     8|    no    |
        |  ++ Loop 1.1.1      |       16|       16|         2|          -|          -|     8|    no    |
        |- Loop 2             |  1797984|  1797984|     37458|          -|          -|    48|    no    |
        | + Loop 2.1          |    37456|    37456|      4682|          -|          -|     8|    no    |
        |  ++ Loop 2.1.1      |     4680|     4680|       585|          -|          -|     8|    no    |
        |   +++ Loop 2.1.1.1  |      576|      576|        12|          -|          -|    48|    no    |
        |- Loop 3             |    13152|    13152|       274|          -|          -|    48|    no    |
        | + Loop 3.1          |      272|      272|        34|          -|          -|     8|    no    |
        |  ++ Loop 3.1.1      |       32|       32|         4|          -|          -|     8|    no    |
        +---------------------+---------+---------+----------+-----------+-----------+------+----------+



================================================================
== Utilization Estimates
================================================================
* Summary: 
+-----------------+---------+-------+--------+-------+
|       Name      | BRAM_18K| DSP48E|   FF   |  LUT  |
+-----------------+---------+-------+--------+-------+
|DSP              |        -|      -|       -|      -|
|Expression       |        -|      -|     774|    431|
|FIFO             |        -|      -|       -|      -|
|Instance         |        -|      5|     414|    950|
|Memory           |        -|      -|       -|      -|
|Multiplexer      |        -|      -|       -|    330|
|Register         |        -|      -|     464|      -|
+-----------------+---------+-------+--------+-------+
|Total            |        0|      5|    1652|   1711|
+-----------------+---------+-------+--------+-------+
|Available        |      280|    220|  106400|  53200|
+-----------------+---------+-------+--------+-------+
|Utilization (%)  |        0|      2|       1|      3|
+-----------------+---------+-------+--------+-------+

+ Detail: 
    * Instance: 
    +----------------------------+----------------------+---------+-------+-----+-----+
    |          Instance          |        Module        | BRAM_18K| DSP48E|  FF | LUT |
    +----------------------------+----------------------+---------+-------+-----+-----+
    |ShuffleNetV2_faddbkb_x_U54  |ShuffleNetV2_faddbkb  |        0|      2|  205|  390|
    |ShuffleNetV2_fcmpdEe_x_U56  |ShuffleNetV2_fcmpdEe  |        0|      0|   66|  239|
    |ShuffleNetV2_fmulcud_x_U55  |ShuffleNetV2_fmulcud  |        0|      3|  143|  321|
    +----------------------------+----------------------+---------+-------+-----+-----+
    |Total                       |                      |        0|      5|  414|  950|
    +----------------------------+----------------------+---------+-------+-----+-----+

    * DSP48: 
    N/A

    * Memory: 
    N/A

    * FIFO: 
    N/A

    * Expression: 
    +---------------------+----------+-------+----+----+------------+------------+
    |    Variable Name    | Operation| DSP48E| FF | LUT| Bitwidth P0| Bitwidth P1|
    +---------------------+----------+-------+----+----+------------+------------+
    |ci_2_fu_540_p2       |     +    |      0|  23|  11|           6|           1|
    |co_16_fu_274_p2      |     +    |      0|  23|  11|           6|           1|
    |co_17_fu_397_p2      |     +    |      0|  23|  11|           6|           1|
    |co_18_fu_645_p2      |     +    |      0|  23|  11|           6|           1|
    |h_16_fu_381_p2       |     +    |      0|  17|   9|           4|           1|
    |h_17_fu_528_p2       |     +    |      0|  17|   9|           4|           1|
    |h_18_fu_746_p2       |     +    |      0|  17|   9|           4|           1|
    |tmp_175_fu_309_p2    |     +    |      0|  35|  15|          10|          10|
    |tmp_181_fu_457_p2    |     +    |      0|  35|  15|          10|          10|
    |tmp_182_fu_325_p2    |     +    |      0|  35|  15|          10|          10|
    |tmp_183_fu_354_p2    |     +    |      0|  47|  19|          14|          14|
    |tmp_186_fu_675_p2    |     +    |      0|  35|  15|          10|          10|
    |tmp_187_fu_473_p2    |     +    |      0|  35|  15|          10|          10|
    |tmp_190_fu_502_p2    |     +    |      0|  47|  19|          14|          14|
    |tmp_191_fu_370_p2    |     +    |      0|  47|  19|          14|          14|
    |tmp_192_fu_691_p2    |     +    |      0|  35|  15|          10|          10|
    |tmp_195_fu_720_p2    |     +    |      0|  47|  19|          14|          14|
    |tmp_196_fu_518_p2    |     +    |      0|  47|  19|          14|          14|
    |tmp_197_fu_736_p2    |     +    |      0|  47|  19|          14|          14|
    |tmp_201_fu_574_p2    |     +    |      0|   0|  12|          10|          10|
    |tmp_202_fu_580_p2    |     +    |      0|   0|  12|          10|          10|
    |tmp_205_fu_609_p2    |     +    |      0|   0|  12|          14|          14|
    |tmp_206_fu_615_p2    |     +    |      0|   0|  12|          14|          14|
    |tmp_207_fu_620_p2    |     +    |      0|  44|  18|          13|          13|
    |w_16_fu_375_p2       |     +    |      0|  17|   9|           4|           1|
    |w_17_fu_625_p2       |     +    |      0|  17|   9|           4|           1|
    |w_18_fu_791_p2       |     +    |      0|  17|   9|           4|           1|
    |tmp_178_fu_427_p2    |     -    |      0|  44|  18|          13|          13|
    |tmp_10_fu_786_p2     |    and   |      0|   0|   2|           1|           1|
    |exitcond1_fu_681_p2  |   icmp   |      0|   0|   2|           4|           4|
    |exitcond2_fu_639_p2  |   icmp   |      0|   0|   3|           6|           6|
    |exitcond3_fu_534_p2  |   icmp   |      0|   0|   3|           6|           6|
    |exitcond4_fu_508_p2  |   icmp   |      0|   0|   2|           4|           4|
    |exitcond5_fu_463_p2  |   icmp   |      0|   0|   2|           4|           4|
    |exitcond6_fu_391_p2  |   icmp   |      0|   0|   3|           6|           6|
    |exitcond7_fu_360_p2  |   icmp   |      0|   0|   2|           4|           4|
    |exitcond8_fu_315_p2  |   icmp   |      0|   0|   2|           4|           4|
    |exitcond9_fu_268_p2  |   icmp   |      0|   0|   3|           6|           6|
    |exitcond_fu_726_p2   |   icmp   |      0|   0|   2|           4|           4|
    |notlhs_fu_770_p2     |   icmp   |      0|   0|   4|           8|           2|
    |notrhs_fu_776_p2     |   icmp   |      0|   0|  13|          23|           1|
    |tmp_8_fu_782_p2      |    or    |      0|   0|   2|           1|           1|
    +---------------------+----------+-------+----+----+------------+------------+
    |Total                |          |      0| 774| 431|         347|         281|
    +---------------------+----------+-------+----+----+------------+------------+

    * Multiplexer: 
    +-------------------+-----+-----------+-----+-----------+
    |        Name       | LUT | Input Size| Bits| Total Bits|
    +-------------------+-----+-----------+-----+-----------+
    |ap_NS_fsm          |  153|         34|    1|         34|
    |ci_reg_201         |    9|          2|    6|         12|
    |co1_reg_154        |    9|          2|    6|         12|
    |co4_reg_212        |    9|          2|    6|         12|
    |co_reg_120         |    9|          2|    6|         12|
    |grp_fu_247_p0      |   15|          3|   32|         96|
    |grp_fu_247_p1      |   15|          3|   32|         96|
    |h2_reg_165         |    9|          2|    4|          8|
    |h5_reg_223         |    9|          2|    4|          8|
    |h_reg_131          |    9|          2|    4|          8|
    |output_r_address0  |   27|          5|   13|         65|
    |output_r_d0        |   21|          4|   32|        128|
    |sum_reg_189        |    9|          2|   32|         64|
    |w3_reg_177         |    9|          2|    4|          8|
    |w6_reg_235         |    9|          2|    4|          8|
    |w_reg_143          |    9|          2|    4|          8|
    +-------------------+-----+-----------+-----+-----------+
    |Total              |  330|         71|  190|        579|
    +-------------------+-----+-----------+-----+-----------+

    * Register: 
    +-----------------------+----+----+-----+-----------+
    |          Name         | FF | LUT| Bits| Const Bits|
    +-----------------------+----+----+-----+-----------+
    |ap_CS_fsm              |  33|   0|   33|          0|
    |bias_addr_reg_810      |   6|   0|    6|          0|
    |ci_2_reg_893           |   6|   0|    6|          0|
    |ci_reg_201             |   6|   0|    6|          0|
    |co1_reg_154            |   6|   0|    6|          0|
    |co4_reg_212            |   6|   0|    6|          0|
    |co_16_reg_800          |   6|   0|    6|          0|
    |co_17_reg_844          |   6|   0|    6|          0|
    |co_18_reg_951          |   6|   0|    6|          0|
    |co_reg_120             |   6|   0|    6|          0|
    |h2_reg_165             |   4|   0|    4|          0|
    |h5_reg_223             |   4|   0|    4|          0|
    |h_reg_131              |   4|   0|    4|          0|
    |input_load_reg_928     |  32|   0|   32|          0|
    |notlhs_reg_982         |   1|   0|    1|          0|
    |notrhs_reg_987         |   1|   0|    1|          0|
    |output_addr_7_reg_972  |  13|   0|   13|          0|
    |output_addr_8_reg_880  |  13|   0|   13|          0|
    |reg_262                |  32|   0|   32|          0|
    |sum_reg_189            |  32|   0|   32|          0|
    |tmp_175_reg_805        |   9|   0|   10|          1|
    |tmp_178_reg_849        |   9|   0|   13|          4|
    |tmp_181_reg_854        |   9|   0|   10|          1|
    |tmp_183_reg_818        |  13|   0|   14|          1|
    |tmp_186_reg_956        |   9|   0|   10|          1|
    |tmp_190_reg_867        |  13|   0|   14|          1|
    |tmp_191_reg_826        |  14|   0|   14|          0|
    |tmp_195_reg_964        |  13|   0|   14|          1|
    |tmp_206_reg_898        |  14|   0|   14|          0|
    |tmp_207_reg_903        |  13|   0|   13|          0|
    |tmp_87_cast_reg_862    |   4|   0|   10|          6|
    |tmp_90_cast_reg_875    |   4|   0|   14|         10|
    |tmp_92_reg_943         |  32|   0|   32|          0|
    |tmp_94_reg_933         |  32|   0|   32|          0|
    |tmp_9_reg_992          |   1|   0|    1|          0|
    |w3_reg_177             |   4|   0|    4|          0|
    |w6_reg_235             |   4|   0|    4|          0|
    |w_16_reg_831           |   4|   0|    4|          0|
    |w_17_reg_908           |   4|   0|    4|          0|
    |w_reg_143              |   4|   0|    4|          0|
    |weight_load_reg_923    |  32|   0|   32|          0|
    +-----------------------+----+----+-----+-----------+
    |Total                  | 464|   0|  490|         26|
    +-----------------------+----+----+-----+-----------+



================================================================
== Interface
================================================================
* Summary: 
+-------------------+-----+-----+------------+-----------------+--------------+
|     RTL Ports     | Dir | Bits|  Protocol  |  Source Object  |    C Type    |
+-------------------+-----+-----+------------+-----------------+--------------+
|ap_clk             |  in |    1| ap_ctrl_hs | subconv_1x1_8_p | return value |
|ap_rst             |  in |    1| ap_ctrl_hs | subconv_1x1_8_p | return value |
|ap_start           |  in |    1| ap_ctrl_hs | subconv_1x1_8_p | return value |
|ap_done            | out |    1| ap_ctrl_hs | subconv_1x1_8_p | return value |
|ap_idle            | out |    1| ap_ctrl_hs | subconv_1x1_8_p | return value |
|ap_ready           | out |    1| ap_ctrl_hs | subconv_1x1_8_p | return value |
|input_r_address0   | out |   13|  ap_memory |     input_r     |     array    |
|input_r_ce0        | out |    1|  ap_memory |     input_r     |     array    |
|input_r_q0         |  in |   32|  ap_memory |     input_r     |     array    |
|weight_address0    | out |   12|  ap_memory |      weight     |     array    |
|weight_ce0         | out |    1|  ap_memory |      weight     |     array    |
|weight_q0          |  in |   32|  ap_memory |      weight     |     array    |
|bias_address0      | out |    6|  ap_memory |       bias      |     array    |
|bias_ce0           | out |    1|  ap_memory |       bias      |     array    |
|bias_q0            |  in |   32|  ap_memory |       bias      |     array    |
|output_r_address0  | out |   13|  ap_memory |     output_r    |     array    |
|output_r_ce0       | out |    1|  ap_memory |     output_r    |     array    |
|output_r_we0       | out |    1|  ap_memory |     output_r    |     array    |
|output_r_d0        | out |   32|  ap_memory |     output_r    |     array    |
|output_r_q0        |  in |   32|  ap_memory |     output_r    |     array    |
+-------------------+-----+-----+------------+-----------------+--------------+

