

================================================================
== Vivado HLS Report for 'subconv_3x3_8_no_rel'
================================================================
* Date:           Fri Dec 14 14:26:51 2018

* Version:        2017.2 (Build 1909853 on Thu Jun 15 18:55:24 MDT 2017)
* Project:        accelerator_newone
* Solution:       solution1
* Product family: zynq
* Target device:  xc7z020clg484-1


================================================================
== Performance Estimates
================================================================
+ Timing (ns): 
    * Summary: 
    +--------+-------+----------+------------+
    |  Clock | Target| Estimated| Uncertainty|
    +--------+-------+----------+------------+
    |ap_clk  |  10.00|      7.26|        1.25|
    +--------+-------+----------+------------+

+ Latency (clock cycles): 
    * Summary: 
    +--------+--------+--------+--------+---------+
    |     Latency     |     Interval    | Pipeline|
    |   min  |   max  |   min  |   max  |   Type  |
    +--------+--------+--------+--------+---------+
    |  394946|  394946|  394946|  394946|   none  |
    +--------+--------+--------+--------+---------+

    + Detail: 
        * Instance: 
        N/A

        * Loop: 
        +-------------------------+--------+--------+----------+-----------+-----------+------+----------+
        |                         |     Latency     | Iteration|  Initiation Interval  | Trip |          |
        |        Loop Name        |   min  |   max  |  Latency |  achieved |   target  | Count| Pipelined|
        +-------------------------+--------+--------+----------+-----------+-----------+------+----------+
        |- Loop 1                 |    7008|    7008|       146|          -|          -|    48|    no    |
        | + Loop 1.1              |     144|     144|        18|          -|          -|     8|    no    |
        |  ++ Loop 1.1.1          |      16|      16|         2|          -|          -|     8|    no    |
        |- Loop 2                 |  387936|  387936|      8082|          -|          -|    48|    no    |
        | + Loop 2.1              |    8080|    8080|      1010|          -|          -|     8|    no    |
        |  ++ Loop 2.1.1          |    1008|    1008|       126|          -|          -|     8|    no    |
        |   +++ Loop 2.1.1.1      |     117|     117|        39|          -|          -|     3|    no    |
        |    ++++ Loop 2.1.1.1.1  |      36|      36|        12|          -|          -|     3|    no    |
        +-------------------------+--------+--------+----------+-----------+-----------+------+----------+



================================================================
== Utilization Estimates
================================================================
* Summary: 
+-----------------+---------+-------+--------+-------+
|       Name      | BRAM_18K| DSP48E|   FF   |  LUT  |
+-----------------+---------+-------+--------+-------+
|DSP              |        -|      -|       -|      -|
|Expression       |        -|      -|     786|    372|
|FIFO             |        -|      -|       -|      -|
|Instance         |        -|      5|     348|    711|
|Memory           |        -|      -|       -|      -|
|Multiplexer      |        -|      -|       -|    293|
|Register         |        -|      -|     463|      -|
+-----------------+---------+-------+--------+-------+
|Total            |        0|      5|    1597|   1376|
+-----------------+---------+-------+--------+-------+
|Available        |      280|    220|  106400|  53200|
+-----------------+---------+-------+--------+-------+
|Utilization (%)  |        0|      2|       1|      2|
+-----------------+---------+-------+--------+-------+

+ Detail: 
    * Instance: 
    +----------------------------+----------------------+---------+-------+-----+-----+
    |          Instance          |        Module        | BRAM_18K| DSP48E|  FF | LUT |
    +----------------------------+----------------------+---------+-------+-----+-----+
    |ShuffleNetV2_faddbkb_x_U65  |ShuffleNetV2_faddbkb  |        0|      2|  205|  390|
    |ShuffleNetV2_fmulcud_x_U66  |ShuffleNetV2_fmulcud  |        0|      3|  143|  321|
    +----------------------------+----------------------+---------+-------+-----+-----+
    |Total                       |                      |        0|      5|  348|  711|
    +----------------------------+----------------------+---------+-------+-----+-----+

    * DSP48: 
    N/A

    * Memory: 
    N/A

    * FIFO: 
    N/A

    * Expression: 
    +---------------------+----------+-------+----+----+------------+------------+
    |    Variable Name    | Operation| DSP48E| FF | LUT| Bitwidth P0| Bitwidth P1|
    +---------------------+----------+-------+----+----+------------+------------+
    |co_3_fu_239_p2       |     +    |      0|  23|  11|           6|           1|
    |co_4_fu_362_p2       |     +    |      0|  23|  11|           6|           1|
    |h_3_fu_346_p2        |     +    |      0|  17|   9|           4|           1|
    |h_4_fu_475_p2        |     +    |      0|  17|   9|           4|           1|
    |m_2_fu_487_p2        |     +    |      0|  11|   8|           2|           1|
    |n_2_fu_585_p2        |     +    |      0|  11|   8|           2|           1|
    |tmp1_fu_502_p2       |     +    |      0|  11|   8|           2|           2|
    |tmp2_fu_600_p2       |     +    |      0|  11|   8|           2|           2|
    |tmp_21_fu_512_p2     |     +    |      0|  17|   9|           4|           4|
    |tmp_24_fu_610_p2     |     +    |      0|  17|   9|           4|           4|
    |tmp_33_fu_274_p2     |     +    |      0|  35|  15|          10|          10|
    |tmp_36_fu_396_p2     |     +    |      0|  35|  15|          10|          10|
    |tmp_39_fu_290_p2     |     +    |      0|  35|  15|          10|          10|
    |tmp_40_fu_319_p2     |     +    |      0|  47|  19|          14|          14|
    |tmp_41_fu_434_p2     |     +    |      0|  35|  15|          10|          10|
    |tmp_43_fu_463_p2     |     +    |      0|  47|  19|          14|          14|
    |tmp_44_fu_335_p2     |     +    |      0|  47|  19|          14|          14|
    |tmp_45_fu_531_p2     |     +    |      0|  47|  19|          14|          14|
    |tmp_46_fu_497_p2     |     +    |      0|  35|  15|          10|          10|
    |tmp_49_fu_522_p2     |     +    |      0|  35|  15|          10|          10|
    |tmp_52_fu_573_p2     |     +    |      0|  47|  19|          14|          14|
    |tmp_53_fu_595_p2     |     +    |      0|  35|  15|          10|          10|
    |tmp_54_fu_620_p2     |     +    |      0|  47|  19|          14|          14|
    |w_3_fu_340_p2        |     +    |      0|  17|   9|           4|           1|
    |w_4_fu_633_p2        |     +    |      0|  17|   9|           4|           1|
    |tmp_38_fu_414_p2     |     -    |      0|  32|  14|           9|           9|
    |tmp_48_fu_546_p2     |     -    |      0|  35|  15|          10|          10|
    |exitcond1_fu_481_p2  |   icmp   |      0|   0|   1|           2|           2|
    |exitcond2_fu_469_p2  |   icmp   |      0|   0|   2|           4|           4|
    |exitcond3_fu_424_p2  |   icmp   |      0|   0|   2|           4|           4|
    |exitcond4_fu_356_p2  |   icmp   |      0|   0|   3|           6|           6|
    |exitcond5_fu_325_p2  |   icmp   |      0|   0|   2|           4|           4|
    |exitcond6_fu_280_p2  |   icmp   |      0|   0|   2|           4|           4|
    |exitcond7_fu_233_p2  |   icmp   |      0|   0|   3|           6|           6|
    |exitcond_fu_579_p2   |   icmp   |      0|   0|   1|           2|           2|
    +---------------------+----------+-------+----+----+------------+------------+
    |Total                |          |      0| 786| 372|         249|         225|
    +---------------------+----------+-------+----+----+------------+------------+

    * Multiplexer: 
    +-------------------+-----+-----------+-----+-----------+
    |        Name       | LUT | Input Size| Bits| Total Bits|
    +-------------------+-----+-----------+-----+-----------+
    |ap_NS_fsm          |  137|         30|    1|         30|
    |co1_reg_142        |    9|          2|    6|         12|
    |co_reg_108         |    9|          2|    6|         12|
    |grp_fu_223_p0      |   15|          3|   32|         96|
    |grp_fu_223_p1      |   15|          3|   32|         96|
    |h2_reg_153         |    9|          2|    4|          8|
    |h_reg_119          |    9|          2|    4|          8|
    |m_reg_189          |    9|          2|    2|          4|
    |n_reg_212          |    9|          2|    2|          4|
    |output_r_address0  |   21|          4|   13|         52|
    |output_r_d0        |   15|          3|   32|         96|
    |sum_1_reg_200      |    9|          2|   32|         64|
    |sum_reg_177        |    9|          2|   32|         64|
    |w3_reg_165         |    9|          2|    4|          8|
    |w_reg_131          |    9|          2|    4|          8|
    +-------------------+-----+-----------+-----+-----------+
    |Total              |  293|         63|  206|        562|
    +-------------------+-----+-----------+-----+-----------+

    * Register: 
    +-----------------------+----+----+-----+-----------+
    |          Name         | FF | LUT| Bits| Const Bits|
    +-----------------------+----+----+-----+-----------+
    |ap_CS_fsm              |  29|   0|   29|          0|
    |bias_addr_reg_652      |   6|   0|    6|          0|
    |co1_reg_142            |   6|   0|    6|          0|
    |co_3_reg_642           |   6|   0|    6|          0|
    |co_4_reg_686           |   6|   0|    6|          0|
    |co_reg_108             |   6|   0|    6|          0|
    |h2_reg_153             |   4|   0|    4|          0|
    |h_reg_119              |   4|   0|    4|          0|
    |input_load_reg_786     |  32|   0|   32|          0|
    |m_2_reg_721            |   2|   0|    2|          0|
    |m_reg_189              |   2|   0|    2|          0|
    |n_2_reg_756            |   2|   0|    2|          0|
    |n_reg_212              |   2|   0|    2|          0|
    |output_addr_2_reg_738  |  13|   0|   13|          0|
    |output_load_reg_801    |  32|   0|   32|          0|
    |sum_1_reg_200          |  32|   0|   32|          0|
    |sum_reg_177            |  32|   0|   32|          0|
    |tmp_19_reg_811         |  32|   0|   32|          0|
    |tmp_26_reg_791         |  32|   0|   32|          0|
    |tmp_33_reg_647         |   9|   0|   10|          1|
    |tmp_36_reg_691         |   9|   0|   10|          1|
    |tmp_40_reg_660         |  13|   0|   14|          1|
    |tmp_43_reg_705         |  13|   0|   14|          1|
    |tmp_44_reg_668         |  14|   0|   14|          0|
    |tmp_46_reg_726         |  10|   0|   10|          0|
    |tmp_48_reg_743         |  10|   0|   10|          0|
    |tmp_49_reg_732         |  10|   0|   10|          0|
    |tmp_52_cast_reg_697    |  10|   0|   10|          0|
    |tmp_52_reg_748         |  13|   0|   14|          1|
    |tmp_53_reg_761         |  10|   0|   10|          0|
    |tmp_54_reg_766         |  14|   0|   14|          0|
    |w3_reg_165             |   4|   0|    4|          0|
    |w_3_reg_673            |   4|   0|    4|          0|
    |w_4_reg_806            |   4|   0|    4|          0|
    |w_reg_131              |   4|   0|    4|          0|
    |weight_load_reg_781    |  32|   0|   32|          0|
    +-----------------------+----+----+-----+-----------+
    |Total                  | 463|   0|  468|          5|
    +-----------------------+----+----+-----+-----------+



================================================================
== Interface
================================================================
* Summary: 
+-------------------+-----+-----+------------+----------------------+--------------+
|     RTL Ports     | Dir | Bits|  Protocol  |     Source Object    |    C Type    |
+-------------------+-----+-----+------------+----------------------+--------------+
|ap_clk             |  in |    1| ap_ctrl_hs | subconv_3x3_8_no_rel | return value |
|ap_rst             |  in |    1| ap_ctrl_hs | subconv_3x3_8_no_rel | return value |
|ap_start           |  in |    1| ap_ctrl_hs | subconv_3x3_8_no_rel | return value |
|ap_done            | out |    1| ap_ctrl_hs | subconv_3x3_8_no_rel | return value |
|ap_idle            | out |    1| ap_ctrl_hs | subconv_3x3_8_no_rel | return value |
|ap_ready           | out |    1| ap_ctrl_hs | subconv_3x3_8_no_rel | return value |
|input_r_address0   | out |   13|  ap_memory |        input_r       |     array    |
|input_r_ce0        | out |    1|  ap_memory |        input_r       |     array    |
|input_r_q0         |  in |   32|  ap_memory |        input_r       |     array    |
|weight_address0    | out |    9|  ap_memory |        weight        |     array    |
|weight_ce0         | out |    1|  ap_memory |        weight        |     array    |
|weight_q0          |  in |   32|  ap_memory |        weight        |     array    |
|bias_address0      | out |    6|  ap_memory |         bias         |     array    |
|bias_ce0           | out |    1|  ap_memory |         bias         |     array    |
|bias_q0            |  in |   32|  ap_memory |         bias         |     array    |
|output_r_address0  | out |   13|  ap_memory |       output_r       |     array    |
|output_r_ce0       | out |    1|  ap_memory |       output_r       |     array    |
|output_r_we0       | out |    1|  ap_memory |       output_r       |     array    |
|output_r_d0        | out |   32|  ap_memory |       output_r       |     array    |
|output_r_q0        |  in |   32|  ap_memory |       output_r       |     array    |
+-------------------+-----+-----+------------+----------------------+--------------+

