

================================================================
== Vivado HLS Report for 'fc'
================================================================
* Date:           Fri Dec 21 19:49:11 2018

* Version:        2017.2 (Build 1909853 on Thu Jun 15 18:55:24 MDT 2017)
* Project:        acceleartor_hls_padding
* Solution:       try_single_function
* Product family: zynq
* Target device:  xc7z020clg484-1


================================================================
== Performance Estimates
================================================================
+ Timing (ns): 
    * Summary: 
    +--------+-------+----------+------------+
    |  Clock | Target| Estimated| Uncertainty|
    +--------+-------+----------+------------+
    |ap_clk  |  10.00|      8.75|        1.25|
    +--------+-------+----------+------------+

+ Latency (clock cycles): 
    * Summary: 
    +-------+-------+-------+-------+---------+
    |    Latency    |    Interval   | Pipeline|
    |  min  |  max  |  min  |  max  |   Type  |
    +-------+-------+-------+-------+---------+
    |  30845|  30845|  30845|  30845|   none  |
    +-------+-------+-------+-------+---------+

    + Detail: 
        * Instance: 
        N/A

        * Loop: 
        +-------------+-------+-------+----------+-----------+-----------+------+----------+
        |             |    Latency    | Iteration|  Initiation Interval  | Trip |          |
        |  Loop Name  |  min  |  max  |  Latency |  achieved |   target  | Count| Pipelined|
        +-------------+-------+-------+----------+-----------+-----------+------+----------+
        |- Loop 1     |  30840|  30840|      3084|          -|          -|    10|    no    |
        | + Loop 1.1  |   3072|   3072|         6|          -|          -|   512|    no    |
        +-------------+-------+-------+----------+-----------+-----------+------+----------+



================================================================
== Utilization Estimates
================================================================
* Summary: 
+-----------------+---------+-------+--------+-------+
|       Name      | BRAM_18K| DSP48E|   FF   |  LUT  |
+-----------------+---------+-------+--------+-------+
|DSP              |        -|      -|       -|      -|
|Expression       |        -|      0|     296|    290|
|FIFO             |        -|      -|       -|      -|
|Instance         |        -|      -|       -|      -|
|Memory           |        -|      -|       -|      -|
|Multiplexer      |        -|      -|       -|    212|
|Register         |        -|      -|     180|      -|
+-----------------+---------+-------+--------+-------+
|Total            |        0|      0|     476|    502|
+-----------------+---------+-------+--------+-------+
|Available        |      280|    220|  106400|  53200|
+-----------------+---------+-------+--------+-------+
|Utilization (%)  |        0|      0|   ~0   |   ~0  |
+-----------------+---------+-------+--------+-------+

+ Detail: 
    * Instance: 
    N/A

    * DSP48: 
    N/A

    * Memory: 
    N/A

    * FIFO: 
    N/A

    * Expression: 
    +--------------------------------+----------+-------+-----+----+------------+------------+
    |          Variable Name         | Operation| DSP48E|  FF | LUT| Bitwidth P0| Bitwidth P1|
    +--------------------------------+----------+-------+-----+----+------------+------------+
    |p_Val2_56_fu_272_p2             |     *    |      0|    0|  62|           8|           8|
    |ci_14_fu_260_p2                 |     +    |      0|   35|  15|          10|           1|
    |co_33_fu_228_p2                 |     +    |      0|   17|   9|           4|           1|
    |p_Val2_54_fu_501_p2             |     +    |      0|   32|  14|           9|           9|
    |p_Val2_57_fu_298_p2             |     +    |      0|   53|  21|          16|          16|
    |p_Val2_59_fu_332_p2             |     +    |      0|   29|  13|           8|           8|
    |result_V_fu_515_p2              |     +    |      0|   29|  13|           8|           8|
    |tmp_2067_fu_238_p2              |     +    |      0|  101|  37|          32|          32|
    |brmerge40_demorgan_i_fu_437_p2  |    and   |      0|    0|   2|           1|           1|
    |carry_fu_352_p2                 |    and   |      0|    0|   2|           1|           1|
    |overflow_fu_431_p2              |    and   |      0|    0|   2|           1|           1|
    |p_38_i_i_fu_410_p2              |    and   |      0|    0|   2|           1|           1|
    |p_41_i_i_fu_398_p2              |    and   |      0|    0|   2|           1|           1|
    |underflow_9_fu_534_p2           |    and   |      0|    0|   2|           1|           1|
    |underflow_fu_454_p2             |    and   |      0|    0|   2|           1|           1|
    |Range1_all_ones_fu_375_p2       |   icmp   |      0|    0|   1|           2|           2|
    |Range1_all_zeros_fu_380_p2      |   icmp   |      0|    0|   1|           2|           1|
    |exitcond42_fu_222_p2            |   icmp   |      0|    0|   2|           4|           4|
    |exitcond_fu_254_p2              |   icmp   |      0|    0|   6|          10|          11|
    |brmerge1_fu_552_p2              |    or    |      0|    0|   2|           1|           1|
    |brmerge_i_i1_fu_421_p2          |    or    |      0|    0|   2|           1|           1|
    |brmerge_i_i_i_fu_459_p2         |    or    |      0|    0|   2|           1|           1|
    |tmp2_demorgan_fu_442_p2         |    or    |      0|    0|   2|           1|           1|
    |tmp3_fu_465_p2                  |    or    |      0|    0|   2|           1|           1|
    |underflow_not_fu_469_p2         |    or    |      0|    0|   2|           1|           1|
    |deleted_ones_fu_403_p3          |  select  |      0|    0|   2|           1|           1|
    |deleted_zeros_fu_385_p3         |  select  |      0|    0|   2|           1|           1|
    |p_Val2_179_mux_fu_474_p3        |  select  |      0|    0|   8|           1|           7|
    |p_Val2_s_472_fu_480_p3          |  select  |      0|    0|   9|           1|           9|
    |p_result_V_fu_566_p3            |  select  |      0|    0|   9|           1|           9|
    |result_1_fu_574_p3              |  select  |      0|    0|   8|           1|           8|
    |result_V_mux_fu_558_p3          |  select  |      0|    0|   8|           1|           7|
    |sum_V_fu_486_p3                 |  select  |      0|    0|   8|           1|           8|
    |brmerge_i_i_fu_540_p2           |    xor   |      0|    0|   2|           1|           1|
    |isneg_not_fu_546_p2             |    xor   |      0|    0|   2|           1|           2|
    |p_not_i_i_fu_415_p2             |    xor   |      0|    0|   2|           1|           2|
    |tmp2_fu_448_p2                  |    xor   |      0|    0|   2|           1|           2|
    |tmp_131_fu_528_p2               |    xor   |      0|    0|   2|           1|           2|
    |tmp_132_fu_346_p2               |    xor   |      0|    0|   2|           1|           2|
    |tmp_133_fu_392_p2               |    xor   |      0|    0|   2|           1|           2|
    |tmp_135_fu_426_p2               |    xor   |      0|    0|   2|           1|           2|
    +--------------------------------+----------+-------+-----+----+------------+------------+
    |Total                           |          |      0|  296| 290|         142|         179|
    +--------------------------------+----------+-------+-----+----+------------+------------+

    * Multiplexer: 
    +---------------------------------------+-----+-----------+-----+-----------+
    |                  Name                 | LUT | Input Size| Bits| Total Bits|
    +---------------------------------------+-----+-----------+-----+-----------+
    |ap_NS_fsm                              |  113|         23|    1|         23|
    |ap_sig_ioackin_m_axi_output_V_AWREADY  |    9|          2|    1|          2|
    |ap_sig_ioackin_m_axi_output_V_WREADY   |    9|          2|    1|          2|
    |ap_sig_ioackin_m_axi_weight_V_ARREADY  |    9|          2|    1|          2|
    |ci_reg_192                             |    9|          2|   10|         20|
    |co_reg_169                             |    9|          2|    4|          8|
    |output_V_blk_n_AW                      |    9|          2|    1|          2|
    |output_V_blk_n_B                       |    9|          2|    1|          2|
    |output_V_blk_n_W                       |    9|          2|    1|          2|
    |p_Val2_s_reg_180                       |    9|          2|    8|         16|
    |weight_V_blk_n_AR                      |    9|          2|    1|          2|
    |weight_V_blk_n_R                       |    9|          2|    1|          2|
    +---------------------------------------+-----+-----------+-----+-----------+
    |Total                                  |  212|         45|   31|         83|
    +---------------------------------------+-----+-----------+-----+-----------+

    * Register: 
    +---------------------------------------+----+----+-----+-----------+
    |                  Name                 | FF | LUT| Bits| Const Bits|
    +---------------------------------------+----+----+-----+-----------+
    |ap_CS_fsm                              |  22|   0|   22|          0|
    |ap_reg_ioackin_m_axi_output_V_AWREADY  |   1|   0|    1|          0|
    |ap_reg_ioackin_m_axi_output_V_WREADY   |   1|   0|    1|          0|
    |ap_reg_ioackin_m_axi_weight_V_ARREADY  |   1|   0|    1|          0|
    |avgpool_output_V_loa_reg_634           |   8|   0|    8|          0|
    |brmerge40_demorgan_i_reg_696           |   1|   0|    1|          0|
    |brmerge_i_i_i_reg_706                  |   1|   0|    1|          0|
    |carry_reg_673                          |   1|   0|    1|          0|
    |ci_14_reg_614                          |  10|   0|   10|          0|
    |ci_reg_192                             |  10|   0|   10|          0|
    |co_33_reg_600                          |   4|   0|    4|          0|
    |co_cast5_reg_592                       |   4|   0|   32|         28|
    |co_reg_169                             |   4|   0|    4|          0|
    |newsignbit_reg_667                     |   1|   0|    1|          0|
    |p_38_i_i_reg_686                       |   1|   0|    1|          0|
    |p_Val2_53_reg_716                      |   8|   0|    8|          0|
    |p_Val2_56_reg_639                      |  16|   0|   16|          0|
    |p_Val2_57_reg_649                      |  16|   0|   16|          0|
    |p_Val2_59_reg_661                      |   8|   0|    8|          0|
    |p_Val2_s_reg_180                       |   8|   0|    8|          0|
    |result_1_reg_722                       |   8|   0|    8|          0|
    |signbit_reg_654                        |   1|   0|    1|          0|
    |tmp_135_reg_691                        |   1|   0|    1|          0|
    |tmp_2071_reg_644                       |   1|   0|    1|          0|
    |tmp_242_reg_680                        |   2|   0|    2|          0|
    |underflow_reg_701                      |   1|   0|    1|          0|
    |weight_V_addr_read_reg_629             |   8|   0|    8|          0|
    |weight_V_addr_reg_605                  |  32|   0|   32|          0|
    +---------------------------------------+----+----+-----+-----------+
    |Total                                  | 180|   0|  208|         28|
    +---------------------------------------+----+----+-----+-----------+



================================================================
== Interface
================================================================
* Summary: 
+---------------------------+-----+-----+------------+------------------+--------------+
|         RTL Ports         | Dir | Bits|  Protocol  |   Source Object  |    C Type    |
+---------------------------+-----+-----+------------+------------------+--------------+
|ap_clk                     |  in |    1| ap_ctrl_hs |        fc        | return value |
|ap_rst                     |  in |    1| ap_ctrl_hs |        fc        | return value |
|ap_start                   |  in |    1| ap_ctrl_hs |        fc        | return value |
|ap_done                    | out |    1| ap_ctrl_hs |        fc        | return value |
|ap_idle                    | out |    1| ap_ctrl_hs |        fc        | return value |
|ap_ready                   | out |    1| ap_ctrl_hs |        fc        | return value |
|m_axi_weight_V_AWVALID     | out |    1|    m_axi   |     weight_V     |    pointer   |
|m_axi_weight_V_AWREADY     |  in |    1|    m_axi   |     weight_V     |    pointer   |
|m_axi_weight_V_AWADDR      | out |   32|    m_axi   |     weight_V     |    pointer   |
|m_axi_weight_V_AWID        | out |    1|    m_axi   |     weight_V     |    pointer   |
|m_axi_weight_V_AWLEN       | out |   32|    m_axi   |     weight_V     |    pointer   |
|m_axi_weight_V_AWSIZE      | out |    3|    m_axi   |     weight_V     |    pointer   |
|m_axi_weight_V_AWBURST     | out |    2|    m_axi   |     weight_V     |    pointer   |
|m_axi_weight_V_AWLOCK      | out |    2|    m_axi   |     weight_V     |    pointer   |
|m_axi_weight_V_AWCACHE     | out |    4|    m_axi   |     weight_V     |    pointer   |
|m_axi_weight_V_AWPROT      | out |    3|    m_axi   |     weight_V     |    pointer   |
|m_axi_weight_V_AWQOS       | out |    4|    m_axi   |     weight_V     |    pointer   |
|m_axi_weight_V_AWREGION    | out |    4|    m_axi   |     weight_V     |    pointer   |
|m_axi_weight_V_AWUSER      | out |    1|    m_axi   |     weight_V     |    pointer   |
|m_axi_weight_V_WVALID      | out |    1|    m_axi   |     weight_V     |    pointer   |
|m_axi_weight_V_WREADY      |  in |    1|    m_axi   |     weight_V     |    pointer   |
|m_axi_weight_V_WDATA       | out |    8|    m_axi   |     weight_V     |    pointer   |
|m_axi_weight_V_WSTRB       | out |    1|    m_axi   |     weight_V     |    pointer   |
|m_axi_weight_V_WLAST       | out |    1|    m_axi   |     weight_V     |    pointer   |
|m_axi_weight_V_WID         | out |    1|    m_axi   |     weight_V     |    pointer   |
|m_axi_weight_V_WUSER       | out |    1|    m_axi   |     weight_V     |    pointer   |
|m_axi_weight_V_ARVALID     | out |    1|    m_axi   |     weight_V     |    pointer   |
|m_axi_weight_V_ARREADY     |  in |    1|    m_axi   |     weight_V     |    pointer   |
|m_axi_weight_V_ARADDR      | out |   32|    m_axi   |     weight_V     |    pointer   |
|m_axi_weight_V_ARID        | out |    1|    m_axi   |     weight_V     |    pointer   |
|m_axi_weight_V_ARLEN       | out |   32|    m_axi   |     weight_V     |    pointer   |
|m_axi_weight_V_ARSIZE      | out |    3|    m_axi   |     weight_V     |    pointer   |
|m_axi_weight_V_ARBURST     | out |    2|    m_axi   |     weight_V     |    pointer   |
|m_axi_weight_V_ARLOCK      | out |    2|    m_axi   |     weight_V     |    pointer   |
|m_axi_weight_V_ARCACHE     | out |    4|    m_axi   |     weight_V     |    pointer   |
|m_axi_weight_V_ARPROT      | out |    3|    m_axi   |     weight_V     |    pointer   |
|m_axi_weight_V_ARQOS       | out |    4|    m_axi   |     weight_V     |    pointer   |
|m_axi_weight_V_ARREGION    | out |    4|    m_axi   |     weight_V     |    pointer   |
|m_axi_weight_V_ARUSER      | out |    1|    m_axi   |     weight_V     |    pointer   |
|m_axi_weight_V_RVALID      |  in |    1|    m_axi   |     weight_V     |    pointer   |
|m_axi_weight_V_RREADY      | out |    1|    m_axi   |     weight_V     |    pointer   |
|m_axi_weight_V_RDATA       |  in |    8|    m_axi   |     weight_V     |    pointer   |
|m_axi_weight_V_RLAST       |  in |    1|    m_axi   |     weight_V     |    pointer   |
|m_axi_weight_V_RID         |  in |    1|    m_axi   |     weight_V     |    pointer   |
|m_axi_weight_V_RUSER       |  in |    1|    m_axi   |     weight_V     |    pointer   |
|m_axi_weight_V_RRESP       |  in |    2|    m_axi   |     weight_V     |    pointer   |
|m_axi_weight_V_BVALID      |  in |    1|    m_axi   |     weight_V     |    pointer   |
|m_axi_weight_V_BREADY      | out |    1|    m_axi   |     weight_V     |    pointer   |
|m_axi_weight_V_BRESP       |  in |    2|    m_axi   |     weight_V     |    pointer   |
|m_axi_weight_V_BID         |  in |    1|    m_axi   |     weight_V     |    pointer   |
|m_axi_weight_V_BUSER       |  in |    1|    m_axi   |     weight_V     |    pointer   |
|fc_weight_V11              |  in |   32|   ap_none  |   fc_weight_V11  |    scalar    |
|bias_V_address0            | out |    4|  ap_memory |      bias_V      |     array    |
|bias_V_ce0                 | out |    1|  ap_memory |      bias_V      |     array    |
|bias_V_q0                  |  in |    8|  ap_memory |      bias_V      |     array    |
|m_axi_output_V_AWVALID     | out |    1|    m_axi   |     output_V     |    pointer   |
|m_axi_output_V_AWREADY     |  in |    1|    m_axi   |     output_V     |    pointer   |
|m_axi_output_V_AWADDR      | out |   32|    m_axi   |     output_V     |    pointer   |
|m_axi_output_V_AWID        | out |    1|    m_axi   |     output_V     |    pointer   |
|m_axi_output_V_AWLEN       | out |   32|    m_axi   |     output_V     |    pointer   |
|m_axi_output_V_AWSIZE      | out |    3|    m_axi   |     output_V     |    pointer   |
|m_axi_output_V_AWBURST     | out |    2|    m_axi   |     output_V     |    pointer   |
|m_axi_output_V_AWLOCK      | out |    2|    m_axi   |     output_V     |    pointer   |
|m_axi_output_V_AWCACHE     | out |    4|    m_axi   |     output_V     |    pointer   |
|m_axi_output_V_AWPROT      | out |    3|    m_axi   |     output_V     |    pointer   |
|m_axi_output_V_AWQOS       | out |    4|    m_axi   |     output_V     |    pointer   |
|m_axi_output_V_AWREGION    | out |    4|    m_axi   |     output_V     |    pointer   |
|m_axi_output_V_AWUSER      | out |    1|    m_axi   |     output_V     |    pointer   |
|m_axi_output_V_WVALID      | out |    1|    m_axi   |     output_V     |    pointer   |
|m_axi_output_V_WREADY      |  in |    1|    m_axi   |     output_V     |    pointer   |
|m_axi_output_V_WDATA       | out |    8|    m_axi   |     output_V     |    pointer   |
|m_axi_output_V_WSTRB       | out |    1|    m_axi   |     output_V     |    pointer   |
|m_axi_output_V_WLAST       | out |    1|    m_axi   |     output_V     |    pointer   |
|m_axi_output_V_WID         | out |    1|    m_axi   |     output_V     |    pointer   |
|m_axi_output_V_WUSER       | out |    1|    m_axi   |     output_V     |    pointer   |
|m_axi_output_V_ARVALID     | out |    1|    m_axi   |     output_V     |    pointer   |
|m_axi_output_V_ARREADY     |  in |    1|    m_axi   |     output_V     |    pointer   |
|m_axi_output_V_ARADDR      | out |   32|    m_axi   |     output_V     |    pointer   |
|m_axi_output_V_ARID        | out |    1|    m_axi   |     output_V     |    pointer   |
|m_axi_output_V_ARLEN       | out |   32|    m_axi   |     output_V     |    pointer   |
|m_axi_output_V_ARSIZE      | out |    3|    m_axi   |     output_V     |    pointer   |
|m_axi_output_V_ARBURST     | out |    2|    m_axi   |     output_V     |    pointer   |
|m_axi_output_V_ARLOCK      | out |    2|    m_axi   |     output_V     |    pointer   |
|m_axi_output_V_ARCACHE     | out |    4|    m_axi   |     output_V     |    pointer   |
|m_axi_output_V_ARPROT      | out |    3|    m_axi   |     output_V     |    pointer   |
|m_axi_output_V_ARQOS       | out |    4|    m_axi   |     output_V     |    pointer   |
|m_axi_output_V_ARREGION    | out |    4|    m_axi   |     output_V     |    pointer   |
|m_axi_output_V_ARUSER      | out |    1|    m_axi   |     output_V     |    pointer   |
|m_axi_output_V_RVALID      |  in |    1|    m_axi   |     output_V     |    pointer   |
|m_axi_output_V_RREADY      | out |    1|    m_axi   |     output_V     |    pointer   |
|m_axi_output_V_RDATA       |  in |    8|    m_axi   |     output_V     |    pointer   |
|m_axi_output_V_RLAST       |  in |    1|    m_axi   |     output_V     |    pointer   |
|m_axi_output_V_RID         |  in |    1|    m_axi   |     output_V     |    pointer   |
|m_axi_output_V_RUSER       |  in |    1|    m_axi   |     output_V     |    pointer   |
|m_axi_output_V_RRESP       |  in |    2|    m_axi   |     output_V     |    pointer   |
|m_axi_output_V_BVALID      |  in |    1|    m_axi   |     output_V     |    pointer   |
|m_axi_output_V_BREADY      | out |    1|    m_axi   |     output_V     |    pointer   |
|m_axi_output_V_BRESP       |  in |    2|    m_axi   |     output_V     |    pointer   |
|m_axi_output_V_BID         |  in |    1|    m_axi   |     output_V     |    pointer   |
|m_axi_output_V_BUSER       |  in |    1|    m_axi   |     output_V     |    pointer   |
|fc_output_V15              |  in |   32|   ap_none  |   fc_output_V15  |    scalar    |
|avgpool_output_V_address0  | out |    9|  ap_memory | avgpool_output_V |     array    |
|avgpool_output_V_ce0       | out |    1|  ap_memory | avgpool_output_V |     array    |
|avgpool_output_V_q0        |  in |    8|  ap_memory | avgpool_output_V |     array    |
+---------------------------+-----+-----+------------+------------------+--------------+

