

================================================================
== Vivado HLS Report for 'shuffle_96_l_p'
================================================================
* Date:           Sat Dec 22 04:11:30 2018

* Version:        2017.2 (Build 1909853 on Thu Jun 15 18:55:24 MDT 2017)
* Project:        acceleartor_hls_final_solution
* Solution:       final_solution
* Product family: zynq
* Target device:  xc7z020clg484-1


================================================================
== Performance Estimates
================================================================
+ Timing (ns): 
    * Summary: 
    +--------+-------+----------+------------+
    |  Clock | Target| Estimated| Uncertainty|
    +--------+-------+----------+------------+
    |ap_clk  |  10.00|      6.77|        1.25|
    +--------+-------+----------+------------+

+ Latency (clock cycles): 
    * Summary: 
    +-------+-------+-------+-------+---------+
    |    Latency    |    Interval   | Pipeline|
    |  min  |  max  |  min  |  max  |   Type  |
    +-------+-------+-------+-------+---------+
    |  18433|  25345|  18433|  25345|   none  |
    +-------+-------+-------+-------+---------+

    + Detail: 
        * Instance: 
        N/A

        * Loop: 
        +-----------------+-------+-------+----------+-----------+-----------+------+----------+
        |                 |    Latency    | Iteration|  Initiation Interval  | Trip |          |
        |    Loop Name    |  min  |  max  |  Latency |  achieved |   target  | Count| Pipelined|
        +-----------------+-------+-------+----------+-----------+-----------+------+----------+
        |- Loop 1         |  18432|  25344| 96 ~ 132 |          -|          -|   192|    no    |
        | + Loop 1.1      |     84|    120|  14 ~ 20 |          -|          -|     6|    no    |
        |  ++ Loop 1.1.1  |     12|     18|   2 ~ 3  |          -|          -|     6|    no    |
        +-----------------+-------+-------+----------+-----------+-----------+------+----------+

============================================================
+ Verbose Summary: Synthesis Manager
============================================================
InlineROM: 1
ExposeGlobal: 0
============================================================
+ Verbose Summary: CDFG Model
============================================================
IsTopModel: 0
ResetActiveHigh: 1
IsCombinational: 0
IsDatapathOnly: 0
HasWiredReturn: 1
HasMFsm: 0
HasVarLatency: 1
IsPipeline: 0
IsRtlPipelined: 0
IsInstanceOverlapped: 0
IsDontTouch: 0
HasImplIP: 0
IsGatedGlobalClock: 0


============================================================
+ Verbose Summary: Schedule
============================================================
* Number of FSM states: 16
* Pipeline: 0
* Dataflow Pipeline: 0

* FSM state transitions: 
1 --> 
	2  / true
2 --> 
	3  / (!exitcond3)
3 --> 
	4  / true
4 --> 
	5  / true
5 --> 
	6  / true
6 --> 
	7  / true
7 --> 
	8  / true
8 --> 
	9  / true
9 --> 
	10  / true
10 --> 
	11  / true
11 --> 
	12  / true
12 --> 
	13  / true
13 --> 
	14  / (!exitcond2)
	2  / (exitcond2)
14 --> 
	15  / (!exitcond & !tmp_1481)
	16  / (!exitcond & tmp_1481)
	13  / (exitcond)
15 --> 
	16  / true
16 --> 
	14  / true
* FSM state operations: 

 <State 1>: 1.59ns
ST_1: StgValue_17 (14)  [1/1] 1.59ns  loc: acceleartor_hls_final_solution/components.cpp:1270
:0  br label %.loopexit


 <State 2>: 6.77ns
ST_2: co (16)  [1/1] 0.00ns
.loopexit:0  %co = phi i8 [ 0, %0 ], [ %co_25, %.loopexit.loopexit ]

ST_2: tmp_1481 (17)  [1/1] 0.00ns  loc: acceleartor_hls_final_solution/components.cpp:1270
.loopexit:1  %tmp_1481 = trunc i8 %co to i1

ST_2: tmp_s (18)  [1/1] 0.00ns  loc: acceleartor_hls_final_solution/components.cpp:1270
.loopexit:2  %tmp_s = call i11 @_ssdm_op_BitConcatenate.i11.i8.i3(i8 %co, i3 0)

ST_2: p_shl_cast (19)  [1/1] 0.00ns  loc: acceleartor_hls_final_solution/components.cpp:1270
.loopexit:3  %p_shl_cast = zext i11 %tmp_s to i12

ST_2: tmp_451 (20)  [1/1] 0.00ns  loc: acceleartor_hls_final_solution/components.cpp:1270
.loopexit:4  %tmp_451 = call i9 @_ssdm_op_BitConcatenate.i9.i8.i1(i8 %co, i1 false)

ST_2: p_shl1_cast (21)  [1/1] 0.00ns  loc: acceleartor_hls_final_solution/components.cpp:1273
.loopexit:5  %p_shl1_cast = zext i9 %tmp_451 to i12

ST_2: tmp_452 (22)  [1/1] 2.33ns  loc: acceleartor_hls_final_solution/components.cpp:1273
.loopexit:6  %tmp_452 = sub i12 %p_shl_cast, %p_shl1_cast

ST_2: tmp_1393_cast (23)  [1/1] 0.00ns  loc: acceleartor_hls_final_solution/components.cpp:1273
.loopexit:7  %tmp_1393_cast = sext i12 %tmp_452 to i13

ST_2: exitcond3 (24)  [1/1] 2.91ns  loc: acceleartor_hls_final_solution/components.cpp:1270
.loopexit:8  %exitcond3 = icmp eq i8 %co, -64

ST_2: empty (25)  [1/1] 0.00ns
.loopexit:9  %empty = call i32 (...)* @_ssdm_op_SpecLoopTripCount(i64 192, i64 192, i64 192)

ST_2: co_25 (26)  [1/1] 2.32ns  loc: acceleartor_hls_final_solution/components.cpp:1270
.loopexit:10  %co_25 = add i8 1, %co

ST_2: StgValue_29 (27)  [1/1] 0.00ns  loc: acceleartor_hls_final_solution/components.cpp:1270
.loopexit:11  br i1 %exitcond3, label %3, label %.preheader4.preheader

ST_2: p_lshr_f_cast (29)  [1/1] 0.00ns  loc: acceleartor_hls_final_solution/components.cpp:1273
.preheader4.preheader:0  %p_lshr_f_cast = call i7 @_ssdm_op_PartSelect.i7.i8.i32.i32(i8 %co, i32 1, i32 7)

ST_2: arrayNo (30)  [11/11] 3.29ns  loc: acceleartor_hls_final_solution/components.cpp:1273
.preheader4.preheader:1  %arrayNo = urem i7 %p_lshr_f_cast, 12

ST_2: zext_cast (32)  [1/1] 0.00ns  loc: acceleartor_hls_final_solution/components.cpp:1273
.preheader4.preheader:3  %zext_cast = zext i7 %p_lshr_f_cast to i16

ST_2: mul (33)  [1/1] 6.77ns  loc: acceleartor_hls_final_solution/components.cpp:1273
.preheader4.preheader:4  %mul = mul i16 %zext_cast, 171

ST_2: tmp_1482 (34)  [1/1] 0.00ns  loc: acceleartor_hls_final_solution/components.cpp:1273
.preheader4.preheader:5  %tmp_1482 = call i5 @_ssdm_op_PartSelect.i5.i16.i32.i32(i16 %mul, i32 11, i32 15)

ST_2: StgValue_35 (115)  [1/1] 0.00ns  loc: acceleartor_hls_final_solution/components.cpp:1278
:0  ret void


 <State 3>: 3.29ns
ST_3: arrayNo (30)  [10/11] 3.29ns  loc: acceleartor_hls_final_solution/components.cpp:1273
.preheader4.preheader:1  %arrayNo = urem i7 %p_lshr_f_cast, 12


 <State 4>: 3.29ns
ST_4: arrayNo (30)  [9/11] 3.29ns  loc: acceleartor_hls_final_solution/components.cpp:1273
.preheader4.preheader:1  %arrayNo = urem i7 %p_lshr_f_cast, 12


 <State 5>: 3.29ns
ST_5: arrayNo (30)  [8/11] 3.29ns  loc: acceleartor_hls_final_solution/components.cpp:1273
.preheader4.preheader:1  %arrayNo = urem i7 %p_lshr_f_cast, 12


 <State 6>: 3.29ns
ST_6: arrayNo (30)  [7/11] 3.29ns  loc: acceleartor_hls_final_solution/components.cpp:1273
.preheader4.preheader:1  %arrayNo = urem i7 %p_lshr_f_cast, 12


 <State 7>: 3.29ns
ST_7: arrayNo (30)  [6/11] 3.29ns  loc: acceleartor_hls_final_solution/components.cpp:1273
.preheader4.preheader:1  %arrayNo = urem i7 %p_lshr_f_cast, 12


 <State 8>: 3.29ns
ST_8: arrayNo (30)  [5/11] 3.29ns  loc: acceleartor_hls_final_solution/components.cpp:1273
.preheader4.preheader:1  %arrayNo = urem i7 %p_lshr_f_cast, 12


 <State 9>: 3.29ns
ST_9: arrayNo (30)  [4/11] 3.29ns  loc: acceleartor_hls_final_solution/components.cpp:1273
.preheader4.preheader:1  %arrayNo = urem i7 %p_lshr_f_cast, 12


 <State 10>: 3.29ns
ST_10: arrayNo (30)  [3/11] 3.29ns  loc: acceleartor_hls_final_solution/components.cpp:1273
.preheader4.preheader:1  %arrayNo = urem i7 %p_lshr_f_cast, 12


 <State 11>: 3.29ns
ST_11: arrayNo (30)  [2/11] 3.29ns  loc: acceleartor_hls_final_solution/components.cpp:1273
.preheader4.preheader:1  %arrayNo = urem i7 %p_lshr_f_cast, 12


 <State 12>: 3.29ns
ST_12: arrayNo (30)  [1/11] 3.29ns  loc: acceleartor_hls_final_solution/components.cpp:1273
.preheader4.preheader:1  %arrayNo = urem i7 %p_lshr_f_cast, 12

ST_12: arrayNo_cast (31)  [1/1] 0.00ns  loc: acceleartor_hls_final_solution/components.cpp:1273
.preheader4.preheader:2  %arrayNo_cast = zext i7 %arrayNo to i9

ST_12: tmp_1483 (35)  [1/1] 0.00ns  loc: acceleartor_hls_final_solution/components.cpp:1273
.preheader4.preheader:6  %tmp_1483 = call i8 @_ssdm_op_BitConcatenate.i8.i5.i3(i5 %tmp_1482, i3 0)

ST_12: tmp_453 (36)  [1/1] 0.00ns  loc: acceleartor_hls_final_solution/components.cpp:1273
.preheader4.preheader:7  %tmp_453 = sext i8 %tmp_1483 to i10

ST_12: p_shl2_cast (37)  [1/1] 0.00ns  loc: acceleartor_hls_final_solution/components.cpp:1273
.preheader4.preheader:8  %p_shl2_cast = zext i10 %tmp_453 to i11

ST_12: tmp_1484 (38)  [1/1] 0.00ns  loc: acceleartor_hls_final_solution/components.cpp:1273
.preheader4.preheader:9  %tmp_1484 = call i6 @_ssdm_op_BitConcatenate.i6.i5.i1(i5 %tmp_1482, i1 false)

ST_12: tmp_454 (39)  [1/1] 0.00ns  loc: acceleartor_hls_final_solution/components.cpp:1273
.preheader4.preheader:10  %tmp_454 = sext i6 %tmp_1484 to i8

ST_12: p_shl3_cast (40)  [1/1] 0.00ns  loc: acceleartor_hls_final_solution/components.cpp:1273
.preheader4.preheader:11  %p_shl3_cast = zext i8 %tmp_454 to i11

ST_12: tmp_455 (41)  [1/1] 2.32ns  loc: acceleartor_hls_final_solution/components.cpp:1273
.preheader4.preheader:12  %tmp_455 = sub i11 %p_shl2_cast, %p_shl3_cast

ST_12: tmp_1398_cast (42)  [1/1] 0.00ns  loc: acceleartor_hls_final_solution/components.cpp:1273
.preheader4.preheader:13  %tmp_1398_cast = sext i11 %tmp_455 to i12

ST_12: StgValue_55 (43)  [1/1] 1.59ns  loc: acceleartor_hls_final_solution/components.cpp:1271
.preheader4.preheader:14  br label %.preheader4


 <State 13>: 4.67ns
ST_13: h (45)  [1/1] 0.00ns
.preheader4:0  %h = phi i3 [ 0, %.preheader4.preheader ], [ %h_22, %.preheader4.loopexit ]

ST_13: h_cast2_cast9 (46)  [1/1] 0.00ns  loc: acceleartor_hls_final_solution/components.cpp:1273
.preheader4:1  %h_cast2_cast9 = zext i3 %h to i12

ST_13: h_cast2_cast (47)  [1/1] 0.00ns  loc: acceleartor_hls_final_solution/components.cpp:1273
.preheader4:2  %h_cast2_cast = zext i3 %h to i13

ST_13: tmp_456 (48)  [1/1] 2.33ns  loc: acceleartor_hls_final_solution/components.cpp:1273
.preheader4:3  %tmp_456 = add i13 %h_cast2_cast, %tmp_1393_cast

ST_13: tmp_1485 (49)  [1/1] 0.00ns  loc: acceleartor_hls_final_solution/components.cpp:1273
.preheader4:4  %tmp_1485 = trunc i13 %tmp_456 to i11

ST_13: p_shl6_cast (50)  [1/1] 0.00ns  loc: acceleartor_hls_final_solution/components.cpp:1273
.preheader4:5  %p_shl6_cast = call i14 @_ssdm_op_BitConcatenate.i14.i11.i3(i11 %tmp_1485, i3 0)

ST_13: p_shl7_cast (51)  [1/1] 0.00ns  loc: acceleartor_hls_final_solution/components.cpp:1273
.preheader4:6  %p_shl7_cast = call i14 @_ssdm_op_BitConcatenate.i14.i13.i1(i13 %tmp_456, i1 false)

ST_13: tmp_457 (52)  [1/1] 2.34ns  loc: acceleartor_hls_final_solution/components.cpp:1273
.preheader4:7  %tmp_457 = sub i14 %p_shl6_cast, %p_shl7_cast

ST_13: tmp_458 (53)  [1/1] 2.33ns  loc: acceleartor_hls_final_solution/components.cpp:1273
.preheader4:8  %tmp_458 = add i12 %h_cast2_cast9, %tmp_1398_cast

ST_13: tmp_1486 (54)  [1/1] 0.00ns  loc: acceleartor_hls_final_solution/components.cpp:1273
.preheader4:9  %tmp_1486 = trunc i12 %tmp_458 to i7

ST_13: p_shl4_cast (55)  [1/1] 0.00ns  loc: acceleartor_hls_final_solution/components.cpp:1273
.preheader4:10  %p_shl4_cast = call i10 @_ssdm_op_BitConcatenate.i10.i7.i3(i7 %tmp_1486, i3 0)

ST_13: tmp_1487 (56)  [1/1] 0.00ns  loc: acceleartor_hls_final_solution/components.cpp:1273
.preheader4:11  %tmp_1487 = trunc i12 %tmp_458 to i9

ST_13: p_shl5_cast (57)  [1/1] 0.00ns  loc: acceleartor_hls_final_solution/components.cpp:1273
.preheader4:12  %p_shl5_cast = call i10 @_ssdm_op_BitConcatenate.i10.i9.i1(i9 %tmp_1487, i1 false)

ST_13: tmp_459 (58)  [1/1] 2.32ns  loc: acceleartor_hls_final_solution/components.cpp:1273
.preheader4:13  %tmp_459 = sub i10 %p_shl4_cast, %p_shl5_cast

ST_13: exitcond2 (59)  [1/1] 2.07ns  loc: acceleartor_hls_final_solution/components.cpp:1271
.preheader4:14  %exitcond2 = icmp eq i3 %h, -2

ST_13: empty_338 (60)  [1/1] 0.00ns
.preheader4:15  %empty_338 = call i32 (...)* @_ssdm_op_SpecLoopTripCount(i64 6, i64 6, i64 6)

ST_13: h_22 (61)  [1/1] 2.26ns  loc: acceleartor_hls_final_solution/components.cpp:1271
.preheader4:16  %h_22 = add i3 1, %h

ST_13: StgValue_73 (62)  [1/1] 0.00ns  loc: acceleartor_hls_final_solution/components.cpp:1271
.preheader4:17  br i1 %exitcond2, label %.loopexit.loopexit, label %.preheader.preheader

ST_13: StgValue_74 (64)  [1/1] 1.59ns  loc: acceleartor_hls_final_solution/components.cpp:1273
.preheader.preheader:0  br label %.preheader

ST_13: StgValue_75 (113)  [1/1] 0.00ns
.loopexit.loopexit:0  br label %.loopexit


 <State 14>: 5.58ns
ST_14: w (66)  [1/1] 0.00ns
.preheader:0  %w = phi i3 [ %w_28, %._crit_edge ], [ 0, %.preheader.preheader ]

ST_14: w_cast1_cast8 (67)  [1/1] 0.00ns  loc: acceleartor_hls_final_solution/components.cpp:1273
.preheader:1  %w_cast1_cast8 = zext i3 %w to i10

ST_14: w_cast1_cast (68)  [1/1] 0.00ns  loc: acceleartor_hls_final_solution/components.cpp:1273
.preheader:2  %w_cast1_cast = zext i3 %w to i14

ST_14: tmp_460 (69)  [1/1] 2.34ns  loc: acceleartor_hls_final_solution/components.cpp:1273
.preheader:3  %tmp_460 = add i14 %tmp_457, %w_cast1_cast

ST_14: tmp_1407_cast (70)  [1/1] 0.00ns  loc: acceleartor_hls_final_solution/components.cpp:1273
.preheader:4  %tmp_1407_cast = zext i14 %tmp_460 to i32

ST_14: output_V_addr (71)  [1/1] 0.00ns  loc: acceleartor_hls_final_solution/components.cpp:1273
.preheader:5  %output_V_addr = getelementptr [6912 x i8]* %output_V, i32 0, i32 %tmp_1407_cast

ST_14: tmp_461 (72)  [1/1] 2.32ns  loc: acceleartor_hls_final_solution/components.cpp:1273
.preheader:6  %tmp_461 = add i10 %tmp_459, %w_cast1_cast8

ST_14: tmp_1408_cast (73)  [1/1] 0.00ns  loc: acceleartor_hls_final_solution/components.cpp:1273
.preheader:7  %tmp_1408_cast = zext i10 %tmp_461 to i32

ST_14: buffer1_1_96_4x4_p_V (74)  [1/1] 0.00ns  loc: acceleartor_hls_final_solution/components.cpp:1273
.preheader:8  %buffer1_1_96_4x4_p_V = getelementptr [288 x i8]* @buffer1_1_96_4x4_p_V_9, i32 0, i32 %tmp_1408_cast

ST_14: buffer1_1_96_4x4_p_V_201 (75)  [1/1] 0.00ns  loc: acceleartor_hls_final_solution/components.cpp:1273
.preheader:9  %buffer1_1_96_4x4_p_V_201 = getelementptr [288 x i8]* @buffer1_1_96_4x4_p_V_4, i32 0, i32 %tmp_1408_cast

ST_14: buffer1_1_96_4x4_p_V_202 (76)  [1/1] 0.00ns  loc: acceleartor_hls_final_solution/components.cpp:1273
.preheader:10  %buffer1_1_96_4x4_p_V_202 = getelementptr [288 x i8]* @buffer1_1_96_4x4_p_V_5, i32 0, i32 %tmp_1408_cast

ST_14: buffer1_1_96_4x4_p_V_203 (77)  [1/1] 0.00ns  loc: acceleartor_hls_final_solution/components.cpp:1273
.preheader:11  %buffer1_1_96_4x4_p_V_203 = getelementptr [288 x i8]* @buffer1_1_96_4x4_p_V_10, i32 0, i32 %tmp_1408_cast

ST_14: buffer1_1_96_4x4_p_V_204 (78)  [1/1] 0.00ns  loc: acceleartor_hls_final_solution/components.cpp:1273
.preheader:12  %buffer1_1_96_4x4_p_V_204 = getelementptr [288 x i8]* @buffer1_1_96_4x4_p_V_3, i32 0, i32 %tmp_1408_cast

ST_14: buffer1_1_96_4x4_p_V_205 (79)  [1/1] 0.00ns  loc: acceleartor_hls_final_solution/components.cpp:1273
.preheader:13  %buffer1_1_96_4x4_p_V_205 = getelementptr [288 x i8]* @buffer1_1_96_4x4_p_V_7, i32 0, i32 %tmp_1408_cast

ST_14: buffer1_1_96_4x4_p_V_206 (80)  [1/1] 0.00ns  loc: acceleartor_hls_final_solution/components.cpp:1273
.preheader:14  %buffer1_1_96_4x4_p_V_206 = getelementptr [288 x i8]* @buffer1_1_96_4x4_p_V_11, i32 0, i32 %tmp_1408_cast

ST_14: buffer1_1_96_4x4_p_V_207 (81)  [1/1] 0.00ns  loc: acceleartor_hls_final_solution/components.cpp:1273
.preheader:15  %buffer1_1_96_4x4_p_V_207 = getelementptr [288 x i8]* @buffer1_1_96_4x4_p_V_8, i32 0, i32 %tmp_1408_cast

ST_14: buffer1_1_96_4x4_p_V_208 (82)  [1/1] 0.00ns  loc: acceleartor_hls_final_solution/components.cpp:1273
.preheader:16  %buffer1_1_96_4x4_p_V_208 = getelementptr [288 x i8]* @buffer1_1_96_4x4_p_V_12, i32 0, i32 %tmp_1408_cast

ST_14: buffer1_1_96_4x4_p_V_209 (83)  [1/1] 0.00ns  loc: acceleartor_hls_final_solution/components.cpp:1273
.preheader:17  %buffer1_1_96_4x4_p_V_209 = getelementptr [288 x i8]* @buffer1_1_96_4x4_p_V_2, i32 0, i32 %tmp_1408_cast

ST_14: buffer1_1_96_4x4_p_V_210 (84)  [1/1] 0.00ns  loc: acceleartor_hls_final_solution/components.cpp:1273
.preheader:18  %buffer1_1_96_4x4_p_V_210 = getelementptr [288 x i8]* @buffer1_1_96_4x4_p_V_1, i32 0, i32 %tmp_1408_cast

ST_14: buffer1_1_96_4x4_p_V_211 (85)  [1/1] 0.00ns  loc: acceleartor_hls_final_solution/components.cpp:1273
.preheader:19  %buffer1_1_96_4x4_p_V_211 = getelementptr [288 x i8]* @buffer1_1_96_4x4_p_V_6, i32 0, i32 %tmp_1408_cast

ST_14: exitcond (86)  [1/1] 2.07ns  loc: acceleartor_hls_final_solution/components.cpp:1272
.preheader:20  %exitcond = icmp eq i3 %w, -2

ST_14: empty_339 (87)  [1/1] 0.00ns
.preheader:21  %empty_339 = call i32 (...)* @_ssdm_op_SpecLoopTripCount(i64 6, i64 6, i64 6)

ST_14: w_28 (88)  [1/1] 2.26ns  loc: acceleartor_hls_final_solution/components.cpp:1272
.preheader:22  %w_28 = add i3 %w, 1

ST_14: StgValue_99 (89)  [1/1] 0.00ns  loc: acceleartor_hls_final_solution/components.cpp:1272
.preheader:23  br i1 %exitcond, label %.preheader4.loopexit, label %1

ST_14: StgValue_100 (91)  [1/1] 0.00ns  loc: acceleartor_hls_final_solution/components.cpp:1273
:0  br i1 %tmp_1481, label %._crit_edge, label %2

ST_14: buffer1_1_96_4x4_p_V_212 (93)  [2/2] 3.25ns  loc: acceleartor_hls_final_solution/components.cpp:1273
:0  %buffer1_1_96_4x4_p_V_212 = load i8* %buffer1_1_96_4x4_p_V_208, align 1

ST_14: buffer1_1_96_4x4_p_V_213 (94)  [2/2] 3.25ns  loc: acceleartor_hls_final_solution/components.cpp:1273
:1  %buffer1_1_96_4x4_p_V_213 = load i8* %buffer1_1_96_4x4_p_V_210, align 1

ST_14: buffer1_1_96_4x4_p_V_214 (95)  [2/2] 3.25ns  loc: acceleartor_hls_final_solution/components.cpp:1273
:2  %buffer1_1_96_4x4_p_V_214 = load i8* %buffer1_1_96_4x4_p_V_209, align 1

ST_14: buffer1_1_96_4x4_p_V_215 (96)  [2/2] 3.25ns  loc: acceleartor_hls_final_solution/components.cpp:1273
:3  %buffer1_1_96_4x4_p_V_215 = load i8* %buffer1_1_96_4x4_p_V_204, align 1

ST_14: buffer1_1_96_4x4_p_V_216 (97)  [2/2] 3.25ns  loc: acceleartor_hls_final_solution/components.cpp:1273
:4  %buffer1_1_96_4x4_p_V_216 = load i8* %buffer1_1_96_4x4_p_V_201, align 1

ST_14: buffer1_1_96_4x4_p_V_217 (98)  [2/2] 3.25ns  loc: acceleartor_hls_final_solution/components.cpp:1273
:5  %buffer1_1_96_4x4_p_V_217 = load i8* %buffer1_1_96_4x4_p_V_202, align 1

ST_14: buffer1_1_96_4x4_p_V_218 (99)  [2/2] 3.25ns  loc: acceleartor_hls_final_solution/components.cpp:1273
:6  %buffer1_1_96_4x4_p_V_218 = load i8* %buffer1_1_96_4x4_p_V_211, align 1

ST_14: buffer1_1_96_4x4_p_V_219 (100)  [2/2] 3.25ns  loc: acceleartor_hls_final_solution/components.cpp:1273
:7  %buffer1_1_96_4x4_p_V_219 = load i8* %buffer1_1_96_4x4_p_V_205, align 1

ST_14: buffer1_1_96_4x4_p_V_220 (101)  [2/2] 3.25ns  loc: acceleartor_hls_final_solution/components.cpp:1273
:8  %buffer1_1_96_4x4_p_V_220 = load i8* %buffer1_1_96_4x4_p_V_207, align 1

ST_14: buffer1_1_96_4x4_p_V_221 (102)  [2/2] 3.25ns  loc: acceleartor_hls_final_solution/components.cpp:1273
:9  %buffer1_1_96_4x4_p_V_221 = load i8* %buffer1_1_96_4x4_p_V, align 1

ST_14: buffer1_1_96_4x4_p_V_222 (103)  [2/2] 3.25ns  loc: acceleartor_hls_final_solution/components.cpp:1273
:10  %buffer1_1_96_4x4_p_V_222 = load i8* %buffer1_1_96_4x4_p_V_203, align 1

ST_14: buffer1_1_96_4x4_p_V_223 (104)  [2/2] 3.25ns  loc: acceleartor_hls_final_solution/components.cpp:1273
:11  %buffer1_1_96_4x4_p_V_223 = load i8* %buffer1_1_96_4x4_p_V_206, align 1

ST_14: StgValue_113 (111)  [1/1] 0.00ns
.preheader4.loopexit:0  br label %.preheader4


 <State 15>: 6.04ns
ST_15: buffer1_1_96_4x4_p_V_212 (93)  [1/2] 3.25ns  loc: acceleartor_hls_final_solution/components.cpp:1273
:0  %buffer1_1_96_4x4_p_V_212 = load i8* %buffer1_1_96_4x4_p_V_208, align 1

ST_15: buffer1_1_96_4x4_p_V_213 (94)  [1/2] 3.25ns  loc: acceleartor_hls_final_solution/components.cpp:1273
:1  %buffer1_1_96_4x4_p_V_213 = load i8* %buffer1_1_96_4x4_p_V_210, align 1

ST_15: buffer1_1_96_4x4_p_V_214 (95)  [1/2] 3.25ns  loc: acceleartor_hls_final_solution/components.cpp:1273
:2  %buffer1_1_96_4x4_p_V_214 = load i8* %buffer1_1_96_4x4_p_V_209, align 1

ST_15: buffer1_1_96_4x4_p_V_215 (96)  [1/2] 3.25ns  loc: acceleartor_hls_final_solution/components.cpp:1273
:3  %buffer1_1_96_4x4_p_V_215 = load i8* %buffer1_1_96_4x4_p_V_204, align 1

ST_15: buffer1_1_96_4x4_p_V_216 (97)  [1/2] 3.25ns  loc: acceleartor_hls_final_solution/components.cpp:1273
:4  %buffer1_1_96_4x4_p_V_216 = load i8* %buffer1_1_96_4x4_p_V_201, align 1

ST_15: buffer1_1_96_4x4_p_V_217 (98)  [1/2] 3.25ns  loc: acceleartor_hls_final_solution/components.cpp:1273
:5  %buffer1_1_96_4x4_p_V_217 = load i8* %buffer1_1_96_4x4_p_V_202, align 1

ST_15: buffer1_1_96_4x4_p_V_218 (99)  [1/2] 3.25ns  loc: acceleartor_hls_final_solution/components.cpp:1273
:6  %buffer1_1_96_4x4_p_V_218 = load i8* %buffer1_1_96_4x4_p_V_211, align 1

ST_15: buffer1_1_96_4x4_p_V_219 (100)  [1/2] 3.25ns  loc: acceleartor_hls_final_solution/components.cpp:1273
:7  %buffer1_1_96_4x4_p_V_219 = load i8* %buffer1_1_96_4x4_p_V_205, align 1

ST_15: buffer1_1_96_4x4_p_V_220 (101)  [1/2] 3.25ns  loc: acceleartor_hls_final_solution/components.cpp:1273
:8  %buffer1_1_96_4x4_p_V_220 = load i8* %buffer1_1_96_4x4_p_V_207, align 1

ST_15: buffer1_1_96_4x4_p_V_221 (102)  [1/2] 3.25ns  loc: acceleartor_hls_final_solution/components.cpp:1273
:9  %buffer1_1_96_4x4_p_V_221 = load i8* %buffer1_1_96_4x4_p_V, align 1

ST_15: buffer1_1_96_4x4_p_V_222 (103)  [1/2] 3.25ns  loc: acceleartor_hls_final_solution/components.cpp:1273
:10  %buffer1_1_96_4x4_p_V_222 = load i8* %buffer1_1_96_4x4_p_V_203, align 1

ST_15: buffer1_1_96_4x4_p_V_223 (104)  [1/2] 3.25ns  loc: acceleartor_hls_final_solution/components.cpp:1273
:11  %buffer1_1_96_4x4_p_V_223 = load i8* %buffer1_1_96_4x4_p_V_206, align 1

ST_15: tmp (105)  [1/1] 2.78ns  loc: acceleartor_hls_final_solution/components.cpp:1273
:12  %tmp = call i8 @_ssdm_op_Mux.ap_auto.12i8.i9(i8 %buffer1_1_96_4x4_p_V_212, i8 %buffer1_1_96_4x4_p_V_213, i8 %buffer1_1_96_4x4_p_V_214, i8 %buffer1_1_96_4x4_p_V_215, i8 %buffer1_1_96_4x4_p_V_216, i8 %buffer1_1_96_4x4_p_V_217, i8 %buffer1_1_96_4x4_p_V_218, i8 %buffer1_1_96_4x4_p_V_219, i8 %buffer1_1_96_4x4_p_V_220, i8 %buffer1_1_96_4x4_p_V_221, i8 %buffer1_1_96_4x4_p_V_222, i8 %buffer1_1_96_4x4_p_V_223, i9 %arrayNo_cast)


 <State 16>: 3.25ns
ST_16: StgValue_127 (106)  [1/1] 3.25ns  loc: acceleartor_hls_final_solution/components.cpp:1273
:13  store i8 %tmp, i8* %output_V_addr, align 1

ST_16: StgValue_128 (107)  [1/1] 0.00ns  loc: acceleartor_hls_final_solution/components.cpp:1273
:14  br label %._crit_edge

ST_16: StgValue_129 (109)  [1/1] 0.00ns  loc: acceleartor_hls_final_solution/components.cpp:1272
._crit_edge:0  br label %.preheader



============================================================
+ Verbose Summary: Timing violations
============================================================
Target clock period: 10ns, clock uncertainty: 1.25ns.

 <State 1>: 1.59ns
The critical path consists of the following:
	multiplexor before 'phi' operation ('co') with incoming values : ('co', acceleartor_hls_final_solution/components.cpp:1270) [16]  (1.59 ns)

 <State 2>: 6.77ns
The critical path consists of the following:
	'phi' operation ('co') with incoming values : ('co', acceleartor_hls_final_solution/components.cpp:1270) [16]  (0 ns)
	'mul' operation ('mul', acceleartor_hls_final_solution/components.cpp:1273) [33]  (6.77 ns)

 <State 3>: 3.29ns
The critical path consists of the following:
	'urem' operation ('arrayNo', acceleartor_hls_final_solution/components.cpp:1273) [30]  (3.29 ns)

 <State 4>: 3.29ns
The critical path consists of the following:
	'urem' operation ('arrayNo', acceleartor_hls_final_solution/components.cpp:1273) [30]  (3.29 ns)

 <State 5>: 3.29ns
The critical path consists of the following:
	'urem' operation ('arrayNo', acceleartor_hls_final_solution/components.cpp:1273) [30]  (3.29 ns)

 <State 6>: 3.29ns
The critical path consists of the following:
	'urem' operation ('arrayNo', acceleartor_hls_final_solution/components.cpp:1273) [30]  (3.29 ns)

 <State 7>: 3.29ns
The critical path consists of the following:
	'urem' operation ('arrayNo', acceleartor_hls_final_solution/components.cpp:1273) [30]  (3.29 ns)

 <State 8>: 3.29ns
The critical path consists of the following:
	'urem' operation ('arrayNo', acceleartor_hls_final_solution/components.cpp:1273) [30]  (3.29 ns)

 <State 9>: 3.29ns
The critical path consists of the following:
	'urem' operation ('arrayNo', acceleartor_hls_final_solution/components.cpp:1273) [30]  (3.29 ns)

 <State 10>: 3.29ns
The critical path consists of the following:
	'urem' operation ('arrayNo', acceleartor_hls_final_solution/components.cpp:1273) [30]  (3.29 ns)

 <State 11>: 3.29ns
The critical path consists of the following:
	'urem' operation ('arrayNo', acceleartor_hls_final_solution/components.cpp:1273) [30]  (3.29 ns)

 <State 12>: 3.29ns
The critical path consists of the following:
	'urem' operation ('arrayNo', acceleartor_hls_final_solution/components.cpp:1273) [30]  (3.29 ns)

 <State 13>: 4.67ns
The critical path consists of the following:
	'phi' operation ('h') with incoming values : ('h', acceleartor_hls_final_solution/components.cpp:1271) [45]  (0 ns)
	'add' operation ('tmp_456', acceleartor_hls_final_solution/components.cpp:1273) [48]  (2.33 ns)
	'sub' operation ('tmp_457', acceleartor_hls_final_solution/components.cpp:1273) [52]  (2.34 ns)

 <State 14>: 5.58ns
The critical path consists of the following:
	'phi' operation ('w') with incoming values : ('w', acceleartor_hls_final_solution/components.cpp:1272) [66]  (0 ns)
	'add' operation ('tmp_461', acceleartor_hls_final_solution/components.cpp:1273) [72]  (2.32 ns)
	'getelementptr' operation ('buffer1_1_96_4x4_p_V_209', acceleartor_hls_final_solution/components.cpp:1273) [83]  (0 ns)
	'load' operation ('buffer1_1_96_4x4_p_V_214', acceleartor_hls_final_solution/components.cpp:1273) on array 'buffer1_1_96_4x4_p_V_2' [95]  (3.25 ns)

 <State 15>: 6.04ns
The critical path consists of the following:
	'load' operation ('buffer1_1_96_4x4_p_V_212', acceleartor_hls_final_solution/components.cpp:1273) on array 'buffer1_1_96_4x4_p_V_12' [93]  (3.25 ns)
	'mux' operation ('tmp', acceleartor_hls_final_solution/components.cpp:1273) [105]  (2.78 ns)

 <State 16>: 3.25ns
The critical path consists of the following:
	'store' operation (acceleartor_hls_final_solution/components.cpp:1273) of variable 'tmp', acceleartor_hls_final_solution/components.cpp:1273 on array 'output_V' [106]  (3.25 ns)


============================================================
+ Verbose Summary: Binding
============================================================
N/A
* FSMD analyzer results:
  - Output states:
 - Input state : 
  - Chain level:
	State 1
	State 2
	State 3
	State 4
	State 5
	State 6
	State 7
	State 8
	State 9
	State 10
	State 11
	State 12
	State 13
	State 14
	State 15
	State 16


============================================================
+ Verbose Summary: Datapath Resource usage 
============================================================
N/A
