

================================================================
== Vivado HLS Report for 'subconv_3x3_32_strid'
================================================================
* Date:           Sat Dec 22 04:10:37 2018

* Version:        2017.2 (Build 1909853 on Thu Jun 15 18:55:24 MDT 2017)
* Project:        acceleartor_hls_final_solution
* Solution:       final_solution
* Product family: zynq
* Target device:  xc7z020clg484-1


================================================================
== Performance Estimates
================================================================
+ Timing (ns): 
    * Summary: 
    +--------+-------+----------+------------+
    |  Clock | Target| Estimated| Uncertainty|
    +--------+-------+----------+------------+
    |ap_clk  |  10.00|      8.28|        1.25|
    +--------+-------+----------+------------+

+ Latency (clock cycles): 
    * Summary: 
    +--------+--------+--------+--------+---------+
    |     Latency     |     Interval    | Pipeline|
    |   min  |   max  |   min  |   max  |   Type  |
    +--------+--------+--------+--------+---------+
    |  394033|  394033|  394033|  394033|   none  |
    +--------+--------+--------+--------+---------+

    + Detail: 
        * Instance: 
        N/A

        * Loop: 
        +-------------------------+--------+--------+----------+-----------+-----------+------+----------+
        |                         |     Latency     | Iteration|  Initiation Interval  | Trip |          |
        |        Loop Name        |   min  |   max  |  Latency |  achieved |   target  | Count| Pipelined|
        +-------------------------+--------+--------+----------+-----------+-----------+------+----------+
        |- Loop 1                 |  394032|  394032|     16418|          -|          -|    24|    no    |
        | + Loop 1.1              |   16416|   16416|      1026|          -|          -|    16|    no    |
        |  ++ Loop 1.1.1          |    1024|    1024|        64|          -|          -|    16|    no    |
        |   +++ Loop 1.1.1.1      |      60|      60|        20|          -|          -|     3|    no    |
        |    ++++ Loop 1.1.1.1.1  |      18|      18|         6|          -|          -|     3|    no    |
        +-------------------------+--------+--------+----------+-----------+-----------+------+----------+

============================================================
+ Verbose Summary: Synthesis Manager
============================================================
InlineROM: 1
ExposeGlobal: 0
============================================================
+ Verbose Summary: CDFG Model
============================================================
IsTopModel: 0
ResetActiveHigh: 1
IsCombinational: 0
IsDatapathOnly: 0
HasWiredReturn: 1
HasMFsm: 0
HasVarLatency: 1
IsPipeline: 0
IsRtlPipelined: 0
IsInstanceOverlapped: 0
IsDontTouch: 0
HasImplIP: 0
IsGatedGlobalClock: 0


============================================================
+ Verbose Summary: Schedule
============================================================
* Number of FSM states: 13
* Pipeline: 0
* Dataflow Pipeline: 0

* FSM state transitions: 
1 --> 
	2  / true
2 --> 
	3  / (!exitcond4)
3 --> 
	4  / (!exitcond5)
	2  / (exitcond5)
4 --> 
	5  / (!exitcond6)
	3  / (exitcond6)
5 --> 
	12  / (exitcond7)
	6  / (!exitcond7)
6 --> 
	7  / (!exitcond)
	5  / (exitcond)
7 --> 
	8  / true
8 --> 
	9  / true
9 --> 
	10  / true
10 --> 
	11  / true
11 --> 
	6  / true
12 --> 
	13  / true
13 --> 
	4  / true
* FSM state operations: 

 <State 1>: 1.59ns
ST_1: StgValue_14 (16)  [1/1] 1.59ns  loc: acceleartor_hls_final_solution/components.cpp:342
:0  br label %.loopexit10


 <State 2>: 5.38ns
ST_2: co (18)  [1/1] 0.00ns
.loopexit10:0  %co = phi i5 [ 0, %0 ], [ %co_4, %.loopexit10.loopexit ]

ST_2: phi_mul (19)  [1/1] 0.00ns
.loopexit10:1  %phi_mul = phi i11 [ 0, %0 ], [ %next_mul, %.loopexit10.loopexit ]

ST_2: next_mul (20)  [1/1] 2.33ns
.loopexit10:2  %next_mul = add i11 %phi_mul, 43

ST_2: co_cast (21)  [1/1] 0.00ns  loc: acceleartor_hls_final_solution/components.cpp:342
.loopexit10:3  %co_cast = zext i5 %co to i32

ST_2: co_cast_cast (22)  [1/1] 0.00ns  loc: acceleartor_hls_final_solution/components.cpp:342
.loopexit10:4  %co_cast_cast = zext i5 %co to i8

ST_2: tmp_119 (23)  [1/1] 0.00ns  loc: acceleartor_hls_final_solution/components.cpp:342
.loopexit10:5  %tmp_119 = call i7 @_ssdm_op_BitConcatenate.i7.i5.i2(i5 %co, i2 0)

ST_2: p_shl2_cast (24)  [1/1] 0.00ns  loc: acceleartor_hls_final_solution/components.cpp:348
.loopexit10:6  %p_shl2_cast = zext i7 %tmp_119 to i8

ST_2: tmp_120 (25)  [1/1] 2.32ns  loc: acceleartor_hls_final_solution/components.cpp:348
.loopexit10:7  %tmp_120 = sub i8 %p_shl2_cast, %co_cast_cast

ST_2: tmp_128_cast (26)  [1/1] 0.00ns  loc: acceleartor_hls_final_solution/components.cpp:348
.loopexit10:8  %tmp_128_cast = sext i8 %tmp_120 to i9

ST_2: tmp_121 (27)  [1/1] 0.00ns  loc: acceleartor_hls_final_solution/components.cpp:342
.loopexit10:9  %tmp_121 = call i9 @_ssdm_op_BitConcatenate.i9.i5.i4(i5 %co, i4 0)

ST_2: p_shl_cast (28)  [1/1] 0.00ns  loc: acceleartor_hls_final_solution/components.cpp:342
.loopexit10:10  %p_shl_cast = zext i9 %tmp_121 to i10

ST_2: tmp_122 (29)  [1/1] 0.00ns  loc: acceleartor_hls_final_solution/components.cpp:342
.loopexit10:11  %tmp_122 = call i6 @_ssdm_op_BitConcatenate.i6.i5.i1(i5 %co, i1 false)

ST_2: p_shl1_cast (30)  [1/1] 0.00ns  loc: acceleartor_hls_final_solution/components.cpp:352
.loopexit10:12  %p_shl1_cast = zext i6 %tmp_122 to i10

ST_2: tmp_123 (31)  [1/1] 2.32ns  loc: acceleartor_hls_final_solution/components.cpp:352
.loopexit10:13  %tmp_123 = add i10 %p_shl1_cast, %p_shl_cast

ST_2: exitcond4 (32)  [1/1] 3.31ns  loc: acceleartor_hls_final_solution/components.cpp:342
.loopexit10:14  %exitcond4 = icmp eq i5 %co, -8

ST_2: empty (33)  [1/1] 0.00ns
.loopexit10:15  %empty = call i32 (...)* @_ssdm_op_SpecLoopTripCount(i64 24, i64 24, i64 24)

ST_2: co_4 (34)  [1/1] 2.33ns  loc: acceleartor_hls_final_solution/components.cpp:342
.loopexit10:16  %co_4 = add i5 %co, 1

ST_2: StgValue_32 (35)  [1/1] 0.00ns  loc: acceleartor_hls_final_solution/components.cpp:342
.loopexit10:17  br i1 %exitcond4, label %2, label %.preheader47.preheader

ST_2: tmp_124 (37)  [1/1] 3.31ns  loc: acceleartor_hls_final_solution/components.cpp:342
.preheader47.preheader:0  %tmp_124 = icmp ult i5 %co, 12

ST_2: tmp_125 (38)  [1/1] 2.33ns  loc: acceleartor_hls_final_solution/components.cpp:342
.preheader47.preheader:1  %tmp_125 = add i5 %co, -12

ST_2: arrayNo (39)  [1/1] 2.07ns  loc: acceleartor_hls_final_solution/components.cpp:342
.preheader47.preheader:2  %arrayNo = select i1 %tmp_124, i5 %co, i5 %tmp_125

ST_2: arrayNo_cast (40)  [1/1] 0.00ns  loc: acceleartor_hls_final_solution/components.cpp:342
.preheader47.preheader:3  %arrayNo_cast = zext i5 %arrayNo to i32

ST_2: tmp_126 (41)  [1/1] 0.00ns
.preheader47.preheader:4  %tmp_126 = call i2 @_ssdm_op_PartSelect.i2.i11.i32.i32(i11 %phi_mul, i32 9, i32 10)

ST_2: tmp_127 (42)  [1/1] 0.00ns
.preheader47.preheader:5  %tmp_127 = call i7 @_ssdm_op_BitConcatenate.i7.i2.i5(i2 %tmp_126, i5 0)

ST_2: p_shl3_cast (43)  [1/1] 0.00ns
.preheader47.preheader:6  %p_shl3_cast = zext i7 %tmp_127 to i11

ST_2: tmp_128 (44)  [1/1] 0.00ns
.preheader47.preheader:7  %tmp_128 = call i3 @_ssdm_op_BitConcatenate.i3.i2.i1(i2 %tmp_126, i1 false)

ST_2: p_shl4_cast (45)  [1/1] 0.00ns
.preheader47.preheader:8  %p_shl4_cast = zext i3 %tmp_128 to i11

ST_2: tmp_129 (46)  [1/1] 2.32ns
.preheader47.preheader:9  %tmp_129 = add i11 %p_shl3_cast, %p_shl4_cast

ST_2: bias_V_addr (47)  [1/1] 0.00ns  loc: acceleartor_hls_final_solution/components.cpp:351
.preheader47.preheader:10  %bias_V_addr = getelementptr [24 x i8]* %bias_V, i32 0, i32 %co_cast

ST_2: StgValue_44 (48)  [1/1] 1.59ns  loc: acceleartor_hls_final_solution/components.cpp:343
.preheader47.preheader:11  br label %.preheader47

ST_2: StgValue_45 (208)  [1/1] 0.00ns  loc: acceleartor_hls_final_solution/components.cpp:381
:0  ret void


 <State 3>: 4.67ns
ST_3: h (50)  [1/1] 0.00ns
.preheader47:0  %h = phi i5 [ %h_4, %1 ], [ 1, %.preheader47.preheader ]

ST_3: h_cast9_cast (51)  [1/1] 0.00ns  loc: acceleartor_hls_final_solution/components.cpp:352
.preheader47:1  %h_cast9_cast = zext i5 %h to i10

ST_3: tmp_130 (52)  [1/1] 2.32ns  loc: acceleartor_hls_final_solution/components.cpp:352
.preheader47:2  %tmp_130 = add i10 %h_cast9_cast, %tmp_123

ST_3: p_shl5_cast (53)  [1/1] 0.00ns  loc: acceleartor_hls_final_solution/components.cpp:352
.preheader47:3  %p_shl5_cast = call i14 @_ssdm_op_BitConcatenate.i14.i10.i4(i10 %tmp_130, i4 0)

ST_3: tmp_131 (54)  [1/1] 0.00ns  loc: acceleartor_hls_final_solution/components.cpp:352
.preheader47:4  %tmp_131 = call i11 @_ssdm_op_BitConcatenate.i11.i10.i1(i10 %tmp_130, i1 false)

ST_3: p_shl6_cast (55)  [1/1] 0.00ns  loc: acceleartor_hls_final_solution/components.cpp:352
.preheader47:5  %p_shl6_cast = zext i11 %tmp_131 to i14

ST_3: tmp_132 (56)  [1/1] 2.34ns  loc: acceleartor_hls_final_solution/components.cpp:352
.preheader47:6  %tmp_132 = add i14 %p_shl5_cast, %p_shl6_cast

ST_3: exitcond5 (57)  [1/1] 3.31ns  loc: acceleartor_hls_final_solution/components.cpp:343
.preheader47:7  %exitcond5 = icmp eq i5 %h, -15

ST_3: empty_60 (58)  [1/1] 0.00ns
.preheader47:8  %empty_60 = call i32 (...)* @_ssdm_op_SpecLoopTripCount(i64 16, i64 16, i64 16)

ST_3: StgValue_55 (59)  [1/1] 0.00ns  loc: acceleartor_hls_final_solution/components.cpp:343
.preheader47:9  br i1 %exitcond5, label %.loopexit10.loopexit, label %.preheader46.preheader

ST_3: tmp (61)  [1/1] 0.00ns  loc: acceleartor_hls_final_solution/components.cpp:348
.preheader46.preheader:0  %tmp = call i6 @_ssdm_op_BitConcatenate.i6.i5.i1(i5 %h, i1 false)

ST_3: StgValue_57 (62)  [1/1] 1.59ns  loc: acceleartor_hls_final_solution/components.cpp:344
.preheader46.preheader:1  br label %.preheader46

ST_3: StgValue_58 (206)  [1/1] 0.00ns
.loopexit10.loopexit:0  br label %.loopexit10


 <State 4>: 3.31ns
ST_4: w (64)  [1/1] 0.00ns
.preheader46:0  %w = phi i5 [ %w_4, %_ifconv1 ], [ 1, %.preheader46.preheader ]

ST_4: w_cast8_cast (65)  [1/1] 0.00ns  loc: acceleartor_hls_final_solution/components.cpp:352
.preheader46:1  %w_cast8_cast = zext i5 %w to i14

ST_4: tmp_133 (66)  [1/1] 2.34ns  loc: acceleartor_hls_final_solution/components.cpp:352
.preheader46:2  %tmp_133 = add i14 %tmp_132, %w_cast8_cast

ST_4: tmp_143_cast (67)  [1/1] 0.00ns  loc: acceleartor_hls_final_solution/components.cpp:352
.preheader46:3  %tmp_143_cast = zext i14 %tmp_133 to i32

ST_4: output_V_addr (68)  [1/1] 0.00ns  loc: acceleartor_hls_final_solution/components.cpp:352
.preheader46:4  %output_V_addr = getelementptr [7776 x i8]* %output_V, i32 0, i32 %tmp_143_cast

ST_4: exitcond6 (69)  [1/1] 3.31ns  loc: acceleartor_hls_final_solution/components.cpp:344
.preheader46:5  %exitcond6 = icmp eq i5 %w, -15

ST_4: empty_61 (70)  [1/1] 0.00ns
.preheader46:6  %empty_61 = call i32 (...)* @_ssdm_op_SpecLoopTripCount(i64 16, i64 16, i64 16)

ST_4: StgValue_66 (71)  [1/1] 0.00ns  loc: acceleartor_hls_final_solution/components.cpp:344
.preheader46:7  br i1 %exitcond6, label %1, label %_ZrsILi32ELb0EE11ap_int_baseIXT_EXT0_EXleT_Li64EEERKS1_i.exit1._crit_edge.i.i

ST_4: tmp_s (73)  [1/1] 0.00ns  loc: acceleartor_hls_final_solution/components.cpp:348
_ZrsILi32ELb0EE11ap_int_baseIXT_EXT0_EXleT_Li64EEERKS1_i.exit1._crit_edge.i.i:0  %tmp_s = call i6 @_ssdm_op_BitConcatenate.i6.i5.i1(i5 %w, i1 false)

ST_4: StgValue_68 (74)  [1/1] 1.59ns  loc: acceleartor_hls_final_solution/components.cpp:346
_ZrsILi32ELb0EE11ap_int_baseIXT_EXT0_EXleT_Li64EEERKS1_i.exit1._crit_edge.i.i:1  br label %.loopexit

ST_4: h_4 (203)  [1/1] 2.33ns  loc: acceleartor_hls_final_solution/components.cpp:343
:0  %h_4 = add i5 %h, 1

ST_4: StgValue_70 (204)  [1/1] 0.00ns  loc: acceleartor_hls_final_solution/components.cpp:343
:1  br label %.preheader47


 <State 5>: 6.97ns
ST_5: p_Val2_s (76)  [1/1] 0.00ns
.loopexit:0  %p_Val2_s = phi i8 [ 0, %_ZrsILi32ELb0EE11ap_int_baseIXT_EXT0_EXleT_Li64EEERKS1_i.exit1._crit_edge.i.i ], [ %p_Val2_35, %.loopexit.loopexit ]

ST_5: m (77)  [1/1] 0.00ns
.loopexit:1  %m = phi i2 [ 0, %_ZrsILi32ELb0EE11ap_int_baseIXT_EXT0_EXleT_Li64EEERKS1_i.exit1._crit_edge.i.i ], [ %m_4, %.loopexit.loopexit ]

ST_5: m_cast7_cast (78)  [1/1] 0.00ns  loc: acceleartor_hls_final_solution/components.cpp:348
.loopexit:2  %m_cast7_cast = zext i2 %m to i9

ST_5: tmp_134 (79)  [1/1] 2.32ns  loc: acceleartor_hls_final_solution/components.cpp:348
.loopexit:3  %tmp_134 = add i9 %m_cast7_cast, %tmp_128_cast

ST_5: tmp_135 (80)  [1/1] 0.00ns  loc: acceleartor_hls_final_solution/components.cpp:348 (grouped into LUT with out node tmp_136)
.loopexit:4  %tmp_135 = shl i9 %tmp_134, 2

ST_5: tmp_136 (81)  [1/1] 2.32ns  loc: acceleartor_hls_final_solution/components.cpp:348 (out node of the LUT)
.loopexit:5  %tmp_136 = sub i9 %tmp_135, %tmp_134

ST_5: exitcond7 (82)  [1/1] 2.07ns  loc: acceleartor_hls_final_solution/components.cpp:346
.loopexit:6  %exitcond7 = icmp eq i2 %m, -1

ST_5: empty_62 (83)  [1/1] 0.00ns
.loopexit:7  %empty_62 = call i32 (...)* @_ssdm_op_SpecLoopTripCount(i64 3, i64 3, i64 3)

ST_5: m_4 (84)  [1/1] 2.17ns  loc: acceleartor_hls_final_solution/components.cpp:346
.loopexit:8  %m_4 = add i2 1, %m

ST_5: StgValue_80 (85)  [1/1] 0.00ns  loc: acceleartor_hls_final_solution/components.cpp:346
.loopexit:9  br i1 %exitcond7, label %_ifconv1, label %.preheader.preheader

ST_5: tmp2 (87)  [1/1] 0.00ns  loc: acceleartor_hls_final_solution/components.cpp:348 (grouped into LUT with out node tmp_42)
.preheader.preheader:0  %tmp2 = xor i2 %m, -2

ST_5: tmp2_cast (88)  [1/1] 0.00ns  loc: acceleartor_hls_final_solution/components.cpp:348 (grouped into LUT with out node tmp_42)
.preheader.preheader:1  %tmp2_cast = sext i2 %tmp2 to i6

ST_5: tmp_42 (89)  [1/1] 2.31ns  loc: acceleartor_hls_final_solution/components.cpp:348 (out node of the LUT)
.preheader.preheader:2  %tmp_42 = add i6 %tmp, %tmp2_cast

ST_5: tmp_56_cast_cast (90)  [1/1] 0.00ns  loc: acceleartor_hls_final_solution/components.cpp:348
.preheader.preheader:3  %tmp_56_cast_cast = zext i6 %tmp_42 to i11

ST_5: tmp_137 (91)  [1/1] 2.32ns  loc: acceleartor_hls_final_solution/components.cpp:348
.preheader.preheader:4  %tmp_137 = add i11 %tmp_129, %tmp_56_cast_cast

ST_5: tmp_139 (92)  [1/1] 0.00ns  loc: acceleartor_hls_final_solution/components.cpp:348
.preheader.preheader:5  %tmp_139 = trunc i11 %tmp_137 to i8

ST_5: p_shl8_cast (93)  [1/1] 0.00ns  loc: acceleartor_hls_final_solution/components.cpp:348
.preheader.preheader:6  %p_shl8_cast = call i13 @_ssdm_op_BitConcatenate.i13.i8.i5(i8 %tmp_139, i5 0)

ST_5: tmp_140 (94)  [1/1] 0.00ns  loc: acceleartor_hls_final_solution/components.cpp:348
.preheader.preheader:7  %tmp_140 = call i12 @_ssdm_op_BitConcatenate.i12.i11.i1(i11 %tmp_137, i1 false)

ST_5: p_shl9_cast (95)  [1/1] 0.00ns  loc: acceleartor_hls_final_solution/components.cpp:348
.preheader.preheader:8  %p_shl9_cast = zext i12 %tmp_140 to i13

ST_5: tmp_138 (96)  [1/1] 2.34ns  loc: acceleartor_hls_final_solution/components.cpp:348
.preheader.preheader:9  %tmp_138 = add i13 %p_shl9_cast, %p_shl8_cast

ST_5: StgValue_91 (97)  [1/1] 1.59ns  loc: acceleartor_hls_final_solution/components.cpp:347
.preheader.preheader:10  br label %.preheader

ST_5: p_Val2_32 (185)  [2/2] 2.32ns  loc: acceleartor_hls_final_solution/components.cpp:351
_ifconv1:1  %p_Val2_32 = load i8* %bias_V_addr, align 1

ST_5: w_4 (200)  [1/1] 2.33ns  loc: acceleartor_hls_final_solution/components.cpp:344
_ifconv1:16  %w_4 = add i5 %w, 1


 <State 6>: 7.90ns
ST_6: p_Val2_35 (99)  [1/1] 0.00ns
.preheader:0  %p_Val2_35 = phi i8 [ %p_Val2_s, %.preheader.preheader ], [ %sum_V, %_ifconv ]

ST_6: n (100)  [1/1] 0.00ns
.preheader:1  %n = phi i2 [ 0, %.preheader.preheader ], [ %n_4, %_ifconv ]

ST_6: n_cast6_cast (101)  [1/1] 0.00ns  loc: acceleartor_hls_final_solution/components.cpp:348
.preheader:2  %n_cast6_cast = zext i2 %n to i9

ST_6: tmp_141 (102)  [1/1] 2.32ns  loc: acceleartor_hls_final_solution/components.cpp:348
.preheader:3  %tmp_141 = add i9 %tmp_136, %n_cast6_cast

ST_6: tmp_151_cast (103)  [1/1] 0.00ns  loc: acceleartor_hls_final_solution/components.cpp:348
.preheader:4  %tmp_151_cast = zext i9 %tmp_141 to i32

ST_6: weight_V_addr (104)  [1/1] 0.00ns  loc: acceleartor_hls_final_solution/components.cpp:348
.preheader:5  %weight_V_addr = getelementptr [216 x i8]* %weight_V, i32 0, i32 %tmp_151_cast

ST_6: exitcond (105)  [1/1] 2.07ns  loc: acceleartor_hls_final_solution/components.cpp:347
.preheader:6  %exitcond = icmp eq i2 %n, -1

ST_6: empty_63 (106)  [1/1] 0.00ns
.preheader:7  %empty_63 = call i32 (...)* @_ssdm_op_SpecLoopTripCount(i64 3, i64 3, i64 3)

ST_6: n_4 (107)  [1/1] 2.17ns  loc: acceleartor_hls_final_solution/components.cpp:347
.preheader:8  %n_4 = add i2 %n, 1

ST_6: StgValue_103 (108)  [1/1] 0.00ns  loc: acceleartor_hls_final_solution/components.cpp:347
.preheader:9  br i1 %exitcond, label %.loopexit.loopexit, label %_ifconv

ST_6: tmp3 (110)  [1/1] 0.00ns  loc: acceleartor_hls_final_solution/components.cpp:348 (grouped into LUT with out node tmp_43)
_ifconv:0  %tmp3 = xor i2 %n, -2

ST_6: tmp3_cast (111)  [1/1] 0.00ns  loc: acceleartor_hls_final_solution/components.cpp:348 (grouped into LUT with out node tmp_43)
_ifconv:1  %tmp3_cast = sext i2 %tmp3 to i6

ST_6: tmp_43 (112)  [1/1] 2.31ns  loc: acceleartor_hls_final_solution/components.cpp:348 (out node of the LUT)
_ifconv:2  %tmp_43 = add i6 %tmp3_cast, %tmp_s

ST_6: tmp_60_cast_cast (113)  [1/1] 0.00ns  loc: acceleartor_hls_final_solution/components.cpp:348
_ifconv:3  %tmp_60_cast_cast = zext i6 %tmp_43 to i13

ST_6: tmp_142 (114)  [1/1] 2.34ns  loc: acceleartor_hls_final_solution/components.cpp:348
_ifconv:4  %tmp_142 = add i13 %tmp_60_cast_cast, %tmp_138

ST_6: tmp_152_cast (115)  [1/1] 0.00ns  loc: acceleartor_hls_final_solution/components.cpp:348
_ifconv:5  %tmp_152_cast = zext i13 %tmp_142 to i32

ST_6: conv1_output_p_V_1_a (116)  [1/1] 0.00ns  loc: acceleartor_hls_final_solution/components.cpp:348
_ifconv:6  %conv1_output_p_V_1_a = getelementptr [2312 x i8]* @conv1_output_p_V_1, i32 0, i32 %tmp_152_cast

ST_6: conv1_output_p_V_7_a (117)  [1/1] 0.00ns  loc: acceleartor_hls_final_solution/components.cpp:348
_ifconv:7  %conv1_output_p_V_7_a = getelementptr [2312 x i8]* @conv1_output_p_V_7, i32 0, i32 %tmp_152_cast

ST_6: conv1_output_p_V_8_a (118)  [1/1] 0.00ns  loc: acceleartor_hls_final_solution/components.cpp:348
_ifconv:8  %conv1_output_p_V_8_a = getelementptr [2312 x i8]* @conv1_output_p_V_8, i32 0, i32 %tmp_152_cast

ST_6: conv1_output_p_V_10_s (119)  [1/1] 0.00ns  loc: acceleartor_hls_final_solution/components.cpp:348
_ifconv:9  %conv1_output_p_V_10_s = getelementptr [2312 x i8]* @conv1_output_p_V_10, i32 0, i32 %tmp_152_cast

ST_6: conv1_output_p_V_5_a (120)  [1/1] 0.00ns  loc: acceleartor_hls_final_solution/components.cpp:348
_ifconv:10  %conv1_output_p_V_5_a = getelementptr [2312 x i8]* @conv1_output_p_V_5, i32 0, i32 %tmp_152_cast

ST_6: conv1_output_p_V_9_a (121)  [1/1] 0.00ns  loc: acceleartor_hls_final_solution/components.cpp:348
_ifconv:11  %conv1_output_p_V_9_a = getelementptr [2312 x i8]* @conv1_output_p_V_9, i32 0, i32 %tmp_152_cast

ST_6: conv1_output_p_V_11_s (122)  [1/1] 0.00ns  loc: acceleartor_hls_final_solution/components.cpp:348
_ifconv:12  %conv1_output_p_V_11_s = getelementptr [2312 x i8]* @conv1_output_p_V_11, i32 0, i32 %tmp_152_cast

ST_6: conv1_output_p_V_0_a (123)  [1/1] 0.00ns  loc: acceleartor_hls_final_solution/components.cpp:348
_ifconv:13  %conv1_output_p_V_0_a = getelementptr [2312 x i8]* @conv1_output_p_V_0, i32 0, i32 %tmp_152_cast

ST_6: conv1_output_p_V_6_a (124)  [1/1] 0.00ns  loc: acceleartor_hls_final_solution/components.cpp:348
_ifconv:14  %conv1_output_p_V_6_a = getelementptr [2312 x i8]* @conv1_output_p_V_6, i32 0, i32 %tmp_152_cast

ST_6: conv1_output_p_V_4_a (125)  [1/1] 0.00ns  loc: acceleartor_hls_final_solution/components.cpp:348
_ifconv:15  %conv1_output_p_V_4_a = getelementptr [2312 x i8]* @conv1_output_p_V_4, i32 0, i32 %tmp_152_cast

ST_6: conv1_output_p_V_2_a (126)  [1/1] 0.00ns  loc: acceleartor_hls_final_solution/components.cpp:348
_ifconv:16  %conv1_output_p_V_2_a = getelementptr [2312 x i8]* @conv1_output_p_V_2, i32 0, i32 %tmp_152_cast

ST_6: conv1_output_p_V_3_a (127)  [1/1] 0.00ns  loc: acceleartor_hls_final_solution/components.cpp:348
_ifconv:17  %conv1_output_p_V_3_a = getelementptr [2312 x i8]* @conv1_output_p_V_3, i32 0, i32 %tmp_152_cast

ST_6: weight_V_load (128)  [2/2] 3.25ns  loc: acceleartor_hls_final_solution/components.cpp:348
_ifconv:18  %weight_V_load = load i8* %weight_V_addr, align 1

ST_6: conv1_output_p_V_0_l (130)  [2/2] 3.25ns  loc: acceleartor_hls_final_solution/components.cpp:348
_ifconv:20  %conv1_output_p_V_0_l = load i8* %conv1_output_p_V_0_a, align 1

ST_6: conv1_output_p_V_1_l (131)  [2/2] 3.25ns  loc: acceleartor_hls_final_solution/components.cpp:348
_ifconv:21  %conv1_output_p_V_1_l = load i8* %conv1_output_p_V_1_a, align 1

ST_6: conv1_output_p_V_2_l (132)  [2/2] 3.25ns  loc: acceleartor_hls_final_solution/components.cpp:348
_ifconv:22  %conv1_output_p_V_2_l = load i8* %conv1_output_p_V_2_a, align 1

ST_6: conv1_output_p_V_3_l (133)  [2/2] 3.25ns  loc: acceleartor_hls_final_solution/components.cpp:348
_ifconv:23  %conv1_output_p_V_3_l = load i8* %conv1_output_p_V_3_a, align 1

ST_6: conv1_output_p_V_4_l (134)  [2/2] 3.25ns  loc: acceleartor_hls_final_solution/components.cpp:348
_ifconv:24  %conv1_output_p_V_4_l = load i8* %conv1_output_p_V_4_a, align 1

ST_6: conv1_output_p_V_5_l (135)  [2/2] 3.25ns  loc: acceleartor_hls_final_solution/components.cpp:348
_ifconv:25  %conv1_output_p_V_5_l = load i8* %conv1_output_p_V_5_a, align 1

ST_6: conv1_output_p_V_6_l (136)  [2/2] 3.25ns  loc: acceleartor_hls_final_solution/components.cpp:348
_ifconv:26  %conv1_output_p_V_6_l = load i8* %conv1_output_p_V_6_a, align 1

ST_6: conv1_output_p_V_7_l (137)  [2/2] 3.25ns  loc: acceleartor_hls_final_solution/components.cpp:348
_ifconv:27  %conv1_output_p_V_7_l = load i8* %conv1_output_p_V_7_a, align 1

ST_6: conv1_output_p_V_8_l (138)  [2/2] 3.25ns  loc: acceleartor_hls_final_solution/components.cpp:348
_ifconv:28  %conv1_output_p_V_8_l = load i8* %conv1_output_p_V_8_a, align 1

ST_6: conv1_output_p_V_9_l (139)  [2/2] 3.25ns  loc: acceleartor_hls_final_solution/components.cpp:348
_ifconv:29  %conv1_output_p_V_9_l = load i8* %conv1_output_p_V_9_a, align 1

ST_6: conv1_output_p_V_10_1 (140)  [2/2] 3.25ns  loc: acceleartor_hls_final_solution/components.cpp:348
_ifconv:30  %conv1_output_p_V_10_1 = load i8* %conv1_output_p_V_10_s, align 1

ST_6: conv1_output_p_V_11_1 (141)  [2/2] 3.25ns  loc: acceleartor_hls_final_solution/components.cpp:348
_ifconv:31  %conv1_output_p_V_11_1 = load i8* %conv1_output_p_V_11_s, align 1

ST_6: StgValue_135 (182)  [1/1] 0.00ns
.loopexit.loopexit:0  br label %.loopexit


 <State 7>: 6.04ns
ST_7: weight_V_load (128)  [1/2] 3.25ns  loc: acceleartor_hls_final_solution/components.cpp:348
_ifconv:18  %weight_V_load = load i8* %weight_V_addr, align 1

ST_7: conv1_output_p_V_0_l (130)  [1/2] 3.25ns  loc: acceleartor_hls_final_solution/components.cpp:348
_ifconv:20  %conv1_output_p_V_0_l = load i8* %conv1_output_p_V_0_a, align 1

ST_7: conv1_output_p_V_1_l (131)  [1/2] 3.25ns  loc: acceleartor_hls_final_solution/components.cpp:348
_ifconv:21  %conv1_output_p_V_1_l = load i8* %conv1_output_p_V_1_a, align 1

ST_7: conv1_output_p_V_2_l (132)  [1/2] 3.25ns  loc: acceleartor_hls_final_solution/components.cpp:348
_ifconv:22  %conv1_output_p_V_2_l = load i8* %conv1_output_p_V_2_a, align 1

ST_7: conv1_output_p_V_3_l (133)  [1/2] 3.25ns  loc: acceleartor_hls_final_solution/components.cpp:348
_ifconv:23  %conv1_output_p_V_3_l = load i8* %conv1_output_p_V_3_a, align 1

ST_7: conv1_output_p_V_4_l (134)  [1/2] 3.25ns  loc: acceleartor_hls_final_solution/components.cpp:348
_ifconv:24  %conv1_output_p_V_4_l = load i8* %conv1_output_p_V_4_a, align 1

ST_7: conv1_output_p_V_5_l (135)  [1/2] 3.25ns  loc: acceleartor_hls_final_solution/components.cpp:348
_ifconv:25  %conv1_output_p_V_5_l = load i8* %conv1_output_p_V_5_a, align 1

ST_7: conv1_output_p_V_6_l (136)  [1/2] 3.25ns  loc: acceleartor_hls_final_solution/components.cpp:348
_ifconv:26  %conv1_output_p_V_6_l = load i8* %conv1_output_p_V_6_a, align 1

ST_7: conv1_output_p_V_7_l (137)  [1/2] 3.25ns  loc: acceleartor_hls_final_solution/components.cpp:348
_ifconv:27  %conv1_output_p_V_7_l = load i8* %conv1_output_p_V_7_a, align 1

ST_7: conv1_output_p_V_8_l (138)  [1/2] 3.25ns  loc: acceleartor_hls_final_solution/components.cpp:348
_ifconv:28  %conv1_output_p_V_8_l = load i8* %conv1_output_p_V_8_a, align 1

ST_7: conv1_output_p_V_9_l (139)  [1/2] 3.25ns  loc: acceleartor_hls_final_solution/components.cpp:348
_ifconv:29  %conv1_output_p_V_9_l = load i8* %conv1_output_p_V_9_a, align 1

ST_7: conv1_output_p_V_10_1 (140)  [1/2] 3.25ns  loc: acceleartor_hls_final_solution/components.cpp:348
_ifconv:30  %conv1_output_p_V_10_1 = load i8* %conv1_output_p_V_10_s, align 1

ST_7: conv1_output_p_V_11_1 (141)  [1/2] 3.25ns  loc: acceleartor_hls_final_solution/components.cpp:348
_ifconv:31  %conv1_output_p_V_11_1 = load i8* %conv1_output_p_V_11_s, align 1

ST_7: tmp_38 (142)  [1/1] 2.78ns  loc: acceleartor_hls_final_solution/components.cpp:348
_ifconv:32  %tmp_38 = call i8 @_ssdm_op_Mux.ap_auto.12i8.i32(i8 %conv1_output_p_V_0_l, i8 %conv1_output_p_V_1_l, i8 %conv1_output_p_V_2_l, i8 %conv1_output_p_V_3_l, i8 %conv1_output_p_V_4_l, i8 %conv1_output_p_V_5_l, i8 %conv1_output_p_V_6_l, i8 %conv1_output_p_V_7_l, i8 %conv1_output_p_V_8_l, i8 %conv1_output_p_V_9_l, i8 %conv1_output_p_V_10_1, i8 %conv1_output_p_V_11_1, i32 %arrayNo_cast)


 <State 8>: 6.43ns
ST_8: OP1_V (129)  [1/1] 0.00ns  loc: acceleartor_hls_final_solution/components.cpp:348
_ifconv:19  %OP1_V = sext i8 %weight_V_load to i16

ST_8: OP2_V (143)  [1/1] 0.00ns  loc: acceleartor_hls_final_solution/components.cpp:348
_ifconv:33  %OP2_V = sext i8 %tmp_38 to i16

ST_8: p_Val2_3 (144)  [1/1] 6.43ns  loc: acceleartor_hls_final_solution/components.cpp:348
_ifconv:34  %p_Val2_3 = mul i16 %OP1_V, %OP2_V

ST_8: tmp_144 (150)  [1/1] 0.00ns  loc: acceleartor_hls_final_solution/components.cpp:348
_ifconv:40  %tmp_144 = call i1 @_ssdm_op_BitSelect.i1.i16.i32(i16 %p_Val2_3, i32 5)


 <State 9>: 6.78ns
ST_9: tmp_44 (145)  [1/1] 0.00ns  loc: acceleartor_hls_final_solution/components.cpp:348
_ifconv:35  %tmp_44 = call i14 @_ssdm_op_BitConcatenate.i14.i8.i6(i8 %p_Val2_35, i6 0)

ST_9: tmp_62_cast (146)  [1/1] 0.00ns  loc: acceleartor_hls_final_solution/components.cpp:348
_ifconv:36  %tmp_62_cast = sext i14 %tmp_44 to i16

ST_9: p_Val2_36 (147)  [1/1] 2.39ns  loc: acceleartor_hls_final_solution/components.cpp:348
_ifconv:37  %p_Val2_36 = add i16 %tmp_62_cast, %p_Val2_3

ST_9: signbit (148)  [1/1] 0.00ns  loc: acceleartor_hls_final_solution/components.cpp:348
_ifconv:38  %signbit = call i1 @_ssdm_op_BitSelect.i1.i16.i32(i16 %p_Val2_36, i32 15)

ST_9: p_Val2_37 (149)  [1/1] 0.00ns  loc: acceleartor_hls_final_solution/components.cpp:348
_ifconv:39  %p_Val2_37 = call i8 @_ssdm_op_PartSelect.i8.i16.i32.i32(i16 %p_Val2_36, i32 6, i32 13)

ST_9: tmp_46 (151)  [1/1] 0.00ns  loc: acceleartor_hls_final_solution/components.cpp:348
_ifconv:41  %tmp_46 = zext i1 %tmp_144 to i8

ST_9: tmp_145 (152)  [1/1] 0.00ns  loc: acceleartor_hls_final_solution/components.cpp:348 (grouped into LUT with out node carry)
_ifconv:42  %tmp_145 = call i1 @_ssdm_op_BitSelect.i1.i16.i32(i16 %p_Val2_36, i32 13)

ST_9: p_Val2_38 (153)  [1/1] 2.32ns  loc: acceleartor_hls_final_solution/components.cpp:348
_ifconv:43  %p_Val2_38 = add i8 %p_Val2_37, %tmp_46

ST_9: newsignbit (154)  [1/1] 0.00ns  loc: acceleartor_hls_final_solution/components.cpp:348
_ifconv:44  %newsignbit = call i1 @_ssdm_op_BitSelect.i1.i8.i32(i8 %p_Val2_38, i32 7)

ST_9: tmp_47 (155)  [1/1] 0.00ns  loc: acceleartor_hls_final_solution/components.cpp:348 (grouped into LUT with out node carry)
_ifconv:45  %tmp_47 = xor i1 %newsignbit, true

ST_9: carry (156)  [1/1] 2.07ns  loc: acceleartor_hls_final_solution/components.cpp:348 (out node of the LUT)
_ifconv:46  %carry = and i1 %tmp_145, %tmp_47

ST_9: tmp_49 (158)  [1/1] 0.00ns  loc: acceleartor_hls_final_solution/components.cpp:348
_ifconv:48  %tmp_49 = call i2 @_ssdm_op_PartSelect.i2.i16.i32.i32(i16 %p_Val2_36, i32 14, i32 15)


 <State 10>: 8.28ns
ST_10: tmp_147 (157)  [1/1] 0.00ns  loc: acceleartor_hls_final_solution/components.cpp:348 (grouped into LUT with out node brmerge40_demorgan_i)
_ifconv:47  %tmp_147 = call i1 @_ssdm_op_BitSelect.i1.i16.i32(i16 %p_Val2_36, i32 14)

ST_10: Range1_all_ones (159)  [1/1] 2.07ns  loc: acceleartor_hls_final_solution/components.cpp:348
_ifconv:49  %Range1_all_ones = icmp eq i2 %tmp_49, -1

ST_10: Range1_all_zeros (160)  [1/1] 2.07ns  loc: acceleartor_hls_final_solution/components.cpp:348
_ifconv:50  %Range1_all_zeros = icmp eq i2 %tmp_49, 0

ST_10: deleted_zeros (161)  [1/1] 0.00ns  loc: acceleartor_hls_final_solution/components.cpp:348 (grouped into LUT with out node brmerge_i_i_i)
_ifconv:51  %deleted_zeros = select i1 %carry, i1 %Range1_all_ones, i1 %Range1_all_zeros

ST_10: tmp_48 (162)  [1/1] 0.00ns  loc: acceleartor_hls_final_solution/components.cpp:348 (grouped into LUT with out node brmerge40_demorgan_i)
_ifconv:52  %tmp_48 = xor i1 %tmp_147, true

ST_10: p_41_i_i (163)  [1/1] 0.00ns  loc: acceleartor_hls_final_solution/components.cpp:348 (grouped into LUT with out node brmerge40_demorgan_i)
_ifconv:53  %p_41_i_i = and i1 %signbit, %tmp_48

ST_10: deleted_ones (164)  [1/1] 0.00ns  loc: acceleartor_hls_final_solution/components.cpp:348 (grouped into LUT with out node brmerge40_demorgan_i)
_ifconv:54  %deleted_ones = select i1 %carry, i1 %p_41_i_i, i1 %Range1_all_ones

ST_10: p_38_i_i (165)  [1/1] 2.07ns  loc: acceleartor_hls_final_solution/components.cpp:348
_ifconv:55  %p_38_i_i = and i1 %carry, %Range1_all_ones

ST_10: p_not_i_i (166)  [1/1] 0.00ns  loc: acceleartor_hls_final_solution/components.cpp:348 (grouped into LUT with out node brmerge_i_i_i)
_ifconv:56  %p_not_i_i = xor i1 %deleted_zeros, true

ST_10: brmerge_i_i4 (167)  [1/1] 0.00ns  loc: acceleartor_hls_final_solution/components.cpp:348 (grouped into LUT with out node brmerge_i_i_i)
_ifconv:57  %brmerge_i_i4 = or i1 %newsignbit, %p_not_i_i

ST_10: tmp_50 (168)  [1/1] 2.07ns  loc: acceleartor_hls_final_solution/components.cpp:348
_ifconv:58  %tmp_50 = xor i1 %signbit, true

ST_10: overflow (169)  [1/1] 0.00ns  loc: acceleartor_hls_final_solution/components.cpp:348 (grouped into LUT with out node brmerge_i_i_i)
_ifconv:59  %overflow = and i1 %brmerge_i_i4, %tmp_50

ST_10: brmerge40_demorgan_i (170)  [1/1] 2.07ns  loc: acceleartor_hls_final_solution/components.cpp:348 (out node of the LUT)
_ifconv:60  %brmerge40_demorgan_i = and i1 %newsignbit, %deleted_ones

ST_10: tmp4_demorgan (171)  [1/1] 0.00ns  loc: acceleartor_hls_final_solution/components.cpp:348 (grouped into LUT with out node underflow)
_ifconv:61  %tmp4_demorgan = or i1 %p_38_i_i, %brmerge40_demorgan_i

ST_10: tmp4 (172)  [1/1] 0.00ns  loc: acceleartor_hls_final_solution/components.cpp:348 (grouped into LUT with out node underflow)
_ifconv:62  %tmp4 = xor i1 %tmp4_demorgan, true

ST_10: underflow (173)  [1/1] 2.07ns  loc: acceleartor_hls_final_solution/components.cpp:348 (out node of the LUT)
_ifconv:63  %underflow = and i1 %signbit, %tmp4

ST_10: brmerge_i_i_i (174)  [1/1] 2.07ns  loc: acceleartor_hls_final_solution/components.cpp:348 (out node of the LUT)
_ifconv:64  %brmerge_i_i_i = or i1 %underflow, %overflow


 <State 11>: 4.14ns
ST_11: tmp5 (175)  [1/1] 0.00ns  loc: acceleartor_hls_final_solution/components.cpp:348 (grouped into LUT with out node sum_V)
_ifconv:65  %tmp5 = or i1 %brmerge40_demorgan_i, %tmp_50

ST_11: underflow_not (176)  [1/1] 0.00ns  loc: acceleartor_hls_final_solution/components.cpp:348 (grouped into LUT with out node sum_V)
_ifconv:66  %underflow_not = or i1 %tmp5, %p_38_i_i

ST_11: p_Val2_32_mux (177)  [1/1] 2.07ns  loc: acceleartor_hls_final_solution/components.cpp:348 (out node of the LUT)
_ifconv:67  %p_Val2_32_mux = select i1 %brmerge_i_i_i, i8 127, i8 %p_Val2_38

ST_11: p_Val2_s_64 (178)  [1/1] 0.00ns  loc: acceleartor_hls_final_solution/components.cpp:348 (grouped into LUT with out node sum_V)
_ifconv:68  %p_Val2_s_64 = select i1 %underflow, i8 -128, i8 %p_Val2_38

ST_11: sum_V (179)  [1/1] 2.07ns  loc: acceleartor_hls_final_solution/components.cpp:348 (out node of the LUT)
_ifconv:69  %sum_V = select i1 %underflow_not, i8 %p_Val2_32_mux, i8 %p_Val2_s_64

ST_11: StgValue_188 (180)  [1/1] 0.00ns  loc: acceleartor_hls_final_solution/components.cpp:347
_ifconv:70  br label %.preheader


 <State 12>: 4.64ns
ST_12: tmp_39 (184)  [1/1] 0.00ns  loc: acceleartor_hls_final_solution/components.cpp:351
_ifconv1:0  %tmp_39 = sext i8 %p_Val2_s to i9

ST_12: p_Val2_32 (185)  [1/2] 2.32ns  loc: acceleartor_hls_final_solution/components.cpp:351
_ifconv1:1  %p_Val2_32 = load i8* %bias_V_addr, align 1

ST_12: tmp_40 (186)  [1/1] 0.00ns  loc: acceleartor_hls_final_solution/components.cpp:351
_ifconv1:2  %tmp_40 = sext i8 %p_Val2_32 to i9

ST_12: p_Val2_33 (187)  [1/1] 2.32ns  loc: acceleartor_hls_final_solution/components.cpp:351
_ifconv1:3  %p_Val2_33 = add i9 %tmp_40, %tmp_39

ST_12: isneg (188)  [1/1] 0.00ns  loc: acceleartor_hls_final_solution/components.cpp:351
_ifconv1:4  %isneg = call i1 @_ssdm_op_BitSelect.i1.i9.i32(i9 %p_Val2_33, i32 8)

ST_12: result_V (189)  [1/1] 2.32ns  loc: acceleartor_hls_final_solution/components.cpp:351
_ifconv1:5  %result_V = add i8 %p_Val2_32, %p_Val2_s

ST_12: newsignbit_6 (190)  [1/1] 0.00ns  loc: acceleartor_hls_final_solution/components.cpp:351
_ifconv1:6  %newsignbit_6 = call i1 @_ssdm_op_BitSelect.i1.i8.i32(i8 %result_V, i32 7)


 <State 13>: 7.39ns
ST_13: tmp_41 (191)  [1/1] 0.00ns  loc: acceleartor_hls_final_solution/components.cpp:351 (grouped into LUT with out node p_result_V)
_ifconv1:7  %tmp_41 = xor i1 %newsignbit_6, true

ST_13: underflow_6 (192)  [1/1] 0.00ns  loc: acceleartor_hls_final_solution/components.cpp:351 (grouped into LUT with out node p_result_V)
_ifconv1:8  %underflow_6 = and i1 %isneg, %tmp_41

ST_13: brmerge_i_i (193)  [1/1] 0.00ns  loc: acceleartor_hls_final_solution/components.cpp:351 (grouped into LUT with out node result_1)
_ifconv1:9  %brmerge_i_i = xor i1 %isneg, %newsignbit_6

ST_13: isneg_not (194)  [1/1] 0.00ns  loc: acceleartor_hls_final_solution/components.cpp:351 (grouped into LUT with out node result_1)
_ifconv1:10  %isneg_not = xor i1 %isneg, true

ST_13: brmerge9 (195)  [1/1] 0.00ns  loc: acceleartor_hls_final_solution/components.cpp:351 (grouped into LUT with out node result_1)
_ifconv1:11  %brmerge9 = or i1 %newsignbit_6, %isneg_not

ST_13: result_V_mux (196)  [1/1] 0.00ns  loc: acceleartor_hls_final_solution/components.cpp:351 (grouped into LUT with out node result_1)
_ifconv1:12  %result_V_mux = select i1 %brmerge_i_i, i8 127, i8 %result_V

ST_13: p_result_V (197)  [1/1] 2.07ns  loc: acceleartor_hls_final_solution/components.cpp:351 (out node of the LUT)
_ifconv1:13  %p_result_V = select i1 %underflow_6, i8 -128, i8 %result_V

ST_13: result_1 (198)  [1/1] 2.07ns  loc: acceleartor_hls_final_solution/components.cpp:351 (out node of the LUT)
_ifconv1:14  %result_1 = select i1 %brmerge9, i8 %result_V_mux, i8 %p_result_V

ST_13: StgValue_204 (199)  [1/1] 3.25ns  loc: acceleartor_hls_final_solution/components.cpp:352
_ifconv1:15  store i8 %result_1, i8* %output_V_addr, align 1

ST_13: StgValue_205 (201)  [1/1] 0.00ns  loc: acceleartor_hls_final_solution/components.cpp:344
_ifconv1:17  br label %.preheader46



============================================================
+ Verbose Summary: Timing violations
============================================================
Target clock period: 10ns, clock uncertainty: 1.25ns.

 <State 1>: 1.59ns
The critical path consists of the following:
	multiplexor before 'phi' operation ('co') with incoming values : ('co', acceleartor_hls_final_solution/components.cpp:342) [18]  (1.59 ns)

 <State 2>: 5.38ns
The critical path consists of the following:
	'phi' operation ('co') with incoming values : ('co', acceleartor_hls_final_solution/components.cpp:342) [18]  (0 ns)
	'icmp' operation ('tmp_124', acceleartor_hls_final_solution/components.cpp:342) [37]  (3.31 ns)
	'select' operation ('arrayNo', acceleartor_hls_final_solution/components.cpp:342) [39]  (2.07 ns)

 <State 3>: 4.67ns
The critical path consists of the following:
	'phi' operation ('h') with incoming values : ('h', acceleartor_hls_final_solution/components.cpp:343) [50]  (0 ns)
	'add' operation ('tmp_130', acceleartor_hls_final_solution/components.cpp:352) [52]  (2.32 ns)
	'add' operation ('tmp_132', acceleartor_hls_final_solution/components.cpp:352) [56]  (2.34 ns)

 <State 4>: 3.31ns
The critical path consists of the following:
	'phi' operation ('w') with incoming values : ('w', acceleartor_hls_final_solution/components.cpp:344) [64]  (0 ns)
	'icmp' operation ('exitcond6', acceleartor_hls_final_solution/components.cpp:344) [69]  (3.31 ns)

 <State 5>: 6.97ns
The critical path consists of the following:
	'phi' operation ('m') with incoming values : ('m', acceleartor_hls_final_solution/components.cpp:346) [77]  (0 ns)
	'xor' operation ('tmp2', acceleartor_hls_final_solution/components.cpp:348) [87]  (0 ns)
	'add' operation ('tmp_42', acceleartor_hls_final_solution/components.cpp:348) [89]  (2.31 ns)
	'add' operation ('tmp_137', acceleartor_hls_final_solution/components.cpp:348) [91]  (2.32 ns)
	'add' operation ('tmp_138', acceleartor_hls_final_solution/components.cpp:348) [96]  (2.34 ns)

 <State 6>: 7.9ns
The critical path consists of the following:
	'phi' operation ('n') with incoming values : ('n', acceleartor_hls_final_solution/components.cpp:347) [100]  (0 ns)
	'xor' operation ('tmp3', acceleartor_hls_final_solution/components.cpp:348) [110]  (0 ns)
	'add' operation ('tmp_43', acceleartor_hls_final_solution/components.cpp:348) [112]  (2.31 ns)
	'add' operation ('tmp_142', acceleartor_hls_final_solution/components.cpp:348) [114]  (2.34 ns)
	'getelementptr' operation ('conv1_output_p_V_1_a', acceleartor_hls_final_solution/components.cpp:348) [116]  (0 ns)
	'load' operation ('conv1_output_p_V_1_l', acceleartor_hls_final_solution/components.cpp:348) on array 'conv1_output_p_V_1' [131]  (3.25 ns)

 <State 7>: 6.04ns
The critical path consists of the following:
	'load' operation ('conv1_output_p_V_0_l', acceleartor_hls_final_solution/components.cpp:348) on array 'conv1_output_p_V_0' [130]  (3.25 ns)
	'mux' operation ('tmp_38', acceleartor_hls_final_solution/components.cpp:348) [142]  (2.78 ns)

 <State 8>: 6.43ns
The critical path consists of the following:
	'mul' operation ('__Val2__', acceleartor_hls_final_solution/components.cpp:348) [144]  (6.43 ns)

 <State 9>: 6.78ns
The critical path consists of the following:
	'add' operation ('__Val2__', acceleartor_hls_final_solution/components.cpp:348) [147]  (2.39 ns)
	'add' operation ('__Val2__', acceleartor_hls_final_solution/components.cpp:348) [153]  (2.32 ns)
	'xor' operation ('tmp_47', acceleartor_hls_final_solution/components.cpp:348) [155]  (0 ns)
	'and' operation ('carry', acceleartor_hls_final_solution/components.cpp:348) [156]  (2.07 ns)

 <State 10>: 8.28ns
The critical path consists of the following:
	'icmp' operation ('Range1_all_ones', acceleartor_hls_final_solution/components.cpp:348) [159]  (2.07 ns)
	'and' operation ('p_38_i_i', acceleartor_hls_final_solution/components.cpp:348) [165]  (2.07 ns)
	'or' operation ('tmp4_demorgan', acceleartor_hls_final_solution/components.cpp:348) [171]  (0 ns)
	'xor' operation ('tmp4', acceleartor_hls_final_solution/components.cpp:348) [172]  (0 ns)
	'and' operation ('underflow', acceleartor_hls_final_solution/components.cpp:348) [173]  (2.07 ns)
	'or' operation ('brmerge_i_i_i', acceleartor_hls_final_solution/components.cpp:348) [174]  (2.07 ns)

 <State 11>: 4.14ns
The critical path consists of the following:
	'select' operation ('p_Val2_32_mux', acceleartor_hls_final_solution/components.cpp:348) [177]  (2.07 ns)
	'select' operation ('sum.V', acceleartor_hls_final_solution/components.cpp:348) [179]  (2.07 ns)

 <State 12>: 4.64ns
The critical path consists of the following:
	'load' operation ('__Val2__', acceleartor_hls_final_solution/components.cpp:351) on array 'bias_V' [185]  (2.32 ns)
	'add' operation ('__Val2__', acceleartor_hls_final_solution/components.cpp:351) [187]  (2.32 ns)

 <State 13>: 7.39ns
The critical path consists of the following:
	'xor' operation ('tmp_41', acceleartor_hls_final_solution/components.cpp:351) [191]  (0 ns)
	'and' operation ('underflow', acceleartor_hls_final_solution/components.cpp:351) [192]  (0 ns)
	'select' operation ('p_result_V', acceleartor_hls_final_solution/components.cpp:351) [197]  (2.07 ns)
	'select' operation ('result_1', acceleartor_hls_final_solution/components.cpp:351) [198]  (2.07 ns)
	'store' operation (acceleartor_hls_final_solution/components.cpp:352) of variable 'result_1', acceleartor_hls_final_solution/components.cpp:351 on array 'output_V' [199]  (3.25 ns)


============================================================
+ Verbose Summary: Binding
============================================================
N/A
* FSMD analyzer results:
  - Output states:
 - Input state : 
  - Chain level:
	State 1
	State 2
	State 3
	State 4
	State 5
	State 6
	State 7
	State 8
	State 9
	State 10
	State 11
	State 12
	State 13


============================================================
+ Verbose Summary: Datapath Resource usage 
============================================================
N/A
